[2023-08-03T18:24:24.568-0500] {processor.py:157} INFO - Started process (PID=22363) to work on /home/joha/airflow/dags/brachpythonoperator.py
[2023-08-03T18:24:24.569-0500] {processor.py:826} INFO - Processing file /home/joha/airflow/dags/brachpythonoperator.py for tasks to queue
[2023-08-03T18:24:24.569-0500] {logging_mixin.py:150} INFO - [2023-08-03T18:24:24.569-0500] {dagbag.py:541} INFO - Filling up the DagBag from /home/joha/airflow/dags/brachpythonoperator.py
[2023-08-03T18:24:24.579-0500] {processor.py:836} INFO - DAG(s) dict_keys(['10-branching']) retrieved from /home/joha/airflow/dags/brachpythonoperator.py
[2023-08-03T18:24:24.679-0500] {logging_mixin.py:150} INFO - [2023-08-03T18:24:24.678-0500] {manager.py:504} INFO - Created Permission View: can read on DAG:10-branching
[2023-08-03T18:24:24.689-0500] {logging_mixin.py:150} INFO - [2023-08-03T18:24:24.689-0500] {manager.py:504} INFO - Created Permission View: can edit on DAG:10-branching
[2023-08-03T18:24:24.697-0500] {logging_mixin.py:150} INFO - [2023-08-03T18:24:24.697-0500] {manager.py:504} INFO - Created Permission View: can delete on DAG:10-branching
[2023-08-03T18:24:24.707-0500] {logging_mixin.py:150} INFO - [2023-08-03T18:24:24.707-0500] {dag.py:2742} INFO - Sync 1 DAGs
[2023-08-03T18:24:24.716-0500] {logging_mixin.py:150} INFO - [2023-08-03T18:24:24.715-0500] {dag.py:2763} INFO - Creating ORM DAG for 10-branching
[2023-08-03T18:24:24.725-0500] {logging_mixin.py:150} INFO - [2023-08-03T18:24:24.724-0500] {dag.py:3504} INFO - Setting next_dagrun for 10-branching to 2022-08-20T00:00:00+00:00, run_after=2022-08-21T00:00:00+00:00
[2023-08-03T18:24:24.744-0500] {processor.py:179} INFO - Processing /home/joha/airflow/dags/brachpythonoperator.py took 0.179 seconds
[2023-08-03T18:24:56.853-0500] {processor.py:157} INFO - Started process (PID=22396) to work on /home/joha/airflow/dags/brachpythonoperator.py
[2023-08-03T18:24:56.867-0500] {processor.py:826} INFO - Processing file /home/joha/airflow/dags/brachpythonoperator.py for tasks to queue
[2023-08-03T18:24:56.868-0500] {logging_mixin.py:150} INFO - [2023-08-03T18:24:56.868-0500] {dagbag.py:541} INFO - Filling up the DagBag from /home/joha/airflow/dags/brachpythonoperator.py
[2023-08-03T18:24:56.877-0500] {processor.py:836} INFO - DAG(s) dict_keys(['10-branching']) retrieved from /home/joha/airflow/dags/brachpythonoperator.py
[2023-08-03T18:24:56.893-0500] {logging_mixin.py:150} INFO - [2023-08-03T18:24:56.893-0500] {dag.py:2742} INFO - Sync 1 DAGs
[2023-08-03T18:24:56.913-0500] {logging_mixin.py:150} INFO - [2023-08-03T18:24:56.912-0500] {dag.py:3504} INFO - Setting next_dagrun for 10-branching to 2022-08-20T00:00:00+00:00, run_after=2022-08-21T00:00:00+00:00
[2023-08-03T18:24:56.933-0500] {processor.py:179} INFO - Processing /home/joha/airflow/dags/brachpythonoperator.py took 0.084 seconds
[2023-08-03T18:25:30.651-0500] {processor.py:157} INFO - Started process (PID=22443) to work on /home/joha/airflow/dags/brachpythonoperator.py
[2023-08-03T18:25:30.660-0500] {processor.py:826} INFO - Processing file /home/joha/airflow/dags/brachpythonoperator.py for tasks to queue
[2023-08-03T18:25:30.662-0500] {logging_mixin.py:150} INFO - [2023-08-03T18:25:30.661-0500] {dagbag.py:541} INFO - Filling up the DagBag from /home/joha/airflow/dags/brachpythonoperator.py
[2023-08-03T18:25:30.690-0500] {processor.py:836} INFO - DAG(s) dict_keys(['10-branching']) retrieved from /home/joha/airflow/dags/brachpythonoperator.py
[2023-08-03T18:25:30.712-0500] {logging_mixin.py:150} INFO - [2023-08-03T18:25:30.711-0500] {dag.py:2742} INFO - Sync 1 DAGs
[2023-08-03T18:25:30.730-0500] {logging_mixin.py:150} INFO - [2023-08-03T18:25:30.730-0500] {dag.py:3504} INFO - Setting next_dagrun for 10-branching to 2022-08-20T00:00:00+00:00, run_after=2022-08-21T00:00:00+00:00
[2023-08-03T18:25:30.751-0500] {processor.py:179} INFO - Processing /home/joha/airflow/dags/brachpythonoperator.py took 0.102 seconds
[2023-08-03T18:26:03.591-0500] {processor.py:157} INFO - Started process (PID=22487) to work on /home/joha/airflow/dags/brachpythonoperator.py
[2023-08-03T18:26:03.600-0500] {processor.py:826} INFO - Processing file /home/joha/airflow/dags/brachpythonoperator.py for tasks to queue
[2023-08-03T18:26:03.602-0500] {logging_mixin.py:150} INFO - [2023-08-03T18:26:03.601-0500] {dagbag.py:541} INFO - Filling up the DagBag from /home/joha/airflow/dags/brachpythonoperator.py
[2023-08-03T18:26:03.620-0500] {processor.py:836} INFO - DAG(s) dict_keys(['10-branching']) retrieved from /home/joha/airflow/dags/brachpythonoperator.py
[2023-08-03T18:26:03.641-0500] {logging_mixin.py:150} INFO - [2023-08-03T18:26:03.641-0500] {dag.py:2742} INFO - Sync 1 DAGs
[2023-08-03T18:26:03.659-0500] {logging_mixin.py:150} INFO - [2023-08-03T18:26:03.659-0500] {dag.py:3504} INFO - Setting next_dagrun for 10-branching to 2022-08-20T00:00:00+00:00, run_after=2022-08-21T00:00:00+00:00
[2023-08-03T18:26:03.678-0500] {processor.py:179} INFO - Processing /home/joha/airflow/dags/brachpythonoperator.py took 0.094 seconds
[2023-08-03T18:26:37.757-0500] {processor.py:157} INFO - Started process (PID=22528) to work on /home/joha/airflow/dags/brachpythonoperator.py
[2023-08-03T18:26:37.758-0500] {processor.py:826} INFO - Processing file /home/joha/airflow/dags/brachpythonoperator.py for tasks to queue
[2023-08-03T18:26:37.758-0500] {logging_mixin.py:150} INFO - [2023-08-03T18:26:37.758-0500] {dagbag.py:541} INFO - Filling up the DagBag from /home/joha/airflow/dags/brachpythonoperator.py
[2023-08-03T18:26:37.767-0500] {processor.py:836} INFO - DAG(s) dict_keys(['10-branching']) retrieved from /home/joha/airflow/dags/brachpythonoperator.py
[2023-08-03T18:26:37.783-0500] {logging_mixin.py:150} INFO - [2023-08-03T18:26:37.783-0500] {dag.py:2742} INFO - Sync 1 DAGs
[2023-08-03T18:26:37.803-0500] {logging_mixin.py:150} INFO - [2023-08-03T18:26:37.803-0500] {dag.py:3504} INFO - Setting next_dagrun for 10-branching to 2022-08-20T00:00:00+00:00, run_after=2022-08-21T00:00:00+00:00
[2023-08-03T18:26:37.821-0500] {processor.py:179} INFO - Processing /home/joha/airflow/dags/brachpythonoperator.py took 0.067 seconds
[2023-08-03T18:27:11.496-0500] {processor.py:157} INFO - Started process (PID=22562) to work on /home/joha/airflow/dags/brachpythonoperator.py
[2023-08-03T18:27:11.503-0500] {processor.py:826} INFO - Processing file /home/joha/airflow/dags/brachpythonoperator.py for tasks to queue
[2023-08-03T18:27:11.504-0500] {logging_mixin.py:150} INFO - [2023-08-03T18:27:11.504-0500] {dagbag.py:541} INFO - Filling up the DagBag from /home/joha/airflow/dags/brachpythonoperator.py
[2023-08-03T18:27:11.516-0500] {processor.py:836} INFO - DAG(s) dict_keys(['10-branching']) retrieved from /home/joha/airflow/dags/brachpythonoperator.py
[2023-08-03T18:27:11.540-0500] {logging_mixin.py:150} INFO - [2023-08-03T18:27:11.539-0500] {dag.py:2742} INFO - Sync 1 DAGs
[2023-08-03T18:27:11.565-0500] {logging_mixin.py:150} INFO - [2023-08-03T18:27:11.565-0500] {dag.py:3504} INFO - Setting next_dagrun for 10-branching to 2022-08-20T00:00:00+00:00, run_after=2022-08-21T00:00:00+00:00
[2023-08-03T18:27:11.586-0500] {processor.py:179} INFO - Processing /home/joha/airflow/dags/brachpythonoperator.py took 0.093 seconds
[2023-08-03T18:27:44.900-0500] {processor.py:157} INFO - Started process (PID=22604) to work on /home/joha/airflow/dags/brachpythonoperator.py
[2023-08-03T18:27:44.907-0500] {processor.py:826} INFO - Processing file /home/joha/airflow/dags/brachpythonoperator.py for tasks to queue
[2023-08-03T18:27:44.908-0500] {logging_mixin.py:150} INFO - [2023-08-03T18:27:44.908-0500] {dagbag.py:541} INFO - Filling up the DagBag from /home/joha/airflow/dags/brachpythonoperator.py
[2023-08-03T18:27:44.917-0500] {processor.py:836} INFO - DAG(s) dict_keys(['10-branching']) retrieved from /home/joha/airflow/dags/brachpythonoperator.py
[2023-08-03T18:27:44.935-0500] {logging_mixin.py:150} INFO - [2023-08-03T18:27:44.935-0500] {dag.py:2742} INFO - Sync 1 DAGs
[2023-08-03T18:27:44.954-0500] {logging_mixin.py:150} INFO - [2023-08-03T18:27:44.954-0500] {dag.py:3504} INFO - Setting next_dagrun for 10-branching to 2022-08-20T00:00:00+00:00, run_after=2022-08-21T00:00:00+00:00
[2023-08-03T18:27:44.973-0500] {processor.py:179} INFO - Processing /home/joha/airflow/dags/brachpythonoperator.py took 0.076 seconds
[2023-08-03T18:28:15.883-0500] {processor.py:157} INFO - Started process (PID=22641) to work on /home/joha/airflow/dags/brachpythonoperator.py
[2023-08-03T18:28:15.891-0500] {processor.py:826} INFO - Processing file /home/joha/airflow/dags/brachpythonoperator.py for tasks to queue
[2023-08-03T18:28:15.892-0500] {logging_mixin.py:150} INFO - [2023-08-03T18:28:15.892-0500] {dagbag.py:541} INFO - Filling up the DagBag from /home/joha/airflow/dags/brachpythonoperator.py
[2023-08-03T18:28:15.903-0500] {processor.py:836} INFO - DAG(s) dict_keys(['10-branching']) retrieved from /home/joha/airflow/dags/brachpythonoperator.py
[2023-08-03T18:28:15.923-0500] {logging_mixin.py:150} INFO - [2023-08-03T18:28:15.923-0500] {dag.py:2742} INFO - Sync 1 DAGs
[2023-08-03T18:28:15.943-0500] {logging_mixin.py:150} INFO - [2023-08-03T18:28:15.943-0500] {dag.py:3504} INFO - Setting next_dagrun for 10-branching to 2022-08-20T00:00:00+00:00, run_after=2022-08-21T00:00:00+00:00
[2023-08-03T18:28:15.964-0500] {processor.py:179} INFO - Processing /home/joha/airflow/dags/brachpythonoperator.py took 0.084 seconds
[2023-08-03T18:28:48.047-0500] {processor.py:157} INFO - Started process (PID=22702) to work on /home/joha/airflow/dags/brachpythonoperator.py
[2023-08-03T18:28:48.056-0500] {processor.py:826} INFO - Processing file /home/joha/airflow/dags/brachpythonoperator.py for tasks to queue
[2023-08-03T18:28:48.059-0500] {logging_mixin.py:150} INFO - [2023-08-03T18:28:48.057-0500] {dagbag.py:541} INFO - Filling up the DagBag from /home/joha/airflow/dags/brachpythonoperator.py
[2023-08-03T18:28:48.085-0500] {processor.py:836} INFO - DAG(s) dict_keys(['10-branching']) retrieved from /home/joha/airflow/dags/brachpythonoperator.py
[2023-08-03T18:28:48.105-0500] {logging_mixin.py:150} INFO - [2023-08-03T18:28:48.105-0500] {dag.py:2742} INFO - Sync 1 DAGs
[2023-08-03T18:28:48.124-0500] {logging_mixin.py:150} INFO - [2023-08-03T18:28:48.124-0500] {dag.py:3504} INFO - Setting next_dagrun for 10-branching to 2022-08-20T00:00:00+00:00, run_after=2022-08-21T00:00:00+00:00
[2023-08-03T18:28:48.143-0500] {processor.py:179} INFO - Processing /home/joha/airflow/dags/brachpythonoperator.py took 0.099 seconds
[2023-08-03T18:29:24.486-0500] {processor.py:157} INFO - Started process (PID=22740) to work on /home/joha/airflow/dags/brachpythonoperator.py
[2023-08-03T18:29:24.494-0500] {processor.py:826} INFO - Processing file /home/joha/airflow/dags/brachpythonoperator.py for tasks to queue
[2023-08-03T18:29:24.495-0500] {logging_mixin.py:150} INFO - [2023-08-03T18:29:24.494-0500] {dagbag.py:541} INFO - Filling up the DagBag from /home/joha/airflow/dags/brachpythonoperator.py
[2023-08-03T18:29:24.504-0500] {processor.py:836} INFO - DAG(s) dict_keys(['10-branching']) retrieved from /home/joha/airflow/dags/brachpythonoperator.py
[2023-08-03T18:29:24.520-0500] {logging_mixin.py:150} INFO - [2023-08-03T18:29:24.520-0500] {dag.py:2742} INFO - Sync 1 DAGs
[2023-08-03T18:29:24.539-0500] {logging_mixin.py:150} INFO - [2023-08-03T18:29:24.538-0500] {dag.py:3504} INFO - Setting next_dagrun for 10-branching to 2022-08-20T00:00:00+00:00, run_after=2022-08-21T00:00:00+00:00
[2023-08-03T18:29:24.558-0500] {processor.py:179} INFO - Processing /home/joha/airflow/dags/brachpythonoperator.py took 0.075 seconds
[2023-08-03T18:30:02.707-0500] {processor.py:157} INFO - Started process (PID=22788) to work on /home/joha/airflow/dags/brachpythonoperator.py
[2023-08-03T18:30:02.714-0500] {processor.py:826} INFO - Processing file /home/joha/airflow/dags/brachpythonoperator.py for tasks to queue
[2023-08-03T18:30:02.716-0500] {logging_mixin.py:150} INFO - [2023-08-03T18:30:02.715-0500] {dagbag.py:541} INFO - Filling up the DagBag from /home/joha/airflow/dags/brachpythonoperator.py
[2023-08-03T18:30:02.726-0500] {processor.py:836} INFO - DAG(s) dict_keys(['10-branching']) retrieved from /home/joha/airflow/dags/brachpythonoperator.py
[2023-08-03T18:30:02.745-0500] {logging_mixin.py:150} INFO - [2023-08-03T18:30:02.745-0500] {dag.py:2742} INFO - Sync 1 DAGs
[2023-08-03T18:30:02.766-0500] {logging_mixin.py:150} INFO - [2023-08-03T18:30:02.765-0500] {dag.py:3504} INFO - Setting next_dagrun for 10-branching to 2022-08-20T00:00:00+00:00, run_after=2022-08-21T00:00:00+00:00
[2023-08-03T18:30:02.784-0500] {processor.py:179} INFO - Processing /home/joha/airflow/dags/brachpythonoperator.py took 0.081 seconds
[2023-08-03T18:30:37.084-0500] {processor.py:157} INFO - Started process (PID=22823) to work on /home/joha/airflow/dags/brachpythonoperator.py
[2023-08-03T18:30:37.092-0500] {processor.py:826} INFO - Processing file /home/joha/airflow/dags/brachpythonoperator.py for tasks to queue
[2023-08-03T18:30:37.095-0500] {logging_mixin.py:150} INFO - [2023-08-03T18:30:37.094-0500] {dagbag.py:541} INFO - Filling up the DagBag from /home/joha/airflow/dags/brachpythonoperator.py
[2023-08-03T18:30:37.120-0500] {processor.py:836} INFO - DAG(s) dict_keys(['10-branching']) retrieved from /home/joha/airflow/dags/brachpythonoperator.py
[2023-08-03T18:30:37.139-0500] {logging_mixin.py:150} INFO - [2023-08-03T18:30:37.139-0500] {dag.py:2742} INFO - Sync 1 DAGs
[2023-08-03T18:30:37.158-0500] {logging_mixin.py:150} INFO - [2023-08-03T18:30:37.158-0500] {dag.py:3504} INFO - Setting next_dagrun for 10-branching to 2022-08-20T00:00:00+00:00, run_after=2022-08-21T00:00:00+00:00
[2023-08-03T18:30:37.177-0500] {processor.py:179} INFO - Processing /home/joha/airflow/dags/brachpythonoperator.py took 0.095 seconds
[2023-08-03T18:31:09.677-0500] {processor.py:157} INFO - Started process (PID=22862) to work on /home/joha/airflow/dags/brachpythonoperator.py
[2023-08-03T18:31:09.680-0500] {processor.py:826} INFO - Processing file /home/joha/airflow/dags/brachpythonoperator.py for tasks to queue
[2023-08-03T18:31:09.681-0500] {logging_mixin.py:150} INFO - [2023-08-03T18:31:09.681-0500] {dagbag.py:541} INFO - Filling up the DagBag from /home/joha/airflow/dags/brachpythonoperator.py
[2023-08-03T18:31:09.698-0500] {processor.py:836} INFO - DAG(s) dict_keys(['10-branching']) retrieved from /home/joha/airflow/dags/brachpythonoperator.py
[2023-08-03T18:31:09.715-0500] {logging_mixin.py:150} INFO - [2023-08-03T18:31:09.715-0500] {dag.py:2742} INFO - Sync 1 DAGs
[2023-08-03T18:31:09.734-0500] {logging_mixin.py:150} INFO - [2023-08-03T18:31:09.733-0500] {dag.py:3504} INFO - Setting next_dagrun for 10-branching to 2022-08-20T00:00:00+00:00, run_after=2022-08-21T00:00:00+00:00
[2023-08-03T18:31:09.752-0500] {processor.py:179} INFO - Processing /home/joha/airflow/dags/brachpythonoperator.py took 0.081 seconds
[2023-08-03T18:31:43.404-0500] {processor.py:157} INFO - Started process (PID=22896) to work on /home/joha/airflow/dags/brachpythonoperator.py
[2023-08-03T18:31:43.411-0500] {processor.py:826} INFO - Processing file /home/joha/airflow/dags/brachpythonoperator.py for tasks to queue
[2023-08-03T18:31:43.412-0500] {logging_mixin.py:150} INFO - [2023-08-03T18:31:43.412-0500] {dagbag.py:541} INFO - Filling up the DagBag from /home/joha/airflow/dags/brachpythonoperator.py
[2023-08-03T18:31:43.425-0500] {processor.py:836} INFO - DAG(s) dict_keys(['10-branching']) retrieved from /home/joha/airflow/dags/brachpythonoperator.py
[2023-08-03T18:31:43.447-0500] {logging_mixin.py:150} INFO - [2023-08-03T18:31:43.447-0500] {dag.py:2742} INFO - Sync 1 DAGs
[2023-08-03T18:31:43.467-0500] {logging_mixin.py:150} INFO - [2023-08-03T18:31:43.466-0500] {dag.py:3504} INFO - Setting next_dagrun for 10-branching to 2022-08-20T00:00:00+00:00, run_after=2022-08-21T00:00:00+00:00
[2023-08-03T18:31:43.485-0500] {processor.py:179} INFO - Processing /home/joha/airflow/dags/brachpythonoperator.py took 0.084 seconds
[2023-08-03T18:32:18.013-0500] {processor.py:157} INFO - Started process (PID=22939) to work on /home/joha/airflow/dags/brachpythonoperator.py
[2023-08-03T18:32:18.021-0500] {processor.py:826} INFO - Processing file /home/joha/airflow/dags/brachpythonoperator.py for tasks to queue
[2023-08-03T18:32:18.022-0500] {logging_mixin.py:150} INFO - [2023-08-03T18:32:18.021-0500] {dagbag.py:541} INFO - Filling up the DagBag from /home/joha/airflow/dags/brachpythonoperator.py
[2023-08-03T18:32:18.033-0500] {processor.py:836} INFO - DAG(s) dict_keys(['10-branching']) retrieved from /home/joha/airflow/dags/brachpythonoperator.py
[2023-08-03T18:32:18.053-0500] {logging_mixin.py:150} INFO - [2023-08-03T18:32:18.053-0500] {dag.py:2742} INFO - Sync 1 DAGs
[2023-08-03T18:32:18.072-0500] {logging_mixin.py:150} INFO - [2023-08-03T18:32:18.072-0500] {dag.py:3504} INFO - Setting next_dagrun for 10-branching to 2022-08-20T00:00:00+00:00, run_after=2022-08-21T00:00:00+00:00
[2023-08-03T18:32:18.090-0500] {processor.py:179} INFO - Processing /home/joha/airflow/dags/brachpythonoperator.py took 0.080 seconds
[2023-08-03T18:32:52.041-0500] {processor.py:157} INFO - Started process (PID=22973) to work on /home/joha/airflow/dags/brachpythonoperator.py
[2023-08-03T18:32:52.049-0500] {processor.py:826} INFO - Processing file /home/joha/airflow/dags/brachpythonoperator.py for tasks to queue
[2023-08-03T18:32:52.052-0500] {logging_mixin.py:150} INFO - [2023-08-03T18:32:52.051-0500] {dagbag.py:541} INFO - Filling up the DagBag from /home/joha/airflow/dags/brachpythonoperator.py
[2023-08-03T18:32:52.078-0500] {processor.py:836} INFO - DAG(s) dict_keys(['10-branching']) retrieved from /home/joha/airflow/dags/brachpythonoperator.py
[2023-08-03T18:32:52.098-0500] {logging_mixin.py:150} INFO - [2023-08-03T18:32:52.098-0500] {dag.py:2742} INFO - Sync 1 DAGs
[2023-08-03T18:32:52.117-0500] {logging_mixin.py:150} INFO - [2023-08-03T18:32:52.117-0500] {dag.py:3504} INFO - Setting next_dagrun for 10-branching to 2022-08-20T00:00:00+00:00, run_after=2022-08-21T00:00:00+00:00
[2023-08-03T18:32:52.137-0500] {processor.py:179} INFO - Processing /home/joha/airflow/dags/brachpythonoperator.py took 0.099 seconds
[2023-08-03T18:33:24.972-0500] {processor.py:157} INFO - Started process (PID=23013) to work on /home/joha/airflow/dags/brachpythonoperator.py
[2023-08-03T18:33:24.980-0500] {processor.py:826} INFO - Processing file /home/joha/airflow/dags/brachpythonoperator.py for tasks to queue
[2023-08-03T18:33:24.981-0500] {logging_mixin.py:150} INFO - [2023-08-03T18:33:24.981-0500] {dagbag.py:541} INFO - Filling up the DagBag from /home/joha/airflow/dags/brachpythonoperator.py
[2023-08-03T18:33:24.990-0500] {processor.py:836} INFO - DAG(s) dict_keys(['10-branching']) retrieved from /home/joha/airflow/dags/brachpythonoperator.py
[2023-08-03T18:33:25.006-0500] {logging_mixin.py:150} INFO - [2023-08-03T18:33:25.006-0500] {dag.py:2742} INFO - Sync 1 DAGs
[2023-08-03T18:33:25.027-0500] {logging_mixin.py:150} INFO - [2023-08-03T18:33:25.026-0500] {dag.py:3504} INFO - Setting next_dagrun for 10-branching to 2022-08-20T00:00:00+00:00, run_after=2022-08-21T00:00:00+00:00
[2023-08-03T18:33:25.047-0500] {processor.py:179} INFO - Processing /home/joha/airflow/dags/brachpythonoperator.py took 0.078 seconds
[2023-08-03T18:33:57.241-0500] {processor.py:157} INFO - Started process (PID=23052) to work on /home/joha/airflow/dags/brachpythonoperator.py
[2023-08-03T18:33:57.248-0500] {processor.py:826} INFO - Processing file /home/joha/airflow/dags/brachpythonoperator.py for tasks to queue
[2023-08-03T18:33:57.249-0500] {logging_mixin.py:150} INFO - [2023-08-03T18:33:57.249-0500] {dagbag.py:541} INFO - Filling up the DagBag from /home/joha/airflow/dags/brachpythonoperator.py
[2023-08-03T18:33:57.259-0500] {processor.py:836} INFO - DAG(s) dict_keys(['10-branching']) retrieved from /home/joha/airflow/dags/brachpythonoperator.py
[2023-08-03T18:33:57.277-0500] {logging_mixin.py:150} INFO - [2023-08-03T18:33:57.277-0500] {dag.py:2742} INFO - Sync 1 DAGs
[2023-08-03T18:33:57.296-0500] {logging_mixin.py:150} INFO - [2023-08-03T18:33:57.295-0500] {dag.py:3504} INFO - Setting next_dagrun for 10-branching to 2022-08-20T00:00:00+00:00, run_after=2022-08-21T00:00:00+00:00
[2023-08-03T18:33:57.315-0500] {processor.py:179} INFO - Processing /home/joha/airflow/dags/brachpythonoperator.py took 0.077 seconds
[2023-08-03T18:34:29.706-0500] {processor.py:157} INFO - Started process (PID=23093) to work on /home/joha/airflow/dags/brachpythonoperator.py
[2023-08-03T18:34:29.714-0500] {processor.py:826} INFO - Processing file /home/joha/airflow/dags/brachpythonoperator.py for tasks to queue
[2023-08-03T18:34:29.715-0500] {logging_mixin.py:150} INFO - [2023-08-03T18:34:29.714-0500] {dagbag.py:541} INFO - Filling up the DagBag from /home/joha/airflow/dags/brachpythonoperator.py
[2023-08-03T18:34:29.726-0500] {processor.py:836} INFO - DAG(s) dict_keys(['10-branching']) retrieved from /home/joha/airflow/dags/brachpythonoperator.py
[2023-08-03T18:34:29.745-0500] {logging_mixin.py:150} INFO - [2023-08-03T18:34:29.745-0500] {dag.py:2742} INFO - Sync 1 DAGs
[2023-08-03T18:34:29.764-0500] {logging_mixin.py:150} INFO - [2023-08-03T18:34:29.764-0500] {dag.py:3504} INFO - Setting next_dagrun for 10-branching to 2022-08-20T00:00:00+00:00, run_after=2022-08-21T00:00:00+00:00
[2023-08-03T18:34:29.784-0500] {processor.py:179} INFO - Processing /home/joha/airflow/dags/brachpythonoperator.py took 0.081 seconds
[2023-08-03T18:35:03.343-0500] {processor.py:157} INFO - Started process (PID=23128) to work on /home/joha/airflow/dags/brachpythonoperator.py
[2023-08-03T18:35:03.351-0500] {processor.py:826} INFO - Processing file /home/joha/airflow/dags/brachpythonoperator.py for tasks to queue
[2023-08-03T18:35:03.352-0500] {logging_mixin.py:150} INFO - [2023-08-03T18:35:03.352-0500] {dagbag.py:541} INFO - Filling up the DagBag from /home/joha/airflow/dags/brachpythonoperator.py
[2023-08-03T18:35:03.363-0500] {processor.py:836} INFO - DAG(s) dict_keys(['10-branching']) retrieved from /home/joha/airflow/dags/brachpythonoperator.py
[2023-08-03T18:35:03.383-0500] {logging_mixin.py:150} INFO - [2023-08-03T18:35:03.382-0500] {dag.py:2742} INFO - Sync 1 DAGs
[2023-08-03T18:35:03.402-0500] {logging_mixin.py:150} INFO - [2023-08-03T18:35:03.402-0500] {dag.py:3504} INFO - Setting next_dagrun for 10-branching to 2022-08-20T00:00:00+00:00, run_after=2022-08-21T00:00:00+00:00
[2023-08-03T18:35:03.422-0500] {processor.py:179} INFO - Processing /home/joha/airflow/dags/brachpythonoperator.py took 0.082 seconds
[2023-08-03T18:35:36.643-0500] {processor.py:157} INFO - Started process (PID=23170) to work on /home/joha/airflow/dags/brachpythonoperator.py
[2023-08-03T18:35:36.652-0500] {processor.py:826} INFO - Processing file /home/joha/airflow/dags/brachpythonoperator.py for tasks to queue
[2023-08-03T18:35:36.655-0500] {logging_mixin.py:150} INFO - [2023-08-03T18:35:36.654-0500] {dagbag.py:541} INFO - Filling up the DagBag from /home/joha/airflow/dags/brachpythonoperator.py
[2023-08-03T18:35:36.680-0500] {processor.py:836} INFO - DAG(s) dict_keys(['10-branching']) retrieved from /home/joha/airflow/dags/brachpythonoperator.py
[2023-08-03T18:35:36.698-0500] {logging_mixin.py:150} INFO - [2023-08-03T18:35:36.698-0500] {dag.py:2742} INFO - Sync 1 DAGs
[2023-08-03T18:35:36.717-0500] {logging_mixin.py:150} INFO - [2023-08-03T18:35:36.716-0500] {dag.py:3504} INFO - Setting next_dagrun for 10-branching to 2022-08-20T00:00:00+00:00, run_after=2022-08-21T00:00:00+00:00
[2023-08-03T18:35:36.737-0500] {processor.py:179} INFO - Processing /home/joha/airflow/dags/brachpythonoperator.py took 0.098 seconds
[2023-08-03T18:36:10.738-0500] {processor.py:157} INFO - Started process (PID=23203) to work on /home/joha/airflow/dags/brachpythonoperator.py
[2023-08-03T18:36:10.746-0500] {processor.py:826} INFO - Processing file /home/joha/airflow/dags/brachpythonoperator.py for tasks to queue
[2023-08-03T18:36:10.747-0500] {logging_mixin.py:150} INFO - [2023-08-03T18:36:10.747-0500] {dagbag.py:541} INFO - Filling up the DagBag from /home/joha/airflow/dags/brachpythonoperator.py
[2023-08-03T18:36:10.758-0500] {processor.py:836} INFO - DAG(s) dict_keys(['10-branching']) retrieved from /home/joha/airflow/dags/brachpythonoperator.py
[2023-08-03T18:36:10.778-0500] {logging_mixin.py:150} INFO - [2023-08-03T18:36:10.778-0500] {dag.py:2742} INFO - Sync 1 DAGs
[2023-08-03T18:36:10.797-0500] {logging_mixin.py:150} INFO - [2023-08-03T18:36:10.797-0500] {dag.py:3504} INFO - Setting next_dagrun for 10-branching to 2022-08-20T00:00:00+00:00, run_after=2022-08-21T00:00:00+00:00
[2023-08-03T18:36:10.819-0500] {processor.py:179} INFO - Processing /home/joha/airflow/dags/brachpythonoperator.py took 0.084 seconds
[2023-08-03T18:36:44.249-0500] {processor.py:157} INFO - Started process (PID=23244) to work on /home/joha/airflow/dags/brachpythonoperator.py
[2023-08-03T18:36:44.257-0500] {processor.py:826} INFO - Processing file /home/joha/airflow/dags/brachpythonoperator.py for tasks to queue
[2023-08-03T18:36:44.258-0500] {logging_mixin.py:150} INFO - [2023-08-03T18:36:44.258-0500] {dagbag.py:541} INFO - Filling up the DagBag from /home/joha/airflow/dags/brachpythonoperator.py
[2023-08-03T18:36:44.270-0500] {processor.py:836} INFO - DAG(s) dict_keys(['10-branching']) retrieved from /home/joha/airflow/dags/brachpythonoperator.py
[2023-08-03T18:36:44.289-0500] {logging_mixin.py:150} INFO - [2023-08-03T18:36:44.289-0500] {dag.py:2742} INFO - Sync 1 DAGs
[2023-08-03T18:36:44.308-0500] {logging_mixin.py:150} INFO - [2023-08-03T18:36:44.308-0500] {dag.py:3504} INFO - Setting next_dagrun for 10-branching to 2022-08-20T00:00:00+00:00, run_after=2022-08-21T00:00:00+00:00
[2023-08-03T18:36:44.329-0500] {processor.py:179} INFO - Processing /home/joha/airflow/dags/brachpythonoperator.py took 0.082 seconds
[2023-08-03T18:37:15.121-0500] {processor.py:157} INFO - Started process (PID=23281) to work on /home/joha/airflow/dags/brachpythonoperator.py
[2023-08-03T18:37:15.136-0500] {processor.py:826} INFO - Processing file /home/joha/airflow/dags/brachpythonoperator.py for tasks to queue
[2023-08-03T18:37:15.138-0500] {logging_mixin.py:150} INFO - [2023-08-03T18:37:15.137-0500] {dagbag.py:541} INFO - Filling up the DagBag from /home/joha/airflow/dags/brachpythonoperator.py
[2023-08-03T18:37:15.164-0500] {processor.py:836} INFO - DAG(s) dict_keys(['10-branching']) retrieved from /home/joha/airflow/dags/brachpythonoperator.py
[2023-08-03T18:37:15.184-0500] {logging_mixin.py:150} INFO - [2023-08-03T18:37:15.184-0500] {dag.py:2742} INFO - Sync 1 DAGs
[2023-08-03T18:37:15.203-0500] {logging_mixin.py:150} INFO - [2023-08-03T18:37:15.203-0500] {dag.py:3504} INFO - Setting next_dagrun for 10-branching to 2022-08-20T00:00:00+00:00, run_after=2022-08-21T00:00:00+00:00
[2023-08-03T18:37:15.223-0500] {processor.py:179} INFO - Processing /home/joha/airflow/dags/brachpythonoperator.py took 0.108 seconds
[2023-08-03T18:37:47.376-0500] {processor.py:157} INFO - Started process (PID=23332) to work on /home/joha/airflow/dags/brachpythonoperator.py
[2023-08-03T18:37:47.384-0500] {processor.py:826} INFO - Processing file /home/joha/airflow/dags/brachpythonoperator.py for tasks to queue
[2023-08-03T18:37:47.385-0500] {logging_mixin.py:150} INFO - [2023-08-03T18:37:47.384-0500] {dagbag.py:541} INFO - Filling up the DagBag from /home/joha/airflow/dags/brachpythonoperator.py
[2023-08-03T18:37:47.397-0500] {processor.py:836} INFO - DAG(s) dict_keys(['10-branching']) retrieved from /home/joha/airflow/dags/brachpythonoperator.py
[2023-08-03T18:37:47.417-0500] {logging_mixin.py:150} INFO - [2023-08-03T18:37:47.416-0500] {dag.py:2742} INFO - Sync 1 DAGs
[2023-08-03T18:37:47.436-0500] {logging_mixin.py:150} INFO - [2023-08-03T18:37:47.436-0500] {dag.py:3504} INFO - Setting next_dagrun for 10-branching to 2022-08-20T00:00:00+00:00, run_after=2022-08-21T00:00:00+00:00
[2023-08-03T18:37:47.456-0500] {processor.py:179} INFO - Processing /home/joha/airflow/dags/brachpythonoperator.py took 0.082 seconds
[2023-08-03T18:38:21.898-0500] {processor.py:157} INFO - Started process (PID=23369) to work on /home/joha/airflow/dags/brachpythonoperator.py
[2023-08-03T18:38:21.906-0500] {processor.py:826} INFO - Processing file /home/joha/airflow/dags/brachpythonoperator.py for tasks to queue
[2023-08-03T18:38:21.907-0500] {logging_mixin.py:150} INFO - [2023-08-03T18:38:21.907-0500] {dagbag.py:541} INFO - Filling up the DagBag from /home/joha/airflow/dags/brachpythonoperator.py
[2023-08-03T18:38:21.919-0500] {processor.py:836} INFO - DAG(s) dict_keys(['10-branching']) retrieved from /home/joha/airflow/dags/brachpythonoperator.py
[2023-08-03T18:38:21.941-0500] {logging_mixin.py:150} INFO - [2023-08-03T18:38:21.941-0500] {dag.py:2742} INFO - Sync 1 DAGs
[2023-08-03T18:38:21.961-0500] {logging_mixin.py:150} INFO - [2023-08-03T18:38:21.960-0500] {dag.py:3504} INFO - Setting next_dagrun for 10-branching to 2022-08-20T00:00:00+00:00, run_after=2022-08-21T00:00:00+00:00
[2023-08-03T18:38:21.980-0500] {processor.py:179} INFO - Processing /home/joha/airflow/dags/brachpythonoperator.py took 0.084 seconds
[2023-08-03T18:38:56.013-0500] {processor.py:157} INFO - Started process (PID=23411) to work on /home/joha/airflow/dags/brachpythonoperator.py
[2023-08-03T18:38:56.021-0500] {processor.py:826} INFO - Processing file /home/joha/airflow/dags/brachpythonoperator.py for tasks to queue
[2023-08-03T18:38:56.023-0500] {logging_mixin.py:150} INFO - [2023-08-03T18:38:56.022-0500] {dagbag.py:541} INFO - Filling up the DagBag from /home/joha/airflow/dags/brachpythonoperator.py
[2023-08-03T18:38:56.051-0500] {processor.py:836} INFO - DAG(s) dict_keys(['10-branching']) retrieved from /home/joha/airflow/dags/brachpythonoperator.py
[2023-08-03T18:38:56.072-0500] {logging_mixin.py:150} INFO - [2023-08-03T18:38:56.072-0500] {dag.py:2742} INFO - Sync 1 DAGs
[2023-08-03T18:38:56.092-0500] {logging_mixin.py:150} INFO - [2023-08-03T18:38:56.091-0500] {dag.py:3504} INFO - Setting next_dagrun for 10-branching to 2022-08-20T00:00:00+00:00, run_after=2022-08-21T00:00:00+00:00
[2023-08-03T18:38:56.113-0500] {processor.py:179} INFO - Processing /home/joha/airflow/dags/brachpythonoperator.py took 0.103 seconds
[2023-08-03T18:39:28.400-0500] {processor.py:157} INFO - Started process (PID=23444) to work on /home/joha/airflow/dags/brachpythonoperator.py
[2023-08-03T18:39:28.408-0500] {processor.py:826} INFO - Processing file /home/joha/airflow/dags/brachpythonoperator.py for tasks to queue
[2023-08-03T18:39:28.409-0500] {logging_mixin.py:150} INFO - [2023-08-03T18:39:28.408-0500] {dagbag.py:541} INFO - Filling up the DagBag from /home/joha/airflow/dags/brachpythonoperator.py
[2023-08-03T18:39:28.420-0500] {processor.py:836} INFO - DAG(s) dict_keys(['10-branching']) retrieved from /home/joha/airflow/dags/brachpythonoperator.py
[2023-08-03T18:39:28.445-0500] {logging_mixin.py:150} INFO - [2023-08-03T18:39:28.445-0500] {dag.py:2742} INFO - Sync 1 DAGs
[2023-08-03T18:39:28.465-0500] {logging_mixin.py:150} INFO - [2023-08-03T18:39:28.465-0500] {dag.py:3504} INFO - Setting next_dagrun for 10-branching to 2022-08-20T00:00:00+00:00, run_after=2022-08-21T00:00:00+00:00
[2023-08-03T18:39:28.485-0500] {processor.py:179} INFO - Processing /home/joha/airflow/dags/brachpythonoperator.py took 0.087 seconds
[2023-08-03T18:40:36.758-0500] {processor.py:157} INFO - Started process (PID=23604) to work on /home/joha/airflow/dags/brachpythonoperator.py
[2023-08-03T18:40:36.764-0500] {processor.py:826} INFO - Processing file /home/joha/airflow/dags/brachpythonoperator.py for tasks to queue
[2023-08-03T18:40:36.766-0500] {logging_mixin.py:150} INFO - [2023-08-03T18:40:36.765-0500] {dagbag.py:541} INFO - Filling up the DagBag from /home/joha/airflow/dags/brachpythonoperator.py
[2023-08-03T18:40:36.782-0500] {processor.py:836} INFO - DAG(s) dict_keys(['10-branching']) retrieved from /home/joha/airflow/dags/brachpythonoperator.py
[2023-08-03T18:40:36.808-0500] {logging_mixin.py:150} INFO - [2023-08-03T18:40:36.807-0500] {dag.py:2742} INFO - Sync 1 DAGs
[2023-08-03T18:40:36.839-0500] {logging_mixin.py:150} INFO - [2023-08-03T18:40:36.839-0500] {dag.py:3504} INFO - Setting next_dagrun for 10-branching to 2022-08-25T00:00:00+00:00, run_after=2022-08-26T00:00:00+00:00
[2023-08-03T18:40:36.875-0500] {processor.py:179} INFO - Processing /home/joha/airflow/dags/brachpythonoperator.py took 0.122 seconds
[2023-08-03T18:41:50.018-0500] {processor.py:157} INFO - Started process (PID=23704) to work on /home/joha/airflow/dags/brachpythonoperator.py
[2023-08-03T18:41:50.026-0500] {processor.py:826} INFO - Processing file /home/joha/airflow/dags/brachpythonoperator.py for tasks to queue
[2023-08-03T18:41:50.027-0500] {logging_mixin.py:150} INFO - [2023-08-03T18:41:50.026-0500] {dagbag.py:541} INFO - Filling up the DagBag from /home/joha/airflow/dags/brachpythonoperator.py
[2023-08-03T18:41:50.036-0500] {processor.py:836} INFO - DAG(s) dict_keys(['10-branching']) retrieved from /home/joha/airflow/dags/brachpythonoperator.py
[2023-08-03T18:41:50.052-0500] {logging_mixin.py:150} INFO - [2023-08-03T18:41:50.052-0500] {dag.py:2742} INFO - Sync 1 DAGs
[2023-08-03T18:41:50.071-0500] {logging_mixin.py:150} INFO - [2023-08-03T18:41:50.071-0500] {dag.py:3504} INFO - Setting next_dagrun for 10-branching to None, run_after=None
[2023-08-03T18:41:50.090-0500] {processor.py:179} INFO - Processing /home/joha/airflow/dags/brachpythonoperator.py took 0.076 seconds
[2023-08-03T18:42:25.129-0500] {processor.py:157} INFO - Started process (PID=23746) to work on /home/joha/airflow/dags/brachpythonoperator.py
[2023-08-03T18:42:25.137-0500] {processor.py:826} INFO - Processing file /home/joha/airflow/dags/brachpythonoperator.py for tasks to queue
[2023-08-03T18:42:25.138-0500] {logging_mixin.py:150} INFO - [2023-08-03T18:42:25.138-0500] {dagbag.py:541} INFO - Filling up the DagBag from /home/joha/airflow/dags/brachpythonoperator.py
[2023-08-03T18:42:25.149-0500] {processor.py:836} INFO - DAG(s) dict_keys(['10-branching']) retrieved from /home/joha/airflow/dags/brachpythonoperator.py
[2023-08-03T18:42:25.176-0500] {logging_mixin.py:150} INFO - [2023-08-03T18:42:25.176-0500] {dag.py:2742} INFO - Sync 1 DAGs
[2023-08-03T18:42:25.203-0500] {logging_mixin.py:150} INFO - [2023-08-03T18:42:25.203-0500] {dag.py:3504} INFO - Setting next_dagrun for 10-branching to None, run_after=None
[2023-08-03T18:42:25.237-0500] {processor.py:179} INFO - Processing /home/joha/airflow/dags/brachpythonoperator.py took 0.113 seconds
[2023-08-03T18:43:00.721-0500] {processor.py:157} INFO - Started process (PID=23793) to work on /home/joha/airflow/dags/brachpythonoperator.py
[2023-08-03T18:43:00.729-0500] {processor.py:826} INFO - Processing file /home/joha/airflow/dags/brachpythonoperator.py for tasks to queue
[2023-08-03T18:43:00.730-0500] {logging_mixin.py:150} INFO - [2023-08-03T18:43:00.729-0500] {dagbag.py:541} INFO - Filling up the DagBag from /home/joha/airflow/dags/brachpythonoperator.py
[2023-08-03T18:43:00.740-0500] {processor.py:836} INFO - DAG(s) dict_keys(['10-branching']) retrieved from /home/joha/airflow/dags/brachpythonoperator.py
[2023-08-03T18:43:00.766-0500] {logging_mixin.py:150} INFO - [2023-08-03T18:43:00.766-0500] {dag.py:2742} INFO - Sync 1 DAGs
[2023-08-03T18:43:00.798-0500] {logging_mixin.py:150} INFO - [2023-08-03T18:43:00.797-0500] {dag.py:3504} INFO - Setting next_dagrun for 10-branching to None, run_after=None
[2023-08-03T18:43:00.838-0500] {processor.py:179} INFO - Processing /home/joha/airflow/dags/brachpythonoperator.py took 0.123 seconds
[2023-08-03T18:43:38.444-0500] {processor.py:157} INFO - Started process (PID=23833) to work on /home/joha/airflow/dags/brachpythonoperator.py
[2023-08-03T18:43:38.451-0500] {processor.py:826} INFO - Processing file /home/joha/airflow/dags/brachpythonoperator.py for tasks to queue
[2023-08-03T18:43:38.452-0500] {logging_mixin.py:150} INFO - [2023-08-03T18:43:38.452-0500] {dagbag.py:541} INFO - Filling up the DagBag from /home/joha/airflow/dags/brachpythonoperator.py
[2023-08-03T18:43:38.467-0500] {processor.py:836} INFO - DAG(s) dict_keys(['10-branching']) retrieved from /home/joha/airflow/dags/brachpythonoperator.py
[2023-08-03T18:43:38.493-0500] {logging_mixin.py:150} INFO - [2023-08-03T18:43:38.492-0500] {dag.py:2742} INFO - Sync 1 DAGs
[2023-08-03T18:43:38.522-0500] {logging_mixin.py:150} INFO - [2023-08-03T18:43:38.522-0500] {dag.py:3504} INFO - Setting next_dagrun for 10-branching to None, run_after=None
[2023-08-03T18:43:38.556-0500] {processor.py:179} INFO - Processing /home/joha/airflow/dags/brachpythonoperator.py took 0.116 seconds
[2023-08-03T18:44:17.374-0500] {processor.py:157} INFO - Started process (PID=23876) to work on /home/joha/airflow/dags/brachpythonoperator.py
[2023-08-03T18:44:17.382-0500] {processor.py:826} INFO - Processing file /home/joha/airflow/dags/brachpythonoperator.py for tasks to queue
[2023-08-03T18:44:17.383-0500] {logging_mixin.py:150} INFO - [2023-08-03T18:44:17.382-0500] {dagbag.py:541} INFO - Filling up the DagBag from /home/joha/airflow/dags/brachpythonoperator.py
[2023-08-03T18:44:17.394-0500] {processor.py:836} INFO - DAG(s) dict_keys(['10-branching']) retrieved from /home/joha/airflow/dags/brachpythonoperator.py
[2023-08-03T18:44:17.416-0500] {logging_mixin.py:150} INFO - [2023-08-03T18:44:17.416-0500] {dag.py:2742} INFO - Sync 1 DAGs
[2023-08-03T18:44:17.444-0500] {logging_mixin.py:150} INFO - [2023-08-03T18:44:17.443-0500] {dag.py:3504} INFO - Setting next_dagrun for 10-branching to None, run_after=None
[2023-08-03T18:44:17.473-0500] {processor.py:179} INFO - Processing /home/joha/airflow/dags/brachpythonoperator.py took 0.105 seconds
[2023-08-03T18:44:52.342-0500] {processor.py:157} INFO - Started process (PID=23927) to work on /home/joha/airflow/dags/brachpythonoperator.py
[2023-08-03T18:44:52.350-0500] {processor.py:826} INFO - Processing file /home/joha/airflow/dags/brachpythonoperator.py for tasks to queue
[2023-08-03T18:44:52.351-0500] {logging_mixin.py:150} INFO - [2023-08-03T18:44:52.350-0500] {dagbag.py:541} INFO - Filling up the DagBag from /home/joha/airflow/dags/brachpythonoperator.py
[2023-08-03T18:44:52.369-0500] {processor.py:836} INFO - DAG(s) dict_keys(['10-branching']) retrieved from /home/joha/airflow/dags/brachpythonoperator.py
[2023-08-03T18:44:52.399-0500] {logging_mixin.py:150} INFO - [2023-08-03T18:44:52.399-0500] {dag.py:2742} INFO - Sync 1 DAGs
[2023-08-03T18:44:52.432-0500] {logging_mixin.py:150} INFO - [2023-08-03T18:44:52.431-0500] {dag.py:3504} INFO - Setting next_dagrun for 10-branching to None, run_after=None
[2023-08-03T18:44:52.463-0500] {processor.py:179} INFO - Processing /home/joha/airflow/dags/brachpythonoperator.py took 0.125 seconds
[2023-08-03T18:45:28.348-0500] {processor.py:157} INFO - Started process (PID=23971) to work on /home/joha/airflow/dags/brachpythonoperator.py
[2023-08-03T18:45:28.360-0500] {processor.py:826} INFO - Processing file /home/joha/airflow/dags/brachpythonoperator.py for tasks to queue
[2023-08-03T18:45:28.362-0500] {logging_mixin.py:150} INFO - [2023-08-03T18:45:28.361-0500] {dagbag.py:541} INFO - Filling up the DagBag from /home/joha/airflow/dags/brachpythonoperator.py
[2023-08-03T18:45:28.372-0500] {processor.py:836} INFO - DAG(s) dict_keys(['10-branching']) retrieved from /home/joha/airflow/dags/brachpythonoperator.py
[2023-08-03T18:45:28.396-0500] {logging_mixin.py:150} INFO - [2023-08-03T18:45:28.396-0500] {dag.py:2742} INFO - Sync 1 DAGs
[2023-08-03T18:45:28.429-0500] {logging_mixin.py:150} INFO - [2023-08-03T18:45:28.429-0500] {dag.py:3504} INFO - Setting next_dagrun for 10-branching to None, run_after=None
[2023-08-03T18:45:28.460-0500] {processor.py:179} INFO - Processing /home/joha/airflow/dags/brachpythonoperator.py took 0.116 seconds
[2023-08-03T18:46:09.256-0500] {processor.py:157} INFO - Started process (PID=24010) to work on /home/joha/airflow/dags/brachpythonoperator.py
[2023-08-03T18:46:09.263-0500] {processor.py:826} INFO - Processing file /home/joha/airflow/dags/brachpythonoperator.py for tasks to queue
[2023-08-03T18:46:09.265-0500] {logging_mixin.py:150} INFO - [2023-08-03T18:46:09.264-0500] {dagbag.py:541} INFO - Filling up the DagBag from /home/joha/airflow/dags/brachpythonoperator.py
[2023-08-03T18:46:09.279-0500] {processor.py:836} INFO - DAG(s) dict_keys(['10-branching']) retrieved from /home/joha/airflow/dags/brachpythonoperator.py
[2023-08-03T18:46:09.296-0500] {logging_mixin.py:150} INFO - [2023-08-03T18:46:09.296-0500] {dag.py:2742} INFO - Sync 1 DAGs
[2023-08-03T18:46:09.317-0500] {logging_mixin.py:150} INFO - [2023-08-03T18:46:09.317-0500] {dag.py:3504} INFO - Setting next_dagrun for 10-branching to None, run_after=None
[2023-08-03T18:46:09.342-0500] {processor.py:179} INFO - Processing /home/joha/airflow/dags/brachpythonoperator.py took 0.090 seconds
