[2023-08-03T16:16:25.645-0500] {processor.py:157} INFO - Started process (PID=14824) to work on /home/joha/airflow/dags/filesensor.py
[2023-08-03T16:16:25.646-0500] {processor.py:826} INFO - Processing file /home/joha/airflow/dags/filesensor.py for tasks to queue
[2023-08-03T16:16:25.647-0500] {logging_mixin.py:150} INFO - [2023-08-03T16:16:25.646-0500] {dagbag.py:541} INFO - Filling up the DagBag from /home/joha/airflow/dags/filesensor.py
[2023-08-03T16:16:25.659-0500] {processor.py:836} INFO - DAG(s) dict_keys(['filesensor']) retrieved from /home/joha/airflow/dags/filesensor.py
[2023-08-03T16:16:25.768-0500] {logging_mixin.py:150} INFO - [2023-08-03T16:16:25.767-0500] {manager.py:504} INFO - Created Permission View: can read on DAG:filesensor
[2023-08-03T16:16:25.779-0500] {logging_mixin.py:150} INFO - [2023-08-03T16:16:25.779-0500] {manager.py:504} INFO - Created Permission View: can edit on DAG:filesensor
[2023-08-03T16:16:25.787-0500] {logging_mixin.py:150} INFO - [2023-08-03T16:16:25.787-0500] {manager.py:504} INFO - Created Permission View: can delete on DAG:filesensor
[2023-08-03T16:16:25.800-0500] {logging_mixin.py:150} INFO - [2023-08-03T16:16:25.799-0500] {dag.py:2742} INFO - Sync 1 DAGs
[2023-08-03T16:16:25.808-0500] {logging_mixin.py:150} INFO - [2023-08-03T16:16:25.808-0500] {dag.py:2763} INFO - Creating ORM DAG for filesensor
[2023-08-03T16:16:25.818-0500] {logging_mixin.py:150} INFO - [2023-08-03T16:16:25.818-0500] {dag.py:3504} INFO - Setting next_dagrun for filesensor to 2022-08-20T00:00:00+00:00, run_after=2022-08-21T00:00:00+00:00
[2023-08-03T16:16:25.835-0500] {processor.py:179} INFO - Processing /home/joha/airflow/dags/filesensor.py took 0.194 seconds
[2023-08-03T16:19:32.313-0500] {processor.py:157} INFO - Started process (PID=15016) to work on /home/joha/airflow/dags/filesensor.py
[2023-08-03T16:19:32.333-0500] {processor.py:826} INFO - Processing file /home/joha/airflow/dags/filesensor.py for tasks to queue
[2023-08-03T16:19:32.357-0500] {logging_mixin.py:150} INFO - [2023-08-03T16:19:32.342-0500] {dagbag.py:541} INFO - Filling up the DagBag from /home/joha/airflow/dags/filesensor.py
[2023-08-03T16:19:32.436-0500] {processor.py:836} INFO - DAG(s) dict_keys(['filesensor']) retrieved from /home/joha/airflow/dags/filesensor.py
[2023-08-03T16:19:32.576-0500] {logging_mixin.py:150} INFO - [2023-08-03T16:19:32.575-0500] {dag.py:2742} INFO - Sync 1 DAGs
[2023-08-03T16:19:32.898-0500] {processor.py:179} INFO - Processing /home/joha/airflow/dags/filesensor.py took 0.604 seconds
[2023-08-03T16:21:00.063-0500] {processor.py:157} INFO - Started process (PID=15184) to work on /home/joha/airflow/dags/filesensor.py
[2023-08-03T16:21:00.073-0500] {processor.py:826} INFO - Processing file /home/joha/airflow/dags/filesensor.py for tasks to queue
[2023-08-03T16:21:00.075-0500] {logging_mixin.py:150} INFO - [2023-08-03T16:21:00.074-0500] {dagbag.py:541} INFO - Filling up the DagBag from /home/joha/airflow/dags/filesensor.py
[2023-08-03T16:21:00.110-0500] {processor.py:836} INFO - DAG(s) dict_keys(['filesensor']) retrieved from /home/joha/airflow/dags/filesensor.py
[2023-08-03T16:21:00.140-0500] {logging_mixin.py:150} INFO - [2023-08-03T16:21:00.140-0500] {dag.py:2742} INFO - Sync 1 DAGs
[2023-08-03T16:21:00.186-0500] {processor.py:179} INFO - Processing /home/joha/airflow/dags/filesensor.py took 0.133 seconds
[2023-08-03T16:21:39.336-0500] {processor.py:157} INFO - Started process (PID=15255) to work on /home/joha/airflow/dags/filesensor.py
[2023-08-03T16:21:39.345-0500] {processor.py:826} INFO - Processing file /home/joha/airflow/dags/filesensor.py for tasks to queue
[2023-08-03T16:21:39.347-0500] {logging_mixin.py:150} INFO - [2023-08-03T16:21:39.346-0500] {dagbag.py:541} INFO - Filling up the DagBag from /home/joha/airflow/dags/filesensor.py
[2023-08-03T16:21:39.364-0500] {processor.py:836} INFO - DAG(s) dict_keys(['filesensor']) retrieved from /home/joha/airflow/dags/filesensor.py
[2023-08-03T16:21:39.385-0500] {logging_mixin.py:150} INFO - [2023-08-03T16:21:39.385-0500] {dag.py:2742} INFO - Sync 1 DAGs
[2023-08-03T16:21:39.428-0500] {processor.py:179} INFO - Processing /home/joha/airflow/dags/filesensor.py took 0.098 seconds
[2023-08-03T16:22:15.171-0500] {processor.py:157} INFO - Started process (PID=15297) to work on /home/joha/airflow/dags/filesensor.py
[2023-08-03T16:22:15.186-0500] {processor.py:826} INFO - Processing file /home/joha/airflow/dags/filesensor.py for tasks to queue
[2023-08-03T16:22:15.189-0500] {logging_mixin.py:150} INFO - [2023-08-03T16:22:15.188-0500] {dagbag.py:541} INFO - Filling up the DagBag from /home/joha/airflow/dags/filesensor.py
[2023-08-03T16:22:15.210-0500] {processor.py:836} INFO - DAG(s) dict_keys(['filesensor']) retrieved from /home/joha/airflow/dags/filesensor.py
[2023-08-03T16:22:15.234-0500] {logging_mixin.py:150} INFO - [2023-08-03T16:22:15.234-0500] {dag.py:2742} INFO - Sync 1 DAGs
[2023-08-03T16:22:15.276-0500] {processor.py:179} INFO - Processing /home/joha/airflow/dags/filesensor.py took 0.113 seconds
[2023-08-03T16:22:52.028-0500] {processor.py:157} INFO - Started process (PID=15331) to work on /home/joha/airflow/dags/filesensor.py
[2023-08-03T16:22:52.036-0500] {processor.py:826} INFO - Processing file /home/joha/airflow/dags/filesensor.py for tasks to queue
[2023-08-03T16:22:52.037-0500] {logging_mixin.py:150} INFO - [2023-08-03T16:22:52.037-0500] {dagbag.py:541} INFO - Filling up the DagBag from /home/joha/airflow/dags/filesensor.py
[2023-08-03T16:22:52.047-0500] {processor.py:836} INFO - DAG(s) dict_keys(['filesensor']) retrieved from /home/joha/airflow/dags/filesensor.py
[2023-08-03T16:22:52.066-0500] {logging_mixin.py:150} INFO - [2023-08-03T16:22:52.066-0500] {dag.py:2742} INFO - Sync 1 DAGs
[2023-08-03T16:22:52.111-0500] {processor.py:179} INFO - Processing /home/joha/airflow/dags/filesensor.py took 0.087 seconds
[2023-08-03T16:23:27.842-0500] {processor.py:157} INFO - Started process (PID=15372) to work on /home/joha/airflow/dags/filesensor.py
[2023-08-03T16:23:27.850-0500] {processor.py:826} INFO - Processing file /home/joha/airflow/dags/filesensor.py for tasks to queue
[2023-08-03T16:23:27.851-0500] {logging_mixin.py:150} INFO - [2023-08-03T16:23:27.850-0500] {dagbag.py:541} INFO - Filling up the DagBag from /home/joha/airflow/dags/filesensor.py
[2023-08-03T16:23:27.864-0500] {processor.py:836} INFO - DAG(s) dict_keys(['filesensor']) retrieved from /home/joha/airflow/dags/filesensor.py
[2023-08-03T16:23:27.884-0500] {logging_mixin.py:150} INFO - [2023-08-03T16:23:27.883-0500] {dag.py:2742} INFO - Sync 1 DAGs
[2023-08-03T16:23:27.927-0500] {processor.py:179} INFO - Processing /home/joha/airflow/dags/filesensor.py took 0.089 seconds
[2023-08-03T16:24:00.938-0500] {processor.py:157} INFO - Started process (PID=15405) to work on /home/joha/airflow/dags/filesensor.py
[2023-08-03T16:24:00.949-0500] {processor.py:826} INFO - Processing file /home/joha/airflow/dags/filesensor.py for tasks to queue
[2023-08-03T16:24:00.952-0500] {logging_mixin.py:150} INFO - [2023-08-03T16:24:00.951-0500] {dagbag.py:541} INFO - Filling up the DagBag from /home/joha/airflow/dags/filesensor.py
[2023-08-03T16:24:00.981-0500] {processor.py:836} INFO - DAG(s) dict_keys(['filesensor']) retrieved from /home/joha/airflow/dags/filesensor.py
[2023-08-03T16:24:01.005-0500] {logging_mixin.py:150} INFO - [2023-08-03T16:24:01.004-0500] {dag.py:2742} INFO - Sync 1 DAGs
[2023-08-03T16:24:01.048-0500] {processor.py:179} INFO - Processing /home/joha/airflow/dags/filesensor.py took 0.121 seconds
[2023-08-03T16:24:35.572-0500] {processor.py:157} INFO - Started process (PID=15444) to work on /home/joha/airflow/dags/filesensor.py
[2023-08-03T16:24:35.582-0500] {processor.py:826} INFO - Processing file /home/joha/airflow/dags/filesensor.py for tasks to queue
[2023-08-03T16:24:35.585-0500] {logging_mixin.py:150} INFO - [2023-08-03T16:24:35.584-0500] {dagbag.py:541} INFO - Filling up the DagBag from /home/joha/airflow/dags/filesensor.py
[2023-08-03T16:24:35.618-0500] {processor.py:836} INFO - DAG(s) dict_keys(['filesensor']) retrieved from /home/joha/airflow/dags/filesensor.py
[2023-08-03T16:24:35.646-0500] {logging_mixin.py:150} INFO - [2023-08-03T16:24:35.646-0500] {dag.py:2742} INFO - Sync 1 DAGs
[2023-08-03T16:24:35.691-0500] {processor.py:179} INFO - Processing /home/joha/airflow/dags/filesensor.py took 0.130 seconds
[2023-08-03T16:25:09.664-0500] {processor.py:157} INFO - Started process (PID=15495) to work on /home/joha/airflow/dags/filesensor.py
[2023-08-03T16:25:09.671-0500] {processor.py:826} INFO - Processing file /home/joha/airflow/dags/filesensor.py for tasks to queue
[2023-08-03T16:25:09.672-0500] {logging_mixin.py:150} INFO - [2023-08-03T16:25:09.672-0500] {dagbag.py:541} INFO - Filling up the DagBag from /home/joha/airflow/dags/filesensor.py
[2023-08-03T16:25:09.682-0500] {processor.py:836} INFO - DAG(s) dict_keys(['filesensor']) retrieved from /home/joha/airflow/dags/filesensor.py
[2023-08-03T16:25:09.701-0500] {logging_mixin.py:150} INFO - [2023-08-03T16:25:09.701-0500] {dag.py:2742} INFO - Sync 1 DAGs
[2023-08-03T16:25:09.746-0500] {processor.py:179} INFO - Processing /home/joha/airflow/dags/filesensor.py took 0.086 seconds
[2023-08-03T16:25:44.234-0500] {processor.py:157} INFO - Started process (PID=15536) to work on /home/joha/airflow/dags/filesensor.py
[2023-08-03T16:25:44.243-0500] {processor.py:826} INFO - Processing file /home/joha/airflow/dags/filesensor.py for tasks to queue
[2023-08-03T16:25:44.244-0500] {logging_mixin.py:150} INFO - [2023-08-03T16:25:44.244-0500] {dagbag.py:541} INFO - Filling up the DagBag from /home/joha/airflow/dags/filesensor.py
[2023-08-03T16:25:44.261-0500] {processor.py:836} INFO - DAG(s) dict_keys(['filesensor']) retrieved from /home/joha/airflow/dags/filesensor.py
[2023-08-03T16:25:44.282-0500] {logging_mixin.py:150} INFO - [2023-08-03T16:25:44.282-0500] {dag.py:2742} INFO - Sync 1 DAGs
[2023-08-03T16:25:44.327-0500] {processor.py:179} INFO - Processing /home/joha/airflow/dags/filesensor.py took 0.098 seconds
[2023-08-03T16:26:20.188-0500] {processor.py:157} INFO - Started process (PID=15568) to work on /home/joha/airflow/dags/filesensor.py
[2023-08-03T16:26:20.196-0500] {processor.py:826} INFO - Processing file /home/joha/airflow/dags/filesensor.py for tasks to queue
[2023-08-03T16:26:20.197-0500] {logging_mixin.py:150} INFO - [2023-08-03T16:26:20.197-0500] {dagbag.py:541} INFO - Filling up the DagBag from /home/joha/airflow/dags/filesensor.py
[2023-08-03T16:26:20.209-0500] {processor.py:836} INFO - DAG(s) dict_keys(['filesensor']) retrieved from /home/joha/airflow/dags/filesensor.py
[2023-08-03T16:26:20.228-0500] {logging_mixin.py:150} INFO - [2023-08-03T16:26:20.228-0500] {dag.py:2742} INFO - Sync 1 DAGs
[2023-08-03T16:26:20.271-0500] {processor.py:179} INFO - Processing /home/joha/airflow/dags/filesensor.py took 0.087 seconds
[2023-08-03T16:26:55.673-0500] {processor.py:157} INFO - Started process (PID=15609) to work on /home/joha/airflow/dags/filesensor.py
[2023-08-03T16:26:55.681-0500] {processor.py:826} INFO - Processing file /home/joha/airflow/dags/filesensor.py for tasks to queue
[2023-08-03T16:26:55.683-0500] {logging_mixin.py:150} INFO - [2023-08-03T16:26:55.682-0500] {dagbag.py:541} INFO - Filling up the DagBag from /home/joha/airflow/dags/filesensor.py
[2023-08-03T16:26:55.700-0500] {processor.py:836} INFO - DAG(s) dict_keys(['filesensor']) retrieved from /home/joha/airflow/dags/filesensor.py
[2023-08-03T16:26:55.720-0500] {logging_mixin.py:150} INFO - [2023-08-03T16:26:55.720-0500] {dag.py:2742} INFO - Sync 1 DAGs
[2023-08-03T16:26:55.762-0500] {processor.py:179} INFO - Processing /home/joha/airflow/dags/filesensor.py took 0.094 seconds
[2023-08-03T16:27:29.467-0500] {processor.py:157} INFO - Started process (PID=15641) to work on /home/joha/airflow/dags/filesensor.py
[2023-08-03T16:27:29.474-0500] {processor.py:826} INFO - Processing file /home/joha/airflow/dags/filesensor.py for tasks to queue
[2023-08-03T16:27:29.476-0500] {logging_mixin.py:150} INFO - [2023-08-03T16:27:29.475-0500] {dagbag.py:541} INFO - Filling up the DagBag from /home/joha/airflow/dags/filesensor.py
[2023-08-03T16:27:29.488-0500] {processor.py:836} INFO - DAG(s) dict_keys(['filesensor']) retrieved from /home/joha/airflow/dags/filesensor.py
[2023-08-03T16:27:29.508-0500] {logging_mixin.py:150} INFO - [2023-08-03T16:27:29.507-0500] {dag.py:2742} INFO - Sync 1 DAGs
[2023-08-03T16:27:29.550-0500] {processor.py:179} INFO - Processing /home/joha/airflow/dags/filesensor.py took 0.088 seconds
[2023-08-03T16:28:02.254-0500] {processor.py:157} INFO - Started process (PID=15683) to work on /home/joha/airflow/dags/filesensor.py
[2023-08-03T16:28:02.262-0500] {processor.py:826} INFO - Processing file /home/joha/airflow/dags/filesensor.py for tasks to queue
[2023-08-03T16:28:02.264-0500] {logging_mixin.py:150} INFO - [2023-08-03T16:28:02.263-0500] {dagbag.py:541} INFO - Filling up the DagBag from /home/joha/airflow/dags/filesensor.py
[2023-08-03T16:28:02.281-0500] {processor.py:836} INFO - DAG(s) dict_keys(['filesensor']) retrieved from /home/joha/airflow/dags/filesensor.py
[2023-08-03T16:28:02.303-0500] {logging_mixin.py:150} INFO - [2023-08-03T16:28:02.302-0500] {dag.py:2742} INFO - Sync 1 DAGs
[2023-08-03T16:28:02.348-0500] {processor.py:179} INFO - Processing /home/joha/airflow/dags/filesensor.py took 0.101 seconds
[2023-08-03T16:28:35.284-0500] {processor.py:157} INFO - Started process (PID=15715) to work on /home/joha/airflow/dags/filesensor.py
[2023-08-03T16:28:35.293-0500] {processor.py:826} INFO - Processing file /home/joha/airflow/dags/filesensor.py for tasks to queue
[2023-08-03T16:28:35.295-0500] {logging_mixin.py:150} INFO - [2023-08-03T16:28:35.294-0500] {dagbag.py:541} INFO - Filling up the DagBag from /home/joha/airflow/dags/filesensor.py
[2023-08-03T16:28:35.312-0500] {processor.py:836} INFO - DAG(s) dict_keys(['filesensor']) retrieved from /home/joha/airflow/dags/filesensor.py
[2023-08-03T16:28:35.333-0500] {logging_mixin.py:150} INFO - [2023-08-03T16:28:35.333-0500] {dag.py:2742} INFO - Sync 1 DAGs
[2023-08-03T16:28:35.379-0500] {processor.py:179} INFO - Processing /home/joha/airflow/dags/filesensor.py took 0.100 seconds
[2023-08-03T16:29:08.310-0500] {processor.py:157} INFO - Started process (PID=15753) to work on /home/joha/airflow/dags/filesensor.py
[2023-08-03T16:29:08.318-0500] {processor.py:826} INFO - Processing file /home/joha/airflow/dags/filesensor.py for tasks to queue
[2023-08-03T16:29:08.319-0500] {logging_mixin.py:150} INFO - [2023-08-03T16:29:08.319-0500] {dagbag.py:541} INFO - Filling up the DagBag from /home/joha/airflow/dags/filesensor.py
[2023-08-03T16:29:08.330-0500] {processor.py:836} INFO - DAG(s) dict_keys(['filesensor']) retrieved from /home/joha/airflow/dags/filesensor.py
[2023-08-03T16:29:08.349-0500] {logging_mixin.py:150} INFO - [2023-08-03T16:29:08.348-0500] {dag.py:2742} INFO - Sync 1 DAGs
[2023-08-03T16:29:08.393-0500] {processor.py:179} INFO - Processing /home/joha/airflow/dags/filesensor.py took 0.087 seconds
[2023-08-03T16:29:41.713-0500] {processor.py:157} INFO - Started process (PID=15788) to work on /home/joha/airflow/dags/filesensor.py
[2023-08-03T16:29:41.722-0500] {processor.py:826} INFO - Processing file /home/joha/airflow/dags/filesensor.py for tasks to queue
[2023-08-03T16:29:41.723-0500] {logging_mixin.py:150} INFO - [2023-08-03T16:29:41.723-0500] {dagbag.py:541} INFO - Filling up the DagBag from /home/joha/airflow/dags/filesensor.py
[2023-08-03T16:29:41.739-0500] {processor.py:836} INFO - DAG(s) dict_keys(['filesensor']) retrieved from /home/joha/airflow/dags/filesensor.py
[2023-08-03T16:29:41.760-0500] {logging_mixin.py:150} INFO - [2023-08-03T16:29:41.759-0500] {dag.py:2742} INFO - Sync 1 DAGs
[2023-08-03T16:29:41.804-0500] {processor.py:179} INFO - Processing /home/joha/airflow/dags/filesensor.py took 0.097 seconds
[2023-08-03T16:30:20.565-0500] {processor.py:157} INFO - Started process (PID=15846) to work on /home/joha/airflow/dags/filesensor.py
[2023-08-03T16:30:20.573-0500] {processor.py:826} INFO - Processing file /home/joha/airflow/dags/filesensor.py for tasks to queue
[2023-08-03T16:30:20.574-0500] {logging_mixin.py:150} INFO - [2023-08-03T16:30:20.573-0500] {dagbag.py:541} INFO - Filling up the DagBag from /home/joha/airflow/dags/filesensor.py
[2023-08-03T16:30:20.589-0500] {processor.py:836} INFO - DAG(s) dict_keys(['filesensor']) retrieved from /home/joha/airflow/dags/filesensor.py
[2023-08-03T16:30:20.612-0500] {logging_mixin.py:150} INFO - [2023-08-03T16:30:20.611-0500] {dag.py:2742} INFO - Sync 1 DAGs
[2023-08-03T16:30:20.670-0500] {processor.py:179} INFO - Processing /home/joha/airflow/dags/filesensor.py took 0.108 seconds
[2023-08-03T16:31:00.677-0500] {processor.py:157} INFO - Started process (PID=15958) to work on /home/joha/airflow/dags/filesensor.py
[2023-08-03T16:31:00.685-0500] {processor.py:826} INFO - Processing file /home/joha/airflow/dags/filesensor.py for tasks to queue
[2023-08-03T16:31:00.687-0500] {logging_mixin.py:150} INFO - [2023-08-03T16:31:00.686-0500] {dagbag.py:541} INFO - Filling up the DagBag from /home/joha/airflow/dags/filesensor.py
[2023-08-03T16:31:00.699-0500] {processor.py:836} INFO - DAG(s) dict_keys(['filesensor']) retrieved from /home/joha/airflow/dags/filesensor.py
[2023-08-03T16:31:00.722-0500] {logging_mixin.py:150} INFO - [2023-08-03T16:31:00.722-0500] {dag.py:2742} INFO - Sync 1 DAGs
[2023-08-03T16:31:00.768-0500] {processor.py:179} INFO - Processing /home/joha/airflow/dags/filesensor.py took 0.095 seconds
[2023-08-03T16:31:39.491-0500] {processor.py:157} INFO - Started process (PID=16029) to work on /home/joha/airflow/dags/filesensor.py
[2023-08-03T16:31:39.499-0500] {processor.py:826} INFO - Processing file /home/joha/airflow/dags/filesensor.py for tasks to queue
[2023-08-03T16:31:39.501-0500] {logging_mixin.py:150} INFO - [2023-08-03T16:31:39.500-0500] {dagbag.py:541} INFO - Filling up the DagBag from /home/joha/airflow/dags/filesensor.py
[2023-08-03T16:31:39.515-0500] {processor.py:836} INFO - DAG(s) dict_keys(['filesensor']) retrieved from /home/joha/airflow/dags/filesensor.py
[2023-08-03T16:31:39.539-0500] {logging_mixin.py:150} INFO - [2023-08-03T16:31:39.539-0500] {dag.py:2742} INFO - Sync 1 DAGs
[2023-08-03T16:31:39.587-0500] {processor.py:179} INFO - Processing /home/joha/airflow/dags/filesensor.py took 0.102 seconds
[2023-08-03T16:32:14.678-0500] {processor.py:157} INFO - Started process (PID=16091) to work on /home/joha/airflow/dags/filesensor.py
[2023-08-03T16:32:14.686-0500] {processor.py:826} INFO - Processing file /home/joha/airflow/dags/filesensor.py for tasks to queue
[2023-08-03T16:32:14.687-0500] {logging_mixin.py:150} INFO - [2023-08-03T16:32:14.686-0500] {dagbag.py:541} INFO - Filling up the DagBag from /home/joha/airflow/dags/filesensor.py
[2023-08-03T16:32:14.702-0500] {processor.py:836} INFO - DAG(s) dict_keys(['filesensor']) retrieved from /home/joha/airflow/dags/filesensor.py
[2023-08-03T16:32:14.722-0500] {logging_mixin.py:150} INFO - [2023-08-03T16:32:14.722-0500] {dag.py:2742} INFO - Sync 1 DAGs
[2023-08-03T16:32:14.793-0500] {processor.py:179} INFO - Processing /home/joha/airflow/dags/filesensor.py took 0.119 seconds
[2023-08-03T16:32:50.755-0500] {processor.py:157} INFO - Started process (PID=16131) to work on /home/joha/airflow/dags/filesensor.py
[2023-08-03T16:32:50.762-0500] {processor.py:826} INFO - Processing file /home/joha/airflow/dags/filesensor.py for tasks to queue
[2023-08-03T16:32:50.763-0500] {logging_mixin.py:150} INFO - [2023-08-03T16:32:50.763-0500] {dagbag.py:541} INFO - Filling up the DagBag from /home/joha/airflow/dags/filesensor.py
[2023-08-03T16:32:50.781-0500] {processor.py:836} INFO - DAG(s) dict_keys(['filesensor']) retrieved from /home/joha/airflow/dags/filesensor.py
[2023-08-03T16:32:50.801-0500] {logging_mixin.py:150} INFO - [2023-08-03T16:32:50.800-0500] {dag.py:2742} INFO - Sync 1 DAGs
[2023-08-03T16:32:50.862-0500] {processor.py:179} INFO - Processing /home/joha/airflow/dags/filesensor.py took 0.111 seconds
[2023-08-03T16:33:26.408-0500] {processor.py:157} INFO - Started process (PID=16164) to work on /home/joha/airflow/dags/filesensor.py
[2023-08-03T16:33:26.416-0500] {processor.py:826} INFO - Processing file /home/joha/airflow/dags/filesensor.py for tasks to queue
[2023-08-03T16:33:26.418-0500] {logging_mixin.py:150} INFO - [2023-08-03T16:33:26.417-0500] {dagbag.py:541} INFO - Filling up the DagBag from /home/joha/airflow/dags/filesensor.py
[2023-08-03T16:33:26.430-0500] {processor.py:836} INFO - DAG(s) dict_keys(['filesensor']) retrieved from /home/joha/airflow/dags/filesensor.py
[2023-08-03T16:33:26.456-0500] {logging_mixin.py:150} INFO - [2023-08-03T16:33:26.456-0500] {dag.py:2742} INFO - Sync 1 DAGs
[2023-08-03T16:33:26.518-0500] {processor.py:179} INFO - Processing /home/joha/airflow/dags/filesensor.py took 0.116 seconds
[2023-08-03T16:34:00.556-0500] {processor.py:157} INFO - Started process (PID=16207) to work on /home/joha/airflow/dags/filesensor.py
[2023-08-03T16:34:00.568-0500] {processor.py:826} INFO - Processing file /home/joha/airflow/dags/filesensor.py for tasks to queue
[2023-08-03T16:34:00.570-0500] {logging_mixin.py:150} INFO - [2023-08-03T16:34:00.569-0500] {dagbag.py:541} INFO - Filling up the DagBag from /home/joha/airflow/dags/filesensor.py
[2023-08-03T16:34:00.582-0500] {processor.py:836} INFO - DAG(s) dict_keys(['filesensor']) retrieved from /home/joha/airflow/dags/filesensor.py
[2023-08-03T16:34:00.605-0500] {logging_mixin.py:150} INFO - [2023-08-03T16:34:00.605-0500] {dag.py:2742} INFO - Sync 1 DAGs
[2023-08-03T16:34:00.729-0500] {processor.py:179} INFO - Processing /home/joha/airflow/dags/filesensor.py took 0.177 seconds
[2023-08-03T16:34:35.756-0500] {processor.py:157} INFO - Started process (PID=16259) to work on /home/joha/airflow/dags/filesensor.py
[2023-08-03T16:34:35.764-0500] {processor.py:826} INFO - Processing file /home/joha/airflow/dags/filesensor.py for tasks to queue
[2023-08-03T16:34:35.765-0500] {logging_mixin.py:150} INFO - [2023-08-03T16:34:35.765-0500] {dagbag.py:541} INFO - Filling up the DagBag from /home/joha/airflow/dags/filesensor.py
[2023-08-03T16:34:35.781-0500] {processor.py:836} INFO - DAG(s) dict_keys(['filesensor']) retrieved from /home/joha/airflow/dags/filesensor.py
[2023-08-03T16:34:35.805-0500] {logging_mixin.py:150} INFO - [2023-08-03T16:34:35.804-0500] {dag.py:2742} INFO - Sync 1 DAGs
[2023-08-03T16:34:35.867-0500] {processor.py:179} INFO - Processing /home/joha/airflow/dags/filesensor.py took 0.115 seconds
[2023-08-03T16:35:13.532-0500] {processor.py:157} INFO - Started process (PID=16505) to work on /home/joha/airflow/dags/filesensor.py
[2023-08-03T16:35:13.538-0500] {processor.py:826} INFO - Processing file /home/joha/airflow/dags/filesensor.py for tasks to queue
[2023-08-03T16:35:13.539-0500] {logging_mixin.py:150} INFO - [2023-08-03T16:35:13.539-0500] {dagbag.py:541} INFO - Filling up the DagBag from /home/joha/airflow/dags/filesensor.py
[2023-08-03T16:35:13.549-0500] {processor.py:836} INFO - DAG(s) dict_keys(['filesensor']) retrieved from /home/joha/airflow/dags/filesensor.py
[2023-08-03T16:35:13.577-0500] {logging_mixin.py:150} INFO - [2023-08-03T16:35:13.577-0500] {dag.py:2742} INFO - Sync 1 DAGs
[2023-08-03T16:35:13.745-0500] {processor.py:179} INFO - Processing /home/joha/airflow/dags/filesensor.py took 0.216 seconds
[2023-08-03T16:35:52.964-0500] {processor.py:157} INFO - Started process (PID=16598) to work on /home/joha/airflow/dags/filesensor.py
[2023-08-03T16:35:52.971-0500] {processor.py:826} INFO - Processing file /home/joha/airflow/dags/filesensor.py for tasks to queue
[2023-08-03T16:35:52.972-0500] {logging_mixin.py:150} INFO - [2023-08-03T16:35:52.972-0500] {dagbag.py:541} INFO - Filling up the DagBag from /home/joha/airflow/dags/filesensor.py
[2023-08-03T16:35:52.983-0500] {processor.py:836} INFO - DAG(s) dict_keys(['filesensor']) retrieved from /home/joha/airflow/dags/filesensor.py
[2023-08-03T16:35:53.005-0500] {logging_mixin.py:150} INFO - [2023-08-03T16:35:53.004-0500] {dag.py:2742} INFO - Sync 1 DAGs
[2023-08-03T16:35:53.058-0500] {processor.py:179} INFO - Processing /home/joha/airflow/dags/filesensor.py took 0.098 seconds
[2023-08-03T16:36:32.009-0500] {processor.py:157} INFO - Started process (PID=17466) to work on /home/joha/airflow/dags/filesensor.py
[2023-08-03T16:36:32.018-0500] {processor.py:826} INFO - Processing file /home/joha/airflow/dags/filesensor.py for tasks to queue
[2023-08-03T16:36:32.020-0500] {logging_mixin.py:150} INFO - [2023-08-03T16:36:32.019-0500] {dagbag.py:541} INFO - Filling up the DagBag from /home/joha/airflow/dags/filesensor.py
[2023-08-03T16:36:32.035-0500] {processor.py:836} INFO - DAG(s) dict_keys(['filesensor']) retrieved from /home/joha/airflow/dags/filesensor.py
[2023-08-03T16:36:32.063-0500] {logging_mixin.py:150} INFO - [2023-08-03T16:36:32.063-0500] {dag.py:2742} INFO - Sync 1 DAGs
[2023-08-03T16:36:32.120-0500] {processor.py:179} INFO - Processing /home/joha/airflow/dags/filesensor.py took 0.116 seconds
[2023-08-03T16:37:09.180-0500] {processor.py:157} INFO - Started process (PID=17514) to work on /home/joha/airflow/dags/filesensor.py
[2023-08-03T16:37:09.189-0500] {processor.py:826} INFO - Processing file /home/joha/airflow/dags/filesensor.py for tasks to queue
[2023-08-03T16:37:09.190-0500] {logging_mixin.py:150} INFO - [2023-08-03T16:37:09.190-0500] {dagbag.py:541} INFO - Filling up the DagBag from /home/joha/airflow/dags/filesensor.py
[2023-08-03T16:37:09.201-0500] {processor.py:836} INFO - DAG(s) dict_keys(['filesensor']) retrieved from /home/joha/airflow/dags/filesensor.py
[2023-08-03T16:37:09.226-0500] {logging_mixin.py:150} INFO - [2023-08-03T16:37:09.225-0500] {dag.py:2742} INFO - Sync 1 DAGs
[2023-08-03T16:37:09.410-0500] {processor.py:179} INFO - Processing /home/joha/airflow/dags/filesensor.py took 0.235 seconds
[2023-08-03T16:37:46.260-0500] {processor.py:157} INFO - Started process (PID=17557) to work on /home/joha/airflow/dags/filesensor.py
[2023-08-03T16:37:46.271-0500] {processor.py:826} INFO - Processing file /home/joha/airflow/dags/filesensor.py for tasks to queue
[2023-08-03T16:37:46.276-0500] {logging_mixin.py:150} INFO - [2023-08-03T16:37:46.275-0500] {dagbag.py:541} INFO - Filling up the DagBag from /home/joha/airflow/dags/filesensor.py
[2023-08-03T16:37:46.319-0500] {processor.py:836} INFO - DAG(s) dict_keys(['filesensor']) retrieved from /home/joha/airflow/dags/filesensor.py
[2023-08-03T16:37:46.375-0500] {logging_mixin.py:150} INFO - [2023-08-03T16:37:46.375-0500] {dag.py:2742} INFO - Sync 1 DAGs
[2023-08-03T16:37:46.425-0500] {processor.py:179} INFO - Processing /home/joha/airflow/dags/filesensor.py took 0.169 seconds
[2023-08-03T16:38:29.670-0500] {processor.py:157} INFO - Started process (PID=17608) to work on /home/joha/airflow/dags/filesensor.py
[2023-08-03T16:38:29.680-0500] {processor.py:826} INFO - Processing file /home/joha/airflow/dags/filesensor.py for tasks to queue
[2023-08-03T16:38:29.683-0500] {logging_mixin.py:150} INFO - [2023-08-03T16:38:29.682-0500] {dagbag.py:541} INFO - Filling up the DagBag from /home/joha/airflow/dags/filesensor.py
[2023-08-03T16:38:29.725-0500] {processor.py:836} INFO - DAG(s) dict_keys(['filesensor']) retrieved from /home/joha/airflow/dags/filesensor.py
[2023-08-03T16:38:29.758-0500] {logging_mixin.py:150} INFO - [2023-08-03T16:38:29.758-0500] {dag.py:2742} INFO - Sync 1 DAGs
[2023-08-03T16:38:29.806-0500] {processor.py:179} INFO - Processing /home/joha/airflow/dags/filesensor.py took 0.148 seconds
[2023-08-03T16:39:59.687-0500] {processor.py:157} INFO - Started process (PID=17717) to work on /home/joha/airflow/dags/filesensor.py
[2023-08-03T16:39:59.700-0500] {processor.py:826} INFO - Processing file /home/joha/airflow/dags/filesensor.py for tasks to queue
[2023-08-03T16:39:59.706-0500] {logging_mixin.py:150} INFO - [2023-08-03T16:39:59.704-0500] {dagbag.py:541} INFO - Filling up the DagBag from /home/joha/airflow/dags/filesensor.py
[2023-08-03T16:39:59.791-0500] {processor.py:836} INFO - DAG(s) dict_keys(['filesensor']) retrieved from /home/joha/airflow/dags/filesensor.py
[2023-08-03T16:39:59.995-0500] {logging_mixin.py:150} INFO - [2023-08-03T16:39:59.994-0500] {dag.py:2742} INFO - Sync 1 DAGs
[2023-08-03T16:40:01.043-0500] {processor.py:179} INFO - Processing /home/joha/airflow/dags/filesensor.py took 1.380 seconds
[2023-08-03T16:42:06.246-0500] {processor.py:157} INFO - Started process (PID=17868) to work on /home/joha/airflow/dags/filesensor.py
[2023-08-03T16:42:06.258-0500] {processor.py:826} INFO - Processing file /home/joha/airflow/dags/filesensor.py for tasks to queue
[2023-08-03T16:42:06.265-0500] {logging_mixin.py:150} INFO - [2023-08-03T16:42:06.262-0500] {dagbag.py:541} INFO - Filling up the DagBag from /home/joha/airflow/dags/filesensor.py
[2023-08-03T16:42:06.350-0500] {processor.py:836} INFO - DAG(s) dict_keys(['filesensor']) retrieved from /home/joha/airflow/dags/filesensor.py
[2023-08-03T16:42:06.510-0500] {logging_mixin.py:150} INFO - [2023-08-03T16:42:06.508-0500] {dag.py:2742} INFO - Sync 1 DAGs
[2023-08-03T16:42:06.843-0500] {processor.py:179} INFO - Processing /home/joha/airflow/dags/filesensor.py took 0.622 seconds
[2023-08-03T16:43:26.682-0500] {processor.py:157} INFO - Started process (PID=17933) to work on /home/joha/airflow/dags/filesensor.py
[2023-08-03T16:43:26.694-0500] {processor.py:826} INFO - Processing file /home/joha/airflow/dags/filesensor.py for tasks to queue
[2023-08-03T16:43:26.699-0500] {logging_mixin.py:150} INFO - [2023-08-03T16:43:26.697-0500] {dagbag.py:541} INFO - Filling up the DagBag from /home/joha/airflow/dags/filesensor.py
[2023-08-03T16:43:26.753-0500] {processor.py:836} INFO - DAG(s) dict_keys(['filesensor']) retrieved from /home/joha/airflow/dags/filesensor.py
[2023-08-03T16:43:26.852-0500] {logging_mixin.py:150} INFO - [2023-08-03T16:43:26.851-0500] {dag.py:2742} INFO - Sync 1 DAGs
[2023-08-03T16:43:27.550-0500] {processor.py:179} INFO - Processing /home/joha/airflow/dags/filesensor.py took 0.886 seconds
[2023-08-03T16:44:17.944-0500] {processor.py:157} INFO - Started process (PID=17979) to work on /home/joha/airflow/dags/filesensor.py
[2023-08-03T16:44:17.952-0500] {processor.py:826} INFO - Processing file /home/joha/airflow/dags/filesensor.py for tasks to queue
[2023-08-03T16:44:17.953-0500] {logging_mixin.py:150} INFO - [2023-08-03T16:44:17.952-0500] {dagbag.py:541} INFO - Filling up the DagBag from /home/joha/airflow/dags/filesensor.py
[2023-08-03T16:44:17.961-0500] {processor.py:836} INFO - DAG(s) dict_keys(['filesensor']) retrieved from /home/joha/airflow/dags/filesensor.py
[2023-08-03T16:44:17.977-0500] {logging_mixin.py:150} INFO - [2023-08-03T16:44:17.977-0500] {dag.py:2742} INFO - Sync 1 DAGs
[2023-08-03T16:44:18.014-0500] {processor.py:179} INFO - Processing /home/joha/airflow/dags/filesensor.py took 0.073 seconds
[2023-08-03T16:44:52.849-0500] {processor.py:157} INFO - Started process (PID=18022) to work on /home/joha/airflow/dags/filesensor.py
[2023-08-03T16:44:52.858-0500] {processor.py:826} INFO - Processing file /home/joha/airflow/dags/filesensor.py for tasks to queue
[2023-08-03T16:44:52.860-0500] {logging_mixin.py:150} INFO - [2023-08-03T16:44:52.859-0500] {dagbag.py:541} INFO - Filling up the DagBag from /home/joha/airflow/dags/filesensor.py
[2023-08-03T16:44:52.887-0500] {processor.py:836} INFO - DAG(s) dict_keys(['filesensor']) retrieved from /home/joha/airflow/dags/filesensor.py
[2023-08-03T16:44:52.907-0500] {logging_mixin.py:150} INFO - [2023-08-03T16:44:52.907-0500] {dag.py:2742} INFO - Sync 1 DAGs
[2023-08-03T16:44:52.943-0500] {processor.py:179} INFO - Processing /home/joha/airflow/dags/filesensor.py took 0.097 seconds
[2023-08-03T16:45:26.664-0500] {processor.py:157} INFO - Started process (PID=18057) to work on /home/joha/airflow/dags/filesensor.py
[2023-08-03T16:45:26.672-0500] {processor.py:826} INFO - Processing file /home/joha/airflow/dags/filesensor.py for tasks to queue
[2023-08-03T16:45:26.675-0500] {logging_mixin.py:150} INFO - [2023-08-03T16:45:26.674-0500] {dagbag.py:541} INFO - Filling up the DagBag from /home/joha/airflow/dags/filesensor.py
[2023-08-03T16:45:26.702-0500] {processor.py:836} INFO - DAG(s) dict_keys(['filesensor']) retrieved from /home/joha/airflow/dags/filesensor.py
[2023-08-03T16:45:26.723-0500] {logging_mixin.py:150} INFO - [2023-08-03T16:45:26.723-0500] {dag.py:2742} INFO - Sync 1 DAGs
[2023-08-03T16:45:26.859-0500] {processor.py:179} INFO - Processing /home/joha/airflow/dags/filesensor.py took 0.198 seconds
[2023-08-03T16:46:02.671-0500] {processor.py:157} INFO - Started process (PID=18099) to work on /home/joha/airflow/dags/filesensor.py
[2023-08-03T16:46:02.679-0500] {processor.py:826} INFO - Processing file /home/joha/airflow/dags/filesensor.py for tasks to queue
[2023-08-03T16:46:02.680-0500] {logging_mixin.py:150} INFO - [2023-08-03T16:46:02.679-0500] {dagbag.py:541} INFO - Filling up the DagBag from /home/joha/airflow/dags/filesensor.py
[2023-08-03T16:46:02.691-0500] {processor.py:836} INFO - DAG(s) dict_keys(['filesensor']) retrieved from /home/joha/airflow/dags/filesensor.py
[2023-08-03T16:46:02.711-0500] {logging_mixin.py:150} INFO - [2023-08-03T16:46:02.711-0500] {dag.py:2742} INFO - Sync 1 DAGs
[2023-08-03T16:46:02.747-0500] {processor.py:179} INFO - Processing /home/joha/airflow/dags/filesensor.py took 0.079 seconds
[2023-08-03T16:46:38.032-0500] {processor.py:157} INFO - Started process (PID=18135) to work on /home/joha/airflow/dags/filesensor.py
[2023-08-03T16:46:38.039-0500] {processor.py:826} INFO - Processing file /home/joha/airflow/dags/filesensor.py for tasks to queue
[2023-08-03T16:46:38.040-0500] {logging_mixin.py:150} INFO - [2023-08-03T16:46:38.040-0500] {dagbag.py:541} INFO - Filling up the DagBag from /home/joha/airflow/dags/filesensor.py
[2023-08-03T16:46:38.049-0500] {processor.py:836} INFO - DAG(s) dict_keys(['filesensor']) retrieved from /home/joha/airflow/dags/filesensor.py
[2023-08-03T16:46:38.065-0500] {logging_mixin.py:150} INFO - [2023-08-03T16:46:38.065-0500] {dag.py:2742} INFO - Sync 1 DAGs
[2023-08-03T16:46:38.101-0500] {processor.py:179} INFO - Processing /home/joha/airflow/dags/filesensor.py took 0.072 seconds
[2023-08-03T16:47:50.135-0500] {processor.py:157} INFO - Started process (PID=18241) to work on /home/joha/airflow/dags/filesensor.py
[2023-08-03T16:47:50.142-0500] {processor.py:826} INFO - Processing file /home/joha/airflow/dags/filesensor.py for tasks to queue
[2023-08-03T16:47:50.143-0500] {logging_mixin.py:150} INFO - [2023-08-03T16:47:50.142-0500] {dagbag.py:541} INFO - Filling up the DagBag from /home/joha/airflow/dags/filesensor.py
[2023-08-03T16:47:50.159-0500] {processor.py:836} INFO - DAG(s) dict_keys(['filesensor']) retrieved from /home/joha/airflow/dags/filesensor.py
[2023-08-03T16:47:50.184-0500] {logging_mixin.py:150} INFO - [2023-08-03T16:47:50.184-0500] {dag.py:2742} INFO - Sync 1 DAGs
[2023-08-03T16:47:50.401-0500] {processor.py:179} INFO - Processing /home/joha/airflow/dags/filesensor.py took 0.270 seconds
[2023-08-03T16:48:39.120-0500] {processor.py:157} INFO - Started process (PID=18318) to work on /home/joha/airflow/dags/filesensor.py
[2023-08-03T16:48:39.129-0500] {processor.py:826} INFO - Processing file /home/joha/airflow/dags/filesensor.py for tasks to queue
[2023-08-03T16:48:39.130-0500] {logging_mixin.py:150} INFO - [2023-08-03T16:48:39.130-0500] {dagbag.py:541} INFO - Filling up the DagBag from /home/joha/airflow/dags/filesensor.py
[2023-08-03T16:48:39.141-0500] {processor.py:836} INFO - DAG(s) dict_keys(['filesensor']) retrieved from /home/joha/airflow/dags/filesensor.py
[2023-08-03T16:48:39.169-0500] {logging_mixin.py:150} INFO - [2023-08-03T16:48:39.168-0500] {dag.py:2742} INFO - Sync 1 DAGs
[2023-08-03T16:48:39.238-0500] {processor.py:179} INFO - Processing /home/joha/airflow/dags/filesensor.py took 0.126 seconds
[2023-08-03T16:49:20.477-0500] {processor.py:157} INFO - Started process (PID=18371) to work on /home/joha/airflow/dags/filesensor.py
[2023-08-03T16:49:20.485-0500] {processor.py:826} INFO - Processing file /home/joha/airflow/dags/filesensor.py for tasks to queue
[2023-08-03T16:49:20.488-0500] {logging_mixin.py:150} INFO - [2023-08-03T16:49:20.487-0500] {dagbag.py:541} INFO - Filling up the DagBag from /home/joha/airflow/dags/filesensor.py
[2023-08-03T16:49:20.504-0500] {processor.py:836} INFO - DAG(s) dict_keys(['filesensor']) retrieved from /home/joha/airflow/dags/filesensor.py
[2023-08-03T16:49:20.536-0500] {logging_mixin.py:150} INFO - [2023-08-03T16:49:20.535-0500] {dag.py:2742} INFO - Sync 1 DAGs
[2023-08-03T16:49:20.826-0500] {processor.py:179} INFO - Processing /home/joha/airflow/dags/filesensor.py took 0.356 seconds
[2023-08-03T16:50:05.367-0500] {processor.py:157} INFO - Started process (PID=18459) to work on /home/joha/airflow/dags/filesensor.py
[2023-08-03T16:50:05.376-0500] {processor.py:826} INFO - Processing file /home/joha/airflow/dags/filesensor.py for tasks to queue
[2023-08-03T16:50:05.377-0500] {logging_mixin.py:150} INFO - [2023-08-03T16:50:05.376-0500] {dagbag.py:541} INFO - Filling up the DagBag from /home/joha/airflow/dags/filesensor.py
[2023-08-03T16:50:05.394-0500] {processor.py:836} INFO - DAG(s) dict_keys(['filesensor']) retrieved from /home/joha/airflow/dags/filesensor.py
[2023-08-03T16:50:05.414-0500] {logging_mixin.py:150} INFO - [2023-08-03T16:50:05.414-0500] {dag.py:2742} INFO - Sync 1 DAGs
[2023-08-03T16:50:05.579-0500] {processor.py:179} INFO - Processing /home/joha/airflow/dags/filesensor.py took 0.217 seconds
[2023-08-03T16:50:45.429-0500] {processor.py:157} INFO - Started process (PID=18516) to work on /home/joha/airflow/dags/filesensor.py
[2023-08-03T16:50:45.437-0500] {processor.py:826} INFO - Processing file /home/joha/airflow/dags/filesensor.py for tasks to queue
[2023-08-03T16:50:45.440-0500] {logging_mixin.py:150} INFO - [2023-08-03T16:50:45.439-0500] {dagbag.py:541} INFO - Filling up the DagBag from /home/joha/airflow/dags/filesensor.py
[2023-08-03T16:50:45.455-0500] {processor.py:836} INFO - DAG(s) dict_keys(['filesensor']) retrieved from /home/joha/airflow/dags/filesensor.py
[2023-08-03T16:50:45.484-0500] {logging_mixin.py:150} INFO - [2023-08-03T16:50:45.484-0500] {dag.py:2742} INFO - Sync 1 DAGs
[2023-08-03T16:50:45.558-0500] {processor.py:179} INFO - Processing /home/joha/airflow/dags/filesensor.py took 0.132 seconds
[2023-08-03T16:51:23.458-0500] {processor.py:157} INFO - Started process (PID=18602) to work on /home/joha/airflow/dags/filesensor.py
[2023-08-03T16:51:23.466-0500] {processor.py:826} INFO - Processing file /home/joha/airflow/dags/filesensor.py for tasks to queue
[2023-08-03T16:51:23.469-0500] {logging_mixin.py:150} INFO - [2023-08-03T16:51:23.468-0500] {dagbag.py:541} INFO - Filling up the DagBag from /home/joha/airflow/dags/filesensor.py
[2023-08-03T16:51:23.492-0500] {processor.py:836} INFO - DAG(s) dict_keys(['filesensor']) retrieved from /home/joha/airflow/dags/filesensor.py
[2023-08-03T16:51:23.511-0500] {logging_mixin.py:150} INFO - [2023-08-03T16:51:23.511-0500] {dag.py:2742} INFO - Sync 1 DAGs
[2023-08-03T16:51:23.663-0500] {processor.py:179} INFO - Processing /home/joha/airflow/dags/filesensor.py took 0.210 seconds
[2023-08-03T17:59:53.950-0500] {processor.py:157} INFO - Started process (PID=19146) to work on /home/joha/airflow/dags/filesensor.py
[2023-08-03T17:59:53.958-0500] {processor.py:826} INFO - Processing file /home/joha/airflow/dags/filesensor.py for tasks to queue
[2023-08-03T17:59:53.960-0500] {logging_mixin.py:150} INFO - [2023-08-03T17:59:53.958-0500] {dagbag.py:541} INFO - Filling up the DagBag from /home/joha/airflow/dags/filesensor.py
[2023-08-03T17:59:53.974-0500] {processor.py:836} INFO - DAG(s) dict_keys(['filesensor']) retrieved from /home/joha/airflow/dags/filesensor.py
[2023-08-03T17:59:54.003-0500] {logging_mixin.py:150} INFO - [2023-08-03T17:59:54.003-0500] {dag.py:2742} INFO - Sync 1 DAGs
[2023-08-03T17:59:54.224-0500] {processor.py:179} INFO - Processing /home/joha/airflow/dags/filesensor.py took 0.278 seconds
[2023-08-03T18:00:39.050-0500] {processor.py:157} INFO - Started process (PID=19235) to work on /home/joha/airflow/dags/filesensor.py
[2023-08-03T18:00:39.052-0500] {processor.py:826} INFO - Processing file /home/joha/airflow/dags/filesensor.py for tasks to queue
[2023-08-03T18:00:39.053-0500] {logging_mixin.py:150} INFO - [2023-08-03T18:00:39.052-0500] {dagbag.py:541} INFO - Filling up the DagBag from /home/joha/airflow/dags/filesensor.py
[2023-08-03T18:00:39.063-0500] {processor.py:836} INFO - DAG(s) dict_keys(['filesensor']) retrieved from /home/joha/airflow/dags/filesensor.py
[2023-08-03T18:00:39.087-0500] {logging_mixin.py:150} INFO - [2023-08-03T18:00:39.087-0500] {dag.py:2742} INFO - Sync 1 DAGs
[2023-08-03T18:00:39.129-0500] {processor.py:179} INFO - Processing /home/joha/airflow/dags/filesensor.py took 0.082 seconds
[2023-08-03T18:01:19.386-0500] {processor.py:157} INFO - Started process (PID=20152) to work on /home/joha/airflow/dags/filesensor.py
[2023-08-03T18:01:19.394-0500] {processor.py:826} INFO - Processing file /home/joha/airflow/dags/filesensor.py for tasks to queue
[2023-08-03T18:01:19.396-0500] {logging_mixin.py:150} INFO - [2023-08-03T18:01:19.395-0500] {dagbag.py:541} INFO - Filling up the DagBag from /home/joha/airflow/dags/filesensor.py
[2023-08-03T18:01:19.407-0500] {processor.py:836} INFO - DAG(s) dict_keys(['filesensor']) retrieved from /home/joha/airflow/dags/filesensor.py
[2023-08-03T18:01:19.429-0500] {logging_mixin.py:150} INFO - [2023-08-03T18:01:19.428-0500] {dag.py:2742} INFO - Sync 1 DAGs
[2023-08-03T18:01:19.558-0500] {processor.py:179} INFO - Processing /home/joha/airflow/dags/filesensor.py took 0.176 seconds
[2023-08-03T18:01:53.316-0500] {processor.py:157} INFO - Started process (PID=20192) to work on /home/joha/airflow/dags/filesensor.py
[2023-08-03T18:01:53.324-0500] {processor.py:826} INFO - Processing file /home/joha/airflow/dags/filesensor.py for tasks to queue
[2023-08-03T18:01:53.325-0500] {logging_mixin.py:150} INFO - [2023-08-03T18:01:53.324-0500] {dagbag.py:541} INFO - Filling up the DagBag from /home/joha/airflow/dags/filesensor.py
[2023-08-03T18:01:53.335-0500] {processor.py:836} INFO - DAG(s) dict_keys(['filesensor']) retrieved from /home/joha/airflow/dags/filesensor.py
[2023-08-03T18:01:53.354-0500] {logging_mixin.py:150} INFO - [2023-08-03T18:01:53.354-0500] {dag.py:2742} INFO - Sync 1 DAGs
[2023-08-03T18:01:53.399-0500] {processor.py:179} INFO - Processing /home/joha/airflow/dags/filesensor.py took 0.086 seconds
[2023-08-03T18:02:24.883-0500] {processor.py:157} INFO - Started process (PID=20226) to work on /home/joha/airflow/dags/filesensor.py
[2023-08-03T18:02:24.891-0500] {processor.py:826} INFO - Processing file /home/joha/airflow/dags/filesensor.py for tasks to queue
[2023-08-03T18:02:24.894-0500] {logging_mixin.py:150} INFO - [2023-08-03T18:02:24.893-0500] {dagbag.py:541} INFO - Filling up the DagBag from /home/joha/airflow/dags/filesensor.py
[2023-08-03T18:02:24.921-0500] {processor.py:836} INFO - DAG(s) dict_keys(['filesensor']) retrieved from /home/joha/airflow/dags/filesensor.py
[2023-08-03T18:02:24.941-0500] {logging_mixin.py:150} INFO - [2023-08-03T18:02:24.940-0500] {dag.py:2742} INFO - Sync 1 DAGs
[2023-08-03T18:02:24.978-0500] {processor.py:179} INFO - Processing /home/joha/airflow/dags/filesensor.py took 0.098 seconds
[2023-08-03T18:03:25.974-0500] {processor.py:157} INFO - Started process (PID=20296) to work on /home/joha/airflow/dags/filesensor.py
[2023-08-03T18:03:25.982-0500] {processor.py:826} INFO - Processing file /home/joha/airflow/dags/filesensor.py for tasks to queue
[2023-08-03T18:03:25.983-0500] {logging_mixin.py:150} INFO - [2023-08-03T18:03:25.983-0500] {dagbag.py:541} INFO - Filling up the DagBag from /home/joha/airflow/dags/filesensor.py
[2023-08-03T18:03:26.000-0500] {processor.py:836} INFO - DAG(s) dict_keys(['filesensor']) retrieved from /home/joha/airflow/dags/filesensor.py
[2023-08-03T18:03:26.021-0500] {logging_mixin.py:150} INFO - [2023-08-03T18:03:26.021-0500] {dag.py:2742} INFO - Sync 1 DAGs
[2023-08-03T18:03:26.062-0500] {processor.py:179} INFO - Processing /home/joha/airflow/dags/filesensor.py took 0.093 seconds
[2023-08-03T18:04:00.105-0500] {processor.py:157} INFO - Started process (PID=20336) to work on /home/joha/airflow/dags/filesensor.py
[2023-08-03T18:04:00.114-0500] {processor.py:826} INFO - Processing file /home/joha/airflow/dags/filesensor.py for tasks to queue
[2023-08-03T18:04:00.117-0500] {logging_mixin.py:150} INFO - [2023-08-03T18:04:00.115-0500] {dagbag.py:541} INFO - Filling up the DagBag from /home/joha/airflow/dags/filesensor.py
[2023-08-03T18:04:00.142-0500] {processor.py:836} INFO - DAG(s) dict_keys(['filesensor']) retrieved from /home/joha/airflow/dags/filesensor.py
[2023-08-03T18:04:00.160-0500] {logging_mixin.py:150} INFO - [2023-08-03T18:04:00.160-0500] {dag.py:2742} INFO - Sync 1 DAGs
[2023-08-03T18:04:00.200-0500] {processor.py:179} INFO - Processing /home/joha/airflow/dags/filesensor.py took 0.100 seconds
[2023-08-03T18:04:33.595-0500] {processor.py:157} INFO - Started process (PID=20380) to work on /home/joha/airflow/dags/filesensor.py
[2023-08-03T18:04:33.602-0500] {processor.py:826} INFO - Processing file /home/joha/airflow/dags/filesensor.py for tasks to queue
[2023-08-03T18:04:33.603-0500] {logging_mixin.py:150} INFO - [2023-08-03T18:04:33.603-0500] {dagbag.py:541} INFO - Filling up the DagBag from /home/joha/airflow/dags/filesensor.py
[2023-08-03T18:04:33.620-0500] {processor.py:836} INFO - DAG(s) dict_keys(['filesensor']) retrieved from /home/joha/airflow/dags/filesensor.py
[2023-08-03T18:04:33.643-0500] {logging_mixin.py:150} INFO - [2023-08-03T18:04:33.643-0500] {dag.py:2742} INFO - Sync 1 DAGs
[2023-08-03T18:04:33.700-0500] {processor.py:179} INFO - Processing /home/joha/airflow/dags/filesensor.py took 0.110 seconds
[2023-08-03T18:05:08.579-0500] {processor.py:157} INFO - Started process (PID=20427) to work on /home/joha/airflow/dags/filesensor.py
[2023-08-03T18:05:08.589-0500] {processor.py:826} INFO - Processing file /home/joha/airflow/dags/filesensor.py for tasks to queue
[2023-08-03T18:05:08.592-0500] {logging_mixin.py:150} INFO - [2023-08-03T18:05:08.591-0500] {dagbag.py:541} INFO - Filling up the DagBag from /home/joha/airflow/dags/filesensor.py
[2023-08-03T18:05:08.616-0500] {processor.py:836} INFO - DAG(s) dict_keys(['filesensor']) retrieved from /home/joha/airflow/dags/filesensor.py
[2023-08-03T18:05:08.634-0500] {logging_mixin.py:150} INFO - [2023-08-03T18:05:08.634-0500] {dag.py:2742} INFO - Sync 1 DAGs
[2023-08-03T18:05:08.671-0500] {processor.py:179} INFO - Processing /home/joha/airflow/dags/filesensor.py took 0.101 seconds
[2023-08-03T18:05:42.340-0500] {processor.py:157} INFO - Started process (PID=20462) to work on /home/joha/airflow/dags/filesensor.py
[2023-08-03T18:05:42.348-0500] {processor.py:826} INFO - Processing file /home/joha/airflow/dags/filesensor.py for tasks to queue
[2023-08-03T18:05:42.350-0500] {logging_mixin.py:150} INFO - [2023-08-03T18:05:42.350-0500] {dagbag.py:541} INFO - Filling up the DagBag from /home/joha/airflow/dags/filesensor.py
[2023-08-03T18:05:42.370-0500] {processor.py:836} INFO - DAG(s) dict_keys(['filesensor']) retrieved from /home/joha/airflow/dags/filesensor.py
[2023-08-03T18:05:42.390-0500] {logging_mixin.py:150} INFO - [2023-08-03T18:05:42.390-0500] {dag.py:2742} INFO - Sync 1 DAGs
[2023-08-03T18:05:42.427-0500] {processor.py:179} INFO - Processing /home/joha/airflow/dags/filesensor.py took 0.094 seconds
[2023-08-03T18:06:14.836-0500] {processor.py:157} INFO - Started process (PID=20501) to work on /home/joha/airflow/dags/filesensor.py
[2023-08-03T18:06:14.845-0500] {processor.py:826} INFO - Processing file /home/joha/airflow/dags/filesensor.py for tasks to queue
[2023-08-03T18:06:14.847-0500] {logging_mixin.py:150} INFO - [2023-08-03T18:06:14.846-0500] {dagbag.py:541} INFO - Filling up the DagBag from /home/joha/airflow/dags/filesensor.py
[2023-08-03T18:06:14.865-0500] {processor.py:836} INFO - DAG(s) dict_keys(['filesensor']) retrieved from /home/joha/airflow/dags/filesensor.py
[2023-08-03T18:06:14.883-0500] {logging_mixin.py:150} INFO - [2023-08-03T18:06:14.883-0500] {dag.py:2742} INFO - Sync 1 DAGs
[2023-08-03T18:06:14.921-0500] {processor.py:179} INFO - Processing /home/joha/airflow/dags/filesensor.py took 0.092 seconds
[2023-08-03T18:06:48.278-0500] {processor.py:157} INFO - Started process (PID=20533) to work on /home/joha/airflow/dags/filesensor.py
[2023-08-03T18:06:48.288-0500] {processor.py:826} INFO - Processing file /home/joha/airflow/dags/filesensor.py for tasks to queue
[2023-08-03T18:06:48.290-0500] {logging_mixin.py:150} INFO - [2023-08-03T18:06:48.289-0500] {dagbag.py:541} INFO - Filling up the DagBag from /home/joha/airflow/dags/filesensor.py
[2023-08-03T18:06:48.314-0500] {processor.py:836} INFO - DAG(s) dict_keys(['filesensor']) retrieved from /home/joha/airflow/dags/filesensor.py
[2023-08-03T18:06:48.333-0500] {logging_mixin.py:150} INFO - [2023-08-03T18:06:48.332-0500] {dag.py:2742} INFO - Sync 1 DAGs
[2023-08-03T18:06:48.370-0500] {processor.py:179} INFO - Processing /home/joha/airflow/dags/filesensor.py took 0.098 seconds
[2023-08-03T18:07:52.254-0500] {processor.py:157} INFO - Started process (PID=20609) to work on /home/joha/airflow/dags/filesensor.py
[2023-08-03T18:07:52.262-0500] {processor.py:826} INFO - Processing file /home/joha/airflow/dags/filesensor.py for tasks to queue
[2023-08-03T18:07:52.263-0500] {logging_mixin.py:150} INFO - [2023-08-03T18:07:52.262-0500] {dagbag.py:541} INFO - Filling up the DagBag from /home/joha/airflow/dags/filesensor.py
[2023-08-03T18:07:52.284-0500] {processor.py:836} INFO - DAG(s) dict_keys(['filesensor']) retrieved from /home/joha/airflow/dags/filesensor.py
[2023-08-03T18:07:52.317-0500] {logging_mixin.py:150} INFO - [2023-08-03T18:07:52.317-0500] {dag.py:2742} INFO - Sync 1 DAGs
[2023-08-03T18:07:52.381-0500] {processor.py:179} INFO - Processing /home/joha/airflow/dags/filesensor.py took 0.131 seconds
[2023-08-03T18:08:26.637-0500] {processor.py:157} INFO - Started process (PID=20719) to work on /home/joha/airflow/dags/filesensor.py
[2023-08-03T18:08:26.646-0500] {processor.py:826} INFO - Processing file /home/joha/airflow/dags/filesensor.py for tasks to queue
[2023-08-03T18:08:26.647-0500] {logging_mixin.py:150} INFO - [2023-08-03T18:08:26.647-0500] {dagbag.py:541} INFO - Filling up the DagBag from /home/joha/airflow/dags/filesensor.py
[2023-08-03T18:08:26.661-0500] {processor.py:836} INFO - DAG(s) dict_keys(['filesensor']) retrieved from /home/joha/airflow/dags/filesensor.py
[2023-08-03T18:08:26.688-0500] {logging_mixin.py:150} INFO - [2023-08-03T18:08:26.688-0500] {dag.py:2742} INFO - Sync 1 DAGs
[2023-08-03T18:08:26.748-0500] {processor.py:179} INFO - Processing /home/joha/airflow/dags/filesensor.py took 0.115 seconds
[2023-08-03T18:08:59.947-0500] {processor.py:157} INFO - Started process (PID=20763) to work on /home/joha/airflow/dags/filesensor.py
[2023-08-03T18:08:59.950-0500] {processor.py:826} INFO - Processing file /home/joha/airflow/dags/filesensor.py for tasks to queue
[2023-08-03T18:08:59.951-0500] {logging_mixin.py:150} INFO - [2023-08-03T18:08:59.951-0500] {dagbag.py:541} INFO - Filling up the DagBag from /home/joha/airflow/dags/filesensor.py
[2023-08-03T18:08:59.969-0500] {processor.py:836} INFO - DAG(s) dict_keys(['filesensor']) retrieved from /home/joha/airflow/dags/filesensor.py
[2023-08-03T18:08:59.992-0500] {logging_mixin.py:150} INFO - [2023-08-03T18:08:59.992-0500] {dag.py:2742} INFO - Sync 1 DAGs
[2023-08-03T18:09:00.049-0500] {processor.py:179} INFO - Processing /home/joha/airflow/dags/filesensor.py took 0.105 seconds
[2023-08-03T18:09:38.150-0500] {processor.py:157} INFO - Started process (PID=20823) to work on /home/joha/airflow/dags/filesensor.py
[2023-08-03T18:09:38.158-0500] {processor.py:826} INFO - Processing file /home/joha/airflow/dags/filesensor.py for tasks to queue
[2023-08-03T18:09:38.159-0500] {logging_mixin.py:150} INFO - [2023-08-03T18:09:38.159-0500] {dagbag.py:541} INFO - Filling up the DagBag from /home/joha/airflow/dags/filesensor.py
[2023-08-03T18:09:38.171-0500] {processor.py:836} INFO - DAG(s) dict_keys(['filesensor']) retrieved from /home/joha/airflow/dags/filesensor.py
[2023-08-03T18:09:38.192-0500] {logging_mixin.py:150} INFO - [2023-08-03T18:09:38.192-0500] {dag.py:2742} INFO - Sync 1 DAGs
[2023-08-03T18:09:38.245-0500] {processor.py:179} INFO - Processing /home/joha/airflow/dags/filesensor.py took 0.102 seconds
[2023-08-03T18:12:00.946-0500] {processor.py:157} INFO - Started process (PID=21226) to work on /home/joha/airflow/dags/filesensor.py
[2023-08-03T18:12:00.954-0500] {processor.py:826} INFO - Processing file /home/joha/airflow/dags/filesensor.py for tasks to queue
[2023-08-03T18:12:00.957-0500] {logging_mixin.py:150} INFO - [2023-08-03T18:12:00.956-0500] {dagbag.py:541} INFO - Filling up the DagBag from /home/joha/airflow/dags/filesensor.py
[2023-08-03T18:12:00.976-0500] {processor.py:836} INFO - DAG(s) dict_keys(['filesensor']) retrieved from /home/joha/airflow/dags/filesensor.py
[2023-08-03T18:12:00.999-0500] {logging_mixin.py:150} INFO - [2023-08-03T18:12:00.999-0500] {dag.py:2742} INFO - Sync 1 DAGs
[2023-08-03T18:12:01.051-0500] {processor.py:179} INFO - Processing /home/joha/airflow/dags/filesensor.py took 0.109 seconds
[2023-08-03T18:15:12.157-0500] {processor.py:157} INFO - Started process (PID=21620) to work on /home/joha/airflow/dags/filesensor.py
[2023-08-03T18:15:12.164-0500] {processor.py:826} INFO - Processing file /home/joha/airflow/dags/filesensor.py for tasks to queue
[2023-08-03T18:15:12.165-0500] {logging_mixin.py:150} INFO - [2023-08-03T18:15:12.165-0500] {dagbag.py:541} INFO - Filling up the DagBag from /home/joha/airflow/dags/filesensor.py
[2023-08-03T18:15:12.176-0500] {processor.py:836} INFO - DAG(s) dict_keys(['filesensor']) retrieved from /home/joha/airflow/dags/filesensor.py
[2023-08-03T18:15:12.198-0500] {logging_mixin.py:150} INFO - [2023-08-03T18:15:12.197-0500] {dag.py:2742} INFO - Sync 1 DAGs
[2023-08-03T18:15:12.244-0500] {processor.py:179} INFO - Processing /home/joha/airflow/dags/filesensor.py took 0.091 seconds
[2023-08-03T18:15:59.733-0500] {processor.py:157} INFO - Started process (PID=21676) to work on /home/joha/airflow/dags/filesensor.py
[2023-08-03T18:15:59.740-0500] {processor.py:826} INFO - Processing file /home/joha/airflow/dags/filesensor.py for tasks to queue
[2023-08-03T18:15:59.742-0500] {logging_mixin.py:150} INFO - [2023-08-03T18:15:59.741-0500] {dagbag.py:541} INFO - Filling up the DagBag from /home/joha/airflow/dags/filesensor.py
[2023-08-03T18:15:59.786-0500] {processor.py:836} INFO - DAG(s) dict_keys(['filesensor']) retrieved from /home/joha/airflow/dags/filesensor.py
[2023-08-03T18:15:59.822-0500] {logging_mixin.py:150} INFO - [2023-08-03T18:15:59.821-0500] {dag.py:2742} INFO - Sync 1 DAGs
[2023-08-03T18:15:59.904-0500] {processor.py:179} INFO - Processing /home/joha/airflow/dags/filesensor.py took 0.177 seconds
[2023-08-03T18:17:12.993-0500] {processor.py:157} INFO - Started process (PID=21792) to work on /home/joha/airflow/dags/filesensor.py
[2023-08-03T18:17:13.000-0500] {processor.py:826} INFO - Processing file /home/joha/airflow/dags/filesensor.py for tasks to queue
[2023-08-03T18:17:13.001-0500] {logging_mixin.py:150} INFO - [2023-08-03T18:17:13.001-0500] {dagbag.py:541} INFO - Filling up the DagBag from /home/joha/airflow/dags/filesensor.py
[2023-08-03T18:17:13.018-0500] {processor.py:836} INFO - DAG(s) dict_keys(['filesensor']) retrieved from /home/joha/airflow/dags/filesensor.py
[2023-08-03T18:17:13.041-0500] {logging_mixin.py:150} INFO - [2023-08-03T18:17:13.041-0500] {dag.py:2742} INFO - Sync 1 DAGs
[2023-08-03T18:17:13.104-0500] {processor.py:179} INFO - Processing /home/joha/airflow/dags/filesensor.py took 0.115 seconds
[2023-08-03T18:17:56.584-0500] {processor.py:157} INFO - Started process (PID=21861) to work on /home/joha/airflow/dags/filesensor.py
[2023-08-03T18:17:56.592-0500] {processor.py:826} INFO - Processing file /home/joha/airflow/dags/filesensor.py for tasks to queue
[2023-08-03T18:17:56.593-0500] {logging_mixin.py:150} INFO - [2023-08-03T18:17:56.593-0500] {dagbag.py:541} INFO - Filling up the DagBag from /home/joha/airflow/dags/filesensor.py
[2023-08-03T18:17:56.606-0500] {processor.py:836} INFO - DAG(s) dict_keys(['filesensor']) retrieved from /home/joha/airflow/dags/filesensor.py
[2023-08-03T18:17:56.633-0500] {logging_mixin.py:150} INFO - [2023-08-03T18:17:56.633-0500] {dag.py:2742} INFO - Sync 1 DAGs
[2023-08-03T18:17:56.692-0500] {processor.py:179} INFO - Processing /home/joha/airflow/dags/filesensor.py took 0.112 seconds
[2023-08-03T18:18:33.604-0500] {processor.py:157} INFO - Started process (PID=21902) to work on /home/joha/airflow/dags/filesensor.py
[2023-08-03T18:18:33.612-0500] {processor.py:826} INFO - Processing file /home/joha/airflow/dags/filesensor.py for tasks to queue
[2023-08-03T18:18:33.614-0500] {logging_mixin.py:150} INFO - [2023-08-03T18:18:33.613-0500] {dagbag.py:541} INFO - Filling up the DagBag from /home/joha/airflow/dags/filesensor.py
[2023-08-03T18:18:33.631-0500] {processor.py:836} INFO - DAG(s) dict_keys(['filesensor']) retrieved from /home/joha/airflow/dags/filesensor.py
[2023-08-03T18:18:33.670-0500] {logging_mixin.py:150} INFO - [2023-08-03T18:18:33.670-0500] {dag.py:2742} INFO - Sync 1 DAGs
[2023-08-03T18:18:33.754-0500] {processor.py:179} INFO - Processing /home/joha/airflow/dags/filesensor.py took 0.155 seconds
[2023-08-03T18:19:10.524-0500] {processor.py:157} INFO - Started process (PID=22006) to work on /home/joha/airflow/dags/filesensor.py
[2023-08-03T18:19:10.532-0500] {processor.py:826} INFO - Processing file /home/joha/airflow/dags/filesensor.py for tasks to queue
[2023-08-03T18:19:10.534-0500] {logging_mixin.py:150} INFO - [2023-08-03T18:19:10.533-0500] {dagbag.py:541} INFO - Filling up the DagBag from /home/joha/airflow/dags/filesensor.py
[2023-08-03T18:19:10.546-0500] {processor.py:836} INFO - DAG(s) dict_keys(['filesensor']) retrieved from /home/joha/airflow/dags/filesensor.py
[2023-08-03T18:19:10.569-0500] {logging_mixin.py:150} INFO - [2023-08-03T18:19:10.569-0500] {dag.py:2742} INFO - Sync 1 DAGs
[2023-08-03T18:19:10.623-0500] {processor.py:179} INFO - Processing /home/joha/airflow/dags/filesensor.py took 0.103 seconds
[2023-08-03T18:19:45.793-0500] {processor.py:157} INFO - Started process (PID=22041) to work on /home/joha/airflow/dags/filesensor.py
[2023-08-03T18:19:45.801-0500] {processor.py:826} INFO - Processing file /home/joha/airflow/dags/filesensor.py for tasks to queue
[2023-08-03T18:19:45.802-0500] {logging_mixin.py:150} INFO - [2023-08-03T18:19:45.802-0500] {dagbag.py:541} INFO - Filling up the DagBag from /home/joha/airflow/dags/filesensor.py
[2023-08-03T18:19:45.815-0500] {processor.py:836} INFO - DAG(s) dict_keys(['filesensor']) retrieved from /home/joha/airflow/dags/filesensor.py
[2023-08-03T18:19:45.842-0500] {logging_mixin.py:150} INFO - [2023-08-03T18:19:45.842-0500] {dag.py:2742} INFO - Sync 1 DAGs
[2023-08-03T18:19:45.901-0500] {processor.py:179} INFO - Processing /home/joha/airflow/dags/filesensor.py took 0.112 seconds
[2023-08-03T18:20:22.286-0500] {processor.py:157} INFO - Started process (PID=22090) to work on /home/joha/airflow/dags/filesensor.py
[2023-08-03T18:20:22.294-0500] {processor.py:826} INFO - Processing file /home/joha/airflow/dags/filesensor.py for tasks to queue
[2023-08-03T18:20:22.295-0500] {logging_mixin.py:150} INFO - [2023-08-03T18:20:22.295-0500] {dagbag.py:541} INFO - Filling up the DagBag from /home/joha/airflow/dags/filesensor.py
[2023-08-03T18:20:22.311-0500] {processor.py:836} INFO - DAG(s) dict_keys(['filesensor']) retrieved from /home/joha/airflow/dags/filesensor.py
[2023-08-03T18:20:22.337-0500] {logging_mixin.py:150} INFO - [2023-08-03T18:20:22.337-0500] {dag.py:2742} INFO - Sync 1 DAGs
[2023-08-03T18:20:22.407-0500] {processor.py:179} INFO - Processing /home/joha/airflow/dags/filesensor.py took 0.125 seconds
[2023-08-03T18:20:59.556-0500] {processor.py:157} INFO - Started process (PID=22151) to work on /home/joha/airflow/dags/filesensor.py
[2023-08-03T18:20:59.564-0500] {processor.py:826} INFO - Processing file /home/joha/airflow/dags/filesensor.py for tasks to queue
[2023-08-03T18:20:59.565-0500] {logging_mixin.py:150} INFO - [2023-08-03T18:20:59.565-0500] {dagbag.py:541} INFO - Filling up the DagBag from /home/joha/airflow/dags/filesensor.py
[2023-08-03T18:20:59.579-0500] {processor.py:836} INFO - DAG(s) dict_keys(['filesensor']) retrieved from /home/joha/airflow/dags/filesensor.py
[2023-08-03T18:20:59.600-0500] {logging_mixin.py:150} INFO - [2023-08-03T18:20:59.600-0500] {dag.py:2742} INFO - Sync 1 DAGs
[2023-08-03T18:20:59.648-0500] {processor.py:179} INFO - Processing /home/joha/airflow/dags/filesensor.py took 0.096 seconds
[2023-08-03T18:21:36.576-0500] {processor.py:157} INFO - Started process (PID=22196) to work on /home/joha/airflow/dags/filesensor.py
[2023-08-03T18:21:36.585-0500] {processor.py:826} INFO - Processing file /home/joha/airflow/dags/filesensor.py for tasks to queue
[2023-08-03T18:21:36.586-0500] {logging_mixin.py:150} INFO - [2023-08-03T18:21:36.585-0500] {dagbag.py:541} INFO - Filling up the DagBag from /home/joha/airflow/dags/filesensor.py
[2023-08-03T18:21:36.599-0500] {processor.py:836} INFO - DAG(s) dict_keys(['filesensor']) retrieved from /home/joha/airflow/dags/filesensor.py
[2023-08-03T18:21:36.625-0500] {logging_mixin.py:150} INFO - [2023-08-03T18:21:36.625-0500] {dag.py:2742} INFO - Sync 1 DAGs
[2023-08-03T18:21:36.692-0500] {processor.py:179} INFO - Processing /home/joha/airflow/dags/filesensor.py took 0.121 seconds
[2023-08-03T18:22:32.310-0500] {processor.py:157} INFO - Started process (PID=22241) to work on /home/joha/airflow/dags/filesensor.py
[2023-08-03T18:22:32.323-0500] {processor.py:826} INFO - Processing file /home/joha/airflow/dags/filesensor.py for tasks to queue
[2023-08-03T18:22:32.328-0500] {logging_mixin.py:150} INFO - [2023-08-03T18:22:32.326-0500] {dagbag.py:541} INFO - Filling up the DagBag from /home/joha/airflow/dags/filesensor.py
[2023-08-03T18:22:32.385-0500] {processor.py:836} INFO - DAG(s) dict_keys(['filesensor']) retrieved from /home/joha/airflow/dags/filesensor.py
[2023-08-03T18:22:32.486-0500] {logging_mixin.py:150} INFO - [2023-08-03T18:22:32.485-0500] {dag.py:2742} INFO - Sync 1 DAGs
[2023-08-03T18:22:32.703-0500] {processor.py:179} INFO - Processing /home/joha/airflow/dags/filesensor.py took 0.411 seconds
[2023-08-03T18:23:21.810-0500] {processor.py:157} INFO - Started process (PID=22291) to work on /home/joha/airflow/dags/filesensor.py
[2023-08-03T18:23:21.817-0500] {processor.py:826} INFO - Processing file /home/joha/airflow/dags/filesensor.py for tasks to queue
[2023-08-03T18:23:21.818-0500] {logging_mixin.py:150} INFO - [2023-08-03T18:23:21.818-0500] {dagbag.py:541} INFO - Filling up the DagBag from /home/joha/airflow/dags/filesensor.py
[2023-08-03T18:23:21.829-0500] {processor.py:836} INFO - DAG(s) dict_keys(['filesensor']) retrieved from /home/joha/airflow/dags/filesensor.py
[2023-08-03T18:23:21.848-0500] {logging_mixin.py:150} INFO - [2023-08-03T18:23:21.848-0500] {dag.py:2742} INFO - Sync 1 DAGs
[2023-08-03T18:23:21.885-0500] {processor.py:179} INFO - Processing /home/joha/airflow/dags/filesensor.py took 0.079 seconds
[2023-08-03T18:23:53.424-0500] {processor.py:157} INFO - Started process (PID=22323) to work on /home/joha/airflow/dags/filesensor.py
[2023-08-03T18:23:53.432-0500] {processor.py:826} INFO - Processing file /home/joha/airflow/dags/filesensor.py for tasks to queue
[2023-08-03T18:23:53.433-0500] {logging_mixin.py:150} INFO - [2023-08-03T18:23:53.433-0500] {dagbag.py:541} INFO - Filling up the DagBag from /home/joha/airflow/dags/filesensor.py
[2023-08-03T18:23:53.442-0500] {processor.py:836} INFO - DAG(s) dict_keys(['filesensor']) retrieved from /home/joha/airflow/dags/filesensor.py
[2023-08-03T18:23:53.458-0500] {logging_mixin.py:150} INFO - [2023-08-03T18:23:53.458-0500] {dag.py:2742} INFO - Sync 1 DAGs
[2023-08-03T18:23:53.494-0500] {processor.py:179} INFO - Processing /home/joha/airflow/dags/filesensor.py took 0.073 seconds
[2023-08-03T18:24:26.190-0500] {processor.py:157} INFO - Started process (PID=22366) to work on /home/joha/airflow/dags/filesensor.py
[2023-08-03T18:24:26.197-0500] {processor.py:826} INFO - Processing file /home/joha/airflow/dags/filesensor.py for tasks to queue
[2023-08-03T18:24:26.198-0500] {logging_mixin.py:150} INFO - [2023-08-03T18:24:26.198-0500] {dagbag.py:541} INFO - Filling up the DagBag from /home/joha/airflow/dags/filesensor.py
[2023-08-03T18:24:26.207-0500] {processor.py:836} INFO - DAG(s) dict_keys(['filesensor']) retrieved from /home/joha/airflow/dags/filesensor.py
[2023-08-03T18:24:26.224-0500] {logging_mixin.py:150} INFO - [2023-08-03T18:24:26.223-0500] {dag.py:2742} INFO - Sync 1 DAGs
[2023-08-03T18:24:26.262-0500] {processor.py:179} INFO - Processing /home/joha/airflow/dags/filesensor.py took 0.075 seconds
[2023-08-03T18:25:00.459-0500] {processor.py:157} INFO - Started process (PID=22399) to work on /home/joha/airflow/dags/filesensor.py
[2023-08-03T18:25:00.468-0500] {processor.py:826} INFO - Processing file /home/joha/airflow/dags/filesensor.py for tasks to queue
[2023-08-03T18:25:00.470-0500] {logging_mixin.py:150} INFO - [2023-08-03T18:25:00.469-0500] {dagbag.py:541} INFO - Filling up the DagBag from /home/joha/airflow/dags/filesensor.py
[2023-08-03T18:25:00.489-0500] {processor.py:836} INFO - DAG(s) dict_keys(['filesensor']) retrieved from /home/joha/airflow/dags/filesensor.py
[2023-08-03T18:25:00.507-0500] {logging_mixin.py:150} INFO - [2023-08-03T18:25:00.507-0500] {dag.py:2742} INFO - Sync 1 DAGs
[2023-08-03T18:25:00.553-0500] {processor.py:179} INFO - Processing /home/joha/airflow/dags/filesensor.py took 0.101 seconds
[2023-08-03T18:26:06.834-0500] {processor.py:157} INFO - Started process (PID=22490) to work on /home/joha/airflow/dags/filesensor.py
[2023-08-03T18:26:06.842-0500] {processor.py:826} INFO - Processing file /home/joha/airflow/dags/filesensor.py for tasks to queue
[2023-08-03T18:26:06.843-0500] {logging_mixin.py:150} INFO - [2023-08-03T18:26:06.842-0500] {dagbag.py:541} INFO - Filling up the DagBag from /home/joha/airflow/dags/filesensor.py
[2023-08-03T18:26:06.856-0500] {processor.py:836} INFO - DAG(s) dict_keys(['filesensor']) retrieved from /home/joha/airflow/dags/filesensor.py
[2023-08-03T18:26:06.877-0500] {logging_mixin.py:150} INFO - [2023-08-03T18:26:06.877-0500] {dag.py:2742} INFO - Sync 1 DAGs
[2023-08-03T18:26:06.914-0500] {processor.py:179} INFO - Processing /home/joha/airflow/dags/filesensor.py took 0.083 seconds
[2023-08-03T18:26:41.149-0500] {processor.py:157} INFO - Started process (PID=22531) to work on /home/joha/airflow/dags/filesensor.py
[2023-08-03T18:26:41.150-0500] {processor.py:826} INFO - Processing file /home/joha/airflow/dags/filesensor.py for tasks to queue
[2023-08-03T18:26:41.151-0500] {logging_mixin.py:150} INFO - [2023-08-03T18:26:41.150-0500] {dagbag.py:541} INFO - Filling up the DagBag from /home/joha/airflow/dags/filesensor.py
[2023-08-03T18:26:41.160-0500] {processor.py:836} INFO - DAG(s) dict_keys(['filesensor']) retrieved from /home/joha/airflow/dags/filesensor.py
[2023-08-03T18:26:41.177-0500] {logging_mixin.py:150} INFO - [2023-08-03T18:26:41.177-0500] {dag.py:2742} INFO - Sync 1 DAGs
[2023-08-03T18:26:41.214-0500] {processor.py:179} INFO - Processing /home/joha/airflow/dags/filesensor.py took 0.068 seconds
[2023-08-03T18:27:15.136-0500] {processor.py:157} INFO - Started process (PID=22567) to work on /home/joha/airflow/dags/filesensor.py
[2023-08-03T18:27:15.146-0500] {processor.py:826} INFO - Processing file /home/joha/airflow/dags/filesensor.py for tasks to queue
[2023-08-03T18:27:15.149-0500] {logging_mixin.py:150} INFO - [2023-08-03T18:27:15.148-0500] {dagbag.py:541} INFO - Filling up the DagBag from /home/joha/airflow/dags/filesensor.py
[2023-08-03T18:27:15.171-0500] {processor.py:836} INFO - DAG(s) dict_keys(['filesensor']) retrieved from /home/joha/airflow/dags/filesensor.py
[2023-08-03T18:27:15.189-0500] {logging_mixin.py:150} INFO - [2023-08-03T18:27:15.189-0500] {dag.py:2742} INFO - Sync 1 DAGs
[2023-08-03T18:27:15.226-0500] {processor.py:179} INFO - Processing /home/joha/airflow/dags/filesensor.py took 0.099 seconds
[2023-08-03T18:28:17.028-0500] {processor.py:157} INFO - Started process (PID=22642) to work on /home/joha/airflow/dags/filesensor.py
[2023-08-03T18:28:17.036-0500] {processor.py:826} INFO - Processing file /home/joha/airflow/dags/filesensor.py for tasks to queue
[2023-08-03T18:28:17.037-0500] {logging_mixin.py:150} INFO - [2023-08-03T18:28:17.037-0500] {dagbag.py:541} INFO - Filling up the DagBag from /home/joha/airflow/dags/filesensor.py
[2023-08-03T18:28:17.048-0500] {processor.py:836} INFO - DAG(s) dict_keys(['filesensor']) retrieved from /home/joha/airflow/dags/filesensor.py
[2023-08-03T18:28:17.068-0500] {logging_mixin.py:150} INFO - [2023-08-03T18:28:17.068-0500] {dag.py:2742} INFO - Sync 1 DAGs
[2023-08-03T18:28:17.116-0500] {processor.py:179} INFO - Processing /home/joha/airflow/dags/filesensor.py took 0.091 seconds
[2023-08-03T18:28:50.262-0500] {processor.py:157} INFO - Started process (PID=22705) to work on /home/joha/airflow/dags/filesensor.py
[2023-08-03T18:28:50.270-0500] {processor.py:826} INFO - Processing file /home/joha/airflow/dags/filesensor.py for tasks to queue
[2023-08-03T18:28:50.273-0500] {logging_mixin.py:150} INFO - [2023-08-03T18:28:50.272-0500] {dagbag.py:541} INFO - Filling up the DagBag from /home/joha/airflow/dags/filesensor.py
[2023-08-03T18:28:50.297-0500] {processor.py:836} INFO - DAG(s) dict_keys(['filesensor']) retrieved from /home/joha/airflow/dags/filesensor.py
[2023-08-03T18:28:50.316-0500] {logging_mixin.py:150} INFO - [2023-08-03T18:28:50.316-0500] {dag.py:2742} INFO - Sync 1 DAGs
[2023-08-03T18:28:50.353-0500] {processor.py:179} INFO - Processing /home/joha/airflow/dags/filesensor.py took 0.098 seconds
[2023-08-03T18:29:27.183-0500] {processor.py:157} INFO - Started process (PID=22743) to work on /home/joha/airflow/dags/filesensor.py
[2023-08-03T18:29:27.192-0500] {processor.py:826} INFO - Processing file /home/joha/airflow/dags/filesensor.py for tasks to queue
[2023-08-03T18:29:27.195-0500] {logging_mixin.py:150} INFO - [2023-08-03T18:29:27.194-0500] {dagbag.py:541} INFO - Filling up the DagBag from /home/joha/airflow/dags/filesensor.py
[2023-08-03T18:29:27.216-0500] {processor.py:836} INFO - DAG(s) dict_keys(['filesensor']) retrieved from /home/joha/airflow/dags/filesensor.py
[2023-08-03T18:29:27.234-0500] {logging_mixin.py:150} INFO - [2023-08-03T18:29:27.233-0500] {dag.py:2742} INFO - Sync 1 DAGs
[2023-08-03T18:29:27.271-0500] {processor.py:179} INFO - Processing /home/joha/airflow/dags/filesensor.py took 0.098 seconds
[2023-08-03T18:30:05.862-0500] {processor.py:157} INFO - Started process (PID=22791) to work on /home/joha/airflow/dags/filesensor.py
[2023-08-03T18:30:05.870-0500] {processor.py:826} INFO - Processing file /home/joha/airflow/dags/filesensor.py for tasks to queue
[2023-08-03T18:30:05.871-0500] {logging_mixin.py:150} INFO - [2023-08-03T18:30:05.870-0500] {dagbag.py:541} INFO - Filling up the DagBag from /home/joha/airflow/dags/filesensor.py
[2023-08-03T18:30:05.882-0500] {processor.py:836} INFO - DAG(s) dict_keys(['filesensor']) retrieved from /home/joha/airflow/dags/filesensor.py
[2023-08-03T18:30:05.901-0500] {logging_mixin.py:150} INFO - [2023-08-03T18:30:05.901-0500] {dag.py:2742} INFO - Sync 1 DAGs
[2023-08-03T18:30:05.938-0500] {processor.py:179} INFO - Processing /home/joha/airflow/dags/filesensor.py took 0.078 seconds
[2023-08-03T18:30:39.809-0500] {processor.py:157} INFO - Started process (PID=22826) to work on /home/joha/airflow/dags/filesensor.py
[2023-08-03T18:30:39.817-0500] {processor.py:826} INFO - Processing file /home/joha/airflow/dags/filesensor.py for tasks to queue
[2023-08-03T18:30:39.818-0500] {logging_mixin.py:150} INFO - [2023-08-03T18:30:39.817-0500] {dagbag.py:541} INFO - Filling up the DagBag from /home/joha/airflow/dags/filesensor.py
[2023-08-03T18:30:39.829-0500] {processor.py:836} INFO - DAG(s) dict_keys(['filesensor']) retrieved from /home/joha/airflow/dags/filesensor.py
[2023-08-03T18:30:39.849-0500] {logging_mixin.py:150} INFO - [2023-08-03T18:30:39.848-0500] {dag.py:2742} INFO - Sync 1 DAGs
[2023-08-03T18:30:39.886-0500] {processor.py:179} INFO - Processing /home/joha/airflow/dags/filesensor.py took 0.080 seconds
[2023-08-03T18:31:46.221-0500] {processor.py:157} INFO - Started process (PID=22899) to work on /home/joha/airflow/dags/filesensor.py
[2023-08-03T18:31:46.229-0500] {processor.py:826} INFO - Processing file /home/joha/airflow/dags/filesensor.py for tasks to queue
[2023-08-03T18:31:46.230-0500] {logging_mixin.py:150} INFO - [2023-08-03T18:31:46.230-0500] {dagbag.py:541} INFO - Filling up the DagBag from /home/joha/airflow/dags/filesensor.py
[2023-08-03T18:31:46.243-0500] {processor.py:836} INFO - DAG(s) dict_keys(['filesensor']) retrieved from /home/joha/airflow/dags/filesensor.py
[2023-08-03T18:31:46.264-0500] {logging_mixin.py:150} INFO - [2023-08-03T18:31:46.264-0500] {dag.py:2742} INFO - Sync 1 DAGs
[2023-08-03T18:31:46.302-0500] {processor.py:179} INFO - Processing /home/joha/airflow/dags/filesensor.py took 0.084 seconds
[2023-08-03T18:32:20.984-0500] {processor.py:157} INFO - Started process (PID=22942) to work on /home/joha/airflow/dags/filesensor.py
[2023-08-03T18:32:20.992-0500] {processor.py:826} INFO - Processing file /home/joha/airflow/dags/filesensor.py for tasks to queue
[2023-08-03T18:32:20.993-0500] {logging_mixin.py:150} INFO - [2023-08-03T18:32:20.992-0500] {dagbag.py:541} INFO - Filling up the DagBag from /home/joha/airflow/dags/filesensor.py
[2023-08-03T18:32:21.002-0500] {processor.py:836} INFO - DAG(s) dict_keys(['filesensor']) retrieved from /home/joha/airflow/dags/filesensor.py
[2023-08-03T18:32:21.018-0500] {logging_mixin.py:150} INFO - [2023-08-03T18:32:21.018-0500] {dag.py:2742} INFO - Sync 1 DAGs
[2023-08-03T18:32:21.054-0500] {processor.py:179} INFO - Processing /home/joha/airflow/dags/filesensor.py took 0.073 seconds
[2023-08-03T18:32:55.073-0500] {processor.py:157} INFO - Started process (PID=22976) to work on /home/joha/airflow/dags/filesensor.py
[2023-08-03T18:32:55.081-0500] {processor.py:826} INFO - Processing file /home/joha/airflow/dags/filesensor.py for tasks to queue
[2023-08-03T18:32:55.081-0500] {logging_mixin.py:150} INFO - [2023-08-03T18:32:55.081-0500] {dagbag.py:541} INFO - Filling up the DagBag from /home/joha/airflow/dags/filesensor.py
[2023-08-03T18:32:55.091-0500] {processor.py:836} INFO - DAG(s) dict_keys(['filesensor']) retrieved from /home/joha/airflow/dags/filesensor.py
[2023-08-03T18:32:55.107-0500] {logging_mixin.py:150} INFO - [2023-08-03T18:32:55.107-0500] {dag.py:2742} INFO - Sync 1 DAGs
[2023-08-03T18:32:55.145-0500] {processor.py:179} INFO - Processing /home/joha/airflow/dags/filesensor.py took 0.077 seconds
[2023-08-03T18:34:00.725-0500] {processor.py:157} INFO - Started process (PID=23055) to work on /home/joha/airflow/dags/filesensor.py
[2023-08-03T18:34:00.733-0500] {processor.py:826} INFO - Processing file /home/joha/airflow/dags/filesensor.py for tasks to queue
[2023-08-03T18:34:00.735-0500] {logging_mixin.py:150} INFO - [2023-08-03T18:34:00.734-0500] {dagbag.py:541} INFO - Filling up the DagBag from /home/joha/airflow/dags/filesensor.py
[2023-08-03T18:34:00.746-0500] {processor.py:836} INFO - DAG(s) dict_keys(['filesensor']) retrieved from /home/joha/airflow/dags/filesensor.py
[2023-08-03T18:34:00.766-0500] {logging_mixin.py:150} INFO - [2023-08-03T18:34:00.766-0500] {dag.py:2742} INFO - Sync 1 DAGs
[2023-08-03T18:34:00.803-0500] {processor.py:179} INFO - Processing /home/joha/airflow/dags/filesensor.py took 0.082 seconds
[2023-08-03T18:35:06.224-0500] {processor.py:157} INFO - Started process (PID=23131) to work on /home/joha/airflow/dags/filesensor.py
[2023-08-03T18:35:06.232-0500] {processor.py:826} INFO - Processing file /home/joha/airflow/dags/filesensor.py for tasks to queue
[2023-08-03T18:35:06.233-0500] {logging_mixin.py:150} INFO - [2023-08-03T18:35:06.233-0500] {dagbag.py:541} INFO - Filling up the DagBag from /home/joha/airflow/dags/filesensor.py
[2023-08-03T18:35:06.245-0500] {processor.py:836} INFO - DAG(s) dict_keys(['filesensor']) retrieved from /home/joha/airflow/dags/filesensor.py
[2023-08-03T18:35:06.264-0500] {logging_mixin.py:150} INFO - [2023-08-03T18:35:06.264-0500] {dag.py:2742} INFO - Sync 1 DAGs
[2023-08-03T18:35:06.302-0500] {processor.py:179} INFO - Processing /home/joha/airflow/dags/filesensor.py took 0.081 seconds
[2023-08-03T18:35:40.224-0500] {processor.py:157} INFO - Started process (PID=23173) to work on /home/joha/airflow/dags/filesensor.py
[2023-08-03T18:35:40.232-0500] {processor.py:826} INFO - Processing file /home/joha/airflow/dags/filesensor.py for tasks to queue
[2023-08-03T18:35:40.235-0500] {logging_mixin.py:150} INFO - [2023-08-03T18:35:40.234-0500] {dagbag.py:541} INFO - Filling up the DagBag from /home/joha/airflow/dags/filesensor.py
[2023-08-03T18:35:40.260-0500] {processor.py:836} INFO - DAG(s) dict_keys(['filesensor']) retrieved from /home/joha/airflow/dags/filesensor.py
[2023-08-03T18:35:40.279-0500] {logging_mixin.py:150} INFO - [2023-08-03T18:35:40.279-0500] {dag.py:2742} INFO - Sync 1 DAGs
[2023-08-03T18:35:40.315-0500] {processor.py:179} INFO - Processing /home/joha/airflow/dags/filesensor.py took 0.095 seconds
[2023-08-03T18:36:14.342-0500] {processor.py:157} INFO - Started process (PID=23207) to work on /home/joha/airflow/dags/filesensor.py
[2023-08-03T18:36:14.350-0500] {processor.py:826} INFO - Processing file /home/joha/airflow/dags/filesensor.py for tasks to queue
[2023-08-03T18:36:14.351-0500] {logging_mixin.py:150} INFO - [2023-08-03T18:36:14.350-0500] {dagbag.py:541} INFO - Filling up the DagBag from /home/joha/airflow/dags/filesensor.py
[2023-08-03T18:36:14.362-0500] {processor.py:836} INFO - DAG(s) dict_keys(['filesensor']) retrieved from /home/joha/airflow/dags/filesensor.py
[2023-08-03T18:36:14.381-0500] {logging_mixin.py:150} INFO - [2023-08-03T18:36:14.381-0500] {dag.py:2742} INFO - Sync 1 DAGs
[2023-08-03T18:36:14.422-0500] {processor.py:179} INFO - Processing /home/joha/airflow/dags/filesensor.py took 0.083 seconds
[2023-08-03T18:37:16.835-0500] {processor.py:157} INFO - Started process (PID=23283) to work on /home/joha/airflow/dags/filesensor.py
[2023-08-03T18:37:16.843-0500] {processor.py:826} INFO - Processing file /home/joha/airflow/dags/filesensor.py for tasks to queue
[2023-08-03T18:37:16.846-0500] {logging_mixin.py:150} INFO - [2023-08-03T18:37:16.845-0500] {dagbag.py:541} INFO - Filling up the DagBag from /home/joha/airflow/dags/filesensor.py
[2023-08-03T18:37:16.873-0500] {processor.py:836} INFO - DAG(s) dict_keys(['filesensor']) retrieved from /home/joha/airflow/dags/filesensor.py
[2023-08-03T18:37:16.893-0500] {logging_mixin.py:150} INFO - [2023-08-03T18:37:16.892-0500] {dag.py:2742} INFO - Sync 1 DAGs
[2023-08-03T18:37:16.931-0500] {processor.py:179} INFO - Processing /home/joha/airflow/dags/filesensor.py took 0.099 seconds
[2023-08-03T18:37:51.100-0500] {processor.py:157} INFO - Started process (PID=23335) to work on /home/joha/airflow/dags/filesensor.py
[2023-08-03T18:37:51.107-0500] {processor.py:826} INFO - Processing file /home/joha/airflow/dags/filesensor.py for tasks to queue
[2023-08-03T18:37:51.108-0500] {logging_mixin.py:150} INFO - [2023-08-03T18:37:51.108-0500] {dagbag.py:541} INFO - Filling up the DagBag from /home/joha/airflow/dags/filesensor.py
[2023-08-03T18:37:51.120-0500] {processor.py:836} INFO - DAG(s) dict_keys(['filesensor']) retrieved from /home/joha/airflow/dags/filesensor.py
[2023-08-03T18:37:51.139-0500] {logging_mixin.py:150} INFO - [2023-08-03T18:37:51.139-0500] {dag.py:2742} INFO - Sync 1 DAGs
[2023-08-03T18:37:51.176-0500] {processor.py:179} INFO - Processing /home/joha/airflow/dags/filesensor.py took 0.078 seconds
[2023-08-03T18:38:24.846-0500] {processor.py:157} INFO - Started process (PID=23372) to work on /home/joha/airflow/dags/filesensor.py
[2023-08-03T18:38:24.853-0500] {processor.py:826} INFO - Processing file /home/joha/airflow/dags/filesensor.py for tasks to queue
[2023-08-03T18:38:24.854-0500] {logging_mixin.py:150} INFO - [2023-08-03T18:38:24.854-0500] {dagbag.py:541} INFO - Filling up the DagBag from /home/joha/airflow/dags/filesensor.py
[2023-08-03T18:38:24.863-0500] {processor.py:836} INFO - DAG(s) dict_keys(['filesensor']) retrieved from /home/joha/airflow/dags/filesensor.py
[2023-08-03T18:38:24.880-0500] {logging_mixin.py:150} INFO - [2023-08-03T18:38:24.879-0500] {dag.py:2742} INFO - Sync 1 DAGs
[2023-08-03T18:38:24.918-0500] {processor.py:179} INFO - Processing /home/joha/airflow/dags/filesensor.py took 0.075 seconds
[2023-08-03T18:38:59.574-0500] {processor.py:157} INFO - Started process (PID=23414) to work on /home/joha/airflow/dags/filesensor.py
[2023-08-03T18:38:59.583-0500] {processor.py:826} INFO - Processing file /home/joha/airflow/dags/filesensor.py for tasks to queue
[2023-08-03T18:38:59.585-0500] {logging_mixin.py:150} INFO - [2023-08-03T18:38:59.584-0500] {dagbag.py:541} INFO - Filling up the DagBag from /home/joha/airflow/dags/filesensor.py
[2023-08-03T18:38:59.612-0500] {processor.py:836} INFO - DAG(s) dict_keys(['filesensor']) retrieved from /home/joha/airflow/dags/filesensor.py
[2023-08-03T18:38:59.632-0500] {logging_mixin.py:150} INFO - [2023-08-03T18:38:59.632-0500] {dag.py:2742} INFO - Sync 1 DAGs
[2023-08-03T18:38:59.668-0500] {processor.py:179} INFO - Processing /home/joha/airflow/dags/filesensor.py took 0.097 seconds
[2023-08-03T18:40:52.635-0500] {processor.py:157} INFO - Started process (PID=23636) to work on /home/joha/airflow/dags/filesensor.py
[2023-08-03T18:40:52.644-0500] {processor.py:826} INFO - Processing file /home/joha/airflow/dags/filesensor.py for tasks to queue
[2023-08-03T18:40:52.646-0500] {logging_mixin.py:150} INFO - [2023-08-03T18:40:52.645-0500] {dagbag.py:541} INFO - Filling up the DagBag from /home/joha/airflow/dags/filesensor.py
[2023-08-03T18:40:52.658-0500] {processor.py:836} INFO - DAG(s) dict_keys(['filesensor']) retrieved from /home/joha/airflow/dags/filesensor.py
[2023-08-03T18:40:52.679-0500] {logging_mixin.py:150} INFO - [2023-08-03T18:40:52.678-0500] {dag.py:2742} INFO - Sync 1 DAGs
[2023-08-03T18:40:52.736-0500] {processor.py:179} INFO - Processing /home/joha/airflow/dags/filesensor.py took 0.106 seconds
[2023-08-03T18:41:53.590-0500] {processor.py:157} INFO - Started process (PID=23707) to work on /home/joha/airflow/dags/filesensor.py
[2023-08-03T18:41:53.599-0500] {processor.py:826} INFO - Processing file /home/joha/airflow/dags/filesensor.py for tasks to queue
[2023-08-03T18:41:53.601-0500] {logging_mixin.py:150} INFO - [2023-08-03T18:41:53.600-0500] {dagbag.py:541} INFO - Filling up the DagBag from /home/joha/airflow/dags/filesensor.py
[2023-08-03T18:41:53.627-0500] {processor.py:836} INFO - DAG(s) dict_keys(['filesensor']) retrieved from /home/joha/airflow/dags/filesensor.py
[2023-08-03T18:41:53.647-0500] {logging_mixin.py:150} INFO - [2023-08-03T18:41:53.646-0500] {dag.py:2742} INFO - Sync 1 DAGs
[2023-08-03T18:41:53.683-0500] {processor.py:179} INFO - Processing /home/joha/airflow/dags/filesensor.py took 0.096 seconds
[2023-08-03T18:42:28.900-0500] {processor.py:157} INFO - Started process (PID=23749) to work on /home/joha/airflow/dags/filesensor.py
[2023-08-03T18:42:28.906-0500] {processor.py:826} INFO - Processing file /home/joha/airflow/dags/filesensor.py for tasks to queue
[2023-08-03T18:42:28.913-0500] {logging_mixin.py:150} INFO - [2023-08-03T18:42:28.913-0500] {dagbag.py:541} INFO - Filling up the DagBag from /home/joha/airflow/dags/filesensor.py
[2023-08-03T18:42:28.932-0500] {processor.py:836} INFO - DAG(s) dict_keys(['filesensor']) retrieved from /home/joha/airflow/dags/filesensor.py
[2023-08-03T18:42:28.959-0500] {logging_mixin.py:150} INFO - [2023-08-03T18:42:28.959-0500] {dag.py:2742} INFO - Sync 1 DAGs
[2023-08-03T18:42:29.014-0500] {processor.py:179} INFO - Processing /home/joha/airflow/dags/filesensor.py took 0.118 seconds
[2023-08-03T18:43:04.029-0500] {processor.py:157} INFO - Started process (PID=23796) to work on /home/joha/airflow/dags/filesensor.py
[2023-08-03T18:43:04.041-0500] {processor.py:826} INFO - Processing file /home/joha/airflow/dags/filesensor.py for tasks to queue
[2023-08-03T18:43:04.042-0500] {logging_mixin.py:150} INFO - [2023-08-03T18:43:04.042-0500] {dagbag.py:541} INFO - Filling up the DagBag from /home/joha/airflow/dags/filesensor.py
[2023-08-03T18:43:04.061-0500] {processor.py:836} INFO - DAG(s) dict_keys(['filesensor']) retrieved from /home/joha/airflow/dags/filesensor.py
[2023-08-03T18:43:04.088-0500] {logging_mixin.py:150} INFO - [2023-08-03T18:43:04.087-0500] {dag.py:2742} INFO - Sync 1 DAGs
[2023-08-03T18:43:04.152-0500] {processor.py:179} INFO - Processing /home/joha/airflow/dags/filesensor.py took 0.126 seconds
[2023-08-03T18:43:42.228-0500] {processor.py:157} INFO - Started process (PID=23836) to work on /home/joha/airflow/dags/filesensor.py
[2023-08-03T18:43:42.236-0500] {processor.py:826} INFO - Processing file /home/joha/airflow/dags/filesensor.py for tasks to queue
[2023-08-03T18:43:42.238-0500] {logging_mixin.py:150} INFO - [2023-08-03T18:43:42.237-0500] {dagbag.py:541} INFO - Filling up the DagBag from /home/joha/airflow/dags/filesensor.py
[2023-08-03T18:43:42.251-0500] {processor.py:836} INFO - DAG(s) dict_keys(['filesensor']) retrieved from /home/joha/airflow/dags/filesensor.py
[2023-08-03T18:43:42.278-0500] {logging_mixin.py:150} INFO - [2023-08-03T18:43:42.278-0500] {dag.py:2742} INFO - Sync 1 DAGs
[2023-08-03T18:43:42.334-0500] {processor.py:179} INFO - Processing /home/joha/airflow/dags/filesensor.py took 0.109 seconds
[2023-08-03T18:44:19.764-0500] {processor.py:157} INFO - Started process (PID=23879) to work on /home/joha/airflow/dags/filesensor.py
[2023-08-03T18:44:19.772-0500] {processor.py:826} INFO - Processing file /home/joha/airflow/dags/filesensor.py for tasks to queue
[2023-08-03T18:44:19.775-0500] {logging_mixin.py:150} INFO - [2023-08-03T18:44:19.774-0500] {dagbag.py:541} INFO - Filling up the DagBag from /home/joha/airflow/dags/filesensor.py
[2023-08-03T18:44:19.788-0500] {processor.py:836} INFO - DAG(s) dict_keys(['filesensor']) retrieved from /home/joha/airflow/dags/filesensor.py
[2023-08-03T18:44:19.814-0500] {logging_mixin.py:150} INFO - [2023-08-03T18:44:19.814-0500] {dag.py:2742} INFO - Sync 1 DAGs
[2023-08-03T18:44:19.871-0500] {processor.py:179} INFO - Processing /home/joha/airflow/dags/filesensor.py took 0.110 seconds
[2023-08-03T18:44:55.979-0500] {processor.py:157} INFO - Started process (PID=23930) to work on /home/joha/airflow/dags/filesensor.py
[2023-08-03T18:44:55.987-0500] {processor.py:826} INFO - Processing file /home/joha/airflow/dags/filesensor.py for tasks to queue
[2023-08-03T18:44:55.989-0500] {logging_mixin.py:150} INFO - [2023-08-03T18:44:55.988-0500] {dagbag.py:541} INFO - Filling up the DagBag from /home/joha/airflow/dags/filesensor.py
[2023-08-03T18:44:56.003-0500] {processor.py:836} INFO - DAG(s) dict_keys(['filesensor']) retrieved from /home/joha/airflow/dags/filesensor.py
[2023-08-03T18:44:56.031-0500] {logging_mixin.py:150} INFO - [2023-08-03T18:44:56.031-0500] {dag.py:2742} INFO - Sync 1 DAGs
[2023-08-03T18:44:56.089-0500] {processor.py:179} INFO - Processing /home/joha/airflow/dags/filesensor.py took 0.118 seconds
[2023-08-03T18:45:32.130-0500] {processor.py:157} INFO - Started process (PID=23974) to work on /home/joha/airflow/dags/filesensor.py
[2023-08-03T18:45:32.139-0500] {processor.py:826} INFO - Processing file /home/joha/airflow/dags/filesensor.py for tasks to queue
[2023-08-03T18:45:32.140-0500] {logging_mixin.py:150} INFO - [2023-08-03T18:45:32.139-0500] {dagbag.py:541} INFO - Filling up the DagBag from /home/joha/airflow/dags/filesensor.py
[2023-08-03T18:45:32.151-0500] {processor.py:836} INFO - DAG(s) dict_keys(['filesensor']) retrieved from /home/joha/airflow/dags/filesensor.py
[2023-08-03T18:45:32.174-0500] {logging_mixin.py:150} INFO - [2023-08-03T18:45:32.174-0500] {dag.py:2742} INFO - Sync 1 DAGs
[2023-08-03T18:45:32.233-0500] {processor.py:179} INFO - Processing /home/joha/airflow/dags/filesensor.py took 0.107 seconds
[2023-08-03T18:46:11.848-0500] {processor.py:157} INFO - Started process (PID=24013) to work on /home/joha/airflow/dags/filesensor.py
[2023-08-03T18:46:11.857-0500] {processor.py:826} INFO - Processing file /home/joha/airflow/dags/filesensor.py for tasks to queue
[2023-08-03T18:46:11.860-0500] {logging_mixin.py:150} INFO - [2023-08-03T18:46:11.859-0500] {dagbag.py:541} INFO - Filling up the DagBag from /home/joha/airflow/dags/filesensor.py
[2023-08-03T18:46:11.884-0500] {processor.py:836} INFO - DAG(s) dict_keys(['filesensor']) retrieved from /home/joha/airflow/dags/filesensor.py
[2023-08-03T18:46:11.902-0500] {logging_mixin.py:150} INFO - [2023-08-03T18:46:11.902-0500] {dag.py:2742} INFO - Sync 1 DAGs
[2023-08-03T18:46:11.942-0500] {processor.py:179} INFO - Processing /home/joha/airflow/dags/filesensor.py took 0.101 seconds
