[2023-08-03T18:09:19.987-0500] {processor.py:157} INFO - Started process (PID=20796) to work on /home/joha/airflow/dags/xcom.py
[2023-08-03T18:09:19.989-0500] {processor.py:826} INFO - Processing file /home/joha/airflow/dags/xcom.py for tasks to queue
[2023-08-03T18:09:19.994-0500] {logging_mixin.py:150} INFO - [2023-08-03T18:09:19.994-0500] {dagbag.py:541} INFO - Filling up the DagBag from /home/joha/airflow/dags/xcom.py
[2023-08-03T18:09:20.024-0500] {processor.py:836} INFO - DAG(s) dict_keys(['9-XCom']) retrieved from /home/joha/airflow/dags/xcom.py
[2023-08-03T18:09:20.258-0500] {logging_mixin.py:150} INFO - [2023-08-03T18:09:20.257-0500] {manager.py:504} INFO - Created Permission View: can read on DAG:9-XCom
[2023-08-03T18:09:20.326-0500] {logging_mixin.py:150} INFO - [2023-08-03T18:09:20.323-0500] {manager.py:504} INFO - Created Permission View: can edit on DAG:9-XCom
[2023-08-03T18:09:20.365-0500] {logging_mixin.py:150} INFO - [2023-08-03T18:09:20.365-0500] {manager.py:504} INFO - Created Permission View: can delete on DAG:9-XCom
[2023-08-03T18:09:20.393-0500] {logging_mixin.py:150} INFO - [2023-08-03T18:09:20.392-0500] {dag.py:2742} INFO - Sync 1 DAGs
[2023-08-03T18:09:20.411-0500] {logging_mixin.py:150} INFO - [2023-08-03T18:09:20.411-0500] {dag.py:2763} INFO - Creating ORM DAG for 9-XCom
[2023-08-03T18:09:20.432-0500] {logging_mixin.py:150} INFO - [2023-08-03T18:09:20.431-0500] {dag.py:3504} INFO - Setting next_dagrun for 9-XCom to 2022-01-01T00:00:00+00:00, run_after=2022-01-02T00:00:00+00:00
[2023-08-03T18:09:20.470-0500] {processor.py:179} INFO - Processing /home/joha/airflow/dags/xcom.py took 0.489 seconds
[2023-08-03T18:11:50.994-0500] {processor.py:157} INFO - Started process (PID=21198) to work on /home/joha/airflow/dags/xcom.py
[2023-08-03T18:11:50.995-0500] {processor.py:826} INFO - Processing file /home/joha/airflow/dags/xcom.py for tasks to queue
[2023-08-03T18:11:50.996-0500] {logging_mixin.py:150} INFO - [2023-08-03T18:11:50.996-0500] {dagbag.py:541} INFO - Filling up the DagBag from /home/joha/airflow/dags/xcom.py
[2023-08-03T18:11:51.006-0500] {processor.py:836} INFO - DAG(s) dict_keys(['9-XCom']) retrieved from /home/joha/airflow/dags/xcom.py
[2023-08-03T18:11:51.024-0500] {logging_mixin.py:150} INFO - [2023-08-03T18:11:51.024-0500] {dag.py:2742} INFO - Sync 1 DAGs
[2023-08-03T18:11:51.061-0500] {processor.py:179} INFO - Processing /home/joha/airflow/dags/xcom.py took 0.070 seconds
[2023-08-03T18:15:09.538-0500] {processor.py:157} INFO - Started process (PID=21617) to work on /home/joha/airflow/dags/xcom.py
[2023-08-03T18:15:09.546-0500] {processor.py:826} INFO - Processing file /home/joha/airflow/dags/xcom.py for tasks to queue
[2023-08-03T18:15:09.550-0500] {logging_mixin.py:150} INFO - [2023-08-03T18:15:09.548-0500] {dagbag.py:541} INFO - Filling up the DagBag from /home/joha/airflow/dags/xcom.py
[2023-08-03T18:15:09.582-0500] {processor.py:836} INFO - DAG(s) dict_keys(['9-XCom']) retrieved from /home/joha/airflow/dags/xcom.py
[2023-08-03T18:15:09.609-0500] {logging_mixin.py:150} INFO - [2023-08-03T18:15:09.609-0500] {dag.py:2742} INFO - Sync 1 DAGs
[2023-08-03T18:15:09.640-0500] {logging_mixin.py:150} INFO - [2023-08-03T18:15:09.640-0500] {dag.py:3504} INFO - Setting next_dagrun for 9-XCom to 2022-01-15T00:00:00+00:00, run_after=2022-01-16T00:00:00+00:00
[2023-08-03T18:15:09.670-0500] {processor.py:179} INFO - Processing /home/joha/airflow/dags/xcom.py took 0.136 seconds
[2023-08-03T18:15:49.899-0500] {processor.py:157} INFO - Started process (PID=21662) to work on /home/joha/airflow/dags/xcom.py
[2023-08-03T18:15:49.908-0500] {processor.py:826} INFO - Processing file /home/joha/airflow/dags/xcom.py for tasks to queue
[2023-08-03T18:15:49.911-0500] {logging_mixin.py:150} INFO - [2023-08-03T18:15:49.910-0500] {dagbag.py:541} INFO - Filling up the DagBag from /home/joha/airflow/dags/xcom.py
[2023-08-03T18:15:49.929-0500] {processor.py:836} INFO - DAG(s) dict_keys(['9-XCom']) retrieved from /home/joha/airflow/dags/xcom.py
[2023-08-03T18:15:49.953-0500] {logging_mixin.py:150} INFO - [2023-08-03T18:15:49.953-0500] {dag.py:2742} INFO - Sync 1 DAGs
[2023-08-03T18:15:50.002-0500] {processor.py:179} INFO - Processing /home/joha/airflow/dags/xcom.py took 0.110 seconds
[2023-08-03T18:17:11.432-0500] {processor.py:157} INFO - Started process (PID=21790) to work on /home/joha/airflow/dags/xcom.py
[2023-08-03T18:17:11.441-0500] {processor.py:826} INFO - Processing file /home/joha/airflow/dags/xcom.py for tasks to queue
[2023-08-03T18:17:11.444-0500] {logging_mixin.py:150} INFO - [2023-08-03T18:17:11.443-0500] {dagbag.py:541} INFO - Filling up the DagBag from /home/joha/airflow/dags/xcom.py
[2023-08-03T18:17:11.457-0500] {processor.py:836} INFO - DAG(s) dict_keys(['9-XCom']) retrieved from /home/joha/airflow/dags/xcom.py
[2023-08-03T18:17:11.482-0500] {logging_mixin.py:150} INFO - [2023-08-03T18:17:11.482-0500] {dag.py:2742} INFO - Sync 1 DAGs
[2023-08-03T18:17:11.537-0500] {processor.py:179} INFO - Processing /home/joha/airflow/dags/xcom.py took 0.109 seconds
[2023-08-03T18:17:54.067-0500] {processor.py:157} INFO - Started process (PID=21858) to work on /home/joha/airflow/dags/xcom.py
[2023-08-03T18:17:54.075-0500] {processor.py:826} INFO - Processing file /home/joha/airflow/dags/xcom.py for tasks to queue
[2023-08-03T18:17:54.077-0500] {logging_mixin.py:150} INFO - [2023-08-03T18:17:54.076-0500] {dagbag.py:541} INFO - Filling up the DagBag from /home/joha/airflow/dags/xcom.py
[2023-08-03T18:17:54.089-0500] {processor.py:836} INFO - DAG(s) dict_keys(['9-XCom']) retrieved from /home/joha/airflow/dags/xcom.py
[2023-08-03T18:17:54.117-0500] {logging_mixin.py:150} INFO - [2023-08-03T18:17:54.117-0500] {dag.py:2742} INFO - Sync 1 DAGs
[2023-08-03T18:17:54.174-0500] {processor.py:179} INFO - Processing /home/joha/airflow/dags/xcom.py took 0.110 seconds
[2023-08-03T18:18:31.042-0500] {processor.py:157} INFO - Started process (PID=21895) to work on /home/joha/airflow/dags/xcom.py
[2023-08-03T18:18:31.050-0500] {processor.py:826} INFO - Processing file /home/joha/airflow/dags/xcom.py for tasks to queue
[2023-08-03T18:18:31.051-0500] {logging_mixin.py:150} INFO - [2023-08-03T18:18:31.051-0500] {dagbag.py:541} INFO - Filling up the DagBag from /home/joha/airflow/dags/xcom.py
[2023-08-03T18:18:31.068-0500] {processor.py:836} INFO - DAG(s) dict_keys(['9-XCom']) retrieved from /home/joha/airflow/dags/xcom.py
[2023-08-03T18:18:31.089-0500] {logging_mixin.py:150} INFO - [2023-08-03T18:18:31.088-0500] {dag.py:2742} INFO - Sync 1 DAGs
[2023-08-03T18:18:31.145-0500] {processor.py:179} INFO - Processing /home/joha/airflow/dags/xcom.py took 0.107 seconds
[2023-08-03T18:19:08.010-0500] {processor.py:157} INFO - Started process (PID=22004) to work on /home/joha/airflow/dags/xcom.py
[2023-08-03T18:19:08.018-0500] {processor.py:826} INFO - Processing file /home/joha/airflow/dags/xcom.py for tasks to queue
[2023-08-03T18:19:08.019-0500] {logging_mixin.py:150} INFO - [2023-08-03T18:19:08.018-0500] {dagbag.py:541} INFO - Filling up the DagBag from /home/joha/airflow/dags/xcom.py
[2023-08-03T18:19:08.031-0500] {processor.py:836} INFO - DAG(s) dict_keys(['9-XCom']) retrieved from /home/joha/airflow/dags/xcom.py
[2023-08-03T18:19:08.056-0500] {logging_mixin.py:150} INFO - [2023-08-03T18:19:08.055-0500] {dag.py:2742} INFO - Sync 1 DAGs
[2023-08-03T18:19:08.112-0500] {processor.py:179} INFO - Processing /home/joha/airflow/dags/xcom.py took 0.107 seconds
[2023-08-03T18:19:43.356-0500] {processor.py:157} INFO - Started process (PID=22039) to work on /home/joha/airflow/dags/xcom.py
[2023-08-03T18:19:43.364-0500] {processor.py:826} INFO - Processing file /home/joha/airflow/dags/xcom.py for tasks to queue
[2023-08-03T18:19:43.366-0500] {logging_mixin.py:150} INFO - [2023-08-03T18:19:43.365-0500] {dagbag.py:541} INFO - Filling up the DagBag from /home/joha/airflow/dags/xcom.py
[2023-08-03T18:19:43.376-0500] {processor.py:836} INFO - DAG(s) dict_keys(['9-XCom']) retrieved from /home/joha/airflow/dags/xcom.py
[2023-08-03T18:19:43.403-0500] {logging_mixin.py:150} INFO - [2023-08-03T18:19:43.403-0500] {dag.py:2742} INFO - Sync 1 DAGs
[2023-08-03T18:19:43.474-0500] {processor.py:179} INFO - Processing /home/joha/airflow/dags/xcom.py took 0.125 seconds
[2023-08-03T18:20:19.767-0500] {processor.py:157} INFO - Started process (PID=22086) to work on /home/joha/airflow/dags/xcom.py
[2023-08-03T18:20:19.775-0500] {processor.py:826} INFO - Processing file /home/joha/airflow/dags/xcom.py for tasks to queue
[2023-08-03T18:20:19.776-0500] {logging_mixin.py:150} INFO - [2023-08-03T18:20:19.776-0500] {dagbag.py:541} INFO - Filling up the DagBag from /home/joha/airflow/dags/xcom.py
[2023-08-03T18:20:19.787-0500] {processor.py:836} INFO - DAG(s) dict_keys(['9-XCom']) retrieved from /home/joha/airflow/dags/xcom.py
[2023-08-03T18:20:19.809-0500] {logging_mixin.py:150} INFO - [2023-08-03T18:20:19.809-0500] {dag.py:2742} INFO - Sync 1 DAGs
[2023-08-03T18:20:19.860-0500] {processor.py:179} INFO - Processing /home/joha/airflow/dags/xcom.py took 0.100 seconds
[2023-08-03T18:20:57.383-0500] {processor.py:157} INFO - Started process (PID=22149) to work on /home/joha/airflow/dags/xcom.py
[2023-08-03T18:20:57.394-0500] {processor.py:826} INFO - Processing file /home/joha/airflow/dags/xcom.py for tasks to queue
[2023-08-03T18:20:57.402-0500] {logging_mixin.py:150} INFO - [2023-08-03T18:20:57.400-0500] {dagbag.py:541} INFO - Filling up the DagBag from /home/joha/airflow/dags/xcom.py
[2023-08-03T18:20:57.437-0500] {processor.py:836} INFO - DAG(s) dict_keys(['9-XCom']) retrieved from /home/joha/airflow/dags/xcom.py
[2023-08-03T18:20:57.458-0500] {logging_mixin.py:150} INFO - [2023-08-03T18:20:57.457-0500] {dag.py:2742} INFO - Sync 1 DAGs
[2023-08-03T18:20:57.496-0500] {processor.py:179} INFO - Processing /home/joha/airflow/dags/xcom.py took 0.127 seconds
[2023-08-03T18:21:34.057-0500] {processor.py:157} INFO - Started process (PID=22194) to work on /home/joha/airflow/dags/xcom.py
[2023-08-03T18:21:34.064-0500] {processor.py:826} INFO - Processing file /home/joha/airflow/dags/xcom.py for tasks to queue
[2023-08-03T18:21:34.066-0500] {logging_mixin.py:150} INFO - [2023-08-03T18:21:34.065-0500] {dagbag.py:541} INFO - Filling up the DagBag from /home/joha/airflow/dags/xcom.py
[2023-08-03T18:21:34.079-0500] {processor.py:836} INFO - DAG(s) dict_keys(['9-XCom']) retrieved from /home/joha/airflow/dags/xcom.py
[2023-08-03T18:21:34.102-0500] {logging_mixin.py:150} INFO - [2023-08-03T18:21:34.102-0500] {dag.py:2742} INFO - Sync 1 DAGs
[2023-08-03T18:21:34.158-0500] {processor.py:179} INFO - Processing /home/joha/airflow/dags/xcom.py took 0.105 seconds
[2023-08-03T18:22:29.142-0500] {processor.py:157} INFO - Started process (PID=22239) to work on /home/joha/airflow/dags/xcom.py
[2023-08-03T18:22:29.155-0500] {processor.py:826} INFO - Processing file /home/joha/airflow/dags/xcom.py for tasks to queue
[2023-08-03T18:22:29.160-0500] {logging_mixin.py:150} INFO - [2023-08-03T18:22:29.158-0500] {dagbag.py:541} INFO - Filling up the DagBag from /home/joha/airflow/dags/xcom.py
[2023-08-03T18:22:29.217-0500] {processor.py:836} INFO - DAG(s) dict_keys(['9-XCom']) retrieved from /home/joha/airflow/dags/xcom.py
[2023-08-03T18:22:29.318-0500] {logging_mixin.py:150} INFO - [2023-08-03T18:22:29.317-0500] {dag.py:2742} INFO - Sync 1 DAGs
[2023-08-03T18:22:29.600-0500] {processor.py:179} INFO - Processing /home/joha/airflow/dags/xcom.py took 0.480 seconds
[2023-08-03T18:23:19.502-0500] {processor.py:157} INFO - Started process (PID=22289) to work on /home/joha/airflow/dags/xcom.py
[2023-08-03T18:23:19.509-0500] {processor.py:826} INFO - Processing file /home/joha/airflow/dags/xcom.py for tasks to queue
[2023-08-03T18:23:19.511-0500] {logging_mixin.py:150} INFO - [2023-08-03T18:23:19.510-0500] {dagbag.py:541} INFO - Filling up the DagBag from /home/joha/airflow/dags/xcom.py
[2023-08-03T18:23:19.520-0500] {processor.py:836} INFO - DAG(s) dict_keys(['9-XCom']) retrieved from /home/joha/airflow/dags/xcom.py
[2023-08-03T18:23:19.536-0500] {logging_mixin.py:150} INFO - [2023-08-03T18:23:19.536-0500] {dag.py:2742} INFO - Sync 1 DAGs
[2023-08-03T18:23:19.576-0500] {processor.py:179} INFO - Processing /home/joha/airflow/dags/xcom.py took 0.078 seconds
[2023-08-03T18:23:51.935-0500] {processor.py:157} INFO - Started process (PID=22321) to work on /home/joha/airflow/dags/xcom.py
[2023-08-03T18:23:51.944-0500] {processor.py:826} INFO - Processing file /home/joha/airflow/dags/xcom.py for tasks to queue
[2023-08-03T18:23:51.947-0500] {logging_mixin.py:150} INFO - [2023-08-03T18:23:51.946-0500] {dagbag.py:541} INFO - Filling up the DagBag from /home/joha/airflow/dags/xcom.py
[2023-08-03T18:23:51.973-0500] {processor.py:836} INFO - DAG(s) dict_keys(['9-XCom']) retrieved from /home/joha/airflow/dags/xcom.py
[2023-08-03T18:23:51.992-0500] {logging_mixin.py:150} INFO - [2023-08-03T18:23:51.992-0500] {dag.py:2742} INFO - Sync 1 DAGs
[2023-08-03T18:23:52.030-0500] {processor.py:179} INFO - Processing /home/joha/airflow/dags/xcom.py took 0.097 seconds
[2023-08-03T18:24:24.844-0500] {processor.py:157} INFO - Started process (PID=22364) to work on /home/joha/airflow/dags/xcom.py
[2023-08-03T18:24:24.852-0500] {processor.py:826} INFO - Processing file /home/joha/airflow/dags/xcom.py for tasks to queue
[2023-08-03T18:24:24.853-0500] {logging_mixin.py:150} INFO - [2023-08-03T18:24:24.852-0500] {dagbag.py:541} INFO - Filling up the DagBag from /home/joha/airflow/dags/xcom.py
[2023-08-03T18:24:24.863-0500] {processor.py:836} INFO - DAG(s) dict_keys(['9-XCom']) retrieved from /home/joha/airflow/dags/xcom.py
[2023-08-03T18:24:24.881-0500] {logging_mixin.py:150} INFO - [2023-08-03T18:24:24.881-0500] {dag.py:2742} INFO - Sync 1 DAGs
[2023-08-03T18:24:24.917-0500] {processor.py:179} INFO - Processing /home/joha/airflow/dags/xcom.py took 0.077 seconds
[2023-08-03T18:24:58.011-0500] {processor.py:157} INFO - Started process (PID=22397) to work on /home/joha/airflow/dags/xcom.py
[2023-08-03T18:24:58.019-0500] {processor.py:826} INFO - Processing file /home/joha/airflow/dags/xcom.py for tasks to queue
[2023-08-03T18:24:58.020-0500] {logging_mixin.py:150} INFO - [2023-08-03T18:24:58.020-0500] {dagbag.py:541} INFO - Filling up the DagBag from /home/joha/airflow/dags/xcom.py
[2023-08-03T18:24:58.030-0500] {processor.py:836} INFO - DAG(s) dict_keys(['9-XCom']) retrieved from /home/joha/airflow/dags/xcom.py
[2023-08-03T18:24:58.048-0500] {logging_mixin.py:150} INFO - [2023-08-03T18:24:58.047-0500] {dag.py:2742} INFO - Sync 1 DAGs
[2023-08-03T18:24:58.086-0500] {processor.py:179} INFO - Processing /home/joha/airflow/dags/xcom.py took 0.077 seconds
[2023-08-03T18:25:31.921-0500] {processor.py:157} INFO - Started process (PID=22444) to work on /home/joha/airflow/dags/xcom.py
[2023-08-03T18:25:31.929-0500] {processor.py:826} INFO - Processing file /home/joha/airflow/dags/xcom.py for tasks to queue
[2023-08-03T18:25:31.930-0500] {logging_mixin.py:150} INFO - [2023-08-03T18:25:31.930-0500] {dagbag.py:541} INFO - Filling up the DagBag from /home/joha/airflow/dags/xcom.py
[2023-08-03T18:25:31.941-0500] {processor.py:836} INFO - DAG(s) dict_keys(['9-XCom']) retrieved from /home/joha/airflow/dags/xcom.py
[2023-08-03T18:25:31.958-0500] {logging_mixin.py:150} INFO - [2023-08-03T18:25:31.958-0500] {dag.py:2742} INFO - Sync 1 DAGs
[2023-08-03T18:25:31.994-0500] {processor.py:179} INFO - Processing /home/joha/airflow/dags/xcom.py took 0.076 seconds
[2023-08-03T18:26:04.744-0500] {processor.py:157} INFO - Started process (PID=22488) to work on /home/joha/airflow/dags/xcom.py
[2023-08-03T18:26:04.752-0500] {processor.py:826} INFO - Processing file /home/joha/airflow/dags/xcom.py for tasks to queue
[2023-08-03T18:26:04.755-0500] {logging_mixin.py:150} INFO - [2023-08-03T18:26:04.754-0500] {dagbag.py:541} INFO - Filling up the DagBag from /home/joha/airflow/dags/xcom.py
[2023-08-03T18:26:04.783-0500] {processor.py:836} INFO - DAG(s) dict_keys(['9-XCom']) retrieved from /home/joha/airflow/dags/xcom.py
[2023-08-03T18:26:04.804-0500] {logging_mixin.py:150} INFO - [2023-08-03T18:26:04.804-0500] {dag.py:2742} INFO - Sync 1 DAGs
[2023-08-03T18:26:04.841-0500] {processor.py:179} INFO - Processing /home/joha/airflow/dags/xcom.py took 0.100 seconds
[2023-08-03T18:26:38.903-0500] {processor.py:157} INFO - Started process (PID=22529) to work on /home/joha/airflow/dags/xcom.py
[2023-08-03T18:26:38.904-0500] {processor.py:826} INFO - Processing file /home/joha/airflow/dags/xcom.py for tasks to queue
[2023-08-03T18:26:38.905-0500] {logging_mixin.py:150} INFO - [2023-08-03T18:26:38.904-0500] {dagbag.py:541} INFO - Filling up the DagBag from /home/joha/airflow/dags/xcom.py
[2023-08-03T18:26:38.914-0500] {processor.py:836} INFO - DAG(s) dict_keys(['9-XCom']) retrieved from /home/joha/airflow/dags/xcom.py
[2023-08-03T18:26:38.931-0500] {logging_mixin.py:150} INFO - [2023-08-03T18:26:38.930-0500] {dag.py:2742} INFO - Sync 1 DAGs
[2023-08-03T18:26:38.968-0500] {processor.py:179} INFO - Processing /home/joha/airflow/dags/xcom.py took 0.068 seconds
[2023-08-03T18:27:12.679-0500] {processor.py:157} INFO - Started process (PID=22564) to work on /home/joha/airflow/dags/xcom.py
[2023-08-03T18:27:12.688-0500] {processor.py:826} INFO - Processing file /home/joha/airflow/dags/xcom.py for tasks to queue
[2023-08-03T18:27:12.691-0500] {logging_mixin.py:150} INFO - [2023-08-03T18:27:12.690-0500] {dagbag.py:541} INFO - Filling up the DagBag from /home/joha/airflow/dags/xcom.py
[2023-08-03T18:27:12.713-0500] {processor.py:836} INFO - DAG(s) dict_keys(['9-XCom']) retrieved from /home/joha/airflow/dags/xcom.py
[2023-08-03T18:27:12.731-0500] {logging_mixin.py:150} INFO - [2023-08-03T18:27:12.731-0500] {dag.py:2742} INFO - Sync 1 DAGs
[2023-08-03T18:27:12.769-0500] {processor.py:179} INFO - Processing /home/joha/airflow/dags/xcom.py took 0.100 seconds
[2023-08-03T18:27:46.064-0500] {processor.py:157} INFO - Started process (PID=22605) to work on /home/joha/airflow/dags/xcom.py
[2023-08-03T18:27:46.071-0500] {processor.py:826} INFO - Processing file /home/joha/airflow/dags/xcom.py for tasks to queue
[2023-08-03T18:27:46.072-0500] {logging_mixin.py:150} INFO - [2023-08-03T18:27:46.072-0500] {dagbag.py:541} INFO - Filling up the DagBag from /home/joha/airflow/dags/xcom.py
[2023-08-03T18:27:46.081-0500] {processor.py:836} INFO - DAG(s) dict_keys(['9-XCom']) retrieved from /home/joha/airflow/dags/xcom.py
[2023-08-03T18:27:46.097-0500] {logging_mixin.py:150} INFO - [2023-08-03T18:27:46.097-0500] {dag.py:2742} INFO - Sync 1 DAGs
[2023-08-03T18:27:46.133-0500] {processor.py:179} INFO - Processing /home/joha/airflow/dags/xcom.py took 0.072 seconds
[2023-08-03T18:28:49.318-0500] {processor.py:157} INFO - Started process (PID=22703) to work on /home/joha/airflow/dags/xcom.py
[2023-08-03T18:28:49.326-0500] {processor.py:826} INFO - Processing file /home/joha/airflow/dags/xcom.py for tasks to queue
[2023-08-03T18:28:49.327-0500] {logging_mixin.py:150} INFO - [2023-08-03T18:28:49.327-0500] {dagbag.py:541} INFO - Filling up the DagBag from /home/joha/airflow/dags/xcom.py
[2023-08-03T18:28:49.337-0500] {processor.py:836} INFO - DAG(s) dict_keys(['9-XCom']) retrieved from /home/joha/airflow/dags/xcom.py
[2023-08-03T18:28:49.354-0500] {logging_mixin.py:150} INFO - [2023-08-03T18:28:49.354-0500] {dag.py:2742} INFO - Sync 1 DAGs
[2023-08-03T18:28:49.392-0500] {processor.py:179} INFO - Processing /home/joha/airflow/dags/xcom.py took 0.076 seconds
[2023-08-03T18:29:25.660-0500] {processor.py:157} INFO - Started process (PID=22741) to work on /home/joha/airflow/dags/xcom.py
[2023-08-03T18:29:25.668-0500] {processor.py:826} INFO - Processing file /home/joha/airflow/dags/xcom.py for tasks to queue
[2023-08-03T18:29:25.669-0500] {logging_mixin.py:150} INFO - [2023-08-03T18:29:25.669-0500] {dagbag.py:541} INFO - Filling up the DagBag from /home/joha/airflow/dags/xcom.py
[2023-08-03T18:29:25.678-0500] {processor.py:836} INFO - DAG(s) dict_keys(['9-XCom']) retrieved from /home/joha/airflow/dags/xcom.py
[2023-08-03T18:29:25.694-0500] {logging_mixin.py:150} INFO - [2023-08-03T18:29:25.694-0500] {dag.py:2742} INFO - Sync 1 DAGs
[2023-08-03T18:29:25.737-0500] {processor.py:179} INFO - Processing /home/joha/airflow/dags/xcom.py took 0.080 seconds
[2023-08-03T18:30:03.560-0500] {processor.py:157} INFO - Started process (PID=22789) to work on /home/joha/airflow/dags/xcom.py
[2023-08-03T18:30:03.568-0500] {processor.py:826} INFO - Processing file /home/joha/airflow/dags/xcom.py for tasks to queue
[2023-08-03T18:30:03.569-0500] {logging_mixin.py:150} INFO - [2023-08-03T18:30:03.568-0500] {dagbag.py:541} INFO - Filling up the DagBag from /home/joha/airflow/dags/xcom.py
[2023-08-03T18:30:03.580-0500] {processor.py:836} INFO - DAG(s) dict_keys(['9-XCom']) retrieved from /home/joha/airflow/dags/xcom.py
[2023-08-03T18:30:03.599-0500] {logging_mixin.py:150} INFO - [2023-08-03T18:30:03.599-0500] {dag.py:2742} INFO - Sync 1 DAGs
[2023-08-03T18:30:03.637-0500] {processor.py:179} INFO - Processing /home/joha/airflow/dags/xcom.py took 0.080 seconds
[2023-08-03T18:30:38.236-0500] {processor.py:157} INFO - Started process (PID=22824) to work on /home/joha/airflow/dags/xcom.py
[2023-08-03T18:30:38.243-0500] {processor.py:826} INFO - Processing file /home/joha/airflow/dags/xcom.py for tasks to queue
[2023-08-03T18:30:38.244-0500] {logging_mixin.py:150} INFO - [2023-08-03T18:30:38.244-0500] {dagbag.py:541} INFO - Filling up the DagBag from /home/joha/airflow/dags/xcom.py
[2023-08-03T18:30:38.255-0500] {processor.py:836} INFO - DAG(s) dict_keys(['9-XCom']) retrieved from /home/joha/airflow/dags/xcom.py
[2023-08-03T18:30:38.273-0500] {logging_mixin.py:150} INFO - [2023-08-03T18:30:38.272-0500] {dag.py:2742} INFO - Sync 1 DAGs
[2023-08-03T18:30:38.309-0500] {processor.py:179} INFO - Processing /home/joha/airflow/dags/xcom.py took 0.077 seconds
[2023-08-03T18:31:10.839-0500] {processor.py:157} INFO - Started process (PID=22863) to work on /home/joha/airflow/dags/xcom.py
[2023-08-03T18:31:10.847-0500] {processor.py:826} INFO - Processing file /home/joha/airflow/dags/xcom.py for tasks to queue
[2023-08-03T18:31:10.848-0500] {logging_mixin.py:150} INFO - [2023-08-03T18:31:10.847-0500] {dagbag.py:541} INFO - Filling up the DagBag from /home/joha/airflow/dags/xcom.py
[2023-08-03T18:31:10.857-0500] {processor.py:836} INFO - DAG(s) dict_keys(['9-XCom']) retrieved from /home/joha/airflow/dags/xcom.py
[2023-08-03T18:31:10.872-0500] {logging_mixin.py:150} INFO - [2023-08-03T18:31:10.872-0500] {dag.py:2742} INFO - Sync 1 DAGs
[2023-08-03T18:31:10.909-0500] {processor.py:179} INFO - Processing /home/joha/airflow/dags/xcom.py took 0.073 seconds
[2023-08-03T18:31:44.549-0500] {processor.py:157} INFO - Started process (PID=22897) to work on /home/joha/airflow/dags/xcom.py
[2023-08-03T18:31:44.557-0500] {processor.py:826} INFO - Processing file /home/joha/airflow/dags/xcom.py for tasks to queue
[2023-08-03T18:31:44.558-0500] {logging_mixin.py:150} INFO - [2023-08-03T18:31:44.557-0500] {dagbag.py:541} INFO - Filling up the DagBag from /home/joha/airflow/dags/xcom.py
[2023-08-03T18:31:44.567-0500] {processor.py:836} INFO - DAG(s) dict_keys(['9-XCom']) retrieved from /home/joha/airflow/dags/xcom.py
[2023-08-03T18:31:44.582-0500] {logging_mixin.py:150} INFO - [2023-08-03T18:31:44.582-0500] {dag.py:2742} INFO - Sync 1 DAGs
[2023-08-03T18:31:44.619-0500] {processor.py:179} INFO - Processing /home/joha/airflow/dags/xcom.py took 0.073 seconds
[2023-08-03T18:32:18.649-0500] {processor.py:157} INFO - Started process (PID=22940) to work on /home/joha/airflow/dags/xcom.py
[2023-08-03T18:32:18.656-0500] {processor.py:826} INFO - Processing file /home/joha/airflow/dags/xcom.py for tasks to queue
[2023-08-03T18:32:18.657-0500] {logging_mixin.py:150} INFO - [2023-08-03T18:32:18.657-0500] {dagbag.py:541} INFO - Filling up the DagBag from /home/joha/airflow/dags/xcom.py
[2023-08-03T18:32:18.666-0500] {processor.py:836} INFO - DAG(s) dict_keys(['9-XCom']) retrieved from /home/joha/airflow/dags/xcom.py
[2023-08-03T18:32:18.682-0500] {logging_mixin.py:150} INFO - [2023-08-03T18:32:18.682-0500] {dag.py:2742} INFO - Sync 1 DAGs
[2023-08-03T18:32:18.718-0500] {processor.py:179} INFO - Processing /home/joha/airflow/dags/xcom.py took 0.072 seconds
[2023-08-03T18:32:53.321-0500] {processor.py:157} INFO - Started process (PID=22974) to work on /home/joha/airflow/dags/xcom.py
[2023-08-03T18:32:53.328-0500] {processor.py:826} INFO - Processing file /home/joha/airflow/dags/xcom.py for tasks to queue
[2023-08-03T18:32:53.329-0500] {logging_mixin.py:150} INFO - [2023-08-03T18:32:53.329-0500] {dagbag.py:541} INFO - Filling up the DagBag from /home/joha/airflow/dags/xcom.py
[2023-08-03T18:32:53.341-0500] {processor.py:836} INFO - DAG(s) dict_keys(['9-XCom']) retrieved from /home/joha/airflow/dags/xcom.py
[2023-08-03T18:32:53.360-0500] {logging_mixin.py:150} INFO - [2023-08-03T18:32:53.360-0500] {dag.py:2742} INFO - Sync 1 DAGs
[2023-08-03T18:32:53.399-0500] {processor.py:179} INFO - Processing /home/joha/airflow/dags/xcom.py took 0.081 seconds
[2023-08-03T18:33:26.119-0500] {processor.py:157} INFO - Started process (PID=23014) to work on /home/joha/airflow/dags/xcom.py
[2023-08-03T18:33:26.127-0500] {processor.py:826} INFO - Processing file /home/joha/airflow/dags/xcom.py for tasks to queue
[2023-08-03T18:33:26.128-0500] {logging_mixin.py:150} INFO - [2023-08-03T18:33:26.127-0500] {dagbag.py:541} INFO - Filling up the DagBag from /home/joha/airflow/dags/xcom.py
[2023-08-03T18:33:26.139-0500] {processor.py:836} INFO - DAG(s) dict_keys(['9-XCom']) retrieved from /home/joha/airflow/dags/xcom.py
[2023-08-03T18:33:26.160-0500] {logging_mixin.py:150} INFO - [2023-08-03T18:33:26.159-0500] {dag.py:2742} INFO - Sync 1 DAGs
[2023-08-03T18:33:26.197-0500] {processor.py:179} INFO - Processing /home/joha/airflow/dags/xcom.py took 0.080 seconds
[2023-08-03T18:33:58.393-0500] {processor.py:157} INFO - Started process (PID=23053) to work on /home/joha/airflow/dags/xcom.py
[2023-08-03T18:33:58.401-0500] {processor.py:826} INFO - Processing file /home/joha/airflow/dags/xcom.py for tasks to queue
[2023-08-03T18:33:58.402-0500] {logging_mixin.py:150} INFO - [2023-08-03T18:33:58.402-0500] {dagbag.py:541} INFO - Filling up the DagBag from /home/joha/airflow/dags/xcom.py
[2023-08-03T18:33:58.411-0500] {processor.py:836} INFO - DAG(s) dict_keys(['9-XCom']) retrieved from /home/joha/airflow/dags/xcom.py
[2023-08-03T18:33:58.427-0500] {logging_mixin.py:150} INFO - [2023-08-03T18:33:58.427-0500] {dag.py:2742} INFO - Sync 1 DAGs
[2023-08-03T18:33:58.465-0500] {processor.py:179} INFO - Processing /home/joha/airflow/dags/xcom.py took 0.075 seconds
[2023-08-03T18:34:30.848-0500] {processor.py:157} INFO - Started process (PID=23094) to work on /home/joha/airflow/dags/xcom.py
[2023-08-03T18:34:30.856-0500] {processor.py:826} INFO - Processing file /home/joha/airflow/dags/xcom.py for tasks to queue
[2023-08-03T18:34:30.856-0500] {logging_mixin.py:150} INFO - [2023-08-03T18:34:30.856-0500] {dagbag.py:541} INFO - Filling up the DagBag from /home/joha/airflow/dags/xcom.py
[2023-08-03T18:34:30.868-0500] {processor.py:836} INFO - DAG(s) dict_keys(['9-XCom']) retrieved from /home/joha/airflow/dags/xcom.py
[2023-08-03T18:34:30.887-0500] {logging_mixin.py:150} INFO - [2023-08-03T18:34:30.887-0500] {dag.py:2742} INFO - Sync 1 DAGs
[2023-08-03T18:34:30.925-0500] {processor.py:179} INFO - Processing /home/joha/airflow/dags/xcom.py took 0.079 seconds
[2023-08-03T18:35:04.485-0500] {processor.py:157} INFO - Started process (PID=23129) to work on /home/joha/airflow/dags/xcom.py
[2023-08-03T18:35:04.492-0500] {processor.py:826} INFO - Processing file /home/joha/airflow/dags/xcom.py for tasks to queue
[2023-08-03T18:35:04.493-0500] {logging_mixin.py:150} INFO - [2023-08-03T18:35:04.493-0500] {dagbag.py:541} INFO - Filling up the DagBag from /home/joha/airflow/dags/xcom.py
[2023-08-03T18:35:04.502-0500] {processor.py:836} INFO - DAG(s) dict_keys(['9-XCom']) retrieved from /home/joha/airflow/dags/xcom.py
[2023-08-03T18:35:04.517-0500] {logging_mixin.py:150} INFO - [2023-08-03T18:35:04.517-0500] {dag.py:2742} INFO - Sync 1 DAGs
[2023-08-03T18:35:04.554-0500] {processor.py:179} INFO - Processing /home/joha/airflow/dags/xcom.py took 0.072 seconds
[2023-08-03T18:35:37.926-0500] {processor.py:157} INFO - Started process (PID=23171) to work on /home/joha/airflow/dags/xcom.py
[2023-08-03T18:35:37.935-0500] {processor.py:826} INFO - Processing file /home/joha/airflow/dags/xcom.py for tasks to queue
[2023-08-03T18:35:37.937-0500] {logging_mixin.py:150} INFO - [2023-08-03T18:35:37.936-0500] {dagbag.py:541} INFO - Filling up the DagBag from /home/joha/airflow/dags/xcom.py
[2023-08-03T18:35:37.964-0500] {processor.py:836} INFO - DAG(s) dict_keys(['9-XCom']) retrieved from /home/joha/airflow/dags/xcom.py
[2023-08-03T18:35:37.985-0500] {logging_mixin.py:150} INFO - [2023-08-03T18:35:37.985-0500] {dag.py:2742} INFO - Sync 1 DAGs
[2023-08-03T18:35:38.021-0500] {processor.py:179} INFO - Processing /home/joha/airflow/dags/xcom.py took 0.098 seconds
[2023-08-03T18:36:11.886-0500] {processor.py:157} INFO - Started process (PID=23204) to work on /home/joha/airflow/dags/xcom.py
[2023-08-03T18:36:11.893-0500] {processor.py:826} INFO - Processing file /home/joha/airflow/dags/xcom.py for tasks to queue
[2023-08-03T18:36:11.895-0500] {logging_mixin.py:150} INFO - [2023-08-03T18:36:11.894-0500] {dagbag.py:541} INFO - Filling up the DagBag from /home/joha/airflow/dags/xcom.py
[2023-08-03T18:36:11.906-0500] {processor.py:836} INFO - DAG(s) dict_keys(['9-XCom']) retrieved from /home/joha/airflow/dags/xcom.py
[2023-08-03T18:36:11.926-0500] {logging_mixin.py:150} INFO - [2023-08-03T18:36:11.925-0500] {dag.py:2742} INFO - Sync 1 DAGs
[2023-08-03T18:36:11.968-0500] {processor.py:179} INFO - Processing /home/joha/airflow/dags/xcom.py took 0.085 seconds
[2023-08-03T18:36:44.628-0500] {processor.py:157} INFO - Started process (PID=23245) to work on /home/joha/airflow/dags/xcom.py
[2023-08-03T18:36:44.635-0500] {processor.py:826} INFO - Processing file /home/joha/airflow/dags/xcom.py for tasks to queue
[2023-08-03T18:36:44.636-0500] {logging_mixin.py:150} INFO - [2023-08-03T18:36:44.636-0500] {dagbag.py:541} INFO - Filling up the DagBag from /home/joha/airflow/dags/xcom.py
[2023-08-03T18:36:44.647-0500] {processor.py:836} INFO - DAG(s) dict_keys(['9-XCom']) retrieved from /home/joha/airflow/dags/xcom.py
[2023-08-03T18:36:44.664-0500] {logging_mixin.py:150} INFO - [2023-08-03T18:36:44.664-0500] {dag.py:2742} INFO - Sync 1 DAGs
[2023-08-03T18:36:44.702-0500] {processor.py:179} INFO - Processing /home/joha/airflow/dags/xcom.py took 0.078 seconds
[2023-08-03T18:37:15.547-0500] {processor.py:157} INFO - Started process (PID=23282) to work on /home/joha/airflow/dags/xcom.py
[2023-08-03T18:37:15.556-0500] {processor.py:826} INFO - Processing file /home/joha/airflow/dags/xcom.py for tasks to queue
[2023-08-03T18:37:15.558-0500] {logging_mixin.py:150} INFO - [2023-08-03T18:37:15.557-0500] {dagbag.py:541} INFO - Filling up the DagBag from /home/joha/airflow/dags/xcom.py
[2023-08-03T18:37:15.582-0500] {processor.py:836} INFO - DAG(s) dict_keys(['9-XCom']) retrieved from /home/joha/airflow/dags/xcom.py
[2023-08-03T18:37:15.604-0500] {logging_mixin.py:150} INFO - [2023-08-03T18:37:15.604-0500] {dag.py:2742} INFO - Sync 1 DAGs
[2023-08-03T18:37:15.643-0500] {processor.py:179} INFO - Processing /home/joha/airflow/dags/xcom.py took 0.098 seconds
[2023-08-03T18:37:48.532-0500] {processor.py:157} INFO - Started process (PID=23333) to work on /home/joha/airflow/dags/xcom.py
[2023-08-03T18:37:48.540-0500] {processor.py:826} INFO - Processing file /home/joha/airflow/dags/xcom.py for tasks to queue
[2023-08-03T18:37:48.542-0500] {logging_mixin.py:150} INFO - [2023-08-03T18:37:48.541-0500] {dagbag.py:541} INFO - Filling up the DagBag from /home/joha/airflow/dags/xcom.py
[2023-08-03T18:37:48.570-0500] {processor.py:836} INFO - DAG(s) dict_keys(['9-XCom']) retrieved from /home/joha/airflow/dags/xcom.py
[2023-08-03T18:37:48.591-0500] {logging_mixin.py:150} INFO - [2023-08-03T18:37:48.591-0500] {dag.py:2742} INFO - Sync 1 DAGs
[2023-08-03T18:37:48.632-0500] {processor.py:179} INFO - Processing /home/joha/airflow/dags/xcom.py took 0.103 seconds
[2023-08-03T18:38:23.052-0500] {processor.py:157} INFO - Started process (PID=23370) to work on /home/joha/airflow/dags/xcom.py
[2023-08-03T18:38:23.060-0500] {processor.py:826} INFO - Processing file /home/joha/airflow/dags/xcom.py for tasks to queue
[2023-08-03T18:38:23.061-0500] {logging_mixin.py:150} INFO - [2023-08-03T18:38:23.060-0500] {dagbag.py:541} INFO - Filling up the DagBag from /home/joha/airflow/dags/xcom.py
[2023-08-03T18:38:23.071-0500] {processor.py:836} INFO - DAG(s) dict_keys(['9-XCom']) retrieved from /home/joha/airflow/dags/xcom.py
[2023-08-03T18:38:23.088-0500] {logging_mixin.py:150} INFO - [2023-08-03T18:38:23.088-0500] {dag.py:2742} INFO - Sync 1 DAGs
[2023-08-03T18:38:23.126-0500] {processor.py:179} INFO - Processing /home/joha/airflow/dags/xcom.py took 0.077 seconds
[2023-08-03T18:38:57.288-0500] {processor.py:157} INFO - Started process (PID=23412) to work on /home/joha/airflow/dags/xcom.py
[2023-08-03T18:38:57.295-0500] {processor.py:826} INFO - Processing file /home/joha/airflow/dags/xcom.py for tasks to queue
[2023-08-03T18:38:57.296-0500] {logging_mixin.py:150} INFO - [2023-08-03T18:38:57.296-0500] {dagbag.py:541} INFO - Filling up the DagBag from /home/joha/airflow/dags/xcom.py
[2023-08-03T18:38:57.306-0500] {processor.py:836} INFO - DAG(s) dict_keys(['9-XCom']) retrieved from /home/joha/airflow/dags/xcom.py
[2023-08-03T18:38:57.324-0500] {logging_mixin.py:150} INFO - [2023-08-03T18:38:57.324-0500] {dag.py:2742} INFO - Sync 1 DAGs
[2023-08-03T18:38:57.360-0500] {processor.py:179} INFO - Processing /home/joha/airflow/dags/xcom.py took 0.075 seconds
[2023-08-03T18:39:29.546-0500] {processor.py:157} INFO - Started process (PID=23445) to work on /home/joha/airflow/dags/xcom.py
[2023-08-03T18:39:29.554-0500] {processor.py:826} INFO - Processing file /home/joha/airflow/dags/xcom.py for tasks to queue
[2023-08-03T18:39:29.555-0500] {logging_mixin.py:150} INFO - [2023-08-03T18:39:29.554-0500] {dagbag.py:541} INFO - Filling up the DagBag from /home/joha/airflow/dags/xcom.py
[2023-08-03T18:39:29.565-0500] {processor.py:836} INFO - DAG(s) dict_keys(['9-XCom']) retrieved from /home/joha/airflow/dags/xcom.py
[2023-08-03T18:39:29.582-0500] {logging_mixin.py:150} INFO - [2023-08-03T18:39:29.582-0500] {dag.py:2742} INFO - Sync 1 DAGs
[2023-08-03T18:39:29.619-0500] {processor.py:179} INFO - Processing /home/joha/airflow/dags/xcom.py took 0.076 seconds
[2023-08-03T18:40:46.406-0500] {processor.py:157} INFO - Started process (PID=23624) to work on /home/joha/airflow/dags/xcom.py
[2023-08-03T18:40:46.413-0500] {processor.py:826} INFO - Processing file /home/joha/airflow/dags/xcom.py for tasks to queue
[2023-08-03T18:40:46.414-0500] {logging_mixin.py:150} INFO - [2023-08-03T18:40:46.414-0500] {dagbag.py:541} INFO - Filling up the DagBag from /home/joha/airflow/dags/xcom.py
[2023-08-03T18:40:46.428-0500] {processor.py:836} INFO - DAG(s) dict_keys(['9-XCom']) retrieved from /home/joha/airflow/dags/xcom.py
[2023-08-03T18:40:46.454-0500] {logging_mixin.py:150} INFO - [2023-08-03T18:40:46.453-0500] {dag.py:2742} INFO - Sync 1 DAGs
[2023-08-03T18:40:46.521-0500] {processor.py:179} INFO - Processing /home/joha/airflow/dags/xcom.py took 0.119 seconds
[2023-08-03T18:41:51.163-0500] {processor.py:157} INFO - Started process (PID=23705) to work on /home/joha/airflow/dags/xcom.py
[2023-08-03T18:41:51.171-0500] {processor.py:826} INFO - Processing file /home/joha/airflow/dags/xcom.py for tasks to queue
[2023-08-03T18:41:51.172-0500] {logging_mixin.py:150} INFO - [2023-08-03T18:41:51.171-0500] {dagbag.py:541} INFO - Filling up the DagBag from /home/joha/airflow/dags/xcom.py
[2023-08-03T18:41:51.183-0500] {processor.py:836} INFO - DAG(s) dict_keys(['9-XCom']) retrieved from /home/joha/airflow/dags/xcom.py
[2023-08-03T18:41:51.203-0500] {logging_mixin.py:150} INFO - [2023-08-03T18:41:51.203-0500] {dag.py:2742} INFO - Sync 1 DAGs
[2023-08-03T18:41:51.239-0500] {processor.py:179} INFO - Processing /home/joha/airflow/dags/xcom.py took 0.079 seconds
[2023-08-03T18:42:26.391-0500] {processor.py:157} INFO - Started process (PID=23747) to work on /home/joha/airflow/dags/xcom.py
[2023-08-03T18:42:26.399-0500] {processor.py:826} INFO - Processing file /home/joha/airflow/dags/xcom.py for tasks to queue
[2023-08-03T18:42:26.400-0500] {logging_mixin.py:150} INFO - [2023-08-03T18:42:26.399-0500] {dagbag.py:541} INFO - Filling up the DagBag from /home/joha/airflow/dags/xcom.py
[2023-08-03T18:42:26.413-0500] {processor.py:836} INFO - DAG(s) dict_keys(['9-XCom']) retrieved from /home/joha/airflow/dags/xcom.py
[2023-08-03T18:42:26.440-0500] {logging_mixin.py:150} INFO - [2023-08-03T18:42:26.440-0500] {dag.py:2742} INFO - Sync 1 DAGs
[2023-08-03T18:42:26.500-0500] {processor.py:179} INFO - Processing /home/joha/airflow/dags/xcom.py took 0.112 seconds
[2023-08-03T18:43:01.989-0500] {processor.py:157} INFO - Started process (PID=23794) to work on /home/joha/airflow/dags/xcom.py
[2023-08-03T18:43:01.997-0500] {processor.py:826} INFO - Processing file /home/joha/airflow/dags/xcom.py for tasks to queue
[2023-08-03T18:43:01.998-0500] {logging_mixin.py:150} INFO - [2023-08-03T18:43:01.998-0500] {dagbag.py:541} INFO - Filling up the DagBag from /home/joha/airflow/dags/xcom.py
[2023-08-03T18:43:02.017-0500] {processor.py:836} INFO - DAG(s) dict_keys(['9-XCom']) retrieved from /home/joha/airflow/dags/xcom.py
[2023-08-03T18:43:02.045-0500] {logging_mixin.py:150} INFO - [2023-08-03T18:43:02.044-0500] {dag.py:2742} INFO - Sync 1 DAGs
[2023-08-03T18:43:02.109-0500] {processor.py:179} INFO - Processing /home/joha/airflow/dags/xcom.py took 0.123 seconds
[2023-08-03T18:43:39.710-0500] {processor.py:157} INFO - Started process (PID=23834) to work on /home/joha/airflow/dags/xcom.py
[2023-08-03T18:43:39.717-0500] {processor.py:826} INFO - Processing file /home/joha/airflow/dags/xcom.py for tasks to queue
[2023-08-03T18:43:39.719-0500] {logging_mixin.py:150} INFO - [2023-08-03T18:43:39.718-0500] {dagbag.py:541} INFO - Filling up the DagBag from /home/joha/airflow/dags/xcom.py
[2023-08-03T18:43:39.732-0500] {processor.py:836} INFO - DAG(s) dict_keys(['9-XCom']) retrieved from /home/joha/airflow/dags/xcom.py
[2023-08-03T18:43:39.756-0500] {logging_mixin.py:150} INFO - [2023-08-03T18:43:39.756-0500] {dag.py:2742} INFO - Sync 1 DAGs
[2023-08-03T18:43:39.807-0500] {processor.py:179} INFO - Processing /home/joha/airflow/dags/xcom.py took 0.101 seconds
[2023-08-03T18:44:18.633-0500] {processor.py:157} INFO - Started process (PID=23877) to work on /home/joha/airflow/dags/xcom.py
[2023-08-03T18:44:18.641-0500] {processor.py:826} INFO - Processing file /home/joha/airflow/dags/xcom.py for tasks to queue
[2023-08-03T18:44:18.642-0500] {logging_mixin.py:150} INFO - [2023-08-03T18:44:18.641-0500] {dagbag.py:541} INFO - Filling up the DagBag from /home/joha/airflow/dags/xcom.py
[2023-08-03T18:44:18.653-0500] {processor.py:836} INFO - DAG(s) dict_keys(['9-XCom']) retrieved from /home/joha/airflow/dags/xcom.py
[2023-08-03T18:44:18.679-0500] {logging_mixin.py:150} INFO - [2023-08-03T18:44:18.678-0500] {dag.py:2742} INFO - Sync 1 DAGs
[2023-08-03T18:44:18.734-0500] {processor.py:179} INFO - Processing /home/joha/airflow/dags/xcom.py took 0.107 seconds
[2023-08-03T18:44:53.599-0500] {processor.py:157} INFO - Started process (PID=23928) to work on /home/joha/airflow/dags/xcom.py
[2023-08-03T18:44:53.608-0500] {processor.py:826} INFO - Processing file /home/joha/airflow/dags/xcom.py for tasks to queue
[2023-08-03T18:44:53.609-0500] {logging_mixin.py:150} INFO - [2023-08-03T18:44:53.609-0500] {dagbag.py:541} INFO - Filling up the DagBag from /home/joha/airflow/dags/xcom.py
[2023-08-03T18:44:53.626-0500] {processor.py:836} INFO - DAG(s) dict_keys(['9-XCom']) retrieved from /home/joha/airflow/dags/xcom.py
[2023-08-03T18:44:53.650-0500] {logging_mixin.py:150} INFO - [2023-08-03T18:44:53.650-0500] {dag.py:2742} INFO - Sync 1 DAGs
[2023-08-03T18:44:53.711-0500] {processor.py:179} INFO - Processing /home/joha/airflow/dags/xcom.py took 0.116 seconds
[2023-08-03T18:45:29.617-0500] {processor.py:157} INFO - Started process (PID=23972) to work on /home/joha/airflow/dags/xcom.py
[2023-08-03T18:45:29.625-0500] {processor.py:826} INFO - Processing file /home/joha/airflow/dags/xcom.py for tasks to queue
[2023-08-03T18:45:29.627-0500] {logging_mixin.py:150} INFO - [2023-08-03T18:45:29.626-0500] {dagbag.py:541} INFO - Filling up the DagBag from /home/joha/airflow/dags/xcom.py
[2023-08-03T18:45:29.646-0500] {processor.py:836} INFO - DAG(s) dict_keys(['9-XCom']) retrieved from /home/joha/airflow/dags/xcom.py
[2023-08-03T18:45:29.673-0500] {logging_mixin.py:150} INFO - [2023-08-03T18:45:29.673-0500] {dag.py:2742} INFO - Sync 1 DAGs
[2023-08-03T18:45:29.738-0500] {processor.py:179} INFO - Processing /home/joha/airflow/dags/xcom.py took 0.124 seconds
[2023-08-03T18:46:09.491-0500] {processor.py:157} INFO - Started process (PID=24011) to work on /home/joha/airflow/dags/xcom.py
[2023-08-03T18:46:09.499-0500] {processor.py:826} INFO - Processing file /home/joha/airflow/dags/xcom.py for tasks to queue
[2023-08-03T18:46:09.500-0500] {logging_mixin.py:150} INFO - [2023-08-03T18:46:09.499-0500] {dagbag.py:541} INFO - Filling up the DagBag from /home/joha/airflow/dags/xcom.py
[2023-08-03T18:46:09.511-0500] {processor.py:836} INFO - DAG(s) dict_keys(['9-XCom']) retrieved from /home/joha/airflow/dags/xcom.py
[2023-08-03T18:46:09.531-0500] {logging_mixin.py:150} INFO - [2023-08-03T18:46:09.531-0500] {dag.py:2742} INFO - Sync 1 DAGs
[2023-08-03T18:46:09.569-0500] {processor.py:179} INFO - Processing /home/joha/airflow/dags/xcom.py took 0.082 seconds
