[2023-08-04T09:36:44.490-0500] {processor.py:157} INFO - Started process (PID=24935) to work on /home/joha/anaconda3/lib/python3.10/site-packages/airflow/example_dags/example_subdag_operator.py
[2023-08-04T09:36:44.492-0500] {processor.py:826} INFO - Processing file /home/joha/anaconda3/lib/python3.10/site-packages/airflow/example_dags/example_subdag_operator.py for tasks to queue
[2023-08-04T09:36:44.493-0500] {logging_mixin.py:150} INFO - [2023-08-04T09:36:44.493-0500] {dagbag.py:541} INFO - Filling up the DagBag from /home/joha/anaconda3/lib/python3.10/site-packages/airflow/example_dags/example_subdag_operator.py
[2023-08-04T09:36:44.520-0500] {processor.py:836} INFO - DAG(s) dict_keys(['example_subdag_operator.section-1', 'example_subdag_operator.section-2', 'example_subdag_operator']) retrieved from /home/joha/anaconda3/lib/python3.10/site-packages/airflow/example_dags/example_subdag_operator.py
[2023-08-04T09:36:44.537-0500] {logging_mixin.py:150} INFO - [2023-08-04T09:36:44.537-0500] {dag.py:2742} INFO - Sync 3 DAGs
[2023-08-04T09:36:44.555-0500] {logging_mixin.py:150} INFO - [2023-08-04T09:36:44.555-0500] {dag.py:3504} INFO - Setting next_dagrun for example_subdag_operator to 2022-01-01T00:00:00+00:00, run_after=2022-01-01T00:00:00+00:00
[2023-08-04T09:36:44.558-0500] {logging_mixin.py:150} INFO - [2023-08-04T09:36:44.558-0500] {dag.py:3504} INFO - Setting next_dagrun for example_subdag_operator.section-1 to None, run_after=None
[2023-08-04T09:36:44.559-0500] {logging_mixin.py:150} INFO - [2023-08-04T09:36:44.559-0500] {dag.py:3504} INFO - Setting next_dagrun for example_subdag_operator.section-2 to None, run_after=None
[2023-08-04T09:36:44.564-0500] {logging_mixin.py:150} INFO - [2023-08-04T09:36:44.564-0500] {dag.py:2742} INFO - Sync 2 DAGs
[2023-08-04T09:36:44.568-0500] {logging_mixin.py:150} INFO - [2023-08-04T09:36:44.568-0500] {dag.py:3504} INFO - Setting next_dagrun for example_subdag_operator.section-1 to None, run_after=None
[2023-08-04T09:36:44.569-0500] {logging_mixin.py:150} INFO - [2023-08-04T09:36:44.568-0500] {dag.py:3504} INFO - Setting next_dagrun for example_subdag_operator.section-2 to None, run_after=None
[2023-08-04T09:36:44.590-0500] {processor.py:179} INFO - Processing /home/joha/anaconda3/lib/python3.10/site-packages/airflow/example_dags/example_subdag_operator.py took 0.105 seconds
[2023-08-04T09:37:54.915-0500] {processor.py:157} INFO - Started process (PID=25123) to work on /home/joha/anaconda3/lib/python3.10/site-packages/airflow/example_dags/example_subdag_operator.py
[2023-08-04T09:37:54.926-0500] {processor.py:826} INFO - Processing file /home/joha/anaconda3/lib/python3.10/site-packages/airflow/example_dags/example_subdag_operator.py for tasks to queue
[2023-08-04T09:37:54.929-0500] {logging_mixin.py:150} INFO - [2023-08-04T09:37:54.928-0500] {dagbag.py:541} INFO - Filling up the DagBag from /home/joha/anaconda3/lib/python3.10/site-packages/airflow/example_dags/example_subdag_operator.py
[2023-08-04T09:37:54.962-0500] {processor.py:836} INFO - DAG(s) dict_keys(['example_subdag_operator.section-1', 'example_subdag_operator.section-2', 'example_subdag_operator']) retrieved from /home/joha/anaconda3/lib/python3.10/site-packages/airflow/example_dags/example_subdag_operator.py
[2023-08-04T09:37:54.979-0500] {logging_mixin.py:150} INFO - [2023-08-04T09:37:54.979-0500] {dag.py:2742} INFO - Sync 3 DAGs
[2023-08-04T09:37:54.999-0500] {logging_mixin.py:150} INFO - [2023-08-04T09:37:54.998-0500] {dag.py:3504} INFO - Setting next_dagrun for example_subdag_operator to 2022-01-01T00:00:00+00:00, run_after=2022-01-01T00:00:00+00:00
[2023-08-04T09:37:55.001-0500] {logging_mixin.py:150} INFO - [2023-08-04T09:37:55.001-0500] {dag.py:3504} INFO - Setting next_dagrun for example_subdag_operator.section-1 to None, run_after=None
[2023-08-04T09:37:55.002-0500] {logging_mixin.py:150} INFO - [2023-08-04T09:37:55.002-0500] {dag.py:3504} INFO - Setting next_dagrun for example_subdag_operator.section-2 to None, run_after=None
[2023-08-04T09:37:55.008-0500] {logging_mixin.py:150} INFO - [2023-08-04T09:37:55.008-0500] {dag.py:2742} INFO - Sync 2 DAGs
[2023-08-04T09:37:55.012-0500] {logging_mixin.py:150} INFO - [2023-08-04T09:37:55.012-0500] {dag.py:3504} INFO - Setting next_dagrun for example_subdag_operator.section-1 to None, run_after=None
[2023-08-04T09:37:55.012-0500] {logging_mixin.py:150} INFO - [2023-08-04T09:37:55.012-0500] {dag.py:3504} INFO - Setting next_dagrun for example_subdag_operator.section-2 to None, run_after=None
[2023-08-04T09:37:55.026-0500] {processor.py:179} INFO - Processing /home/joha/anaconda3/lib/python3.10/site-packages/airflow/example_dags/example_subdag_operator.py took 0.120 seconds
