[2023-08-04T09:35:20.990-0500] {processor.py:157} INFO - Started process (PID=24514) to work on /home/joha/anaconda3/lib/python3.10/site-packages/airflow/example_dags/example_local_kubernetes_executor.py
[2023-08-04T09:35:20.991-0500] {processor.py:826} INFO - Processing file /home/joha/anaconda3/lib/python3.10/site-packages/airflow/example_dags/example_local_kubernetes_executor.py for tasks to queue
[2023-08-04T09:35:20.992-0500] {logging_mixin.py:150} INFO - [2023-08-04T09:35:20.992-0500] {dagbag.py:541} INFO - Filling up the DagBag from /home/joha/anaconda3/lib/python3.10/site-packages/airflow/example_dags/example_local_kubernetes_executor.py
[2023-08-04T09:35:20.998-0500] {logging_mixin.py:150} INFO - [2023-08-04T09:35:20.997-0500] {example_local_kubernetes_executor.py:39} WARNING - Could not import DAGs in example_local_kubernetes_executor.py
Traceback (most recent call last):
  File "/home/joha/anaconda3/lib/python3.10/site-packages/airflow/example_dags/example_local_kubernetes_executor.py", line 37, in <module>
    from kubernetes.client import models as k8s
ModuleNotFoundError: No module named 'kubernetes'
[2023-08-04T09:35:20.999-0500] {logging_mixin.py:150} INFO - [2023-08-04T09:35:20.999-0500] {example_local_kubernetes_executor.py:40} WARNING - Install Kubernetes dependencies with: pip install apache-airflow[cncf.kubernetes]
[2023-08-04T09:35:20.999-0500] {processor.py:838} WARNING - No viable dags retrieved from /home/joha/anaconda3/lib/python3.10/site-packages/airflow/example_dags/example_local_kubernetes_executor.py
[2023-08-04T09:35:21.016-0500] {processor.py:179} INFO - Processing /home/joha/anaconda3/lib/python3.10/site-packages/airflow/example_dags/example_local_kubernetes_executor.py took 0.031 seconds
[2023-08-04T09:37:21.510-0500] {processor.py:157} INFO - Started process (PID=25062) to work on /home/joha/anaconda3/lib/python3.10/site-packages/airflow/example_dags/example_local_kubernetes_executor.py
[2023-08-04T09:37:21.518-0500] {processor.py:826} INFO - Processing file /home/joha/anaconda3/lib/python3.10/site-packages/airflow/example_dags/example_local_kubernetes_executor.py for tasks to queue
[2023-08-04T09:37:21.519-0500] {logging_mixin.py:150} INFO - [2023-08-04T09:37:21.519-0500] {dagbag.py:541} INFO - Filling up the DagBag from /home/joha/anaconda3/lib/python3.10/site-packages/airflow/example_dags/example_local_kubernetes_executor.py
[2023-08-04T09:37:21.523-0500] {logging_mixin.py:150} INFO - [2023-08-04T09:37:21.522-0500] {example_local_kubernetes_executor.py:39} WARNING - Could not import DAGs in example_local_kubernetes_executor.py
Traceback (most recent call last):
  File "/home/joha/anaconda3/lib/python3.10/site-packages/airflow/example_dags/example_local_kubernetes_executor.py", line 37, in <module>
    from kubernetes.client import models as k8s
ModuleNotFoundError: No module named 'kubernetes'
[2023-08-04T09:37:21.523-0500] {logging_mixin.py:150} INFO - [2023-08-04T09:37:21.523-0500] {example_local_kubernetes_executor.py:40} WARNING - Install Kubernetes dependencies with: pip install apache-airflow[cncf.kubernetes]
[2023-08-04T09:37:21.524-0500] {processor.py:838} WARNING - No viable dags retrieved from /home/joha/anaconda3/lib/python3.10/site-packages/airflow/example_dags/example_local_kubernetes_executor.py
[2023-08-04T09:37:21.533-0500] {processor.py:179} INFO - Processing /home/joha/anaconda3/lib/python3.10/site-packages/airflow/example_dags/example_local_kubernetes_executor.py took 0.027 seconds
