[2023-08-04T09:35:31.876-0500] {processor.py:157} INFO - Started process (PID=24635) to work on /home/joha/anaconda3/lib/python3.10/site-packages/airflow/example_dags/example_datasets.py
[2023-08-04T09:35:31.877-0500] {processor.py:826} INFO - Processing file /home/joha/anaconda3/lib/python3.10/site-packages/airflow/example_dags/example_datasets.py for tasks to queue
[2023-08-04T09:35:31.879-0500] {logging_mixin.py:150} INFO - [2023-08-04T09:35:31.878-0500] {dagbag.py:541} INFO - Filling up the DagBag from /home/joha/anaconda3/lib/python3.10/site-packages/airflow/example_dags/example_datasets.py
[2023-08-04T09:35:31.905-0500] {processor.py:836} INFO - DAG(s) dict_keys(['dataset_consumes_1_and_2', 'dataset_produces_1', 'dataset_produces_2', 'dataset_consumes_1_never_scheduled', 'dataset_consumes_unknown_never_scheduled', 'dataset_consumes_1']) retrieved from /home/joha/anaconda3/lib/python3.10/site-packages/airflow/example_dags/example_datasets.py
[2023-08-04T09:35:31.983-0500] {logging_mixin.py:150} INFO - [2023-08-04T09:35:31.983-0500] {dag.py:2742} INFO - Sync 6 DAGs
[2023-08-04T09:35:32.034-0500] {logging_mixin.py:150} INFO - [2023-08-04T09:35:32.034-0500] {dag.py:3504} INFO - Setting next_dagrun for dataset_consumes_1 to None, run_after=None
[2023-08-04T09:35:32.041-0500] {logging_mixin.py:150} INFO - [2023-08-04T09:35:32.041-0500] {dag.py:3504} INFO - Setting next_dagrun for dataset_consumes_1_and_2 to None, run_after=None
[2023-08-04T09:35:32.043-0500] {logging_mixin.py:150} INFO - [2023-08-04T09:35:32.043-0500] {dag.py:3504} INFO - Setting next_dagrun for dataset_consumes_1_never_scheduled to None, run_after=None
[2023-08-04T09:35:32.045-0500] {logging_mixin.py:150} INFO - [2023-08-04T09:35:32.045-0500] {dag.py:3504} INFO - Setting next_dagrun for dataset_consumes_unknown_never_scheduled to None, run_after=None
[2023-08-04T09:35:32.052-0500] {logging_mixin.py:150} INFO - [2023-08-04T09:35:32.052-0500] {dag.py:3504} INFO - Setting next_dagrun for dataset_produces_1 to 2023-08-03T00:00:00+00:00, run_after=2023-08-04T00:00:00+00:00
[2023-08-04T09:35:32.055-0500] {logging_mixin.py:150} INFO - [2023-08-04T09:35:32.054-0500] {dag.py:3504} INFO - Setting next_dagrun for dataset_produces_2 to None, run_after=None
[2023-08-04T09:35:32.123-0500] {processor.py:179} INFO - Processing /home/joha/anaconda3/lib/python3.10/site-packages/airflow/example_dags/example_datasets.py took 0.254 seconds
[2023-08-04T09:37:34.209-0500] {processor.py:157} INFO - Started process (PID=25082) to work on /home/joha/anaconda3/lib/python3.10/site-packages/airflow/example_dags/example_datasets.py
[2023-08-04T09:37:34.216-0500] {processor.py:826} INFO - Processing file /home/joha/anaconda3/lib/python3.10/site-packages/airflow/example_dags/example_datasets.py for tasks to queue
[2023-08-04T09:37:34.217-0500] {logging_mixin.py:150} INFO - [2023-08-04T09:37:34.217-0500] {dagbag.py:541} INFO - Filling up the DagBag from /home/joha/anaconda3/lib/python3.10/site-packages/airflow/example_dags/example_datasets.py
[2023-08-04T09:37:34.227-0500] {processor.py:836} INFO - DAG(s) dict_keys(['dataset_consumes_1_never_scheduled', 'dataset_consumes_1', 'dataset_produces_2', 'dataset_produces_1', 'dataset_consumes_1_and_2', 'dataset_consumes_unknown_never_scheduled']) retrieved from /home/joha/anaconda3/lib/python3.10/site-packages/airflow/example_dags/example_datasets.py
[2023-08-04T09:37:34.256-0500] {logging_mixin.py:150} INFO - [2023-08-04T09:37:34.256-0500] {dag.py:2742} INFO - Sync 6 DAGs
[2023-08-04T09:37:34.278-0500] {logging_mixin.py:150} INFO - [2023-08-04T09:37:34.277-0500] {dag.py:3504} INFO - Setting next_dagrun for dataset_consumes_1 to None, run_after=None
[2023-08-04T09:37:34.281-0500] {logging_mixin.py:150} INFO - [2023-08-04T09:37:34.280-0500] {dag.py:3504} INFO - Setting next_dagrun for dataset_consumes_1_and_2 to None, run_after=None
[2023-08-04T09:37:34.281-0500] {logging_mixin.py:150} INFO - [2023-08-04T09:37:34.281-0500] {dag.py:3504} INFO - Setting next_dagrun for dataset_consumes_1_never_scheduled to None, run_after=None
[2023-08-04T09:37:34.282-0500] {logging_mixin.py:150} INFO - [2023-08-04T09:37:34.282-0500] {dag.py:3504} INFO - Setting next_dagrun for dataset_consumes_unknown_never_scheduled to None, run_after=None
[2023-08-04T09:37:34.285-0500] {logging_mixin.py:150} INFO - [2023-08-04T09:37:34.284-0500] {dag.py:3504} INFO - Setting next_dagrun for dataset_produces_1 to 2023-08-03T00:00:00+00:00, run_after=2023-08-04T00:00:00+00:00
[2023-08-04T09:37:34.286-0500] {logging_mixin.py:150} INFO - [2023-08-04T09:37:34.286-0500] {dag.py:3504} INFO - Setting next_dagrun for dataset_produces_2 to None, run_after=None
[2023-08-04T09:37:34.315-0500] {processor.py:179} INFO - Processing /home/joha/anaconda3/lib/python3.10/site-packages/airflow/example_dags/example_datasets.py took 0.109 seconds
