[2023-08-01T18:09:07.923-0500] {processor.py:157} INFO - Started process (PID=95846) to work on /home/joha/airflow/dags/3.dependencias.py
[2023-08-01T18:09:07.924-0500] {processor.py:826} INFO - Processing file /home/joha/airflow/dags/3.dependencias.py for tasks to queue
[2023-08-01T18:09:07.925-0500] {logging_mixin.py:150} INFO - [2023-08-01T18:09:07.924-0500] {dagbag.py:541} INFO - Filling up the DagBag from /home/joha/airflow/dags/3.dependencias.py
[2023-08-01T18:09:07.934-0500] {processor.py:836} INFO - DAG(s) dict_keys(['dependencies']) retrieved from /home/joha/airflow/dags/3.dependencias.py
[2023-08-01T18:09:08.170-0500] {logging_mixin.py:150} INFO - [2023-08-01T18:09:08.170-0500] {manager.py:504} INFO - Created Permission View: can delete on DAG:dependencies
[2023-08-01T18:09:08.183-0500] {logging_mixin.py:150} INFO - [2023-08-01T18:09:08.183-0500] {manager.py:504} INFO - Created Permission View: can read on DAG:dependencies
[2023-08-01T18:09:08.193-0500] {logging_mixin.py:150} INFO - [2023-08-01T18:09:08.192-0500] {manager.py:504} INFO - Created Permission View: can edit on DAG:dependencies
[2023-08-01T18:09:08.205-0500] {logging_mixin.py:150} INFO - [2023-08-01T18:09:08.204-0500] {dag.py:2742} INFO - Sync 1 DAGs
[2023-08-01T18:09:08.215-0500] {logging_mixin.py:150} INFO - [2023-08-01T18:09:08.215-0500] {dag.py:2763} INFO - Creating ORM DAG for dependencies
[2023-08-01T18:09:08.224-0500] {logging_mixin.py:150} INFO - [2023-08-01T18:09:08.224-0500] {dag.py:3504} INFO - Setting next_dagrun for dependencies to 2022-08-01T00:00:00+00:00, run_after=2022-08-01T00:00:00+00:00
[2023-08-01T18:09:08.247-0500] {processor.py:179} INFO - Processing /home/joha/airflow/dags/3.dependencias.py took 0.327 seconds
[2023-08-01T18:10:04.542-0500] {processor.py:157} INFO - Started process (PID=96037) to work on /home/joha/airflow/dags/3.dependencias.py
[2023-08-01T18:10:04.548-0500] {processor.py:826} INFO - Processing file /home/joha/airflow/dags/3.dependencias.py for tasks to queue
[2023-08-01T18:10:04.549-0500] {logging_mixin.py:150} INFO - [2023-08-01T18:10:04.549-0500] {dagbag.py:541} INFO - Filling up the DagBag from /home/joha/airflow/dags/3.dependencias.py
[2023-08-01T18:10:04.557-0500] {processor.py:836} INFO - DAG(s) dict_keys(['dependencies']) retrieved from /home/joha/airflow/dags/3.dependencias.py
[2023-08-01T18:10:04.577-0500] {logging_mixin.py:150} INFO - [2023-08-01T18:10:04.577-0500] {dag.py:2742} INFO - Sync 1 DAGs
[2023-08-01T18:10:04.607-0500] {logging_mixin.py:150} INFO - [2023-08-01T18:10:04.607-0500] {dag.py:3504} INFO - Setting next_dagrun for dependencies to 2022-08-01T00:00:00+00:00, run_after=2022-08-01T00:00:00+00:00
[2023-08-01T18:10:04.704-0500] {processor.py:179} INFO - Processing /home/joha/airflow/dags/3.dependencias.py took 0.165 seconds
[2023-08-01T18:10:59.334-0500] {processor.py:157} INFO - Started process (PID=96149) to work on /home/joha/airflow/dags/3.dependencias.py
[2023-08-01T18:10:59.342-0500] {processor.py:826} INFO - Processing file /home/joha/airflow/dags/3.dependencias.py for tasks to queue
[2023-08-01T18:10:59.344-0500] {logging_mixin.py:150} INFO - [2023-08-01T18:10:59.343-0500] {dagbag.py:541} INFO - Filling up the DagBag from /home/joha/airflow/dags/3.dependencias.py
[2023-08-01T18:10:59.353-0500] {processor.py:836} INFO - DAG(s) dict_keys(['dependencies']) retrieved from /home/joha/airflow/dags/3.dependencias.py
[2023-08-01T18:10:59.373-0500] {logging_mixin.py:150} INFO - [2023-08-01T18:10:59.373-0500] {dag.py:2742} INFO - Sync 1 DAGs
[2023-08-01T18:10:59.516-0500] {logging_mixin.py:150} INFO - [2023-08-01T18:10:59.516-0500] {dag.py:3504} INFO - Setting next_dagrun for dependencies to 2022-08-01T00:00:00+00:00, run_after=2022-08-01T00:00:00+00:00
[2023-08-01T18:10:59.539-0500] {processor.py:179} INFO - Processing /home/joha/airflow/dags/3.dependencias.py took 0.209 seconds
[2023-08-01T18:11:56.170-0500] {processor.py:157} INFO - Started process (PID=96247) to work on /home/joha/airflow/dags/3.dependencias.py
[2023-08-01T18:11:56.179-0500] {processor.py:826} INFO - Processing file /home/joha/airflow/dags/3.dependencias.py for tasks to queue
[2023-08-01T18:11:56.180-0500] {logging_mixin.py:150} INFO - [2023-08-01T18:11:56.179-0500] {dagbag.py:541} INFO - Filling up the DagBag from /home/joha/airflow/dags/3.dependencias.py
[2023-08-01T18:11:56.191-0500] {processor.py:836} INFO - DAG(s) dict_keys(['dependencies']) retrieved from /home/joha/airflow/dags/3.dependencias.py
[2023-08-01T18:11:56.212-0500] {logging_mixin.py:150} INFO - [2023-08-01T18:11:56.212-0500] {dag.py:2742} INFO - Sync 1 DAGs
[2023-08-01T18:11:56.231-0500] {logging_mixin.py:150} INFO - [2023-08-01T18:11:56.231-0500] {dag.py:3504} INFO - Setting next_dagrun for dependencies to 2022-08-01T00:00:00+00:00, run_after=2022-08-01T00:00:00+00:00
[2023-08-01T18:11:56.252-0500] {processor.py:179} INFO - Processing /home/joha/airflow/dags/3.dependencias.py took 0.086 seconds
[2023-08-01T18:12:49.078-0500] {processor.py:157} INFO - Started process (PID=96370) to work on /home/joha/airflow/dags/3.dependencias.py
[2023-08-01T18:12:49.086-0500] {processor.py:826} INFO - Processing file /home/joha/airflow/dags/3.dependencias.py for tasks to queue
[2023-08-01T18:12:49.087-0500] {logging_mixin.py:150} INFO - [2023-08-01T18:12:49.087-0500] {dagbag.py:541} INFO - Filling up the DagBag from /home/joha/airflow/dags/3.dependencias.py
[2023-08-01T18:12:49.101-0500] {processor.py:836} INFO - DAG(s) dict_keys(['dependencies']) retrieved from /home/joha/airflow/dags/3.dependencias.py
[2023-08-01T18:12:49.323-0500] {logging_mixin.py:150} INFO - [2023-08-01T18:12:49.322-0500] {dag.py:2742} INFO - Sync 1 DAGs
[2023-08-01T18:12:49.340-0500] {logging_mixin.py:150} INFO - [2023-08-01T18:12:49.340-0500] {dag.py:3504} INFO - Setting next_dagrun for dependencies to 2022-08-01T00:00:00+00:00, run_after=2022-08-01T00:00:00+00:00
[2023-08-01T18:12:49.369-0500] {processor.py:179} INFO - Processing /home/joha/airflow/dags/3.dependencias.py took 0.294 seconds
[2023-08-01T18:13:48.700-0500] {processor.py:157} INFO - Started process (PID=96658) to work on /home/joha/airflow/dags/3.dependencias.py
[2023-08-01T18:13:48.708-0500] {processor.py:826} INFO - Processing file /home/joha/airflow/dags/3.dependencias.py for tasks to queue
[2023-08-01T18:13:48.709-0500] {logging_mixin.py:150} INFO - [2023-08-01T18:13:48.709-0500] {dagbag.py:541} INFO - Filling up the DagBag from /home/joha/airflow/dags/3.dependencias.py
[2023-08-01T18:13:48.716-0500] {processor.py:836} INFO - DAG(s) dict_keys(['dependencies']) retrieved from /home/joha/airflow/dags/3.dependencias.py
[2023-08-01T18:13:48.740-0500] {logging_mixin.py:150} INFO - [2023-08-01T18:13:48.739-0500] {dag.py:2742} INFO - Sync 1 DAGs
[2023-08-01T18:13:48.763-0500] {logging_mixin.py:150} INFO - [2023-08-01T18:13:48.762-0500] {dag.py:3504} INFO - Setting next_dagrun for dependencies to 2022-08-01T00:00:00+00:00, run_after=2022-08-01T00:00:00+00:00
[2023-08-01T18:13:48.789-0500] {processor.py:179} INFO - Processing /home/joha/airflow/dags/3.dependencias.py took 0.092 seconds
[2023-08-01T18:14:47.787-0500] {processor.py:157} INFO - Started process (PID=96785) to work on /home/joha/airflow/dags/3.dependencias.py
[2023-08-01T18:14:47.796-0500] {processor.py:826} INFO - Processing file /home/joha/airflow/dags/3.dependencias.py for tasks to queue
[2023-08-01T18:14:47.799-0500] {logging_mixin.py:150} INFO - [2023-08-01T18:14:47.798-0500] {dagbag.py:541} INFO - Filling up the DagBag from /home/joha/airflow/dags/3.dependencias.py
[2023-08-01T18:14:47.829-0500] {processor.py:836} INFO - DAG(s) dict_keys(['dependencies']) retrieved from /home/joha/airflow/dags/3.dependencias.py
[2023-08-01T18:14:47.980-0500] {logging_mixin.py:150} INFO - [2023-08-01T18:14:47.980-0500] {dag.py:2742} INFO - Sync 1 DAGs
[2023-08-01T18:14:48.002-0500] {logging_mixin.py:150} INFO - [2023-08-01T18:14:48.002-0500] {dag.py:3504} INFO - Setting next_dagrun for dependencies to 2022-08-01T00:00:00+00:00, run_after=2022-08-01T00:00:00+00:00
[2023-08-01T18:14:48.030-0500] {processor.py:179} INFO - Processing /home/joha/airflow/dags/3.dependencias.py took 0.254 seconds
[2023-08-01T18:15:18.442-0500] {processor.py:157} INFO - Started process (PID=96855) to work on /home/joha/airflow/dags/3.dependencias.py
[2023-08-01T18:15:18.452-0500] {processor.py:826} INFO - Processing file /home/joha/airflow/dags/3.dependencias.py for tasks to queue
[2023-08-01T18:15:18.456-0500] {logging_mixin.py:150} INFO - [2023-08-01T18:15:18.454-0500] {dagbag.py:541} INFO - Filling up the DagBag from /home/joha/airflow/dags/3.dependencias.py
[2023-08-01T18:15:18.614-0500] {processor.py:836} INFO - DAG(s) dict_keys(['dependencies']) retrieved from /home/joha/airflow/dags/3.dependencias.py
[2023-08-01T18:15:18.630-0500] {logging_mixin.py:150} INFO - [2023-08-01T18:15:18.630-0500] {dag.py:2742} INFO - Sync 1 DAGs
[2023-08-01T18:15:18.649-0500] {logging_mixin.py:150} INFO - [2023-08-01T18:15:18.649-0500] {dag.py:3504} INFO - Setting next_dagrun for dependencies to 2022-08-01T00:00:00+00:00, run_after=2022-08-01T00:00:00+00:00
[2023-08-01T18:15:18.669-0500] {processor.py:179} INFO - Processing /home/joha/airflow/dags/3.dependencias.py took 0.240 seconds
[2023-08-01T18:16:14.199-0500] {processor.py:157} INFO - Started process (PID=96935) to work on /home/joha/airflow/dags/3.dependencias.py
[2023-08-01T18:16:14.213-0500] {processor.py:826} INFO - Processing file /home/joha/airflow/dags/3.dependencias.py for tasks to queue
[2023-08-01T18:16:14.214-0500] {logging_mixin.py:150} INFO - [2023-08-01T18:16:14.214-0500] {dagbag.py:541} INFO - Filling up the DagBag from /home/joha/airflow/dags/3.dependencias.py
[2023-08-01T18:16:14.221-0500] {processor.py:836} INFO - DAG(s) dict_keys(['dependencies']) retrieved from /home/joha/airflow/dags/3.dependencias.py
[2023-08-01T18:16:14.240-0500] {logging_mixin.py:150} INFO - [2023-08-01T18:16:14.240-0500] {dag.py:2742} INFO - Sync 1 DAGs
[2023-08-01T18:16:14.260-0500] {logging_mixin.py:150} INFO - [2023-08-01T18:16:14.260-0500] {dag.py:3504} INFO - Setting next_dagrun for dependencies to 2022-08-01T00:00:00+00:00, run_after=2022-08-01T00:00:00+00:00
[2023-08-01T18:16:14.283-0500] {processor.py:179} INFO - Processing /home/joha/airflow/dags/3.dependencias.py took 0.096 seconds
[2023-08-01T18:17:09.646-0500] {processor.py:157} INFO - Started process (PID=97291) to work on /home/joha/airflow/dags/3.dependencias.py
[2023-08-01T18:17:09.657-0500] {processor.py:826} INFO - Processing file /home/joha/airflow/dags/3.dependencias.py for tasks to queue
[2023-08-01T18:17:09.663-0500] {logging_mixin.py:150} INFO - [2023-08-01T18:17:09.661-0500] {dagbag.py:541} INFO - Filling up the DagBag from /home/joha/airflow/dags/3.dependencias.py
[2023-08-01T18:17:09.693-0500] {processor.py:836} INFO - DAG(s) dict_keys(['dependencies']) retrieved from /home/joha/airflow/dags/3.dependencias.py
[2023-08-01T18:17:09.722-0500] {logging_mixin.py:150} INFO - [2023-08-01T18:17:09.722-0500] {dag.py:2742} INFO - Sync 1 DAGs
[2023-08-01T18:17:09.750-0500] {logging_mixin.py:150} INFO - [2023-08-01T18:17:09.749-0500] {dag.py:3504} INFO - Setting next_dagrun for dependencies to 2022-08-01T00:00:00+00:00, run_after=2022-08-01T00:00:00+00:00
[2023-08-01T18:17:09.778-0500] {processor.py:179} INFO - Processing /home/joha/airflow/dags/3.dependencias.py took 0.147 seconds
[2023-08-01T18:17:57.522-0500] {processor.py:157} INFO - Started process (PID=97380) to work on /home/joha/airflow/dags/3.dependencias.py
[2023-08-01T18:17:57.535-0500] {processor.py:826} INFO - Processing file /home/joha/airflow/dags/3.dependencias.py for tasks to queue
[2023-08-01T18:17:57.537-0500] {logging_mixin.py:150} INFO - [2023-08-01T18:17:57.536-0500] {dagbag.py:541} INFO - Filling up the DagBag from /home/joha/airflow/dags/3.dependencias.py
[2023-08-01T18:17:57.545-0500] {processor.py:836} INFO - DAG(s) dict_keys(['dependencies']) retrieved from /home/joha/airflow/dags/3.dependencias.py
[2023-08-01T18:17:57.565-0500] {logging_mixin.py:150} INFO - [2023-08-01T18:17:57.564-0500] {dag.py:2742} INFO - Sync 1 DAGs
[2023-08-01T18:17:57.587-0500] {logging_mixin.py:150} INFO - [2023-08-01T18:17:57.587-0500] {dag.py:3504} INFO - Setting next_dagrun for dependencies to 2022-08-01T00:00:00+00:00, run_after=2022-08-01T00:00:00+00:00
[2023-08-01T18:17:57.610-0500] {processor.py:179} INFO - Processing /home/joha/airflow/dags/3.dependencias.py took 0.091 seconds
[2023-08-01T18:18:42.561-0500] {processor.py:157} INFO - Started process (PID=97458) to work on /home/joha/airflow/dags/3.dependencias.py
[2023-08-01T18:18:42.569-0500] {processor.py:826} INFO - Processing file /home/joha/airflow/dags/3.dependencias.py for tasks to queue
[2023-08-01T18:18:42.570-0500] {logging_mixin.py:150} INFO - [2023-08-01T18:18:42.570-0500] {dagbag.py:541} INFO - Filling up the DagBag from /home/joha/airflow/dags/3.dependencias.py
[2023-08-01T18:18:42.581-0500] {processor.py:836} INFO - DAG(s) dict_keys(['dependencies']) retrieved from /home/joha/airflow/dags/3.dependencias.py
[2023-08-01T18:18:42.600-0500] {logging_mixin.py:150} INFO - [2023-08-01T18:18:42.600-0500] {dag.py:2742} INFO - Sync 1 DAGs
[2023-08-01T18:18:42.619-0500] {logging_mixin.py:150} INFO - [2023-08-01T18:18:42.619-0500] {dag.py:3504} INFO - Setting next_dagrun for dependencies to 2022-08-01T00:00:00+00:00, run_after=2022-08-01T00:00:00+00:00
[2023-08-01T18:18:42.641-0500] {processor.py:179} INFO - Processing /home/joha/airflow/dags/3.dependencias.py took 0.085 seconds
[2023-08-01T18:19:32.133-0500] {processor.py:157} INFO - Started process (PID=97520) to work on /home/joha/airflow/dags/3.dependencias.py
[2023-08-01T18:19:32.143-0500] {processor.py:826} INFO - Processing file /home/joha/airflow/dags/3.dependencias.py for tasks to queue
[2023-08-01T18:19:32.147-0500] {logging_mixin.py:150} INFO - [2023-08-01T18:19:32.145-0500] {dagbag.py:541} INFO - Filling up the DagBag from /home/joha/airflow/dags/3.dependencias.py
[2023-08-01T18:19:32.172-0500] {processor.py:836} INFO - DAG(s) dict_keys(['dependencies']) retrieved from /home/joha/airflow/dags/3.dependencias.py
[2023-08-01T18:19:32.219-0500] {logging_mixin.py:150} INFO - [2023-08-01T18:19:32.219-0500] {dag.py:2742} INFO - Sync 1 DAGs
[2023-08-01T18:19:32.242-0500] {logging_mixin.py:150} INFO - [2023-08-01T18:19:32.242-0500] {dag.py:3504} INFO - Setting next_dagrun for dependencies to 2022-08-01T00:00:00+00:00, run_after=2022-08-01T00:00:00+00:00
[2023-08-01T18:19:32.264-0500] {processor.py:179} INFO - Processing /home/joha/airflow/dags/3.dependencias.py took 0.145 seconds
[2023-08-01T18:20:27.144-0500] {processor.py:157} INFO - Started process (PID=97582) to work on /home/joha/airflow/dags/3.dependencias.py
[2023-08-01T18:20:27.154-0500] {processor.py:826} INFO - Processing file /home/joha/airflow/dags/3.dependencias.py for tasks to queue
[2023-08-01T18:20:27.157-0500] {logging_mixin.py:150} INFO - [2023-08-01T18:20:27.156-0500] {dagbag.py:541} INFO - Filling up the DagBag from /home/joha/airflow/dags/3.dependencias.py
[2023-08-01T18:20:27.186-0500] {processor.py:836} INFO - DAG(s) dict_keys(['dependencies']) retrieved from /home/joha/airflow/dags/3.dependencias.py
[2023-08-01T18:20:27.208-0500] {logging_mixin.py:150} INFO - [2023-08-01T18:20:27.208-0500] {dag.py:2742} INFO - Sync 1 DAGs
[2023-08-01T18:20:27.229-0500] {logging_mixin.py:150} INFO - [2023-08-01T18:20:27.229-0500] {dag.py:3504} INFO - Setting next_dagrun for dependencies to 2022-08-01T00:00:00+00:00, run_after=2022-08-01T00:00:00+00:00
[2023-08-01T18:20:27.252-0500] {processor.py:179} INFO - Processing /home/joha/airflow/dags/3.dependencias.py took 0.119 seconds
[2023-08-01T18:21:22.797-0500] {processor.py:157} INFO - Started process (PID=97653) to work on /home/joha/airflow/dags/3.dependencias.py
[2023-08-01T18:21:22.805-0500] {processor.py:826} INFO - Processing file /home/joha/airflow/dags/3.dependencias.py for tasks to queue
[2023-08-01T18:21:22.807-0500] {logging_mixin.py:150} INFO - [2023-08-01T18:21:22.806-0500] {dagbag.py:541} INFO - Filling up the DagBag from /home/joha/airflow/dags/3.dependencias.py
[2023-08-01T18:21:22.820-0500] {processor.py:836} INFO - DAG(s) dict_keys(['dependencies']) retrieved from /home/joha/airflow/dags/3.dependencias.py
[2023-08-01T18:21:22.841-0500] {logging_mixin.py:150} INFO - [2023-08-01T18:21:22.841-0500] {dag.py:2742} INFO - Sync 1 DAGs
[2023-08-01T18:21:22.862-0500] {logging_mixin.py:150} INFO - [2023-08-01T18:21:22.862-0500] {dag.py:3504} INFO - Setting next_dagrun for dependencies to 2022-08-01T00:00:00+00:00, run_after=2022-08-01T00:00:00+00:00
[2023-08-01T18:21:22.886-0500] {processor.py:179} INFO - Processing /home/joha/airflow/dags/3.dependencias.py took 0.098 seconds
[2023-08-01T18:22:17.885-0500] {processor.py:157} INFO - Started process (PID=97719) to work on /home/joha/airflow/dags/3.dependencias.py
[2023-08-01T18:22:17.896-0500] {processor.py:826} INFO - Processing file /home/joha/airflow/dags/3.dependencias.py for tasks to queue
[2023-08-01T18:22:17.903-0500] {logging_mixin.py:150} INFO - [2023-08-01T18:22:17.899-0500] {dagbag.py:541} INFO - Filling up the DagBag from /home/joha/airflow/dags/3.dependencias.py
[2023-08-01T18:22:17.936-0500] {processor.py:836} INFO - DAG(s) dict_keys(['dependencies']) retrieved from /home/joha/airflow/dags/3.dependencias.py
[2023-08-01T18:22:17.982-0500] {logging_mixin.py:150} INFO - [2023-08-01T18:22:17.982-0500] {dag.py:2742} INFO - Sync 1 DAGs
[2023-08-01T18:22:18.007-0500] {logging_mixin.py:150} INFO - [2023-08-01T18:22:18.007-0500] {dag.py:3504} INFO - Setting next_dagrun for dependencies to 2022-08-01T00:00:00+00:00, run_after=2022-08-01T00:00:00+00:00
[2023-08-01T18:22:18.028-0500] {processor.py:179} INFO - Processing /home/joha/airflow/dags/3.dependencias.py took 0.156 seconds
[2023-08-01T18:23:08.904-0500] {processor.py:157} INFO - Started process (PID=97775) to work on /home/joha/airflow/dags/3.dependencias.py
[2023-08-01T18:23:08.911-0500] {processor.py:826} INFO - Processing file /home/joha/airflow/dags/3.dependencias.py for tasks to queue
[2023-08-01T18:23:08.912-0500] {logging_mixin.py:150} INFO - [2023-08-01T18:23:08.912-0500] {dagbag.py:541} INFO - Filling up the DagBag from /home/joha/airflow/dags/3.dependencias.py
[2023-08-01T18:23:08.920-0500] {processor.py:836} INFO - DAG(s) dict_keys(['dependencies']) retrieved from /home/joha/airflow/dags/3.dependencias.py
[2023-08-01T18:23:08.939-0500] {logging_mixin.py:150} INFO - [2023-08-01T18:23:08.939-0500] {dag.py:2742} INFO - Sync 1 DAGs
[2023-08-01T18:23:08.959-0500] {logging_mixin.py:150} INFO - [2023-08-01T18:23:08.959-0500] {dag.py:3504} INFO - Setting next_dagrun for dependencies to 2022-08-01T00:00:00+00:00, run_after=2022-08-01T00:00:00+00:00
[2023-08-01T18:23:08.983-0500] {processor.py:179} INFO - Processing /home/joha/airflow/dags/3.dependencias.py took 0.083 seconds
[2023-08-01T18:23:57.509-0500] {processor.py:157} INFO - Started process (PID=97834) to work on /home/joha/airflow/dags/3.dependencias.py
[2023-08-01T18:23:57.517-0500] {processor.py:826} INFO - Processing file /home/joha/airflow/dags/3.dependencias.py for tasks to queue
[2023-08-01T18:23:57.518-0500] {logging_mixin.py:150} INFO - [2023-08-01T18:23:57.518-0500] {dagbag.py:541} INFO - Filling up the DagBag from /home/joha/airflow/dags/3.dependencias.py
[2023-08-01T18:23:57.526-0500] {processor.py:836} INFO - DAG(s) dict_keys(['dependencies']) retrieved from /home/joha/airflow/dags/3.dependencias.py
[2023-08-01T18:23:57.546-0500] {logging_mixin.py:150} INFO - [2023-08-01T18:23:57.546-0500] {dag.py:2742} INFO - Sync 1 DAGs
[2023-08-01T18:23:57.567-0500] {logging_mixin.py:150} INFO - [2023-08-01T18:23:57.567-0500] {dag.py:3504} INFO - Setting next_dagrun for dependencies to 2022-08-01T00:00:00+00:00, run_after=2022-08-01T00:00:00+00:00
[2023-08-01T18:23:57.588-0500] {processor.py:179} INFO - Processing /home/joha/airflow/dags/3.dependencias.py took 0.083 seconds
[2023-08-01T18:24:45.380-0500] {processor.py:157} INFO - Started process (PID=97887) to work on /home/joha/airflow/dags/3.dependencias.py
[2023-08-01T18:24:45.388-0500] {processor.py:826} INFO - Processing file /home/joha/airflow/dags/3.dependencias.py for tasks to queue
[2023-08-01T18:24:45.389-0500] {logging_mixin.py:150} INFO - [2023-08-01T18:24:45.388-0500] {dagbag.py:541} INFO - Filling up the DagBag from /home/joha/airflow/dags/3.dependencias.py
[2023-08-01T18:24:45.396-0500] {processor.py:836} INFO - DAG(s) dict_keys(['dependencies']) retrieved from /home/joha/airflow/dags/3.dependencias.py
[2023-08-01T18:24:45.415-0500] {logging_mixin.py:150} INFO - [2023-08-01T18:24:45.415-0500] {dag.py:2742} INFO - Sync 1 DAGs
[2023-08-01T18:24:45.436-0500] {logging_mixin.py:150} INFO - [2023-08-01T18:24:45.435-0500] {dag.py:3504} INFO - Setting next_dagrun for dependencies to 2022-08-01T00:00:00+00:00, run_after=2022-08-01T00:00:00+00:00
[2023-08-01T18:24:45.459-0500] {processor.py:179} INFO - Processing /home/joha/airflow/dags/3.dependencias.py took 0.081 seconds
[2023-08-01T18:25:30.623-0500] {processor.py:157} INFO - Started process (PID=97943) to work on /home/joha/airflow/dags/3.dependencias.py
[2023-08-01T18:25:30.631-0500] {processor.py:826} INFO - Processing file /home/joha/airflow/dags/3.dependencias.py for tasks to queue
[2023-08-01T18:25:30.632-0500] {logging_mixin.py:150} INFO - [2023-08-01T18:25:30.631-0500] {dagbag.py:541} INFO - Filling up the DagBag from /home/joha/airflow/dags/3.dependencias.py
[2023-08-01T18:25:30.642-0500] {processor.py:836} INFO - DAG(s) dict_keys(['dependencies']) retrieved from /home/joha/airflow/dags/3.dependencias.py
[2023-08-01T18:25:30.661-0500] {logging_mixin.py:150} INFO - [2023-08-01T18:25:30.660-0500] {dag.py:2742} INFO - Sync 1 DAGs
[2023-08-01T18:25:30.681-0500] {logging_mixin.py:150} INFO - [2023-08-01T18:25:30.680-0500] {dag.py:3504} INFO - Setting next_dagrun for dependencies to 2022-08-01T00:00:00+00:00, run_after=2022-08-01T00:00:00+00:00
[2023-08-01T18:25:30.702-0500] {processor.py:179} INFO - Processing /home/joha/airflow/dags/3.dependencias.py took 0.083 seconds
[2023-08-01T18:26:18.860-0500] {processor.py:157} INFO - Started process (PID=97994) to work on /home/joha/airflow/dags/3.dependencias.py
[2023-08-01T18:26:18.868-0500] {processor.py:826} INFO - Processing file /home/joha/airflow/dags/3.dependencias.py for tasks to queue
[2023-08-01T18:26:18.869-0500] {logging_mixin.py:150} INFO - [2023-08-01T18:26:18.869-0500] {dagbag.py:541} INFO - Filling up the DagBag from /home/joha/airflow/dags/3.dependencias.py
[2023-08-01T18:26:18.877-0500] {processor.py:836} INFO - DAG(s) dict_keys(['dependencies']) retrieved from /home/joha/airflow/dags/3.dependencias.py
[2023-08-01T18:26:18.895-0500] {logging_mixin.py:150} INFO - [2023-08-01T18:26:18.895-0500] {dag.py:2742} INFO - Sync 1 DAGs
[2023-08-01T18:26:18.915-0500] {logging_mixin.py:150} INFO - [2023-08-01T18:26:18.915-0500] {dag.py:3504} INFO - Setting next_dagrun for dependencies to 2022-08-01T00:00:00+00:00, run_after=2022-08-01T00:00:00+00:00
[2023-08-01T18:26:18.937-0500] {processor.py:179} INFO - Processing /home/joha/airflow/dags/3.dependencias.py took 0.080 seconds
[2023-08-01T18:27:11.172-0500] {processor.py:157} INFO - Started process (PID=98054) to work on /home/joha/airflow/dags/3.dependencias.py
[2023-08-01T18:27:11.178-0500] {processor.py:826} INFO - Processing file /home/joha/airflow/dags/3.dependencias.py for tasks to queue
[2023-08-01T18:27:11.179-0500] {logging_mixin.py:150} INFO - [2023-08-01T18:27:11.179-0500] {dagbag.py:541} INFO - Filling up the DagBag from /home/joha/airflow/dags/3.dependencias.py
[2023-08-01T18:27:11.189-0500] {processor.py:836} INFO - DAG(s) dict_keys(['dependencies']) retrieved from /home/joha/airflow/dags/3.dependencias.py
[2023-08-01T18:27:11.211-0500] {logging_mixin.py:150} INFO - [2023-08-01T18:27:11.211-0500] {dag.py:2742} INFO - Sync 1 DAGs
[2023-08-01T18:27:11.232-0500] {logging_mixin.py:150} INFO - [2023-08-01T18:27:11.232-0500] {dag.py:3504} INFO - Setting next_dagrun for dependencies to 2022-08-01T00:00:00+00:00, run_after=2022-08-01T00:00:00+00:00
[2023-08-01T18:27:11.255-0500] {processor.py:179} INFO - Processing /home/joha/airflow/dags/3.dependencias.py took 0.088 seconds
[2023-08-01T18:28:01.234-0500] {processor.py:157} INFO - Started process (PID=98119) to work on /home/joha/airflow/dags/3.dependencias.py
[2023-08-01T18:28:01.244-0500] {processor.py:826} INFO - Processing file /home/joha/airflow/dags/3.dependencias.py for tasks to queue
[2023-08-01T18:28:01.247-0500] {logging_mixin.py:150} INFO - [2023-08-01T18:28:01.246-0500] {dagbag.py:541} INFO - Filling up the DagBag from /home/joha/airflow/dags/3.dependencias.py
[2023-08-01T18:28:01.262-0500] {processor.py:836} INFO - DAG(s) dict_keys(['dependencies']) retrieved from /home/joha/airflow/dags/3.dependencias.py
[2023-08-01T18:28:01.283-0500] {logging_mixin.py:150} INFO - [2023-08-01T18:28:01.283-0500] {dag.py:2742} INFO - Sync 1 DAGs
[2023-08-01T18:28:01.306-0500] {logging_mixin.py:150} INFO - [2023-08-01T18:28:01.305-0500] {dag.py:3504} INFO - Setting next_dagrun for dependencies to 2022-08-01T00:00:00+00:00, run_after=2022-08-01T00:00:00+00:00
[2023-08-01T18:28:01.335-0500] {processor.py:179} INFO - Processing /home/joha/airflow/dags/3.dependencias.py took 0.113 seconds
[2023-08-01T18:28:58.675-0500] {processor.py:157} INFO - Started process (PID=98184) to work on /home/joha/airflow/dags/3.dependencias.py
[2023-08-01T18:28:58.683-0500] {processor.py:826} INFO - Processing file /home/joha/airflow/dags/3.dependencias.py for tasks to queue
[2023-08-01T18:28:58.685-0500] {logging_mixin.py:150} INFO - [2023-08-01T18:28:58.684-0500] {dagbag.py:541} INFO - Filling up the DagBag from /home/joha/airflow/dags/3.dependencias.py
[2023-08-01T18:28:58.697-0500] {processor.py:836} INFO - DAG(s) dict_keys(['dependencies']) retrieved from /home/joha/airflow/dags/3.dependencias.py
[2023-08-01T18:28:58.717-0500] {logging_mixin.py:150} INFO - [2023-08-01T18:28:58.717-0500] {dag.py:2742} INFO - Sync 1 DAGs
[2023-08-01T18:28:58.737-0500] {logging_mixin.py:150} INFO - [2023-08-01T18:28:58.737-0500] {dag.py:3504} INFO - Setting next_dagrun for dependencies to 2022-08-01T00:00:00+00:00, run_after=2022-08-01T00:00:00+00:00
[2023-08-01T18:28:58.758-0500] {processor.py:179} INFO - Processing /home/joha/airflow/dags/3.dependencias.py took 0.089 seconds
[2023-08-01T18:29:46.361-0500] {processor.py:157} INFO - Started process (PID=98240) to work on /home/joha/airflow/dags/3.dependencias.py
[2023-08-01T18:29:46.371-0500] {processor.py:826} INFO - Processing file /home/joha/airflow/dags/3.dependencias.py for tasks to queue
[2023-08-01T18:29:46.374-0500] {logging_mixin.py:150} INFO - [2023-08-01T18:29:46.373-0500] {dagbag.py:541} INFO - Filling up the DagBag from /home/joha/airflow/dags/3.dependencias.py
[2023-08-01T18:29:46.401-0500] {processor.py:836} INFO - DAG(s) dict_keys(['dependencies']) retrieved from /home/joha/airflow/dags/3.dependencias.py
[2023-08-01T18:29:46.434-0500] {logging_mixin.py:150} INFO - [2023-08-01T18:29:46.434-0500] {dag.py:2742} INFO - Sync 1 DAGs
[2023-08-01T18:29:46.456-0500] {logging_mixin.py:150} INFO - [2023-08-01T18:29:46.456-0500] {dag.py:3504} INFO - Setting next_dagrun for dependencies to 2022-08-01T00:00:00+00:00, run_after=2022-08-01T00:00:00+00:00
[2023-08-01T18:29:46.479-0500] {processor.py:179} INFO - Processing /home/joha/airflow/dags/3.dependencias.py took 0.129 seconds
[2023-08-01T18:30:32.919-0500] {processor.py:157} INFO - Started process (PID=98295) to work on /home/joha/airflow/dags/3.dependencias.py
[2023-08-01T18:30:32.927-0500] {processor.py:826} INFO - Processing file /home/joha/airflow/dags/3.dependencias.py for tasks to queue
[2023-08-01T18:30:32.931-0500] {logging_mixin.py:150} INFO - [2023-08-01T18:30:32.929-0500] {dagbag.py:541} INFO - Filling up the DagBag from /home/joha/airflow/dags/3.dependencias.py
[2023-08-01T18:30:32.952-0500] {processor.py:836} INFO - DAG(s) dict_keys(['dependencies']) retrieved from /home/joha/airflow/dags/3.dependencias.py
[2023-08-01T18:30:32.974-0500] {logging_mixin.py:150} INFO - [2023-08-01T18:30:32.974-0500] {dag.py:2742} INFO - Sync 1 DAGs
[2023-08-01T18:30:32.994-0500] {logging_mixin.py:150} INFO - [2023-08-01T18:30:32.994-0500] {dag.py:3504} INFO - Setting next_dagrun for dependencies to 2022-08-01T00:00:00+00:00, run_after=2022-08-01T00:00:00+00:00
[2023-08-01T18:30:33.017-0500] {processor.py:179} INFO - Processing /home/joha/airflow/dags/3.dependencias.py took 0.102 seconds
[2023-08-01T18:31:21.050-0500] {processor.py:157} INFO - Started process (PID=98349) to work on /home/joha/airflow/dags/3.dependencias.py
[2023-08-01T18:31:21.060-0500] {processor.py:826} INFO - Processing file /home/joha/airflow/dags/3.dependencias.py for tasks to queue
[2023-08-01T18:31:21.064-0500] {logging_mixin.py:150} INFO - [2023-08-01T18:31:21.063-0500] {dagbag.py:541} INFO - Filling up the DagBag from /home/joha/airflow/dags/3.dependencias.py
[2023-08-01T18:31:21.091-0500] {processor.py:836} INFO - DAG(s) dict_keys(['dependencies']) retrieved from /home/joha/airflow/dags/3.dependencias.py
[2023-08-01T18:31:21.131-0500] {logging_mixin.py:150} INFO - [2023-08-01T18:31:21.131-0500] {dag.py:2742} INFO - Sync 1 DAGs
[2023-08-01T18:31:21.154-0500] {logging_mixin.py:150} INFO - [2023-08-01T18:31:21.154-0500] {dag.py:3504} INFO - Setting next_dagrun for dependencies to 2022-08-01T00:00:00+00:00, run_after=2022-08-01T00:00:00+00:00
[2023-08-01T18:31:21.176-0500] {processor.py:179} INFO - Processing /home/joha/airflow/dags/3.dependencias.py took 0.137 seconds
[2023-08-01T18:32:16.463-0500] {processor.py:157} INFO - Started process (PID=98406) to work on /home/joha/airflow/dags/3.dependencias.py
[2023-08-01T18:32:16.471-0500] {processor.py:826} INFO - Processing file /home/joha/airflow/dags/3.dependencias.py for tasks to queue
[2023-08-01T18:32:16.472-0500] {logging_mixin.py:150} INFO - [2023-08-01T18:32:16.472-0500] {dagbag.py:541} INFO - Filling up the DagBag from /home/joha/airflow/dags/3.dependencias.py
[2023-08-01T18:32:16.482-0500] {processor.py:836} INFO - DAG(s) dict_keys(['dependencies']) retrieved from /home/joha/airflow/dags/3.dependencias.py
[2023-08-01T18:32:16.502-0500] {logging_mixin.py:150} INFO - [2023-08-01T18:32:16.502-0500] {dag.py:2742} INFO - Sync 1 DAGs
[2023-08-01T18:32:16.524-0500] {logging_mixin.py:150} INFO - [2023-08-01T18:32:16.523-0500] {dag.py:3504} INFO - Setting next_dagrun for dependencies to 2022-08-01T00:00:00+00:00, run_after=2022-08-01T00:00:00+00:00
[2023-08-01T18:32:16.546-0500] {processor.py:179} INFO - Processing /home/joha/airflow/dags/3.dependencias.py took 0.087 seconds
[2023-08-01T18:33:05.958-0500] {processor.py:157} INFO - Started process (PID=98462) to work on /home/joha/airflow/dags/3.dependencias.py
[2023-08-01T18:33:05.966-0500] {processor.py:826} INFO - Processing file /home/joha/airflow/dags/3.dependencias.py for tasks to queue
[2023-08-01T18:33:05.967-0500] {logging_mixin.py:150} INFO - [2023-08-01T18:33:05.966-0500] {dagbag.py:541} INFO - Filling up the DagBag from /home/joha/airflow/dags/3.dependencias.py
[2023-08-01T18:33:05.974-0500] {processor.py:836} INFO - DAG(s) dict_keys(['dependencies']) retrieved from /home/joha/airflow/dags/3.dependencias.py
[2023-08-01T18:33:05.992-0500] {logging_mixin.py:150} INFO - [2023-08-01T18:33:05.992-0500] {dag.py:2742} INFO - Sync 1 DAGs
[2023-08-01T18:33:06.014-0500] {logging_mixin.py:150} INFO - [2023-08-01T18:33:06.014-0500] {dag.py:3504} INFO - Setting next_dagrun for dependencies to 2022-08-01T00:00:00+00:00, run_after=2022-08-01T00:00:00+00:00
[2023-08-01T18:33:06.035-0500] {processor.py:179} INFO - Processing /home/joha/airflow/dags/3.dependencias.py took 0.080 seconds
[2023-08-01T18:33:53.071-0500] {processor.py:157} INFO - Started process (PID=98515) to work on /home/joha/airflow/dags/3.dependencias.py
[2023-08-01T18:33:53.079-0500] {processor.py:826} INFO - Processing file /home/joha/airflow/dags/3.dependencias.py for tasks to queue
[2023-08-01T18:33:53.081-0500] {logging_mixin.py:150} INFO - [2023-08-01T18:33:53.081-0500] {dagbag.py:541} INFO - Filling up the DagBag from /home/joha/airflow/dags/3.dependencias.py
[2023-08-01T18:33:53.093-0500] {processor.py:836} INFO - DAG(s) dict_keys(['dependencies']) retrieved from /home/joha/airflow/dags/3.dependencias.py
[2023-08-01T18:33:53.116-0500] {logging_mixin.py:150} INFO - [2023-08-01T18:33:53.116-0500] {dag.py:2742} INFO - Sync 1 DAGs
[2023-08-01T18:33:53.136-0500] {logging_mixin.py:150} INFO - [2023-08-01T18:33:53.136-0500] {dag.py:3504} INFO - Setting next_dagrun for dependencies to 2022-08-01T00:00:00+00:00, run_after=2022-08-01T00:00:00+00:00
[2023-08-01T18:33:53.157-0500] {processor.py:179} INFO - Processing /home/joha/airflow/dags/3.dependencias.py took 0.091 seconds
[2023-08-01T18:34:41.141-0500] {processor.py:157} INFO - Started process (PID=98573) to work on /home/joha/airflow/dags/3.dependencias.py
[2023-08-01T18:34:41.149-0500] {processor.py:826} INFO - Processing file /home/joha/airflow/dags/3.dependencias.py for tasks to queue
[2023-08-01T18:34:41.150-0500] {logging_mixin.py:150} INFO - [2023-08-01T18:34:41.149-0500] {dagbag.py:541} INFO - Filling up the DagBag from /home/joha/airflow/dags/3.dependencias.py
[2023-08-01T18:34:41.157-0500] {processor.py:836} INFO - DAG(s) dict_keys(['dependencies']) retrieved from /home/joha/airflow/dags/3.dependencias.py
[2023-08-01T18:34:41.177-0500] {logging_mixin.py:150} INFO - [2023-08-01T18:34:41.176-0500] {dag.py:2742} INFO - Sync 1 DAGs
[2023-08-01T18:34:41.198-0500] {logging_mixin.py:150} INFO - [2023-08-01T18:34:41.197-0500] {dag.py:3504} INFO - Setting next_dagrun for dependencies to 2022-08-01T00:00:00+00:00, run_after=2022-08-01T00:00:00+00:00
[2023-08-01T18:34:41.219-0500] {processor.py:179} INFO - Processing /home/joha/airflow/dags/3.dependencias.py took 0.081 seconds
[2023-08-01T18:35:29.202-0500] {processor.py:157} INFO - Started process (PID=98651) to work on /home/joha/airflow/dags/3.dependencias.py
[2023-08-01T18:35:29.209-0500] {processor.py:826} INFO - Processing file /home/joha/airflow/dags/3.dependencias.py for tasks to queue
[2023-08-01T18:35:29.210-0500] {logging_mixin.py:150} INFO - [2023-08-01T18:35:29.210-0500] {dagbag.py:541} INFO - Filling up the DagBag from /home/joha/airflow/dags/3.dependencias.py
[2023-08-01T18:35:29.218-0500] {processor.py:836} INFO - DAG(s) dict_keys(['dependencies']) retrieved from /home/joha/airflow/dags/3.dependencias.py
[2023-08-01T18:35:29.236-0500] {logging_mixin.py:150} INFO - [2023-08-01T18:35:29.236-0500] {dag.py:2742} INFO - Sync 1 DAGs
[2023-08-01T18:35:29.257-0500] {logging_mixin.py:150} INFO - [2023-08-01T18:35:29.256-0500] {dag.py:3504} INFO - Setting next_dagrun for dependencies to 2022-08-01T00:00:00+00:00, run_after=2022-08-01T00:00:00+00:00
[2023-08-01T18:35:29.278-0500] {processor.py:179} INFO - Processing /home/joha/airflow/dags/3.dependencias.py took 0.079 seconds
[2023-08-01T18:36:20.960-0500] {processor.py:157} INFO - Started process (PID=98726) to work on /home/joha/airflow/dags/3.dependencias.py
[2023-08-01T18:36:20.970-0500] {processor.py:826} INFO - Processing file /home/joha/airflow/dags/3.dependencias.py for tasks to queue
[2023-08-01T18:36:20.974-0500] {logging_mixin.py:150} INFO - [2023-08-01T18:36:20.973-0500] {dagbag.py:541} INFO - Filling up the DagBag from /home/joha/airflow/dags/3.dependencias.py
[2023-08-01T18:36:20.992-0500] {processor.py:836} INFO - DAG(s) dict_keys(['dependencies']) retrieved from /home/joha/airflow/dags/3.dependencias.py
[2023-08-01T18:36:21.017-0500] {logging_mixin.py:150} INFO - [2023-08-01T18:36:21.017-0500] {dag.py:2742} INFO - Sync 1 DAGs
[2023-08-01T18:36:21.039-0500] {logging_mixin.py:150} INFO - [2023-08-01T18:36:21.038-0500] {dag.py:3504} INFO - Setting next_dagrun for dependencies to 2022-08-01T00:00:00+00:00, run_after=2022-08-01T00:00:00+00:00
[2023-08-01T18:36:21.058-0500] {processor.py:179} INFO - Processing /home/joha/airflow/dags/3.dependencias.py took 0.111 seconds
[2023-08-01T18:37:10.310-0500] {processor.py:157} INFO - Started process (PID=98781) to work on /home/joha/airflow/dags/3.dependencias.py
[2023-08-01T18:37:10.319-0500] {processor.py:826} INFO - Processing file /home/joha/airflow/dags/3.dependencias.py for tasks to queue
[2023-08-01T18:37:10.322-0500] {logging_mixin.py:150} INFO - [2023-08-01T18:37:10.321-0500] {dagbag.py:541} INFO - Filling up the DagBag from /home/joha/airflow/dags/3.dependencias.py
[2023-08-01T18:37:10.343-0500] {processor.py:836} INFO - DAG(s) dict_keys(['dependencies']) retrieved from /home/joha/airflow/dags/3.dependencias.py
[2023-08-01T18:37:10.364-0500] {logging_mixin.py:150} INFO - [2023-08-01T18:37:10.364-0500] {dag.py:2742} INFO - Sync 1 DAGs
[2023-08-01T18:37:10.385-0500] {logging_mixin.py:150} INFO - [2023-08-01T18:37:10.385-0500] {dag.py:3504} INFO - Setting next_dagrun for dependencies to 2022-08-01T00:00:00+00:00, run_after=2022-08-01T00:00:00+00:00
[2023-08-01T18:37:10.405-0500] {processor.py:179} INFO - Processing /home/joha/airflow/dags/3.dependencias.py took 0.100 seconds
[2023-08-01T18:37:59.994-0500] {processor.py:157} INFO - Started process (PID=98835) to work on /home/joha/airflow/dags/3.dependencias.py
[2023-08-01T18:38:00.002-0500] {processor.py:826} INFO - Processing file /home/joha/airflow/dags/3.dependencias.py for tasks to queue
[2023-08-01T18:38:00.003-0500] {logging_mixin.py:150} INFO - [2023-08-01T18:38:00.002-0500] {dagbag.py:541} INFO - Filling up the DagBag from /home/joha/airflow/dags/3.dependencias.py
[2023-08-01T18:38:00.011-0500] {processor.py:836} INFO - DAG(s) dict_keys(['dependencies']) retrieved from /home/joha/airflow/dags/3.dependencias.py
[2023-08-01T18:38:00.029-0500] {logging_mixin.py:150} INFO - [2023-08-01T18:38:00.029-0500] {dag.py:2742} INFO - Sync 1 DAGs
[2023-08-01T18:38:00.050-0500] {logging_mixin.py:150} INFO - [2023-08-01T18:38:00.049-0500] {dag.py:3504} INFO - Setting next_dagrun for dependencies to 2022-08-01T00:00:00+00:00, run_after=2022-08-01T00:00:00+00:00
[2023-08-01T18:38:00.071-0500] {processor.py:179} INFO - Processing /home/joha/airflow/dags/3.dependencias.py took 0.080 seconds
[2023-08-01T18:38:42.806-0500] {processor.py:157} INFO - Started process (PID=98886) to work on /home/joha/airflow/dags/3.dependencias.py
[2023-08-01T18:38:42.816-0500] {processor.py:826} INFO - Processing file /home/joha/airflow/dags/3.dependencias.py for tasks to queue
[2023-08-01T18:38:42.820-0500] {logging_mixin.py:150} INFO - [2023-08-01T18:38:42.819-0500] {dagbag.py:541} INFO - Filling up the DagBag from /home/joha/airflow/dags/3.dependencias.py
[2023-08-01T18:38:42.843-0500] {processor.py:836} INFO - DAG(s) dict_keys(['dependencies']) retrieved from /home/joha/airflow/dags/3.dependencias.py
[2023-08-01T18:38:42.866-0500] {logging_mixin.py:150} INFO - [2023-08-01T18:38:42.866-0500] {dag.py:2742} INFO - Sync 1 DAGs
[2023-08-01T18:38:42.887-0500] {logging_mixin.py:150} INFO - [2023-08-01T18:38:42.886-0500] {dag.py:3504} INFO - Setting next_dagrun for dependencies to 2022-08-01T00:00:00+00:00, run_after=2022-08-01T00:00:00+00:00
[2023-08-01T18:38:42.910-0500] {processor.py:179} INFO - Processing /home/joha/airflow/dags/3.dependencias.py took 0.115 seconds
[2023-08-01T18:39:30.248-0500] {processor.py:157} INFO - Started process (PID=98939) to work on /home/joha/airflow/dags/3.dependencias.py
[2023-08-01T18:39:30.257-0500] {processor.py:826} INFO - Processing file /home/joha/airflow/dags/3.dependencias.py for tasks to queue
[2023-08-01T18:39:30.260-0500] {logging_mixin.py:150} INFO - [2023-08-01T18:39:30.259-0500] {dagbag.py:541} INFO - Filling up the DagBag from /home/joha/airflow/dags/3.dependencias.py
[2023-08-01T18:39:30.276-0500] {processor.py:836} INFO - DAG(s) dict_keys(['dependencies']) retrieved from /home/joha/airflow/dags/3.dependencias.py
[2023-08-01T18:39:30.306-0500] {logging_mixin.py:150} INFO - [2023-08-01T18:39:30.306-0500] {dag.py:2742} INFO - Sync 1 DAGs
[2023-08-01T18:39:30.329-0500] {logging_mixin.py:150} INFO - [2023-08-01T18:39:30.329-0500] {dag.py:3504} INFO - Setting next_dagrun for dependencies to 2022-08-01T00:00:00+00:00, run_after=2022-08-01T00:00:00+00:00
[2023-08-01T18:39:30.356-0500] {processor.py:179} INFO - Processing /home/joha/airflow/dags/3.dependencias.py took 0.116 seconds
[2023-08-01T18:40:23.110-0500] {processor.py:157} INFO - Started process (PID=99017) to work on /home/joha/airflow/dags/3.dependencias.py
[2023-08-01T18:40:23.120-0500] {processor.py:826} INFO - Processing file /home/joha/airflow/dags/3.dependencias.py for tasks to queue
[2023-08-01T18:40:23.124-0500] {logging_mixin.py:150} INFO - [2023-08-01T18:40:23.123-0500] {dagbag.py:541} INFO - Filling up the DagBag from /home/joha/airflow/dags/3.dependencias.py
[2023-08-01T18:40:23.144-0500] {processor.py:836} INFO - DAG(s) dict_keys(['dependencies']) retrieved from /home/joha/airflow/dags/3.dependencias.py
[2023-08-01T18:40:23.170-0500] {logging_mixin.py:150} INFO - [2023-08-01T18:40:23.170-0500] {dag.py:2742} INFO - Sync 1 DAGs
[2023-08-01T18:40:23.190-0500] {logging_mixin.py:150} INFO - [2023-08-01T18:40:23.190-0500] {dag.py:3504} INFO - Setting next_dagrun for dependencies to 2022-08-01T00:00:00+00:00, run_after=2022-08-01T00:00:00+00:00
[2023-08-01T18:40:23.210-0500] {processor.py:179} INFO - Processing /home/joha/airflow/dags/3.dependencias.py took 0.116 seconds
[2023-08-01T18:41:16.961-0500] {processor.py:157} INFO - Started process (PID=99077) to work on /home/joha/airflow/dags/3.dependencias.py
[2023-08-01T18:41:16.969-0500] {processor.py:826} INFO - Processing file /home/joha/airflow/dags/3.dependencias.py for tasks to queue
[2023-08-01T18:41:16.970-0500] {logging_mixin.py:150} INFO - [2023-08-01T18:41:16.969-0500] {dagbag.py:541} INFO - Filling up the DagBag from /home/joha/airflow/dags/3.dependencias.py
[2023-08-01T18:41:16.978-0500] {processor.py:836} INFO - DAG(s) dict_keys(['dependencies']) retrieved from /home/joha/airflow/dags/3.dependencias.py
[2023-08-01T18:41:16.996-0500] {logging_mixin.py:150} INFO - [2023-08-01T18:41:16.996-0500] {dag.py:2742} INFO - Sync 1 DAGs
[2023-08-01T18:41:17.017-0500] {logging_mixin.py:150} INFO - [2023-08-01T18:41:17.016-0500] {dag.py:3504} INFO - Setting next_dagrun for dependencies to 2022-08-01T00:00:00+00:00, run_after=2022-08-01T00:00:00+00:00
[2023-08-01T18:41:17.038-0500] {processor.py:179} INFO - Processing /home/joha/airflow/dags/3.dependencias.py took 0.082 seconds
[2023-08-01T18:42:11.306-0500] {processor.py:157} INFO - Started process (PID=99203) to work on /home/joha/airflow/dags/3.dependencias.py
[2023-08-01T18:42:11.422-0500] {processor.py:826} INFO - Processing file /home/joha/airflow/dags/3.dependencias.py for tasks to queue
[2023-08-01T18:42:11.423-0500] {logging_mixin.py:150} INFO - [2023-08-01T18:42:11.423-0500] {dagbag.py:541} INFO - Filling up the DagBag from /home/joha/airflow/dags/3.dependencias.py
[2023-08-01T18:42:11.430-0500] {processor.py:836} INFO - DAG(s) dict_keys(['dependencies']) retrieved from /home/joha/airflow/dags/3.dependencias.py
[2023-08-01T18:42:11.447-0500] {logging_mixin.py:150} INFO - [2023-08-01T18:42:11.447-0500] {dag.py:2742} INFO - Sync 1 DAGs
[2023-08-01T18:42:11.466-0500] {logging_mixin.py:150} INFO - [2023-08-01T18:42:11.466-0500] {dag.py:3504} INFO - Setting next_dagrun for dependencies to 2022-08-01T00:00:00+00:00, run_after=2022-08-01T00:00:00+00:00
[2023-08-01T18:42:20.250-0500] {processor.py:179} INFO - Processing /home/joha/airflow/dags/3.dependencias.py took 8.947 seconds
