[2023-08-03T15:42:54.415-0500] {taskinstance.py:1103} INFO - Dependencies all met for dep_context=non-requeueable deps ti=<TaskInstance: externalTaskSensor2.waiting_dag scheduled__2022-08-20T00:00:00+00:00 [queued]>
[2023-08-03T15:42:54.470-0500] {taskinstance.py:1103} INFO - Dependencies all met for dep_context=requeueable deps ti=<TaskInstance: externalTaskSensor2.waiting_dag scheduled__2022-08-20T00:00:00+00:00 [queued]>
[2023-08-03T15:42:54.472-0500] {taskinstance.py:1308} INFO - Starting attempt 1 of 1
[2023-08-03T15:42:54.866-0500] {taskinstance.py:1327} INFO - Executing <Task(ExternalTaskSensor): waiting_dag> on 2022-08-20 00:00:00+00:00
[2023-08-03T15:42:55.284-0500] {standard_task_runner.py:57} INFO - Started process 14246 to run task
[2023-08-03T15:42:55.710-0500] {standard_task_runner.py:84} INFO - Running: ['airflow', 'tasks', 'run', 'externalTaskSensor2', 'waiting_dag', 'scheduled__2022-08-20T00:00:00+00:00', '--job-id', '961', '--raw', '--subdir', 'DAGS_FOLDER/ExternalSensor2.py', '--cfg-path', '/tmp/tmpwt95sdx1']
[2023-08-03T15:42:55.867-0500] {standard_task_runner.py:85} INFO - Job 961: Subtask waiting_dag
[2023-08-03T15:42:58.884-0500] {task_command.py:410} INFO - Running <TaskInstance: externalTaskSensor2.waiting_dag scheduled__2022-08-20T00:00:00+00:00 [running]> on host pop-os.localdomain
[2023-08-03T15:43:01.226-0500] {taskinstance.py:1545} INFO - Exporting env vars: AIRFLOW_CTX_DAG_OWNER='airflow' AIRFLOW_CTX_DAG_ID='externalTaskSensor2' AIRFLOW_CTX_TASK_ID='waiting_dag' AIRFLOW_CTX_EXECUTION_DATE='2022-08-20T00:00:00+00:00' AIRFLOW_CTX_TRY_NUMBER='1' AIRFLOW_CTX_DAG_RUN_ID='scheduled__2022-08-20T00:00:00+00:00'
[2023-08-03T15:43:01.239-0500] {external_task.py:232} INFO - Poking for tasks ['tarea_1'] in dag externalTaskSensor1 on 2022-08-20T00:00:00+00:00 ... 
[2023-08-03T15:43:11.393-0500] {external_task.py:232} INFO - Poking for tasks ['tarea_1'] in dag externalTaskSensor1 on 2022-08-20T00:00:00+00:00 ... 
[2023-08-03T15:43:21.449-0500] {external_task.py:232} INFO - Poking for tasks ['tarea_1'] in dag externalTaskSensor1 on 2022-08-20T00:00:00+00:00 ... 
[2023-08-03T15:43:31.502-0500] {external_task.py:232} INFO - Poking for tasks ['tarea_1'] in dag externalTaskSensor1 on 2022-08-20T00:00:00+00:00 ... 
[2023-08-03T15:43:41.553-0500] {external_task.py:232} INFO - Poking for tasks ['tarea_1'] in dag externalTaskSensor1 on 2022-08-20T00:00:00+00:00 ... 
[2023-08-03T15:43:51.613-0500] {external_task.py:232} INFO - Poking for tasks ['tarea_1'] in dag externalTaskSensor1 on 2022-08-20T00:00:00+00:00 ... 
[2023-08-03T15:44:01.665-0500] {external_task.py:232} INFO - Poking for tasks ['tarea_1'] in dag externalTaskSensor1 on 2022-08-20T00:00:00+00:00 ... 
[2023-08-03T15:44:11.725-0500] {external_task.py:232} INFO - Poking for tasks ['tarea_1'] in dag externalTaskSensor1 on 2022-08-20T00:00:00+00:00 ... 
[2023-08-03T15:44:21.781-0500] {external_task.py:232} INFO - Poking for tasks ['tarea_1'] in dag externalTaskSensor1 on 2022-08-20T00:00:00+00:00 ... 
[2023-08-03T15:44:31.841-0500] {external_task.py:232} INFO - Poking for tasks ['tarea_1'] in dag externalTaskSensor1 on 2022-08-20T00:00:00+00:00 ... 
[2023-08-03T15:44:41.899-0500] {external_task.py:232} INFO - Poking for tasks ['tarea_1'] in dag externalTaskSensor1 on 2022-08-20T00:00:00+00:00 ... 
[2023-08-03T15:44:51.965-0500] {external_task.py:232} INFO - Poking for tasks ['tarea_1'] in dag externalTaskSensor1 on 2022-08-20T00:00:00+00:00 ... 
[2023-08-03T15:45:02.017-0500] {external_task.py:232} INFO - Poking for tasks ['tarea_1'] in dag externalTaskSensor1 on 2022-08-20T00:00:00+00:00 ... 
[2023-08-03T15:45:12.069-0500] {external_task.py:232} INFO - Poking for tasks ['tarea_1'] in dag externalTaskSensor1 on 2022-08-20T00:00:00+00:00 ... 
[2023-08-03T15:45:22.121-0500] {external_task.py:232} INFO - Poking for tasks ['tarea_1'] in dag externalTaskSensor1 on 2022-08-20T00:00:00+00:00 ... 
[2023-08-03T15:45:32.173-0500] {external_task.py:232} INFO - Poking for tasks ['tarea_1'] in dag externalTaskSensor1 on 2022-08-20T00:00:00+00:00 ... 
[2023-08-03T15:45:42.225-0500] {external_task.py:232} INFO - Poking for tasks ['tarea_1'] in dag externalTaskSensor1 on 2022-08-20T00:00:00+00:00 ... 
[2023-08-03T15:45:52.285-0500] {external_task.py:232} INFO - Poking for tasks ['tarea_1'] in dag externalTaskSensor1 on 2022-08-20T00:00:00+00:00 ... 
[2023-08-03T15:46:02.345-0500] {external_task.py:232} INFO - Poking for tasks ['tarea_1'] in dag externalTaskSensor1 on 2022-08-20T00:00:00+00:00 ... 
[2023-08-03T15:46:12.401-0500] {external_task.py:232} INFO - Poking for tasks ['tarea_1'] in dag externalTaskSensor1 on 2022-08-20T00:00:00+00:00 ... 
[2023-08-03T15:46:22.457-0500] {external_task.py:232} INFO - Poking for tasks ['tarea_1'] in dag externalTaskSensor1 on 2022-08-20T00:00:00+00:00 ... 
[2023-08-03T15:46:32.517-0500] {external_task.py:232} INFO - Poking for tasks ['tarea_1'] in dag externalTaskSensor1 on 2022-08-20T00:00:00+00:00 ... 
[2023-08-03T15:46:42.577-0500] {external_task.py:232} INFO - Poking for tasks ['tarea_1'] in dag externalTaskSensor1 on 2022-08-20T00:00:00+00:00 ... 
[2023-08-03T15:46:52.633-0500] {external_task.py:232} INFO - Poking for tasks ['tarea_1'] in dag externalTaskSensor1 on 2022-08-20T00:00:00+00:00 ... 
[2023-08-03T15:47:02.693-0500] {external_task.py:232} INFO - Poking for tasks ['tarea_1'] in dag externalTaskSensor1 on 2022-08-20T00:00:00+00:00 ... 
[2023-08-03T15:47:12.753-0500] {external_task.py:232} INFO - Poking for tasks ['tarea_1'] in dag externalTaskSensor1 on 2022-08-20T00:00:00+00:00 ... 
[2023-08-03T15:47:22.813-0500] {external_task.py:232} INFO - Poking for tasks ['tarea_1'] in dag externalTaskSensor1 on 2022-08-20T00:00:00+00:00 ... 
[2023-08-03T15:47:32.869-0500] {external_task.py:232} INFO - Poking for tasks ['tarea_1'] in dag externalTaskSensor1 on 2022-08-20T00:00:00+00:00 ... 
[2023-08-03T15:47:42.929-0500] {external_task.py:232} INFO - Poking for tasks ['tarea_1'] in dag externalTaskSensor1 on 2022-08-20T00:00:00+00:00 ... 
[2023-08-03T15:47:52.985-0500] {external_task.py:232} INFO - Poking for tasks ['tarea_1'] in dag externalTaskSensor1 on 2022-08-20T00:00:00+00:00 ... 
[2023-08-03T15:48:03.045-0500] {external_task.py:232} INFO - Poking for tasks ['tarea_1'] in dag externalTaskSensor1 on 2022-08-20T00:00:00+00:00 ... 
[2023-08-03T15:48:13.101-0500] {external_task.py:232} INFO - Poking for tasks ['tarea_1'] in dag externalTaskSensor1 on 2022-08-20T00:00:00+00:00 ... 
[2023-08-03T15:48:23.161-0500] {external_task.py:232} INFO - Poking for tasks ['tarea_1'] in dag externalTaskSensor1 on 2022-08-20T00:00:00+00:00 ... 
[2023-08-03T15:48:33.221-0500] {external_task.py:232} INFO - Poking for tasks ['tarea_1'] in dag externalTaskSensor1 on 2022-08-20T00:00:00+00:00 ... 
[2023-08-03T15:48:43.281-0500] {external_task.py:232} INFO - Poking for tasks ['tarea_1'] in dag externalTaskSensor1 on 2022-08-20T00:00:00+00:00 ... 
[2023-08-03T15:48:53.341-0500] {external_task.py:232} INFO - Poking for tasks ['tarea_1'] in dag externalTaskSensor1 on 2022-08-20T00:00:00+00:00 ... 
[2023-08-03T15:49:03.397-0500] {external_task.py:232} INFO - Poking for tasks ['tarea_1'] in dag externalTaskSensor1 on 2022-08-20T00:00:00+00:00 ... 
[2023-08-03T15:49:13.457-0500] {external_task.py:232} INFO - Poking for tasks ['tarea_1'] in dag externalTaskSensor1 on 2022-08-20T00:00:00+00:00 ... 
[2023-08-03T15:49:23.510-0500] {external_task.py:232} INFO - Poking for tasks ['tarea_1'] in dag externalTaskSensor1 on 2022-08-20T00:00:00+00:00 ... 
[2023-08-03T15:49:33.573-0500] {external_task.py:232} INFO - Poking for tasks ['tarea_1'] in dag externalTaskSensor1 on 2022-08-20T00:00:00+00:00 ... 
[2023-08-03T15:49:43.633-0500] {external_task.py:232} INFO - Poking for tasks ['tarea_1'] in dag externalTaskSensor1 on 2022-08-20T00:00:00+00:00 ... 
[2023-08-03T15:49:53.693-0500] {external_task.py:232} INFO - Poking for tasks ['tarea_1'] in dag externalTaskSensor1 on 2022-08-20T00:00:00+00:00 ... 
[2023-08-03T15:50:03.753-0500] {external_task.py:232} INFO - Poking for tasks ['tarea_1'] in dag externalTaskSensor1 on 2022-08-20T00:00:00+00:00 ... 
[2023-08-03T15:50:13.781-0500] {external_task.py:232} INFO - Poking for tasks ['tarea_1'] in dag externalTaskSensor1 on 2022-08-20T00:00:00+00:00 ... 
[2023-08-03T15:50:23.841-0500] {external_task.py:232} INFO - Poking for tasks ['tarea_1'] in dag externalTaskSensor1 on 2022-08-20T00:00:00+00:00 ... 
[2023-08-03T15:50:33.901-0500] {external_task.py:232} INFO - Poking for tasks ['tarea_1'] in dag externalTaskSensor1 on 2022-08-20T00:00:00+00:00 ... 
[2023-08-03T15:50:43.957-0500] {external_task.py:232} INFO - Poking for tasks ['tarea_1'] in dag externalTaskSensor1 on 2022-08-20T00:00:00+00:00 ... 
[2023-08-03T15:50:54.017-0500] {external_task.py:232} INFO - Poking for tasks ['tarea_1'] in dag externalTaskSensor1 on 2022-08-20T00:00:00+00:00 ... 
[2023-08-03T15:51:04.077-0500] {external_task.py:232} INFO - Poking for tasks ['tarea_1'] in dag externalTaskSensor1 on 2022-08-20T00:00:00+00:00 ... 
[2023-08-03T15:51:14.137-0500] {external_task.py:232} INFO - Poking for tasks ['tarea_1'] in dag externalTaskSensor1 on 2022-08-20T00:00:00+00:00 ... 
[2023-08-03T15:51:24.197-0500] {external_task.py:232} INFO - Poking for tasks ['tarea_1'] in dag externalTaskSensor1 on 2022-08-20T00:00:00+00:00 ... 
[2023-08-03T15:51:34.257-0500] {external_task.py:232} INFO - Poking for tasks ['tarea_1'] in dag externalTaskSensor1 on 2022-08-20T00:00:00+00:00 ... 
[2023-08-03T15:51:44.317-0500] {external_task.py:232} INFO - Poking for tasks ['tarea_1'] in dag externalTaskSensor1 on 2022-08-20T00:00:00+00:00 ... 
[2023-08-03T15:51:54.373-0500] {external_task.py:232} INFO - Poking for tasks ['tarea_1'] in dag externalTaskSensor1 on 2022-08-20T00:00:00+00:00 ... 
[2023-08-03T15:52:04.433-0500] {external_task.py:232} INFO - Poking for tasks ['tarea_1'] in dag externalTaskSensor1 on 2022-08-20T00:00:00+00:00 ... 
[2023-08-03T15:52:14.493-0500] {external_task.py:232} INFO - Poking for tasks ['tarea_1'] in dag externalTaskSensor1 on 2022-08-20T00:00:00+00:00 ... 
[2023-08-03T15:52:24.553-0500] {external_task.py:232} INFO - Poking for tasks ['tarea_1'] in dag externalTaskSensor1 on 2022-08-20T00:00:00+00:00 ... 
[2023-08-03T15:52:34.615-0500] {external_task.py:232} INFO - Poking for tasks ['tarea_1'] in dag externalTaskSensor1 on 2022-08-20T00:00:00+00:00 ... 
[2023-08-03T15:52:44.673-0500] {external_task.py:232} INFO - Poking for tasks ['tarea_1'] in dag externalTaskSensor1 on 2022-08-20T00:00:00+00:00 ... 
[2023-08-03T15:52:54.733-0500] {external_task.py:232} INFO - Poking for tasks ['tarea_1'] in dag externalTaskSensor1 on 2022-08-20T00:00:00+00:00 ... 
[2023-08-03T15:53:04.793-0500] {external_task.py:232} INFO - Poking for tasks ['tarea_1'] in dag externalTaskSensor1 on 2022-08-20T00:00:00+00:00 ... 
[2023-08-03T15:53:14.854-0500] {external_task.py:232} INFO - Poking for tasks ['tarea_1'] in dag externalTaskSensor1 on 2022-08-20T00:00:00+00:00 ... 
[2023-08-03T15:53:24.913-0500] {external_task.py:232} INFO - Poking for tasks ['tarea_1'] in dag externalTaskSensor1 on 2022-08-20T00:00:00+00:00 ... 
[2023-08-03T15:53:34.969-0500] {external_task.py:232} INFO - Poking for tasks ['tarea_1'] in dag externalTaskSensor1 on 2022-08-20T00:00:00+00:00 ... 
[2023-08-03T15:53:45.029-0500] {external_task.py:232} INFO - Poking for tasks ['tarea_1'] in dag externalTaskSensor1 on 2022-08-20T00:00:00+00:00 ... 
[2023-08-03T15:53:55.082-0500] {external_task.py:232} INFO - Poking for tasks ['tarea_1'] in dag externalTaskSensor1 on 2022-08-20T00:00:00+00:00 ... 
[2023-08-03T15:54:05.141-0500] {external_task.py:232} INFO - Poking for tasks ['tarea_1'] in dag externalTaskSensor1 on 2022-08-20T00:00:00+00:00 ... 
[2023-08-03T15:54:15.197-0500] {external_task.py:232} INFO - Poking for tasks ['tarea_1'] in dag externalTaskSensor1 on 2022-08-20T00:00:00+00:00 ... 
[2023-08-03T15:54:25.257-0500] {external_task.py:232} INFO - Poking for tasks ['tarea_1'] in dag externalTaskSensor1 on 2022-08-20T00:00:00+00:00 ... 
[2023-08-03T15:54:35.317-0500] {external_task.py:232} INFO - Poking for tasks ['tarea_1'] in dag externalTaskSensor1 on 2022-08-20T00:00:00+00:00 ... 
[2023-08-03T15:54:45.381-0500] {external_task.py:232} INFO - Poking for tasks ['tarea_1'] in dag externalTaskSensor1 on 2022-08-20T00:00:00+00:00 ... 
[2023-08-03T15:54:55.443-0500] {external_task.py:232} INFO - Poking for tasks ['tarea_1'] in dag externalTaskSensor1 on 2022-08-20T00:00:00+00:00 ... 
[2023-08-03T15:55:05.505-0500] {external_task.py:232} INFO - Poking for tasks ['tarea_1'] in dag externalTaskSensor1 on 2022-08-20T00:00:00+00:00 ... 
[2023-08-03T15:55:15.557-0500] {external_task.py:232} INFO - Poking for tasks ['tarea_1'] in dag externalTaskSensor1 on 2022-08-20T00:00:00+00:00 ... 
[2023-08-03T15:55:25.618-0500] {external_task.py:232} INFO - Poking for tasks ['tarea_1'] in dag externalTaskSensor1 on 2022-08-20T00:00:00+00:00 ... 
[2023-08-03T15:55:35.681-0500] {external_task.py:232} INFO - Poking for tasks ['tarea_1'] in dag externalTaskSensor1 on 2022-08-20T00:00:00+00:00 ... 
[2023-08-03T15:55:45.741-0500] {external_task.py:232} INFO - Poking for tasks ['tarea_1'] in dag externalTaskSensor1 on 2022-08-20T00:00:00+00:00 ... 
[2023-08-03T15:55:55.799-0500] {external_task.py:232} INFO - Poking for tasks ['tarea_1'] in dag externalTaskSensor1 on 2022-08-20T00:00:00+00:00 ... 
[2023-08-03T15:56:05.865-0500] {external_task.py:232} INFO - Poking for tasks ['tarea_1'] in dag externalTaskSensor1 on 2022-08-20T00:00:00+00:00 ... 
[2023-08-03T15:56:15.925-0500] {external_task.py:232} INFO - Poking for tasks ['tarea_1'] in dag externalTaskSensor1 on 2022-08-20T00:00:00+00:00 ... 
[2023-08-03T15:56:25.989-0500] {external_task.py:232} INFO - Poking for tasks ['tarea_1'] in dag externalTaskSensor1 on 2022-08-20T00:00:00+00:00 ... 
[2023-08-03T15:56:36.049-0500] {external_task.py:232} INFO - Poking for tasks ['tarea_1'] in dag externalTaskSensor1 on 2022-08-20T00:00:00+00:00 ... 
[2023-08-03T15:56:46.113-0500] {external_task.py:232} INFO - Poking for tasks ['tarea_1'] in dag externalTaskSensor1 on 2022-08-20T00:00:00+00:00 ... 
[2023-08-03T15:56:56.177-0500] {external_task.py:232} INFO - Poking for tasks ['tarea_1'] in dag externalTaskSensor1 on 2022-08-20T00:00:00+00:00 ... 
[2023-08-03T15:57:06.229-0500] {external_task.py:232} INFO - Poking for tasks ['tarea_1'] in dag externalTaskSensor1 on 2022-08-20T00:00:00+00:00 ... 
[2023-08-03T15:57:16.289-0500] {external_task.py:232} INFO - Poking for tasks ['tarea_1'] in dag externalTaskSensor1 on 2022-08-20T00:00:00+00:00 ... 
[2023-08-03T15:57:26.345-0500] {external_task.py:232} INFO - Poking for tasks ['tarea_1'] in dag externalTaskSensor1 on 2022-08-20T00:00:00+00:00 ... 
[2023-08-03T15:57:36.401-0500] {external_task.py:232} INFO - Poking for tasks ['tarea_1'] in dag externalTaskSensor1 on 2022-08-20T00:00:00+00:00 ... 
[2023-08-03T15:57:46.453-0500] {external_task.py:232} INFO - Poking for tasks ['tarea_1'] in dag externalTaskSensor1 on 2022-08-20T00:00:00+00:00 ... 
[2023-08-03T15:57:56.513-0500] {external_task.py:232} INFO - Poking for tasks ['tarea_1'] in dag externalTaskSensor1 on 2022-08-20T00:00:00+00:00 ... 
[2023-08-03T15:58:06.565-0500] {external_task.py:232} INFO - Poking for tasks ['tarea_1'] in dag externalTaskSensor1 on 2022-08-20T00:00:00+00:00 ... 
[2023-08-03T15:58:16.625-0500] {external_task.py:232} INFO - Poking for tasks ['tarea_1'] in dag externalTaskSensor1 on 2022-08-20T00:00:00+00:00 ... 
[2023-08-03T15:58:26.681-0500] {external_task.py:232} INFO - Poking for tasks ['tarea_1'] in dag externalTaskSensor1 on 2022-08-20T00:00:00+00:00 ... 
[2023-08-03T15:58:36.741-0500] {external_task.py:232} INFO - Poking for tasks ['tarea_1'] in dag externalTaskSensor1 on 2022-08-20T00:00:00+00:00 ... 
[2023-08-03T15:58:46.797-0500] {external_task.py:232} INFO - Poking for tasks ['tarea_1'] in dag externalTaskSensor1 on 2022-08-20T00:00:00+00:00 ... 
[2023-08-03T15:58:56.857-0500] {external_task.py:232} INFO - Poking for tasks ['tarea_1'] in dag externalTaskSensor1 on 2022-08-20T00:00:00+00:00 ... 
[2023-08-03T15:59:06.913-0500] {external_task.py:232} INFO - Poking for tasks ['tarea_1'] in dag externalTaskSensor1 on 2022-08-20T00:00:00+00:00 ... 
[2023-08-03T15:59:16.969-0500] {external_task.py:232} INFO - Poking for tasks ['tarea_1'] in dag externalTaskSensor1 on 2022-08-20T00:00:00+00:00 ... 
[2023-08-03T15:59:27.029-0500] {external_task.py:232} INFO - Poking for tasks ['tarea_1'] in dag externalTaskSensor1 on 2022-08-20T00:00:00+00:00 ... 
[2023-08-03T15:59:37.089-0500] {external_task.py:232} INFO - Poking for tasks ['tarea_1'] in dag externalTaskSensor1 on 2022-08-20T00:00:00+00:00 ... 
[2023-08-03T15:59:47.141-0500] {external_task.py:232} INFO - Poking for tasks ['tarea_1'] in dag externalTaskSensor1 on 2022-08-20T00:00:00+00:00 ... 
[2023-08-03T15:59:57.201-0500] {external_task.py:232} INFO - Poking for tasks ['tarea_1'] in dag externalTaskSensor1 on 2022-08-20T00:00:00+00:00 ... 
[2023-08-03T16:00:07.253-0500] {external_task.py:232} INFO - Poking for tasks ['tarea_1'] in dag externalTaskSensor1 on 2022-08-20T00:00:00+00:00 ... 
[2023-08-03T16:00:17.313-0500] {external_task.py:232} INFO - Poking for tasks ['tarea_1'] in dag externalTaskSensor1 on 2022-08-20T00:00:00+00:00 ... 
[2023-08-03T16:00:27.529-0500] {external_task.py:232} INFO - Poking for tasks ['tarea_1'] in dag externalTaskSensor1 on 2022-08-20T00:00:00+00:00 ... 
[2023-08-03T16:00:37.586-0500] {external_task.py:232} INFO - Poking for tasks ['tarea_1'] in dag externalTaskSensor1 on 2022-08-20T00:00:00+00:00 ... 
[2023-08-03T16:00:47.645-0500] {external_task.py:232} INFO - Poking for tasks ['tarea_1'] in dag externalTaskSensor1 on 2022-08-20T00:00:00+00:00 ... 
[2023-08-03T16:00:57.677-0500] {external_task.py:232} INFO - Poking for tasks ['tarea_1'] in dag externalTaskSensor1 on 2022-08-20T00:00:00+00:00 ... 
[2023-08-03T16:01:07.739-0500] {external_task.py:232} INFO - Poking for tasks ['tarea_1'] in dag externalTaskSensor1 on 2022-08-20T00:00:00+00:00 ... 
[2023-08-03T16:01:17.801-0500] {external_task.py:232} INFO - Poking for tasks ['tarea_1'] in dag externalTaskSensor1 on 2022-08-20T00:00:00+00:00 ... 
[2023-08-03T16:01:27.861-0500] {external_task.py:232} INFO - Poking for tasks ['tarea_1'] in dag externalTaskSensor1 on 2022-08-20T00:00:00+00:00 ... 
[2023-08-03T16:01:37.921-0500] {external_task.py:232} INFO - Poking for tasks ['tarea_1'] in dag externalTaskSensor1 on 2022-08-20T00:00:00+00:00 ... 
[2023-08-03T16:01:47.985-0500] {external_task.py:232} INFO - Poking for tasks ['tarea_1'] in dag externalTaskSensor1 on 2022-08-20T00:00:00+00:00 ... 
[2023-08-03T16:01:58.045-0500] {external_task.py:232} INFO - Poking for tasks ['tarea_1'] in dag externalTaskSensor1 on 2022-08-20T00:00:00+00:00 ... 
[2023-08-03T16:02:08.105-0500] {external_task.py:232} INFO - Poking for tasks ['tarea_1'] in dag externalTaskSensor1 on 2022-08-20T00:00:00+00:00 ... 
[2023-08-03T16:02:18.161-0500] {external_task.py:232} INFO - Poking for tasks ['tarea_1'] in dag externalTaskSensor1 on 2022-08-20T00:00:00+00:00 ... 
[2023-08-03T16:02:28.221-0500] {external_task.py:232} INFO - Poking for tasks ['tarea_1'] in dag externalTaskSensor1 on 2022-08-20T00:00:00+00:00 ... 
[2023-08-03T16:02:38.260-0500] {external_task.py:232} INFO - Poking for tasks ['tarea_1'] in dag externalTaskSensor1 on 2022-08-20T00:00:00+00:00 ... 
[2023-08-03T16:02:48.317-0500] {external_task.py:232} INFO - Poking for tasks ['tarea_1'] in dag externalTaskSensor1 on 2022-08-20T00:00:00+00:00 ... 
[2023-08-03T16:02:58.381-0500] {external_task.py:232} INFO - Poking for tasks ['tarea_1'] in dag externalTaskSensor1 on 2022-08-20T00:00:00+00:00 ... 
[2023-08-03T16:03:08.442-0500] {external_task.py:232} INFO - Poking for tasks ['tarea_1'] in dag externalTaskSensor1 on 2022-08-20T00:00:00+00:00 ... 
[2023-08-03T16:03:18.501-0500] {external_task.py:232} INFO - Poking for tasks ['tarea_1'] in dag externalTaskSensor1 on 2022-08-20T00:00:00+00:00 ... 
[2023-08-03T16:03:28.565-0500] {external_task.py:232} INFO - Poking for tasks ['tarea_1'] in dag externalTaskSensor1 on 2022-08-20T00:00:00+00:00 ... 
[2023-08-03T16:03:38.621-0500] {external_task.py:232} INFO - Poking for tasks ['tarea_1'] in dag externalTaskSensor1 on 2022-08-20T00:00:00+00:00 ... 
[2023-08-03T16:03:48.681-0500] {external_task.py:232} INFO - Poking for tasks ['tarea_1'] in dag externalTaskSensor1 on 2022-08-20T00:00:00+00:00 ... 
[2023-08-03T16:03:58.741-0500] {external_task.py:232} INFO - Poking for tasks ['tarea_1'] in dag externalTaskSensor1 on 2022-08-20T00:00:00+00:00 ... 
[2023-08-03T16:04:08.797-0500] {external_task.py:232} INFO - Poking for tasks ['tarea_1'] in dag externalTaskSensor1 on 2022-08-20T00:00:00+00:00 ... 
[2023-08-03T16:04:18.857-0500] {external_task.py:232} INFO - Poking for tasks ['tarea_1'] in dag externalTaskSensor1 on 2022-08-20T00:00:00+00:00 ... 
[2023-08-03T16:04:28.895-0500] {external_task.py:232} INFO - Poking for tasks ['tarea_1'] in dag externalTaskSensor1 on 2022-08-20T00:00:00+00:00 ... 
[2023-08-03T16:04:38.953-0500] {external_task.py:232} INFO - Poking for tasks ['tarea_1'] in dag externalTaskSensor1 on 2022-08-20T00:00:00+00:00 ... 
[2023-08-03T16:04:49.013-0500] {external_task.py:232} INFO - Poking for tasks ['tarea_1'] in dag externalTaskSensor1 on 2022-08-20T00:00:00+00:00 ... 
[2023-08-03T16:04:59.073-0500] {external_task.py:232} INFO - Poking for tasks ['tarea_1'] in dag externalTaskSensor1 on 2022-08-20T00:00:00+00:00 ... 
[2023-08-03T16:05:09.095-0500] {external_task.py:232} INFO - Poking for tasks ['tarea_1'] in dag externalTaskSensor1 on 2022-08-20T00:00:00+00:00 ... 
[2023-08-03T16:05:19.146-0500] {external_task.py:232} INFO - Poking for tasks ['tarea_1'] in dag externalTaskSensor1 on 2022-08-20T00:00:00+00:00 ... 
[2023-08-03T16:05:29.179-0500] {external_task.py:232} INFO - Poking for tasks ['tarea_1'] in dag externalTaskSensor1 on 2022-08-20T00:00:00+00:00 ... 
[2023-08-03T16:05:39.246-0500] {external_task.py:232} INFO - Poking for tasks ['tarea_1'] in dag externalTaskSensor1 on 2022-08-20T00:00:00+00:00 ... 
[2023-08-03T16:05:49.305-0500] {external_task.py:232} INFO - Poking for tasks ['tarea_1'] in dag externalTaskSensor1 on 2022-08-20T00:00:00+00:00 ... 
[2023-08-03T16:05:59.346-0500] {external_task.py:232} INFO - Poking for tasks ['tarea_1'] in dag externalTaskSensor1 on 2022-08-20T00:00:00+00:00 ... 
[2023-08-03T16:06:09.405-0500] {external_task.py:232} INFO - Poking for tasks ['tarea_1'] in dag externalTaskSensor1 on 2022-08-20T00:00:00+00:00 ... 
[2023-08-03T16:06:19.465-0500] {external_task.py:232} INFO - Poking for tasks ['tarea_1'] in dag externalTaskSensor1 on 2022-08-20T00:00:00+00:00 ... 
[2023-08-03T16:06:29.527-0500] {external_task.py:232} INFO - Poking for tasks ['tarea_1'] in dag externalTaskSensor1 on 2022-08-20T00:00:00+00:00 ... 
[2023-08-03T16:06:39.585-0500] {external_task.py:232} INFO - Poking for tasks ['tarea_1'] in dag externalTaskSensor1 on 2022-08-20T00:00:00+00:00 ... 
[2023-08-03T16:06:49.641-0500] {external_task.py:232} INFO - Poking for tasks ['tarea_1'] in dag externalTaskSensor1 on 2022-08-20T00:00:00+00:00 ... 
[2023-08-03T16:06:59.701-0500] {external_task.py:232} INFO - Poking for tasks ['tarea_1'] in dag externalTaskSensor1 on 2022-08-20T00:00:00+00:00 ... 
[2023-08-03T16:07:09.761-0500] {external_task.py:232} INFO - Poking for tasks ['tarea_1'] in dag externalTaskSensor1 on 2022-08-20T00:00:00+00:00 ... 
[2023-08-03T16:07:19.821-0500] {external_task.py:232} INFO - Poking for tasks ['tarea_1'] in dag externalTaskSensor1 on 2022-08-20T00:00:00+00:00 ... 
[2023-08-03T16:07:29.848-0500] {external_task.py:232} INFO - Poking for tasks ['tarea_1'] in dag externalTaskSensor1 on 2022-08-20T00:00:00+00:00 ... 
[2023-08-03T16:07:39.909-0500] {external_task.py:232} INFO - Poking for tasks ['tarea_1'] in dag externalTaskSensor1 on 2022-08-20T00:00:00+00:00 ... 
[2023-08-03T16:07:49.975-0500] {external_task.py:232} INFO - Poking for tasks ['tarea_1'] in dag externalTaskSensor1 on 2022-08-20T00:00:00+00:00 ... 
[2023-08-03T16:08:00.033-0500] {external_task.py:232} INFO - Poking for tasks ['tarea_1'] in dag externalTaskSensor1 on 2022-08-20T00:00:00+00:00 ... 
[2023-08-03T16:08:10.083-0500] {external_task.py:232} INFO - Poking for tasks ['tarea_1'] in dag externalTaskSensor1 on 2022-08-20T00:00:00+00:00 ... 
[2023-08-03T16:08:20.132-0500] {external_task.py:232} INFO - Poking for tasks ['tarea_1'] in dag externalTaskSensor1 on 2022-08-20T00:00:00+00:00 ... 
[2023-08-03T16:08:30.193-0500] {external_task.py:232} INFO - Poking for tasks ['tarea_1'] in dag externalTaskSensor1 on 2022-08-20T00:00:00+00:00 ... 
[2023-08-03T16:08:40.253-0500] {external_task.py:232} INFO - Poking for tasks ['tarea_1'] in dag externalTaskSensor1 on 2022-08-20T00:00:00+00:00 ... 
[2023-08-03T16:08:50.317-0500] {external_task.py:232} INFO - Poking for tasks ['tarea_1'] in dag externalTaskSensor1 on 2022-08-20T00:00:00+00:00 ... 
[2023-08-03T16:09:00.377-0500] {external_task.py:232} INFO - Poking for tasks ['tarea_1'] in dag externalTaskSensor1 on 2022-08-20T00:00:00+00:00 ... 
[2023-08-03T16:09:10.437-0500] {external_task.py:232} INFO - Poking for tasks ['tarea_1'] in dag externalTaskSensor1 on 2022-08-20T00:00:00+00:00 ... 
[2023-08-03T16:09:20.493-0500] {external_task.py:232} INFO - Poking for tasks ['tarea_1'] in dag externalTaskSensor1 on 2022-08-20T00:00:00+00:00 ... 
[2023-08-03T16:09:30.553-0500] {external_task.py:232} INFO - Poking for tasks ['tarea_1'] in dag externalTaskSensor1 on 2022-08-20T00:00:00+00:00 ... 
[2023-08-03T16:09:40.613-0500] {external_task.py:232} INFO - Poking for tasks ['tarea_1'] in dag externalTaskSensor1 on 2022-08-20T00:00:00+00:00 ... 
[2023-08-03T16:09:50.673-0500] {external_task.py:232} INFO - Poking for tasks ['tarea_1'] in dag externalTaskSensor1 on 2022-08-20T00:00:00+00:00 ... 
[2023-08-03T16:10:00.729-0500] {external_task.py:232} INFO - Poking for tasks ['tarea_1'] in dag externalTaskSensor1 on 2022-08-20T00:00:00+00:00 ... 
[2023-08-03T16:10:10.789-0500] {external_task.py:232} INFO - Poking for tasks ['tarea_1'] in dag externalTaskSensor1 on 2022-08-20T00:00:00+00:00 ... 
[2023-08-03T16:10:20.849-0500] {external_task.py:232} INFO - Poking for tasks ['tarea_1'] in dag externalTaskSensor1 on 2022-08-20T00:00:00+00:00 ... 
[2023-08-03T16:10:30.909-0500] {external_task.py:232} INFO - Poking for tasks ['tarea_1'] in dag externalTaskSensor1 on 2022-08-20T00:00:00+00:00 ... 
[2023-08-03T16:10:40.969-0500] {external_task.py:232} INFO - Poking for tasks ['tarea_1'] in dag externalTaskSensor1 on 2022-08-20T00:00:00+00:00 ... 
[2023-08-03T16:10:50.986-0500] {external_task.py:232} INFO - Poking for tasks ['tarea_1'] in dag externalTaskSensor1 on 2022-08-20T00:00:00+00:00 ... 
[2023-08-03T16:11:01.045-0500] {external_task.py:232} INFO - Poking for tasks ['tarea_1'] in dag externalTaskSensor1 on 2022-08-20T00:00:00+00:00 ... 
[2023-08-03T16:11:11.105-0500] {external_task.py:232} INFO - Poking for tasks ['tarea_1'] in dag externalTaskSensor1 on 2022-08-20T00:00:00+00:00 ... 
[2023-08-03T16:11:21.165-0500] {external_task.py:232} INFO - Poking for tasks ['tarea_1'] in dag externalTaskSensor1 on 2022-08-20T00:00:00+00:00 ... 
[2023-08-03T16:11:31.221-0500] {external_task.py:232} INFO - Poking for tasks ['tarea_1'] in dag externalTaskSensor1 on 2022-08-20T00:00:00+00:00 ... 
[2023-08-03T16:11:41.273-0500] {external_task.py:232} INFO - Poking for tasks ['tarea_1'] in dag externalTaskSensor1 on 2022-08-20T00:00:00+00:00 ... 
[2023-08-03T16:11:51.337-0500] {external_task.py:232} INFO - Poking for tasks ['tarea_1'] in dag externalTaskSensor1 on 2022-08-20T00:00:00+00:00 ... 
[2023-08-03T16:12:01.397-0500] {external_task.py:232} INFO - Poking for tasks ['tarea_1'] in dag externalTaskSensor1 on 2022-08-20T00:00:00+00:00 ... 
[2023-08-03T16:12:11.449-0500] {external_task.py:232} INFO - Poking for tasks ['tarea_1'] in dag externalTaskSensor1 on 2022-08-20T00:00:00+00:00 ... 
[2023-08-03T16:12:21.505-0500] {external_task.py:232} INFO - Poking for tasks ['tarea_1'] in dag externalTaskSensor1 on 2022-08-20T00:00:00+00:00 ... 
[2023-08-03T16:12:31.557-0500] {external_task.py:232} INFO - Poking for tasks ['tarea_1'] in dag externalTaskSensor1 on 2022-08-20T00:00:00+00:00 ... 
[2023-08-03T16:12:41.613-0500] {external_task.py:232} INFO - Poking for tasks ['tarea_1'] in dag externalTaskSensor1 on 2022-08-20T00:00:00+00:00 ... 
[2023-08-03T16:12:51.673-0500] {external_task.py:232} INFO - Poking for tasks ['tarea_1'] in dag externalTaskSensor1 on 2022-08-20T00:00:00+00:00 ... 
[2023-08-03T16:13:01.728-0500] {external_task.py:232} INFO - Poking for tasks ['tarea_1'] in dag externalTaskSensor1 on 2022-08-20T00:00:00+00:00 ... 
[2023-08-03T16:13:11.785-0500] {external_task.py:232} INFO - Poking for tasks ['tarea_1'] in dag externalTaskSensor1 on 2022-08-20T00:00:00+00:00 ... 
[2023-08-03T16:13:21.837-0500] {external_task.py:232} INFO - Poking for tasks ['tarea_1'] in dag externalTaskSensor1 on 2022-08-20T00:00:00+00:00 ... 
[2023-08-03T16:13:31.889-0500] {external_task.py:232} INFO - Poking for tasks ['tarea_1'] in dag externalTaskSensor1 on 2022-08-20T00:00:00+00:00 ... 
[2023-08-03T16:13:41.941-0500] {external_task.py:232} INFO - Poking for tasks ['tarea_1'] in dag externalTaskSensor1 on 2022-08-20T00:00:00+00:00 ... 
[2023-08-03T16:13:51.993-0500] {external_task.py:232} INFO - Poking for tasks ['tarea_1'] in dag externalTaskSensor1 on 2022-08-20T00:00:00+00:00 ... 
[2023-08-03T16:14:02.014-0500] {external_task.py:232} INFO - Poking for tasks ['tarea_1'] in dag externalTaskSensor1 on 2022-08-20T00:00:00+00:00 ... 
[2023-08-03T16:14:12.069-0500] {external_task.py:232} INFO - Poking for tasks ['tarea_1'] in dag externalTaskSensor1 on 2022-08-20T00:00:00+00:00 ... 
[2023-08-03T16:14:22.133-0500] {external_task.py:232} INFO - Poking for tasks ['tarea_1'] in dag externalTaskSensor1 on 2022-08-20T00:00:00+00:00 ... 
[2023-08-03T16:14:32.185-0500] {external_task.py:232} INFO - Poking for tasks ['tarea_1'] in dag externalTaskSensor1 on 2022-08-20T00:00:00+00:00 ... 
[2023-08-03T16:14:42.237-0500] {external_task.py:232} INFO - Poking for tasks ['tarea_1'] in dag externalTaskSensor1 on 2022-08-20T00:00:00+00:00 ... 
[2023-08-03T16:14:52.290-0500] {external_task.py:232} INFO - Poking for tasks ['tarea_1'] in dag externalTaskSensor1 on 2022-08-20T00:00:00+00:00 ... 
[2023-08-03T16:15:02.349-0500] {external_task.py:232} INFO - Poking for tasks ['tarea_1'] in dag externalTaskSensor1 on 2022-08-20T00:00:00+00:00 ... 
[2023-08-03T16:15:12.401-0500] {external_task.py:232} INFO - Poking for tasks ['tarea_1'] in dag externalTaskSensor1 on 2022-08-20T00:00:00+00:00 ... 
[2023-08-03T16:15:22.455-0500] {external_task.py:232} INFO - Poking for tasks ['tarea_1'] in dag externalTaskSensor1 on 2022-08-20T00:00:00+00:00 ... 
[2023-08-03T16:15:32.507-0500] {external_task.py:232} INFO - Poking for tasks ['tarea_1'] in dag externalTaskSensor1 on 2022-08-20T00:00:00+00:00 ... 
[2023-08-03T16:15:42.569-0500] {external_task.py:232} INFO - Poking for tasks ['tarea_1'] in dag externalTaskSensor1 on 2022-08-20T00:00:00+00:00 ... 
[2023-08-03T16:15:52.621-0500] {external_task.py:232} INFO - Poking for tasks ['tarea_1'] in dag externalTaskSensor1 on 2022-08-20T00:00:00+00:00 ... 
[2023-08-03T16:16:02.681-0500] {external_task.py:232} INFO - Poking for tasks ['tarea_1'] in dag externalTaskSensor1 on 2022-08-20T00:00:00+00:00 ... 
[2023-08-03T16:16:12.735-0500] {external_task.py:232} INFO - Poking for tasks ['tarea_1'] in dag externalTaskSensor1 on 2022-08-20T00:00:00+00:00 ... 
[2023-08-03T16:16:16.537-0500] {process_utils.py:131} INFO - Sending Signals.SIGTERM to group 14246. PIDs of all processes in the group: [14246]
[2023-08-03T16:16:16.538-0500] {process_utils.py:86} INFO - Sending the signal Signals.SIGTERM to group 14246
[2023-08-03T16:16:16.538-0500] {taskinstance.py:1517} ERROR - Received SIGTERM. Terminating subprocesses.
[2023-08-03T16:16:16.555-0500] {taskinstance.py:1824} ERROR - Task failed with exception
Traceback (most recent call last):
  File "/home/joha/anaconda3/lib/python3.10/site-packages/airflow/sensors/base.py", line 253, in execute
    time.sleep(self._get_next_poke_interval(started_at, run_duration, try_number))
  File "/home/joha/anaconda3/lib/python3.10/site-packages/airflow/models/taskinstance.py", line 1519, in signal_handler
    raise AirflowException("Task received SIGTERM signal")
airflow.exceptions.AirflowException: Task received SIGTERM signal
[2023-08-03T16:16:16.572-0500] {taskinstance.py:1345} INFO - Marking task as FAILED. dag_id=externalTaskSensor2, task_id=waiting_dag, execution_date=20220820T000000, start_date=20230803T204254, end_date=20230803T211616
[2023-08-03T16:16:16.607-0500] {standard_task_runner.py:104} ERROR - Failed to execute job 961 for task waiting_dag (Task received SIGTERM signal; 14246)
[2023-08-03T16:16:16.631-0500] {process_utils.py:79} INFO - Process psutil.Process(pid=14246, status='terminated', exitcode=1, started='15:42:55') (14246) terminated with exit code 1
