[2023-08-03T16:47:54.624-0500] {taskinstance.py:1103} INFO - Dependencies all met for dep_context=non-requeueable deps ti=<TaskInstance: templating.tarea_1 scheduled__2022-08-12T00:00:00+00:00 [queued]>
[2023-08-03T16:47:54.634-0500] {taskinstance.py:1103} INFO - Dependencies all met for dep_context=requeueable deps ti=<TaskInstance: templating.tarea_1 scheduled__2022-08-12T00:00:00+00:00 [queued]>
[2023-08-03T16:47:54.634-0500] {taskinstance.py:1308} INFO - Starting attempt 1 of 1
[2023-08-03T16:47:54.659-0500] {taskinstance.py:1327} INFO - Executing <Task(BashOperator): tarea_1> on 2022-08-12 00:00:00+00:00
[2023-08-03T16:47:54.665-0500] {standard_task_runner.py:57} INFO - Started process 18255 to run task
[2023-08-03T16:47:54.668-0500] {standard_task_runner.py:84} INFO - Running: ['airflow', 'tasks', 'run', 'templating', 'tarea_1', 'scheduled__2022-08-12T00:00:00+00:00', '--job-id', '974', '--raw', '--subdir', 'DAGS_FOLDER/templates.py', '--cfg-path', '/tmp/tmpldnwixzm']
[2023-08-03T16:47:54.670-0500] {standard_task_runner.py:85} INFO - Job 974: Subtask tarea_1
[2023-08-03T16:47:54.708-0500] {task_command.py:410} INFO - Running <TaskInstance: templating.tarea_1 scheduled__2022-08-12T00:00:00+00:00 [running]> on host pop-os.localdomain
[2023-08-03T16:47:54.906-0500] {taskinstance.py:1545} INFO - Exporting env vars: AIRFLOW_CTX_DAG_OWNER='airflow' AIRFLOW_CTX_DAG_ID='templating' AIRFLOW_CTX_TASK_ID='tarea_1' AIRFLOW_CTX_EXECUTION_DATE='2022-08-12T00:00:00+00:00' AIRFLOW_CTX_TRY_NUMBER='1' AIRFLOW_CTX_DAG_RUN_ID='scheduled__2022-08-12T00:00:00+00:00'
[2023-08-03T16:47:54.907-0500] {subprocess.py:63} INFO - Tmp dir root location: /tmp
[2023-08-03T16:47:54.907-0500] {subprocess.py:75} INFO - Running command: ['/usr/bin/bash', '-c', '\n\n    echo "2022-08-12"\n\techo "file1.txt"\n\n    echo "2022-08-12"\n\techo "file2.txt"\n']
[2023-08-03T16:47:54.920-0500] {subprocess.py:86} INFO - Output:
[2023-08-03T16:47:54.921-0500] {subprocess.py:93} INFO - 2022-08-12
[2023-08-03T16:47:54.921-0500] {subprocess.py:93} INFO - file1.txt
[2023-08-03T16:47:54.921-0500] {subprocess.py:93} INFO - 2022-08-12
[2023-08-03T16:47:54.922-0500] {subprocess.py:93} INFO - file2.txt
[2023-08-03T16:47:54.922-0500] {subprocess.py:97} INFO - Command exited with return code 0
[2023-08-03T16:47:54.944-0500] {taskinstance.py:1345} INFO - Marking task as SUCCESS. dag_id=templating, task_id=tarea_1, execution_date=20220812T000000, start_date=20230803T214754, end_date=20230803T214754
[2023-08-03T16:47:55.002-0500] {local_task_job_runner.py:225} INFO - Task exited with return code 0
[2023-08-03T16:47:55.033-0500] {taskinstance.py:2653} INFO - 0 downstream tasks scheduled from follow-on schedule check
