[2023-08-02T18:34:26.901-0500] {taskinstance.py:1103} INFO - Dependencies all met for dep_context=non-requeueable deps ti=<TaskInstance: orquestation.tarea1 scheduled__2023-08-01T00:00:00+00:00 [queued]>
[2023-08-02T18:34:26.907-0500] {taskinstance.py:1103} INFO - Dependencies all met for dep_context=requeueable deps ti=<TaskInstance: orquestation.tarea1 scheduled__2023-08-01T00:00:00+00:00 [queued]>
[2023-08-02T18:34:26.907-0500] {taskinstance.py:1308} INFO - Starting attempt 1 of 1
[2023-08-02T18:34:26.921-0500] {taskinstance.py:1327} INFO - Executing <Task(BashOperator): tarea1> on 2023-08-01 00:00:00+00:00
[2023-08-02T18:34:26.926-0500] {standard_task_runner.py:57} INFO - Started process 22180 to run task
[2023-08-02T18:34:26.930-0500] {standard_task_runner.py:84} INFO - Running: ['airflow', 'tasks', 'run', 'orquestation', 'tarea1', 'scheduled__2023-08-01T00:00:00+00:00', '--job-id', '764', '--raw', '--subdir', 'DAGS_FOLDER/5.orquestation.py', '--cfg-path', '/tmp/tmpm_ugow5y']
[2023-08-02T18:34:26.932-0500] {standard_task_runner.py:85} INFO - Job 764: Subtask tarea1
[2023-08-02T18:34:26.976-0500] {task_command.py:410} INFO - Running <TaskInstance: orquestation.tarea1 scheduled__2023-08-01T00:00:00+00:00 [running]> on host pop-os.localdomain
[2023-08-02T18:34:27.047-0500] {taskinstance.py:1545} INFO - Exporting env vars: AIRFLOW_CTX_DAG_OWNER='airflow' AIRFLOW_CTX_DAG_ID='orquestation' AIRFLOW_CTX_TASK_ID='tarea1' AIRFLOW_CTX_EXECUTION_DATE='2023-08-01T00:00:00+00:00' AIRFLOW_CTX_TRY_NUMBER='1' AIRFLOW_CTX_DAG_RUN_ID='scheduled__2023-08-01T00:00:00+00:00'
[2023-08-02T18:34:27.049-0500] {subprocess.py:63} INFO - Tmp dir root location: /tmp
[2023-08-02T18:34:27.050-0500] {subprocess.py:75} INFO - Running command: ['/usr/bin/bash', '-c', "sleep 2 && echo'Tarea1'"]
[2023-08-02T18:34:27.063-0500] {subprocess.py:86} INFO - Output:
[2023-08-02T18:34:29.067-0500] {subprocess.py:93} INFO - /usr/bin/bash: line 1: echoTarea1: command not found
[2023-08-02T18:34:29.068-0500] {subprocess.py:97} INFO - Command exited with return code 127
[2023-08-02T18:34:29.087-0500] {taskinstance.py:1824} ERROR - Task failed with exception
Traceback (most recent call last):
  File "/home/joha/anaconda3/lib/python3.10/site-packages/airflow/operators/bash.py", line 210, in execute
    raise AirflowException(
airflow.exceptions.AirflowException: Bash command failed. The command returned a non-zero exit code 127.
[2023-08-02T18:34:29.241-0500] {taskinstance.py:1345} INFO - Marking task as FAILED. dag_id=orquestation, task_id=tarea1, execution_date=20230801T000000, start_date=20230802T233426, end_date=20230802T233429
[2023-08-02T18:34:29.255-0500] {standard_task_runner.py:104} ERROR - Failed to execute job 764 for task tarea1 (Bash command failed. The command returned a non-zero exit code 127.; 22180)
[2023-08-02T18:34:29.278-0500] {local_task_job_runner.py:225} INFO - Task exited with return code 1
[2023-08-02T18:34:29.354-0500] {taskinstance.py:2653} INFO - 0 downstream tasks scheduled from follow-on schedule check
[2023-08-02T18:48:46.847-0500] {taskinstance.py:1103} INFO - Dependencies all met for dep_context=non-requeueable deps ti=<TaskInstance: orquestation.tarea1 scheduled__2023-08-01T00:00:00+00:00 [queued]>
[2023-08-02T18:48:46.860-0500] {taskinstance.py:1103} INFO - Dependencies all met for dep_context=requeueable deps ti=<TaskInstance: orquestation.tarea1 scheduled__2023-08-01T00:00:00+00:00 [queued]>
[2023-08-02T18:48:46.860-0500] {taskinstance.py:1308} INFO - Starting attempt 1 of 1
[2023-08-02T18:48:46.876-0500] {taskinstance.py:1327} INFO - Executing <Task(BashOperator): tarea1> on 2023-08-01 00:00:00+00:00
[2023-08-02T18:48:46.881-0500] {standard_task_runner.py:57} INFO - Started process 23888 to run task
[2023-08-02T18:48:46.885-0500] {standard_task_runner.py:84} INFO - Running: ['airflow', 'tasks', 'run', 'orquestation', 'tarea1', 'scheduled__2023-08-01T00:00:00+00:00', '--job-id', '838', '--raw', '--subdir', 'DAGS_FOLDER/5.orquestation.py', '--cfg-path', '/tmp/tmpnw79y7fc']
[2023-08-02T18:48:46.886-0500] {standard_task_runner.py:85} INFO - Job 838: Subtask tarea1
[2023-08-02T18:48:46.922-0500] {task_command.py:410} INFO - Running <TaskInstance: orquestation.tarea1 scheduled__2023-08-01T00:00:00+00:00 [running]> on host pop-os.localdomain
[2023-08-02T18:48:47.096-0500] {taskinstance.py:1545} INFO - Exporting env vars: AIRFLOW_CTX_DAG_OWNER='airflow' AIRFLOW_CTX_DAG_ID='orquestation' AIRFLOW_CTX_TASK_ID='tarea1' AIRFLOW_CTX_EXECUTION_DATE='2023-08-01T00:00:00+00:00' AIRFLOW_CTX_TRY_NUMBER='1' AIRFLOW_CTX_DAG_RUN_ID='scheduled__2023-08-01T00:00:00+00:00'
[2023-08-02T18:48:47.097-0500] {subprocess.py:63} INFO - Tmp dir root location: /tmp
[2023-08-02T18:48:47.097-0500] {subprocess.py:75} INFO - Running command: ['/usr/bin/bash', '-c', "sleep 2 && echo 'Tarea 1'"]
[2023-08-02T18:48:47.109-0500] {subprocess.py:86} INFO - Output:
[2023-08-02T18:48:49.112-0500] {subprocess.py:93} INFO - Tarea 1
[2023-08-02T18:48:49.113-0500] {subprocess.py:97} INFO - Command exited with return code 0
[2023-08-02T18:48:49.155-0500] {taskinstance.py:1345} INFO - Marking task as SUCCESS. dag_id=orquestation, task_id=tarea1, execution_date=20230801T000000, start_date=20230802T234846, end_date=20230802T234849
[2023-08-02T18:48:49.196-0500] {local_task_job_runner.py:225} INFO - Task exited with return code 0
[2023-08-02T18:48:49.219-0500] {taskinstance.py:2653} INFO - 1 downstream tasks scheduled from follow-on schedule check
