[2023-08-01T20:25:52.571-0500] {processor.py:157} INFO - Started process (PID=99573) to work on /home/joha/airflow/dags/3.dependencias.py
[2023-08-01T20:25:52.572-0500] {processor.py:826} INFO - Processing file /home/joha/airflow/dags/3.dependencias.py for tasks to queue
[2023-08-01T20:25:52.573-0500] {logging_mixin.py:150} INFO - [2023-08-01T20:25:52.573-0500] {dagbag.py:541} INFO - Filling up the DagBag from /home/joha/airflow/dags/3.dependencias.py
[2023-08-01T20:25:52.580-0500] {processor.py:836} INFO - DAG(s) dict_keys(['dependencies']) retrieved from /home/joha/airflow/dags/3.dependencias.py
[2023-08-01T20:25:52.597-0500] {logging_mixin.py:150} INFO - [2023-08-01T20:25:52.597-0500] {dag.py:2742} INFO - Sync 1 DAGs
[2023-08-01T20:25:52.623-0500] {logging_mixin.py:150} INFO - [2023-08-01T20:25:52.622-0500] {dag.py:3504} INFO - Setting next_dagrun for dependencies to 2022-08-01T00:00:00+00:00, run_after=2022-08-01T00:00:00+00:00
[2023-08-01T20:25:52.656-0500] {processor.py:179} INFO - Processing /home/joha/airflow/dags/3.dependencias.py took 0.088 seconds
[2023-08-02T11:08:10.129-0500] {processor.py:157} INFO - Started process (PID=105158) to work on /home/joha/airflow/dags/3.dependencias.py
[2023-08-02T11:08:10.130-0500] {processor.py:826} INFO - Processing file /home/joha/airflow/dags/3.dependencias.py for tasks to queue
[2023-08-02T11:08:10.131-0500] {logging_mixin.py:150} INFO - [2023-08-02T11:08:10.131-0500] {dagbag.py:541} INFO - Filling up the DagBag from /home/joha/airflow/dags/3.dependencias.py
[2023-08-02T11:08:10.141-0500] {processor.py:836} INFO - DAG(s) dict_keys(['dependencies']) retrieved from /home/joha/airflow/dags/3.dependencias.py
[2023-08-02T11:08:10.166-0500] {logging_mixin.py:150} INFO - [2023-08-02T11:08:10.166-0500] {dag.py:2742} INFO - Sync 1 DAGs
[2023-08-02T11:08:10.184-0500] {logging_mixin.py:150} INFO - [2023-08-02T11:08:10.184-0500] {dag.py:3504} INFO - Setting next_dagrun for dependencies to 2022-08-01T00:00:00+00:00, run_after=2022-08-01T00:00:00+00:00
[2023-08-02T11:08:10.203-0500] {processor.py:179} INFO - Processing /home/joha/airflow/dags/3.dependencias.py took 0.077 seconds
[2023-08-02T11:09:05.065-0500] {processor.py:157} INFO - Started process (PID=105277) to work on /home/joha/airflow/dags/3.dependencias.py
[2023-08-02T11:09:05.074-0500] {processor.py:826} INFO - Processing file /home/joha/airflow/dags/3.dependencias.py for tasks to queue
[2023-08-02T11:09:05.076-0500] {logging_mixin.py:150} INFO - [2023-08-02T11:09:05.075-0500] {dagbag.py:541} INFO - Filling up the DagBag from /home/joha/airflow/dags/3.dependencias.py
[2023-08-02T11:09:05.091-0500] {processor.py:836} INFO - DAG(s) dict_keys(['dependencies']) retrieved from /home/joha/airflow/dags/3.dependencias.py
[2023-08-02T11:09:05.117-0500] {logging_mixin.py:150} INFO - [2023-08-02T11:09:05.117-0500] {dag.py:2742} INFO - Sync 1 DAGs
[2023-08-02T11:09:05.136-0500] {logging_mixin.py:150} INFO - [2023-08-02T11:09:05.136-0500] {dag.py:3504} INFO - Setting next_dagrun for dependencies to 2022-08-01T00:00:00+00:00, run_after=2022-08-01T00:00:00+00:00
[2023-08-02T11:09:05.157-0500] {processor.py:179} INFO - Processing /home/joha/airflow/dags/3.dependencias.py took 0.100 seconds
[2023-08-02T11:09:54.861-0500] {processor.py:157} INFO - Started process (PID=105405) to work on /home/joha/airflow/dags/3.dependencias.py
[2023-08-02T11:09:54.870-0500] {processor.py:826} INFO - Processing file /home/joha/airflow/dags/3.dependencias.py for tasks to queue
[2023-08-02T11:09:54.873-0500] {logging_mixin.py:150} INFO - [2023-08-02T11:09:54.872-0500] {dagbag.py:541} INFO - Filling up the DagBag from /home/joha/airflow/dags/3.dependencias.py
[2023-08-02T11:09:54.889-0500] {processor.py:836} INFO - DAG(s) dict_keys(['dependencies']) retrieved from /home/joha/airflow/dags/3.dependencias.py
[2023-08-02T11:09:54.915-0500] {logging_mixin.py:150} INFO - [2023-08-02T11:09:54.915-0500] {dag.py:2742} INFO - Sync 1 DAGs
[2023-08-02T11:09:54.938-0500] {logging_mixin.py:150} INFO - [2023-08-02T11:09:54.938-0500] {dag.py:3504} INFO - Setting next_dagrun for dependencies to 2022-08-01T00:00:00+00:00, run_after=2022-08-01T00:00:00+00:00
[2023-08-02T11:09:54.960-0500] {processor.py:179} INFO - Processing /home/joha/airflow/dags/3.dependencias.py took 0.110 seconds
[2023-08-02T11:10:40.722-0500] {processor.py:157} INFO - Started process (PID=105567) to work on /home/joha/airflow/dags/3.dependencias.py
[2023-08-02T11:10:40.730-0500] {processor.py:826} INFO - Processing file /home/joha/airflow/dags/3.dependencias.py for tasks to queue
[2023-08-02T11:10:40.731-0500] {logging_mixin.py:150} INFO - [2023-08-02T11:10:40.731-0500] {dagbag.py:541} INFO - Filling up the DagBag from /home/joha/airflow/dags/3.dependencias.py
[2023-08-02T11:10:40.742-0500] {processor.py:836} INFO - DAG(s) dict_keys(['dependencies']) retrieved from /home/joha/airflow/dags/3.dependencias.py
[2023-08-02T11:10:40.763-0500] {logging_mixin.py:150} INFO - [2023-08-02T11:10:40.763-0500] {dag.py:2742} INFO - Sync 1 DAGs
[2023-08-02T11:10:40.788-0500] {logging_mixin.py:150} INFO - [2023-08-02T11:10:40.788-0500] {dag.py:3504} INFO - Setting next_dagrun for dependencies to 2022-08-01T00:00:00+00:00, run_after=2022-08-01T00:00:00+00:00
[2023-08-02T11:10:40.813-0500] {processor.py:179} INFO - Processing /home/joha/airflow/dags/3.dependencias.py took 0.095 seconds
[2023-08-02T11:11:27.691-0500] {processor.py:157} INFO - Started process (PID=105695) to work on /home/joha/airflow/dags/3.dependencias.py
[2023-08-02T11:11:27.701-0500] {processor.py:826} INFO - Processing file /home/joha/airflow/dags/3.dependencias.py for tasks to queue
[2023-08-02T11:11:27.704-0500] {logging_mixin.py:150} INFO - [2023-08-02T11:11:27.703-0500] {dagbag.py:541} INFO - Filling up the DagBag from /home/joha/airflow/dags/3.dependencias.py
[2023-08-02T11:11:27.727-0500] {processor.py:836} INFO - DAG(s) dict_keys(['dependencies']) retrieved from /home/joha/airflow/dags/3.dependencias.py
[2023-08-02T11:11:27.758-0500] {logging_mixin.py:150} INFO - [2023-08-02T11:11:27.758-0500] {dag.py:2742} INFO - Sync 1 DAGs
[2023-08-02T11:11:27.786-0500] {logging_mixin.py:150} INFO - [2023-08-02T11:11:27.785-0500] {dag.py:3504} INFO - Setting next_dagrun for dependencies to 2022-08-01T00:00:00+00:00, run_after=2022-08-01T00:00:00+00:00
[2023-08-02T11:11:27.809-0500] {processor.py:179} INFO - Processing /home/joha/airflow/dags/3.dependencias.py took 0.129 seconds
[2023-08-02T11:12:17.504-0500] {processor.py:157} INFO - Started process (PID=105832) to work on /home/joha/airflow/dags/3.dependencias.py
[2023-08-02T11:12:17.512-0500] {processor.py:826} INFO - Processing file /home/joha/airflow/dags/3.dependencias.py for tasks to queue
[2023-08-02T11:12:17.514-0500] {logging_mixin.py:150} INFO - [2023-08-02T11:12:17.513-0500] {dagbag.py:541} INFO - Filling up the DagBag from /home/joha/airflow/dags/3.dependencias.py
[2023-08-02T11:12:17.526-0500] {processor.py:836} INFO - DAG(s) dict_keys(['dependencies']) retrieved from /home/joha/airflow/dags/3.dependencias.py
[2023-08-02T11:12:17.550-0500] {logging_mixin.py:150} INFO - [2023-08-02T11:12:17.550-0500] {dag.py:2742} INFO - Sync 1 DAGs
[2023-08-02T11:12:17.574-0500] {logging_mixin.py:150} INFO - [2023-08-02T11:12:17.574-0500] {dag.py:3504} INFO - Setting next_dagrun for dependencies to 2022-08-01T00:00:00+00:00, run_after=2022-08-01T00:00:00+00:00
[2023-08-02T11:12:17.597-0500] {processor.py:179} INFO - Processing /home/joha/airflow/dags/3.dependencias.py took 0.098 seconds
[2023-08-02T11:13:00.785-0500] {processor.py:157} INFO - Started process (PID=105932) to work on /home/joha/airflow/dags/3.dependencias.py
[2023-08-02T11:13:00.793-0500] {processor.py:826} INFO - Processing file /home/joha/airflow/dags/3.dependencias.py for tasks to queue
[2023-08-02T11:13:00.794-0500] {logging_mixin.py:150} INFO - [2023-08-02T11:13:00.794-0500] {dagbag.py:541} INFO - Filling up the DagBag from /home/joha/airflow/dags/3.dependencias.py
[2023-08-02T11:13:00.801-0500] {processor.py:836} INFO - DAG(s) dict_keys(['dependencies']) retrieved from /home/joha/airflow/dags/3.dependencias.py
[2023-08-02T11:13:00.823-0500] {logging_mixin.py:150} INFO - [2023-08-02T11:13:00.823-0500] {dag.py:2742} INFO - Sync 1 DAGs
[2023-08-02T11:13:00.846-0500] {logging_mixin.py:150} INFO - [2023-08-02T11:13:00.846-0500] {dag.py:3504} INFO - Setting next_dagrun for dependencies to 2022-08-01T00:00:00+00:00, run_after=2022-08-01T00:00:00+00:00
[2023-08-02T11:13:00.867-0500] {processor.py:179} INFO - Processing /home/joha/airflow/dags/3.dependencias.py took 0.087 seconds
[2023-08-02T11:13:41.830-0500] {processor.py:157} INFO - Started process (PID=105991) to work on /home/joha/airflow/dags/3.dependencias.py
[2023-08-02T11:13:41.838-0500] {processor.py:826} INFO - Processing file /home/joha/airflow/dags/3.dependencias.py for tasks to queue
[2023-08-02T11:13:41.840-0500] {logging_mixin.py:150} INFO - [2023-08-02T11:13:41.839-0500] {dagbag.py:541} INFO - Filling up the DagBag from /home/joha/airflow/dags/3.dependencias.py
[2023-08-02T11:13:41.848-0500] {processor.py:836} INFO - DAG(s) dict_keys(['dependencies']) retrieved from /home/joha/airflow/dags/3.dependencias.py
[2023-08-02T11:13:41.871-0500] {logging_mixin.py:150} INFO - [2023-08-02T11:13:41.871-0500] {dag.py:2742} INFO - Sync 1 DAGs
[2023-08-02T11:13:41.894-0500] {logging_mixin.py:150} INFO - [2023-08-02T11:13:41.894-0500] {dag.py:3504} INFO - Setting next_dagrun for dependencies to 2022-08-01T00:00:00+00:00, run_after=2022-08-01T00:00:00+00:00
[2023-08-02T11:13:41.922-0500] {processor.py:179} INFO - Processing /home/joha/airflow/dags/3.dependencias.py took 0.095 seconds
[2023-08-02T11:14:23.564-0500] {processor.py:157} INFO - Started process (PID=106049) to work on /home/joha/airflow/dags/3.dependencias.py
[2023-08-02T11:14:23.572-0500] {processor.py:826} INFO - Processing file /home/joha/airflow/dags/3.dependencias.py for tasks to queue
[2023-08-02T11:14:23.574-0500] {logging_mixin.py:150} INFO - [2023-08-02T11:14:23.573-0500] {dagbag.py:541} INFO - Filling up the DagBag from /home/joha/airflow/dags/3.dependencias.py
[2023-08-02T11:14:23.583-0500] {processor.py:836} INFO - DAG(s) dict_keys(['dependencies']) retrieved from /home/joha/airflow/dags/3.dependencias.py
[2023-08-02T11:14:23.607-0500] {logging_mixin.py:150} INFO - [2023-08-02T11:14:23.606-0500] {dag.py:2742} INFO - Sync 1 DAGs
[2023-08-02T11:14:23.628-0500] {logging_mixin.py:150} INFO - [2023-08-02T11:14:23.628-0500] {dag.py:3504} INFO - Setting next_dagrun for dependencies to 2022-08-01T00:00:00+00:00, run_after=2022-08-01T00:00:00+00:00
[2023-08-02T11:14:23.655-0500] {processor.py:179} INFO - Processing /home/joha/airflow/dags/3.dependencias.py took 0.094 seconds
[2023-08-02T11:15:09.591-0500] {processor.py:157} INFO - Started process (PID=106175) to work on /home/joha/airflow/dags/3.dependencias.py
[2023-08-02T11:15:09.600-0500] {processor.py:826} INFO - Processing file /home/joha/airflow/dags/3.dependencias.py for tasks to queue
[2023-08-02T11:15:09.603-0500] {logging_mixin.py:150} INFO - [2023-08-02T11:15:09.602-0500] {dagbag.py:541} INFO - Filling up the DagBag from /home/joha/airflow/dags/3.dependencias.py
[2023-08-02T11:15:09.620-0500] {processor.py:836} INFO - DAG(s) dict_keys(['dependencies']) retrieved from /home/joha/airflow/dags/3.dependencias.py
[2023-08-02T11:15:09.641-0500] {logging_mixin.py:150} INFO - [2023-08-02T11:15:09.641-0500] {dag.py:2742} INFO - Sync 1 DAGs
[2023-08-02T11:15:09.660-0500] {logging_mixin.py:150} INFO - [2023-08-02T11:15:09.660-0500] {dag.py:3504} INFO - Setting next_dagrun for dependencies to 2022-08-01T00:00:00+00:00, run_after=2022-08-01T00:00:00+00:00
[2023-08-02T11:15:09.680-0500] {processor.py:179} INFO - Processing /home/joha/airflow/dags/3.dependencias.py took 0.100 seconds
[2023-08-02T11:15:58.690-0500] {processor.py:157} INFO - Started process (PID=106316) to work on /home/joha/airflow/dags/3.dependencias.py
[2023-08-02T11:15:58.700-0500] {processor.py:826} INFO - Processing file /home/joha/airflow/dags/3.dependencias.py for tasks to queue
[2023-08-02T11:15:58.704-0500] {logging_mixin.py:150} INFO - [2023-08-02T11:15:58.703-0500] {dagbag.py:541} INFO - Filling up the DagBag from /home/joha/airflow/dags/3.dependencias.py
[2023-08-02T11:15:58.736-0500] {processor.py:836} INFO - DAG(s) dict_keys(['dependencies']) retrieved from /home/joha/airflow/dags/3.dependencias.py
[2023-08-02T11:15:58.770-0500] {logging_mixin.py:150} INFO - [2023-08-02T11:15:58.770-0500] {dag.py:2742} INFO - Sync 1 DAGs
[2023-08-02T11:15:58.790-0500] {logging_mixin.py:150} INFO - [2023-08-02T11:15:58.790-0500] {dag.py:3504} INFO - Setting next_dagrun for dependencies to 2022-08-01T00:00:00+00:00, run_after=2022-08-01T00:00:00+00:00
[2023-08-02T11:15:58.812-0500] {processor.py:179} INFO - Processing /home/joha/airflow/dags/3.dependencias.py took 0.132 seconds
[2023-08-02T11:16:45.846-0500] {processor.py:157} INFO - Started process (PID=106433) to work on /home/joha/airflow/dags/3.dependencias.py
[2023-08-02T11:16:45.856-0500] {processor.py:826} INFO - Processing file /home/joha/airflow/dags/3.dependencias.py for tasks to queue
[2023-08-02T11:16:45.860-0500] {logging_mixin.py:150} INFO - [2023-08-02T11:16:45.859-0500] {dagbag.py:541} INFO - Filling up the DagBag from /home/joha/airflow/dags/3.dependencias.py
[2023-08-02T11:16:45.883-0500] {processor.py:836} INFO - DAG(s) dict_keys(['dependencies']) retrieved from /home/joha/airflow/dags/3.dependencias.py
[2023-08-02T11:16:45.918-0500] {logging_mixin.py:150} INFO - [2023-08-02T11:16:45.918-0500] {dag.py:2742} INFO - Sync 1 DAGs
[2023-08-02T11:16:45.938-0500] {logging_mixin.py:150} INFO - [2023-08-02T11:16:45.938-0500] {dag.py:3504} INFO - Setting next_dagrun for dependencies to 2022-08-01T00:00:00+00:00, run_after=2022-08-01T00:00:00+00:00
[2023-08-02T11:16:45.961-0500] {processor.py:179} INFO - Processing /home/joha/airflow/dags/3.dependencias.py took 0.125 seconds
[2023-08-02T11:17:30.783-0500] {processor.py:157} INFO - Started process (PID=106555) to work on /home/joha/airflow/dags/3.dependencias.py
[2023-08-02T11:17:30.792-0500] {processor.py:826} INFO - Processing file /home/joha/airflow/dags/3.dependencias.py for tasks to queue
[2023-08-02T11:17:30.793-0500] {logging_mixin.py:150} INFO - [2023-08-02T11:17:30.792-0500] {dagbag.py:541} INFO - Filling up the DagBag from /home/joha/airflow/dags/3.dependencias.py
[2023-08-02T11:17:30.800-0500] {processor.py:836} INFO - DAG(s) dict_keys(['dependencies']) retrieved from /home/joha/airflow/dags/3.dependencias.py
[2023-08-02T11:17:30.817-0500] {logging_mixin.py:150} INFO - [2023-08-02T11:17:30.817-0500] {dag.py:2742} INFO - Sync 1 DAGs
[2023-08-02T11:17:30.835-0500] {logging_mixin.py:150} INFO - [2023-08-02T11:17:30.835-0500] {dag.py:3504} INFO - Setting next_dagrun for dependencies to 2022-08-01T00:00:00+00:00, run_after=2022-08-01T00:00:00+00:00
[2023-08-02T11:17:30.856-0500] {processor.py:179} INFO - Processing /home/joha/airflow/dags/3.dependencias.py took 0.076 seconds
[2023-08-02T11:18:13.673-0500] {processor.py:157} INFO - Started process (PID=106696) to work on /home/joha/airflow/dags/3.dependencias.py
[2023-08-02T11:18:13.686-0500] {processor.py:826} INFO - Processing file /home/joha/airflow/dags/3.dependencias.py for tasks to queue
[2023-08-02T11:18:13.699-0500] {logging_mixin.py:150} INFO - [2023-08-02T11:18:13.688-0500] {dagbag.py:541} INFO - Filling up the DagBag from /home/joha/airflow/dags/3.dependencias.py
[2023-08-02T11:18:13.721-0500] {processor.py:836} INFO - DAG(s) dict_keys(['dependencies']) retrieved from /home/joha/airflow/dags/3.dependencias.py
[2023-08-02T11:18:13.753-0500] {logging_mixin.py:150} INFO - [2023-08-02T11:18:13.753-0500] {dag.py:2742} INFO - Sync 1 DAGs
[2023-08-02T11:18:13.775-0500] {logging_mixin.py:150} INFO - [2023-08-02T11:18:13.774-0500] {dag.py:3504} INFO - Setting next_dagrun for dependencies to 2022-08-01T00:00:00+00:00, run_after=2022-08-01T00:00:00+00:00
[2023-08-02T11:18:13.797-0500] {processor.py:179} INFO - Processing /home/joha/airflow/dags/3.dependencias.py took 0.141 seconds
[2023-08-02T11:18:59.678-0500] {processor.py:157} INFO - Started process (PID=106798) to work on /home/joha/airflow/dags/3.dependencias.py
[2023-08-02T11:18:59.686-0500] {processor.py:826} INFO - Processing file /home/joha/airflow/dags/3.dependencias.py for tasks to queue
[2023-08-02T11:18:59.687-0500] {logging_mixin.py:150} INFO - [2023-08-02T11:18:59.687-0500] {dagbag.py:541} INFO - Filling up the DagBag from /home/joha/airflow/dags/3.dependencias.py
[2023-08-02T11:18:59.695-0500] {processor.py:836} INFO - DAG(s) dict_keys(['dependencies']) retrieved from /home/joha/airflow/dags/3.dependencias.py
[2023-08-02T11:18:59.714-0500] {logging_mixin.py:150} INFO - [2023-08-02T11:18:59.714-0500] {dag.py:2742} INFO - Sync 1 DAGs
[2023-08-02T11:18:59.733-0500] {logging_mixin.py:150} INFO - [2023-08-02T11:18:59.733-0500] {dag.py:3504} INFO - Setting next_dagrun for dependencies to 2022-08-01T00:00:00+00:00, run_after=2022-08-01T00:00:00+00:00
[2023-08-02T11:18:59.753-0500] {processor.py:179} INFO - Processing /home/joha/airflow/dags/3.dependencias.py took 0.079 seconds
[2023-08-02T11:19:48.958-0500] {processor.py:157} INFO - Started process (PID=106912) to work on /home/joha/airflow/dags/3.dependencias.py
[2023-08-02T11:19:48.968-0500] {processor.py:826} INFO - Processing file /home/joha/airflow/dags/3.dependencias.py for tasks to queue
[2023-08-02T11:19:48.972-0500] {logging_mixin.py:150} INFO - [2023-08-02T11:19:48.971-0500] {dagbag.py:541} INFO - Filling up the DagBag from /home/joha/airflow/dags/3.dependencias.py
[2023-08-02T11:19:49.001-0500] {processor.py:836} INFO - DAG(s) dict_keys(['dependencies']) retrieved from /home/joha/airflow/dags/3.dependencias.py
[2023-08-02T11:19:49.034-0500] {logging_mixin.py:150} INFO - [2023-08-02T11:19:49.033-0500] {dag.py:2742} INFO - Sync 1 DAGs
[2023-08-02T11:19:49.053-0500] {logging_mixin.py:150} INFO - [2023-08-02T11:19:49.053-0500] {dag.py:3504} INFO - Setting next_dagrun for dependencies to 2022-08-01T00:00:00+00:00, run_after=2022-08-01T00:00:00+00:00
[2023-08-02T11:19:49.073-0500] {processor.py:179} INFO - Processing /home/joha/airflow/dags/3.dependencias.py took 0.126 seconds
[2023-08-02T11:20:36.787-0500] {processor.py:157} INFO - Started process (PID=107039) to work on /home/joha/airflow/dags/3.dependencias.py
[2023-08-02T11:20:36.793-0500] {processor.py:826} INFO - Processing file /home/joha/airflow/dags/3.dependencias.py for tasks to queue
[2023-08-02T11:20:36.794-0500] {logging_mixin.py:150} INFO - [2023-08-02T11:20:36.794-0500] {dagbag.py:541} INFO - Filling up the DagBag from /home/joha/airflow/dags/3.dependencias.py
[2023-08-02T11:20:36.806-0500] {processor.py:836} INFO - DAG(s) dict_keys(['dependencies']) retrieved from /home/joha/airflow/dags/3.dependencias.py
[2023-08-02T11:20:36.833-0500] {logging_mixin.py:150} INFO - [2023-08-02T11:20:36.833-0500] {dag.py:2742} INFO - Sync 1 DAGs
[2023-08-02T11:20:36.861-0500] {logging_mixin.py:150} INFO - [2023-08-02T11:20:36.861-0500] {dag.py:3504} INFO - Setting next_dagrun for dependencies to 2022-08-01T00:00:00+00:00, run_after=2022-08-01T00:00:00+00:00
[2023-08-02T11:20:36.897-0500] {processor.py:179} INFO - Processing /home/joha/airflow/dags/3.dependencias.py took 0.114 seconds
[2023-08-02T11:21:07.884-0500] {processor.py:157} INFO - Started process (PID=107106) to work on /home/joha/airflow/dags/3.dependencias.py
[2023-08-02T11:21:07.892-0500] {processor.py:826} INFO - Processing file /home/joha/airflow/dags/3.dependencias.py for tasks to queue
[2023-08-02T11:21:07.893-0500] {logging_mixin.py:150} INFO - [2023-08-02T11:21:07.893-0500] {dagbag.py:541} INFO - Filling up the DagBag from /home/joha/airflow/dags/3.dependencias.py
[2023-08-02T11:21:07.904-0500] {processor.py:836} INFO - DAG(s) dict_keys(['dependencies']) retrieved from /home/joha/airflow/dags/3.dependencias.py
[2023-08-02T11:21:07.930-0500] {logging_mixin.py:150} INFO - [2023-08-02T11:21:07.930-0500] {dag.py:2742} INFO - Sync 1 DAGs
[2023-08-02T11:21:07.960-0500] {logging_mixin.py:150} INFO - [2023-08-02T11:21:07.960-0500] {dag.py:3504} INFO - Setting next_dagrun for dependencies to 2022-08-01T00:00:00+00:00, run_after=2022-08-01T00:00:00+00:00
[2023-08-02T11:21:07.989-0500] {processor.py:179} INFO - Processing /home/joha/airflow/dags/3.dependencias.py took 0.109 seconds
[2023-08-02T11:21:39.855-0500] {processor.py:157} INFO - Started process (PID=107212) to work on /home/joha/airflow/dags/3.dependencias.py
[2023-08-02T11:21:39.865-0500] {processor.py:826} INFO - Processing file /home/joha/airflow/dags/3.dependencias.py for tasks to queue
[2023-08-02T11:21:39.866-0500] {logging_mixin.py:150} INFO - [2023-08-02T11:21:39.866-0500] {dagbag.py:541} INFO - Filling up the DagBag from /home/joha/airflow/dags/3.dependencias.py
[2023-08-02T11:21:39.876-0500] {processor.py:836} INFO - DAG(s) dict_keys(['dependencies']) retrieved from /home/joha/airflow/dags/3.dependencias.py
[2023-08-02T11:21:39.903-0500] {logging_mixin.py:150} INFO - [2023-08-02T11:21:39.903-0500] {dag.py:2742} INFO - Sync 1 DAGs
[2023-08-02T11:21:39.934-0500] {logging_mixin.py:150} INFO - [2023-08-02T11:21:39.933-0500] {dag.py:3504} INFO - Setting next_dagrun for dependencies to 2022-08-01T00:00:00+00:00, run_after=2022-08-01T00:00:00+00:00
[2023-08-02T11:21:39.969-0500] {processor.py:179} INFO - Processing /home/joha/airflow/dags/3.dependencias.py took 0.131 seconds
[2023-08-02T11:22:43.191-0500] {processor.py:157} INFO - Started process (PID=107574) to work on /home/joha/airflow/dags/3.dependencias.py
[2023-08-02T11:22:43.198-0500] {processor.py:826} INFO - Processing file /home/joha/airflow/dags/3.dependencias.py for tasks to queue
[2023-08-02T11:22:43.200-0500] {logging_mixin.py:150} INFO - [2023-08-02T11:22:43.199-0500] {dagbag.py:541} INFO - Filling up the DagBag from /home/joha/airflow/dags/3.dependencias.py
[2023-08-02T11:22:43.210-0500] {processor.py:836} INFO - DAG(s) dict_keys(['dependencies']) retrieved from /home/joha/airflow/dags/3.dependencias.py
[2023-08-02T11:22:43.235-0500] {logging_mixin.py:150} INFO - [2023-08-02T11:22:43.234-0500] {dag.py:2742} INFO - Sync 1 DAGs
[2023-08-02T11:22:43.261-0500] {logging_mixin.py:150} INFO - [2023-08-02T11:22:43.261-0500] {dag.py:3504} INFO - Setting next_dagrun for dependencies to 2022-08-01T00:00:00+00:00, run_after=2022-08-01T00:00:00+00:00
[2023-08-02T11:22:43.424-0500] {processor.py:179} INFO - Processing /home/joha/airflow/dags/3.dependencias.py took 0.237 seconds
[2023-08-02T11:23:22.843-0500] {processor.py:157} INFO - Started process (PID=108057) to work on /home/joha/airflow/dags/3.dependencias.py
[2023-08-02T11:23:22.859-0500] {processor.py:826} INFO - Processing file /home/joha/airflow/dags/3.dependencias.py for tasks to queue
[2023-08-02T11:23:22.861-0500] {logging_mixin.py:150} INFO - [2023-08-02T11:23:22.860-0500] {dagbag.py:541} INFO - Filling up the DagBag from /home/joha/airflow/dags/3.dependencias.py
[2023-08-02T11:23:22.909-0500] {processor.py:836} INFO - DAG(s) dict_keys(['dependencies']) retrieved from /home/joha/airflow/dags/3.dependencias.py
[2023-08-02T11:23:23.027-0500] {logging_mixin.py:150} INFO - [2023-08-02T11:23:23.027-0500] {dag.py:2742} INFO - Sync 1 DAGs
[2023-08-02T11:23:23.206-0500] {logging_mixin.py:150} INFO - [2023-08-02T11:23:23.180-0500] {dag.py:3504} INFO - Setting next_dagrun for dependencies to 2022-08-01T00:00:00+00:00, run_after=2022-08-01T00:00:00+00:00
[2023-08-02T11:23:23.295-0500] {processor.py:179} INFO - Processing /home/joha/airflow/dags/3.dependencias.py took 0.482 seconds
[2023-08-02T11:24:01.964-0500] {processor.py:157} INFO - Started process (PID=108186) to work on /home/joha/airflow/dags/3.dependencias.py
[2023-08-02T11:24:01.972-0500] {processor.py:826} INFO - Processing file /home/joha/airflow/dags/3.dependencias.py for tasks to queue
[2023-08-02T11:24:01.974-0500] {logging_mixin.py:150} INFO - [2023-08-02T11:24:01.973-0500] {dagbag.py:541} INFO - Filling up the DagBag from /home/joha/airflow/dags/3.dependencias.py
[2023-08-02T11:24:01.987-0500] {processor.py:836} INFO - DAG(s) dict_keys(['dependencies']) retrieved from /home/joha/airflow/dags/3.dependencias.py
[2023-08-02T11:24:02.016-0500] {logging_mixin.py:150} INFO - [2023-08-02T11:24:02.015-0500] {dag.py:2742} INFO - Sync 1 DAGs
[2023-08-02T11:24:02.039-0500] {logging_mixin.py:150} INFO - [2023-08-02T11:24:02.039-0500] {dag.py:3504} INFO - Setting next_dagrun for dependencies to 2022-08-01T00:00:00+00:00, run_after=2022-08-01T00:00:00+00:00
[2023-08-02T11:24:02.062-0500] {processor.py:179} INFO - Processing /home/joha/airflow/dags/3.dependencias.py took 0.105 seconds
[2023-08-02T11:24:53.934-0500] {processor.py:157} INFO - Started process (PID=108322) to work on /home/joha/airflow/dags/3.dependencias.py
[2023-08-02T11:24:53.944-0500] {processor.py:826} INFO - Processing file /home/joha/airflow/dags/3.dependencias.py for tasks to queue
[2023-08-02T11:24:53.947-0500] {logging_mixin.py:150} INFO - [2023-08-02T11:24:53.946-0500] {dagbag.py:541} INFO - Filling up the DagBag from /home/joha/airflow/dags/3.dependencias.py
[2023-08-02T11:24:53.971-0500] {processor.py:836} INFO - DAG(s) dict_keys(['dependencies']) retrieved from /home/joha/airflow/dags/3.dependencias.py
[2023-08-02T11:24:54.018-0500] {logging_mixin.py:150} INFO - [2023-08-02T11:24:54.018-0500] {dag.py:2742} INFO - Sync 1 DAGs
[2023-08-02T11:24:54.040-0500] {logging_mixin.py:150} INFO - [2023-08-02T11:24:54.039-0500] {dag.py:3504} INFO - Setting next_dagrun for dependencies to 2022-08-01T00:00:00+00:00, run_after=2022-08-01T00:00:00+00:00
[2023-08-02T11:24:54.169-0500] {processor.py:179} INFO - Processing /home/joha/airflow/dags/3.dependencias.py took 0.246 seconds
[2023-08-02T11:25:34.229-0500] {processor.py:157} INFO - Started process (PID=108405) to work on /home/joha/airflow/dags/3.dependencias.py
[2023-08-02T11:25:34.240-0500] {processor.py:826} INFO - Processing file /home/joha/airflow/dags/3.dependencias.py for tasks to queue
[2023-08-02T11:25:34.243-0500] {logging_mixin.py:150} INFO - [2023-08-02T11:25:34.242-0500] {dagbag.py:541} INFO - Filling up the DagBag from /home/joha/airflow/dags/3.dependencias.py
[2023-08-02T11:25:34.267-0500] {processor.py:836} INFO - DAG(s) dict_keys(['dependencies']) retrieved from /home/joha/airflow/dags/3.dependencias.py
[2023-08-02T11:25:34.312-0500] {logging_mixin.py:150} INFO - [2023-08-02T11:25:34.311-0500] {dag.py:2742} INFO - Sync 1 DAGs
[2023-08-02T11:25:34.334-0500] {logging_mixin.py:150} INFO - [2023-08-02T11:25:34.334-0500] {dag.py:3504} INFO - Setting next_dagrun for dependencies to 2022-08-01T00:00:00+00:00, run_after=2022-08-01T00:00:00+00:00
[2023-08-02T11:25:34.354-0500] {processor.py:179} INFO - Processing /home/joha/airflow/dags/3.dependencias.py took 0.136 seconds
[2023-08-02T11:26:54.544-0500] {processor.py:157} INFO - Started process (PID=108568) to work on /home/joha/airflow/dags/3.dependencias.py
[2023-08-02T11:26:54.551-0500] {processor.py:826} INFO - Processing file /home/joha/airflow/dags/3.dependencias.py for tasks to queue
[2023-08-02T11:26:54.552-0500] {logging_mixin.py:150} INFO - [2023-08-02T11:26:54.552-0500] {dagbag.py:541} INFO - Filling up the DagBag from /home/joha/airflow/dags/3.dependencias.py
[2023-08-02T11:26:54.561-0500] {processor.py:836} INFO - DAG(s) dict_keys(['dependencies']) retrieved from /home/joha/airflow/dags/3.dependencias.py
[2023-08-02T11:26:54.582-0500] {logging_mixin.py:150} INFO - [2023-08-02T11:26:54.582-0500] {dag.py:2742} INFO - Sync 1 DAGs
[2023-08-02T11:26:54.603-0500] {logging_mixin.py:150} INFO - [2023-08-02T11:26:54.603-0500] {dag.py:3504} INFO - Setting next_dagrun for dependencies to 2022-08-01T00:00:00+00:00, run_after=2022-08-01T00:00:00+00:00
[2023-08-02T11:26:54.628-0500] {processor.py:179} INFO - Processing /home/joha/airflow/dags/3.dependencias.py took 0.087 seconds
