[2023-08-02T18:16:04.946-0500] {processor.py:157} INFO - Started process (PID=20179) to work on /home/joha/airflow/dags/5.orquestation.py
[2023-08-02T18:16:04.947-0500] {processor.py:826} INFO - Processing file /home/joha/airflow/dags/5.orquestation.py for tasks to queue
[2023-08-02T18:16:04.948-0500] {logging_mixin.py:150} INFO - [2023-08-02T18:16:04.948-0500] {dagbag.py:541} INFO - Filling up the DagBag from /home/joha/airflow/dags/5.orquestation.py
[2023-08-02T18:16:04.967-0500] {logging_mixin.py:150} INFO - [2023-08-02T18:16:04.957-0500] {dagbag.py:350} ERROR - Failed to import: /home/joha/airflow/dags/5.orquestation.py
Traceback (most recent call last):
  File "/home/joha/anaconda3/lib/python3.10/site-packages/airflow/models/dagbag.py", line 346, in parse
    loader.exec_module(new_module)
  File "<frozen importlib._bootstrap_external>", line 883, in exec_module
  File "<frozen importlib._bootstrap>", line 241, in _call_with_frames_removed
  File "/home/joha/airflow/dags/5.orquestation.py", line 12, in <module>
    t1 = BaseOperator(task_id="tarea1",
  File "/home/joha/anaconda3/lib/python3.10/site-packages/airflow/models/baseoperator.py", line 429, in apply_defaults
    result = func(self, **kwargs, default_args=default_args)
  File "/home/joha/anaconda3/lib/python3.10/site-packages/airflow/models/baseoperator.py", line 788, in __init__
    raise AirflowException(
airflow.exceptions.AirflowException: Invalid arguments were passed to BaseOperator (task_id: tarea1). Invalid arguments were:
**kwargs: {'bash_command': "sleep 2 && echo'Tarea1'"}
[2023-08-02T18:16:04.968-0500] {processor.py:838} WARNING - No viable dags retrieved from /home/joha/airflow/dags/5.orquestation.py
[2023-08-02T18:16:05.023-0500] {processor.py:179} INFO - Processing /home/joha/airflow/dags/5.orquestation.py took 0.081 seconds
[2023-08-02T18:16:42.939-0500] {processor.py:157} INFO - Started process (PID=20219) to work on /home/joha/airflow/dags/5.orquestation.py
[2023-08-02T18:16:42.947-0500] {processor.py:826} INFO - Processing file /home/joha/airflow/dags/5.orquestation.py for tasks to queue
[2023-08-02T18:16:42.948-0500] {logging_mixin.py:150} INFO - [2023-08-02T18:16:42.947-0500] {dagbag.py:541} INFO - Filling up the DagBag from /home/joha/airflow/dags/5.orquestation.py
[2023-08-02T18:16:42.957-0500] {logging_mixin.py:150} INFO - [2023-08-02T18:16:42.955-0500] {dagbag.py:350} ERROR - Failed to import: /home/joha/airflow/dags/5.orquestation.py
Traceback (most recent call last):
  File "/home/joha/anaconda3/lib/python3.10/site-packages/airflow/models/dagbag.py", line 346, in parse
    loader.exec_module(new_module)
  File "<frozen importlib._bootstrap_external>", line 883, in exec_module
  File "<frozen importlib._bootstrap>", line 241, in _call_with_frames_removed
  File "/home/joha/airflow/dags/5.orquestation.py", line 12, in <module>
    t1 = BaseOperator(task_id="tarea1",
  File "/home/joha/anaconda3/lib/python3.10/site-packages/airflow/models/baseoperator.py", line 429, in apply_defaults
    result = func(self, **kwargs, default_args=default_args)
  File "/home/joha/anaconda3/lib/python3.10/site-packages/airflow/models/baseoperator.py", line 788, in __init__
    raise AirflowException(
airflow.exceptions.AirflowException: Invalid arguments were passed to BaseOperator (task_id: tarea1). Invalid arguments were:
**kwargs: {'bash_command': "sleep 2 && echo'Tarea1'"}
[2023-08-02T18:16:42.957-0500] {processor.py:838} WARNING - No viable dags retrieved from /home/joha/airflow/dags/5.orquestation.py
[2023-08-02T18:16:42.976-0500] {processor.py:179} INFO - Processing /home/joha/airflow/dags/5.orquestation.py took 0.040 seconds
[2023-08-02T18:17:35.405-0500] {processor.py:157} INFO - Started process (PID=20283) to work on /home/joha/airflow/dags/5.orquestation.py
[2023-08-02T18:17:35.413-0500] {processor.py:826} INFO - Processing file /home/joha/airflow/dags/5.orquestation.py for tasks to queue
[2023-08-02T18:17:35.414-0500] {logging_mixin.py:150} INFO - [2023-08-02T18:17:35.414-0500] {dagbag.py:541} INFO - Filling up the DagBag from /home/joha/airflow/dags/5.orquestation.py
[2023-08-02T18:17:35.426-0500] {logging_mixin.py:150} INFO - [2023-08-02T18:17:35.424-0500] {dagbag.py:350} ERROR - Failed to import: /home/joha/airflow/dags/5.orquestation.py
Traceback (most recent call last):
  File "/home/joha/anaconda3/lib/python3.10/site-packages/airflow/models/dagbag.py", line 346, in parse
    loader.exec_module(new_module)
  File "<frozen importlib._bootstrap_external>", line 883, in exec_module
  File "<frozen importlib._bootstrap>", line 241, in _call_with_frames_removed
  File "/home/joha/airflow/dags/5.orquestation.py", line 12, in <module>
    t1 = BaseOperator(task_id="tarea1",
  File "/home/joha/anaconda3/lib/python3.10/site-packages/airflow/models/baseoperator.py", line 429, in apply_defaults
    result = func(self, **kwargs, default_args=default_args)
  File "/home/joha/anaconda3/lib/python3.10/site-packages/airflow/models/baseoperator.py", line 788, in __init__
    raise AirflowException(
airflow.exceptions.AirflowException: Invalid arguments were passed to BaseOperator (task_id: tarea1). Invalid arguments were:
**kwargs: {'bash_command': "sleep 2 && echo'Tarea1'"}
[2023-08-02T18:17:35.427-0500] {processor.py:838} WARNING - No viable dags retrieved from /home/joha/airflow/dags/5.orquestation.py
[2023-08-02T18:17:35.446-0500] {processor.py:179} INFO - Processing /home/joha/airflow/dags/5.orquestation.py took 0.045 seconds
[2023-08-02T18:18:30.943-0500] {processor.py:157} INFO - Started process (PID=20354) to work on /home/joha/airflow/dags/5.orquestation.py
[2023-08-02T18:18:30.951-0500] {processor.py:826} INFO - Processing file /home/joha/airflow/dags/5.orquestation.py for tasks to queue
[2023-08-02T18:18:30.952-0500] {logging_mixin.py:150} INFO - [2023-08-02T18:18:30.952-0500] {dagbag.py:541} INFO - Filling up the DagBag from /home/joha/airflow/dags/5.orquestation.py
[2023-08-02T18:18:30.964-0500] {logging_mixin.py:150} INFO - [2023-08-02T18:18:30.962-0500] {dagbag.py:350} ERROR - Failed to import: /home/joha/airflow/dags/5.orquestation.py
Traceback (most recent call last):
  File "/home/joha/anaconda3/lib/python3.10/site-packages/airflow/models/dagbag.py", line 346, in parse
    loader.exec_module(new_module)
  File "<frozen importlib._bootstrap_external>", line 883, in exec_module
  File "<frozen importlib._bootstrap>", line 241, in _call_with_frames_removed
  File "/home/joha/airflow/dags/5.orquestation.py", line 12, in <module>
    t1 = BaseOperator(task_id="tarea1",
  File "/home/joha/anaconda3/lib/python3.10/site-packages/airflow/models/baseoperator.py", line 429, in apply_defaults
    result = func(self, **kwargs, default_args=default_args)
  File "/home/joha/anaconda3/lib/python3.10/site-packages/airflow/models/baseoperator.py", line 788, in __init__
    raise AirflowException(
airflow.exceptions.AirflowException: Invalid arguments were passed to BaseOperator (task_id: tarea1). Invalid arguments were:
**kwargs: {'bash_command': "sleep 2 && echo'Tarea1'"}
[2023-08-02T18:18:30.964-0500] {processor.py:838} WARNING - No viable dags retrieved from /home/joha/airflow/dags/5.orquestation.py
[2023-08-02T18:18:30.982-0500] {processor.py:179} INFO - Processing /home/joha/airflow/dags/5.orquestation.py took 0.043 seconds
[2023-08-02T18:19:34.471-0500] {processor.py:157} INFO - Started process (PID=20461) to work on /home/joha/airflow/dags/5.orquestation.py
[2023-08-02T18:19:34.476-0500] {processor.py:826} INFO - Processing file /home/joha/airflow/dags/5.orquestation.py for tasks to queue
[2023-08-02T18:19:34.478-0500] {logging_mixin.py:150} INFO - [2023-08-02T18:19:34.477-0500] {dagbag.py:541} INFO - Filling up the DagBag from /home/joha/airflow/dags/5.orquestation.py
[2023-08-02T18:19:34.497-0500] {logging_mixin.py:150} INFO - [2023-08-02T18:19:34.495-0500] {dagbag.py:350} ERROR - Failed to import: /home/joha/airflow/dags/5.orquestation.py
Traceback (most recent call last):
  File "/home/joha/anaconda3/lib/python3.10/site-packages/airflow/models/dagbag.py", line 346, in parse
    loader.exec_module(new_module)
  File "<frozen importlib._bootstrap_external>", line 883, in exec_module
  File "<frozen importlib._bootstrap>", line 241, in _call_with_frames_removed
  File "/home/joha/airflow/dags/5.orquestation.py", line 12, in <module>
    t1 = BaseOperator(task_id="tarea1",
  File "/home/joha/anaconda3/lib/python3.10/site-packages/airflow/models/baseoperator.py", line 429, in apply_defaults
    result = func(self, **kwargs, default_args=default_args)
  File "/home/joha/anaconda3/lib/python3.10/site-packages/airflow/models/baseoperator.py", line 788, in __init__
    raise AirflowException(
airflow.exceptions.AirflowException: Invalid arguments were passed to BaseOperator (task_id: tarea1). Invalid arguments were:
**kwargs: {'bash_command': "sleep 2 && echo'Tarea1'"}
[2023-08-02T18:19:34.497-0500] {processor.py:838} WARNING - No viable dags retrieved from /home/joha/airflow/dags/5.orquestation.py
[2023-08-02T18:19:34.701-0500] {processor.py:179} INFO - Processing /home/joha/airflow/dags/5.orquestation.py took 0.238 seconds
[2023-08-02T18:20:12.491-0500] {processor.py:157} INFO - Started process (PID=20500) to work on /home/joha/airflow/dags/5.orquestation.py
[2023-08-02T18:20:12.499-0500] {processor.py:826} INFO - Processing file /home/joha/airflow/dags/5.orquestation.py for tasks to queue
[2023-08-02T18:20:12.500-0500] {logging_mixin.py:150} INFO - [2023-08-02T18:20:12.500-0500] {dagbag.py:541} INFO - Filling up the DagBag from /home/joha/airflow/dags/5.orquestation.py
[2023-08-02T18:20:12.510-0500] {logging_mixin.py:150} INFO - [2023-08-02T18:20:12.509-0500] {dagbag.py:350} ERROR - Failed to import: /home/joha/airflow/dags/5.orquestation.py
Traceback (most recent call last):
  File "/home/joha/anaconda3/lib/python3.10/site-packages/airflow/models/dagbag.py", line 346, in parse
    loader.exec_module(new_module)
  File "<frozen importlib._bootstrap_external>", line 883, in exec_module
  File "<frozen importlib._bootstrap>", line 241, in _call_with_frames_removed
  File "/home/joha/airflow/dags/5.orquestation.py", line 12, in <module>
    t1 = BaseOperator(task_id="tarea1",
  File "/home/joha/anaconda3/lib/python3.10/site-packages/airflow/models/baseoperator.py", line 429, in apply_defaults
    result = func(self, **kwargs, default_args=default_args)
  File "/home/joha/anaconda3/lib/python3.10/site-packages/airflow/models/baseoperator.py", line 788, in __init__
    raise AirflowException(
airflow.exceptions.AirflowException: Invalid arguments were passed to BaseOperator (task_id: tarea1). Invalid arguments were:
**kwargs: {'bash_command': "sleep 2 && echo'Tarea1'"}
[2023-08-02T18:20:12.511-0500] {processor.py:838} WARNING - No viable dags retrieved from /home/joha/airflow/dags/5.orquestation.py
[2023-08-02T18:20:12.529-0500] {processor.py:179} INFO - Processing /home/joha/airflow/dags/5.orquestation.py took 0.042 seconds
[2023-08-02T18:20:43.685-0500] {processor.py:157} INFO - Started process (PID=20560) to work on /home/joha/airflow/dags/5.orquestation.py
[2023-08-02T18:20:43.694-0500] {processor.py:826} INFO - Processing file /home/joha/airflow/dags/5.orquestation.py for tasks to queue
[2023-08-02T18:20:43.697-0500] {logging_mixin.py:150} INFO - [2023-08-02T18:20:43.696-0500] {dagbag.py:541} INFO - Filling up the DagBag from /home/joha/airflow/dags/5.orquestation.py
[2023-08-02T18:20:43.717-0500] {logging_mixin.py:150} INFO - [2023-08-02T18:20:43.714-0500] {dagbag.py:350} ERROR - Failed to import: /home/joha/airflow/dags/5.orquestation.py
Traceback (most recent call last):
  File "/home/joha/anaconda3/lib/python3.10/site-packages/airflow/models/dagbag.py", line 346, in parse
    loader.exec_module(new_module)
  File "<frozen importlib._bootstrap_external>", line 883, in exec_module
  File "<frozen importlib._bootstrap>", line 241, in _call_with_frames_removed
  File "/home/joha/airflow/dags/5.orquestation.py", line 12, in <module>
    t1 = BaseOperator(task_id="tarea1",
  File "/home/joha/anaconda3/lib/python3.10/site-packages/airflow/models/baseoperator.py", line 429, in apply_defaults
    result = func(self, **kwargs, default_args=default_args)
  File "/home/joha/anaconda3/lib/python3.10/site-packages/airflow/models/baseoperator.py", line 788, in __init__
    raise AirflowException(
airflow.exceptions.AirflowException: Invalid arguments were passed to BaseOperator (task_id: tarea1). Invalid arguments were:
**kwargs: {'bash_command': "sleep 2 && echo'Tarea1'"}
[2023-08-02T18:20:43.717-0500] {processor.py:838} WARNING - No viable dags retrieved from /home/joha/airflow/dags/5.orquestation.py
[2023-08-02T18:20:43.735-0500] {processor.py:179} INFO - Processing /home/joha/airflow/dags/5.orquestation.py took 0.054 seconds
[2023-08-02T18:21:11.422-0500] {processor.py:157} INFO - Started process (PID=20612) to work on /home/joha/airflow/dags/5.orquestation.py
[2023-08-02T18:21:11.432-0500] {processor.py:826} INFO - Processing file /home/joha/airflow/dags/5.orquestation.py for tasks to queue
[2023-08-02T18:21:11.435-0500] {logging_mixin.py:150} INFO - [2023-08-02T18:21:11.434-0500] {dagbag.py:541} INFO - Filling up the DagBag from /home/joha/airflow/dags/5.orquestation.py
[2023-08-02T18:21:11.464-0500] {logging_mixin.py:150} INFO - [2023-08-02T18:21:11.459-0500] {dagbag.py:350} ERROR - Failed to import: /home/joha/airflow/dags/5.orquestation.py
Traceback (most recent call last):
  File "/home/joha/anaconda3/lib/python3.10/site-packages/airflow/models/dagbag.py", line 346, in parse
    loader.exec_module(new_module)
  File "<frozen importlib._bootstrap_external>", line 883, in exec_module
  File "<frozen importlib._bootstrap>", line 241, in _call_with_frames_removed
  File "/home/joha/airflow/dags/5.orquestation.py", line 12, in <module>
    t1 = BashOperator(task_id="tarea1",
NameError: name 'BashOperator' is not defined. Did you mean: 'BaseOperator'?
[2023-08-02T18:21:11.466-0500] {processor.py:838} WARNING - No viable dags retrieved from /home/joha/airflow/dags/5.orquestation.py
[2023-08-02T18:21:11.489-0500] {processor.py:179} INFO - Processing /home/joha/airflow/dags/5.orquestation.py took 0.079 seconds
[2023-08-02T18:21:42.174-0500] {processor.py:157} INFO - Started process (PID=20655) to work on /home/joha/airflow/dags/5.orquestation.py
[2023-08-02T18:21:42.182-0500] {processor.py:826} INFO - Processing file /home/joha/airflow/dags/5.orquestation.py for tasks to queue
[2023-08-02T18:21:42.183-0500] {logging_mixin.py:150} INFO - [2023-08-02T18:21:42.183-0500] {dagbag.py:541} INFO - Filling up the DagBag from /home/joha/airflow/dags/5.orquestation.py
[2023-08-02T18:21:42.195-0500] {logging_mixin.py:150} INFO - [2023-08-02T18:21:42.193-0500] {dagbag.py:350} ERROR - Failed to import: /home/joha/airflow/dags/5.orquestation.py
Traceback (most recent call last):
  File "/home/joha/anaconda3/lib/python3.10/site-packages/airflow/models/dagbag.py", line 346, in parse
    loader.exec_module(new_module)
  File "<frozen importlib._bootstrap_external>", line 883, in exec_module
  File "<frozen importlib._bootstrap>", line 241, in _call_with_frames_removed
  File "/home/joha/airflow/dags/5.orquestation.py", line 12, in <module>
    t1 = BashOperator(task_id="tarea1",
NameError: name 'BashOperator' is not defined. Did you mean: 'BaseOperator'?
[2023-08-02T18:21:42.196-0500] {processor.py:838} WARNING - No viable dags retrieved from /home/joha/airflow/dags/5.orquestation.py
[2023-08-02T18:21:42.215-0500] {processor.py:179} INFO - Processing /home/joha/airflow/dags/5.orquestation.py took 0.045 seconds
[2023-08-02T18:22:13.404-0500] {processor.py:157} INFO - Started process (PID=20733) to work on /home/joha/airflow/dags/5.orquestation.py
[2023-08-02T18:22:13.411-0500] {processor.py:826} INFO - Processing file /home/joha/airflow/dags/5.orquestation.py for tasks to queue
[2023-08-02T18:22:13.412-0500] {logging_mixin.py:150} INFO - [2023-08-02T18:22:13.412-0500] {dagbag.py:541} INFO - Filling up the DagBag from /home/joha/airflow/dags/5.orquestation.py
[2023-08-02T18:22:13.420-0500] {logging_mixin.py:150} INFO - [2023-08-02T18:22:13.419-0500] {dagbag.py:350} ERROR - Failed to import: /home/joha/airflow/dags/5.orquestation.py
Traceback (most recent call last):
  File "/home/joha/anaconda3/lib/python3.10/site-packages/airflow/models/dagbag.py", line 346, in parse
    loader.exec_module(new_module)
  File "<frozen importlib._bootstrap_external>", line 883, in exec_module
  File "<frozen importlib._bootstrap>", line 241, in _call_with_frames_removed
  File "/home/joha/airflow/dags/5.orquestation.py", line 12, in <module>
    t1 = BashOperator(task_id="tarea1",
NameError: name 'BashOperator' is not defined. Did you mean: 'BaseOperator'?
[2023-08-02T18:22:13.421-0500] {processor.py:838} WARNING - No viable dags retrieved from /home/joha/airflow/dags/5.orquestation.py
[2023-08-02T18:22:13.439-0500] {processor.py:179} INFO - Processing /home/joha/airflow/dags/5.orquestation.py took 0.039 seconds
[2023-08-02T18:23:08.338-0500] {processor.py:157} INFO - Started process (PID=20857) to work on /home/joha/airflow/dags/5.orquestation.py
[2023-08-02T18:23:08.346-0500] {processor.py:826} INFO - Processing file /home/joha/airflow/dags/5.orquestation.py for tasks to queue
[2023-08-02T18:23:08.347-0500] {logging_mixin.py:150} INFO - [2023-08-02T18:23:08.347-0500] {dagbag.py:541} INFO - Filling up the DagBag from /home/joha/airflow/dags/5.orquestation.py
[2023-08-02T18:23:08.361-0500] {logging_mixin.py:150} INFO - [2023-08-02T18:23:08.359-0500] {dagbag.py:350} ERROR - Failed to import: /home/joha/airflow/dags/5.orquestation.py
Traceback (most recent call last):
  File "/home/joha/anaconda3/lib/python3.10/site-packages/airflow/models/dagbag.py", line 346, in parse
    loader.exec_module(new_module)
  File "<frozen importlib._bootstrap_external>", line 883, in exec_module
  File "<frozen importlib._bootstrap>", line 241, in _call_with_frames_removed
  File "/home/joha/airflow/dags/5.orquestation.py", line 12, in <module>
    t1 = BashOperator(task_id="tarea1",
NameError: name 'BashOperator' is not defined. Did you mean: 'BaseOperator'?
[2023-08-02T18:23:08.363-0500] {processor.py:838} WARNING - No viable dags retrieved from /home/joha/airflow/dags/5.orquestation.py
[2023-08-02T18:23:08.385-0500] {processor.py:179} INFO - Processing /home/joha/airflow/dags/5.orquestation.py took 0.052 seconds
[2023-08-02T18:24:09.052-0500] {processor.py:157} INFO - Started process (PID=20980) to work on /home/joha/airflow/dags/5.orquestation.py
[2023-08-02T18:24:09.059-0500] {processor.py:826} INFO - Processing file /home/joha/airflow/dags/5.orquestation.py for tasks to queue
[2023-08-02T18:24:09.060-0500] {logging_mixin.py:150} INFO - [2023-08-02T18:24:09.060-0500] {dagbag.py:541} INFO - Filling up the DagBag from /home/joha/airflow/dags/5.orquestation.py
[2023-08-02T18:24:09.184-0500] {logging_mixin.py:150} INFO - [2023-08-02T18:24:09.183-0500] {dagbag.py:350} ERROR - Failed to import: /home/joha/airflow/dags/5.orquestation.py
Traceback (most recent call last):
  File "/home/joha/anaconda3/lib/python3.10/site-packages/airflow/models/dagbag.py", line 346, in parse
    loader.exec_module(new_module)
  File "<frozen importlib._bootstrap_external>", line 883, in exec_module
  File "<frozen importlib._bootstrap>", line 241, in _call_with_frames_removed
  File "/home/joha/airflow/dags/5.orquestation.py", line 12, in <module>
    t1 = BashOperator(task_id="tarea1",
NameError: name 'BashOperator' is not defined. Did you mean: 'BaseOperator'?
[2023-08-02T18:24:09.185-0500] {processor.py:838} WARNING - No viable dags retrieved from /home/joha/airflow/dags/5.orquestation.py
[2023-08-02T18:24:09.199-0500] {processor.py:179} INFO - Processing /home/joha/airflow/dags/5.orquestation.py took 0.150 seconds
[2023-08-02T18:24:38.891-0500] {processor.py:157} INFO - Started process (PID=21051) to work on /home/joha/airflow/dags/5.orquestation.py
[2023-08-02T18:24:38.901-0500] {processor.py:826} INFO - Processing file /home/joha/airflow/dags/5.orquestation.py for tasks to queue
[2023-08-02T18:24:38.905-0500] {logging_mixin.py:150} INFO - [2023-08-02T18:24:38.903-0500] {dagbag.py:541} INFO - Filling up the DagBag from /home/joha/airflow/dags/5.orquestation.py
[2023-08-02T18:24:38.956-0500] {processor.py:836} INFO - DAG(s) dict_keys(['orquestation']) retrieved from /home/joha/airflow/dags/5.orquestation.py
[2023-08-02T18:24:39.103-0500] {logging_mixin.py:150} INFO - [2023-08-02T18:24:39.102-0500] {manager.py:504} INFO - Created Permission View: can edit on DAG:orquestation
[2023-08-02T18:24:39.118-0500] {logging_mixin.py:150} INFO - [2023-08-02T18:24:39.117-0500] {manager.py:504} INFO - Created Permission View: can read on DAG:orquestation
[2023-08-02T18:24:39.131-0500] {logging_mixin.py:150} INFO - [2023-08-02T18:24:39.130-0500] {manager.py:504} INFO - Created Permission View: can delete on DAG:orquestation
[2023-08-02T18:24:39.146-0500] {logging_mixin.py:150} INFO - [2023-08-02T18:24:39.146-0500] {dag.py:2742} INFO - Sync 1 DAGs
[2023-08-02T18:24:39.161-0500] {logging_mixin.py:150} INFO - [2023-08-02T18:24:39.161-0500] {dag.py:2763} INFO - Creating ORM DAG for orquestation
[2023-08-02T18:24:39.175-0500] {logging_mixin.py:150} INFO - [2023-08-02T18:24:39.175-0500] {dag.py:3504} INFO - Setting next_dagrun for orquestation to 2022-05-01T00:00:00+00:00, run_after=2022-05-02T00:00:00+00:00
[2023-08-02T18:24:39.205-0500] {processor.py:179} INFO - Processing /home/joha/airflow/dags/5.orquestation.py took 0.326 seconds
[2023-08-02T18:26:14.553-0500] {processor.py:157} INFO - Started process (PID=21216) to work on /home/joha/airflow/dags/5.orquestation.py
[2023-08-02T18:26:14.559-0500] {processor.py:826} INFO - Processing file /home/joha/airflow/dags/5.orquestation.py for tasks to queue
[2023-08-02T18:26:14.560-0500] {logging_mixin.py:150} INFO - [2023-08-02T18:26:14.560-0500] {dagbag.py:541} INFO - Filling up the DagBag from /home/joha/airflow/dags/5.orquestation.py
[2023-08-02T18:26:14.569-0500] {processor.py:836} INFO - DAG(s) dict_keys(['orquestation']) retrieved from /home/joha/airflow/dags/5.orquestation.py
[2023-08-02T18:26:14.586-0500] {logging_mixin.py:150} INFO - [2023-08-02T18:26:14.585-0500] {dag.py:2742} INFO - Sync 1 DAGs
[2023-08-02T18:26:14.606-0500] {logging_mixin.py:150} INFO - [2023-08-02T18:26:14.605-0500] {dag.py:3504} INFO - Setting next_dagrun for orquestation to 2022-05-09T00:00:00+00:00, run_after=2022-05-10T00:00:00+00:00
[2023-08-02T18:26:14.625-0500] {processor.py:179} INFO - Processing /home/joha/airflow/dags/5.orquestation.py took 0.075 seconds
[2023-08-02T18:28:18.674-0500] {processor.py:157} INFO - Started process (PID=21510) to work on /home/joha/airflow/dags/5.orquestation.py
[2023-08-02T18:28:18.682-0500] {processor.py:826} INFO - Processing file /home/joha/airflow/dags/5.orquestation.py for tasks to queue
[2023-08-02T18:28:18.684-0500] {logging_mixin.py:150} INFO - [2023-08-02T18:28:18.683-0500] {dagbag.py:541} INFO - Filling up the DagBag from /home/joha/airflow/dags/5.orquestation.py
[2023-08-02T18:28:18.694-0500] {processor.py:836} INFO - DAG(s) dict_keys(['orquestation']) retrieved from /home/joha/airflow/dags/5.orquestation.py
[2023-08-02T18:28:18.791-0500] {logging_mixin.py:150} INFO - [2023-08-02T18:28:18.791-0500] {dag.py:2742} INFO - Sync 1 DAGs
[2023-08-02T18:28:18.811-0500] {logging_mixin.py:150} INFO - [2023-08-02T18:28:18.811-0500] {dag.py:3504} INFO - Setting next_dagrun for orquestation to 2023-08-01T00:00:00+00:00, run_after=2023-08-02T00:00:00+00:00
[2023-08-02T18:28:18.832-0500] {processor.py:179} INFO - Processing /home/joha/airflow/dags/5.orquestation.py took 0.162 seconds
[2023-08-02T18:28:54.125-0500] {processor.py:157} INFO - Started process (PID=21557) to work on /home/joha/airflow/dags/5.orquestation.py
[2023-08-02T18:28:54.133-0500] {processor.py:826} INFO - Processing file /home/joha/airflow/dags/5.orquestation.py for tasks to queue
[2023-08-02T18:28:54.134-0500] {logging_mixin.py:150} INFO - [2023-08-02T18:28:54.134-0500] {dagbag.py:541} INFO - Filling up the DagBag from /home/joha/airflow/dags/5.orquestation.py
[2023-08-02T18:28:54.145-0500] {processor.py:836} INFO - DAG(s) dict_keys(['orquestation']) retrieved from /home/joha/airflow/dags/5.orquestation.py
[2023-08-02T18:28:54.164-0500] {logging_mixin.py:150} INFO - [2023-08-02T18:28:54.164-0500] {dag.py:2742} INFO - Sync 1 DAGs
[2023-08-02T18:28:54.191-0500] {logging_mixin.py:150} INFO - [2023-08-02T18:28:54.191-0500] {dag.py:3504} INFO - Setting next_dagrun for orquestation to 2023-08-01T00:00:00+00:00, run_after=2023-08-02T00:00:00+00:00
[2023-08-02T18:28:54.215-0500] {processor.py:179} INFO - Processing /home/joha/airflow/dags/5.orquestation.py took 0.093 seconds
[2023-08-02T18:29:44.154-0500] {processor.py:157} INFO - Started process (PID=21615) to work on /home/joha/airflow/dags/5.orquestation.py
[2023-08-02T18:29:44.162-0500] {processor.py:826} INFO - Processing file /home/joha/airflow/dags/5.orquestation.py for tasks to queue
[2023-08-02T18:29:44.164-0500] {logging_mixin.py:150} INFO - [2023-08-02T18:29:44.163-0500] {dagbag.py:541} INFO - Filling up the DagBag from /home/joha/airflow/dags/5.orquestation.py
[2023-08-02T18:29:44.179-0500] {processor.py:836} INFO - DAG(s) dict_keys(['orquestation']) retrieved from /home/joha/airflow/dags/5.orquestation.py
[2023-08-02T18:29:44.197-0500] {logging_mixin.py:150} INFO - [2023-08-02T18:29:44.197-0500] {dag.py:2742} INFO - Sync 1 DAGs
[2023-08-02T18:29:44.217-0500] {logging_mixin.py:150} INFO - [2023-08-02T18:29:44.217-0500] {dag.py:3504} INFO - Setting next_dagrun for orquestation to 2023-08-01T00:00:00+00:00, run_after=2023-08-02T00:00:00+00:00
[2023-08-02T18:29:44.237-0500] {processor.py:179} INFO - Processing /home/joha/airflow/dags/5.orquestation.py took 0.088 seconds
[2023-08-02T18:30:34.817-0500] {processor.py:157} INFO - Started process (PID=21680) to work on /home/joha/airflow/dags/5.orquestation.py
[2023-08-02T18:30:34.824-0500] {processor.py:826} INFO - Processing file /home/joha/airflow/dags/5.orquestation.py for tasks to queue
[2023-08-02T18:30:34.826-0500] {logging_mixin.py:150} INFO - [2023-08-02T18:30:34.825-0500] {dagbag.py:541} INFO - Filling up the DagBag from /home/joha/airflow/dags/5.orquestation.py
[2023-08-02T18:30:34.838-0500] {processor.py:836} INFO - DAG(s) dict_keys(['orquestation']) retrieved from /home/joha/airflow/dags/5.orquestation.py
[2023-08-02T18:30:34.862-0500] {logging_mixin.py:150} INFO - [2023-08-02T18:30:34.862-0500] {dag.py:2742} INFO - Sync 1 DAGs
[2023-08-02T18:30:34.891-0500] {logging_mixin.py:150} INFO - [2023-08-02T18:30:34.891-0500] {dag.py:3504} INFO - Setting next_dagrun for orquestation to 2023-08-01T00:00:00+00:00, run_after=2023-08-02T00:00:00+00:00
[2023-08-02T18:30:34.917-0500] {processor.py:179} INFO - Processing /home/joha/airflow/dags/5.orquestation.py took 0.103 seconds
[2023-08-02T18:31:29.066-0500] {processor.py:157} INFO - Started process (PID=21847) to work on /home/joha/airflow/dags/5.orquestation.py
[2023-08-02T18:31:29.074-0500] {processor.py:826} INFO - Processing file /home/joha/airflow/dags/5.orquestation.py for tasks to queue
[2023-08-02T18:31:29.075-0500] {logging_mixin.py:150} INFO - [2023-08-02T18:31:29.075-0500] {dagbag.py:541} INFO - Filling up the DagBag from /home/joha/airflow/dags/5.orquestation.py
[2023-08-02T18:31:29.087-0500] {processor.py:836} INFO - DAG(s) dict_keys(['orquestation']) retrieved from /home/joha/airflow/dags/5.orquestation.py
[2023-08-02T18:31:29.106-0500] {logging_mixin.py:150} INFO - [2023-08-02T18:31:29.106-0500] {dag.py:2742} INFO - Sync 1 DAGs
[2023-08-02T18:31:29.126-0500] {logging_mixin.py:150} INFO - [2023-08-02T18:31:29.125-0500] {dag.py:3504} INFO - Setting next_dagrun for orquestation to 2023-08-01T00:00:00+00:00, run_after=2023-08-02T00:00:00+00:00
[2023-08-02T18:31:29.146-0500] {processor.py:179} INFO - Processing /home/joha/airflow/dags/5.orquestation.py took 0.084 seconds
[2023-08-02T18:32:22.566-0500] {processor.py:157} INFO - Started process (PID=21963) to work on /home/joha/airflow/dags/5.orquestation.py
[2023-08-02T18:32:22.574-0500] {processor.py:826} INFO - Processing file /home/joha/airflow/dags/5.orquestation.py for tasks to queue
[2023-08-02T18:32:22.575-0500] {logging_mixin.py:150} INFO - [2023-08-02T18:32:22.575-0500] {dagbag.py:541} INFO - Filling up the DagBag from /home/joha/airflow/dags/5.orquestation.py
[2023-08-02T18:32:22.586-0500] {processor.py:836} INFO - DAG(s) dict_keys(['orquestation']) retrieved from /home/joha/airflow/dags/5.orquestation.py
[2023-08-02T18:32:22.605-0500] {logging_mixin.py:150} INFO - [2023-08-02T18:32:22.605-0500] {dag.py:2742} INFO - Sync 1 DAGs
[2023-08-02T18:32:22.628-0500] {logging_mixin.py:150} INFO - [2023-08-02T18:32:22.628-0500] {dag.py:3504} INFO - Setting next_dagrun for orquestation to 2023-08-01T00:00:00+00:00, run_after=2023-08-02T00:00:00+00:00
[2023-08-02T18:32:22.657-0500] {processor.py:179} INFO - Processing /home/joha/airflow/dags/5.orquestation.py took 0.096 seconds
[2023-08-02T18:33:18.858-0500] {processor.py:157} INFO - Started process (PID=22052) to work on /home/joha/airflow/dags/5.orquestation.py
[2023-08-02T18:33:18.866-0500] {processor.py:826} INFO - Processing file /home/joha/airflow/dags/5.orquestation.py for tasks to queue
[2023-08-02T18:33:18.867-0500] {logging_mixin.py:150} INFO - [2023-08-02T18:33:18.866-0500] {dagbag.py:541} INFO - Filling up the DagBag from /home/joha/airflow/dags/5.orquestation.py
[2023-08-02T18:33:18.879-0500] {processor.py:836} INFO - DAG(s) dict_keys(['orquestation']) retrieved from /home/joha/airflow/dags/5.orquestation.py
[2023-08-02T18:33:18.902-0500] {logging_mixin.py:150} INFO - [2023-08-02T18:33:18.902-0500] {dag.py:2742} INFO - Sync 1 DAGs
[2023-08-02T18:33:18.928-0500] {logging_mixin.py:150} INFO - [2023-08-02T18:33:18.927-0500] {dag.py:3504} INFO - Setting next_dagrun for orquestation to 2023-08-01T00:00:00+00:00, run_after=2023-08-02T00:00:00+00:00
[2023-08-02T18:33:18.952-0500] {processor.py:179} INFO - Processing /home/joha/airflow/dags/5.orquestation.py took 0.098 seconds
[2023-08-02T18:34:11.507-0500] {processor.py:157} INFO - Started process (PID=22150) to work on /home/joha/airflow/dags/5.orquestation.py
[2023-08-02T18:34:11.521-0500] {processor.py:826} INFO - Processing file /home/joha/airflow/dags/5.orquestation.py for tasks to queue
[2023-08-02T18:34:11.522-0500] {logging_mixin.py:150} INFO - [2023-08-02T18:34:11.522-0500] {dagbag.py:541} INFO - Filling up the DagBag from /home/joha/airflow/dags/5.orquestation.py
[2023-08-02T18:34:11.535-0500] {processor.py:836} INFO - DAG(s) dict_keys(['orquestation']) retrieved from /home/joha/airflow/dags/5.orquestation.py
[2023-08-02T18:34:11.558-0500] {logging_mixin.py:150} INFO - [2023-08-02T18:34:11.558-0500] {dag.py:2742} INFO - Sync 1 DAGs
[2023-08-02T18:34:11.586-0500] {logging_mixin.py:150} INFO - [2023-08-02T18:34:11.586-0500] {dag.py:3504} INFO - Setting next_dagrun for orquestation to 2023-08-01T00:00:00+00:00, run_after=2023-08-02T00:00:00+00:00
[2023-08-02T18:34:11.615-0500] {processor.py:179} INFO - Processing /home/joha/airflow/dags/5.orquestation.py took 0.112 seconds
[2023-08-02T18:34:57.254-0500] {processor.py:157} INFO - Started process (PID=22217) to work on /home/joha/airflow/dags/5.orquestation.py
[2023-08-02T18:34:57.262-0500] {processor.py:826} INFO - Processing file /home/joha/airflow/dags/5.orquestation.py for tasks to queue
[2023-08-02T18:34:57.265-0500] {logging_mixin.py:150} INFO - [2023-08-02T18:34:57.264-0500] {dagbag.py:541} INFO - Filling up the DagBag from /home/joha/airflow/dags/5.orquestation.py
[2023-08-02T18:34:57.288-0500] {processor.py:836} INFO - DAG(s) dict_keys(['orquestation']) retrieved from /home/joha/airflow/dags/5.orquestation.py
[2023-08-02T18:34:57.312-0500] {logging_mixin.py:150} INFO - [2023-08-02T18:34:57.312-0500] {dag.py:2742} INFO - Sync 1 DAGs
[2023-08-02T18:34:57.334-0500] {logging_mixin.py:150} INFO - [2023-08-02T18:34:57.333-0500] {dag.py:3504} INFO - Setting next_dagrun for orquestation to 2023-08-02T00:00:00+00:00, run_after=2023-08-03T00:00:00+00:00
[2023-08-02T18:34:57.354-0500] {processor.py:179} INFO - Processing /home/joha/airflow/dags/5.orquestation.py took 0.112 seconds
[2023-08-02T18:35:35.527-0500] {processor.py:157} INFO - Started process (PID=22289) to work on /home/joha/airflow/dags/5.orquestation.py
[2023-08-02T18:35:35.528-0500] {processor.py:826} INFO - Processing file /home/joha/airflow/dags/5.orquestation.py for tasks to queue
[2023-08-02T18:35:35.529-0500] {logging_mixin.py:150} INFO - [2023-08-02T18:35:35.529-0500] {dagbag.py:541} INFO - Filling up the DagBag from /home/joha/airflow/dags/5.orquestation.py
[2023-08-02T18:35:35.542-0500] {processor.py:836} INFO - DAG(s) dict_keys(['orquestation']) retrieved from /home/joha/airflow/dags/5.orquestation.py
[2023-08-02T18:35:35.560-0500] {logging_mixin.py:150} INFO - [2023-08-02T18:35:35.560-0500] {dag.py:2742} INFO - Sync 1 DAGs
[2023-08-02T18:35:35.580-0500] {logging_mixin.py:150} INFO - [2023-08-02T18:35:35.580-0500] {dag.py:3504} INFO - Setting next_dagrun for orquestation to 2023-08-02T00:00:00+00:00, run_after=2023-08-03T00:00:00+00:00
[2023-08-02T18:35:35.601-0500] {processor.py:179} INFO - Processing /home/joha/airflow/dags/5.orquestation.py took 0.079 seconds
[2023-08-02T18:36:01.510-0500] {processor.py:157} INFO - Started process (PID=22343) to work on /home/joha/airflow/dags/5.orquestation.py
[2023-08-02T18:36:01.523-0500] {processor.py:826} INFO - Processing file /home/joha/airflow/dags/5.orquestation.py for tasks to queue
[2023-08-02T18:36:01.526-0500] {logging_mixin.py:150} INFO - [2023-08-02T18:36:01.525-0500] {dagbag.py:541} INFO - Filling up the DagBag from /home/joha/airflow/dags/5.orquestation.py
[2023-08-02T18:36:01.540-0500] {logging_mixin.py:150} INFO - [2023-08-02T18:36:01.534-0500] {dagbag.py:350} ERROR - Failed to import: /home/joha/airflow/dags/5.orquestation.py
Traceback (most recent call last):
  File "/home/joha/anaconda3/lib/python3.10/site-packages/airflow/models/dagbag.py", line 346, in parse
    loader.exec_module(new_module)
  File "<frozen importlib._bootstrap_external>", line 879, in exec_module
  File "<frozen importlib._bootstrap_external>", line 1017, in get_code
  File "<frozen importlib._bootstrap_external>", line 947, in source_to_code
  File "<frozen importlib._bootstrap>", line 241, in _call_with_frames_removed
  File "/home/joha/airflow/dags/5.orquestation.py", line 16
    t2 = BashOperator(task_id="tarea2",
                                       ^
IndentationError: unindent does not match any outer indentation level
[2023-08-02T18:36:01.542-0500] {processor.py:838} WARNING - No viable dags retrieved from /home/joha/airflow/dags/5.orquestation.py
[2023-08-02T18:36:01.579-0500] {processor.py:179} INFO - Processing /home/joha/airflow/dags/5.orquestation.py took 0.081 seconds
[2023-08-02T18:36:50.513-0500] {processor.py:157} INFO - Started process (PID=22434) to work on /home/joha/airflow/dags/5.orquestation.py
[2023-08-02T18:36:50.522-0500] {processor.py:826} INFO - Processing file /home/joha/airflow/dags/5.orquestation.py for tasks to queue
[2023-08-02T18:36:50.524-0500] {logging_mixin.py:150} INFO - [2023-08-02T18:36:50.523-0500] {dagbag.py:541} INFO - Filling up the DagBag from /home/joha/airflow/dags/5.orquestation.py
[2023-08-02T18:36:50.549-0500] {processor.py:836} INFO - DAG(s) dict_keys(['orquestation']) retrieved from /home/joha/airflow/dags/5.orquestation.py
[2023-08-02T18:36:50.647-0500] {logging_mixin.py:150} INFO - [2023-08-02T18:36:50.647-0500] {dag.py:2742} INFO - Sync 1 DAGs
[2023-08-02T18:36:50.665-0500] {logging_mixin.py:150} INFO - [2023-08-02T18:36:50.665-0500] {dag.py:3504} INFO - Setting next_dagrun for orquestation to 2023-08-02T00:00:00+00:00, run_after=2023-08-03T00:00:00+00:00
[2023-08-02T18:36:50.692-0500] {processor.py:179} INFO - Processing /home/joha/airflow/dags/5.orquestation.py took 0.184 seconds
[2023-08-02T18:37:40.835-0500] {processor.py:157} INFO - Started process (PID=22500) to work on /home/joha/airflow/dags/5.orquestation.py
[2023-08-02T18:37:40.843-0500] {processor.py:826} INFO - Processing file /home/joha/airflow/dags/5.orquestation.py for tasks to queue
[2023-08-02T18:37:40.845-0500] {logging_mixin.py:150} INFO - [2023-08-02T18:37:40.844-0500] {dagbag.py:541} INFO - Filling up the DagBag from /home/joha/airflow/dags/5.orquestation.py
[2023-08-02T18:37:40.859-0500] {processor.py:836} INFO - DAG(s) dict_keys(['orquestation']) retrieved from /home/joha/airflow/dags/5.orquestation.py
[2023-08-02T18:37:40.882-0500] {logging_mixin.py:150} INFO - [2023-08-02T18:37:40.882-0500] {dag.py:2742} INFO - Sync 1 DAGs
[2023-08-02T18:37:40.910-0500] {logging_mixin.py:150} INFO - [2023-08-02T18:37:40.909-0500] {dag.py:3504} INFO - Setting next_dagrun for orquestation to 2023-08-02T00:00:00+00:00, run_after=2023-08-03T00:00:00+00:00
[2023-08-02T18:37:40.935-0500] {processor.py:179} INFO - Processing /home/joha/airflow/dags/5.orquestation.py took 0.108 seconds
[2023-08-02T18:38:34.213-0500] {processor.py:157} INFO - Started process (PID=22570) to work on /home/joha/airflow/dags/5.orquestation.py
[2023-08-02T18:38:34.221-0500] {processor.py:826} INFO - Processing file /home/joha/airflow/dags/5.orquestation.py for tasks to queue
[2023-08-02T18:38:34.222-0500] {logging_mixin.py:150} INFO - [2023-08-02T18:38:34.222-0500] {dagbag.py:541} INFO - Filling up the DagBag from /home/joha/airflow/dags/5.orquestation.py
[2023-08-02T18:38:34.236-0500] {processor.py:836} INFO - DAG(s) dict_keys(['orquestation']) retrieved from /home/joha/airflow/dags/5.orquestation.py
[2023-08-02T18:38:34.259-0500] {logging_mixin.py:150} INFO - [2023-08-02T18:38:34.258-0500] {dag.py:2742} INFO - Sync 1 DAGs
[2023-08-02T18:38:34.285-0500] {logging_mixin.py:150} INFO - [2023-08-02T18:38:34.285-0500] {dag.py:3504} INFO - Setting next_dagrun for orquestation to 2023-08-01T00:00:00+00:00, run_after=2023-08-02T00:00:00+00:00
[2023-08-02T18:38:34.314-0500] {processor.py:179} INFO - Processing /home/joha/airflow/dags/5.orquestation.py took 0.107 seconds
[2023-08-02T18:39:26.213-0500] {processor.py:157} INFO - Started process (PID=22629) to work on /home/joha/airflow/dags/5.orquestation.py
[2023-08-02T18:39:26.220-0500] {processor.py:826} INFO - Processing file /home/joha/airflow/dags/5.orquestation.py for tasks to queue
[2023-08-02T18:39:26.221-0500] {logging_mixin.py:150} INFO - [2023-08-02T18:39:26.221-0500] {dagbag.py:541} INFO - Filling up the DagBag from /home/joha/airflow/dags/5.orquestation.py
[2023-08-02T18:39:26.239-0500] {processor.py:836} INFO - DAG(s) dict_keys(['orquestation']) retrieved from /home/joha/airflow/dags/5.orquestation.py
[2023-08-02T18:39:26.268-0500] {logging_mixin.py:150} INFO - [2023-08-02T18:39:26.268-0500] {dag.py:2742} INFO - Sync 1 DAGs
[2023-08-02T18:39:26.303-0500] {logging_mixin.py:150} INFO - [2023-08-02T18:39:26.302-0500] {dag.py:3504} INFO - Setting next_dagrun for orquestation to 2023-08-01T00:00:00+00:00, run_after=2023-08-02T00:00:00+00:00
[2023-08-02T18:39:26.329-0500] {processor.py:179} INFO - Processing /home/joha/airflow/dags/5.orquestation.py took 0.121 seconds
[2023-08-02T18:40:15.224-0500] {processor.py:157} INFO - Started process (PID=22688) to work on /home/joha/airflow/dags/5.orquestation.py
[2023-08-02T18:40:15.232-0500] {processor.py:826} INFO - Processing file /home/joha/airflow/dags/5.orquestation.py for tasks to queue
[2023-08-02T18:40:15.233-0500] {logging_mixin.py:150} INFO - [2023-08-02T18:40:15.232-0500] {dagbag.py:541} INFO - Filling up the DagBag from /home/joha/airflow/dags/5.orquestation.py
[2023-08-02T18:40:15.244-0500] {processor.py:836} INFO - DAG(s) dict_keys(['orquestation']) retrieved from /home/joha/airflow/dags/5.orquestation.py
[2023-08-02T18:40:15.265-0500] {logging_mixin.py:150} INFO - [2023-08-02T18:40:15.265-0500] {dag.py:2742} INFO - Sync 1 DAGs
[2023-08-02T18:40:15.316-0500] {processor.py:179} INFO - Processing /home/joha/airflow/dags/5.orquestation.py took 0.095 seconds
[2023-08-02T18:42:31.215-0500] {processor.py:157} INFO - Started process (PID=22973) to work on /home/joha/airflow/dags/5.orquestation.py
[2023-08-02T18:42:31.222-0500] {processor.py:826} INFO - Processing file /home/joha/airflow/dags/5.orquestation.py for tasks to queue
[2023-08-02T18:42:31.223-0500] {logging_mixin.py:150} INFO - [2023-08-02T18:42:31.223-0500] {dagbag.py:541} INFO - Filling up the DagBag from /home/joha/airflow/dags/5.orquestation.py
[2023-08-02T18:42:31.232-0500] {processor.py:836} INFO - DAG(s) dict_keys(['orquestation']) retrieved from /home/joha/airflow/dags/5.orquestation.py
[2023-08-02T18:42:31.259-0500] {logging_mixin.py:150} INFO - [2023-08-02T18:42:31.258-0500] {dag.py:2742} INFO - Sync 1 DAGs
[2023-08-02T18:42:31.299-0500] {processor.py:179} INFO - Processing /home/joha/airflow/dags/5.orquestation.py took 0.087 seconds
[2023-08-02T18:43:54.954-0500] {processor.py:157} INFO - Started process (PID=23214) to work on /home/joha/airflow/dags/5.orquestation.py
[2023-08-02T18:43:54.960-0500] {processor.py:826} INFO - Processing file /home/joha/airflow/dags/5.orquestation.py for tasks to queue
[2023-08-02T18:43:54.961-0500] {logging_mixin.py:150} INFO - [2023-08-02T18:43:54.961-0500] {dagbag.py:541} INFO - Filling up the DagBag from /home/joha/airflow/dags/5.orquestation.py
[2023-08-02T18:43:54.968-0500] {processor.py:836} INFO - DAG(s) dict_keys(['orquestation']) retrieved from /home/joha/airflow/dags/5.orquestation.py
[2023-08-02T18:43:54.993-0500] {logging_mixin.py:150} INFO - [2023-08-02T18:43:54.992-0500] {dag.py:2742} INFO - Sync 1 DAGs
[2023-08-02T18:43:55.025-0500] {processor.py:179} INFO - Processing /home/joha/airflow/dags/5.orquestation.py took 0.074 seconds
[2023-08-02T18:45:18.992-0500] {processor.py:157} INFO - Started process (PID=23462) to work on /home/joha/airflow/dags/5.orquestation.py
[2023-08-02T18:45:18.999-0500] {processor.py:826} INFO - Processing file /home/joha/airflow/dags/5.orquestation.py for tasks to queue
[2023-08-02T18:45:18.999-0500] {logging_mixin.py:150} INFO - [2023-08-02T18:45:18.999-0500] {dagbag.py:541} INFO - Filling up the DagBag from /home/joha/airflow/dags/5.orquestation.py
[2023-08-02T18:45:19.006-0500] {processor.py:836} INFO - DAG(s) dict_keys(['orquestation']) retrieved from /home/joha/airflow/dags/5.orquestation.py
[2023-08-02T18:45:19.029-0500] {logging_mixin.py:150} INFO - [2023-08-02T18:45:19.029-0500] {dag.py:2742} INFO - Sync 1 DAGs
[2023-08-02T18:45:19.065-0500] {processor.py:179} INFO - Processing /home/joha/airflow/dags/5.orquestation.py took 0.076 seconds
[2023-08-02T18:46:41.275-0500] {processor.py:157} INFO - Started process (PID=23660) to work on /home/joha/airflow/dags/5.orquestation.py
[2023-08-02T18:46:41.283-0500] {processor.py:826} INFO - Processing file /home/joha/airflow/dags/5.orquestation.py for tasks to queue
[2023-08-02T18:46:41.285-0500] {logging_mixin.py:150} INFO - [2023-08-02T18:46:41.284-0500] {dagbag.py:541} INFO - Filling up the DagBag from /home/joha/airflow/dags/5.orquestation.py
[2023-08-02T18:46:41.296-0500] {processor.py:836} INFO - DAG(s) dict_keys(['orquestation']) retrieved from /home/joha/airflow/dags/5.orquestation.py
[2023-08-02T18:46:41.321-0500] {logging_mixin.py:150} INFO - [2023-08-02T18:46:41.320-0500] {dag.py:2742} INFO - Sync 1 DAGs
[2023-08-02T18:46:41.353-0500] {processor.py:179} INFO - Processing /home/joha/airflow/dags/5.orquestation.py took 0.081 seconds
[2023-08-02T18:48:20.133-0500] {processor.py:157} INFO - Started process (PID=23847) to work on /home/joha/airflow/dags/5.orquestation.py
[2023-08-02T18:48:20.142-0500] {processor.py:826} INFO - Processing file /home/joha/airflow/dags/5.orquestation.py for tasks to queue
[2023-08-02T18:48:20.145-0500] {logging_mixin.py:150} INFO - [2023-08-02T18:48:20.144-0500] {dagbag.py:541} INFO - Filling up the DagBag from /home/joha/airflow/dags/5.orquestation.py
[2023-08-02T18:48:20.163-0500] {processor.py:836} INFO - DAG(s) dict_keys(['orquestation']) retrieved from /home/joha/airflow/dags/5.orquestation.py
[2023-08-02T18:48:20.206-0500] {logging_mixin.py:150} INFO - [2023-08-02T18:48:20.206-0500] {dag.py:2742} INFO - Sync 1 DAGs
[2023-08-02T18:48:20.233-0500] {logging_mixin.py:150} INFO - [2023-08-02T18:48:20.232-0500] {dag.py:3504} INFO - Setting next_dagrun for orquestation to 2023-08-01T00:00:00+00:00, run_after=2023-08-02T00:00:00+00:00
[2023-08-02T18:48:20.258-0500] {processor.py:179} INFO - Processing /home/joha/airflow/dags/5.orquestation.py took 0.134 seconds
[2023-08-02T18:49:35.240-0500] {processor.py:157} INFO - Started process (PID=23990) to work on /home/joha/airflow/dags/5.orquestation.py
[2023-08-02T18:49:35.247-0500] {processor.py:826} INFO - Processing file /home/joha/airflow/dags/5.orquestation.py for tasks to queue
[2023-08-02T18:49:35.248-0500] {logging_mixin.py:150} INFO - [2023-08-02T18:49:35.247-0500] {dagbag.py:541} INFO - Filling up the DagBag from /home/joha/airflow/dags/5.orquestation.py
[2023-08-02T18:49:35.256-0500] {processor.py:836} INFO - DAG(s) dict_keys(['orquestation']) retrieved from /home/joha/airflow/dags/5.orquestation.py
[2023-08-02T18:49:35.283-0500] {logging_mixin.py:150} INFO - [2023-08-02T18:49:35.283-0500] {dag.py:2742} INFO - Sync 1 DAGs
[2023-08-02T18:49:35.303-0500] {logging_mixin.py:150} INFO - [2023-08-02T18:49:35.302-0500] {dag.py:3504} INFO - Setting next_dagrun for orquestation to 2023-08-02T00:00:00+00:00, run_after=2023-08-03T00:00:00+00:00
[2023-08-02T18:49:35.328-0500] {processor.py:179} INFO - Processing /home/joha/airflow/dags/5.orquestation.py took 0.091 seconds
[2023-08-02T18:50:35.187-0500] {processor.py:157} INFO - Started process (PID=24071) to work on /home/joha/airflow/dags/5.orquestation.py
[2023-08-02T18:50:35.196-0500] {processor.py:826} INFO - Processing file /home/joha/airflow/dags/5.orquestation.py for tasks to queue
[2023-08-02T18:50:35.197-0500] {logging_mixin.py:150} INFO - [2023-08-02T18:50:35.197-0500] {dagbag.py:541} INFO - Filling up the DagBag from /home/joha/airflow/dags/5.orquestation.py
[2023-08-02T18:50:35.205-0500] {processor.py:836} INFO - DAG(s) dict_keys(['orquestation']) retrieved from /home/joha/airflow/dags/5.orquestation.py
[2023-08-02T18:50:35.226-0500] {logging_mixin.py:150} INFO - [2023-08-02T18:50:35.226-0500] {dag.py:2742} INFO - Sync 1 DAGs
[2023-08-02T18:50:35.248-0500] {logging_mixin.py:150} INFO - [2023-08-02T18:50:35.247-0500] {dag.py:3504} INFO - Setting next_dagrun for orquestation to 2023-08-02T00:00:00+00:00, run_after=2023-08-03T00:00:00+00:00
[2023-08-02T18:50:35.271-0500] {processor.py:179} INFO - Processing /home/joha/airflow/dags/5.orquestation.py took 0.088 seconds
[2023-08-02T18:51:27.099-0500] {processor.py:157} INFO - Started process (PID=24149) to work on /home/joha/airflow/dags/5.orquestation.py
[2023-08-02T18:51:27.107-0500] {processor.py:826} INFO - Processing file /home/joha/airflow/dags/5.orquestation.py for tasks to queue
[2023-08-02T18:51:27.107-0500] {logging_mixin.py:150} INFO - [2023-08-02T18:51:27.107-0500] {dagbag.py:541} INFO - Filling up the DagBag from /home/joha/airflow/dags/5.orquestation.py
[2023-08-02T18:51:27.114-0500] {processor.py:836} INFO - DAG(s) dict_keys(['orquestation']) retrieved from /home/joha/airflow/dags/5.orquestation.py
[2023-08-02T18:51:27.132-0500] {logging_mixin.py:150} INFO - [2023-08-02T18:51:27.132-0500] {dag.py:2742} INFO - Sync 1 DAGs
[2023-08-02T18:51:27.150-0500] {logging_mixin.py:150} INFO - [2023-08-02T18:51:27.150-0500] {dag.py:3504} INFO - Setting next_dagrun for orquestation to 2023-08-02T00:00:00+00:00, run_after=2023-08-03T00:00:00+00:00
[2023-08-02T18:51:27.173-0500] {processor.py:179} INFO - Processing /home/joha/airflow/dags/5.orquestation.py took 0.077 seconds
[2023-08-02T18:53:25.113-0500] {processor.py:157} INFO - Started process (PID=24421) to work on /home/joha/airflow/dags/5.orquestation.py
[2023-08-02T18:53:25.120-0500] {processor.py:826} INFO - Processing file /home/joha/airflow/dags/5.orquestation.py for tasks to queue
[2023-08-02T18:53:25.121-0500] {logging_mixin.py:150} INFO - [2023-08-02T18:53:25.121-0500] {dagbag.py:541} INFO - Filling up the DagBag from /home/joha/airflow/dags/5.orquestation.py
[2023-08-02T18:53:25.132-0500] {processor.py:836} INFO - DAG(s) dict_keys(['orquestation']) retrieved from /home/joha/airflow/dags/5.orquestation.py
[2023-08-02T18:53:25.278-0500] {logging_mixin.py:150} INFO - [2023-08-02T18:53:25.277-0500] {dag.py:2742} INFO - Sync 1 DAGs
[2023-08-02T18:53:25.320-0500] {processor.py:179} INFO - Processing /home/joha/airflow/dags/5.orquestation.py took 0.210 seconds
[2023-08-02T18:55:02.773-0500] {processor.py:157} INFO - Started process (PID=24576) to work on /home/joha/airflow/dags/5.orquestation.py
[2023-08-02T18:55:02.782-0500] {processor.py:826} INFO - Processing file /home/joha/airflow/dags/5.orquestation.py for tasks to queue
[2023-08-02T18:55:02.784-0500] {logging_mixin.py:150} INFO - [2023-08-02T18:55:02.783-0500] {dagbag.py:541} INFO - Filling up the DagBag from /home/joha/airflow/dags/5.orquestation.py
[2023-08-02T18:55:02.801-0500] {processor.py:836} INFO - DAG(s) dict_keys(['orquestation']) retrieved from /home/joha/airflow/dags/5.orquestation.py
[2023-08-02T18:55:02.835-0500] {logging_mixin.py:150} INFO - [2023-08-02T18:55:02.835-0500] {dag.py:2742} INFO - Sync 1 DAGs
[2023-08-02T18:55:02.856-0500] {logging_mixin.py:150} INFO - [2023-08-02T18:55:02.855-0500] {dag.py:3504} INFO - Setting next_dagrun for orquestation to 2023-08-02T00:00:00+00:00, run_after=2023-08-03T00:00:00+00:00
[2023-08-02T18:55:02.889-0500] {processor.py:179} INFO - Processing /home/joha/airflow/dags/5.orquestation.py took 0.123 seconds
[2023-08-02T18:55:37.968-0500] {processor.py:157} INFO - Started process (PID=24614) to work on /home/joha/airflow/dags/5.orquestation.py
[2023-08-02T18:55:37.976-0500] {processor.py:826} INFO - Processing file /home/joha/airflow/dags/5.orquestation.py for tasks to queue
[2023-08-02T18:55:37.978-0500] {logging_mixin.py:150} INFO - [2023-08-02T18:55:37.977-0500] {dagbag.py:541} INFO - Filling up the DagBag from /home/joha/airflow/dags/5.orquestation.py
[2023-08-02T18:55:37.988-0500] {processor.py:836} INFO - DAG(s) dict_keys(['orquestation']) retrieved from /home/joha/airflow/dags/5.orquestation.py
[2023-08-02T18:55:38.008-0500] {logging_mixin.py:150} INFO - [2023-08-02T18:55:38.008-0500] {dag.py:2742} INFO - Sync 1 DAGs
[2023-08-02T18:55:38.050-0500] {processor.py:179} INFO - Processing /home/joha/airflow/dags/5.orquestation.py took 0.089 seconds
[2023-08-02T18:56:27.430-0500] {processor.py:157} INFO - Started process (PID=24695) to work on /home/joha/airflow/dags/5.orquestation.py
[2023-08-02T18:56:27.432-0500] {processor.py:826} INFO - Processing file /home/joha/airflow/dags/5.orquestation.py for tasks to queue
[2023-08-02T18:56:27.435-0500] {logging_mixin.py:150} INFO - [2023-08-02T18:56:27.434-0500] {dagbag.py:541} INFO - Filling up the DagBag from /home/joha/airflow/dags/5.orquestation.py
[2023-08-02T18:56:27.446-0500] {processor.py:836} INFO - DAG(s) dict_keys(['orquestation']) retrieved from /home/joha/airflow/dags/5.orquestation.py
[2023-08-02T18:56:27.473-0500] {logging_mixin.py:150} INFO - [2023-08-02T18:56:27.473-0500] {dag.py:2742} INFO - Sync 1 DAGs
[2023-08-02T18:56:27.532-0500] {processor.py:179} INFO - Processing /home/joha/airflow/dags/5.orquestation.py took 0.107 seconds
[2023-08-02T18:58:00.345-0500] {processor.py:157} INFO - Started process (PID=24896) to work on /home/joha/airflow/dags/5.orquestation.py
[2023-08-02T18:58:00.352-0500] {processor.py:826} INFO - Processing file /home/joha/airflow/dags/5.orquestation.py for tasks to queue
[2023-08-02T18:58:00.353-0500] {logging_mixin.py:150} INFO - [2023-08-02T18:58:00.353-0500] {dagbag.py:541} INFO - Filling up the DagBag from /home/joha/airflow/dags/5.orquestation.py
[2023-08-02T18:58:00.367-0500] {processor.py:836} INFO - DAG(s) dict_keys(['orquestation']) retrieved from /home/joha/airflow/dags/5.orquestation.py
[2023-08-02T18:58:00.531-0500] {logging_mixin.py:150} INFO - [2023-08-02T18:58:00.531-0500] {dag.py:2742} INFO - Sync 1 DAGs
[2023-08-02T18:58:00.582-0500] {processor.py:179} INFO - Processing /home/joha/airflow/dags/5.orquestation.py took 0.243 seconds
