[2023-08-03T13:47:23.501-0500] {taskinstance.py:1103} INFO - Dependencies all met for dep_context=non-requeueable deps ti=<TaskInstance: monitoring.tarea1 scheduled__2023-08-02T00:00:00+00:00 [queued]>
[2023-08-03T13:47:23.556-0500] {taskinstance.py:1103} INFO - Dependencies all met for dep_context=requeueable deps ti=<TaskInstance: monitoring.tarea1 scheduled__2023-08-02T00:00:00+00:00 [queued]>
[2023-08-03T13:47:23.557-0500] {taskinstance.py:1308} INFO - Starting attempt 1 of 1
[2023-08-03T13:47:23.715-0500] {taskinstance.py:1327} INFO - Executing <Task(BashOperator): tarea1> on 2023-08-02 00:00:00+00:00
[2023-08-03T13:47:24.016-0500] {standard_task_runner.py:57} INFO - Started process 25681 to run task
[2023-08-03T13:47:24.113-0500] {standard_task_runner.py:84} INFO - Running: ['airflow', 'tasks', 'run', 'monitoring', 'tarea1', 'scheduled__2023-08-02T00:00:00+00:00', '--job-id', '938', '--raw', '--subdir', 'DAGS_FOLDER/monitoring.py', '--cfg-path', '/tmp/tmpa5ugnve5']
[2023-08-03T13:47:24.142-0500] {standard_task_runner.py:85} INFO - Job 938: Subtask tarea1
[2023-08-03T13:47:24.810-0500] {task_command.py:410} INFO - Running <TaskInstance: monitoring.tarea1 scheduled__2023-08-02T00:00:00+00:00 [running]> on host pop-os.localdomain
[2023-08-03T13:47:26.648-0500] {taskinstance.py:1545} INFO - Exporting env vars: AIRFLOW_CTX_DAG_OWNER='airflow' AIRFLOW_CTX_DAG_ID='monitoring' AIRFLOW_CTX_TASK_ID='tarea1' AIRFLOW_CTX_EXECUTION_DATE='2023-08-02T00:00:00+00:00' AIRFLOW_CTX_TRY_NUMBER='1' AIRFLOW_CTX_DAG_RUN_ID='scheduled__2023-08-02T00:00:00+00:00'
[2023-08-03T13:47:26.824-0500] {subprocess.py:63} INFO - Tmp dir root location: /tmp
[2023-08-03T13:47:26.871-0500] {subprocess.py:75} INFO - Running command: ['/usr/bin/bash', '-c', "sleep 2 && echo 'Tarea 1'"]
[2023-08-03T13:47:27.113-0500] {subprocess.py:86} INFO - Output:
[2023-08-03T13:47:29.145-0500] {subprocess.py:93} INFO - Tarea 1
[2023-08-03T13:47:29.157-0500] {subprocess.py:97} INFO - Command exited with return code 0
[2023-08-03T13:47:30.526-0500] {taskinstance.py:1345} INFO - Marking task as SUCCESS. dag_id=monitoring, task_id=tarea1, execution_date=20230802T000000, start_date=20230803T184723, end_date=20230803T184730
[2023-08-03T13:47:30.984-0500] {local_task_job_runner.py:225} INFO - Task exited with return code 0
[2023-08-03T13:47:31.517-0500] {taskinstance.py:2653} INFO - 1 downstream tasks scheduled from follow-on schedule check
[2023-08-03T13:57:49.283-0500] {taskinstance.py:1103} INFO - Dependencies all met for dep_context=non-requeueable deps ti=<TaskInstance: monitoring.tarea1 scheduled__2023-08-02T00:00:00+00:00 [queued]>
[2023-08-03T13:57:49.357-0500] {taskinstance.py:1103} INFO - Dependencies all met for dep_context=requeueable deps ti=<TaskInstance: monitoring.tarea1 scheduled__2023-08-02T00:00:00+00:00 [queued]>
[2023-08-03T13:57:49.359-0500] {taskinstance.py:1308} INFO - Starting attempt 1 of 1
[2023-08-03T13:57:49.491-0500] {taskinstance.py:1327} INFO - Executing <Task(BashOperator): tarea1> on 2023-08-02 00:00:00+00:00
[2023-08-03T13:57:49.539-0500] {standard_task_runner.py:57} INFO - Started process 27146 to run task
[2023-08-03T13:57:49.586-0500] {standard_task_runner.py:84} INFO - Running: ['airflow', 'tasks', 'run', 'monitoring', 'tarea1', 'scheduled__2023-08-02T00:00:00+00:00', '--job-id', '938', '--raw', '--subdir', 'DAGS_FOLDER/monitoring.py', '--cfg-path', '/tmp/tmpr6wra9k0']
[2023-08-03T13:57:49.601-0500] {standard_task_runner.py:85} INFO - Job 938: Subtask tarea1
[2023-08-03T13:57:50.085-0500] {task_command.py:410} INFO - Running <TaskInstance: monitoring.tarea1 scheduled__2023-08-02T00:00:00+00:00 [running]> on host pop-os.localdomain
[2023-08-03T13:57:50.517-0500] {taskinstance.py:1545} INFO - Exporting env vars: AIRFLOW_CTX_DAG_OWNER='airflow' AIRFLOW_CTX_DAG_ID='monitoring' AIRFLOW_CTX_TASK_ID='tarea1' AIRFLOW_CTX_EXECUTION_DATE='2023-08-02T00:00:00+00:00' AIRFLOW_CTX_TRY_NUMBER='1' AIRFLOW_CTX_DAG_RUN_ID='scheduled__2023-08-02T00:00:00+00:00'
[2023-08-03T13:57:50.527-0500] {subprocess.py:63} INFO - Tmp dir root location: /tmp
[2023-08-03T13:57:50.531-0500] {subprocess.py:75} INFO - Running command: ['/usr/bin/bash', '-c', "sleep 2 && echo 'Tarea 1'"]
[2023-08-03T13:57:50.610-0500] {subprocess.py:86} INFO - Output:
[2023-08-03T13:57:52.628-0500] {subprocess.py:93} INFO - Tarea 1
[2023-08-03T13:57:52.640-0500] {subprocess.py:97} INFO - Command exited with return code 0
[2023-08-03T13:57:53.674-0500] {taskinstance.py:1345} INFO - Marking task as SUCCESS. dag_id=monitoring, task_id=tarea1, execution_date=20230802T000000, start_date=20230803T185749, end_date=20230803T185753
[2023-08-03T13:57:53.855-0500] {local_task_job_runner.py:225} INFO - Task exited with return code 0
[2023-08-03T13:57:54.499-0500] {taskinstance.py:2653} INFO - 1 downstream tasks scheduled from follow-on schedule check
