[2023-07-31T16:44:30.624-0500] {processor.py:157} INFO - Started process (PID=68668) to work on /home/joha/anaconda3/lib/python3.10/site-packages/airflow/example_dags/example_branch_operator_decorator.py
[2023-07-31T16:44:30.625-0500] {processor.py:826} INFO - Processing file /home/joha/anaconda3/lib/python3.10/site-packages/airflow/example_dags/example_branch_operator_decorator.py for tasks to queue
[2023-07-31T16:44:30.627-0500] {logging_mixin.py:150} INFO - [2023-07-31T16:44:30.626-0500] {dagbag.py:541} INFO - Filling up the DagBag from /home/joha/anaconda3/lib/python3.10/site-packages/airflow/example_dags/example_branch_operator_decorator.py
[2023-07-31T16:44:30.643-0500] {processor.py:836} INFO - DAG(s) dict_keys(['example_branch_python_operator_decorator']) retrieved from /home/joha/anaconda3/lib/python3.10/site-packages/airflow/example_dags/example_branch_operator_decorator.py
[2023-07-31T16:44:30.677-0500] {logging_mixin.py:150} INFO - [2023-07-31T16:44:30.677-0500] {dag.py:2742} INFO - Sync 1 DAGs
[2023-07-31T16:44:30.711-0500] {logging_mixin.py:150} INFO - [2023-07-31T16:44:30.711-0500] {dag.py:3504} INFO - Setting next_dagrun for example_branch_python_operator_decorator to 2023-07-30T00:00:00+00:00, run_after=2023-07-31T00:00:00+00:00
[2023-07-31T16:44:30.747-0500] {processor.py:179} INFO - Processing /home/joha/anaconda3/lib/python3.10/site-packages/airflow/example_dags/example_branch_operator_decorator.py took 0.128 seconds
[2023-07-31T16:45:20.244-0500] {processor.py:157} INFO - Started process (PID=68824) to work on /home/joha/anaconda3/lib/python3.10/site-packages/airflow/example_dags/example_branch_operator_decorator.py
[2023-07-31T16:45:20.252-0500] {processor.py:826} INFO - Processing file /home/joha/anaconda3/lib/python3.10/site-packages/airflow/example_dags/example_branch_operator_decorator.py for tasks to queue
[2023-07-31T16:45:20.253-0500] {logging_mixin.py:150} INFO - [2023-07-31T16:45:20.252-0500] {dagbag.py:541} INFO - Filling up the DagBag from /home/joha/anaconda3/lib/python3.10/site-packages/airflow/example_dags/example_branch_operator_decorator.py
[2023-07-31T16:45:20.270-0500] {processor.py:836} INFO - DAG(s) dict_keys(['example_branch_python_operator_decorator']) retrieved from /home/joha/anaconda3/lib/python3.10/site-packages/airflow/example_dags/example_branch_operator_decorator.py
[2023-07-31T16:45:20.303-0500] {logging_mixin.py:150} INFO - [2023-07-31T16:45:20.303-0500] {dag.py:2742} INFO - Sync 1 DAGs
[2023-07-31T16:45:20.329-0500] {logging_mixin.py:150} INFO - [2023-07-31T16:45:20.329-0500] {dag.py:3504} INFO - Setting next_dagrun for example_branch_python_operator_decorator to 2023-07-30T00:00:00+00:00, run_after=2023-07-31T00:00:00+00:00
[2023-07-31T16:45:20.361-0500] {processor.py:179} INFO - Processing /home/joha/anaconda3/lib/python3.10/site-packages/airflow/example_dags/example_branch_operator_decorator.py took 0.121 seconds
[2023-07-31T16:46:09.183-0500] {processor.py:157} INFO - Started process (PID=68894) to work on /home/joha/anaconda3/lib/python3.10/site-packages/airflow/example_dags/example_branch_operator_decorator.py
[2023-07-31T16:46:09.191-0500] {processor.py:826} INFO - Processing file /home/joha/anaconda3/lib/python3.10/site-packages/airflow/example_dags/example_branch_operator_decorator.py for tasks to queue
[2023-07-31T16:46:09.192-0500] {logging_mixin.py:150} INFO - [2023-07-31T16:46:09.192-0500] {dagbag.py:541} INFO - Filling up the DagBag from /home/joha/anaconda3/lib/python3.10/site-packages/airflow/example_dags/example_branch_operator_decorator.py
[2023-07-31T16:46:09.204-0500] {processor.py:836} INFO - DAG(s) dict_keys(['example_branch_python_operator_decorator']) retrieved from /home/joha/anaconda3/lib/python3.10/site-packages/airflow/example_dags/example_branch_operator_decorator.py
[2023-07-31T16:46:09.226-0500] {logging_mixin.py:150} INFO - [2023-07-31T16:46:09.226-0500] {dag.py:2742} INFO - Sync 1 DAGs
[2023-07-31T16:46:09.250-0500] {logging_mixin.py:150} INFO - [2023-07-31T16:46:09.250-0500] {dag.py:3504} INFO - Setting next_dagrun for example_branch_python_operator_decorator to 2023-07-30T00:00:00+00:00, run_after=2023-07-31T00:00:00+00:00
[2023-07-31T16:46:09.273-0500] {processor.py:179} INFO - Processing /home/joha/anaconda3/lib/python3.10/site-packages/airflow/example_dags/example_branch_operator_decorator.py took 0.093 seconds
[2023-07-31T16:47:00.568-0500] {processor.py:157} INFO - Started process (PID=68959) to work on /home/joha/anaconda3/lib/python3.10/site-packages/airflow/example_dags/example_branch_operator_decorator.py
[2023-07-31T16:47:00.575-0500] {processor.py:826} INFO - Processing file /home/joha/anaconda3/lib/python3.10/site-packages/airflow/example_dags/example_branch_operator_decorator.py for tasks to queue
[2023-07-31T16:47:00.576-0500] {logging_mixin.py:150} INFO - [2023-07-31T16:47:00.576-0500] {dagbag.py:541} INFO - Filling up the DagBag from /home/joha/anaconda3/lib/python3.10/site-packages/airflow/example_dags/example_branch_operator_decorator.py
[2023-07-31T16:47:00.590-0500] {processor.py:836} INFO - DAG(s) dict_keys(['example_branch_python_operator_decorator']) retrieved from /home/joha/anaconda3/lib/python3.10/site-packages/airflow/example_dags/example_branch_operator_decorator.py
[2023-07-31T16:47:00.613-0500] {logging_mixin.py:150} INFO - [2023-07-31T16:47:00.611-0500] {dag.py:2742} INFO - Sync 1 DAGs
[2023-07-31T16:47:00.640-0500] {logging_mixin.py:150} INFO - [2023-07-31T16:47:00.640-0500] {dag.py:3504} INFO - Setting next_dagrun for example_branch_python_operator_decorator to 2023-07-30T00:00:00+00:00, run_after=2023-07-31T00:00:00+00:00
[2023-07-31T16:47:00.664-0500] {processor.py:179} INFO - Processing /home/joha/anaconda3/lib/python3.10/site-packages/airflow/example_dags/example_branch_operator_decorator.py took 0.099 seconds
[2023-07-31T16:47:55.344-0500] {processor.py:157} INFO - Started process (PID=69028) to work on /home/joha/anaconda3/lib/python3.10/site-packages/airflow/example_dags/example_branch_operator_decorator.py
[2023-07-31T16:47:55.351-0500] {processor.py:826} INFO - Processing file /home/joha/anaconda3/lib/python3.10/site-packages/airflow/example_dags/example_branch_operator_decorator.py for tasks to queue
[2023-07-31T16:47:55.353-0500] {logging_mixin.py:150} INFO - [2023-07-31T16:47:55.352-0500] {dagbag.py:541} INFO - Filling up the DagBag from /home/joha/anaconda3/lib/python3.10/site-packages/airflow/example_dags/example_branch_operator_decorator.py
[2023-07-31T16:47:55.373-0500] {processor.py:836} INFO - DAG(s) dict_keys(['example_branch_python_operator_decorator']) retrieved from /home/joha/anaconda3/lib/python3.10/site-packages/airflow/example_dags/example_branch_operator_decorator.py
[2023-07-31T16:47:55.396-0500] {logging_mixin.py:150} INFO - [2023-07-31T16:47:55.395-0500] {dag.py:2742} INFO - Sync 1 DAGs
[2023-07-31T16:47:55.415-0500] {logging_mixin.py:150} INFO - [2023-07-31T16:47:55.415-0500] {dag.py:3504} INFO - Setting next_dagrun for example_branch_python_operator_decorator to 2023-07-30T00:00:00+00:00, run_after=2023-07-31T00:00:00+00:00
[2023-07-31T16:47:55.435-0500] {processor.py:179} INFO - Processing /home/joha/anaconda3/lib/python3.10/site-packages/airflow/example_dags/example_branch_operator_decorator.py took 0.096 seconds
[2023-07-31T16:48:43.773-0500] {processor.py:157} INFO - Started process (PID=69089) to work on /home/joha/anaconda3/lib/python3.10/site-packages/airflow/example_dags/example_branch_operator_decorator.py
[2023-07-31T16:48:43.781-0500] {processor.py:826} INFO - Processing file /home/joha/anaconda3/lib/python3.10/site-packages/airflow/example_dags/example_branch_operator_decorator.py for tasks to queue
[2023-07-31T16:48:43.784-0500] {logging_mixin.py:150} INFO - [2023-07-31T16:48:43.783-0500] {dagbag.py:541} INFO - Filling up the DagBag from /home/joha/anaconda3/lib/python3.10/site-packages/airflow/example_dags/example_branch_operator_decorator.py
[2023-07-31T16:48:43.806-0500] {processor.py:836} INFO - DAG(s) dict_keys(['example_branch_python_operator_decorator']) retrieved from /home/joha/anaconda3/lib/python3.10/site-packages/airflow/example_dags/example_branch_operator_decorator.py
[2023-07-31T16:48:43.827-0500] {logging_mixin.py:150} INFO - [2023-07-31T16:48:43.827-0500] {dag.py:2742} INFO - Sync 1 DAGs
[2023-07-31T16:48:43.846-0500] {logging_mixin.py:150} INFO - [2023-07-31T16:48:43.846-0500] {dag.py:3504} INFO - Setting next_dagrun for example_branch_python_operator_decorator to 2023-07-30T00:00:00+00:00, run_after=2023-07-31T00:00:00+00:00
[2023-07-31T16:48:43.866-0500] {processor.py:179} INFO - Processing /home/joha/anaconda3/lib/python3.10/site-packages/airflow/example_dags/example_branch_operator_decorator.py took 0.098 seconds
[2023-07-31T16:49:43.573-0500] {processor.py:157} INFO - Started process (PID=69177) to work on /home/joha/anaconda3/lib/python3.10/site-packages/airflow/example_dags/example_branch_operator_decorator.py
[2023-07-31T16:49:43.581-0500] {processor.py:826} INFO - Processing file /home/joha/anaconda3/lib/python3.10/site-packages/airflow/example_dags/example_branch_operator_decorator.py for tasks to queue
[2023-07-31T16:49:43.582-0500] {logging_mixin.py:150} INFO - [2023-07-31T16:49:43.582-0500] {dagbag.py:541} INFO - Filling up the DagBag from /home/joha/anaconda3/lib/python3.10/site-packages/airflow/example_dags/example_branch_operator_decorator.py
[2023-07-31T16:49:43.595-0500] {processor.py:836} INFO - DAG(s) dict_keys(['example_branch_python_operator_decorator']) retrieved from /home/joha/anaconda3/lib/python3.10/site-packages/airflow/example_dags/example_branch_operator_decorator.py
[2023-07-31T16:49:43.619-0500] {logging_mixin.py:150} INFO - [2023-07-31T16:49:43.618-0500] {dag.py:2742} INFO - Sync 1 DAGs
[2023-07-31T16:49:43.643-0500] {logging_mixin.py:150} INFO - [2023-07-31T16:49:43.643-0500] {dag.py:3504} INFO - Setting next_dagrun for example_branch_python_operator_decorator to 2023-07-30T00:00:00+00:00, run_after=2023-07-31T00:00:00+00:00
[2023-07-31T16:49:43.665-0500] {processor.py:179} INFO - Processing /home/joha/anaconda3/lib/python3.10/site-packages/airflow/example_dags/example_branch_operator_decorator.py took 0.095 seconds
[2023-07-31T16:50:40.419-0500] {processor.py:157} INFO - Started process (PID=69264) to work on /home/joha/anaconda3/lib/python3.10/site-packages/airflow/example_dags/example_branch_operator_decorator.py
[2023-07-31T16:50:40.435-0500] {processor.py:826} INFO - Processing file /home/joha/anaconda3/lib/python3.10/site-packages/airflow/example_dags/example_branch_operator_decorator.py for tasks to queue
[2023-07-31T16:50:40.437-0500] {logging_mixin.py:150} INFO - [2023-07-31T16:50:40.436-0500] {dagbag.py:541} INFO - Filling up the DagBag from /home/joha/anaconda3/lib/python3.10/site-packages/airflow/example_dags/example_branch_operator_decorator.py
[2023-07-31T16:50:40.462-0500] {processor.py:836} INFO - DAG(s) dict_keys(['example_branch_python_operator_decorator']) retrieved from /home/joha/anaconda3/lib/python3.10/site-packages/airflow/example_dags/example_branch_operator_decorator.py
[2023-07-31T16:50:40.489-0500] {logging_mixin.py:150} INFO - [2023-07-31T16:50:40.489-0500] {dag.py:2742} INFO - Sync 1 DAGs
[2023-07-31T16:50:40.513-0500] {logging_mixin.py:150} INFO - [2023-07-31T16:50:40.513-0500] {dag.py:3504} INFO - Setting next_dagrun for example_branch_python_operator_decorator to 2023-07-30T00:00:00+00:00, run_after=2023-07-31T00:00:00+00:00
[2023-07-31T16:50:40.536-0500] {processor.py:179} INFO - Processing /home/joha/anaconda3/lib/python3.10/site-packages/airflow/example_dags/example_branch_operator_decorator.py took 0.123 seconds
[2023-07-31T16:51:38.174-0500] {processor.py:157} INFO - Started process (PID=69329) to work on /home/joha/anaconda3/lib/python3.10/site-packages/airflow/example_dags/example_branch_operator_decorator.py
[2023-07-31T16:51:38.182-0500] {processor.py:826} INFO - Processing file /home/joha/anaconda3/lib/python3.10/site-packages/airflow/example_dags/example_branch_operator_decorator.py for tasks to queue
[2023-07-31T16:51:38.186-0500] {logging_mixin.py:150} INFO - [2023-07-31T16:51:38.185-0500] {dagbag.py:541} INFO - Filling up the DagBag from /home/joha/anaconda3/lib/python3.10/site-packages/airflow/example_dags/example_branch_operator_decorator.py
[2023-07-31T16:51:38.209-0500] {processor.py:836} INFO - DAG(s) dict_keys(['example_branch_python_operator_decorator']) retrieved from /home/joha/anaconda3/lib/python3.10/site-packages/airflow/example_dags/example_branch_operator_decorator.py
[2023-07-31T16:51:38.231-0500] {logging_mixin.py:150} INFO - [2023-07-31T16:51:38.231-0500] {dag.py:2742} INFO - Sync 1 DAGs
[2023-07-31T16:51:38.252-0500] {logging_mixin.py:150} INFO - [2023-07-31T16:51:38.252-0500] {dag.py:3504} INFO - Setting next_dagrun for example_branch_python_operator_decorator to 2023-07-30T00:00:00+00:00, run_after=2023-07-31T00:00:00+00:00
[2023-07-31T16:51:38.274-0500] {processor.py:179} INFO - Processing /home/joha/anaconda3/lib/python3.10/site-packages/airflow/example_dags/example_branch_operator_decorator.py took 0.105 seconds
[2023-07-31T16:52:34.927-0500] {processor.py:157} INFO - Started process (PID=69412) to work on /home/joha/anaconda3/lib/python3.10/site-packages/airflow/example_dags/example_branch_operator_decorator.py
[2023-07-31T16:52:34.934-0500] {processor.py:826} INFO - Processing file /home/joha/anaconda3/lib/python3.10/site-packages/airflow/example_dags/example_branch_operator_decorator.py for tasks to queue
[2023-07-31T16:52:34.936-0500] {logging_mixin.py:150} INFO - [2023-07-31T16:52:34.935-0500] {dagbag.py:541} INFO - Filling up the DagBag from /home/joha/anaconda3/lib/python3.10/site-packages/airflow/example_dags/example_branch_operator_decorator.py
[2023-07-31T16:52:34.952-0500] {processor.py:836} INFO - DAG(s) dict_keys(['example_branch_python_operator_decorator']) retrieved from /home/joha/anaconda3/lib/python3.10/site-packages/airflow/example_dags/example_branch_operator_decorator.py
[2023-07-31T16:52:34.975-0500] {logging_mixin.py:150} INFO - [2023-07-31T16:52:34.975-0500] {dag.py:2742} INFO - Sync 1 DAGs
[2023-07-31T16:52:34.995-0500] {logging_mixin.py:150} INFO - [2023-07-31T16:52:34.995-0500] {dag.py:3504} INFO - Setting next_dagrun for example_branch_python_operator_decorator to 2023-07-30T00:00:00+00:00, run_after=2023-07-31T00:00:00+00:00
[2023-07-31T16:52:35.018-0500] {processor.py:179} INFO - Processing /home/joha/anaconda3/lib/python3.10/site-packages/airflow/example_dags/example_branch_operator_decorator.py took 0.094 seconds
[2023-07-31T16:53:21.564-0500] {processor.py:157} INFO - Started process (PID=69462) to work on /home/joha/anaconda3/lib/python3.10/site-packages/airflow/example_dags/example_branch_operator_decorator.py
[2023-07-31T16:53:21.572-0500] {processor.py:826} INFO - Processing file /home/joha/anaconda3/lib/python3.10/site-packages/airflow/example_dags/example_branch_operator_decorator.py for tasks to queue
[2023-07-31T16:53:21.573-0500] {logging_mixin.py:150} INFO - [2023-07-31T16:53:21.572-0500] {dagbag.py:541} INFO - Filling up the DagBag from /home/joha/anaconda3/lib/python3.10/site-packages/airflow/example_dags/example_branch_operator_decorator.py
[2023-07-31T16:53:21.584-0500] {processor.py:836} INFO - DAG(s) dict_keys(['example_branch_python_operator_decorator']) retrieved from /home/joha/anaconda3/lib/python3.10/site-packages/airflow/example_dags/example_branch_operator_decorator.py
[2023-07-31T16:53:21.607-0500] {logging_mixin.py:150} INFO - [2023-07-31T16:53:21.607-0500] {dag.py:2742} INFO - Sync 1 DAGs
[2023-07-31T16:53:21.630-0500] {logging_mixin.py:150} INFO - [2023-07-31T16:53:21.630-0500] {dag.py:3504} INFO - Setting next_dagrun for example_branch_python_operator_decorator to 2023-07-30T00:00:00+00:00, run_after=2023-07-31T00:00:00+00:00
[2023-07-31T16:53:21.650-0500] {processor.py:179} INFO - Processing /home/joha/anaconda3/lib/python3.10/site-packages/airflow/example_dags/example_branch_operator_decorator.py took 0.088 seconds
[2023-07-31T16:54:05.885-0500] {processor.py:157} INFO - Started process (PID=69516) to work on /home/joha/anaconda3/lib/python3.10/site-packages/airflow/example_dags/example_branch_operator_decorator.py
[2023-07-31T16:54:05.906-0500] {processor.py:826} INFO - Processing file /home/joha/anaconda3/lib/python3.10/site-packages/airflow/example_dags/example_branch_operator_decorator.py for tasks to queue
[2023-07-31T16:54:05.909-0500] {logging_mixin.py:150} INFO - [2023-07-31T16:54:05.908-0500] {dagbag.py:541} INFO - Filling up the DagBag from /home/joha/anaconda3/lib/python3.10/site-packages/airflow/example_dags/example_branch_operator_decorator.py
[2023-07-31T16:54:05.934-0500] {processor.py:836} INFO - DAG(s) dict_keys(['example_branch_python_operator_decorator']) retrieved from /home/joha/anaconda3/lib/python3.10/site-packages/airflow/example_dags/example_branch_operator_decorator.py
[2023-07-31T16:54:05.957-0500] {logging_mixin.py:150} INFO - [2023-07-31T16:54:05.956-0500] {dag.py:2742} INFO - Sync 1 DAGs
[2023-07-31T16:54:05.976-0500] {logging_mixin.py:150} INFO - [2023-07-31T16:54:05.976-0500] {dag.py:3504} INFO - Setting next_dagrun for example_branch_python_operator_decorator to 2023-07-30T00:00:00+00:00, run_after=2023-07-31T00:00:00+00:00
[2023-07-31T16:54:05.996-0500] {processor.py:179} INFO - Processing /home/joha/anaconda3/lib/python3.10/site-packages/airflow/example_dags/example_branch_operator_decorator.py took 0.117 seconds
[2023-07-31T16:54:52.601-0500] {processor.py:157} INFO - Started process (PID=69576) to work on /home/joha/anaconda3/lib/python3.10/site-packages/airflow/example_dags/example_branch_operator_decorator.py
[2023-07-31T16:54:52.608-0500] {processor.py:826} INFO - Processing file /home/joha/anaconda3/lib/python3.10/site-packages/airflow/example_dags/example_branch_operator_decorator.py for tasks to queue
[2023-07-31T16:54:52.609-0500] {logging_mixin.py:150} INFO - [2023-07-31T16:54:52.609-0500] {dagbag.py:541} INFO - Filling up the DagBag from /home/joha/anaconda3/lib/python3.10/site-packages/airflow/example_dags/example_branch_operator_decorator.py
[2023-07-31T16:54:52.620-0500] {processor.py:836} INFO - DAG(s) dict_keys(['example_branch_python_operator_decorator']) retrieved from /home/joha/anaconda3/lib/python3.10/site-packages/airflow/example_dags/example_branch_operator_decorator.py
[2023-07-31T16:54:52.642-0500] {logging_mixin.py:150} INFO - [2023-07-31T16:54:52.641-0500] {dag.py:2742} INFO - Sync 1 DAGs
[2023-07-31T16:54:52.661-0500] {logging_mixin.py:150} INFO - [2023-07-31T16:54:52.661-0500] {dag.py:3504} INFO - Setting next_dagrun for example_branch_python_operator_decorator to 2023-07-30T00:00:00+00:00, run_after=2023-07-31T00:00:00+00:00
[2023-07-31T16:54:52.680-0500] {processor.py:179} INFO - Processing /home/joha/anaconda3/lib/python3.10/site-packages/airflow/example_dags/example_branch_operator_decorator.py took 0.084 seconds
[2023-07-31T16:55:50.850-0500] {processor.py:157} INFO - Started process (PID=69657) to work on /home/joha/anaconda3/lib/python3.10/site-packages/airflow/example_dags/example_branch_operator_decorator.py
[2023-07-31T16:55:50.857-0500] {processor.py:826} INFO - Processing file /home/joha/anaconda3/lib/python3.10/site-packages/airflow/example_dags/example_branch_operator_decorator.py for tasks to queue
[2023-07-31T16:55:50.858-0500] {logging_mixin.py:150} INFO - [2023-07-31T16:55:50.858-0500] {dagbag.py:541} INFO - Filling up the DagBag from /home/joha/anaconda3/lib/python3.10/site-packages/airflow/example_dags/example_branch_operator_decorator.py
[2023-07-31T16:55:50.868-0500] {processor.py:836} INFO - DAG(s) dict_keys(['example_branch_python_operator_decorator']) retrieved from /home/joha/anaconda3/lib/python3.10/site-packages/airflow/example_dags/example_branch_operator_decorator.py
[2023-07-31T16:55:50.887-0500] {logging_mixin.py:150} INFO - [2023-07-31T16:55:50.887-0500] {dag.py:2742} INFO - Sync 1 DAGs
[2023-07-31T16:55:50.907-0500] {logging_mixin.py:150} INFO - [2023-07-31T16:55:50.906-0500] {dag.py:3504} INFO - Setting next_dagrun for example_branch_python_operator_decorator to 2023-07-30T00:00:00+00:00, run_after=2023-07-31T00:00:00+00:00
[2023-07-31T16:55:51.024-0500] {processor.py:179} INFO - Processing /home/joha/anaconda3/lib/python3.10/site-packages/airflow/example_dags/example_branch_operator_decorator.py took 0.177 seconds
