[2023-07-31T16:44:18.784-0500] {processor.py:157} INFO - Started process (PID=68412) to work on /home/joha/anaconda3/lib/python3.10/site-packages/airflow/example_dags/example_short_circuit_operator.py
[2023-07-31T16:44:18.785-0500] {processor.py:826} INFO - Processing file /home/joha/anaconda3/lib/python3.10/site-packages/airflow/example_dags/example_short_circuit_operator.py for tasks to queue
[2023-07-31T16:44:18.786-0500] {logging_mixin.py:150} INFO - [2023-07-31T16:44:18.786-0500] {dagbag.py:541} INFO - Filling up the DagBag from /home/joha/anaconda3/lib/python3.10/site-packages/airflow/example_dags/example_short_circuit_operator.py
[2023-07-31T16:44:18.797-0500] {processor.py:836} INFO - DAG(s) dict_keys(['example_short_circuit_operator']) retrieved from /home/joha/anaconda3/lib/python3.10/site-packages/airflow/example_dags/example_short_circuit_operator.py
[2023-07-31T16:44:18.824-0500] {logging_mixin.py:150} INFO - [2023-07-31T16:44:18.823-0500] {dag.py:2742} INFO - Sync 1 DAGs
[2023-07-31T16:44:18.849-0500] {logging_mixin.py:150} INFO - [2023-07-31T16:44:18.849-0500] {dag.py:3504} INFO - Setting next_dagrun for example_short_circuit_operator to 2023-07-30T21:44:18.848761+00:00, run_after=2023-07-31T21:44:18.848761+00:00
[2023-07-31T16:44:18.887-0500] {processor.py:179} INFO - Processing /home/joha/anaconda3/lib/python3.10/site-packages/airflow/example_dags/example_short_circuit_operator.py took 0.105 seconds
[2023-07-31T16:45:06.991-0500] {processor.py:157} INFO - Started process (PID=68805) to work on /home/joha/anaconda3/lib/python3.10/site-packages/airflow/example_dags/example_short_circuit_operator.py
[2023-07-31T16:45:06.999-0500] {processor.py:826} INFO - Processing file /home/joha/anaconda3/lib/python3.10/site-packages/airflow/example_dags/example_short_circuit_operator.py for tasks to queue
[2023-07-31T16:45:07.000-0500] {logging_mixin.py:150} INFO - [2023-07-31T16:45:06.999-0500] {dagbag.py:541} INFO - Filling up the DagBag from /home/joha/anaconda3/lib/python3.10/site-packages/airflow/example_dags/example_short_circuit_operator.py
[2023-07-31T16:45:07.011-0500] {processor.py:836} INFO - DAG(s) dict_keys(['example_short_circuit_operator']) retrieved from /home/joha/anaconda3/lib/python3.10/site-packages/airflow/example_dags/example_short_circuit_operator.py
[2023-07-31T16:45:07.036-0500] {logging_mixin.py:150} INFO - [2023-07-31T16:45:07.036-0500] {dag.py:2742} INFO - Sync 1 DAGs
[2023-07-31T16:45:07.059-0500] {logging_mixin.py:150} INFO - [2023-07-31T16:45:07.059-0500] {dag.py:3504} INFO - Setting next_dagrun for example_short_circuit_operator to 2023-07-30T21:45:07.059086+00:00, run_after=2023-07-31T21:45:07.059086+00:00
[2023-07-31T16:45:07.085-0500] {processor.py:179} INFO - Processing /home/joha/anaconda3/lib/python3.10/site-packages/airflow/example_dags/example_short_circuit_operator.py took 0.097 seconds
[2023-07-31T16:45:56.858-0500] {processor.py:157} INFO - Started process (PID=68870) to work on /home/joha/anaconda3/lib/python3.10/site-packages/airflow/example_dags/example_short_circuit_operator.py
[2023-07-31T16:45:56.867-0500] {processor.py:826} INFO - Processing file /home/joha/anaconda3/lib/python3.10/site-packages/airflow/example_dags/example_short_circuit_operator.py for tasks to queue
[2023-07-31T16:45:56.868-0500] {logging_mixin.py:150} INFO - [2023-07-31T16:45:56.867-0500] {dagbag.py:541} INFO - Filling up the DagBag from /home/joha/anaconda3/lib/python3.10/site-packages/airflow/example_dags/example_short_circuit_operator.py
[2023-07-31T16:45:56.881-0500] {processor.py:836} INFO - DAG(s) dict_keys(['example_short_circuit_operator']) retrieved from /home/joha/anaconda3/lib/python3.10/site-packages/airflow/example_dags/example_short_circuit_operator.py
[2023-07-31T16:45:56.902-0500] {logging_mixin.py:150} INFO - [2023-07-31T16:45:56.902-0500] {dag.py:2742} INFO - Sync 1 DAGs
[2023-07-31T16:45:56.921-0500] {logging_mixin.py:150} INFO - [2023-07-31T16:45:56.921-0500] {dag.py:3504} INFO - Setting next_dagrun for example_short_circuit_operator to 2023-07-30T21:45:56.921065+00:00, run_after=2023-07-31T21:45:56.921065+00:00
[2023-07-31T16:45:56.939-0500] {processor.py:179} INFO - Processing /home/joha/anaconda3/lib/python3.10/site-packages/airflow/example_dags/example_short_circuit_operator.py took 0.086 seconds
[2023-07-31T16:46:32.576-0500] {processor.py:157} INFO - Started process (PID=68923) to work on /home/joha/anaconda3/lib/python3.10/site-packages/airflow/example_dags/example_short_circuit_operator.py
[2023-07-31T16:46:32.578-0500] {processor.py:826} INFO - Processing file /home/joha/anaconda3/lib/python3.10/site-packages/airflow/example_dags/example_short_circuit_operator.py for tasks to queue
[2023-07-31T16:46:32.579-0500] {logging_mixin.py:150} INFO - [2023-07-31T16:46:32.579-0500] {dagbag.py:541} INFO - Filling up the DagBag from /home/joha/anaconda3/lib/python3.10/site-packages/airflow/example_dags/example_short_circuit_operator.py
[2023-07-31T16:46:32.590-0500] {processor.py:836} INFO - DAG(s) dict_keys(['example_short_circuit_operator']) retrieved from /home/joha/anaconda3/lib/python3.10/site-packages/airflow/example_dags/example_short_circuit_operator.py
[2023-07-31T16:46:32.614-0500] {logging_mixin.py:150} INFO - [2023-07-31T16:46:32.613-0500] {dag.py:2742} INFO - Sync 1 DAGs
[2023-07-31T16:46:32.637-0500] {logging_mixin.py:150} INFO - [2023-07-31T16:46:32.637-0500] {dag.py:3504} INFO - Setting next_dagrun for example_short_circuit_operator to 2023-07-30T21:46:32.637109+00:00, run_after=2023-07-31T21:46:32.637109+00:00
[2023-07-31T16:46:32.682-0500] {processor.py:179} INFO - Processing /home/joha/anaconda3/lib/python3.10/site-packages/airflow/example_dags/example_short_circuit_operator.py took 0.108 seconds
[2023-07-31T16:47:10.894-0500] {processor.py:157} INFO - Started process (PID=68969) to work on /home/joha/anaconda3/lib/python3.10/site-packages/airflow/example_dags/example_short_circuit_operator.py
[2023-07-31T16:47:10.902-0500] {processor.py:826} INFO - Processing file /home/joha/anaconda3/lib/python3.10/site-packages/airflow/example_dags/example_short_circuit_operator.py for tasks to queue
[2023-07-31T16:47:10.903-0500] {logging_mixin.py:150} INFO - [2023-07-31T16:47:10.903-0500] {dagbag.py:541} INFO - Filling up the DagBag from /home/joha/anaconda3/lib/python3.10/site-packages/airflow/example_dags/example_short_circuit_operator.py
[2023-07-31T16:47:10.913-0500] {processor.py:836} INFO - DAG(s) dict_keys(['example_short_circuit_operator']) retrieved from /home/joha/anaconda3/lib/python3.10/site-packages/airflow/example_dags/example_short_circuit_operator.py
[2023-07-31T16:47:10.934-0500] {logging_mixin.py:150} INFO - [2023-07-31T16:47:10.934-0500] {dag.py:2742} INFO - Sync 1 DAGs
[2023-07-31T16:47:10.956-0500] {logging_mixin.py:150} INFO - [2023-07-31T16:47:10.956-0500] {dag.py:3504} INFO - Setting next_dagrun for example_short_circuit_operator to 2023-07-30T21:47:10.955929+00:00, run_after=2023-07-31T21:47:10.955929+00:00
[2023-07-31T16:47:10.977-0500] {processor.py:179} INFO - Processing /home/joha/anaconda3/lib/python3.10/site-packages/airflow/example_dags/example_short_circuit_operator.py took 0.086 seconds
[2023-07-31T16:47:46.936-0500] {processor.py:157} INFO - Started process (PID=69012) to work on /home/joha/anaconda3/lib/python3.10/site-packages/airflow/example_dags/example_short_circuit_operator.py
[2023-07-31T16:47:46.944-0500] {processor.py:826} INFO - Processing file /home/joha/anaconda3/lib/python3.10/site-packages/airflow/example_dags/example_short_circuit_operator.py for tasks to queue
[2023-07-31T16:47:46.946-0500] {logging_mixin.py:150} INFO - [2023-07-31T16:47:46.945-0500] {dagbag.py:541} INFO - Filling up the DagBag from /home/joha/anaconda3/lib/python3.10/site-packages/airflow/example_dags/example_short_circuit_operator.py
[2023-07-31T16:47:46.960-0500] {processor.py:836} INFO - DAG(s) dict_keys(['example_short_circuit_operator']) retrieved from /home/joha/anaconda3/lib/python3.10/site-packages/airflow/example_dags/example_short_circuit_operator.py
[2023-07-31T16:47:46.982-0500] {logging_mixin.py:150} INFO - [2023-07-31T16:47:46.982-0500] {dag.py:2742} INFO - Sync 1 DAGs
[2023-07-31T16:47:47.001-0500] {logging_mixin.py:150} INFO - [2023-07-31T16:47:47.001-0500] {dag.py:3504} INFO - Setting next_dagrun for example_short_circuit_operator to 2023-07-30T21:47:47.001303+00:00, run_after=2023-07-31T21:47:47.001303+00:00
[2023-07-31T16:47:47.021-0500] {processor.py:179} INFO - Processing /home/joha/anaconda3/lib/python3.10/site-packages/airflow/example_dags/example_short_circuit_operator.py took 0.090 seconds
[2023-07-31T16:48:22.510-0500] {processor.py:157} INFO - Started process (PID=69056) to work on /home/joha/anaconda3/lib/python3.10/site-packages/airflow/example_dags/example_short_circuit_operator.py
[2023-07-31T16:48:22.530-0500] {processor.py:826} INFO - Processing file /home/joha/anaconda3/lib/python3.10/site-packages/airflow/example_dags/example_short_circuit_operator.py for tasks to queue
[2023-07-31T16:48:22.531-0500] {logging_mixin.py:150} INFO - [2023-07-31T16:48:22.531-0500] {dagbag.py:541} INFO - Filling up the DagBag from /home/joha/anaconda3/lib/python3.10/site-packages/airflow/example_dags/example_short_circuit_operator.py
[2023-07-31T16:48:22.539-0500] {processor.py:836} INFO - DAG(s) dict_keys(['example_short_circuit_operator']) retrieved from /home/joha/anaconda3/lib/python3.10/site-packages/airflow/example_dags/example_short_circuit_operator.py
[2023-07-31T16:48:22.561-0500] {logging_mixin.py:150} INFO - [2023-07-31T16:48:22.561-0500] {dag.py:2742} INFO - Sync 1 DAGs
[2023-07-31T16:48:22.579-0500] {logging_mixin.py:150} INFO - [2023-07-31T16:48:22.579-0500] {dag.py:3504} INFO - Setting next_dagrun for example_short_circuit_operator to 2023-07-30T21:48:22.579385+00:00, run_after=2023-07-31T21:48:22.579385+00:00
[2023-07-31T16:48:22.617-0500] {processor.py:179} INFO - Processing /home/joha/anaconda3/lib/python3.10/site-packages/airflow/example_dags/example_short_circuit_operator.py took 0.110 seconds
[2023-07-31T16:49:14.322-0500] {processor.py:157} INFO - Started process (PID=69128) to work on /home/joha/anaconda3/lib/python3.10/site-packages/airflow/example_dags/example_short_circuit_operator.py
[2023-07-31T16:49:14.331-0500] {processor.py:826} INFO - Processing file /home/joha/anaconda3/lib/python3.10/site-packages/airflow/example_dags/example_short_circuit_operator.py for tasks to queue
[2023-07-31T16:49:14.333-0500] {logging_mixin.py:150} INFO - [2023-07-31T16:49:14.332-0500] {dagbag.py:541} INFO - Filling up the DagBag from /home/joha/anaconda3/lib/python3.10/site-packages/airflow/example_dags/example_short_circuit_operator.py
[2023-07-31T16:49:14.354-0500] {processor.py:836} INFO - DAG(s) dict_keys(['example_short_circuit_operator']) retrieved from /home/joha/anaconda3/lib/python3.10/site-packages/airflow/example_dags/example_short_circuit_operator.py
[2023-07-31T16:49:14.390-0500] {logging_mixin.py:150} INFO - [2023-07-31T16:49:14.389-0500] {dag.py:2742} INFO - Sync 1 DAGs
[2023-07-31T16:49:14.410-0500] {logging_mixin.py:150} INFO - [2023-07-31T16:49:14.409-0500] {dag.py:3504} INFO - Setting next_dagrun for example_short_circuit_operator to 2023-07-30T21:49:14.409754+00:00, run_after=2023-07-31T21:49:14.409754+00:00
[2023-07-31T16:49:14.429-0500] {processor.py:179} INFO - Processing /home/joha/anaconda3/lib/python3.10/site-packages/airflow/example_dags/example_short_circuit_operator.py took 0.116 seconds
[2023-07-31T16:49:54.883-0500] {processor.py:157} INFO - Started process (PID=69192) to work on /home/joha/anaconda3/lib/python3.10/site-packages/airflow/example_dags/example_short_circuit_operator.py
[2023-07-31T16:49:54.891-0500] {processor.py:826} INFO - Processing file /home/joha/anaconda3/lib/python3.10/site-packages/airflow/example_dags/example_short_circuit_operator.py for tasks to queue
[2023-07-31T16:49:54.892-0500] {logging_mixin.py:150} INFO - [2023-07-31T16:49:54.892-0500] {dagbag.py:541} INFO - Filling up the DagBag from /home/joha/anaconda3/lib/python3.10/site-packages/airflow/example_dags/example_short_circuit_operator.py
[2023-07-31T16:49:54.905-0500] {processor.py:836} INFO - DAG(s) dict_keys(['example_short_circuit_operator']) retrieved from /home/joha/anaconda3/lib/python3.10/site-packages/airflow/example_dags/example_short_circuit_operator.py
[2023-07-31T16:49:54.926-0500] {logging_mixin.py:150} INFO - [2023-07-31T16:49:54.926-0500] {dag.py:2742} INFO - Sync 1 DAGs
[2023-07-31T16:49:54.947-0500] {logging_mixin.py:150} INFO - [2023-07-31T16:49:54.946-0500] {dag.py:3504} INFO - Setting next_dagrun for example_short_circuit_operator to 2023-07-30T21:49:54.946678+00:00, run_after=2023-07-31T21:49:54.946678+00:00
[2023-07-31T16:49:54.968-0500] {processor.py:179} INFO - Processing /home/joha/anaconda3/lib/python3.10/site-packages/airflow/example_dags/example_short_circuit_operator.py took 0.090 seconds
[2023-07-31T16:50:33.932-0500] {processor.py:157} INFO - Started process (PID=69255) to work on /home/joha/anaconda3/lib/python3.10/site-packages/airflow/example_dags/example_short_circuit_operator.py
[2023-07-31T16:50:33.940-0500] {processor.py:826} INFO - Processing file /home/joha/anaconda3/lib/python3.10/site-packages/airflow/example_dags/example_short_circuit_operator.py for tasks to queue
[2023-07-31T16:50:33.941-0500] {logging_mixin.py:150} INFO - [2023-07-31T16:50:33.940-0500] {dagbag.py:541} INFO - Filling up the DagBag from /home/joha/anaconda3/lib/python3.10/site-packages/airflow/example_dags/example_short_circuit_operator.py
[2023-07-31T16:50:33.949-0500] {processor.py:836} INFO - DAG(s) dict_keys(['example_short_circuit_operator']) retrieved from /home/joha/anaconda3/lib/python3.10/site-packages/airflow/example_dags/example_short_circuit_operator.py
[2023-07-31T16:50:33.972-0500] {logging_mixin.py:150} INFO - [2023-07-31T16:50:33.972-0500] {dag.py:2742} INFO - Sync 1 DAGs
[2023-07-31T16:50:33.993-0500] {logging_mixin.py:150} INFO - [2023-07-31T16:50:33.993-0500] {dag.py:3504} INFO - Setting next_dagrun for example_short_circuit_operator to 2023-07-30T21:50:33.993197+00:00, run_after=2023-07-31T21:50:33.993197+00:00
[2023-07-31T16:50:34.019-0500] {processor.py:179} INFO - Processing /home/joha/anaconda3/lib/python3.10/site-packages/airflow/example_dags/example_short_circuit_operator.py took 0.091 seconds
[2023-07-31T16:51:11.421-0500] {processor.py:157} INFO - Started process (PID=69294) to work on /home/joha/anaconda3/lib/python3.10/site-packages/airflow/example_dags/example_short_circuit_operator.py
[2023-07-31T16:51:11.429-0500] {processor.py:826} INFO - Processing file /home/joha/anaconda3/lib/python3.10/site-packages/airflow/example_dags/example_short_circuit_operator.py for tasks to queue
[2023-07-31T16:51:11.430-0500] {logging_mixin.py:150} INFO - [2023-07-31T16:51:11.429-0500] {dagbag.py:541} INFO - Filling up the DagBag from /home/joha/anaconda3/lib/python3.10/site-packages/airflow/example_dags/example_short_circuit_operator.py
[2023-07-31T16:51:11.440-0500] {processor.py:836} INFO - DAG(s) dict_keys(['example_short_circuit_operator']) retrieved from /home/joha/anaconda3/lib/python3.10/site-packages/airflow/example_dags/example_short_circuit_operator.py
[2023-07-31T16:51:11.461-0500] {logging_mixin.py:150} INFO - [2023-07-31T16:51:11.461-0500] {dag.py:2742} INFO - Sync 1 DAGs
[2023-07-31T16:51:11.480-0500] {logging_mixin.py:150} INFO - [2023-07-31T16:51:11.479-0500] {dag.py:3504} INFO - Setting next_dagrun for example_short_circuit_operator to 2023-07-30T21:51:11.479702+00:00, run_after=2023-07-31T21:51:11.479702+00:00
[2023-07-31T16:51:11.501-0500] {processor.py:179} INFO - Processing /home/joha/anaconda3/lib/python3.10/site-packages/airflow/example_dags/example_short_circuit_operator.py took 0.083 seconds
[2023-07-31T16:51:49.449-0500] {processor.py:157} INFO - Started process (PID=69346) to work on /home/joha/anaconda3/lib/python3.10/site-packages/airflow/example_dags/example_short_circuit_operator.py
[2023-07-31T16:51:49.463-0500] {processor.py:826} INFO - Processing file /home/joha/anaconda3/lib/python3.10/site-packages/airflow/example_dags/example_short_circuit_operator.py for tasks to queue
[2023-07-31T16:51:49.464-0500] {logging_mixin.py:150} INFO - [2023-07-31T16:51:49.464-0500] {dagbag.py:541} INFO - Filling up the DagBag from /home/joha/anaconda3/lib/python3.10/site-packages/airflow/example_dags/example_short_circuit_operator.py
[2023-07-31T16:51:49.473-0500] {processor.py:836} INFO - DAG(s) dict_keys(['example_short_circuit_operator']) retrieved from /home/joha/anaconda3/lib/python3.10/site-packages/airflow/example_dags/example_short_circuit_operator.py
[2023-07-31T16:51:49.496-0500] {logging_mixin.py:150} INFO - [2023-07-31T16:51:49.496-0500] {dag.py:2742} INFO - Sync 1 DAGs
[2023-07-31T16:51:49.523-0500] {logging_mixin.py:150} INFO - [2023-07-31T16:51:49.523-0500] {dag.py:3504} INFO - Setting next_dagrun for example_short_circuit_operator to 2023-07-30T21:51:49.523321+00:00, run_after=2023-07-31T21:51:49.523321+00:00
[2023-07-31T16:51:49.548-0500] {processor.py:179} INFO - Processing /home/joha/anaconda3/lib/python3.10/site-packages/airflow/example_dags/example_short_circuit_operator.py took 0.102 seconds
[2023-07-31T16:52:27.673-0500] {processor.py:157} INFO - Started process (PID=69404) to work on /home/joha/anaconda3/lib/python3.10/site-packages/airflow/example_dags/example_short_circuit_operator.py
[2023-07-31T16:52:27.680-0500] {processor.py:826} INFO - Processing file /home/joha/anaconda3/lib/python3.10/site-packages/airflow/example_dags/example_short_circuit_operator.py for tasks to queue
[2023-07-31T16:52:27.681-0500] {logging_mixin.py:150} INFO - [2023-07-31T16:52:27.681-0500] {dagbag.py:541} INFO - Filling up the DagBag from /home/joha/anaconda3/lib/python3.10/site-packages/airflow/example_dags/example_short_circuit_operator.py
[2023-07-31T16:52:27.690-0500] {processor.py:836} INFO - DAG(s) dict_keys(['example_short_circuit_operator']) retrieved from /home/joha/anaconda3/lib/python3.10/site-packages/airflow/example_dags/example_short_circuit_operator.py
[2023-07-31T16:52:27.712-0500] {logging_mixin.py:150} INFO - [2023-07-31T16:52:27.712-0500] {dag.py:2742} INFO - Sync 1 DAGs
[2023-07-31T16:52:27.734-0500] {logging_mixin.py:150} INFO - [2023-07-31T16:52:27.733-0500] {dag.py:3504} INFO - Setting next_dagrun for example_short_circuit_operator to 2023-07-30T21:52:27.733599+00:00, run_after=2023-07-31T21:52:27.733599+00:00
[2023-07-31T16:52:27.759-0500] {processor.py:179} INFO - Processing /home/joha/anaconda3/lib/python3.10/site-packages/airflow/example_dags/example_short_circuit_operator.py took 0.090 seconds
[2023-07-31T16:53:10.251-0500] {processor.py:157} INFO - Started process (PID=69454) to work on /home/joha/anaconda3/lib/python3.10/site-packages/airflow/example_dags/example_short_circuit_operator.py
[2023-07-31T16:53:10.257-0500] {processor.py:826} INFO - Processing file /home/joha/anaconda3/lib/python3.10/site-packages/airflow/example_dags/example_short_circuit_operator.py for tasks to queue
[2023-07-31T16:53:10.259-0500] {logging_mixin.py:150} INFO - [2023-07-31T16:53:10.259-0500] {dagbag.py:541} INFO - Filling up the DagBag from /home/joha/anaconda3/lib/python3.10/site-packages/airflow/example_dags/example_short_circuit_operator.py
[2023-07-31T16:53:10.277-0500] {processor.py:836} INFO - DAG(s) dict_keys(['example_short_circuit_operator']) retrieved from /home/joha/anaconda3/lib/python3.10/site-packages/airflow/example_dags/example_short_circuit_operator.py
[2023-07-31T16:53:10.303-0500] {logging_mixin.py:150} INFO - [2023-07-31T16:53:10.302-0500] {dag.py:2742} INFO - Sync 1 DAGs
[2023-07-31T16:53:10.321-0500] {logging_mixin.py:150} INFO - [2023-07-31T16:53:10.321-0500] {dag.py:3504} INFO - Setting next_dagrun for example_short_circuit_operator to 2023-07-30T21:53:10.320823+00:00, run_after=2023-07-31T21:53:10.320823+00:00
[2023-07-31T16:53:10.607-0500] {processor.py:179} INFO - Processing /home/joha/anaconda3/lib/python3.10/site-packages/airflow/example_dags/example_short_circuit_operator.py took 0.362 seconds
[2023-07-31T16:53:57.844-0500] {processor.py:157} INFO - Started process (PID=69507) to work on /home/joha/anaconda3/lib/python3.10/site-packages/airflow/example_dags/example_short_circuit_operator.py
[2023-07-31T16:53:57.852-0500] {processor.py:826} INFO - Processing file /home/joha/anaconda3/lib/python3.10/site-packages/airflow/example_dags/example_short_circuit_operator.py for tasks to queue
[2023-07-31T16:53:57.854-0500] {logging_mixin.py:150} INFO - [2023-07-31T16:53:57.854-0500] {dagbag.py:541} INFO - Filling up the DagBag from /home/joha/anaconda3/lib/python3.10/site-packages/airflow/example_dags/example_short_circuit_operator.py
[2023-07-31T16:53:57.871-0500] {processor.py:836} INFO - DAG(s) dict_keys(['example_short_circuit_operator']) retrieved from /home/joha/anaconda3/lib/python3.10/site-packages/airflow/example_dags/example_short_circuit_operator.py
[2023-07-31T16:53:57.894-0500] {logging_mixin.py:150} INFO - [2023-07-31T16:53:57.894-0500] {dag.py:2742} INFO - Sync 1 DAGs
[2023-07-31T16:53:57.912-0500] {logging_mixin.py:150} INFO - [2023-07-31T16:53:57.912-0500] {dag.py:3504} INFO - Setting next_dagrun for example_short_circuit_operator to 2023-07-30T21:53:57.912233+00:00, run_after=2023-07-31T21:53:57.912233+00:00
[2023-07-31T16:53:57.932-0500] {processor.py:179} INFO - Processing /home/joha/anaconda3/lib/python3.10/site-packages/airflow/example_dags/example_short_circuit_operator.py took 0.094 seconds
[2023-07-31T16:54:44.751-0500] {processor.py:157} INFO - Started process (PID=69568) to work on /home/joha/anaconda3/lib/python3.10/site-packages/airflow/example_dags/example_short_circuit_operator.py
[2023-07-31T16:54:44.760-0500] {processor.py:826} INFO - Processing file /home/joha/anaconda3/lib/python3.10/site-packages/airflow/example_dags/example_short_circuit_operator.py for tasks to queue
[2023-07-31T16:54:44.763-0500] {logging_mixin.py:150} INFO - [2023-07-31T16:54:44.761-0500] {dagbag.py:541} INFO - Filling up the DagBag from /home/joha/anaconda3/lib/python3.10/site-packages/airflow/example_dags/example_short_circuit_operator.py
[2023-07-31T16:54:44.784-0500] {processor.py:836} INFO - DAG(s) dict_keys(['example_short_circuit_operator']) retrieved from /home/joha/anaconda3/lib/python3.10/site-packages/airflow/example_dags/example_short_circuit_operator.py
[2023-07-31T16:54:44.806-0500] {logging_mixin.py:150} INFO - [2023-07-31T16:54:44.806-0500] {dag.py:2742} INFO - Sync 1 DAGs
[2023-07-31T16:54:44.824-0500] {logging_mixin.py:150} INFO - [2023-07-31T16:54:44.824-0500] {dag.py:3504} INFO - Setting next_dagrun for example_short_circuit_operator to 2023-07-30T21:54:44.824505+00:00, run_after=2023-07-31T21:54:44.824505+00:00
[2023-07-31T16:54:44.845-0500] {processor.py:179} INFO - Processing /home/joha/anaconda3/lib/python3.10/site-packages/airflow/example_dags/example_short_circuit_operator.py took 0.099 seconds
[2023-07-31T16:55:20.310-0500] {processor.py:157} INFO - Started process (PID=69622) to work on /home/joha/anaconda3/lib/python3.10/site-packages/airflow/example_dags/example_short_circuit_operator.py
[2023-07-31T16:55:20.318-0500] {processor.py:826} INFO - Processing file /home/joha/anaconda3/lib/python3.10/site-packages/airflow/example_dags/example_short_circuit_operator.py for tasks to queue
[2023-07-31T16:55:20.320-0500] {logging_mixin.py:150} INFO - [2023-07-31T16:55:20.319-0500] {dagbag.py:541} INFO - Filling up the DagBag from /home/joha/anaconda3/lib/python3.10/site-packages/airflow/example_dags/example_short_circuit_operator.py
[2023-07-31T16:55:20.334-0500] {processor.py:836} INFO - DAG(s) dict_keys(['example_short_circuit_operator']) retrieved from /home/joha/anaconda3/lib/python3.10/site-packages/airflow/example_dags/example_short_circuit_operator.py
[2023-07-31T16:55:20.357-0500] {logging_mixin.py:150} INFO - [2023-07-31T16:55:20.357-0500] {dag.py:2742} INFO - Sync 1 DAGs
[2023-07-31T16:55:20.376-0500] {logging_mixin.py:150} INFO - [2023-07-31T16:55:20.376-0500] {dag.py:3504} INFO - Setting next_dagrun for example_short_circuit_operator to 2023-07-30T21:55:20.375843+00:00, run_after=2023-07-31T21:55:20.375843+00:00
[2023-07-31T16:55:20.396-0500] {processor.py:179} INFO - Processing /home/joha/anaconda3/lib/python3.10/site-packages/airflow/example_dags/example_short_circuit_operator.py took 0.091 seconds
[2023-07-31T16:55:59.282-0500] {processor.py:157} INFO - Started process (PID=69666) to work on /home/joha/anaconda3/lib/python3.10/site-packages/airflow/example_dags/example_short_circuit_operator.py
[2023-07-31T16:55:59.299-0500] {processor.py:826} INFO - Processing file /home/joha/anaconda3/lib/python3.10/site-packages/airflow/example_dags/example_short_circuit_operator.py for tasks to queue
[2023-07-31T16:55:59.302-0500] {logging_mixin.py:150} INFO - [2023-07-31T16:55:59.301-0500] {dagbag.py:541} INFO - Filling up the DagBag from /home/joha/anaconda3/lib/python3.10/site-packages/airflow/example_dags/example_short_circuit_operator.py
[2023-07-31T16:55:59.324-0500] {processor.py:836} INFO - DAG(s) dict_keys(['example_short_circuit_operator']) retrieved from /home/joha/anaconda3/lib/python3.10/site-packages/airflow/example_dags/example_short_circuit_operator.py
[2023-07-31T16:55:59.347-0500] {logging_mixin.py:150} INFO - [2023-07-31T16:55:59.346-0500] {dag.py:2742} INFO - Sync 1 DAGs
[2023-07-31T16:55:59.365-0500] {logging_mixin.py:150} INFO - [2023-07-31T16:55:59.365-0500] {dag.py:3504} INFO - Setting next_dagrun for example_short_circuit_operator to 2023-07-30T21:55:59.365362+00:00, run_after=2023-07-31T21:55:59.365362+00:00
[2023-07-31T16:55:59.385-0500] {processor.py:179} INFO - Processing /home/joha/anaconda3/lib/python3.10/site-packages/airflow/example_dags/example_short_circuit_operator.py took 0.113 seconds
