[2023-07-31T16:44:54.848-0500] {processor.py:157} INFO - Started process (PID=68784) to work on /home/joha/anaconda3/lib/python3.10/site-packages/airflow/example_dags/example_bash_operator.py
[2023-07-31T16:44:54.849-0500] {processor.py:826} INFO - Processing file /home/joha/anaconda3/lib/python3.10/site-packages/airflow/example_dags/example_bash_operator.py for tasks to queue
[2023-07-31T16:44:54.850-0500] {logging_mixin.py:150} INFO - [2023-07-31T16:44:54.849-0500] {dagbag.py:541} INFO - Filling up the DagBag from /home/joha/anaconda3/lib/python3.10/site-packages/airflow/example_dags/example_bash_operator.py
[2023-07-31T16:44:54.867-0500] {processor.py:836} INFO - DAG(s) dict_keys(['example_bash_operator']) retrieved from /home/joha/anaconda3/lib/python3.10/site-packages/airflow/example_dags/example_bash_operator.py
[2023-07-31T16:44:54.908-0500] {logging_mixin.py:150} INFO - [2023-07-31T16:44:54.908-0500] {dag.py:2742} INFO - Sync 1 DAGs
[2023-07-31T16:44:54.937-0500] {logging_mixin.py:150} INFO - [2023-07-31T16:44:54.937-0500] {dag.py:3504} INFO - Setting next_dagrun for example_bash_operator to 2023-07-30T00:00:00+00:00, run_after=2023-07-31T00:00:00+00:00
[2023-07-31T16:44:54.967-0500] {processor.py:179} INFO - Processing /home/joha/anaconda3/lib/python3.10/site-packages/airflow/example_dags/example_bash_operator.py took 0.122 seconds
[2023-07-31T16:45:51.842-0500] {processor.py:157} INFO - Started process (PID=68866) to work on /home/joha/anaconda3/lib/python3.10/site-packages/airflow/example_dags/example_bash_operator.py
[2023-07-31T16:45:51.850-0500] {processor.py:826} INFO - Processing file /home/joha/anaconda3/lib/python3.10/site-packages/airflow/example_dags/example_bash_operator.py for tasks to queue
[2023-07-31T16:45:51.851-0500] {logging_mixin.py:150} INFO - [2023-07-31T16:45:51.851-0500] {dagbag.py:541} INFO - Filling up the DagBag from /home/joha/anaconda3/lib/python3.10/site-packages/airflow/example_dags/example_bash_operator.py
[2023-07-31T16:45:51.874-0500] {processor.py:836} INFO - DAG(s) dict_keys(['example_bash_operator']) retrieved from /home/joha/anaconda3/lib/python3.10/site-packages/airflow/example_dags/example_bash_operator.py
[2023-07-31T16:45:51.904-0500] {logging_mixin.py:150} INFO - [2023-07-31T16:45:51.904-0500] {dag.py:2742} INFO - Sync 1 DAGs
[2023-07-31T16:45:51.927-0500] {logging_mixin.py:150} INFO - [2023-07-31T16:45:51.927-0500] {dag.py:3504} INFO - Setting next_dagrun for example_bash_operator to 2023-07-30T00:00:00+00:00, run_after=2023-07-31T00:00:00+00:00
[2023-07-31T16:45:51.948-0500] {processor.py:179} INFO - Processing /home/joha/anaconda3/lib/python3.10/site-packages/airflow/example_dags/example_bash_operator.py took 0.111 seconds
[2023-07-31T16:46:45.137-0500] {processor.py:157} INFO - Started process (PID=68937) to work on /home/joha/anaconda3/lib/python3.10/site-packages/airflow/example_dags/example_bash_operator.py
[2023-07-31T16:46:45.145-0500] {processor.py:826} INFO - Processing file /home/joha/anaconda3/lib/python3.10/site-packages/airflow/example_dags/example_bash_operator.py for tasks to queue
[2023-07-31T16:46:45.146-0500] {logging_mixin.py:150} INFO - [2023-07-31T16:46:45.145-0500] {dagbag.py:541} INFO - Filling up the DagBag from /home/joha/anaconda3/lib/python3.10/site-packages/airflow/example_dags/example_bash_operator.py
[2023-07-31T16:46:45.160-0500] {processor.py:836} INFO - DAG(s) dict_keys(['example_bash_operator']) retrieved from /home/joha/anaconda3/lib/python3.10/site-packages/airflow/example_dags/example_bash_operator.py
[2023-07-31T16:46:45.194-0500] {logging_mixin.py:150} INFO - [2023-07-31T16:46:45.193-0500] {dag.py:2742} INFO - Sync 1 DAGs
[2023-07-31T16:46:45.218-0500] {logging_mixin.py:150} INFO - [2023-07-31T16:46:45.218-0500] {dag.py:3504} INFO - Setting next_dagrun for example_bash_operator to 2023-07-30T00:00:00+00:00, run_after=2023-07-31T00:00:00+00:00
[2023-07-31T16:46:45.247-0500] {processor.py:179} INFO - Processing /home/joha/anaconda3/lib/python3.10/site-packages/airflow/example_dags/example_bash_operator.py took 0.113 seconds
[2023-07-31T16:47:40.492-0500] {processor.py:157} INFO - Started process (PID=69005) to work on /home/joha/anaconda3/lib/python3.10/site-packages/airflow/example_dags/example_bash_operator.py
[2023-07-31T16:47:40.501-0500] {processor.py:826} INFO - Processing file /home/joha/anaconda3/lib/python3.10/site-packages/airflow/example_dags/example_bash_operator.py for tasks to queue
[2023-07-31T16:47:40.504-0500] {logging_mixin.py:150} INFO - [2023-07-31T16:47:40.503-0500] {dagbag.py:541} INFO - Filling up the DagBag from /home/joha/anaconda3/lib/python3.10/site-packages/airflow/example_dags/example_bash_operator.py
[2023-07-31T16:47:40.531-0500] {processor.py:836} INFO - DAG(s) dict_keys(['example_bash_operator']) retrieved from /home/joha/anaconda3/lib/python3.10/site-packages/airflow/example_dags/example_bash_operator.py
[2023-07-31T16:47:40.561-0500] {logging_mixin.py:150} INFO - [2023-07-31T16:47:40.561-0500] {dag.py:2742} INFO - Sync 1 DAGs
[2023-07-31T16:47:40.581-0500] {logging_mixin.py:150} INFO - [2023-07-31T16:47:40.581-0500] {dag.py:3504} INFO - Setting next_dagrun for example_bash_operator to 2023-07-30T00:00:00+00:00, run_after=2023-07-31T00:00:00+00:00
[2023-07-31T16:47:40.607-0500] {processor.py:179} INFO - Processing /home/joha/anaconda3/lib/python3.10/site-packages/airflow/example_dags/example_bash_operator.py took 0.119 seconds
[2023-07-31T16:48:30.478-0500] {processor.py:157} INFO - Started process (PID=69069) to work on /home/joha/anaconda3/lib/python3.10/site-packages/airflow/example_dags/example_bash_operator.py
[2023-07-31T16:48:30.486-0500] {processor.py:826} INFO - Processing file /home/joha/anaconda3/lib/python3.10/site-packages/airflow/example_dags/example_bash_operator.py for tasks to queue
[2023-07-31T16:48:30.487-0500] {logging_mixin.py:150} INFO - [2023-07-31T16:48:30.486-0500] {dagbag.py:541} INFO - Filling up the DagBag from /home/joha/anaconda3/lib/python3.10/site-packages/airflow/example_dags/example_bash_operator.py
[2023-07-31T16:48:30.506-0500] {processor.py:836} INFO - DAG(s) dict_keys(['example_bash_operator']) retrieved from /home/joha/anaconda3/lib/python3.10/site-packages/airflow/example_dags/example_bash_operator.py
[2023-07-31T16:48:30.542-0500] {logging_mixin.py:150} INFO - [2023-07-31T16:48:30.542-0500] {dag.py:2742} INFO - Sync 1 DAGs
[2023-07-31T16:48:30.562-0500] {logging_mixin.py:150} INFO - [2023-07-31T16:48:30.561-0500] {dag.py:3504} INFO - Setting next_dagrun for example_bash_operator to 2023-07-30T00:00:00+00:00, run_after=2023-07-31T00:00:00+00:00
[2023-07-31T16:48:30.585-0500] {processor.py:179} INFO - Processing /home/joha/anaconda3/lib/python3.10/site-packages/airflow/example_dags/example_bash_operator.py took 0.109 seconds
[2023-07-31T16:49:26.216-0500] {processor.py:157} INFO - Started process (PID=69145) to work on /home/joha/anaconda3/lib/python3.10/site-packages/airflow/example_dags/example_bash_operator.py
[2023-07-31T16:49:26.225-0500] {processor.py:826} INFO - Processing file /home/joha/anaconda3/lib/python3.10/site-packages/airflow/example_dags/example_bash_operator.py for tasks to queue
[2023-07-31T16:49:26.226-0500] {logging_mixin.py:150} INFO - [2023-07-31T16:49:26.226-0500] {dagbag.py:541} INFO - Filling up the DagBag from /home/joha/anaconda3/lib/python3.10/site-packages/airflow/example_dags/example_bash_operator.py
[2023-07-31T16:49:26.248-0500] {processor.py:836} INFO - DAG(s) dict_keys(['example_bash_operator']) retrieved from /home/joha/anaconda3/lib/python3.10/site-packages/airflow/example_dags/example_bash_operator.py
[2023-07-31T16:49:26.285-0500] {logging_mixin.py:150} INFO - [2023-07-31T16:49:26.285-0500] {dag.py:2742} INFO - Sync 1 DAGs
[2023-07-31T16:49:26.310-0500] {logging_mixin.py:150} INFO - [2023-07-31T16:49:26.310-0500] {dag.py:3504} INFO - Setting next_dagrun for example_bash_operator to 2023-07-30T00:00:00+00:00, run_after=2023-07-31T00:00:00+00:00
[2023-07-31T16:49:26.332-0500] {processor.py:179} INFO - Processing /home/joha/anaconda3/lib/python3.10/site-packages/airflow/example_dags/example_bash_operator.py took 0.120 seconds
[2023-07-31T16:50:26.733-0500] {processor.py:157} INFO - Started process (PID=69242) to work on /home/joha/anaconda3/lib/python3.10/site-packages/airflow/example_dags/example_bash_operator.py
[2023-07-31T16:50:26.740-0500] {processor.py:826} INFO - Processing file /home/joha/anaconda3/lib/python3.10/site-packages/airflow/example_dags/example_bash_operator.py for tasks to queue
[2023-07-31T16:50:26.741-0500] {logging_mixin.py:150} INFO - [2023-07-31T16:50:26.741-0500] {dagbag.py:541} INFO - Filling up the DagBag from /home/joha/anaconda3/lib/python3.10/site-packages/airflow/example_dags/example_bash_operator.py
[2023-07-31T16:50:26.760-0500] {processor.py:836} INFO - DAG(s) dict_keys(['example_bash_operator']) retrieved from /home/joha/anaconda3/lib/python3.10/site-packages/airflow/example_dags/example_bash_operator.py
[2023-07-31T16:50:26.792-0500] {logging_mixin.py:150} INFO - [2023-07-31T16:50:26.792-0500] {dag.py:2742} INFO - Sync 1 DAGs
[2023-07-31T16:50:26.816-0500] {logging_mixin.py:150} INFO - [2023-07-31T16:50:26.815-0500] {dag.py:3504} INFO - Setting next_dagrun for example_bash_operator to 2023-07-30T00:00:00+00:00, run_after=2023-07-31T00:00:00+00:00
[2023-07-31T16:50:26.841-0500] {processor.py:179} INFO - Processing /home/joha/anaconda3/lib/python3.10/site-packages/airflow/example_dags/example_bash_operator.py took 0.111 seconds
[2023-07-31T16:51:24.502-0500] {processor.py:157} INFO - Started process (PID=69314) to work on /home/joha/anaconda3/lib/python3.10/site-packages/airflow/example_dags/example_bash_operator.py
[2023-07-31T16:51:24.511-0500] {processor.py:826} INFO - Processing file /home/joha/anaconda3/lib/python3.10/site-packages/airflow/example_dags/example_bash_operator.py for tasks to queue
[2023-07-31T16:51:24.512-0500] {logging_mixin.py:150} INFO - [2023-07-31T16:51:24.512-0500] {dagbag.py:541} INFO - Filling up the DagBag from /home/joha/anaconda3/lib/python3.10/site-packages/airflow/example_dags/example_bash_operator.py
[2023-07-31T16:51:24.538-0500] {processor.py:836} INFO - DAG(s) dict_keys(['example_bash_operator']) retrieved from /home/joha/anaconda3/lib/python3.10/site-packages/airflow/example_dags/example_bash_operator.py
[2023-07-31T16:51:24.569-0500] {logging_mixin.py:150} INFO - [2023-07-31T16:51:24.568-0500] {dag.py:2742} INFO - Sync 1 DAGs
[2023-07-31T16:51:24.589-0500] {logging_mixin.py:150} INFO - [2023-07-31T16:51:24.589-0500] {dag.py:3504} INFO - Setting next_dagrun for example_bash_operator to 2023-07-30T00:00:00+00:00, run_after=2023-07-31T00:00:00+00:00
[2023-07-31T16:51:24.608-0500] {processor.py:179} INFO - Processing /home/joha/anaconda3/lib/python3.10/site-packages/airflow/example_dags/example_bash_operator.py took 0.113 seconds
[2023-07-31T16:52:19.391-0500] {processor.py:157} INFO - Started process (PID=69386) to work on /home/joha/anaconda3/lib/python3.10/site-packages/airflow/example_dags/example_bash_operator.py
[2023-07-31T16:52:19.399-0500] {processor.py:826} INFO - Processing file /home/joha/anaconda3/lib/python3.10/site-packages/airflow/example_dags/example_bash_operator.py for tasks to queue
[2023-07-31T16:52:19.400-0500] {logging_mixin.py:150} INFO - [2023-07-31T16:52:19.400-0500] {dagbag.py:541} INFO - Filling up the DagBag from /home/joha/anaconda3/lib/python3.10/site-packages/airflow/example_dags/example_bash_operator.py
[2023-07-31T16:52:19.420-0500] {processor.py:836} INFO - DAG(s) dict_keys(['example_bash_operator']) retrieved from /home/joha/anaconda3/lib/python3.10/site-packages/airflow/example_dags/example_bash_operator.py
[2023-07-31T16:52:19.450-0500] {logging_mixin.py:150} INFO - [2023-07-31T16:52:19.450-0500] {dag.py:2742} INFO - Sync 1 DAGs
[2023-07-31T16:52:19.473-0500] {logging_mixin.py:150} INFO - [2023-07-31T16:52:19.473-0500] {dag.py:3504} INFO - Setting next_dagrun for example_bash_operator to 2023-07-30T00:00:00+00:00, run_after=2023-07-31T00:00:00+00:00
[2023-07-31T16:52:19.497-0500] {processor.py:179} INFO - Processing /home/joha/anaconda3/lib/python3.10/site-packages/airflow/example_dags/example_bash_operator.py took 0.110 seconds
[2023-07-31T16:53:26.994-0500] {processor.py:157} INFO - Started process (PID=69469) to work on /home/joha/anaconda3/lib/python3.10/site-packages/airflow/example_dags/example_bash_operator.py
[2023-07-31T16:53:27.002-0500] {processor.py:826} INFO - Processing file /home/joha/anaconda3/lib/python3.10/site-packages/airflow/example_dags/example_bash_operator.py for tasks to queue
[2023-07-31T16:53:27.005-0500] {logging_mixin.py:150} INFO - [2023-07-31T16:53:27.004-0500] {dagbag.py:541} INFO - Filling up the DagBag from /home/joha/anaconda3/lib/python3.10/site-packages/airflow/example_dags/example_bash_operator.py
[2023-07-31T16:53:27.036-0500] {processor.py:836} INFO - DAG(s) dict_keys(['example_bash_operator']) retrieved from /home/joha/anaconda3/lib/python3.10/site-packages/airflow/example_dags/example_bash_operator.py
[2023-07-31T16:53:27.066-0500] {logging_mixin.py:150} INFO - [2023-07-31T16:53:27.066-0500] {dag.py:2742} INFO - Sync 1 DAGs
[2023-07-31T16:53:27.086-0500] {logging_mixin.py:150} INFO - [2023-07-31T16:53:27.085-0500] {dag.py:3504} INFO - Setting next_dagrun for example_bash_operator to 2023-07-30T00:00:00+00:00, run_after=2023-07-31T00:00:00+00:00
[2023-07-31T16:53:27.104-0500] {processor.py:179} INFO - Processing /home/joha/anaconda3/lib/python3.10/site-packages/airflow/example_dags/example_bash_operator.py took 0.116 seconds
[2023-07-31T16:54:23.201-0500] {processor.py:157} INFO - Started process (PID=69541) to work on /home/joha/anaconda3/lib/python3.10/site-packages/airflow/example_dags/example_bash_operator.py
[2023-07-31T16:54:23.215-0500] {processor.py:826} INFO - Processing file /home/joha/anaconda3/lib/python3.10/site-packages/airflow/example_dags/example_bash_operator.py for tasks to queue
[2023-07-31T16:54:23.217-0500] {logging_mixin.py:150} INFO - [2023-07-31T16:54:23.216-0500] {dagbag.py:541} INFO - Filling up the DagBag from /home/joha/anaconda3/lib/python3.10/site-packages/airflow/example_dags/example_bash_operator.py
[2023-07-31T16:54:23.250-0500] {processor.py:836} INFO - DAG(s) dict_keys(['example_bash_operator']) retrieved from /home/joha/anaconda3/lib/python3.10/site-packages/airflow/example_dags/example_bash_operator.py
[2023-07-31T16:54:23.280-0500] {logging_mixin.py:150} INFO - [2023-07-31T16:54:23.280-0500] {dag.py:2742} INFO - Sync 1 DAGs
[2023-07-31T16:54:23.300-0500] {logging_mixin.py:150} INFO - [2023-07-31T16:54:23.299-0500] {dag.py:3504} INFO - Setting next_dagrun for example_bash_operator to 2023-07-30T00:00:00+00:00, run_after=2023-07-31T00:00:00+00:00
[2023-07-31T16:54:23.324-0500] {processor.py:179} INFO - Processing /home/joha/anaconda3/lib/python3.10/site-packages/airflow/example_dags/example_bash_operator.py took 0.129 seconds
[2023-07-31T16:55:12.875-0500] {processor.py:157} INFO - Started process (PID=69613) to work on /home/joha/anaconda3/lib/python3.10/site-packages/airflow/example_dags/example_bash_operator.py
[2023-07-31T16:55:12.883-0500] {processor.py:826} INFO - Processing file /home/joha/anaconda3/lib/python3.10/site-packages/airflow/example_dags/example_bash_operator.py for tasks to queue
[2023-07-31T16:55:12.886-0500] {logging_mixin.py:150} INFO - [2023-07-31T16:55:12.885-0500] {dagbag.py:541} INFO - Filling up the DagBag from /home/joha/anaconda3/lib/python3.10/site-packages/airflow/example_dags/example_bash_operator.py
[2023-07-31T16:55:12.919-0500] {processor.py:836} INFO - DAG(s) dict_keys(['example_bash_operator']) retrieved from /home/joha/anaconda3/lib/python3.10/site-packages/airflow/example_dags/example_bash_operator.py
[2023-07-31T16:55:12.957-0500] {logging_mixin.py:150} INFO - [2023-07-31T16:55:12.957-0500] {dag.py:2742} INFO - Sync 1 DAGs
[2023-07-31T16:55:12.982-0500] {logging_mixin.py:150} INFO - [2023-07-31T16:55:12.981-0500] {dag.py:3504} INFO - Setting next_dagrun for example_bash_operator to 2023-07-30T00:00:00+00:00, run_after=2023-07-31T00:00:00+00:00
[2023-07-31T16:55:13.009-0500] {processor.py:179} INFO - Processing /home/joha/anaconda3/lib/python3.10/site-packages/airflow/example_dags/example_bash_operator.py took 0.137 seconds
[2023-07-31T16:56:11.389-0500] {processor.py:157} INFO - Started process (PID=69685) to work on /home/joha/anaconda3/lib/python3.10/site-packages/airflow/example_dags/example_bash_operator.py
[2023-07-31T16:56:11.397-0500] {processor.py:826} INFO - Processing file /home/joha/anaconda3/lib/python3.10/site-packages/airflow/example_dags/example_bash_operator.py for tasks to queue
[2023-07-31T16:56:11.399-0500] {logging_mixin.py:150} INFO - [2023-07-31T16:56:11.398-0500] {dagbag.py:541} INFO - Filling up the DagBag from /home/joha/anaconda3/lib/python3.10/site-packages/airflow/example_dags/example_bash_operator.py
[2023-07-31T16:56:11.420-0500] {processor.py:836} INFO - DAG(s) dict_keys(['example_bash_operator']) retrieved from /home/joha/anaconda3/lib/python3.10/site-packages/airflow/example_dags/example_bash_operator.py
[2023-07-31T16:56:11.450-0500] {logging_mixin.py:150} INFO - [2023-07-31T16:56:11.450-0500] {dag.py:2742} INFO - Sync 1 DAGs
[2023-07-31T16:56:11.469-0500] {logging_mixin.py:150} INFO - [2023-07-31T16:56:11.469-0500] {dag.py:3504} INFO - Setting next_dagrun for example_bash_operator to 2023-07-30T00:00:00+00:00, run_after=2023-07-31T00:00:00+00:00
[2023-07-31T16:56:11.488-0500] {processor.py:179} INFO - Processing /home/joha/anaconda3/lib/python3.10/site-packages/airflow/example_dags/example_bash_operator.py took 0.104 seconds
