[2023-07-31T16:44:19.182-0500] {processor.py:157} INFO - Started process (PID=68413) to work on /home/joha/anaconda3/lib/python3.10/site-packages/airflow/example_dags/example_time_delta_sensor_async.py
[2023-07-31T16:44:19.183-0500] {processor.py:826} INFO - Processing file /home/joha/anaconda3/lib/python3.10/site-packages/airflow/example_dags/example_time_delta_sensor_async.py for tasks to queue
[2023-07-31T16:44:19.184-0500] {logging_mixin.py:150} INFO - [2023-07-31T16:44:19.184-0500] {dagbag.py:541} INFO - Filling up the DagBag from /home/joha/anaconda3/lib/python3.10/site-packages/airflow/example_dags/example_time_delta_sensor_async.py
[2023-07-31T16:44:19.192-0500] {processor.py:836} INFO - DAG(s) dict_keys(['example_time_delta_sensor_async']) retrieved from /home/joha/anaconda3/lib/python3.10/site-packages/airflow/example_dags/example_time_delta_sensor_async.py
[2023-07-31T16:44:19.212-0500] {logging_mixin.py:150} INFO - [2023-07-31T16:44:19.212-0500] {dag.py:2742} INFO - Sync 1 DAGs
[2023-07-31T16:44:19.235-0500] {logging_mixin.py:150} INFO - [2023-07-31T16:44:19.235-0500] {dag.py:3504} INFO - Setting next_dagrun for example_time_delta_sensor_async to None, run_after=None
[2023-07-31T16:44:19.264-0500] {processor.py:179} INFO - Processing /home/joha/anaconda3/lib/python3.10/site-packages/airflow/example_dags/example_time_delta_sensor_async.py took 0.086 seconds
[2023-07-31T16:45:08.139-0500] {processor.py:157} INFO - Started process (PID=68806) to work on /home/joha/anaconda3/lib/python3.10/site-packages/airflow/example_dags/example_time_delta_sensor_async.py
[2023-07-31T16:45:08.149-0500] {processor.py:826} INFO - Processing file /home/joha/anaconda3/lib/python3.10/site-packages/airflow/example_dags/example_time_delta_sensor_async.py for tasks to queue
[2023-07-31T16:45:08.150-0500] {logging_mixin.py:150} INFO - [2023-07-31T16:45:08.150-0500] {dagbag.py:541} INFO - Filling up the DagBag from /home/joha/anaconda3/lib/python3.10/site-packages/airflow/example_dags/example_time_delta_sensor_async.py
[2023-07-31T16:45:08.157-0500] {processor.py:836} INFO - DAG(s) dict_keys(['example_time_delta_sensor_async']) retrieved from /home/joha/anaconda3/lib/python3.10/site-packages/airflow/example_dags/example_time_delta_sensor_async.py
[2023-07-31T16:45:08.180-0500] {logging_mixin.py:150} INFO - [2023-07-31T16:45:08.179-0500] {dag.py:2742} INFO - Sync 1 DAGs
[2023-07-31T16:45:08.202-0500] {logging_mixin.py:150} INFO - [2023-07-31T16:45:08.201-0500] {dag.py:3504} INFO - Setting next_dagrun for example_time_delta_sensor_async to None, run_after=None
[2023-07-31T16:45:08.225-0500] {processor.py:179} INFO - Processing /home/joha/anaconda3/lib/python3.10/site-packages/airflow/example_dags/example_time_delta_sensor_async.py took 0.088 seconds
[2023-07-31T16:45:58.021-0500] {processor.py:157} INFO - Started process (PID=68871) to work on /home/joha/anaconda3/lib/python3.10/site-packages/airflow/example_dags/example_time_delta_sensor_async.py
[2023-07-31T16:45:58.030-0500] {processor.py:826} INFO - Processing file /home/joha/anaconda3/lib/python3.10/site-packages/airflow/example_dags/example_time_delta_sensor_async.py for tasks to queue
[2023-07-31T16:45:58.031-0500] {logging_mixin.py:150} INFO - [2023-07-31T16:45:58.031-0500] {dagbag.py:541} INFO - Filling up the DagBag from /home/joha/anaconda3/lib/python3.10/site-packages/airflow/example_dags/example_time_delta_sensor_async.py
[2023-07-31T16:45:58.037-0500] {processor.py:836} INFO - DAG(s) dict_keys(['example_time_delta_sensor_async']) retrieved from /home/joha/anaconda3/lib/python3.10/site-packages/airflow/example_dags/example_time_delta_sensor_async.py
[2023-07-31T16:45:58.056-0500] {logging_mixin.py:150} INFO - [2023-07-31T16:45:58.055-0500] {dag.py:2742} INFO - Sync 1 DAGs
[2023-07-31T16:45:58.075-0500] {logging_mixin.py:150} INFO - [2023-07-31T16:45:58.075-0500] {dag.py:3504} INFO - Setting next_dagrun for example_time_delta_sensor_async to None, run_after=None
[2023-07-31T16:45:58.100-0500] {processor.py:179} INFO - Processing /home/joha/anaconda3/lib/python3.10/site-packages/airflow/example_dags/example_time_delta_sensor_async.py took 0.084 seconds
[2023-07-31T16:46:33.820-0500] {processor.py:157} INFO - Started process (PID=68924) to work on /home/joha/anaconda3/lib/python3.10/site-packages/airflow/example_dags/example_time_delta_sensor_async.py
[2023-07-31T16:46:33.828-0500] {processor.py:826} INFO - Processing file /home/joha/anaconda3/lib/python3.10/site-packages/airflow/example_dags/example_time_delta_sensor_async.py for tasks to queue
[2023-07-31T16:46:33.829-0500] {logging_mixin.py:150} INFO - [2023-07-31T16:46:33.829-0500] {dagbag.py:541} INFO - Filling up the DagBag from /home/joha/anaconda3/lib/python3.10/site-packages/airflow/example_dags/example_time_delta_sensor_async.py
[2023-07-31T16:46:33.836-0500] {processor.py:836} INFO - DAG(s) dict_keys(['example_time_delta_sensor_async']) retrieved from /home/joha/anaconda3/lib/python3.10/site-packages/airflow/example_dags/example_time_delta_sensor_async.py
[2023-07-31T16:46:33.856-0500] {logging_mixin.py:150} INFO - [2023-07-31T16:46:33.856-0500] {dag.py:2742} INFO - Sync 1 DAGs
[2023-07-31T16:46:33.879-0500] {logging_mixin.py:150} INFO - [2023-07-31T16:46:33.878-0500] {dag.py:3504} INFO - Setting next_dagrun for example_time_delta_sensor_async to None, run_after=None
[2023-07-31T16:46:33.901-0500] {processor.py:179} INFO - Processing /home/joha/anaconda3/lib/python3.10/site-packages/airflow/example_dags/example_time_delta_sensor_async.py took 0.085 seconds
[2023-07-31T16:47:11.649-0500] {processor.py:157} INFO - Started process (PID=68970) to work on /home/joha/anaconda3/lib/python3.10/site-packages/airflow/example_dags/example_time_delta_sensor_async.py
[2023-07-31T16:47:11.650-0500] {processor.py:826} INFO - Processing file /home/joha/anaconda3/lib/python3.10/site-packages/airflow/example_dags/example_time_delta_sensor_async.py for tasks to queue
[2023-07-31T16:47:11.651-0500] {logging_mixin.py:150} INFO - [2023-07-31T16:47:11.651-0500] {dagbag.py:541} INFO - Filling up the DagBag from /home/joha/anaconda3/lib/python3.10/site-packages/airflow/example_dags/example_time_delta_sensor_async.py
[2023-07-31T16:47:11.658-0500] {processor.py:836} INFO - DAG(s) dict_keys(['example_time_delta_sensor_async']) retrieved from /home/joha/anaconda3/lib/python3.10/site-packages/airflow/example_dags/example_time_delta_sensor_async.py
[2023-07-31T16:47:11.680-0500] {logging_mixin.py:150} INFO - [2023-07-31T16:47:11.680-0500] {dag.py:2742} INFO - Sync 1 DAGs
[2023-07-31T16:47:11.701-0500] {logging_mixin.py:150} INFO - [2023-07-31T16:47:11.701-0500] {dag.py:3504} INFO - Setting next_dagrun for example_time_delta_sensor_async to None, run_after=None
[2023-07-31T16:47:11.724-0500] {processor.py:179} INFO - Processing /home/joha/anaconda3/lib/python3.10/site-packages/airflow/example_dags/example_time_delta_sensor_async.py took 0.080 seconds
[2023-07-31T16:47:48.106-0500] {processor.py:157} INFO - Started process (PID=69013) to work on /home/joha/anaconda3/lib/python3.10/site-packages/airflow/example_dags/example_time_delta_sensor_async.py
[2023-07-31T16:47:48.114-0500] {processor.py:826} INFO - Processing file /home/joha/anaconda3/lib/python3.10/site-packages/airflow/example_dags/example_time_delta_sensor_async.py for tasks to queue
[2023-07-31T16:47:48.117-0500] {logging_mixin.py:150} INFO - [2023-07-31T16:47:48.116-0500] {dagbag.py:541} INFO - Filling up the DagBag from /home/joha/anaconda3/lib/python3.10/site-packages/airflow/example_dags/example_time_delta_sensor_async.py
[2023-07-31T16:47:48.135-0500] {processor.py:836} INFO - DAG(s) dict_keys(['example_time_delta_sensor_async']) retrieved from /home/joha/anaconda3/lib/python3.10/site-packages/airflow/example_dags/example_time_delta_sensor_async.py
[2023-07-31T16:47:48.157-0500] {logging_mixin.py:150} INFO - [2023-07-31T16:47:48.156-0500] {dag.py:2742} INFO - Sync 1 DAGs
[2023-07-31T16:47:48.175-0500] {logging_mixin.py:150} INFO - [2023-07-31T16:47:48.175-0500] {dag.py:3504} INFO - Setting next_dagrun for example_time_delta_sensor_async to None, run_after=None
[2023-07-31T16:47:48.194-0500] {processor.py:179} INFO - Processing /home/joha/anaconda3/lib/python3.10/site-packages/airflow/example_dags/example_time_delta_sensor_async.py took 0.094 seconds
[2023-07-31T16:48:23.445-0500] {processor.py:157} INFO - Started process (PID=69057) to work on /home/joha/anaconda3/lib/python3.10/site-packages/airflow/example_dags/example_time_delta_sensor_async.py
[2023-07-31T16:48:23.454-0500] {processor.py:826} INFO - Processing file /home/joha/anaconda3/lib/python3.10/site-packages/airflow/example_dags/example_time_delta_sensor_async.py for tasks to queue
[2023-07-31T16:48:23.456-0500] {logging_mixin.py:150} INFO - [2023-07-31T16:48:23.455-0500] {dagbag.py:541} INFO - Filling up the DagBag from /home/joha/anaconda3/lib/python3.10/site-packages/airflow/example_dags/example_time_delta_sensor_async.py
[2023-07-31T16:48:23.469-0500] {processor.py:836} INFO - DAG(s) dict_keys(['example_time_delta_sensor_async']) retrieved from /home/joha/anaconda3/lib/python3.10/site-packages/airflow/example_dags/example_time_delta_sensor_async.py
[2023-07-31T16:48:23.490-0500] {logging_mixin.py:150} INFO - [2023-07-31T16:48:23.490-0500] {dag.py:2742} INFO - Sync 1 DAGs
[2023-07-31T16:48:23.508-0500] {logging_mixin.py:150} INFO - [2023-07-31T16:48:23.508-0500] {dag.py:3504} INFO - Setting next_dagrun for example_time_delta_sensor_async to None, run_after=None
[2023-07-31T16:48:23.528-0500] {processor.py:179} INFO - Processing /home/joha/anaconda3/lib/python3.10/site-packages/airflow/example_dags/example_time_delta_sensor_async.py took 0.089 seconds
[2023-07-31T16:49:15.640-0500] {processor.py:157} INFO - Started process (PID=69131) to work on /home/joha/anaconda3/lib/python3.10/site-packages/airflow/example_dags/example_time_delta_sensor_async.py
[2023-07-31T16:49:15.651-0500] {processor.py:826} INFO - Processing file /home/joha/anaconda3/lib/python3.10/site-packages/airflow/example_dags/example_time_delta_sensor_async.py for tasks to queue
[2023-07-31T16:49:15.654-0500] {logging_mixin.py:150} INFO - [2023-07-31T16:49:15.652-0500] {dagbag.py:541} INFO - Filling up the DagBag from /home/joha/anaconda3/lib/python3.10/site-packages/airflow/example_dags/example_time_delta_sensor_async.py
[2023-07-31T16:49:15.668-0500] {processor.py:836} INFO - DAG(s) dict_keys(['example_time_delta_sensor_async']) retrieved from /home/joha/anaconda3/lib/python3.10/site-packages/airflow/example_dags/example_time_delta_sensor_async.py
[2023-07-31T16:49:15.688-0500] {logging_mixin.py:150} INFO - [2023-07-31T16:49:15.688-0500] {dag.py:2742} INFO - Sync 1 DAGs
[2023-07-31T16:49:15.708-0500] {logging_mixin.py:150} INFO - [2023-07-31T16:49:15.708-0500] {dag.py:3504} INFO - Setting next_dagrun for example_time_delta_sensor_async to None, run_after=None
[2023-07-31T16:49:15.730-0500] {processor.py:179} INFO - Processing /home/joha/anaconda3/lib/python3.10/site-packages/airflow/example_dags/example_time_delta_sensor_async.py took 0.101 seconds
[2023-07-31T16:49:56.049-0500] {processor.py:157} INFO - Started process (PID=69193) to work on /home/joha/anaconda3/lib/python3.10/site-packages/airflow/example_dags/example_time_delta_sensor_async.py
[2023-07-31T16:49:56.057-0500] {processor.py:826} INFO - Processing file /home/joha/anaconda3/lib/python3.10/site-packages/airflow/example_dags/example_time_delta_sensor_async.py for tasks to queue
[2023-07-31T16:49:56.059-0500] {logging_mixin.py:150} INFO - [2023-07-31T16:49:56.058-0500] {dagbag.py:541} INFO - Filling up the DagBag from /home/joha/anaconda3/lib/python3.10/site-packages/airflow/example_dags/example_time_delta_sensor_async.py
[2023-07-31T16:49:56.069-0500] {processor.py:836} INFO - DAG(s) dict_keys(['example_time_delta_sensor_async']) retrieved from /home/joha/anaconda3/lib/python3.10/site-packages/airflow/example_dags/example_time_delta_sensor_async.py
[2023-07-31T16:49:56.091-0500] {logging_mixin.py:150} INFO - [2023-07-31T16:49:56.091-0500] {dag.py:2742} INFO - Sync 1 DAGs
[2023-07-31T16:49:56.111-0500] {logging_mixin.py:150} INFO - [2023-07-31T16:49:56.111-0500] {dag.py:3504} INFO - Setting next_dagrun for example_time_delta_sensor_async to None, run_after=None
[2023-07-31T16:49:56.130-0500] {processor.py:179} INFO - Processing /home/joha/anaconda3/lib/python3.10/site-packages/airflow/example_dags/example_time_delta_sensor_async.py took 0.085 seconds
[2023-07-31T16:50:34.135-0500] {processor.py:157} INFO - Started process (PID=69256) to work on /home/joha/anaconda3/lib/python3.10/site-packages/airflow/example_dags/example_time_delta_sensor_async.py
[2023-07-31T16:50:34.143-0500] {processor.py:826} INFO - Processing file /home/joha/anaconda3/lib/python3.10/site-packages/airflow/example_dags/example_time_delta_sensor_async.py for tasks to queue
[2023-07-31T16:50:34.144-0500] {logging_mixin.py:150} INFO - [2023-07-31T16:50:34.143-0500] {dagbag.py:541} INFO - Filling up the DagBag from /home/joha/anaconda3/lib/python3.10/site-packages/airflow/example_dags/example_time_delta_sensor_async.py
[2023-07-31T16:50:34.153-0500] {processor.py:836} INFO - DAG(s) dict_keys(['example_time_delta_sensor_async']) retrieved from /home/joha/anaconda3/lib/python3.10/site-packages/airflow/example_dags/example_time_delta_sensor_async.py
[2023-07-31T16:50:34.178-0500] {logging_mixin.py:150} INFO - [2023-07-31T16:50:34.178-0500] {dag.py:2742} INFO - Sync 1 DAGs
[2023-07-31T16:50:34.201-0500] {logging_mixin.py:150} INFO - [2023-07-31T16:50:34.201-0500] {dag.py:3504} INFO - Setting next_dagrun for example_time_delta_sensor_async to None, run_after=None
[2023-07-31T16:50:34.235-0500] {processor.py:179} INFO - Processing /home/joha/anaconda3/lib/python3.10/site-packages/airflow/example_dags/example_time_delta_sensor_async.py took 0.107 seconds
[2023-07-31T16:51:12.563-0500] {processor.py:157} INFO - Started process (PID=69295) to work on /home/joha/anaconda3/lib/python3.10/site-packages/airflow/example_dags/example_time_delta_sensor_async.py
[2023-07-31T16:51:12.571-0500] {processor.py:826} INFO - Processing file /home/joha/anaconda3/lib/python3.10/site-packages/airflow/example_dags/example_time_delta_sensor_async.py for tasks to queue
[2023-07-31T16:51:12.574-0500] {logging_mixin.py:150} INFO - [2023-07-31T16:51:12.573-0500] {dagbag.py:541} INFO - Filling up the DagBag from /home/joha/anaconda3/lib/python3.10/site-packages/airflow/example_dags/example_time_delta_sensor_async.py
[2023-07-31T16:51:12.591-0500] {processor.py:836} INFO - DAG(s) dict_keys(['example_time_delta_sensor_async']) retrieved from /home/joha/anaconda3/lib/python3.10/site-packages/airflow/example_dags/example_time_delta_sensor_async.py
[2023-07-31T16:51:12.611-0500] {logging_mixin.py:150} INFO - [2023-07-31T16:51:12.611-0500] {dag.py:2742} INFO - Sync 1 DAGs
[2023-07-31T16:51:12.631-0500] {logging_mixin.py:150} INFO - [2023-07-31T16:51:12.631-0500] {dag.py:3504} INFO - Setting next_dagrun for example_time_delta_sensor_async to None, run_after=None
[2023-07-31T16:51:12.653-0500] {processor.py:179} INFO - Processing /home/joha/anaconda3/lib/python3.10/site-packages/airflow/example_dags/example_time_delta_sensor_async.py took 0.094 seconds
[2023-07-31T16:51:50.693-0500] {processor.py:157} INFO - Started process (PID=69347) to work on /home/joha/anaconda3/lib/python3.10/site-packages/airflow/example_dags/example_time_delta_sensor_async.py
[2023-07-31T16:51:50.701-0500] {processor.py:826} INFO - Processing file /home/joha/anaconda3/lib/python3.10/site-packages/airflow/example_dags/example_time_delta_sensor_async.py for tasks to queue
[2023-07-31T16:51:50.702-0500] {logging_mixin.py:150} INFO - [2023-07-31T16:51:50.701-0500] {dagbag.py:541} INFO - Filling up the DagBag from /home/joha/anaconda3/lib/python3.10/site-packages/airflow/example_dags/example_time_delta_sensor_async.py
[2023-07-31T16:51:50.708-0500] {processor.py:836} INFO - DAG(s) dict_keys(['example_time_delta_sensor_async']) retrieved from /home/joha/anaconda3/lib/python3.10/site-packages/airflow/example_dags/example_time_delta_sensor_async.py
[2023-07-31T16:51:50.727-0500] {logging_mixin.py:150} INFO - [2023-07-31T16:51:50.727-0500] {dag.py:2742} INFO - Sync 1 DAGs
[2023-07-31T16:51:50.748-0500] {logging_mixin.py:150} INFO - [2023-07-31T16:51:50.748-0500] {dag.py:3504} INFO - Setting next_dagrun for example_time_delta_sensor_async to None, run_after=None
[2023-07-31T16:51:50.772-0500] {processor.py:179} INFO - Processing /home/joha/anaconda3/lib/python3.10/site-packages/airflow/example_dags/example_time_delta_sensor_async.py took 0.082 seconds
[2023-07-31T16:52:28.496-0500] {processor.py:157} INFO - Started process (PID=69405) to work on /home/joha/anaconda3/lib/python3.10/site-packages/airflow/example_dags/example_time_delta_sensor_async.py
[2023-07-31T16:52:28.505-0500] {processor.py:826} INFO - Processing file /home/joha/anaconda3/lib/python3.10/site-packages/airflow/example_dags/example_time_delta_sensor_async.py for tasks to queue
[2023-07-31T16:52:28.507-0500] {logging_mixin.py:150} INFO - [2023-07-31T16:52:28.506-0500] {dagbag.py:541} INFO - Filling up the DagBag from /home/joha/anaconda3/lib/python3.10/site-packages/airflow/example_dags/example_time_delta_sensor_async.py
[2023-07-31T16:52:28.521-0500] {processor.py:836} INFO - DAG(s) dict_keys(['example_time_delta_sensor_async']) retrieved from /home/joha/anaconda3/lib/python3.10/site-packages/airflow/example_dags/example_time_delta_sensor_async.py
[2023-07-31T16:52:28.544-0500] {logging_mixin.py:150} INFO - [2023-07-31T16:52:28.543-0500] {dag.py:2742} INFO - Sync 1 DAGs
[2023-07-31T16:52:28.569-0500] {logging_mixin.py:150} INFO - [2023-07-31T16:52:28.569-0500] {dag.py:3504} INFO - Setting next_dagrun for example_time_delta_sensor_async to None, run_after=None
[2023-07-31T16:52:28.595-0500] {processor.py:179} INFO - Processing /home/joha/anaconda3/lib/python3.10/site-packages/airflow/example_dags/example_time_delta_sensor_async.py took 0.103 seconds
[2023-07-31T16:53:12.083-0500] {processor.py:157} INFO - Started process (PID=69455) to work on /home/joha/anaconda3/lib/python3.10/site-packages/airflow/example_dags/example_time_delta_sensor_async.py
[2023-07-31T16:53:12.089-0500] {processor.py:826} INFO - Processing file /home/joha/anaconda3/lib/python3.10/site-packages/airflow/example_dags/example_time_delta_sensor_async.py for tasks to queue
[2023-07-31T16:53:12.091-0500] {logging_mixin.py:150} INFO - [2023-07-31T16:53:12.090-0500] {dagbag.py:541} INFO - Filling up the DagBag from /home/joha/anaconda3/lib/python3.10/site-packages/airflow/example_dags/example_time_delta_sensor_async.py
[2023-07-31T16:53:12.103-0500] {processor.py:836} INFO - DAG(s) dict_keys(['example_time_delta_sensor_async']) retrieved from /home/joha/anaconda3/lib/python3.10/site-packages/airflow/example_dags/example_time_delta_sensor_async.py
[2023-07-31T16:53:12.125-0500] {logging_mixin.py:150} INFO - [2023-07-31T16:53:12.124-0500] {dag.py:2742} INFO - Sync 1 DAGs
[2023-07-31T16:53:12.142-0500] {logging_mixin.py:150} INFO - [2023-07-31T16:53:12.142-0500] {dag.py:3504} INFO - Setting next_dagrun for example_time_delta_sensor_async to None, run_after=None
[2023-07-31T16:53:12.441-0500] {processor.py:179} INFO - Processing /home/joha/anaconda3/lib/python3.10/site-packages/airflow/example_dags/example_time_delta_sensor_async.py took 0.364 seconds
[2023-07-31T16:53:58.358-0500] {processor.py:157} INFO - Started process (PID=69508) to work on /home/joha/anaconda3/lib/python3.10/site-packages/airflow/example_dags/example_time_delta_sensor_async.py
[2023-07-31T16:53:58.369-0500] {processor.py:826} INFO - Processing file /home/joha/anaconda3/lib/python3.10/site-packages/airflow/example_dags/example_time_delta_sensor_async.py for tasks to queue
[2023-07-31T16:53:58.372-0500] {logging_mixin.py:150} INFO - [2023-07-31T16:53:58.371-0500] {dagbag.py:541} INFO - Filling up the DagBag from /home/joha/anaconda3/lib/python3.10/site-packages/airflow/example_dags/example_time_delta_sensor_async.py
[2023-07-31T16:53:58.384-0500] {processor.py:836} INFO - DAG(s) dict_keys(['example_time_delta_sensor_async']) retrieved from /home/joha/anaconda3/lib/python3.10/site-packages/airflow/example_dags/example_time_delta_sensor_async.py
[2023-07-31T16:53:58.407-0500] {logging_mixin.py:150} INFO - [2023-07-31T16:53:58.407-0500] {dag.py:2742} INFO - Sync 1 DAGs
[2023-07-31T16:53:58.425-0500] {logging_mixin.py:150} INFO - [2023-07-31T16:53:58.425-0500] {dag.py:3504} INFO - Setting next_dagrun for example_time_delta_sensor_async to None, run_after=None
[2023-07-31T16:53:58.444-0500] {processor.py:179} INFO - Processing /home/joha/anaconda3/lib/python3.10/site-packages/airflow/example_dags/example_time_delta_sensor_async.py took 0.093 seconds
[2023-07-31T16:54:45.692-0500] {processor.py:157} INFO - Started process (PID=69569) to work on /home/joha/anaconda3/lib/python3.10/site-packages/airflow/example_dags/example_time_delta_sensor_async.py
[2023-07-31T16:54:45.700-0500] {processor.py:826} INFO - Processing file /home/joha/anaconda3/lib/python3.10/site-packages/airflow/example_dags/example_time_delta_sensor_async.py for tasks to queue
[2023-07-31T16:54:45.703-0500] {logging_mixin.py:150} INFO - [2023-07-31T16:54:45.702-0500] {dagbag.py:541} INFO - Filling up the DagBag from /home/joha/anaconda3/lib/python3.10/site-packages/airflow/example_dags/example_time_delta_sensor_async.py
[2023-07-31T16:54:45.721-0500] {processor.py:836} INFO - DAG(s) dict_keys(['example_time_delta_sensor_async']) retrieved from /home/joha/anaconda3/lib/python3.10/site-packages/airflow/example_dags/example_time_delta_sensor_async.py
[2023-07-31T16:54:45.744-0500] {logging_mixin.py:150} INFO - [2023-07-31T16:54:45.744-0500] {dag.py:2742} INFO - Sync 1 DAGs
[2023-07-31T16:54:45.762-0500] {logging_mixin.py:150} INFO - [2023-07-31T16:54:45.761-0500] {dag.py:3504} INFO - Setting next_dagrun for example_time_delta_sensor_async to None, run_after=None
[2023-07-31T16:54:45.780-0500] {processor.py:179} INFO - Processing /home/joha/anaconda3/lib/python3.10/site-packages/airflow/example_dags/example_time_delta_sensor_async.py took 0.094 seconds
[2023-07-31T16:55:21.472-0500] {processor.py:157} INFO - Started process (PID=69623) to work on /home/joha/anaconda3/lib/python3.10/site-packages/airflow/example_dags/example_time_delta_sensor_async.py
[2023-07-31T16:55:21.480-0500] {processor.py:826} INFO - Processing file /home/joha/anaconda3/lib/python3.10/site-packages/airflow/example_dags/example_time_delta_sensor_async.py for tasks to queue
[2023-07-31T16:55:21.483-0500] {logging_mixin.py:150} INFO - [2023-07-31T16:55:21.482-0500] {dagbag.py:541} INFO - Filling up the DagBag from /home/joha/anaconda3/lib/python3.10/site-packages/airflow/example_dags/example_time_delta_sensor_async.py
[2023-07-31T16:55:21.501-0500] {processor.py:836} INFO - DAG(s) dict_keys(['example_time_delta_sensor_async']) retrieved from /home/joha/anaconda3/lib/python3.10/site-packages/airflow/example_dags/example_time_delta_sensor_async.py
[2023-07-31T16:55:21.523-0500] {logging_mixin.py:150} INFO - [2023-07-31T16:55:21.522-0500] {dag.py:2742} INFO - Sync 1 DAGs
[2023-07-31T16:55:21.541-0500] {logging_mixin.py:150} INFO - [2023-07-31T16:55:21.540-0500] {dag.py:3504} INFO - Setting next_dagrun for example_time_delta_sensor_async to None, run_after=None
[2023-07-31T16:55:21.560-0500] {processor.py:179} INFO - Processing /home/joha/anaconda3/lib/python3.10/site-packages/airflow/example_dags/example_time_delta_sensor_async.py took 0.093 seconds
[2023-07-31T16:56:00.553-0500] {processor.py:157} INFO - Started process (PID=69667) to work on /home/joha/anaconda3/lib/python3.10/site-packages/airflow/example_dags/example_time_delta_sensor_async.py
[2023-07-31T16:56:00.560-0500] {processor.py:826} INFO - Processing file /home/joha/anaconda3/lib/python3.10/site-packages/airflow/example_dags/example_time_delta_sensor_async.py for tasks to queue
[2023-07-31T16:56:00.562-0500] {logging_mixin.py:150} INFO - [2023-07-31T16:56:00.561-0500] {dagbag.py:541} INFO - Filling up the DagBag from /home/joha/anaconda3/lib/python3.10/site-packages/airflow/example_dags/example_time_delta_sensor_async.py
[2023-07-31T16:56:00.570-0500] {processor.py:836} INFO - DAG(s) dict_keys(['example_time_delta_sensor_async']) retrieved from /home/joha/anaconda3/lib/python3.10/site-packages/airflow/example_dags/example_time_delta_sensor_async.py
[2023-07-31T16:56:00.596-0500] {logging_mixin.py:150} INFO - [2023-07-31T16:56:00.596-0500] {dag.py:2742} INFO - Sync 1 DAGs
[2023-07-31T16:56:00.617-0500] {logging_mixin.py:150} INFO - [2023-07-31T16:56:00.617-0500] {dag.py:3504} INFO - Setting next_dagrun for example_time_delta_sensor_async to None, run_after=None
[2023-07-31T16:56:00.637-0500] {processor.py:179} INFO - Processing /home/joha/anaconda3/lib/python3.10/site-packages/airflow/example_dags/example_time_delta_sensor_async.py took 0.090 seconds
