[2023-07-31T16:44:43.257-0500] {processor.py:157} INFO - Started process (PID=68772) to work on /home/joha/anaconda3/lib/python3.10/site-packages/airflow/example_dags/example_python_operator.py
[2023-07-31T16:44:43.258-0500] {processor.py:826} INFO - Processing file /home/joha/anaconda3/lib/python3.10/site-packages/airflow/example_dags/example_python_operator.py for tasks to queue
[2023-07-31T16:44:43.260-0500] {logging_mixin.py:150} INFO - [2023-07-31T16:44:43.260-0500] {dagbag.py:541} INFO - Filling up the DagBag from /home/joha/anaconda3/lib/python3.10/site-packages/airflow/example_dags/example_python_operator.py
[2023-07-31T16:44:43.272-0500] {logging_mixin.py:150} INFO - [2023-07-31T16:44:43.271-0500] {example_python_operator.py:90} WARNING - The virtalenv_python example task requires virtualenv, please install it.
[2023-07-31T16:44:43.272-0500] {processor.py:836} INFO - DAG(s) dict_keys(['example_python_operator']) retrieved from /home/joha/anaconda3/lib/python3.10/site-packages/airflow/example_dags/example_python_operator.py
[2023-07-31T16:44:43.301-0500] {logging_mixin.py:150} INFO - [2023-07-31T16:44:43.301-0500] {dag.py:2742} INFO - Sync 1 DAGs
[2023-07-31T16:44:43.334-0500] {logging_mixin.py:150} INFO - [2023-07-31T16:44:43.334-0500] {dag.py:3504} INFO - Setting next_dagrun for example_python_operator to None, run_after=None
[2023-07-31T16:44:43.367-0500] {processor.py:179} INFO - Processing /home/joha/anaconda3/lib/python3.10/site-packages/airflow/example_dags/example_python_operator.py took 0.114 seconds
[2023-07-31T16:45:30.498-0500] {processor.py:157} INFO - Started process (PID=68839) to work on /home/joha/anaconda3/lib/python3.10/site-packages/airflow/example_dags/example_python_operator.py
[2023-07-31T16:45:30.499-0500] {processor.py:826} INFO - Processing file /home/joha/anaconda3/lib/python3.10/site-packages/airflow/example_dags/example_python_operator.py for tasks to queue
[2023-07-31T16:45:30.500-0500] {logging_mixin.py:150} INFO - [2023-07-31T16:45:30.500-0500] {dagbag.py:541} INFO - Filling up the DagBag from /home/joha/anaconda3/lib/python3.10/site-packages/airflow/example_dags/example_python_operator.py
[2023-07-31T16:45:30.511-0500] {logging_mixin.py:150} INFO - [2023-07-31T16:45:30.511-0500] {example_python_operator.py:90} WARNING - The virtalenv_python example task requires virtualenv, please install it.
[2023-07-31T16:45:30.512-0500] {processor.py:836} INFO - DAG(s) dict_keys(['example_python_operator']) retrieved from /home/joha/anaconda3/lib/python3.10/site-packages/airflow/example_dags/example_python_operator.py
[2023-07-31T16:45:30.533-0500] {logging_mixin.py:150} INFO - [2023-07-31T16:45:30.533-0500] {dag.py:2742} INFO - Sync 1 DAGs
[2023-07-31T16:45:30.562-0500] {logging_mixin.py:150} INFO - [2023-07-31T16:45:30.562-0500] {dag.py:3504} INFO - Setting next_dagrun for example_python_operator to None, run_after=None
[2023-07-31T16:45:30.585-0500] {processor.py:179} INFO - Processing /home/joha/anaconda3/lib/python3.10/site-packages/airflow/example_dags/example_python_operator.py took 0.090 seconds
[2023-07-31T16:46:26.178-0500] {processor.py:157} INFO - Started process (PID=68915) to work on /home/joha/anaconda3/lib/python3.10/site-packages/airflow/example_dags/example_python_operator.py
[2023-07-31T16:46:26.180-0500] {processor.py:826} INFO - Processing file /home/joha/anaconda3/lib/python3.10/site-packages/airflow/example_dags/example_python_operator.py for tasks to queue
[2023-07-31T16:46:26.181-0500] {logging_mixin.py:150} INFO - [2023-07-31T16:46:26.180-0500] {dagbag.py:541} INFO - Filling up the DagBag from /home/joha/anaconda3/lib/python3.10/site-packages/airflow/example_dags/example_python_operator.py
[2023-07-31T16:46:26.190-0500] {logging_mixin.py:150} INFO - [2023-07-31T16:46:26.190-0500] {example_python_operator.py:90} WARNING - The virtalenv_python example task requires virtualenv, please install it.
[2023-07-31T16:46:26.191-0500] {processor.py:836} INFO - DAG(s) dict_keys(['example_python_operator']) retrieved from /home/joha/anaconda3/lib/python3.10/site-packages/airflow/example_dags/example_python_operator.py
[2023-07-31T16:46:26.213-0500] {logging_mixin.py:150} INFO - [2023-07-31T16:46:26.213-0500] {dag.py:2742} INFO - Sync 1 DAGs
[2023-07-31T16:46:26.234-0500] {logging_mixin.py:150} INFO - [2023-07-31T16:46:26.233-0500] {dag.py:3504} INFO - Setting next_dagrun for example_python_operator to None, run_after=None
[2023-07-31T16:46:26.257-0500] {processor.py:179} INFO - Processing /home/joha/anaconda3/lib/python3.10/site-packages/airflow/example_dags/example_python_operator.py took 0.082 seconds
[2023-07-31T16:47:19.396-0500] {processor.py:157} INFO - Started process (PID=68981) to work on /home/joha/anaconda3/lib/python3.10/site-packages/airflow/example_dags/example_python_operator.py
[2023-07-31T16:47:19.404-0500] {processor.py:826} INFO - Processing file /home/joha/anaconda3/lib/python3.10/site-packages/airflow/example_dags/example_python_operator.py for tasks to queue
[2023-07-31T16:47:19.405-0500] {logging_mixin.py:150} INFO - [2023-07-31T16:47:19.404-0500] {dagbag.py:541} INFO - Filling up the DagBag from /home/joha/anaconda3/lib/python3.10/site-packages/airflow/example_dags/example_python_operator.py
[2023-07-31T16:47:19.418-0500] {logging_mixin.py:150} INFO - [2023-07-31T16:47:19.418-0500] {example_python_operator.py:90} WARNING - The virtalenv_python example task requires virtualenv, please install it.
[2023-07-31T16:47:19.419-0500] {processor.py:836} INFO - DAG(s) dict_keys(['example_python_operator']) retrieved from /home/joha/anaconda3/lib/python3.10/site-packages/airflow/example_dags/example_python_operator.py
[2023-07-31T16:47:19.439-0500] {logging_mixin.py:150} INFO - [2023-07-31T16:47:19.439-0500] {dag.py:2742} INFO - Sync 1 DAGs
[2023-07-31T16:47:19.465-0500] {logging_mixin.py:150} INFO - [2023-07-31T16:47:19.464-0500] {dag.py:3504} INFO - Setting next_dagrun for example_python_operator to None, run_after=None
[2023-07-31T16:47:19.493-0500] {processor.py:179} INFO - Processing /home/joha/anaconda3/lib/python3.10/site-packages/airflow/example_dags/example_python_operator.py took 0.101 seconds
[2023-07-31T16:48:13.282-0500] {processor.py:157} INFO - Started process (PID=69047) to work on /home/joha/anaconda3/lib/python3.10/site-packages/airflow/example_dags/example_python_operator.py
[2023-07-31T16:48:13.284-0500] {processor.py:826} INFO - Processing file /home/joha/anaconda3/lib/python3.10/site-packages/airflow/example_dags/example_python_operator.py for tasks to queue
[2023-07-31T16:48:13.285-0500] {logging_mixin.py:150} INFO - [2023-07-31T16:48:13.285-0500] {dagbag.py:541} INFO - Filling up the DagBag from /home/joha/anaconda3/lib/python3.10/site-packages/airflow/example_dags/example_python_operator.py
[2023-07-31T16:48:13.300-0500] {logging_mixin.py:150} INFO - [2023-07-31T16:48:13.300-0500] {example_python_operator.py:90} WARNING - The virtalenv_python example task requires virtualenv, please install it.
[2023-07-31T16:48:13.301-0500] {processor.py:836} INFO - DAG(s) dict_keys(['example_python_operator']) retrieved from /home/joha/anaconda3/lib/python3.10/site-packages/airflow/example_dags/example_python_operator.py
[2023-07-31T16:48:13.321-0500] {logging_mixin.py:150} INFO - [2023-07-31T16:48:13.321-0500] {dag.py:2742} INFO - Sync 1 DAGs
[2023-07-31T16:48:13.340-0500] {logging_mixin.py:150} INFO - [2023-07-31T16:48:13.339-0500] {dag.py:3504} INFO - Setting next_dagrun for example_python_operator to None, run_after=None
[2023-07-31T16:48:13.358-0500] {processor.py:179} INFO - Processing /home/joha/anaconda3/lib/python3.10/site-packages/airflow/example_dags/example_python_operator.py took 0.081 seconds
[2023-07-31T16:49:04.189-0500] {processor.py:157} INFO - Started process (PID=69117) to work on /home/joha/anaconda3/lib/python3.10/site-packages/airflow/example_dags/example_python_operator.py
[2023-07-31T16:49:04.194-0500] {processor.py:826} INFO - Processing file /home/joha/anaconda3/lib/python3.10/site-packages/airflow/example_dags/example_python_operator.py for tasks to queue
[2023-07-31T16:49:04.195-0500] {logging_mixin.py:150} INFO - [2023-07-31T16:49:04.194-0500] {dagbag.py:541} INFO - Filling up the DagBag from /home/joha/anaconda3/lib/python3.10/site-packages/airflow/example_dags/example_python_operator.py
[2023-07-31T16:49:04.207-0500] {logging_mixin.py:150} INFO - [2023-07-31T16:49:04.206-0500] {example_python_operator.py:90} WARNING - The virtalenv_python example task requires virtualenv, please install it.
[2023-07-31T16:49:04.207-0500] {processor.py:836} INFO - DAG(s) dict_keys(['example_python_operator']) retrieved from /home/joha/anaconda3/lib/python3.10/site-packages/airflow/example_dags/example_python_operator.py
[2023-07-31T16:49:04.228-0500] {logging_mixin.py:150} INFO - [2023-07-31T16:49:04.228-0500] {dag.py:2742} INFO - Sync 1 DAGs
[2023-07-31T16:49:04.246-0500] {logging_mixin.py:150} INFO - [2023-07-31T16:49:04.246-0500] {dag.py:3504} INFO - Setting next_dagrun for example_python_operator to None, run_after=None
[2023-07-31T16:49:04.270-0500] {processor.py:179} INFO - Processing /home/joha/anaconda3/lib/python3.10/site-packages/airflow/example_dags/example_python_operator.py took 0.084 seconds
[2023-07-31T16:50:02.908-0500] {processor.py:157} INFO - Started process (PID=69201) to work on /home/joha/anaconda3/lib/python3.10/site-packages/airflow/example_dags/example_python_operator.py
[2023-07-31T16:50:02.911-0500] {processor.py:826} INFO - Processing file /home/joha/anaconda3/lib/python3.10/site-packages/airflow/example_dags/example_python_operator.py for tasks to queue
[2023-07-31T16:50:02.912-0500] {logging_mixin.py:150} INFO - [2023-07-31T16:50:02.912-0500] {dagbag.py:541} INFO - Filling up the DagBag from /home/joha/anaconda3/lib/python3.10/site-packages/airflow/example_dags/example_python_operator.py
[2023-07-31T16:50:02.930-0500] {logging_mixin.py:150} INFO - [2023-07-31T16:50:02.929-0500] {example_python_operator.py:90} WARNING - The virtalenv_python example task requires virtualenv, please install it.
[2023-07-31T16:50:02.930-0500] {processor.py:836} INFO - DAG(s) dict_keys(['example_python_operator']) retrieved from /home/joha/anaconda3/lib/python3.10/site-packages/airflow/example_dags/example_python_operator.py
[2023-07-31T16:50:02.949-0500] {logging_mixin.py:150} INFO - [2023-07-31T16:50:02.949-0500] {dag.py:2742} INFO - Sync 1 DAGs
[2023-07-31T16:50:02.969-0500] {logging_mixin.py:150} INFO - [2023-07-31T16:50:02.969-0500] {dag.py:3504} INFO - Setting next_dagrun for example_python_operator to None, run_after=None
[2023-07-31T16:50:02.989-0500] {processor.py:179} INFO - Processing /home/joha/anaconda3/lib/python3.10/site-packages/airflow/example_dags/example_python_operator.py took 0.087 seconds
[2023-07-31T16:50:59.932-0500] {processor.py:157} INFO - Started process (PID=69282) to work on /home/joha/anaconda3/lib/python3.10/site-packages/airflow/example_dags/example_python_operator.py
[2023-07-31T16:50:59.933-0500] {processor.py:826} INFO - Processing file /home/joha/anaconda3/lib/python3.10/site-packages/airflow/example_dags/example_python_operator.py for tasks to queue
[2023-07-31T16:50:59.934-0500] {logging_mixin.py:150} INFO - [2023-07-31T16:50:59.933-0500] {dagbag.py:541} INFO - Filling up the DagBag from /home/joha/anaconda3/lib/python3.10/site-packages/airflow/example_dags/example_python_operator.py
[2023-07-31T16:50:59.942-0500] {logging_mixin.py:150} INFO - [2023-07-31T16:50:59.942-0500] {example_python_operator.py:90} WARNING - The virtalenv_python example task requires virtualenv, please install it.
[2023-07-31T16:50:59.943-0500] {processor.py:836} INFO - DAG(s) dict_keys(['example_python_operator']) retrieved from /home/joha/anaconda3/lib/python3.10/site-packages/airflow/example_dags/example_python_operator.py
[2023-07-31T16:50:59.960-0500] {logging_mixin.py:150} INFO - [2023-07-31T16:50:59.960-0500] {dag.py:2742} INFO - Sync 1 DAGs
[2023-07-31T16:50:59.979-0500] {logging_mixin.py:150} INFO - [2023-07-31T16:50:59.979-0500] {dag.py:3504} INFO - Setting next_dagrun for example_python_operator to None, run_after=None
[2023-07-31T16:50:59.999-0500] {processor.py:179} INFO - Processing /home/joha/anaconda3/lib/python3.10/site-packages/airflow/example_dags/example_python_operator.py took 0.070 seconds
[2023-07-31T16:51:57.307-0500] {processor.py:157} INFO - Started process (PID=69354) to work on /home/joha/anaconda3/lib/python3.10/site-packages/airflow/example_dags/example_python_operator.py
[2023-07-31T16:51:57.309-0500] {processor.py:826} INFO - Processing file /home/joha/anaconda3/lib/python3.10/site-packages/airflow/example_dags/example_python_operator.py for tasks to queue
[2023-07-31T16:51:57.311-0500] {logging_mixin.py:150} INFO - [2023-07-31T16:51:57.310-0500] {dagbag.py:541} INFO - Filling up the DagBag from /home/joha/anaconda3/lib/python3.10/site-packages/airflow/example_dags/example_python_operator.py
[2023-07-31T16:51:57.324-0500] {logging_mixin.py:150} INFO - [2023-07-31T16:51:57.323-0500] {example_python_operator.py:90} WARNING - The virtalenv_python example task requires virtualenv, please install it.
[2023-07-31T16:51:57.324-0500] {processor.py:836} INFO - DAG(s) dict_keys(['example_python_operator']) retrieved from /home/joha/anaconda3/lib/python3.10/site-packages/airflow/example_dags/example_python_operator.py
[2023-07-31T16:51:57.344-0500] {logging_mixin.py:150} INFO - [2023-07-31T16:51:57.344-0500] {dag.py:2742} INFO - Sync 1 DAGs
[2023-07-31T16:51:57.367-0500] {logging_mixin.py:150} INFO - [2023-07-31T16:51:57.366-0500] {dag.py:3504} INFO - Setting next_dagrun for example_python_operator to None, run_after=None
[2023-07-31T16:51:57.387-0500] {processor.py:179} INFO - Processing /home/joha/anaconda3/lib/python3.10/site-packages/airflow/example_dags/example_python_operator.py took 0.084 seconds
[2023-07-31T16:52:55.673-0500] {processor.py:157} INFO - Started process (PID=69443) to work on /home/joha/anaconda3/lib/python3.10/site-packages/airflow/example_dags/example_python_operator.py
[2023-07-31T16:52:55.687-0500] {processor.py:826} INFO - Processing file /home/joha/anaconda3/lib/python3.10/site-packages/airflow/example_dags/example_python_operator.py for tasks to queue
[2023-07-31T16:52:55.689-0500] {logging_mixin.py:150} INFO - [2023-07-31T16:52:55.688-0500] {dagbag.py:541} INFO - Filling up the DagBag from /home/joha/anaconda3/lib/python3.10/site-packages/airflow/example_dags/example_python_operator.py
[2023-07-31T16:52:55.713-0500] {logging_mixin.py:150} INFO - [2023-07-31T16:52:55.713-0500] {example_python_operator.py:90} WARNING - The virtalenv_python example task requires virtualenv, please install it.
[2023-07-31T16:52:55.714-0500] {processor.py:836} INFO - DAG(s) dict_keys(['example_python_operator']) retrieved from /home/joha/anaconda3/lib/python3.10/site-packages/airflow/example_dags/example_python_operator.py
[2023-07-31T16:52:55.733-0500] {logging_mixin.py:150} INFO - [2023-07-31T16:52:55.733-0500] {dag.py:2742} INFO - Sync 1 DAGs
[2023-07-31T16:52:55.752-0500] {logging_mixin.py:150} INFO - [2023-07-31T16:52:55.752-0500] {dag.py:3504} INFO - Setting next_dagrun for example_python_operator to None, run_after=None
[2023-07-31T16:52:55.771-0500] {processor.py:179} INFO - Processing /home/joha/anaconda3/lib/python3.10/site-packages/airflow/example_dags/example_python_operator.py took 0.105 seconds
[2023-07-31T16:53:49.194-0500] {processor.py:157} INFO - Started process (PID=69499) to work on /home/joha/anaconda3/lib/python3.10/site-packages/airflow/example_dags/example_python_operator.py
[2023-07-31T16:53:49.207-0500] {processor.py:826} INFO - Processing file /home/joha/anaconda3/lib/python3.10/site-packages/airflow/example_dags/example_python_operator.py for tasks to queue
[2023-07-31T16:53:49.208-0500] {logging_mixin.py:150} INFO - [2023-07-31T16:53:49.208-0500] {dagbag.py:541} INFO - Filling up the DagBag from /home/joha/anaconda3/lib/python3.10/site-packages/airflow/example_dags/example_python_operator.py
[2023-07-31T16:53:49.218-0500] {logging_mixin.py:150} INFO - [2023-07-31T16:53:49.218-0500] {example_python_operator.py:90} WARNING - The virtalenv_python example task requires virtualenv, please install it.
[2023-07-31T16:53:49.219-0500] {processor.py:836} INFO - DAG(s) dict_keys(['example_python_operator']) retrieved from /home/joha/anaconda3/lib/python3.10/site-packages/airflow/example_dags/example_python_operator.py
[2023-07-31T16:53:49.237-0500] {logging_mixin.py:150} INFO - [2023-07-31T16:53:49.237-0500] {dag.py:2742} INFO - Sync 1 DAGs
[2023-07-31T16:53:49.255-0500] {logging_mixin.py:150} INFO - [2023-07-31T16:53:49.255-0500] {dag.py:3504} INFO - Setting next_dagrun for example_python_operator to None, run_after=None
[2023-07-31T16:53:49.274-0500] {processor.py:179} INFO - Processing /home/joha/anaconda3/lib/python3.10/site-packages/airflow/example_dags/example_python_operator.py took 0.085 seconds
[2023-07-31T16:54:37.687-0500] {processor.py:157} INFO - Started process (PID=69560) to work on /home/joha/anaconda3/lib/python3.10/site-packages/airflow/example_dags/example_python_operator.py
[2023-07-31T16:54:37.688-0500] {processor.py:826} INFO - Processing file /home/joha/anaconda3/lib/python3.10/site-packages/airflow/example_dags/example_python_operator.py for tasks to queue
[2023-07-31T16:54:37.689-0500] {logging_mixin.py:150} INFO - [2023-07-31T16:54:37.689-0500] {dagbag.py:541} INFO - Filling up the DagBag from /home/joha/anaconda3/lib/python3.10/site-packages/airflow/example_dags/example_python_operator.py
[2023-07-31T16:54:37.701-0500] {logging_mixin.py:150} INFO - [2023-07-31T16:54:37.701-0500] {example_python_operator.py:90} WARNING - The virtalenv_python example task requires virtualenv, please install it.
[2023-07-31T16:54:37.701-0500] {processor.py:836} INFO - DAG(s) dict_keys(['example_python_operator']) retrieved from /home/joha/anaconda3/lib/python3.10/site-packages/airflow/example_dags/example_python_operator.py
[2023-07-31T16:54:37.722-0500] {logging_mixin.py:150} INFO - [2023-07-31T16:54:37.721-0500] {dag.py:2742} INFO - Sync 1 DAGs
[2023-07-31T16:54:37.740-0500] {logging_mixin.py:150} INFO - [2023-07-31T16:54:37.740-0500] {dag.py:3504} INFO - Setting next_dagrun for example_python_operator to None, run_after=None
[2023-07-31T16:54:37.760-0500] {processor.py:179} INFO - Processing /home/joha/anaconda3/lib/python3.10/site-packages/airflow/example_dags/example_python_operator.py took 0.077 seconds
[2023-07-31T16:55:32.097-0500] {processor.py:157} INFO - Started process (PID=69637) to work on /home/joha/anaconda3/lib/python3.10/site-packages/airflow/example_dags/example_python_operator.py
[2023-07-31T16:55:32.106-0500] {processor.py:826} INFO - Processing file /home/joha/anaconda3/lib/python3.10/site-packages/airflow/example_dags/example_python_operator.py for tasks to queue
[2023-07-31T16:55:32.108-0500] {logging_mixin.py:150} INFO - [2023-07-31T16:55:32.107-0500] {dagbag.py:541} INFO - Filling up the DagBag from /home/joha/anaconda3/lib/python3.10/site-packages/airflow/example_dags/example_python_operator.py
[2023-07-31T16:55:32.123-0500] {logging_mixin.py:150} INFO - [2023-07-31T16:55:32.123-0500] {example_python_operator.py:90} WARNING - The virtalenv_python example task requires virtualenv, please install it.
[2023-07-31T16:55:32.124-0500] {processor.py:836} INFO - DAG(s) dict_keys(['example_python_operator']) retrieved from /home/joha/anaconda3/lib/python3.10/site-packages/airflow/example_dags/example_python_operator.py
[2023-07-31T16:55:32.142-0500] {logging_mixin.py:150} INFO - [2023-07-31T16:55:32.142-0500] {dag.py:2742} INFO - Sync 1 DAGs
[2023-07-31T16:55:32.161-0500] {logging_mixin.py:150} INFO - [2023-07-31T16:55:32.160-0500] {dag.py:3504} INFO - Setting next_dagrun for example_python_operator to None, run_after=None
[2023-07-31T16:55:32.182-0500] {processor.py:179} INFO - Processing /home/joha/anaconda3/lib/python3.10/site-packages/airflow/example_dags/example_python_operator.py took 0.088 seconds
[2023-07-31T16:56:25.283-0500] {processor.py:157} INFO - Started process (PID=69772) to work on /home/joha/anaconda3/lib/python3.10/site-packages/airflow/example_dags/example_python_operator.py
[2023-07-31T16:56:25.291-0500] {processor.py:826} INFO - Processing file /home/joha/anaconda3/lib/python3.10/site-packages/airflow/example_dags/example_python_operator.py for tasks to queue
[2023-07-31T16:56:25.292-0500] {logging_mixin.py:150} INFO - [2023-07-31T16:56:25.291-0500] {dagbag.py:541} INFO - Filling up the DagBag from /home/joha/anaconda3/lib/python3.10/site-packages/airflow/example_dags/example_python_operator.py
[2023-07-31T16:56:25.301-0500] {logging_mixin.py:150} INFO - [2023-07-31T16:56:25.301-0500] {example_python_operator.py:90} WARNING - The virtalenv_python example task requires virtualenv, please install it.
[2023-07-31T16:56:25.301-0500] {processor.py:836} INFO - DAG(s) dict_keys(['example_python_operator']) retrieved from /home/joha/anaconda3/lib/python3.10/site-packages/airflow/example_dags/example_python_operator.py
[2023-07-31T16:56:25.319-0500] {logging_mixin.py:150} INFO - [2023-07-31T16:56:25.319-0500] {dag.py:2742} INFO - Sync 1 DAGs
[2023-07-31T16:56:25.346-0500] {logging_mixin.py:150} INFO - [2023-07-31T16:56:25.345-0500] {dag.py:3504} INFO - Setting next_dagrun for example_python_operator to None, run_after=None
[2023-07-31T16:56:25.373-0500] {processor.py:179} INFO - Processing /home/joha/anaconda3/lib/python3.10/site-packages/airflow/example_dags/example_python_operator.py took 0.094 seconds
