[2023-07-31T16:44:39.382-0500] {processor.py:157} INFO - Started process (PID=68765) to work on /home/joha/anaconda3/lib/python3.10/site-packages/airflow/example_dags/example_params_ui_tutorial.py
[2023-07-31T16:44:39.384-0500] {processor.py:826} INFO - Processing file /home/joha/anaconda3/lib/python3.10/site-packages/airflow/example_dags/example_params_ui_tutorial.py for tasks to queue
[2023-07-31T16:44:39.385-0500] {logging_mixin.py:150} INFO - [2023-07-31T16:44:39.384-0500] {dagbag.py:541} INFO - Filling up the DagBag from /home/joha/anaconda3/lib/python3.10/site-packages/airflow/example_dags/example_params_ui_tutorial.py
[2023-07-31T16:44:39.438-0500] {processor.py:836} INFO - DAG(s) dict_keys(['example_params_ui_tutorial']) retrieved from /home/joha/anaconda3/lib/python3.10/site-packages/airflow/example_dags/example_params_ui_tutorial.py
[2023-07-31T16:44:39.613-0500] {logging_mixin.py:150} INFO - [2023-07-31T16:44:39.613-0500] {dag.py:2742} INFO - Sync 1 DAGs
[2023-07-31T16:44:39.636-0500] {logging_mixin.py:150} INFO - [2023-07-31T16:44:39.636-0500] {dag.py:3504} INFO - Setting next_dagrun for example_params_ui_tutorial to None, run_after=None
[2023-07-31T16:44:39.670-0500] {processor.py:179} INFO - Processing /home/joha/anaconda3/lib/python3.10/site-packages/airflow/example_dags/example_params_ui_tutorial.py took 0.293 seconds
[2023-07-31T16:45:27.196-0500] {processor.py:157} INFO - Started process (PID=68834) to work on /home/joha/anaconda3/lib/python3.10/site-packages/airflow/example_dags/example_params_ui_tutorial.py
[2023-07-31T16:45:27.205-0500] {processor.py:826} INFO - Processing file /home/joha/anaconda3/lib/python3.10/site-packages/airflow/example_dags/example_params_ui_tutorial.py for tasks to queue
[2023-07-31T16:45:27.208-0500] {logging_mixin.py:150} INFO - [2023-07-31T16:45:27.207-0500] {dagbag.py:541} INFO - Filling up the DagBag from /home/joha/anaconda3/lib/python3.10/site-packages/airflow/example_dags/example_params_ui_tutorial.py
[2023-07-31T16:45:27.264-0500] {processor.py:836} INFO - DAG(s) dict_keys(['example_params_ui_tutorial']) retrieved from /home/joha/anaconda3/lib/python3.10/site-packages/airflow/example_dags/example_params_ui_tutorial.py
[2023-07-31T16:45:27.324-0500] {logging_mixin.py:150} INFO - [2023-07-31T16:45:27.324-0500] {dag.py:2742} INFO - Sync 1 DAGs
[2023-07-31T16:45:27.347-0500] {logging_mixin.py:150} INFO - [2023-07-31T16:45:27.346-0500] {dag.py:3504} INFO - Setting next_dagrun for example_params_ui_tutorial to None, run_after=None
[2023-07-31T16:45:27.377-0500] {processor.py:179} INFO - Processing /home/joha/anaconda3/lib/python3.10/site-packages/airflow/example_dags/example_params_ui_tutorial.py took 0.187 seconds
[2023-07-31T16:46:23.665-0500] {processor.py:157} INFO - Started process (PID=68912) to work on /home/joha/anaconda3/lib/python3.10/site-packages/airflow/example_dags/example_params_ui_tutorial.py
[2023-07-31T16:46:23.678-0500] {processor.py:826} INFO - Processing file /home/joha/anaconda3/lib/python3.10/site-packages/airflow/example_dags/example_params_ui_tutorial.py for tasks to queue
[2023-07-31T16:46:23.679-0500] {logging_mixin.py:150} INFO - [2023-07-31T16:46:23.679-0500] {dagbag.py:541} INFO - Filling up the DagBag from /home/joha/anaconda3/lib/python3.10/site-packages/airflow/example_dags/example_params_ui_tutorial.py
[2023-07-31T16:46:23.720-0500] {processor.py:836} INFO - DAG(s) dict_keys(['example_params_ui_tutorial']) retrieved from /home/joha/anaconda3/lib/python3.10/site-packages/airflow/example_dags/example_params_ui_tutorial.py
[2023-07-31T16:46:23.791-0500] {logging_mixin.py:150} INFO - [2023-07-31T16:46:23.791-0500] {dag.py:2742} INFO - Sync 1 DAGs
[2023-07-31T16:46:23.818-0500] {logging_mixin.py:150} INFO - [2023-07-31T16:46:23.818-0500] {dag.py:3504} INFO - Setting next_dagrun for example_params_ui_tutorial to None, run_after=None
[2023-07-31T16:46:23.840-0500] {processor.py:179} INFO - Processing /home/joha/anaconda3/lib/python3.10/site-packages/airflow/example_dags/example_params_ui_tutorial.py took 0.178 seconds
[2023-07-31T16:47:15.824-0500] {processor.py:157} INFO - Started process (PID=68974) to work on /home/joha/anaconda3/lib/python3.10/site-packages/airflow/example_dags/example_params_ui_tutorial.py
[2023-07-31T16:47:15.832-0500] {processor.py:826} INFO - Processing file /home/joha/anaconda3/lib/python3.10/site-packages/airflow/example_dags/example_params_ui_tutorial.py for tasks to queue
[2023-07-31T16:47:15.834-0500] {logging_mixin.py:150} INFO - [2023-07-31T16:47:15.834-0500] {dagbag.py:541} INFO - Filling up the DagBag from /home/joha/anaconda3/lib/python3.10/site-packages/airflow/example_dags/example_params_ui_tutorial.py
[2023-07-31T16:47:15.882-0500] {processor.py:836} INFO - DAG(s) dict_keys(['example_params_ui_tutorial']) retrieved from /home/joha/anaconda3/lib/python3.10/site-packages/airflow/example_dags/example_params_ui_tutorial.py
[2023-07-31T16:47:15.944-0500] {logging_mixin.py:150} INFO - [2023-07-31T16:47:15.943-0500] {dag.py:2742} INFO - Sync 1 DAGs
[2023-07-31T16:47:15.968-0500] {logging_mixin.py:150} INFO - [2023-07-31T16:47:15.967-0500] {dag.py:3504} INFO - Setting next_dagrun for example_params_ui_tutorial to None, run_after=None
[2023-07-31T16:47:15.990-0500] {processor.py:179} INFO - Processing /home/joha/anaconda3/lib/python3.10/site-packages/airflow/example_dags/example_params_ui_tutorial.py took 0.169 seconds
[2023-07-31T16:48:10.820-0500] {processor.py:157} INFO - Started process (PID=69044) to work on /home/joha/anaconda3/lib/python3.10/site-packages/airflow/example_dags/example_params_ui_tutorial.py
[2023-07-31T16:48:10.828-0500] {processor.py:826} INFO - Processing file /home/joha/anaconda3/lib/python3.10/site-packages/airflow/example_dags/example_params_ui_tutorial.py for tasks to queue
[2023-07-31T16:48:10.831-0500] {logging_mixin.py:150} INFO - [2023-07-31T16:48:10.829-0500] {dagbag.py:541} INFO - Filling up the DagBag from /home/joha/anaconda3/lib/python3.10/site-packages/airflow/example_dags/example_params_ui_tutorial.py
[2023-07-31T16:48:10.878-0500] {processor.py:836} INFO - DAG(s) dict_keys(['example_params_ui_tutorial']) retrieved from /home/joha/anaconda3/lib/python3.10/site-packages/airflow/example_dags/example_params_ui_tutorial.py
[2023-07-31T16:48:10.928-0500] {logging_mixin.py:150} INFO - [2023-07-31T16:48:10.928-0500] {dag.py:2742} INFO - Sync 1 DAGs
[2023-07-31T16:48:10.946-0500] {logging_mixin.py:150} INFO - [2023-07-31T16:48:10.946-0500] {dag.py:3504} INFO - Setting next_dagrun for example_params_ui_tutorial to None, run_after=None
[2023-07-31T16:48:10.965-0500] {processor.py:179} INFO - Processing /home/joha/anaconda3/lib/python3.10/site-packages/airflow/example_dags/example_params_ui_tutorial.py took 0.148 seconds
[2023-07-31T16:49:01.582-0500] {processor.py:157} INFO - Started process (PID=69114) to work on /home/joha/anaconda3/lib/python3.10/site-packages/airflow/example_dags/example_params_ui_tutorial.py
[2023-07-31T16:49:01.590-0500] {processor.py:826} INFO - Processing file /home/joha/anaconda3/lib/python3.10/site-packages/airflow/example_dags/example_params_ui_tutorial.py for tasks to queue
[2023-07-31T16:49:01.593-0500] {logging_mixin.py:150} INFO - [2023-07-31T16:49:01.592-0500] {dagbag.py:541} INFO - Filling up the DagBag from /home/joha/anaconda3/lib/python3.10/site-packages/airflow/example_dags/example_params_ui_tutorial.py
[2023-07-31T16:49:01.641-0500] {processor.py:836} INFO - DAG(s) dict_keys(['example_params_ui_tutorial']) retrieved from /home/joha/anaconda3/lib/python3.10/site-packages/airflow/example_dags/example_params_ui_tutorial.py
[2023-07-31T16:49:01.694-0500] {logging_mixin.py:150} INFO - [2023-07-31T16:49:01.694-0500] {dag.py:2742} INFO - Sync 1 DAGs
[2023-07-31T16:49:01.713-0500] {logging_mixin.py:150} INFO - [2023-07-31T16:49:01.713-0500] {dag.py:3504} INFO - Setting next_dagrun for example_params_ui_tutorial to None, run_after=None
[2023-07-31T16:49:01.734-0500] {processor.py:179} INFO - Processing /home/joha/anaconda3/lib/python3.10/site-packages/airflow/example_dags/example_params_ui_tutorial.py took 0.156 seconds
[2023-07-31T16:49:59.919-0500] {processor.py:157} INFO - Started process (PID=69198) to work on /home/joha/anaconda3/lib/python3.10/site-packages/airflow/example_dags/example_params_ui_tutorial.py
[2023-07-31T16:49:59.926-0500] {processor.py:826} INFO - Processing file /home/joha/anaconda3/lib/python3.10/site-packages/airflow/example_dags/example_params_ui_tutorial.py for tasks to queue
[2023-07-31T16:49:59.927-0500] {logging_mixin.py:150} INFO - [2023-07-31T16:49:59.927-0500] {dagbag.py:541} INFO - Filling up the DagBag from /home/joha/anaconda3/lib/python3.10/site-packages/airflow/example_dags/example_params_ui_tutorial.py
[2023-07-31T16:49:59.970-0500] {processor.py:836} INFO - DAG(s) dict_keys(['example_params_ui_tutorial']) retrieved from /home/joha/anaconda3/lib/python3.10/site-packages/airflow/example_dags/example_params_ui_tutorial.py
[2023-07-31T16:50:00.023-0500] {logging_mixin.py:150} INFO - [2023-07-31T16:50:00.023-0500] {dag.py:2742} INFO - Sync 1 DAGs
[2023-07-31T16:50:00.042-0500] {logging_mixin.py:150} INFO - [2023-07-31T16:50:00.042-0500] {dag.py:3504} INFO - Setting next_dagrun for example_params_ui_tutorial to None, run_after=None
[2023-07-31T16:50:00.065-0500] {processor.py:179} INFO - Processing /home/joha/anaconda3/lib/python3.10/site-packages/airflow/example_dags/example_params_ui_tutorial.py took 0.151 seconds
[2023-07-31T16:50:48.214-0500] {processor.py:157} INFO - Started process (PID=69271) to work on /home/joha/anaconda3/lib/python3.10/site-packages/airflow/example_dags/example_params_ui_tutorial.py
[2023-07-31T16:50:48.222-0500] {processor.py:826} INFO - Processing file /home/joha/anaconda3/lib/python3.10/site-packages/airflow/example_dags/example_params_ui_tutorial.py for tasks to queue
[2023-07-31T16:50:48.223-0500] {logging_mixin.py:150} INFO - [2023-07-31T16:50:48.222-0500] {dagbag.py:541} INFO - Filling up the DagBag from /home/joha/anaconda3/lib/python3.10/site-packages/airflow/example_dags/example_params_ui_tutorial.py
[2023-07-31T16:50:48.260-0500] {processor.py:836} INFO - DAG(s) dict_keys(['example_params_ui_tutorial']) retrieved from /home/joha/anaconda3/lib/python3.10/site-packages/airflow/example_dags/example_params_ui_tutorial.py
[2023-07-31T16:50:48.314-0500] {logging_mixin.py:150} INFO - [2023-07-31T16:50:48.314-0500] {dag.py:2742} INFO - Sync 1 DAGs
[2023-07-31T16:50:48.333-0500] {logging_mixin.py:150} INFO - [2023-07-31T16:50:48.333-0500] {dag.py:3504} INFO - Setting next_dagrun for example_params_ui_tutorial to None, run_after=None
[2023-07-31T16:50:48.354-0500] {processor.py:179} INFO - Processing /home/joha/anaconda3/lib/python3.10/site-packages/airflow/example_dags/example_params_ui_tutorial.py took 0.142 seconds
[2023-07-31T16:51:46.242-0500] {processor.py:157} INFO - Started process (PID=69342) to work on /home/joha/anaconda3/lib/python3.10/site-packages/airflow/example_dags/example_params_ui_tutorial.py
[2023-07-31T16:51:46.251-0500] {processor.py:826} INFO - Processing file /home/joha/anaconda3/lib/python3.10/site-packages/airflow/example_dags/example_params_ui_tutorial.py for tasks to queue
[2023-07-31T16:51:46.255-0500] {logging_mixin.py:150} INFO - [2023-07-31T16:51:46.253-0500] {dagbag.py:541} INFO - Filling up the DagBag from /home/joha/anaconda3/lib/python3.10/site-packages/airflow/example_dags/example_params_ui_tutorial.py
[2023-07-31T16:51:46.308-0500] {processor.py:836} INFO - DAG(s) dict_keys(['example_params_ui_tutorial']) retrieved from /home/joha/anaconda3/lib/python3.10/site-packages/airflow/example_dags/example_params_ui_tutorial.py
[2023-07-31T16:51:46.373-0500] {logging_mixin.py:150} INFO - [2023-07-31T16:51:46.373-0500] {dag.py:2742} INFO - Sync 1 DAGs
[2023-07-31T16:51:46.395-0500] {logging_mixin.py:150} INFO - [2023-07-31T16:51:46.395-0500] {dag.py:3504} INFO - Setting next_dagrun for example_params_ui_tutorial to None, run_after=None
[2023-07-31T16:51:46.416-0500] {processor.py:179} INFO - Processing /home/joha/anaconda3/lib/python3.10/site-packages/airflow/example_dags/example_params_ui_tutorial.py took 0.177 seconds
[2023-07-31T16:52:42.667-0500] {processor.py:157} INFO - Started process (PID=69423) to work on /home/joha/anaconda3/lib/python3.10/site-packages/airflow/example_dags/example_params_ui_tutorial.py
[2023-07-31T16:52:42.675-0500] {processor.py:826} INFO - Processing file /home/joha/anaconda3/lib/python3.10/site-packages/airflow/example_dags/example_params_ui_tutorial.py for tasks to queue
[2023-07-31T16:52:42.676-0500] {logging_mixin.py:150} INFO - [2023-07-31T16:52:42.676-0500] {dagbag.py:541} INFO - Filling up the DagBag from /home/joha/anaconda3/lib/python3.10/site-packages/airflow/example_dags/example_params_ui_tutorial.py
[2023-07-31T16:52:42.717-0500] {processor.py:836} INFO - DAG(s) dict_keys(['example_params_ui_tutorial']) retrieved from /home/joha/anaconda3/lib/python3.10/site-packages/airflow/example_dags/example_params_ui_tutorial.py
[2023-07-31T16:52:42.769-0500] {logging_mixin.py:150} INFO - [2023-07-31T16:52:42.769-0500] {dag.py:2742} INFO - Sync 1 DAGs
[2023-07-31T16:52:42.787-0500] {logging_mixin.py:150} INFO - [2023-07-31T16:52:42.787-0500] {dag.py:3504} INFO - Setting next_dagrun for example_params_ui_tutorial to None, run_after=None
[2023-07-31T16:52:42.806-0500] {processor.py:179} INFO - Processing /home/joha/anaconda3/lib/python3.10/site-packages/airflow/example_dags/example_params_ui_tutorial.py took 0.144 seconds
[2023-07-31T16:53:46.440-0500] {processor.py:157} INFO - Started process (PID=69496) to work on /home/joha/anaconda3/lib/python3.10/site-packages/airflow/example_dags/example_params_ui_tutorial.py
[2023-07-31T16:53:46.448-0500] {processor.py:826} INFO - Processing file /home/joha/anaconda3/lib/python3.10/site-packages/airflow/example_dags/example_params_ui_tutorial.py for tasks to queue
[2023-07-31T16:53:46.448-0500] {logging_mixin.py:150} INFO - [2023-07-31T16:53:46.448-0500] {dagbag.py:541} INFO - Filling up the DagBag from /home/joha/anaconda3/lib/python3.10/site-packages/airflow/example_dags/example_params_ui_tutorial.py
[2023-07-31T16:53:46.482-0500] {processor.py:836} INFO - DAG(s) dict_keys(['example_params_ui_tutorial']) retrieved from /home/joha/anaconda3/lib/python3.10/site-packages/airflow/example_dags/example_params_ui_tutorial.py
[2023-07-31T16:53:46.532-0500] {logging_mixin.py:150} INFO - [2023-07-31T16:53:46.532-0500] {dag.py:2742} INFO - Sync 1 DAGs
[2023-07-31T16:53:46.551-0500] {logging_mixin.py:150} INFO - [2023-07-31T16:53:46.550-0500] {dag.py:3504} INFO - Setting next_dagrun for example_params_ui_tutorial to None, run_after=None
[2023-07-31T16:53:46.570-0500] {processor.py:179} INFO - Processing /home/joha/anaconda3/lib/python3.10/site-packages/airflow/example_dags/example_params_ui_tutorial.py took 0.133 seconds
[2023-07-31T16:54:34.948-0500] {processor.py:157} INFO - Started process (PID=69557) to work on /home/joha/anaconda3/lib/python3.10/site-packages/airflow/example_dags/example_params_ui_tutorial.py
[2023-07-31T16:54:34.956-0500] {processor.py:826} INFO - Processing file /home/joha/anaconda3/lib/python3.10/site-packages/airflow/example_dags/example_params_ui_tutorial.py for tasks to queue
[2023-07-31T16:54:34.957-0500] {logging_mixin.py:150} INFO - [2023-07-31T16:54:34.956-0500] {dagbag.py:541} INFO - Filling up the DagBag from /home/joha/anaconda3/lib/python3.10/site-packages/airflow/example_dags/example_params_ui_tutorial.py
[2023-07-31T16:54:34.990-0500] {processor.py:836} INFO - DAG(s) dict_keys(['example_params_ui_tutorial']) retrieved from /home/joha/anaconda3/lib/python3.10/site-packages/airflow/example_dags/example_params_ui_tutorial.py
[2023-07-31T16:54:35.043-0500] {logging_mixin.py:150} INFO - [2023-07-31T16:54:35.043-0500] {dag.py:2742} INFO - Sync 1 DAGs
[2023-07-31T16:54:35.060-0500] {logging_mixin.py:150} INFO - [2023-07-31T16:54:35.060-0500] {dag.py:3504} INFO - Setting next_dagrun for example_params_ui_tutorial to None, run_after=None
[2023-07-31T16:54:35.079-0500] {processor.py:179} INFO - Processing /home/joha/anaconda3/lib/python3.10/site-packages/airflow/example_dags/example_params_ui_tutorial.py took 0.134 seconds
[2023-07-31T16:55:29.267-0500] {processor.py:157} INFO - Started process (PID=69632) to work on /home/joha/anaconda3/lib/python3.10/site-packages/airflow/example_dags/example_params_ui_tutorial.py
[2023-07-31T16:55:29.279-0500] {processor.py:826} INFO - Processing file /home/joha/anaconda3/lib/python3.10/site-packages/airflow/example_dags/example_params_ui_tutorial.py for tasks to queue
[2023-07-31T16:55:29.280-0500] {logging_mixin.py:150} INFO - [2023-07-31T16:55:29.280-0500] {dagbag.py:541} INFO - Filling up the DagBag from /home/joha/anaconda3/lib/python3.10/site-packages/airflow/example_dags/example_params_ui_tutorial.py
[2023-07-31T16:55:29.324-0500] {processor.py:836} INFO - DAG(s) dict_keys(['example_params_ui_tutorial']) retrieved from /home/joha/anaconda3/lib/python3.10/site-packages/airflow/example_dags/example_params_ui_tutorial.py
[2023-07-31T16:55:29.382-0500] {logging_mixin.py:150} INFO - [2023-07-31T16:55:29.382-0500] {dag.py:2742} INFO - Sync 1 DAGs
[2023-07-31T16:55:29.405-0500] {logging_mixin.py:150} INFO - [2023-07-31T16:55:29.404-0500] {dag.py:3504} INFO - Setting next_dagrun for example_params_ui_tutorial to None, run_after=None
[2023-07-31T16:55:29.447-0500] {processor.py:179} INFO - Processing /home/joha/anaconda3/lib/python3.10/site-packages/airflow/example_dags/example_params_ui_tutorial.py took 0.183 seconds
[2023-07-31T16:56:22.917-0500] {processor.py:157} INFO - Started process (PID=69697) to work on /home/joha/anaconda3/lib/python3.10/site-packages/airflow/example_dags/example_params_ui_tutorial.py
[2023-07-31T16:56:22.932-0500] {processor.py:826} INFO - Processing file /home/joha/anaconda3/lib/python3.10/site-packages/airflow/example_dags/example_params_ui_tutorial.py for tasks to queue
[2023-07-31T16:56:22.934-0500] {logging_mixin.py:150} INFO - [2023-07-31T16:56:22.933-0500] {dagbag.py:541} INFO - Filling up the DagBag from /home/joha/anaconda3/lib/python3.10/site-packages/airflow/example_dags/example_params_ui_tutorial.py
[2023-07-31T16:56:22.986-0500] {processor.py:836} INFO - DAG(s) dict_keys(['example_params_ui_tutorial']) retrieved from /home/joha/anaconda3/lib/python3.10/site-packages/airflow/example_dags/example_params_ui_tutorial.py
[2023-07-31T16:56:23.037-0500] {logging_mixin.py:150} INFO - [2023-07-31T16:56:23.036-0500] {dag.py:2742} INFO - Sync 1 DAGs
[2023-07-31T16:56:23.054-0500] {logging_mixin.py:150} INFO - [2023-07-31T16:56:23.054-0500] {dag.py:3504} INFO - Setting next_dagrun for example_params_ui_tutorial to None, run_after=None
[2023-07-31T16:56:23.075-0500] {processor.py:179} INFO - Processing /home/joha/anaconda3/lib/python3.10/site-packages/airflow/example_dags/example_params_ui_tutorial.py took 0.162 seconds
