[2023-07-31T16:44:50.047-0500] {processor.py:157} INFO - Started process (PID=68780) to work on /home/joha/anaconda3/lib/python3.10/site-packages/airflow/example_dags/example_complex.py
[2023-07-31T16:44:50.048-0500] {processor.py:826} INFO - Processing file /home/joha/anaconda3/lib/python3.10/site-packages/airflow/example_dags/example_complex.py for tasks to queue
[2023-07-31T16:44:50.049-0500] {logging_mixin.py:150} INFO - [2023-07-31T16:44:50.048-0500] {dagbag.py:541} INFO - Filling up the DagBag from /home/joha/anaconda3/lib/python3.10/site-packages/airflow/example_dags/example_complex.py
[2023-07-31T16:44:50.066-0500] {processor.py:836} INFO - DAG(s) dict_keys(['example_complex']) retrieved from /home/joha/anaconda3/lib/python3.10/site-packages/airflow/example_dags/example_complex.py
[2023-07-31T16:44:50.120-0500] {logging_mixin.py:150} INFO - [2023-07-31T16:44:50.120-0500] {dag.py:2742} INFO - Sync 1 DAGs
[2023-07-31T16:44:50.147-0500] {logging_mixin.py:150} INFO - [2023-07-31T16:44:50.147-0500] {dag.py:3504} INFO - Setting next_dagrun for example_complex to None, run_after=None
[2023-07-31T16:44:50.182-0500] {processor.py:179} INFO - Processing /home/joha/anaconda3/lib/python3.10/site-packages/airflow/example_dags/example_complex.py took 0.139 seconds
[2023-07-31T16:45:47.724-0500] {processor.py:157} INFO - Started process (PID=68861) to work on /home/joha/anaconda3/lib/python3.10/site-packages/airflow/example_dags/example_complex.py
[2023-07-31T16:45:47.736-0500] {processor.py:826} INFO - Processing file /home/joha/anaconda3/lib/python3.10/site-packages/airflow/example_dags/example_complex.py for tasks to queue
[2023-07-31T16:45:47.738-0500] {logging_mixin.py:150} INFO - [2023-07-31T16:45:47.737-0500] {dagbag.py:541} INFO - Filling up the DagBag from /home/joha/anaconda3/lib/python3.10/site-packages/airflow/example_dags/example_complex.py
[2023-07-31T16:45:47.760-0500] {processor.py:836} INFO - DAG(s) dict_keys(['example_complex']) retrieved from /home/joha/anaconda3/lib/python3.10/site-packages/airflow/example_dags/example_complex.py
[2023-07-31T16:45:47.787-0500] {logging_mixin.py:150} INFO - [2023-07-31T16:45:47.787-0500] {dag.py:2742} INFO - Sync 1 DAGs
[2023-07-31T16:45:47.806-0500] {logging_mixin.py:150} INFO - [2023-07-31T16:45:47.806-0500] {dag.py:3504} INFO - Setting next_dagrun for example_complex to None, run_after=None
[2023-07-31T16:45:47.825-0500] {processor.py:179} INFO - Processing /home/joha/anaconda3/lib/python3.10/site-packages/airflow/example_dags/example_complex.py took 0.107 seconds
[2023-07-31T16:46:41.223-0500] {processor.py:157} INFO - Started process (PID=68933) to work on /home/joha/anaconda3/lib/python3.10/site-packages/airflow/example_dags/example_complex.py
[2023-07-31T16:46:41.231-0500] {processor.py:826} INFO - Processing file /home/joha/anaconda3/lib/python3.10/site-packages/airflow/example_dags/example_complex.py for tasks to queue
[2023-07-31T16:46:41.232-0500] {logging_mixin.py:150} INFO - [2023-07-31T16:46:41.231-0500] {dagbag.py:541} INFO - Filling up the DagBag from /home/joha/anaconda3/lib/python3.10/site-packages/airflow/example_dags/example_complex.py
[2023-07-31T16:46:41.244-0500] {processor.py:836} INFO - DAG(s) dict_keys(['example_complex']) retrieved from /home/joha/anaconda3/lib/python3.10/site-packages/airflow/example_dags/example_complex.py
[2023-07-31T16:46:41.274-0500] {logging_mixin.py:150} INFO - [2023-07-31T16:46:41.273-0500] {dag.py:2742} INFO - Sync 1 DAGs
[2023-07-31T16:46:41.295-0500] {logging_mixin.py:150} INFO - [2023-07-31T16:46:41.294-0500] {dag.py:3504} INFO - Setting next_dagrun for example_complex to None, run_after=None
[2023-07-31T16:46:41.318-0500] {processor.py:179} INFO - Processing /home/joha/anaconda3/lib/python3.10/site-packages/airflow/example_dags/example_complex.py took 0.098 seconds
[2023-07-31T16:47:36.052-0500] {processor.py:157} INFO - Started process (PID=69001) to work on /home/joha/anaconda3/lib/python3.10/site-packages/airflow/example_dags/example_complex.py
[2023-07-31T16:47:36.061-0500] {processor.py:826} INFO - Processing file /home/joha/anaconda3/lib/python3.10/site-packages/airflow/example_dags/example_complex.py for tasks to queue
[2023-07-31T16:47:36.063-0500] {logging_mixin.py:150} INFO - [2023-07-31T16:47:36.062-0500] {dagbag.py:541} INFO - Filling up the DagBag from /home/joha/anaconda3/lib/python3.10/site-packages/airflow/example_dags/example_complex.py
[2023-07-31T16:47:36.085-0500] {processor.py:836} INFO - DAG(s) dict_keys(['example_complex']) retrieved from /home/joha/anaconda3/lib/python3.10/site-packages/airflow/example_dags/example_complex.py
[2023-07-31T16:47:36.113-0500] {logging_mixin.py:150} INFO - [2023-07-31T16:47:36.113-0500] {dag.py:2742} INFO - Sync 1 DAGs
[2023-07-31T16:47:36.132-0500] {logging_mixin.py:150} INFO - [2023-07-31T16:47:36.131-0500] {dag.py:3504} INFO - Setting next_dagrun for example_complex to None, run_after=None
[2023-07-31T16:47:36.150-0500] {processor.py:179} INFO - Processing /home/joha/anaconda3/lib/python3.10/site-packages/airflow/example_dags/example_complex.py took 0.104 seconds
[2023-07-31T16:48:26.363-0500] {processor.py:157} INFO - Started process (PID=69064) to work on /home/joha/anaconda3/lib/python3.10/site-packages/airflow/example_dags/example_complex.py
[2023-07-31T16:48:26.371-0500] {processor.py:826} INFO - Processing file /home/joha/anaconda3/lib/python3.10/site-packages/airflow/example_dags/example_complex.py for tasks to queue
[2023-07-31T16:48:26.372-0500] {logging_mixin.py:150} INFO - [2023-07-31T16:48:26.372-0500] {dagbag.py:541} INFO - Filling up the DagBag from /home/joha/anaconda3/lib/python3.10/site-packages/airflow/example_dags/example_complex.py
[2023-07-31T16:48:26.391-0500] {processor.py:836} INFO - DAG(s) dict_keys(['example_complex']) retrieved from /home/joha/anaconda3/lib/python3.10/site-packages/airflow/example_dags/example_complex.py
[2023-07-31T16:48:26.420-0500] {logging_mixin.py:150} INFO - [2023-07-31T16:48:26.419-0500] {dag.py:2742} INFO - Sync 1 DAGs
[2023-07-31T16:48:26.437-0500] {logging_mixin.py:150} INFO - [2023-07-31T16:48:26.437-0500] {dag.py:3504} INFO - Setting next_dagrun for example_complex to None, run_after=None
[2023-07-31T16:48:26.456-0500] {processor.py:179} INFO - Processing /home/joha/anaconda3/lib/python3.10/site-packages/airflow/example_dags/example_complex.py took 0.098 seconds
[2023-07-31T16:49:22.210-0500] {processor.py:157} INFO - Started process (PID=69141) to work on /home/joha/anaconda3/lib/python3.10/site-packages/airflow/example_dags/example_complex.py
[2023-07-31T16:49:22.217-0500] {processor.py:826} INFO - Processing file /home/joha/anaconda3/lib/python3.10/site-packages/airflow/example_dags/example_complex.py for tasks to queue
[2023-07-31T16:49:22.218-0500] {logging_mixin.py:150} INFO - [2023-07-31T16:49:22.218-0500] {dagbag.py:541} INFO - Filling up the DagBag from /home/joha/anaconda3/lib/python3.10/site-packages/airflow/example_dags/example_complex.py
[2023-07-31T16:49:22.235-0500] {processor.py:836} INFO - DAG(s) dict_keys(['example_complex']) retrieved from /home/joha/anaconda3/lib/python3.10/site-packages/airflow/example_dags/example_complex.py
[2023-07-31T16:49:22.262-0500] {logging_mixin.py:150} INFO - [2023-07-31T16:49:22.262-0500] {dag.py:2742} INFO - Sync 1 DAGs
[2023-07-31T16:49:22.283-0500] {logging_mixin.py:150} INFO - [2023-07-31T16:49:22.283-0500] {dag.py:3504} INFO - Setting next_dagrun for example_complex to None, run_after=None
[2023-07-31T16:49:22.302-0500] {processor.py:179} INFO - Processing /home/joha/anaconda3/lib/python3.10/site-packages/airflow/example_dags/example_complex.py took 0.095 seconds
[2023-07-31T16:50:22.469-0500] {processor.py:157} INFO - Started process (PID=69238) to work on /home/joha/anaconda3/lib/python3.10/site-packages/airflow/example_dags/example_complex.py
[2023-07-31T16:50:22.477-0500] {processor.py:826} INFO - Processing file /home/joha/anaconda3/lib/python3.10/site-packages/airflow/example_dags/example_complex.py for tasks to queue
[2023-07-31T16:50:22.478-0500] {logging_mixin.py:150} INFO - [2023-07-31T16:50:22.478-0500] {dagbag.py:541} INFO - Filling up the DagBag from /home/joha/anaconda3/lib/python3.10/site-packages/airflow/example_dags/example_complex.py
[2023-07-31T16:50:22.496-0500] {processor.py:836} INFO - DAG(s) dict_keys(['example_complex']) retrieved from /home/joha/anaconda3/lib/python3.10/site-packages/airflow/example_dags/example_complex.py
[2023-07-31T16:50:22.534-0500] {logging_mixin.py:150} INFO - [2023-07-31T16:50:22.533-0500] {dag.py:2742} INFO - Sync 1 DAGs
[2023-07-31T16:50:22.554-0500] {logging_mixin.py:150} INFO - [2023-07-31T16:50:22.553-0500] {dag.py:3504} INFO - Setting next_dagrun for example_complex to None, run_after=None
[2023-07-31T16:50:22.577-0500] {processor.py:179} INFO - Processing /home/joha/anaconda3/lib/python3.10/site-packages/airflow/example_dags/example_complex.py took 0.114 seconds
[2023-07-31T16:51:20.302-0500] {processor.py:157} INFO - Started process (PID=69310) to work on /home/joha/anaconda3/lib/python3.10/site-packages/airflow/example_dags/example_complex.py
[2023-07-31T16:51:20.303-0500] {processor.py:826} INFO - Processing file /home/joha/anaconda3/lib/python3.10/site-packages/airflow/example_dags/example_complex.py for tasks to queue
[2023-07-31T16:51:20.304-0500] {logging_mixin.py:150} INFO - [2023-07-31T16:51:20.304-0500] {dagbag.py:541} INFO - Filling up the DagBag from /home/joha/anaconda3/lib/python3.10/site-packages/airflow/example_dags/example_complex.py
[2023-07-31T16:51:20.315-0500] {processor.py:836} INFO - DAG(s) dict_keys(['example_complex']) retrieved from /home/joha/anaconda3/lib/python3.10/site-packages/airflow/example_dags/example_complex.py
[2023-07-31T16:51:20.342-0500] {logging_mixin.py:150} INFO - [2023-07-31T16:51:20.342-0500] {dag.py:2742} INFO - Sync 1 DAGs
[2023-07-31T16:51:20.360-0500] {logging_mixin.py:150} INFO - [2023-07-31T16:51:20.359-0500] {dag.py:3504} INFO - Setting next_dagrun for example_complex to None, run_after=None
[2023-07-31T16:51:20.380-0500] {processor.py:179} INFO - Processing /home/joha/anaconda3/lib/python3.10/site-packages/airflow/example_dags/example_complex.py took 0.081 seconds
[2023-07-31T16:52:15.279-0500] {processor.py:157} INFO - Started process (PID=69382) to work on /home/joha/anaconda3/lib/python3.10/site-packages/airflow/example_dags/example_complex.py
[2023-07-31T16:52:15.280-0500] {processor.py:826} INFO - Processing file /home/joha/anaconda3/lib/python3.10/site-packages/airflow/example_dags/example_complex.py for tasks to queue
[2023-07-31T16:52:15.281-0500] {logging_mixin.py:150} INFO - [2023-07-31T16:52:15.281-0500] {dagbag.py:541} INFO - Filling up the DagBag from /home/joha/anaconda3/lib/python3.10/site-packages/airflow/example_dags/example_complex.py
[2023-07-31T16:52:15.294-0500] {processor.py:836} INFO - DAG(s) dict_keys(['example_complex']) retrieved from /home/joha/anaconda3/lib/python3.10/site-packages/airflow/example_dags/example_complex.py
[2023-07-31T16:52:15.322-0500] {logging_mixin.py:150} INFO - [2023-07-31T16:52:15.322-0500] {dag.py:2742} INFO - Sync 1 DAGs
[2023-07-31T16:52:15.340-0500] {logging_mixin.py:150} INFO - [2023-07-31T16:52:15.340-0500] {dag.py:3504} INFO - Setting next_dagrun for example_complex to None, run_after=None
[2023-07-31T16:52:15.361-0500] {processor.py:179} INFO - Processing /home/joha/anaconda3/lib/python3.10/site-packages/airflow/example_dags/example_complex.py took 0.086 seconds
[2023-07-31T16:53:22.994-0500] {processor.py:157} INFO - Started process (PID=69464) to work on /home/joha/anaconda3/lib/python3.10/site-packages/airflow/example_dags/example_complex.py
[2023-07-31T16:53:23.001-0500] {processor.py:826} INFO - Processing file /home/joha/anaconda3/lib/python3.10/site-packages/airflow/example_dags/example_complex.py for tasks to queue
[2023-07-31T16:53:23.002-0500] {logging_mixin.py:150} INFO - [2023-07-31T16:53:23.002-0500] {dagbag.py:541} INFO - Filling up the DagBag from /home/joha/anaconda3/lib/python3.10/site-packages/airflow/example_dags/example_complex.py
[2023-07-31T16:53:23.014-0500] {processor.py:836} INFO - DAG(s) dict_keys(['example_complex']) retrieved from /home/joha/anaconda3/lib/python3.10/site-packages/airflow/example_dags/example_complex.py
[2023-07-31T16:53:23.040-0500] {logging_mixin.py:150} INFO - [2023-07-31T16:53:23.040-0500] {dag.py:2742} INFO - Sync 1 DAGs
[2023-07-31T16:53:23.058-0500] {logging_mixin.py:150} INFO - [2023-07-31T16:53:23.057-0500] {dag.py:3504} INFO - Setting next_dagrun for example_complex to None, run_after=None
[2023-07-31T16:53:23.077-0500] {processor.py:179} INFO - Processing /home/joha/anaconda3/lib/python3.10/site-packages/airflow/example_dags/example_complex.py took 0.087 seconds
[2023-07-31T16:54:09.833-0500] {processor.py:157} INFO - Started process (PID=69521) to work on /home/joha/anaconda3/lib/python3.10/site-packages/airflow/example_dags/example_complex.py
[2023-07-31T16:54:09.841-0500] {processor.py:826} INFO - Processing file /home/joha/anaconda3/lib/python3.10/site-packages/airflow/example_dags/example_complex.py for tasks to queue
[2023-07-31T16:54:09.843-0500] {logging_mixin.py:150} INFO - [2023-07-31T16:54:09.843-0500] {dagbag.py:541} INFO - Filling up the DagBag from /home/joha/anaconda3/lib/python3.10/site-packages/airflow/example_dags/example_complex.py
[2023-07-31T16:54:09.866-0500] {processor.py:836} INFO - DAG(s) dict_keys(['example_complex']) retrieved from /home/joha/anaconda3/lib/python3.10/site-packages/airflow/example_dags/example_complex.py
[2023-07-31T16:54:09.894-0500] {logging_mixin.py:150} INFO - [2023-07-31T16:54:09.894-0500] {dag.py:2742} INFO - Sync 1 DAGs
[2023-07-31T16:54:09.913-0500] {logging_mixin.py:150} INFO - [2023-07-31T16:54:09.913-0500] {dag.py:3504} INFO - Setting next_dagrun for example_complex to None, run_after=None
[2023-07-31T16:54:09.932-0500] {processor.py:179} INFO - Processing /home/joha/anaconda3/lib/python3.10/site-packages/airflow/example_dags/example_complex.py took 0.105 seconds
[2023-07-31T16:54:58.479-0500] {processor.py:157} INFO - Started process (PID=69581) to work on /home/joha/anaconda3/lib/python3.10/site-packages/airflow/example_dags/example_complex.py
[2023-07-31T16:54:58.487-0500] {processor.py:826} INFO - Processing file /home/joha/anaconda3/lib/python3.10/site-packages/airflow/example_dags/example_complex.py for tasks to queue
[2023-07-31T16:54:58.488-0500] {logging_mixin.py:150} INFO - [2023-07-31T16:54:58.487-0500] {dagbag.py:541} INFO - Filling up the DagBag from /home/joha/anaconda3/lib/python3.10/site-packages/airflow/example_dags/example_complex.py
[2023-07-31T16:54:58.500-0500] {processor.py:836} INFO - DAG(s) dict_keys(['example_complex']) retrieved from /home/joha/anaconda3/lib/python3.10/site-packages/airflow/example_dags/example_complex.py
[2023-07-31T16:54:58.527-0500] {logging_mixin.py:150} INFO - [2023-07-31T16:54:58.527-0500] {dag.py:2742} INFO - Sync 1 DAGs
[2023-07-31T16:54:58.545-0500] {logging_mixin.py:150} INFO - [2023-07-31T16:54:58.545-0500] {dag.py:3504} INFO - Setting next_dagrun for example_complex to None, run_after=None
[2023-07-31T16:54:58.565-0500] {processor.py:179} INFO - Processing /home/joha/anaconda3/lib/python3.10/site-packages/airflow/example_dags/example_complex.py took 0.088 seconds
[2023-07-31T16:55:55.256-0500] {processor.py:157} INFO - Started process (PID=69662) to work on /home/joha/anaconda3/lib/python3.10/site-packages/airflow/example_dags/example_complex.py
[2023-07-31T16:55:55.264-0500] {processor.py:826} INFO - Processing file /home/joha/anaconda3/lib/python3.10/site-packages/airflow/example_dags/example_complex.py for tasks to queue
[2023-07-31T16:55:55.265-0500] {logging_mixin.py:150} INFO - [2023-07-31T16:55:55.264-0500] {dagbag.py:541} INFO - Filling up the DagBag from /home/joha/anaconda3/lib/python3.10/site-packages/airflow/example_dags/example_complex.py
[2023-07-31T16:55:55.277-0500] {processor.py:836} INFO - DAG(s) dict_keys(['example_complex']) retrieved from /home/joha/anaconda3/lib/python3.10/site-packages/airflow/example_dags/example_complex.py
[2023-07-31T16:55:55.304-0500] {logging_mixin.py:150} INFO - [2023-07-31T16:55:55.304-0500] {dag.py:2742} INFO - Sync 1 DAGs
[2023-07-31T16:55:55.323-0500] {logging_mixin.py:150} INFO - [2023-07-31T16:55:55.323-0500] {dag.py:3504} INFO - Setting next_dagrun for example_complex to None, run_after=None
[2023-07-31T16:55:55.342-0500] {processor.py:179} INFO - Processing /home/joha/anaconda3/lib/python3.10/site-packages/airflow/example_dags/example_complex.py took 0.089 seconds
