[2023-07-31T16:44:47.188-0500] {processor.py:157} INFO - Started process (PID=68776) to work on /home/joha/anaconda3/lib/python3.10/site-packages/airflow/example_dags/example_nested_branch_dag.py
[2023-07-31T16:44:47.189-0500] {processor.py:826} INFO - Processing file /home/joha/anaconda3/lib/python3.10/site-packages/airflow/example_dags/example_nested_branch_dag.py for tasks to queue
[2023-07-31T16:44:47.190-0500] {logging_mixin.py:150} INFO - [2023-07-31T16:44:47.189-0500] {dagbag.py:541} INFO - Filling up the DagBag from /home/joha/anaconda3/lib/python3.10/site-packages/airflow/example_dags/example_nested_branch_dag.py
[2023-07-31T16:44:47.200-0500] {processor.py:836} INFO - DAG(s) dict_keys(['example_nested_branch_dag']) retrieved from /home/joha/anaconda3/lib/python3.10/site-packages/airflow/example_dags/example_nested_branch_dag.py
[2023-07-31T16:44:47.227-0500] {logging_mixin.py:150} INFO - [2023-07-31T16:44:47.227-0500] {dag.py:2742} INFO - Sync 1 DAGs
[2023-07-31T16:44:47.255-0500] {logging_mixin.py:150} INFO - [2023-07-31T16:44:47.255-0500] {dag.py:3504} INFO - Setting next_dagrun for example_nested_branch_dag to 2023-07-30T00:00:00+00:00, run_after=2023-07-31T00:00:00+00:00
[2023-07-31T16:44:47.285-0500] {processor.py:179} INFO - Processing /home/joha/anaconda3/lib/python3.10/site-packages/airflow/example_dags/example_nested_branch_dag.py took 0.101 seconds
[2023-07-31T16:45:34.749-0500] {processor.py:157} INFO - Started process (PID=68843) to work on /home/joha/anaconda3/lib/python3.10/site-packages/airflow/example_dags/example_nested_branch_dag.py
[2023-07-31T16:45:34.757-0500] {processor.py:826} INFO - Processing file /home/joha/anaconda3/lib/python3.10/site-packages/airflow/example_dags/example_nested_branch_dag.py for tasks to queue
[2023-07-31T16:45:34.758-0500] {logging_mixin.py:150} INFO - [2023-07-31T16:45:34.757-0500] {dagbag.py:541} INFO - Filling up the DagBag from /home/joha/anaconda3/lib/python3.10/site-packages/airflow/example_dags/example_nested_branch_dag.py
[2023-07-31T16:45:34.770-0500] {processor.py:836} INFO - DAG(s) dict_keys(['example_nested_branch_dag']) retrieved from /home/joha/anaconda3/lib/python3.10/site-packages/airflow/example_dags/example_nested_branch_dag.py
[2023-07-31T16:45:34.790-0500] {logging_mixin.py:150} INFO - [2023-07-31T16:45:34.790-0500] {dag.py:2742} INFO - Sync 1 DAGs
[2023-07-31T16:45:34.813-0500] {logging_mixin.py:150} INFO - [2023-07-31T16:45:34.813-0500] {dag.py:3504} INFO - Setting next_dagrun for example_nested_branch_dag to 2023-07-30T00:00:00+00:00, run_after=2023-07-31T00:00:00+00:00
[2023-07-31T16:45:34.837-0500] {processor.py:179} INFO - Processing /home/joha/anaconda3/lib/python3.10/site-packages/airflow/example_dags/example_nested_branch_dag.py took 0.091 seconds
[2023-07-31T16:46:30.882-0500] {processor.py:157} INFO - Started process (PID=68920) to work on /home/joha/anaconda3/lib/python3.10/site-packages/airflow/example_dags/example_nested_branch_dag.py
[2023-07-31T16:46:30.890-0500] {processor.py:826} INFO - Processing file /home/joha/anaconda3/lib/python3.10/site-packages/airflow/example_dags/example_nested_branch_dag.py for tasks to queue
[2023-07-31T16:46:30.891-0500] {logging_mixin.py:150} INFO - [2023-07-31T16:46:30.891-0500] {dagbag.py:541} INFO - Filling up the DagBag from /home/joha/anaconda3/lib/python3.10/site-packages/airflow/example_dags/example_nested_branch_dag.py
[2023-07-31T16:46:30.902-0500] {processor.py:836} INFO - DAG(s) dict_keys(['example_nested_branch_dag']) retrieved from /home/joha/anaconda3/lib/python3.10/site-packages/airflow/example_dags/example_nested_branch_dag.py
[2023-07-31T16:46:30.925-0500] {logging_mixin.py:150} INFO - [2023-07-31T16:46:30.925-0500] {dag.py:2742} INFO - Sync 1 DAGs
[2023-07-31T16:46:30.952-0500] {logging_mixin.py:150} INFO - [2023-07-31T16:46:30.952-0500] {dag.py:3504} INFO - Setting next_dagrun for example_nested_branch_dag to 2023-07-30T00:00:00+00:00, run_after=2023-07-31T00:00:00+00:00
[2023-07-31T16:46:31.018-0500] {processor.py:179} INFO - Processing /home/joha/anaconda3/lib/python3.10/site-packages/airflow/example_dags/example_nested_branch_dag.py took 0.139 seconds
[2023-07-31T16:47:23.435-0500] {processor.py:157} INFO - Started process (PID=68986) to work on /home/joha/anaconda3/lib/python3.10/site-packages/airflow/example_dags/example_nested_branch_dag.py
[2023-07-31T16:47:23.444-0500] {processor.py:826} INFO - Processing file /home/joha/anaconda3/lib/python3.10/site-packages/airflow/example_dags/example_nested_branch_dag.py for tasks to queue
[2023-07-31T16:47:23.446-0500] {logging_mixin.py:150} INFO - [2023-07-31T16:47:23.445-0500] {dagbag.py:541} INFO - Filling up the DagBag from /home/joha/anaconda3/lib/python3.10/site-packages/airflow/example_dags/example_nested_branch_dag.py
[2023-07-31T16:47:23.466-0500] {processor.py:836} INFO - DAG(s) dict_keys(['example_nested_branch_dag']) retrieved from /home/joha/anaconda3/lib/python3.10/site-packages/airflow/example_dags/example_nested_branch_dag.py
[2023-07-31T16:47:23.489-0500] {logging_mixin.py:150} INFO - [2023-07-31T16:47:23.489-0500] {dag.py:2742} INFO - Sync 1 DAGs
[2023-07-31T16:47:23.510-0500] {logging_mixin.py:150} INFO - [2023-07-31T16:47:23.510-0500] {dag.py:3504} INFO - Setting next_dagrun for example_nested_branch_dag to 2023-07-30T00:00:00+00:00, run_after=2023-07-31T00:00:00+00:00
[2023-07-31T16:47:23.531-0500] {processor.py:179} INFO - Processing /home/joha/anaconda3/lib/python3.10/site-packages/airflow/example_dags/example_nested_branch_dag.py took 0.103 seconds
[2023-07-31T16:48:17.221-0500] {processor.py:157} INFO - Started process (PID=69051) to work on /home/joha/anaconda3/lib/python3.10/site-packages/airflow/example_dags/example_nested_branch_dag.py
[2023-07-31T16:48:17.223-0500] {processor.py:826} INFO - Processing file /home/joha/anaconda3/lib/python3.10/site-packages/airflow/example_dags/example_nested_branch_dag.py for tasks to queue
[2023-07-31T16:48:17.225-0500] {logging_mixin.py:150} INFO - [2023-07-31T16:48:17.224-0500] {dagbag.py:541} INFO - Filling up the DagBag from /home/joha/anaconda3/lib/python3.10/site-packages/airflow/example_dags/example_nested_branch_dag.py
[2023-07-31T16:48:17.243-0500] {processor.py:836} INFO - DAG(s) dict_keys(['example_nested_branch_dag']) retrieved from /home/joha/anaconda3/lib/python3.10/site-packages/airflow/example_dags/example_nested_branch_dag.py
[2023-07-31T16:48:17.263-0500] {logging_mixin.py:150} INFO - [2023-07-31T16:48:17.263-0500] {dag.py:2742} INFO - Sync 1 DAGs
[2023-07-31T16:48:17.283-0500] {logging_mixin.py:150} INFO - [2023-07-31T16:48:17.282-0500] {dag.py:3504} INFO - Setting next_dagrun for example_nested_branch_dag to 2023-07-30T00:00:00+00:00, run_after=2023-07-31T00:00:00+00:00
[2023-07-31T16:48:17.302-0500] {processor.py:179} INFO - Processing /home/joha/anaconda3/lib/python3.10/site-packages/airflow/example_dags/example_nested_branch_dag.py took 0.087 seconds
[2023-07-31T16:49:08.998-0500] {processor.py:157} INFO - Started process (PID=69121) to work on /home/joha/anaconda3/lib/python3.10/site-packages/airflow/example_dags/example_nested_branch_dag.py
[2023-07-31T16:49:09.006-0500] {processor.py:826} INFO - Processing file /home/joha/anaconda3/lib/python3.10/site-packages/airflow/example_dags/example_nested_branch_dag.py for tasks to queue
[2023-07-31T16:49:09.007-0500] {logging_mixin.py:150} INFO - [2023-07-31T16:49:09.007-0500] {dagbag.py:541} INFO - Filling up the DagBag from /home/joha/anaconda3/lib/python3.10/site-packages/airflow/example_dags/example_nested_branch_dag.py
[2023-07-31T16:49:09.023-0500] {processor.py:836} INFO - DAG(s) dict_keys(['example_nested_branch_dag']) retrieved from /home/joha/anaconda3/lib/python3.10/site-packages/airflow/example_dags/example_nested_branch_dag.py
[2023-07-31T16:49:09.047-0500] {logging_mixin.py:150} INFO - [2023-07-31T16:49:09.046-0500] {dag.py:2742} INFO - Sync 1 DAGs
[2023-07-31T16:49:09.071-0500] {logging_mixin.py:150} INFO - [2023-07-31T16:49:09.071-0500] {dag.py:3504} INFO - Setting next_dagrun for example_nested_branch_dag to 2023-07-30T00:00:00+00:00, run_after=2023-07-31T00:00:00+00:00
[2023-07-31T16:49:09.094-0500] {processor.py:179} INFO - Processing /home/joha/anaconda3/lib/python3.10/site-packages/airflow/example_dags/example_nested_branch_dag.py took 0.102 seconds
[2023-07-31T16:50:07.399-0500] {processor.py:157} INFO - Started process (PID=69205) to work on /home/joha/anaconda3/lib/python3.10/site-packages/airflow/example_dags/example_nested_branch_dag.py
[2023-07-31T16:50:07.402-0500] {processor.py:826} INFO - Processing file /home/joha/anaconda3/lib/python3.10/site-packages/airflow/example_dags/example_nested_branch_dag.py for tasks to queue
[2023-07-31T16:50:07.404-0500] {logging_mixin.py:150} INFO - [2023-07-31T16:50:07.403-0500] {dagbag.py:541} INFO - Filling up the DagBag from /home/joha/anaconda3/lib/python3.10/site-packages/airflow/example_dags/example_nested_branch_dag.py
[2023-07-31T16:50:07.426-0500] {processor.py:836} INFO - DAG(s) dict_keys(['example_nested_branch_dag']) retrieved from /home/joha/anaconda3/lib/python3.10/site-packages/airflow/example_dags/example_nested_branch_dag.py
[2023-07-31T16:50:07.447-0500] {logging_mixin.py:150} INFO - [2023-07-31T16:50:07.447-0500] {dag.py:2742} INFO - Sync 1 DAGs
[2023-07-31T16:50:07.467-0500] {logging_mixin.py:150} INFO - [2023-07-31T16:50:07.466-0500] {dag.py:3504} INFO - Setting next_dagrun for example_nested_branch_dag to 2023-07-30T00:00:00+00:00, run_after=2023-07-31T00:00:00+00:00
[2023-07-31T16:50:07.487-0500] {processor.py:179} INFO - Processing /home/joha/anaconda3/lib/python3.10/site-packages/airflow/example_dags/example_nested_branch_dag.py took 0.098 seconds
[2023-07-31T16:51:04.730-0500] {processor.py:157} INFO - Started process (PID=69287) to work on /home/joha/anaconda3/lib/python3.10/site-packages/airflow/example_dags/example_nested_branch_dag.py
[2023-07-31T16:51:04.732-0500] {processor.py:826} INFO - Processing file /home/joha/anaconda3/lib/python3.10/site-packages/airflow/example_dags/example_nested_branch_dag.py for tasks to queue
[2023-07-31T16:51:04.734-0500] {logging_mixin.py:150} INFO - [2023-07-31T16:51:04.733-0500] {dagbag.py:541} INFO - Filling up the DagBag from /home/joha/anaconda3/lib/python3.10/site-packages/airflow/example_dags/example_nested_branch_dag.py
[2023-07-31T16:51:04.752-0500] {processor.py:836} INFO - DAG(s) dict_keys(['example_nested_branch_dag']) retrieved from /home/joha/anaconda3/lib/python3.10/site-packages/airflow/example_dags/example_nested_branch_dag.py
[2023-07-31T16:51:04.773-0500] {logging_mixin.py:150} INFO - [2023-07-31T16:51:04.773-0500] {dag.py:2742} INFO - Sync 1 DAGs
[2023-07-31T16:51:04.793-0500] {logging_mixin.py:150} INFO - [2023-07-31T16:51:04.793-0500] {dag.py:3504} INFO - Setting next_dagrun for example_nested_branch_dag to 2023-07-30T00:00:00+00:00, run_after=2023-07-31T00:00:00+00:00
[2023-07-31T16:51:04.815-0500] {processor.py:179} INFO - Processing /home/joha/anaconda3/lib/python3.10/site-packages/airflow/example_dags/example_nested_branch_dag.py took 0.092 seconds
[2023-07-31T16:52:01.399-0500] {processor.py:157} INFO - Started process (PID=69358) to work on /home/joha/anaconda3/lib/python3.10/site-packages/airflow/example_dags/example_nested_branch_dag.py
[2023-07-31T16:52:01.410-0500] {processor.py:826} INFO - Processing file /home/joha/anaconda3/lib/python3.10/site-packages/airflow/example_dags/example_nested_branch_dag.py for tasks to queue
[2023-07-31T16:52:01.413-0500] {logging_mixin.py:150} INFO - [2023-07-31T16:52:01.412-0500] {dagbag.py:541} INFO - Filling up the DagBag from /home/joha/anaconda3/lib/python3.10/site-packages/airflow/example_dags/example_nested_branch_dag.py
[2023-07-31T16:52:01.437-0500] {processor.py:836} INFO - DAG(s) dict_keys(['example_nested_branch_dag']) retrieved from /home/joha/anaconda3/lib/python3.10/site-packages/airflow/example_dags/example_nested_branch_dag.py
[2023-07-31T16:52:01.459-0500] {logging_mixin.py:150} INFO - [2023-07-31T16:52:01.459-0500] {dag.py:2742} INFO - Sync 1 DAGs
[2023-07-31T16:52:01.481-0500] {logging_mixin.py:150} INFO - [2023-07-31T16:52:01.481-0500] {dag.py:3504} INFO - Setting next_dagrun for example_nested_branch_dag to 2023-07-30T00:00:00+00:00, run_after=2023-07-31T00:00:00+00:00
[2023-07-31T16:52:01.503-0500] {processor.py:179} INFO - Processing /home/joha/anaconda3/lib/python3.10/site-packages/airflow/example_dags/example_nested_branch_dag.py took 0.107 seconds
[2023-07-31T16:53:00.736-0500] {processor.py:157} INFO - Started process (PID=69447) to work on /home/joha/anaconda3/lib/python3.10/site-packages/airflow/example_dags/example_nested_branch_dag.py
[2023-07-31T16:53:00.743-0500] {processor.py:826} INFO - Processing file /home/joha/anaconda3/lib/python3.10/site-packages/airflow/example_dags/example_nested_branch_dag.py for tasks to queue
[2023-07-31T16:53:00.745-0500] {logging_mixin.py:150} INFO - [2023-07-31T16:53:00.744-0500] {dagbag.py:541} INFO - Filling up the DagBag from /home/joha/anaconda3/lib/python3.10/site-packages/airflow/example_dags/example_nested_branch_dag.py
[2023-07-31T16:53:00.764-0500] {processor.py:836} INFO - DAG(s) dict_keys(['example_nested_branch_dag']) retrieved from /home/joha/anaconda3/lib/python3.10/site-packages/airflow/example_dags/example_nested_branch_dag.py
[2023-07-31T16:53:00.786-0500] {logging_mixin.py:150} INFO - [2023-07-31T16:53:00.786-0500] {dag.py:2742} INFO - Sync 1 DAGs
[2023-07-31T16:53:00.807-0500] {logging_mixin.py:150} INFO - [2023-07-31T16:53:00.807-0500] {dag.py:3504} INFO - Setting next_dagrun for example_nested_branch_dag to 2023-07-30T00:00:00+00:00, run_after=2023-07-31T00:00:00+00:00
[2023-07-31T16:53:01.103-0500] {processor.py:179} INFO - Processing /home/joha/anaconda3/lib/python3.10/site-packages/airflow/example_dags/example_nested_branch_dag.py took 0.373 seconds
[2023-07-31T16:53:53.192-0500] {processor.py:157} INFO - Started process (PID=69503) to work on /home/joha/anaconda3/lib/python3.10/site-packages/airflow/example_dags/example_nested_branch_dag.py
[2023-07-31T16:53:53.194-0500] {processor.py:826} INFO - Processing file /home/joha/anaconda3/lib/python3.10/site-packages/airflow/example_dags/example_nested_branch_dag.py for tasks to queue
[2023-07-31T16:53:53.196-0500] {logging_mixin.py:150} INFO - [2023-07-31T16:53:53.195-0500] {dagbag.py:541} INFO - Filling up the DagBag from /home/joha/anaconda3/lib/python3.10/site-packages/airflow/example_dags/example_nested_branch_dag.py
[2023-07-31T16:53:53.214-0500] {processor.py:836} INFO - DAG(s) dict_keys(['example_nested_branch_dag']) retrieved from /home/joha/anaconda3/lib/python3.10/site-packages/airflow/example_dags/example_nested_branch_dag.py
[2023-07-31T16:53:53.234-0500] {logging_mixin.py:150} INFO - [2023-07-31T16:53:53.234-0500] {dag.py:2742} INFO - Sync 1 DAGs
[2023-07-31T16:53:53.253-0500] {logging_mixin.py:150} INFO - [2023-07-31T16:53:53.253-0500] {dag.py:3504} INFO - Setting next_dagrun for example_nested_branch_dag to 2023-07-30T00:00:00+00:00, run_after=2023-07-31T00:00:00+00:00
[2023-07-31T16:53:53.272-0500] {processor.py:179} INFO - Processing /home/joha/anaconda3/lib/python3.10/site-packages/airflow/example_dags/example_nested_branch_dag.py took 0.087 seconds
[2023-07-31T16:54:41.269-0500] {processor.py:157} INFO - Started process (PID=69565) to work on /home/joha/anaconda3/lib/python3.10/site-packages/airflow/example_dags/example_nested_branch_dag.py
[2023-07-31T16:54:41.277-0500] {processor.py:826} INFO - Processing file /home/joha/anaconda3/lib/python3.10/site-packages/airflow/example_dags/example_nested_branch_dag.py for tasks to queue
[2023-07-31T16:54:41.278-0500] {logging_mixin.py:150} INFO - [2023-07-31T16:54:41.277-0500] {dagbag.py:541} INFO - Filling up the DagBag from /home/joha/anaconda3/lib/python3.10/site-packages/airflow/example_dags/example_nested_branch_dag.py
[2023-07-31T16:54:41.294-0500] {processor.py:836} INFO - DAG(s) dict_keys(['example_nested_branch_dag']) retrieved from /home/joha/anaconda3/lib/python3.10/site-packages/airflow/example_dags/example_nested_branch_dag.py
[2023-07-31T16:54:41.317-0500] {logging_mixin.py:150} INFO - [2023-07-31T16:54:41.316-0500] {dag.py:2742} INFO - Sync 1 DAGs
[2023-07-31T16:54:41.337-0500] {logging_mixin.py:150} INFO - [2023-07-31T16:54:41.337-0500] {dag.py:3504} INFO - Setting next_dagrun for example_nested_branch_dag to 2023-07-30T00:00:00+00:00, run_after=2023-07-31T00:00:00+00:00
[2023-07-31T16:54:41.357-0500] {processor.py:179} INFO - Processing /home/joha/anaconda3/lib/python3.10/site-packages/airflow/example_dags/example_nested_branch_dag.py took 0.093 seconds
[2023-07-31T16:55:36.888-0500] {processor.py:157} INFO - Started process (PID=69642) to work on /home/joha/anaconda3/lib/python3.10/site-packages/airflow/example_dags/example_nested_branch_dag.py
[2023-07-31T16:55:36.895-0500] {processor.py:826} INFO - Processing file /home/joha/anaconda3/lib/python3.10/site-packages/airflow/example_dags/example_nested_branch_dag.py for tasks to queue
[2023-07-31T16:55:36.897-0500] {logging_mixin.py:150} INFO - [2023-07-31T16:55:36.896-0500] {dagbag.py:541} INFO - Filling up the DagBag from /home/joha/anaconda3/lib/python3.10/site-packages/airflow/example_dags/example_nested_branch_dag.py
[2023-07-31T16:55:36.912-0500] {processor.py:836} INFO - DAG(s) dict_keys(['example_nested_branch_dag']) retrieved from /home/joha/anaconda3/lib/python3.10/site-packages/airflow/example_dags/example_nested_branch_dag.py
[2023-07-31T16:55:36.932-0500] {logging_mixin.py:150} INFO - [2023-07-31T16:55:36.932-0500] {dag.py:2742} INFO - Sync 1 DAGs
[2023-07-31T16:55:36.953-0500] {logging_mixin.py:150} INFO - [2023-07-31T16:55:36.952-0500] {dag.py:3504} INFO - Setting next_dagrun for example_nested_branch_dag to 2023-07-30T00:00:00+00:00, run_after=2023-07-31T00:00:00+00:00
[2023-07-31T16:55:36.973-0500] {processor.py:179} INFO - Processing /home/joha/anaconda3/lib/python3.10/site-packages/airflow/example_dags/example_nested_branch_dag.py took 0.089 seconds
[2023-07-31T16:56:29.277-0500] {processor.py:157} INFO - Started process (PID=69800) to work on /home/joha/anaconda3/lib/python3.10/site-packages/airflow/example_dags/example_nested_branch_dag.py
[2023-07-31T16:56:29.285-0500] {processor.py:826} INFO - Processing file /home/joha/anaconda3/lib/python3.10/site-packages/airflow/example_dags/example_nested_branch_dag.py for tasks to queue
[2023-07-31T16:56:29.286-0500] {logging_mixin.py:150} INFO - [2023-07-31T16:56:29.286-0500] {dagbag.py:541} INFO - Filling up the DagBag from /home/joha/anaconda3/lib/python3.10/site-packages/airflow/example_dags/example_nested_branch_dag.py
[2023-07-31T16:56:29.310-0500] {processor.py:836} INFO - DAG(s) dict_keys(['example_nested_branch_dag']) retrieved from /home/joha/anaconda3/lib/python3.10/site-packages/airflow/example_dags/example_nested_branch_dag.py
[2023-07-31T16:56:29.348-0500] {logging_mixin.py:150} INFO - [2023-07-31T16:56:29.348-0500] {dag.py:2742} INFO - Sync 1 DAGs
[2023-07-31T16:56:29.383-0500] {logging_mixin.py:150} INFO - [2023-07-31T16:56:29.383-0500] {dag.py:3504} INFO - Setting next_dagrun for example_nested_branch_dag to 2023-07-30T00:00:00+00:00, run_after=2023-07-31T00:00:00+00:00
[2023-07-31T16:56:29.484-0500] {processor.py:179} INFO - Processing /home/joha/anaconda3/lib/python3.10/site-packages/airflow/example_dags/example_nested_branch_dag.py took 0.212 seconds
