[2023-07-31T16:44:23.926-0500] {processor.py:157} INFO - Started process (PID=68422) to work on /home/joha/anaconda3/lib/python3.10/site-packages/airflow/example_dags/example_trigger_target_dag.py
[2023-07-31T16:44:23.927-0500] {processor.py:826} INFO - Processing file /home/joha/anaconda3/lib/python3.10/site-packages/airflow/example_dags/example_trigger_target_dag.py for tasks to queue
[2023-07-31T16:44:23.927-0500] {logging_mixin.py:150} INFO - [2023-07-31T16:44:23.927-0500] {dagbag.py:541} INFO - Filling up the DagBag from /home/joha/anaconda3/lib/python3.10/site-packages/airflow/example_dags/example_trigger_target_dag.py
[2023-07-31T16:44:23.935-0500] {processor.py:836} INFO - DAG(s) dict_keys(['example_trigger_target_dag']) retrieved from /home/joha/anaconda3/lib/python3.10/site-packages/airflow/example_dags/example_trigger_target_dag.py
[2023-07-31T16:44:23.956-0500] {logging_mixin.py:150} INFO - [2023-07-31T16:44:23.956-0500] {dag.py:2742} INFO - Sync 1 DAGs
[2023-07-31T16:44:23.978-0500] {logging_mixin.py:150} INFO - [2023-07-31T16:44:23.977-0500] {dag.py:3504} INFO - Setting next_dagrun for example_trigger_target_dag to None, run_after=None
[2023-07-31T16:44:24.011-0500] {processor.py:179} INFO - Processing /home/joha/anaconda3/lib/python3.10/site-packages/airflow/example_dags/example_trigger_target_dag.py took 0.088 seconds
[2023-07-31T16:45:12.265-0500] {processor.py:157} INFO - Started process (PID=68810) to work on /home/joha/anaconda3/lib/python3.10/site-packages/airflow/example_dags/example_trigger_target_dag.py
[2023-07-31T16:45:12.273-0500] {processor.py:826} INFO - Processing file /home/joha/anaconda3/lib/python3.10/site-packages/airflow/example_dags/example_trigger_target_dag.py for tasks to queue
[2023-07-31T16:45:12.274-0500] {logging_mixin.py:150} INFO - [2023-07-31T16:45:12.274-0500] {dagbag.py:541} INFO - Filling up the DagBag from /home/joha/anaconda3/lib/python3.10/site-packages/airflow/example_dags/example_trigger_target_dag.py
[2023-07-31T16:45:12.285-0500] {processor.py:836} INFO - DAG(s) dict_keys(['example_trigger_target_dag']) retrieved from /home/joha/anaconda3/lib/python3.10/site-packages/airflow/example_dags/example_trigger_target_dag.py
[2023-07-31T16:45:12.305-0500] {logging_mixin.py:150} INFO - [2023-07-31T16:45:12.305-0500] {dag.py:2742} INFO - Sync 1 DAGs
[2023-07-31T16:45:12.325-0500] {logging_mixin.py:150} INFO - [2023-07-31T16:45:12.325-0500] {dag.py:3504} INFO - Setting next_dagrun for example_trigger_target_dag to None, run_after=None
[2023-07-31T16:45:12.347-0500] {processor.py:179} INFO - Processing /home/joha/anaconda3/lib/python3.10/site-packages/airflow/example_dags/example_trigger_target_dag.py took 0.085 seconds
[2023-07-31T16:46:02.060-0500] {processor.py:157} INFO - Started process (PID=68875) to work on /home/joha/anaconda3/lib/python3.10/site-packages/airflow/example_dags/example_trigger_target_dag.py
[2023-07-31T16:46:02.069-0500] {processor.py:826} INFO - Processing file /home/joha/anaconda3/lib/python3.10/site-packages/airflow/example_dags/example_trigger_target_dag.py for tasks to queue
[2023-07-31T16:46:02.071-0500] {logging_mixin.py:150} INFO - [2023-07-31T16:46:02.070-0500] {dagbag.py:541} INFO - Filling up the DagBag from /home/joha/anaconda3/lib/python3.10/site-packages/airflow/example_dags/example_trigger_target_dag.py
[2023-07-31T16:46:02.086-0500] {processor.py:836} INFO - DAG(s) dict_keys(['example_trigger_target_dag']) retrieved from /home/joha/anaconda3/lib/python3.10/site-packages/airflow/example_dags/example_trigger_target_dag.py
[2023-07-31T16:46:02.108-0500] {logging_mixin.py:150} INFO - [2023-07-31T16:46:02.107-0500] {dag.py:2742} INFO - Sync 1 DAGs
[2023-07-31T16:46:02.126-0500] {logging_mixin.py:150} INFO - [2023-07-31T16:46:02.126-0500] {dag.py:3504} INFO - Setting next_dagrun for example_trigger_target_dag to None, run_after=None
[2023-07-31T16:46:02.146-0500] {processor.py:179} INFO - Processing /home/joha/anaconda3/lib/python3.10/site-packages/airflow/example_dags/example_trigger_target_dag.py took 0.092 seconds
[2023-07-31T16:46:38.435-0500] {processor.py:157} INFO - Started process (PID=68929) to work on /home/joha/anaconda3/lib/python3.10/site-packages/airflow/example_dags/example_trigger_target_dag.py
[2023-07-31T16:46:38.442-0500] {processor.py:826} INFO - Processing file /home/joha/anaconda3/lib/python3.10/site-packages/airflow/example_dags/example_trigger_target_dag.py for tasks to queue
[2023-07-31T16:46:38.443-0500] {logging_mixin.py:150} INFO - [2023-07-31T16:46:38.443-0500] {dagbag.py:541} INFO - Filling up the DagBag from /home/joha/anaconda3/lib/python3.10/site-packages/airflow/example_dags/example_trigger_target_dag.py
[2023-07-31T16:46:38.452-0500] {processor.py:836} INFO - DAG(s) dict_keys(['example_trigger_target_dag']) retrieved from /home/joha/anaconda3/lib/python3.10/site-packages/airflow/example_dags/example_trigger_target_dag.py
[2023-07-31T16:46:38.473-0500] {logging_mixin.py:150} INFO - [2023-07-31T16:46:38.473-0500] {dag.py:2742} INFO - Sync 1 DAGs
[2023-07-31T16:46:38.499-0500] {logging_mixin.py:150} INFO - [2023-07-31T16:46:38.499-0500] {dag.py:3504} INFO - Setting next_dagrun for example_trigger_target_dag to None, run_after=None
[2023-07-31T16:46:38.521-0500] {processor.py:179} INFO - Processing /home/joha/anaconda3/lib/python3.10/site-packages/airflow/example_dags/example_trigger_target_dag.py took 0.090 seconds
[2023-07-31T16:47:30.560-0500] {processor.py:157} INFO - Started process (PID=68996) to work on /home/joha/anaconda3/lib/python3.10/site-packages/airflow/example_dags/example_trigger_target_dag.py
[2023-07-31T16:47:30.569-0500] {processor.py:826} INFO - Processing file /home/joha/anaconda3/lib/python3.10/site-packages/airflow/example_dags/example_trigger_target_dag.py for tasks to queue
[2023-07-31T16:47:30.571-0500] {logging_mixin.py:150} INFO - [2023-07-31T16:47:30.570-0500] {dagbag.py:541} INFO - Filling up the DagBag from /home/joha/anaconda3/lib/python3.10/site-packages/airflow/example_dags/example_trigger_target_dag.py
[2023-07-31T16:47:30.585-0500] {processor.py:836} INFO - DAG(s) dict_keys(['example_trigger_target_dag']) retrieved from /home/joha/anaconda3/lib/python3.10/site-packages/airflow/example_dags/example_trigger_target_dag.py
[2023-07-31T16:47:30.606-0500] {logging_mixin.py:150} INFO - [2023-07-31T16:47:30.606-0500] {dag.py:2742} INFO - Sync 1 DAGs
[2023-07-31T16:47:30.627-0500] {logging_mixin.py:150} INFO - [2023-07-31T16:47:30.627-0500] {dag.py:3504} INFO - Setting next_dagrun for example_trigger_target_dag to None, run_after=None
[2023-07-31T16:47:30.646-0500] {processor.py:179} INFO - Processing /home/joha/anaconda3/lib/python3.10/site-packages/airflow/example_dags/example_trigger_target_dag.py took 0.092 seconds
[2023-07-31T16:48:08.283-0500] {processor.py:157} INFO - Started process (PID=69041) to work on /home/joha/anaconda3/lib/python3.10/site-packages/airflow/example_dags/example_trigger_target_dag.py
[2023-07-31T16:48:08.292-0500] {processor.py:826} INFO - Processing file /home/joha/anaconda3/lib/python3.10/site-packages/airflow/example_dags/example_trigger_target_dag.py for tasks to queue
[2023-07-31T16:48:08.294-0500] {logging_mixin.py:150} INFO - [2023-07-31T16:48:08.293-0500] {dagbag.py:541} INFO - Filling up the DagBag from /home/joha/anaconda3/lib/python3.10/site-packages/airflow/example_dags/example_trigger_target_dag.py
[2023-07-31T16:48:08.314-0500] {processor.py:836} INFO - DAG(s) dict_keys(['example_trigger_target_dag']) retrieved from /home/joha/anaconda3/lib/python3.10/site-packages/airflow/example_dags/example_trigger_target_dag.py
[2023-07-31T16:48:08.334-0500] {logging_mixin.py:150} INFO - [2023-07-31T16:48:08.334-0500] {dag.py:2742} INFO - Sync 1 DAGs
[2023-07-31T16:48:08.352-0500] {logging_mixin.py:150} INFO - [2023-07-31T16:48:08.352-0500] {dag.py:3504} INFO - Setting next_dagrun for example_trigger_target_dag to None, run_after=None
[2023-07-31T16:48:08.372-0500] {processor.py:179} INFO - Processing /home/joha/anaconda3/lib/python3.10/site-packages/airflow/example_dags/example_trigger_target_dag.py took 0.096 seconds
[2023-07-31T16:48:57.973-0500] {processor.py:157} INFO - Started process (PID=69107) to work on /home/joha/anaconda3/lib/python3.10/site-packages/airflow/example_dags/example_trigger_target_dag.py
[2023-07-31T16:48:57.981-0500] {processor.py:826} INFO - Processing file /home/joha/anaconda3/lib/python3.10/site-packages/airflow/example_dags/example_trigger_target_dag.py for tasks to queue
[2023-07-31T16:48:57.982-0500] {logging_mixin.py:150} INFO - [2023-07-31T16:48:57.982-0500] {dagbag.py:541} INFO - Filling up the DagBag from /home/joha/anaconda3/lib/python3.10/site-packages/airflow/example_dags/example_trigger_target_dag.py
[2023-07-31T16:48:57.992-0500] {processor.py:836} INFO - DAG(s) dict_keys(['example_trigger_target_dag']) retrieved from /home/joha/anaconda3/lib/python3.10/site-packages/airflow/example_dags/example_trigger_target_dag.py
[2023-07-31T16:48:58.011-0500] {logging_mixin.py:150} INFO - [2023-07-31T16:48:58.011-0500] {dag.py:2742} INFO - Sync 1 DAGs
[2023-07-31T16:48:58.036-0500] {logging_mixin.py:150} INFO - [2023-07-31T16:48:58.036-0500] {dag.py:3504} INFO - Setting next_dagrun for example_trigger_target_dag to None, run_after=None
[2023-07-31T16:48:58.058-0500] {processor.py:179} INFO - Processing /home/joha/anaconda3/lib/python3.10/site-packages/airflow/example_dags/example_trigger_target_dag.py took 0.088 seconds
[2023-07-31T16:49:36.778-0500] {processor.py:157} INFO - Started process (PID=69163) to work on /home/joha/anaconda3/lib/python3.10/site-packages/airflow/example_dags/example_trigger_target_dag.py
[2023-07-31T16:49:36.786-0500] {processor.py:826} INFO - Processing file /home/joha/anaconda3/lib/python3.10/site-packages/airflow/example_dags/example_trigger_target_dag.py for tasks to queue
[2023-07-31T16:49:36.787-0500] {logging_mixin.py:150} INFO - [2023-07-31T16:49:36.786-0500] {dagbag.py:541} INFO - Filling up the DagBag from /home/joha/anaconda3/lib/python3.10/site-packages/airflow/example_dags/example_trigger_target_dag.py
[2023-07-31T16:49:36.794-0500] {processor.py:836} INFO - DAG(s) dict_keys(['example_trigger_target_dag']) retrieved from /home/joha/anaconda3/lib/python3.10/site-packages/airflow/example_dags/example_trigger_target_dag.py
[2023-07-31T16:49:36.812-0500] {logging_mixin.py:150} INFO - [2023-07-31T16:49:36.812-0500] {dag.py:2742} INFO - Sync 1 DAGs
[2023-07-31T16:49:36.835-0500] {logging_mixin.py:150} INFO - [2023-07-31T16:49:36.835-0500] {dag.py:3504} INFO - Setting next_dagrun for example_trigger_target_dag to None, run_after=None
[2023-07-31T16:49:36.860-0500] {processor.py:179} INFO - Processing /home/joha/anaconda3/lib/python3.10/site-packages/airflow/example_dags/example_trigger_target_dag.py took 0.084 seconds
[2023-07-31T16:50:17.722-0500] {processor.py:157} INFO - Started process (PID=69227) to work on /home/joha/anaconda3/lib/python3.10/site-packages/airflow/example_dags/example_trigger_target_dag.py
[2023-07-31T16:50:17.729-0500] {processor.py:826} INFO - Processing file /home/joha/anaconda3/lib/python3.10/site-packages/airflow/example_dags/example_trigger_target_dag.py for tasks to queue
[2023-07-31T16:50:17.730-0500] {logging_mixin.py:150} INFO - [2023-07-31T16:50:17.730-0500] {dagbag.py:541} INFO - Filling up the DagBag from /home/joha/anaconda3/lib/python3.10/site-packages/airflow/example_dags/example_trigger_target_dag.py
[2023-07-31T16:50:17.740-0500] {processor.py:836} INFO - DAG(s) dict_keys(['example_trigger_target_dag']) retrieved from /home/joha/anaconda3/lib/python3.10/site-packages/airflow/example_dags/example_trigger_target_dag.py
[2023-07-31T16:50:17.760-0500] {logging_mixin.py:150} INFO - [2023-07-31T16:50:17.760-0500] {dag.py:2742} INFO - Sync 1 DAGs
[2023-07-31T16:50:17.780-0500] {logging_mixin.py:150} INFO - [2023-07-31T16:50:17.780-0500] {dag.py:3504} INFO - Setting next_dagrun for example_trigger_target_dag to None, run_after=None
[2023-07-31T16:50:17.802-0500] {processor.py:179} INFO - Processing /home/joha/anaconda3/lib/python3.10/site-packages/airflow/example_dags/example_trigger_target_dag.py took 0.084 seconds
[2023-07-31T16:50:55.942-0500] {processor.py:157} INFO - Started process (PID=69278) to work on /home/joha/anaconda3/lib/python3.10/site-packages/airflow/example_dags/example_trigger_target_dag.py
[2023-07-31T16:50:55.950-0500] {processor.py:826} INFO - Processing file /home/joha/anaconda3/lib/python3.10/site-packages/airflow/example_dags/example_trigger_target_dag.py for tasks to queue
[2023-07-31T16:50:55.951-0500] {logging_mixin.py:150} INFO - [2023-07-31T16:50:55.951-0500] {dagbag.py:541} INFO - Filling up the DagBag from /home/joha/anaconda3/lib/python3.10/site-packages/airflow/example_dags/example_trigger_target_dag.py
[2023-07-31T16:50:55.962-0500] {processor.py:836} INFO - DAG(s) dict_keys(['example_trigger_target_dag']) retrieved from /home/joha/anaconda3/lib/python3.10/site-packages/airflow/example_dags/example_trigger_target_dag.py
[2023-07-31T16:50:55.983-0500] {logging_mixin.py:150} INFO - [2023-07-31T16:50:55.982-0500] {dag.py:2742} INFO - Sync 1 DAGs
[2023-07-31T16:50:56.002-0500] {logging_mixin.py:150} INFO - [2023-07-31T16:50:56.001-0500] {dag.py:3504} INFO - Setting next_dagrun for example_trigger_target_dag to None, run_after=None
[2023-07-31T16:50:56.021-0500] {processor.py:179} INFO - Processing /home/joha/anaconda3/lib/python3.10/site-packages/airflow/example_dags/example_trigger_target_dag.py took 0.084 seconds
[2023-07-31T16:51:34.870-0500] {processor.py:157} INFO - Started process (PID=69326) to work on /home/joha/anaconda3/lib/python3.10/site-packages/airflow/example_dags/example_trigger_target_dag.py
[2023-07-31T16:51:34.880-0500] {processor.py:826} INFO - Processing file /home/joha/anaconda3/lib/python3.10/site-packages/airflow/example_dags/example_trigger_target_dag.py for tasks to queue
[2023-07-31T16:51:34.883-0500] {logging_mixin.py:150} INFO - [2023-07-31T16:51:34.882-0500] {dagbag.py:541} INFO - Filling up the DagBag from /home/joha/anaconda3/lib/python3.10/site-packages/airflow/example_dags/example_trigger_target_dag.py
[2023-07-31T16:51:34.907-0500] {processor.py:836} INFO - DAG(s) dict_keys(['example_trigger_target_dag']) retrieved from /home/joha/anaconda3/lib/python3.10/site-packages/airflow/example_dags/example_trigger_target_dag.py
[2023-07-31T16:51:34.933-0500] {logging_mixin.py:150} INFO - [2023-07-31T16:51:34.932-0500] {dag.py:2742} INFO - Sync 1 DAGs
[2023-07-31T16:51:34.952-0500] {logging_mixin.py:150} INFO - [2023-07-31T16:51:34.952-0500] {dag.py:3504} INFO - Setting next_dagrun for example_trigger_target_dag to None, run_after=None
[2023-07-31T16:51:34.980-0500] {processor.py:179} INFO - Processing /home/joha/anaconda3/lib/python3.10/site-packages/airflow/example_dags/example_trigger_target_dag.py took 0.121 seconds
[2023-07-31T16:52:11.738-0500] {processor.py:157} INFO - Started process (PID=69372) to work on /home/joha/anaconda3/lib/python3.10/site-packages/airflow/example_dags/example_trigger_target_dag.py
[2023-07-31T16:52:11.746-0500] {processor.py:826} INFO - Processing file /home/joha/anaconda3/lib/python3.10/site-packages/airflow/example_dags/example_trigger_target_dag.py for tasks to queue
[2023-07-31T16:52:11.748-0500] {logging_mixin.py:150} INFO - [2023-07-31T16:52:11.747-0500] {dagbag.py:541} INFO - Filling up the DagBag from /home/joha/anaconda3/lib/python3.10/site-packages/airflow/example_dags/example_trigger_target_dag.py
[2023-07-31T16:52:11.760-0500] {processor.py:836} INFO - DAG(s) dict_keys(['example_trigger_target_dag']) retrieved from /home/joha/anaconda3/lib/python3.10/site-packages/airflow/example_dags/example_trigger_target_dag.py
[2023-07-31T16:52:11.780-0500] {logging_mixin.py:150} INFO - [2023-07-31T16:52:11.779-0500] {dag.py:2742} INFO - Sync 1 DAGs
[2023-07-31T16:52:11.799-0500] {logging_mixin.py:150} INFO - [2023-07-31T16:52:11.799-0500] {dag.py:3504} INFO - Setting next_dagrun for example_trigger_target_dag to None, run_after=None
[2023-07-31T16:52:11.821-0500] {processor.py:179} INFO - Processing /home/joha/anaconda3/lib/python3.10/site-packages/airflow/example_dags/example_trigger_target_dag.py took 0.088 seconds
[2023-07-31T16:52:49.318-0500] {processor.py:157} INFO - Started process (PID=69430) to work on /home/joha/anaconda3/lib/python3.10/site-packages/airflow/example_dags/example_trigger_target_dag.py
[2023-07-31T16:52:49.326-0500] {processor.py:826} INFO - Processing file /home/joha/anaconda3/lib/python3.10/site-packages/airflow/example_dags/example_trigger_target_dag.py for tasks to queue
[2023-07-31T16:52:49.329-0500] {logging_mixin.py:150} INFO - [2023-07-31T16:52:49.328-0500] {dagbag.py:541} INFO - Filling up the DagBag from /home/joha/anaconda3/lib/python3.10/site-packages/airflow/example_dags/example_trigger_target_dag.py
[2023-07-31T16:52:49.349-0500] {processor.py:836} INFO - DAG(s) dict_keys(['example_trigger_target_dag']) retrieved from /home/joha/anaconda3/lib/python3.10/site-packages/airflow/example_dags/example_trigger_target_dag.py
[2023-07-31T16:52:49.370-0500] {logging_mixin.py:150} INFO - [2023-07-31T16:52:49.369-0500] {dag.py:2742} INFO - Sync 1 DAGs
[2023-07-31T16:52:49.388-0500] {logging_mixin.py:150} INFO - [2023-07-31T16:52:49.388-0500] {dag.py:3504} INFO - Setting next_dagrun for example_trigger_target_dag to None, run_after=None
[2023-07-31T16:52:49.407-0500] {processor.py:179} INFO - Processing /home/joha/anaconda3/lib/python3.10/site-packages/airflow/example_dags/example_trigger_target_dag.py took 0.094 seconds
[2023-07-31T16:53:37.575-0500] {processor.py:157} INFO - Started process (PID=69480) to work on /home/joha/anaconda3/lib/python3.10/site-packages/airflow/example_dags/example_trigger_target_dag.py
[2023-07-31T16:53:37.588-0500] {processor.py:826} INFO - Processing file /home/joha/anaconda3/lib/python3.10/site-packages/airflow/example_dags/example_trigger_target_dag.py for tasks to queue
[2023-07-31T16:53:37.591-0500] {logging_mixin.py:150} INFO - [2023-07-31T16:53:37.589-0500] {dagbag.py:541} INFO - Filling up the DagBag from /home/joha/anaconda3/lib/python3.10/site-packages/airflow/example_dags/example_trigger_target_dag.py
[2023-07-31T16:53:37.611-0500] {processor.py:836} INFO - DAG(s) dict_keys(['example_trigger_target_dag']) retrieved from /home/joha/anaconda3/lib/python3.10/site-packages/airflow/example_dags/example_trigger_target_dag.py
[2023-07-31T16:53:37.631-0500] {logging_mixin.py:150} INFO - [2023-07-31T16:53:37.631-0500] {dag.py:2742} INFO - Sync 1 DAGs
[2023-07-31T16:53:37.649-0500] {logging_mixin.py:150} INFO - [2023-07-31T16:53:37.649-0500] {dag.py:3504} INFO - Setting next_dagrun for example_trigger_target_dag to None, run_after=None
[2023-07-31T16:53:37.669-0500] {processor.py:179} INFO - Processing /home/joha/anaconda3/lib/python3.10/site-packages/airflow/example_dags/example_trigger_target_dag.py took 0.101 seconds
[2023-07-31T16:54:17.466-0500] {processor.py:157} INFO - Started process (PID=69529) to work on /home/joha/anaconda3/lib/python3.10/site-packages/airflow/example_dags/example_trigger_target_dag.py
[2023-07-31T16:54:17.474-0500] {processor.py:826} INFO - Processing file /home/joha/anaconda3/lib/python3.10/site-packages/airflow/example_dags/example_trigger_target_dag.py for tasks to queue
[2023-07-31T16:54:17.475-0500] {logging_mixin.py:150} INFO - [2023-07-31T16:54:17.475-0500] {dagbag.py:541} INFO - Filling up the DagBag from /home/joha/anaconda3/lib/python3.10/site-packages/airflow/example_dags/example_trigger_target_dag.py
[2023-07-31T16:54:17.483-0500] {processor.py:836} INFO - DAG(s) dict_keys(['example_trigger_target_dag']) retrieved from /home/joha/anaconda3/lib/python3.10/site-packages/airflow/example_dags/example_trigger_target_dag.py
[2023-07-31T16:54:17.498-0500] {logging_mixin.py:150} INFO - [2023-07-31T16:54:17.498-0500] {dag.py:2742} INFO - Sync 1 DAGs
[2023-07-31T16:54:17.517-0500] {logging_mixin.py:150} INFO - [2023-07-31T16:54:17.517-0500] {dag.py:3504} INFO - Setting next_dagrun for example_trigger_target_dag to None, run_after=None
[2023-07-31T16:54:17.536-0500] {processor.py:179} INFO - Processing /home/joha/anaconda3/lib/python3.10/site-packages/airflow/example_dags/example_trigger_target_dag.py took 0.075 seconds
[2023-07-31T16:55:06.357-0500] {processor.py:157} INFO - Started process (PID=69593) to work on /home/joha/anaconda3/lib/python3.10/site-packages/airflow/example_dags/example_trigger_target_dag.py
[2023-07-31T16:55:06.365-0500] {processor.py:826} INFO - Processing file /home/joha/anaconda3/lib/python3.10/site-packages/airflow/example_dags/example_trigger_target_dag.py for tasks to queue
[2023-07-31T16:55:06.368-0500] {logging_mixin.py:150} INFO - [2023-07-31T16:55:06.367-0500] {dagbag.py:541} INFO - Filling up the DagBag from /home/joha/anaconda3/lib/python3.10/site-packages/airflow/example_dags/example_trigger_target_dag.py
[2023-07-31T16:55:06.390-0500] {processor.py:836} INFO - DAG(s) dict_keys(['example_trigger_target_dag']) retrieved from /home/joha/anaconda3/lib/python3.10/site-packages/airflow/example_dags/example_trigger_target_dag.py
[2023-07-31T16:55:06.413-0500] {logging_mixin.py:150} INFO - [2023-07-31T16:55:06.413-0500] {dag.py:2742} INFO - Sync 1 DAGs
[2023-07-31T16:55:06.431-0500] {logging_mixin.py:150} INFO - [2023-07-31T16:55:06.431-0500] {dag.py:3504} INFO - Setting next_dagrun for example_trigger_target_dag to None, run_after=None
[2023-07-31T16:55:06.451-0500] {processor.py:179} INFO - Processing /home/joha/anaconda3/lib/python3.10/site-packages/airflow/example_dags/example_trigger_target_dag.py took 0.096 seconds
[2023-07-31T16:55:44.948-0500] {processor.py:157} INFO - Started process (PID=69652) to work on /home/joha/anaconda3/lib/python3.10/site-packages/airflow/example_dags/example_trigger_target_dag.py
[2023-07-31T16:55:44.955-0500] {processor.py:826} INFO - Processing file /home/joha/anaconda3/lib/python3.10/site-packages/airflow/example_dags/example_trigger_target_dag.py for tasks to queue
[2023-07-31T16:55:44.956-0500] {logging_mixin.py:150} INFO - [2023-07-31T16:55:44.956-0500] {dagbag.py:541} INFO - Filling up the DagBag from /home/joha/anaconda3/lib/python3.10/site-packages/airflow/example_dags/example_trigger_target_dag.py
[2023-07-31T16:55:44.968-0500] {processor.py:836} INFO - DAG(s) dict_keys(['example_trigger_target_dag']) retrieved from /home/joha/anaconda3/lib/python3.10/site-packages/airflow/example_dags/example_trigger_target_dag.py
[2023-07-31T16:55:44.988-0500] {logging_mixin.py:150} INFO - [2023-07-31T16:55:44.988-0500] {dag.py:2742} INFO - Sync 1 DAGs
[2023-07-31T16:55:45.006-0500] {logging_mixin.py:150} INFO - [2023-07-31T16:55:45.006-0500] {dag.py:3504} INFO - Setting next_dagrun for example_trigger_target_dag to None, run_after=None
[2023-07-31T16:55:45.124-0500] {processor.py:179} INFO - Processing /home/joha/anaconda3/lib/python3.10/site-packages/airflow/example_dags/example_trigger_target_dag.py took 0.181 seconds
