[2023-07-31T16:44:35.792-0500] {processor.py:157} INFO - Started process (PID=68729) to work on /home/joha/anaconda3/lib/python3.10/site-packages/airflow/example_dags/example_branch_operator.py
[2023-07-31T16:44:35.793-0500] {processor.py:826} INFO - Processing file /home/joha/anaconda3/lib/python3.10/site-packages/airflow/example_dags/example_branch_operator.py for tasks to queue
[2023-07-31T16:44:35.794-0500] {logging_mixin.py:150} INFO - [2023-07-31T16:44:35.794-0500] {dagbag.py:541} INFO - Filling up the DagBag from /home/joha/anaconda3/lib/python3.10/site-packages/airflow/example_dags/example_branch_operator.py
[2023-07-31T16:44:35.808-0500] {processor.py:836} INFO - DAG(s) dict_keys(['example_branch_operator']) retrieved from /home/joha/anaconda3/lib/python3.10/site-packages/airflow/example_dags/example_branch_operator.py
[2023-07-31T16:44:35.844-0500] {logging_mixin.py:150} INFO - [2023-07-31T16:44:35.844-0500] {dag.py:2742} INFO - Sync 1 DAGs
[2023-07-31T16:44:35.881-0500] {logging_mixin.py:150} INFO - [2023-07-31T16:44:35.881-0500] {dag.py:3504} INFO - Setting next_dagrun for example_branch_operator to 2023-07-30T00:00:00+00:00, run_after=2023-07-31T00:00:00+00:00
[2023-07-31T16:44:35.926-0500] {processor.py:179} INFO - Processing /home/joha/anaconda3/lib/python3.10/site-packages/airflow/example_dags/example_branch_operator.py took 0.138 seconds
[2023-07-31T16:45:24.433-0500] {processor.py:157} INFO - Started process (PID=68830) to work on /home/joha/anaconda3/lib/python3.10/site-packages/airflow/example_dags/example_branch_operator.py
[2023-07-31T16:45:24.441-0500] {processor.py:826} INFO - Processing file /home/joha/anaconda3/lib/python3.10/site-packages/airflow/example_dags/example_branch_operator.py for tasks to queue
[2023-07-31T16:45:24.442-0500] {logging_mixin.py:150} INFO - [2023-07-31T16:45:24.441-0500] {dagbag.py:541} INFO - Filling up the DagBag from /home/joha/anaconda3/lib/python3.10/site-packages/airflow/example_dags/example_branch_operator.py
[2023-07-31T16:45:24.451-0500] {processor.py:836} INFO - DAG(s) dict_keys(['example_branch_operator']) retrieved from /home/joha/anaconda3/lib/python3.10/site-packages/airflow/example_dags/example_branch_operator.py
[2023-07-31T16:45:24.476-0500] {logging_mixin.py:150} INFO - [2023-07-31T16:45:24.475-0500] {dag.py:2742} INFO - Sync 1 DAGs
[2023-07-31T16:45:24.502-0500] {logging_mixin.py:150} INFO - [2023-07-31T16:45:24.501-0500] {dag.py:3504} INFO - Setting next_dagrun for example_branch_operator to 2023-07-30T00:00:00+00:00, run_after=2023-07-31T00:00:00+00:00
[2023-07-31T16:45:24.526-0500] {processor.py:179} INFO - Processing /home/joha/anaconda3/lib/python3.10/site-packages/airflow/example_dags/example_branch_operator.py took 0.097 seconds
[2023-07-31T16:46:12.178-0500] {processor.py:157} INFO - Started process (PID=68898) to work on /home/joha/anaconda3/lib/python3.10/site-packages/airflow/example_dags/example_branch_operator.py
[2023-07-31T16:46:12.187-0500] {processor.py:826} INFO - Processing file /home/joha/anaconda3/lib/python3.10/site-packages/airflow/example_dags/example_branch_operator.py for tasks to queue
[2023-07-31T16:46:12.190-0500] {logging_mixin.py:150} INFO - [2023-07-31T16:46:12.189-0500] {dagbag.py:541} INFO - Filling up the DagBag from /home/joha/anaconda3/lib/python3.10/site-packages/airflow/example_dags/example_branch_operator.py
[2023-07-31T16:46:12.216-0500] {processor.py:836} INFO - DAG(s) dict_keys(['example_branch_operator']) retrieved from /home/joha/anaconda3/lib/python3.10/site-packages/airflow/example_dags/example_branch_operator.py
[2023-07-31T16:46:12.246-0500] {logging_mixin.py:150} INFO - [2023-07-31T16:46:12.243-0500] {dag.py:2742} INFO - Sync 1 DAGs
[2023-07-31T16:46:12.273-0500] {logging_mixin.py:150} INFO - [2023-07-31T16:46:12.273-0500] {dag.py:3504} INFO - Setting next_dagrun for example_branch_operator to 2023-07-30T00:00:00+00:00, run_after=2023-07-31T00:00:00+00:00
[2023-07-31T16:46:12.298-0500] {processor.py:179} INFO - Processing /home/joha/anaconda3/lib/python3.10/site-packages/airflow/example_dags/example_branch_operator.py took 0.123 seconds
[2023-07-31T16:47:04.482-0500] {processor.py:157} INFO - Started process (PID=68963) to work on /home/joha/anaconda3/lib/python3.10/site-packages/airflow/example_dags/example_branch_operator.py
[2023-07-31T16:47:04.490-0500] {processor.py:826} INFO - Processing file /home/joha/anaconda3/lib/python3.10/site-packages/airflow/example_dags/example_branch_operator.py for tasks to queue
[2023-07-31T16:47:04.491-0500] {logging_mixin.py:150} INFO - [2023-07-31T16:47:04.490-0500] {dagbag.py:541} INFO - Filling up the DagBag from /home/joha/anaconda3/lib/python3.10/site-packages/airflow/example_dags/example_branch_operator.py
[2023-07-31T16:47:04.504-0500] {processor.py:836} INFO - DAG(s) dict_keys(['example_branch_operator']) retrieved from /home/joha/anaconda3/lib/python3.10/site-packages/airflow/example_dags/example_branch_operator.py
[2023-07-31T16:47:04.527-0500] {logging_mixin.py:150} INFO - [2023-07-31T16:47:04.526-0500] {dag.py:2742} INFO - Sync 1 DAGs
[2023-07-31T16:47:04.552-0500] {logging_mixin.py:150} INFO - [2023-07-31T16:47:04.551-0500] {dag.py:3504} INFO - Setting next_dagrun for example_branch_operator to 2023-07-30T00:00:00+00:00, run_after=2023-07-31T00:00:00+00:00
[2023-07-31T16:47:04.573-0500] {processor.py:179} INFO - Processing /home/joha/anaconda3/lib/python3.10/site-packages/airflow/example_dags/example_branch_operator.py took 0.095 seconds
[2023-07-31T16:47:58.968-0500] {processor.py:157} INFO - Started process (PID=69032) to work on /home/joha/anaconda3/lib/python3.10/site-packages/airflow/example_dags/example_branch_operator.py
[2023-07-31T16:47:58.976-0500] {processor.py:826} INFO - Processing file /home/joha/anaconda3/lib/python3.10/site-packages/airflow/example_dags/example_branch_operator.py for tasks to queue
[2023-07-31T16:47:58.977-0500] {logging_mixin.py:150} INFO - [2023-07-31T16:47:58.977-0500] {dagbag.py:541} INFO - Filling up the DagBag from /home/joha/anaconda3/lib/python3.10/site-packages/airflow/example_dags/example_branch_operator.py
[2023-07-31T16:47:58.993-0500] {processor.py:836} INFO - DAG(s) dict_keys(['example_branch_operator']) retrieved from /home/joha/anaconda3/lib/python3.10/site-packages/airflow/example_dags/example_branch_operator.py
[2023-07-31T16:47:59.017-0500] {logging_mixin.py:150} INFO - [2023-07-31T16:47:59.017-0500] {dag.py:2742} INFO - Sync 1 DAGs
[2023-07-31T16:47:59.037-0500] {logging_mixin.py:150} INFO - [2023-07-31T16:47:59.037-0500] {dag.py:3504} INFO - Setting next_dagrun for example_branch_operator to 2023-07-30T00:00:00+00:00, run_after=2023-07-31T00:00:00+00:00
[2023-07-31T16:47:59.056-0500] {processor.py:179} INFO - Processing /home/joha/anaconda3/lib/python3.10/site-packages/airflow/example_dags/example_branch_operator.py took 0.094 seconds
[2023-07-31T16:48:48.765-0500] {processor.py:157} INFO - Started process (PID=69098) to work on /home/joha/anaconda3/lib/python3.10/site-packages/airflow/example_dags/example_branch_operator.py
[2023-07-31T16:48:48.774-0500] {processor.py:826} INFO - Processing file /home/joha/anaconda3/lib/python3.10/site-packages/airflow/example_dags/example_branch_operator.py for tasks to queue
[2023-07-31T16:48:48.776-0500] {logging_mixin.py:150} INFO - [2023-07-31T16:48:48.775-0500] {dagbag.py:541} INFO - Filling up the DagBag from /home/joha/anaconda3/lib/python3.10/site-packages/airflow/example_dags/example_branch_operator.py
[2023-07-31T16:48:48.793-0500] {processor.py:836} INFO - DAG(s) dict_keys(['example_branch_operator']) retrieved from /home/joha/anaconda3/lib/python3.10/site-packages/airflow/example_dags/example_branch_operator.py
[2023-07-31T16:48:48.818-0500] {logging_mixin.py:150} INFO - [2023-07-31T16:48:48.818-0500] {dag.py:2742} INFO - Sync 1 DAGs
[2023-07-31T16:48:48.841-0500] {logging_mixin.py:150} INFO - [2023-07-31T16:48:48.841-0500] {dag.py:3504} INFO - Setting next_dagrun for example_branch_operator to 2023-07-30T00:00:00+00:00, run_after=2023-07-31T00:00:00+00:00
[2023-07-31T16:48:48.865-0500] {processor.py:179} INFO - Processing /home/joha/anaconda3/lib/python3.10/site-packages/airflow/example_dags/example_branch_operator.py took 0.103 seconds
[2023-07-31T16:49:48.553-0500] {processor.py:157} INFO - Started process (PID=69181) to work on /home/joha/anaconda3/lib/python3.10/site-packages/airflow/example_dags/example_branch_operator.py
[2023-07-31T16:49:48.560-0500] {processor.py:826} INFO - Processing file /home/joha/anaconda3/lib/python3.10/site-packages/airflow/example_dags/example_branch_operator.py for tasks to queue
[2023-07-31T16:49:48.561-0500] {logging_mixin.py:150} INFO - [2023-07-31T16:49:48.561-0500] {dagbag.py:541} INFO - Filling up the DagBag from /home/joha/anaconda3/lib/python3.10/site-packages/airflow/example_dags/example_branch_operator.py
[2023-07-31T16:49:48.572-0500] {processor.py:836} INFO - DAG(s) dict_keys(['example_branch_operator']) retrieved from /home/joha/anaconda3/lib/python3.10/site-packages/airflow/example_dags/example_branch_operator.py
[2023-07-31T16:49:48.594-0500] {logging_mixin.py:150} INFO - [2023-07-31T16:49:48.594-0500] {dag.py:2742} INFO - Sync 1 DAGs
[2023-07-31T16:49:48.622-0500] {logging_mixin.py:150} INFO - [2023-07-31T16:49:48.622-0500] {dag.py:3504} INFO - Setting next_dagrun for example_branch_operator to 2023-07-30T00:00:00+00:00, run_after=2023-07-31T00:00:00+00:00
[2023-07-31T16:49:48.645-0500] {processor.py:179} INFO - Processing /home/joha/anaconda3/lib/python3.10/site-packages/airflow/example_dags/example_branch_operator.py took 0.096 seconds
[2023-07-31T16:50:45.516-0500] {processor.py:157} INFO - Started process (PID=69268) to work on /home/joha/anaconda3/lib/python3.10/site-packages/airflow/example_dags/example_branch_operator.py
[2023-07-31T16:50:45.525-0500] {processor.py:826} INFO - Processing file /home/joha/anaconda3/lib/python3.10/site-packages/airflow/example_dags/example_branch_operator.py for tasks to queue
[2023-07-31T16:50:45.527-0500] {logging_mixin.py:150} INFO - [2023-07-31T16:50:45.526-0500] {dagbag.py:541} INFO - Filling up the DagBag from /home/joha/anaconda3/lib/python3.10/site-packages/airflow/example_dags/example_branch_operator.py
[2023-07-31T16:50:45.545-0500] {processor.py:836} INFO - DAG(s) dict_keys(['example_branch_operator']) retrieved from /home/joha/anaconda3/lib/python3.10/site-packages/airflow/example_dags/example_branch_operator.py
[2023-07-31T16:50:45.568-0500] {logging_mixin.py:150} INFO - [2023-07-31T16:50:45.568-0500] {dag.py:2742} INFO - Sync 1 DAGs
[2023-07-31T16:50:45.587-0500] {logging_mixin.py:150} INFO - [2023-07-31T16:50:45.587-0500] {dag.py:3504} INFO - Setting next_dagrun for example_branch_operator to 2023-07-30T00:00:00+00:00, run_after=2023-07-31T00:00:00+00:00
[2023-07-31T16:50:45.607-0500] {processor.py:179} INFO - Processing /home/joha/anaconda3/lib/python3.10/site-packages/airflow/example_dags/example_branch_operator.py took 0.097 seconds
[2023-07-31T16:51:42.753-0500] {processor.py:157} INFO - Started process (PID=69338) to work on /home/joha/anaconda3/lib/python3.10/site-packages/airflow/example_dags/example_branch_operator.py
[2023-07-31T16:51:42.761-0500] {processor.py:826} INFO - Processing file /home/joha/anaconda3/lib/python3.10/site-packages/airflow/example_dags/example_branch_operator.py for tasks to queue
[2023-07-31T16:51:42.762-0500] {logging_mixin.py:150} INFO - [2023-07-31T16:51:42.761-0500] {dagbag.py:541} INFO - Filling up the DagBag from /home/joha/anaconda3/lib/python3.10/site-packages/airflow/example_dags/example_branch_operator.py
[2023-07-31T16:51:42.773-0500] {processor.py:836} INFO - DAG(s) dict_keys(['example_branch_operator']) retrieved from /home/joha/anaconda3/lib/python3.10/site-packages/airflow/example_dags/example_branch_operator.py
[2023-07-31T16:51:42.797-0500] {logging_mixin.py:150} INFO - [2023-07-31T16:51:42.797-0500] {dag.py:2742} INFO - Sync 1 DAGs
[2023-07-31T16:51:42.822-0500] {logging_mixin.py:150} INFO - [2023-07-31T16:51:42.821-0500] {dag.py:3504} INFO - Setting next_dagrun for example_branch_operator to 2023-07-30T00:00:00+00:00, run_after=2023-07-31T00:00:00+00:00
[2023-07-31T16:51:42.845-0500] {processor.py:179} INFO - Processing /home/joha/anaconda3/lib/python3.10/site-packages/airflow/example_dags/example_branch_operator.py took 0.096 seconds
[2023-07-31T16:52:38.948-0500] {processor.py:157} INFO - Started process (PID=69420) to work on /home/joha/anaconda3/lib/python3.10/site-packages/airflow/example_dags/example_branch_operator.py
[2023-07-31T16:52:38.957-0500] {processor.py:826} INFO - Processing file /home/joha/anaconda3/lib/python3.10/site-packages/airflow/example_dags/example_branch_operator.py for tasks to queue
[2023-07-31T16:52:38.959-0500] {logging_mixin.py:150} INFO - [2023-07-31T16:52:38.958-0500] {dagbag.py:541} INFO - Filling up the DagBag from /home/joha/anaconda3/lib/python3.10/site-packages/airflow/example_dags/example_branch_operator.py
[2023-07-31T16:52:38.980-0500] {processor.py:836} INFO - DAG(s) dict_keys(['example_branch_operator']) retrieved from /home/joha/anaconda3/lib/python3.10/site-packages/airflow/example_dags/example_branch_operator.py
[2023-07-31T16:52:39.001-0500] {logging_mixin.py:150} INFO - [2023-07-31T16:52:39.001-0500] {dag.py:2742} INFO - Sync 1 DAGs
[2023-07-31T16:52:39.024-0500] {logging_mixin.py:150} INFO - [2023-07-31T16:52:39.024-0500] {dag.py:3504} INFO - Setting next_dagrun for example_branch_operator to 2023-07-30T00:00:00+00:00, run_after=2023-07-31T00:00:00+00:00
[2023-07-31T16:52:39.043-0500] {processor.py:179} INFO - Processing /home/joha/anaconda3/lib/python3.10/site-packages/airflow/example_dags/example_branch_operator.py took 0.098 seconds
[2023-07-31T16:53:42.838-0500] {processor.py:157} INFO - Started process (PID=69493) to work on /home/joha/anaconda3/lib/python3.10/site-packages/airflow/example_dags/example_branch_operator.py
[2023-07-31T16:53:42.844-0500] {processor.py:826} INFO - Processing file /home/joha/anaconda3/lib/python3.10/site-packages/airflow/example_dags/example_branch_operator.py for tasks to queue
[2023-07-31T16:53:42.844-0500] {logging_mixin.py:150} INFO - [2023-07-31T16:53:42.844-0500] {dagbag.py:541} INFO - Filling up the DagBag from /home/joha/anaconda3/lib/python3.10/site-packages/airflow/example_dags/example_branch_operator.py
[2023-07-31T16:53:42.853-0500] {processor.py:836} INFO - DAG(s) dict_keys(['example_branch_operator']) retrieved from /home/joha/anaconda3/lib/python3.10/site-packages/airflow/example_dags/example_branch_operator.py
[2023-07-31T16:53:42.873-0500] {logging_mixin.py:150} INFO - [2023-07-31T16:53:42.873-0500] {dag.py:2742} INFO - Sync 1 DAGs
[2023-07-31T16:53:42.892-0500] {logging_mixin.py:150} INFO - [2023-07-31T16:53:42.892-0500] {dag.py:3504} INFO - Setting next_dagrun for example_branch_operator to 2023-07-30T00:00:00+00:00, run_after=2023-07-31T00:00:00+00:00
[2023-07-31T16:53:42.912-0500] {processor.py:179} INFO - Processing /home/joha/anaconda3/lib/python3.10/site-packages/airflow/example_dags/example_branch_operator.py took 0.077 seconds
[2023-07-31T16:54:32.252-0500] {processor.py:157} INFO - Started process (PID=69552) to work on /home/joha/anaconda3/lib/python3.10/site-packages/airflow/example_dags/example_branch_operator.py
[2023-07-31T16:54:32.260-0500] {processor.py:826} INFO - Processing file /home/joha/anaconda3/lib/python3.10/site-packages/airflow/example_dags/example_branch_operator.py for tasks to queue
[2023-07-31T16:54:32.263-0500] {logging_mixin.py:150} INFO - [2023-07-31T16:54:32.262-0500] {dagbag.py:541} INFO - Filling up the DagBag from /home/joha/anaconda3/lib/python3.10/site-packages/airflow/example_dags/example_branch_operator.py
[2023-07-31T16:54:32.291-0500] {processor.py:836} INFO - DAG(s) dict_keys(['example_branch_operator']) retrieved from /home/joha/anaconda3/lib/python3.10/site-packages/airflow/example_dags/example_branch_operator.py
[2023-07-31T16:54:32.318-0500] {logging_mixin.py:150} INFO - [2023-07-31T16:54:32.318-0500] {dag.py:2742} INFO - Sync 1 DAGs
[2023-07-31T16:54:32.339-0500] {logging_mixin.py:150} INFO - [2023-07-31T16:54:32.338-0500] {dag.py:3504} INFO - Setting next_dagrun for example_branch_operator to 2023-07-30T00:00:00+00:00, run_after=2023-07-31T00:00:00+00:00
[2023-07-31T16:54:32.364-0500] {processor.py:179} INFO - Processing /home/joha/anaconda3/lib/python3.10/site-packages/airflow/example_dags/example_branch_operator.py took 0.115 seconds
[2023-07-31T16:55:25.593-0500] {processor.py:157} INFO - Started process (PID=69627) to work on /home/joha/anaconda3/lib/python3.10/site-packages/airflow/example_dags/example_branch_operator.py
[2023-07-31T16:55:25.601-0500] {processor.py:826} INFO - Processing file /home/joha/anaconda3/lib/python3.10/site-packages/airflow/example_dags/example_branch_operator.py for tasks to queue
[2023-07-31T16:55:25.604-0500] {logging_mixin.py:150} INFO - [2023-07-31T16:55:25.603-0500] {dagbag.py:541} INFO - Filling up the DagBag from /home/joha/anaconda3/lib/python3.10/site-packages/airflow/example_dags/example_branch_operator.py
[2023-07-31T16:55:25.632-0500] {processor.py:836} INFO - DAG(s) dict_keys(['example_branch_operator']) retrieved from /home/joha/anaconda3/lib/python3.10/site-packages/airflow/example_dags/example_branch_operator.py
[2023-07-31T16:55:25.656-0500] {logging_mixin.py:150} INFO - [2023-07-31T16:55:25.656-0500] {dag.py:2742} INFO - Sync 1 DAGs
[2023-07-31T16:55:25.676-0500] {logging_mixin.py:150} INFO - [2023-07-31T16:55:25.676-0500] {dag.py:3504} INFO - Setting next_dagrun for example_branch_operator to 2023-07-30T00:00:00+00:00, run_after=2023-07-31T00:00:00+00:00
[2023-07-31T16:55:25.699-0500] {processor.py:179} INFO - Processing /home/joha/anaconda3/lib/python3.10/site-packages/airflow/example_dags/example_branch_operator.py took 0.108 seconds
[2023-07-31T16:56:07.766-0500] {processor.py:157} INFO - Started process (PID=69681) to work on /home/joha/anaconda3/lib/python3.10/site-packages/airflow/example_dags/example_branch_operator.py
[2023-07-31T16:56:07.774-0500] {processor.py:826} INFO - Processing file /home/joha/anaconda3/lib/python3.10/site-packages/airflow/example_dags/example_branch_operator.py for tasks to queue
[2023-07-31T16:56:07.776-0500] {logging_mixin.py:150} INFO - [2023-07-31T16:56:07.775-0500] {dagbag.py:541} INFO - Filling up the DagBag from /home/joha/anaconda3/lib/python3.10/site-packages/airflow/example_dags/example_branch_operator.py
[2023-07-31T16:56:07.794-0500] {processor.py:836} INFO - DAG(s) dict_keys(['example_branch_operator']) retrieved from /home/joha/anaconda3/lib/python3.10/site-packages/airflow/example_dags/example_branch_operator.py
[2023-07-31T16:56:07.817-0500] {logging_mixin.py:150} INFO - [2023-07-31T16:56:07.817-0500] {dag.py:2742} INFO - Sync 1 DAGs
[2023-07-31T16:56:07.837-0500] {logging_mixin.py:150} INFO - [2023-07-31T16:56:07.837-0500] {dag.py:3504} INFO - Setting next_dagrun for example_branch_operator to 2023-07-30T00:00:00+00:00, run_after=2023-07-31T00:00:00+00:00
[2023-07-31T16:56:07.857-0500] {processor.py:179} INFO - Processing /home/joha/anaconda3/lib/python3.10/site-packages/airflow/example_dags/example_branch_operator.py took 0.098 seconds
