[2023-07-31T16:44:52.486-0500] {processor.py:157} INFO - Started process (PID=68782) to work on /home/joha/anaconda3/lib/python3.10/site-packages/airflow/example_dags/example_external_task_marker_dag.py
[2023-07-31T16:44:52.487-0500] {processor.py:826} INFO - Processing file /home/joha/anaconda3/lib/python3.10/site-packages/airflow/example_dags/example_external_task_marker_dag.py for tasks to queue
[2023-07-31T16:44:52.488-0500] {logging_mixin.py:150} INFO - [2023-07-31T16:44:52.487-0500] {dagbag.py:541} INFO - Filling up the DagBag from /home/joha/anaconda3/lib/python3.10/site-packages/airflow/example_dags/example_external_task_marker_dag.py
[2023-07-31T16:44:52.498-0500] {processor.py:836} INFO - DAG(s) dict_keys(['example_external_task_marker_parent', 'example_external_task_marker_child']) retrieved from /home/joha/anaconda3/lib/python3.10/site-packages/airflow/example_dags/example_external_task_marker_dag.py
[2023-07-31T16:44:52.532-0500] {logging_mixin.py:150} INFO - [2023-07-31T16:44:52.531-0500] {dag.py:2742} INFO - Sync 2 DAGs
[2023-07-31T16:44:52.552-0500] {logging_mixin.py:150} INFO - [2023-07-31T16:44:52.552-0500] {dag.py:3504} INFO - Setting next_dagrun for example_external_task_marker_child to None, run_after=None
[2023-07-31T16:44:52.555-0500] {logging_mixin.py:150} INFO - [2023-07-31T16:44:52.555-0500] {dag.py:3504} INFO - Setting next_dagrun for example_external_task_marker_parent to None, run_after=None
[2023-07-31T16:44:52.581-0500] {processor.py:179} INFO - Processing /home/joha/anaconda3/lib/python3.10/site-packages/airflow/example_dags/example_external_task_marker_dag.py took 0.100 seconds
[2023-07-31T16:45:49.266-0500] {processor.py:157} INFO - Started process (PID=68863) to work on /home/joha/anaconda3/lib/python3.10/site-packages/airflow/example_dags/example_external_task_marker_dag.py
[2023-07-31T16:45:49.273-0500] {processor.py:826} INFO - Processing file /home/joha/anaconda3/lib/python3.10/site-packages/airflow/example_dags/example_external_task_marker_dag.py for tasks to queue
[2023-07-31T16:45:49.275-0500] {logging_mixin.py:150} INFO - [2023-07-31T16:45:49.274-0500] {dagbag.py:541} INFO - Filling up the DagBag from /home/joha/anaconda3/lib/python3.10/site-packages/airflow/example_dags/example_external_task_marker_dag.py
[2023-07-31T16:45:49.285-0500] {processor.py:836} INFO - DAG(s) dict_keys(['example_external_task_marker_parent', 'example_external_task_marker_child']) retrieved from /home/joha/anaconda3/lib/python3.10/site-packages/airflow/example_dags/example_external_task_marker_dag.py
[2023-07-31T16:45:49.313-0500] {logging_mixin.py:150} INFO - [2023-07-31T16:45:49.313-0500] {dag.py:2742} INFO - Sync 2 DAGs
[2023-07-31T16:45:49.333-0500] {logging_mixin.py:150} INFO - [2023-07-31T16:45:49.333-0500] {dag.py:3504} INFO - Setting next_dagrun for example_external_task_marker_child to None, run_after=None
[2023-07-31T16:45:49.337-0500] {logging_mixin.py:150} INFO - [2023-07-31T16:45:49.336-0500] {dag.py:3504} INFO - Setting next_dagrun for example_external_task_marker_parent to None, run_after=None
[2023-07-31T16:45:49.361-0500] {processor.py:179} INFO - Processing /home/joha/anaconda3/lib/python3.10/site-packages/airflow/example_dags/example_external_task_marker_dag.py took 0.098 seconds
[2023-07-31T16:46:42.740-0500] {processor.py:157} INFO - Started process (PID=68935) to work on /home/joha/anaconda3/lib/python3.10/site-packages/airflow/example_dags/example_external_task_marker_dag.py
[2023-07-31T16:46:42.741-0500] {processor.py:826} INFO - Processing file /home/joha/anaconda3/lib/python3.10/site-packages/airflow/example_dags/example_external_task_marker_dag.py for tasks to queue
[2023-07-31T16:46:42.742-0500] {logging_mixin.py:150} INFO - [2023-07-31T16:46:42.742-0500] {dagbag.py:541} INFO - Filling up the DagBag from /home/joha/anaconda3/lib/python3.10/site-packages/airflow/example_dags/example_external_task_marker_dag.py
[2023-07-31T16:46:42.750-0500] {processor.py:836} INFO - DAG(s) dict_keys(['example_external_task_marker_child', 'example_external_task_marker_parent']) retrieved from /home/joha/anaconda3/lib/python3.10/site-packages/airflow/example_dags/example_external_task_marker_dag.py
[2023-07-31T16:46:42.773-0500] {logging_mixin.py:150} INFO - [2023-07-31T16:46:42.772-0500] {dag.py:2742} INFO - Sync 2 DAGs
[2023-07-31T16:46:42.801-0500] {logging_mixin.py:150} INFO - [2023-07-31T16:46:42.800-0500] {dag.py:3504} INFO - Setting next_dagrun for example_external_task_marker_child to None, run_after=None
[2023-07-31T16:46:42.804-0500] {logging_mixin.py:150} INFO - [2023-07-31T16:46:42.804-0500] {dag.py:3504} INFO - Setting next_dagrun for example_external_task_marker_parent to None, run_after=None
[2023-07-31T16:46:42.824-0500] {processor.py:179} INFO - Processing /home/joha/anaconda3/lib/python3.10/site-packages/airflow/example_dags/example_external_task_marker_dag.py took 0.088 seconds
[2023-07-31T16:47:37.931-0500] {processor.py:157} INFO - Started process (PID=69003) to work on /home/joha/anaconda3/lib/python3.10/site-packages/airflow/example_dags/example_external_task_marker_dag.py
[2023-07-31T16:47:37.939-0500] {processor.py:826} INFO - Processing file /home/joha/anaconda3/lib/python3.10/site-packages/airflow/example_dags/example_external_task_marker_dag.py for tasks to queue
[2023-07-31T16:47:37.941-0500] {logging_mixin.py:150} INFO - [2023-07-31T16:47:37.940-0500] {dagbag.py:541} INFO - Filling up the DagBag from /home/joha/anaconda3/lib/python3.10/site-packages/airflow/example_dags/example_external_task_marker_dag.py
[2023-07-31T16:47:37.956-0500] {processor.py:836} INFO - DAG(s) dict_keys(['example_external_task_marker_parent', 'example_external_task_marker_child']) retrieved from /home/joha/anaconda3/lib/python3.10/site-packages/airflow/example_dags/example_external_task_marker_dag.py
[2023-07-31T16:47:37.981-0500] {logging_mixin.py:150} INFO - [2023-07-31T16:47:37.980-0500] {dag.py:2742} INFO - Sync 2 DAGs
[2023-07-31T16:47:37.999-0500] {logging_mixin.py:150} INFO - [2023-07-31T16:47:37.999-0500] {dag.py:3504} INFO - Setting next_dagrun for example_external_task_marker_child to None, run_after=None
[2023-07-31T16:47:38.002-0500] {logging_mixin.py:150} INFO - [2023-07-31T16:47:38.002-0500] {dag.py:3504} INFO - Setting next_dagrun for example_external_task_marker_parent to None, run_after=None
[2023-07-31T16:47:38.020-0500] {processor.py:179} INFO - Processing /home/joha/anaconda3/lib/python3.10/site-packages/airflow/example_dags/example_external_task_marker_dag.py took 0.095 seconds
[2023-07-31T16:48:28.834-0500] {processor.py:157} INFO - Started process (PID=69067) to work on /home/joha/anaconda3/lib/python3.10/site-packages/airflow/example_dags/example_external_task_marker_dag.py
[2023-07-31T16:48:28.842-0500] {processor.py:826} INFO - Processing file /home/joha/anaconda3/lib/python3.10/site-packages/airflow/example_dags/example_external_task_marker_dag.py for tasks to queue
[2023-07-31T16:48:28.844-0500] {logging_mixin.py:150} INFO - [2023-07-31T16:48:28.843-0500] {dagbag.py:541} INFO - Filling up the DagBag from /home/joha/anaconda3/lib/python3.10/site-packages/airflow/example_dags/example_external_task_marker_dag.py
[2023-07-31T16:48:28.855-0500] {processor.py:836} INFO - DAG(s) dict_keys(['example_external_task_marker_parent', 'example_external_task_marker_child']) retrieved from /home/joha/anaconda3/lib/python3.10/site-packages/airflow/example_dags/example_external_task_marker_dag.py
[2023-07-31T16:48:28.878-0500] {logging_mixin.py:150} INFO - [2023-07-31T16:48:28.878-0500] {dag.py:2742} INFO - Sync 2 DAGs
[2023-07-31T16:48:28.896-0500] {logging_mixin.py:150} INFO - [2023-07-31T16:48:28.896-0500] {dag.py:3504} INFO - Setting next_dagrun for example_external_task_marker_child to None, run_after=None
[2023-07-31T16:48:28.899-0500] {logging_mixin.py:150} INFO - [2023-07-31T16:48:28.899-0500] {dag.py:3504} INFO - Setting next_dagrun for example_external_task_marker_parent to None, run_after=None
[2023-07-31T16:48:28.918-0500] {processor.py:179} INFO - Processing /home/joha/anaconda3/lib/python3.10/site-packages/airflow/example_dags/example_external_task_marker_dag.py took 0.088 seconds
[2023-07-31T16:49:24.550-0500] {processor.py:157} INFO - Started process (PID=69143) to work on /home/joha/anaconda3/lib/python3.10/site-packages/airflow/example_dags/example_external_task_marker_dag.py
[2023-07-31T16:49:24.551-0500] {processor.py:826} INFO - Processing file /home/joha/anaconda3/lib/python3.10/site-packages/airflow/example_dags/example_external_task_marker_dag.py for tasks to queue
[2023-07-31T16:49:24.552-0500] {logging_mixin.py:150} INFO - [2023-07-31T16:49:24.551-0500] {dagbag.py:541} INFO - Filling up the DagBag from /home/joha/anaconda3/lib/python3.10/site-packages/airflow/example_dags/example_external_task_marker_dag.py
[2023-07-31T16:49:24.559-0500] {processor.py:836} INFO - DAG(s) dict_keys(['example_external_task_marker_parent', 'example_external_task_marker_child']) retrieved from /home/joha/anaconda3/lib/python3.10/site-packages/airflow/example_dags/example_external_task_marker_dag.py
[2023-07-31T16:49:24.578-0500] {logging_mixin.py:150} INFO - [2023-07-31T16:49:24.578-0500] {dag.py:2742} INFO - Sync 2 DAGs
[2023-07-31T16:49:24.597-0500] {logging_mixin.py:150} INFO - [2023-07-31T16:49:24.597-0500] {dag.py:3504} INFO - Setting next_dagrun for example_external_task_marker_child to None, run_after=None
[2023-07-31T16:49:24.600-0500] {logging_mixin.py:150} INFO - [2023-07-31T16:49:24.600-0500] {dag.py:3504} INFO - Setting next_dagrun for example_external_task_marker_parent to None, run_after=None
[2023-07-31T16:49:24.617-0500] {processor.py:179} INFO - Processing /home/joha/anaconda3/lib/python3.10/site-packages/airflow/example_dags/example_external_task_marker_dag.py took 0.071 seconds
[2023-07-31T16:50:24.874-0500] {processor.py:157} INFO - Started process (PID=69240) to work on /home/joha/anaconda3/lib/python3.10/site-packages/airflow/example_dags/example_external_task_marker_dag.py
[2023-07-31T16:50:24.883-0500] {processor.py:826} INFO - Processing file /home/joha/anaconda3/lib/python3.10/site-packages/airflow/example_dags/example_external_task_marker_dag.py for tasks to queue
[2023-07-31T16:50:24.887-0500] {logging_mixin.py:150} INFO - [2023-07-31T16:50:24.886-0500] {dagbag.py:541} INFO - Filling up the DagBag from /home/joha/anaconda3/lib/python3.10/site-packages/airflow/example_dags/example_external_task_marker_dag.py
[2023-07-31T16:50:24.906-0500] {processor.py:836} INFO - DAG(s) dict_keys(['example_external_task_marker_child', 'example_external_task_marker_parent']) retrieved from /home/joha/anaconda3/lib/python3.10/site-packages/airflow/example_dags/example_external_task_marker_dag.py
[2023-07-31T16:50:24.932-0500] {logging_mixin.py:150} INFO - [2023-07-31T16:50:24.931-0500] {dag.py:2742} INFO - Sync 2 DAGs
[2023-07-31T16:50:24.953-0500] {logging_mixin.py:150} INFO - [2023-07-31T16:50:24.952-0500] {dag.py:3504} INFO - Setting next_dagrun for example_external_task_marker_child to None, run_after=None
[2023-07-31T16:50:24.956-0500] {logging_mixin.py:150} INFO - [2023-07-31T16:50:24.955-0500] {dag.py:3504} INFO - Setting next_dagrun for example_external_task_marker_parent to None, run_after=None
[2023-07-31T16:50:24.975-0500] {processor.py:179} INFO - Processing /home/joha/anaconda3/lib/python3.10/site-packages/airflow/example_dags/example_external_task_marker_dag.py took 0.106 seconds
[2023-07-31T16:51:21.929-0500] {processor.py:157} INFO - Started process (PID=69312) to work on /home/joha/anaconda3/lib/python3.10/site-packages/airflow/example_dags/example_external_task_marker_dag.py
[2023-07-31T16:51:21.937-0500] {processor.py:826} INFO - Processing file /home/joha/anaconda3/lib/python3.10/site-packages/airflow/example_dags/example_external_task_marker_dag.py for tasks to queue
[2023-07-31T16:51:21.940-0500] {logging_mixin.py:150} INFO - [2023-07-31T16:51:21.939-0500] {dagbag.py:541} INFO - Filling up the DagBag from /home/joha/anaconda3/lib/python3.10/site-packages/airflow/example_dags/example_external_task_marker_dag.py
[2023-07-31T16:51:21.960-0500] {processor.py:836} INFO - DAG(s) dict_keys(['example_external_task_marker_child', 'example_external_task_marker_parent']) retrieved from /home/joha/anaconda3/lib/python3.10/site-packages/airflow/example_dags/example_external_task_marker_dag.py
[2023-07-31T16:51:21.984-0500] {logging_mixin.py:150} INFO - [2023-07-31T16:51:21.983-0500] {dag.py:2742} INFO - Sync 2 DAGs
[2023-07-31T16:51:22.003-0500] {logging_mixin.py:150} INFO - [2023-07-31T16:51:22.003-0500] {dag.py:3504} INFO - Setting next_dagrun for example_external_task_marker_child to None, run_after=None
[2023-07-31T16:51:22.006-0500] {logging_mixin.py:150} INFO - [2023-07-31T16:51:22.006-0500] {dag.py:3504} INFO - Setting next_dagrun for example_external_task_marker_parent to None, run_after=None
[2023-07-31T16:51:22.023-0500] {processor.py:179} INFO - Processing /home/joha/anaconda3/lib/python3.10/site-packages/airflow/example_dags/example_external_task_marker_dag.py took 0.097 seconds
[2023-07-31T16:52:17.529-0500] {processor.py:157} INFO - Started process (PID=69384) to work on /home/joha/anaconda3/lib/python3.10/site-packages/airflow/example_dags/example_external_task_marker_dag.py
[2023-07-31T16:52:17.530-0500] {processor.py:826} INFO - Processing file /home/joha/anaconda3/lib/python3.10/site-packages/airflow/example_dags/example_external_task_marker_dag.py for tasks to queue
[2023-07-31T16:52:17.531-0500] {logging_mixin.py:150} INFO - [2023-07-31T16:52:17.530-0500] {dagbag.py:541} INFO - Filling up the DagBag from /home/joha/anaconda3/lib/python3.10/site-packages/airflow/example_dags/example_external_task_marker_dag.py
[2023-07-31T16:52:17.541-0500] {processor.py:836} INFO - DAG(s) dict_keys(['example_external_task_marker_child', 'example_external_task_marker_parent']) retrieved from /home/joha/anaconda3/lib/python3.10/site-packages/airflow/example_dags/example_external_task_marker_dag.py
[2023-07-31T16:52:17.563-0500] {logging_mixin.py:150} INFO - [2023-07-31T16:52:17.563-0500] {dag.py:2742} INFO - Sync 2 DAGs
[2023-07-31T16:52:17.582-0500] {logging_mixin.py:150} INFO - [2023-07-31T16:52:17.582-0500] {dag.py:3504} INFO - Setting next_dagrun for example_external_task_marker_child to None, run_after=None
[2023-07-31T16:52:17.586-0500] {logging_mixin.py:150} INFO - [2023-07-31T16:52:17.585-0500] {dag.py:3504} INFO - Setting next_dagrun for example_external_task_marker_parent to None, run_after=None
[2023-07-31T16:52:17.607-0500] {processor.py:179} INFO - Processing /home/joha/anaconda3/lib/python3.10/site-packages/airflow/example_dags/example_external_task_marker_dag.py took 0.082 seconds
[2023-07-31T16:53:25.322-0500] {processor.py:157} INFO - Started process (PID=69467) to work on /home/joha/anaconda3/lib/python3.10/site-packages/airflow/example_dags/example_external_task_marker_dag.py
[2023-07-31T16:53:25.330-0500] {processor.py:826} INFO - Processing file /home/joha/anaconda3/lib/python3.10/site-packages/airflow/example_dags/example_external_task_marker_dag.py for tasks to queue
[2023-07-31T16:53:25.332-0500] {logging_mixin.py:150} INFO - [2023-07-31T16:53:25.331-0500] {dagbag.py:541} INFO - Filling up the DagBag from /home/joha/anaconda3/lib/python3.10/site-packages/airflow/example_dags/example_external_task_marker_dag.py
[2023-07-31T16:53:25.347-0500] {processor.py:836} INFO - DAG(s) dict_keys(['example_external_task_marker_child', 'example_external_task_marker_parent']) retrieved from /home/joha/anaconda3/lib/python3.10/site-packages/airflow/example_dags/example_external_task_marker_dag.py
[2023-07-31T16:53:25.373-0500] {logging_mixin.py:150} INFO - [2023-07-31T16:53:25.372-0500] {dag.py:2742} INFO - Sync 2 DAGs
[2023-07-31T16:53:25.401-0500] {logging_mixin.py:150} INFO - [2023-07-31T16:53:25.401-0500] {dag.py:3504} INFO - Setting next_dagrun for example_external_task_marker_child to None, run_after=None
[2023-07-31T16:53:25.403-0500] {logging_mixin.py:150} INFO - [2023-07-31T16:53:25.403-0500] {dag.py:3504} INFO - Setting next_dagrun for example_external_task_marker_parent to None, run_after=None
[2023-07-31T16:53:25.421-0500] {processor.py:179} INFO - Processing /home/joha/anaconda3/lib/python3.10/site-packages/airflow/example_dags/example_external_task_marker_dag.py took 0.105 seconds
[2023-07-31T16:54:20.749-0500] {processor.py:157} INFO - Started process (PID=69539) to work on /home/joha/anaconda3/lib/python3.10/site-packages/airflow/example_dags/example_external_task_marker_dag.py
[2023-07-31T16:54:20.757-0500] {processor.py:826} INFO - Processing file /home/joha/anaconda3/lib/python3.10/site-packages/airflow/example_dags/example_external_task_marker_dag.py for tasks to queue
[2023-07-31T16:54:20.758-0500] {logging_mixin.py:150} INFO - [2023-07-31T16:54:20.757-0500] {dagbag.py:541} INFO - Filling up the DagBag from /home/joha/anaconda3/lib/python3.10/site-packages/airflow/example_dags/example_external_task_marker_dag.py
[2023-07-31T16:54:20.765-0500] {processor.py:836} INFO - DAG(s) dict_keys(['example_external_task_marker_parent', 'example_external_task_marker_child']) retrieved from /home/joha/anaconda3/lib/python3.10/site-packages/airflow/example_dags/example_external_task_marker_dag.py
[2023-07-31T16:54:20.788-0500] {logging_mixin.py:150} INFO - [2023-07-31T16:54:20.788-0500] {dag.py:2742} INFO - Sync 2 DAGs
[2023-07-31T16:54:20.812-0500] {logging_mixin.py:150} INFO - [2023-07-31T16:54:20.811-0500] {dag.py:3504} INFO - Setting next_dagrun for example_external_task_marker_child to None, run_after=None
[2023-07-31T16:54:20.814-0500] {logging_mixin.py:150} INFO - [2023-07-31T16:54:20.814-0500] {dag.py:3504} INFO - Setting next_dagrun for example_external_task_marker_parent to None, run_after=None
[2023-07-31T16:54:20.833-0500] {processor.py:179} INFO - Processing /home/joha/anaconda3/lib/python3.10/site-packages/airflow/example_dags/example_external_task_marker_dag.py took 0.089 seconds
[2023-07-31T16:55:11.217-0500] {processor.py:157} INFO - Started process (PID=69611) to work on /home/joha/anaconda3/lib/python3.10/site-packages/airflow/example_dags/example_external_task_marker_dag.py
[2023-07-31T16:55:11.224-0500] {processor.py:826} INFO - Processing file /home/joha/anaconda3/lib/python3.10/site-packages/airflow/example_dags/example_external_task_marker_dag.py for tasks to queue
[2023-07-31T16:55:11.226-0500] {logging_mixin.py:150} INFO - [2023-07-31T16:55:11.225-0500] {dagbag.py:541} INFO - Filling up the DagBag from /home/joha/anaconda3/lib/python3.10/site-packages/airflow/example_dags/example_external_task_marker_dag.py
[2023-07-31T16:55:11.234-0500] {processor.py:836} INFO - DAG(s) dict_keys(['example_external_task_marker_parent', 'example_external_task_marker_child']) retrieved from /home/joha/anaconda3/lib/python3.10/site-packages/airflow/example_dags/example_external_task_marker_dag.py
[2023-07-31T16:55:11.257-0500] {logging_mixin.py:150} INFO - [2023-07-31T16:55:11.257-0500] {dag.py:2742} INFO - Sync 2 DAGs
[2023-07-31T16:55:11.281-0500] {logging_mixin.py:150} INFO - [2023-07-31T16:55:11.281-0500] {dag.py:3504} INFO - Setting next_dagrun for example_external_task_marker_child to None, run_after=None
[2023-07-31T16:55:11.284-0500] {logging_mixin.py:150} INFO - [2023-07-31T16:55:11.284-0500] {dag.py:3504} INFO - Setting next_dagrun for example_external_task_marker_parent to None, run_after=None
[2023-07-31T16:55:11.306-0500] {processor.py:179} INFO - Processing /home/joha/anaconda3/lib/python3.10/site-packages/airflow/example_dags/example_external_task_marker_dag.py took 0.093 seconds
[2023-07-31T16:56:09.629-0500] {processor.py:157} INFO - Started process (PID=69683) to work on /home/joha/anaconda3/lib/python3.10/site-packages/airflow/example_dags/example_external_task_marker_dag.py
[2023-07-31T16:56:09.637-0500] {processor.py:826} INFO - Processing file /home/joha/anaconda3/lib/python3.10/site-packages/airflow/example_dags/example_external_task_marker_dag.py for tasks to queue
[2023-07-31T16:56:09.640-0500] {logging_mixin.py:150} INFO - [2023-07-31T16:56:09.639-0500] {dagbag.py:541} INFO - Filling up the DagBag from /home/joha/anaconda3/lib/python3.10/site-packages/airflow/example_dags/example_external_task_marker_dag.py
[2023-07-31T16:56:09.663-0500] {processor.py:836} INFO - DAG(s) dict_keys(['example_external_task_marker_parent', 'example_external_task_marker_child']) retrieved from /home/joha/anaconda3/lib/python3.10/site-packages/airflow/example_dags/example_external_task_marker_dag.py
[2023-07-31T16:56:09.685-0500] {logging_mixin.py:150} INFO - [2023-07-31T16:56:09.685-0500] {dag.py:2742} INFO - Sync 2 DAGs
[2023-07-31T16:56:09.704-0500] {logging_mixin.py:150} INFO - [2023-07-31T16:56:09.704-0500] {dag.py:3504} INFO - Setting next_dagrun for example_external_task_marker_child to None, run_after=None
[2023-07-31T16:56:09.707-0500] {logging_mixin.py:150} INFO - [2023-07-31T16:56:09.707-0500] {dag.py:3504} INFO - Setting next_dagrun for example_external_task_marker_parent to None, run_after=None
[2023-07-31T16:56:09.724-0500] {processor.py:179} INFO - Processing /home/joha/anaconda3/lib/python3.10/site-packages/airflow/example_dags/example_external_task_marker_dag.py took 0.102 seconds
