[2023-07-31T16:44:29.354-0500] {processor.py:157} INFO - Started process (PID=68575) to work on /home/joha/anaconda3/lib/python3.10/site-packages/airflow/example_dags/example_short_circuit_decorator.py
[2023-07-31T16:44:29.355-0500] {processor.py:826} INFO - Processing file /home/joha/anaconda3/lib/python3.10/site-packages/airflow/example_dags/example_short_circuit_decorator.py for tasks to queue
[2023-07-31T16:44:29.357-0500] {logging_mixin.py:150} INFO - [2023-07-31T16:44:29.356-0500] {dagbag.py:541} INFO - Filling up the DagBag from /home/joha/anaconda3/lib/python3.10/site-packages/airflow/example_dags/example_short_circuit_decorator.py
[2023-07-31T16:44:29.372-0500] {processor.py:836} INFO - DAG(s) dict_keys(['example_short_circuit_decorator']) retrieved from /home/joha/anaconda3/lib/python3.10/site-packages/airflow/example_dags/example_short_circuit_decorator.py
[2023-07-31T16:44:29.399-0500] {logging_mixin.py:150} INFO - [2023-07-31T16:44:29.399-0500] {dag.py:2742} INFO - Sync 1 DAGs
[2023-07-31T16:44:29.423-0500] {logging_mixin.py:150} INFO - [2023-07-31T16:44:29.422-0500] {dag.py:3504} INFO - Setting next_dagrun for example_short_circuit_decorator to 2023-07-30T21:44:29.422627+00:00, run_after=2023-07-31T21:44:29.422627+00:00
[2023-07-31T16:44:29.461-0500] {processor.py:179} INFO - Processing /home/joha/anaconda3/lib/python3.10/site-packages/airflow/example_dags/example_short_circuit_decorator.py took 0.111 seconds
[2023-07-31T16:45:19.089-0500] {processor.py:157} INFO - Started process (PID=68823) to work on /home/joha/anaconda3/lib/python3.10/site-packages/airflow/example_dags/example_short_circuit_decorator.py
[2023-07-31T16:45:19.096-0500] {processor.py:826} INFO - Processing file /home/joha/anaconda3/lib/python3.10/site-packages/airflow/example_dags/example_short_circuit_decorator.py for tasks to queue
[2023-07-31T16:45:19.097-0500] {logging_mixin.py:150} INFO - [2023-07-31T16:45:19.097-0500] {dagbag.py:541} INFO - Filling up the DagBag from /home/joha/anaconda3/lib/python3.10/site-packages/airflow/example_dags/example_short_circuit_decorator.py
[2023-07-31T16:45:19.108-0500] {processor.py:836} INFO - DAG(s) dict_keys(['example_short_circuit_decorator']) retrieved from /home/joha/anaconda3/lib/python3.10/site-packages/airflow/example_dags/example_short_circuit_decorator.py
[2023-07-31T16:45:19.130-0500] {logging_mixin.py:150} INFO - [2023-07-31T16:45:19.130-0500] {dag.py:2742} INFO - Sync 1 DAGs
[2023-07-31T16:45:19.152-0500] {logging_mixin.py:150} INFO - [2023-07-31T16:45:19.152-0500] {dag.py:3504} INFO - Setting next_dagrun for example_short_circuit_decorator to 2023-07-30T21:45:19.152397+00:00, run_after=2023-07-31T21:45:19.152397+00:00
[2023-07-31T16:45:19.174-0500] {processor.py:179} INFO - Processing /home/joha/anaconda3/lib/python3.10/site-packages/airflow/example_dags/example_short_circuit_decorator.py took 0.089 seconds
[2023-07-31T16:46:08.762-0500] {processor.py:157} INFO - Started process (PID=68893) to work on /home/joha/anaconda3/lib/python3.10/site-packages/airflow/example_dags/example_short_circuit_decorator.py
[2023-07-31T16:46:08.770-0500] {processor.py:826} INFO - Processing file /home/joha/anaconda3/lib/python3.10/site-packages/airflow/example_dags/example_short_circuit_decorator.py for tasks to queue
[2023-07-31T16:46:08.771-0500] {logging_mixin.py:150} INFO - [2023-07-31T16:46:08.771-0500] {dagbag.py:541} INFO - Filling up the DagBag from /home/joha/anaconda3/lib/python3.10/site-packages/airflow/example_dags/example_short_circuit_decorator.py
[2023-07-31T16:46:08.786-0500] {processor.py:836} INFO - DAG(s) dict_keys(['example_short_circuit_decorator']) retrieved from /home/joha/anaconda3/lib/python3.10/site-packages/airflow/example_dags/example_short_circuit_decorator.py
[2023-07-31T16:46:08.821-0500] {logging_mixin.py:150} INFO - [2023-07-31T16:46:08.821-0500] {dag.py:2742} INFO - Sync 1 DAGs
[2023-07-31T16:46:08.846-0500] {logging_mixin.py:150} INFO - [2023-07-31T16:46:08.846-0500] {dag.py:3504} INFO - Setting next_dagrun for example_short_circuit_decorator to 2023-07-30T21:46:08.846124+00:00, run_after=2023-07-31T21:46:08.846124+00:00
[2023-07-31T16:46:08.875-0500] {processor.py:179} INFO - Processing /home/joha/anaconda3/lib/python3.10/site-packages/airflow/example_dags/example_short_circuit_decorator.py took 0.116 seconds
[2023-07-31T16:47:00.340-0500] {processor.py:157} INFO - Started process (PID=68958) to work on /home/joha/anaconda3/lib/python3.10/site-packages/airflow/example_dags/example_short_circuit_decorator.py
[2023-07-31T16:47:00.341-0500] {processor.py:826} INFO - Processing file /home/joha/anaconda3/lib/python3.10/site-packages/airflow/example_dags/example_short_circuit_decorator.py for tasks to queue
[2023-07-31T16:47:00.342-0500] {logging_mixin.py:150} INFO - [2023-07-31T16:47:00.342-0500] {dagbag.py:541} INFO - Filling up the DagBag from /home/joha/anaconda3/lib/python3.10/site-packages/airflow/example_dags/example_short_circuit_decorator.py
[2023-07-31T16:47:00.353-0500] {processor.py:836} INFO - DAG(s) dict_keys(['example_short_circuit_decorator']) retrieved from /home/joha/anaconda3/lib/python3.10/site-packages/airflow/example_dags/example_short_circuit_decorator.py
[2023-07-31T16:47:00.379-0500] {logging_mixin.py:150} INFO - [2023-07-31T16:47:00.379-0500] {dag.py:2742} INFO - Sync 1 DAGs
[2023-07-31T16:47:00.401-0500] {logging_mixin.py:150} INFO - [2023-07-31T16:47:00.401-0500] {dag.py:3504} INFO - Setting next_dagrun for example_short_circuit_decorator to 2023-07-30T21:47:00.401138+00:00, run_after=2023-07-31T21:47:00.401138+00:00
[2023-07-31T16:47:00.426-0500] {processor.py:179} INFO - Processing /home/joha/anaconda3/lib/python3.10/site-packages/airflow/example_dags/example_short_circuit_decorator.py took 0.088 seconds
[2023-07-31T16:47:54.172-0500] {processor.py:157} INFO - Started process (PID=69027) to work on /home/joha/anaconda3/lib/python3.10/site-packages/airflow/example_dags/example_short_circuit_decorator.py
[2023-07-31T16:47:54.178-0500] {processor.py:826} INFO - Processing file /home/joha/anaconda3/lib/python3.10/site-packages/airflow/example_dags/example_short_circuit_decorator.py for tasks to queue
[2023-07-31T16:47:54.179-0500] {logging_mixin.py:150} INFO - [2023-07-31T16:47:54.178-0500] {dagbag.py:541} INFO - Filling up the DagBag from /home/joha/anaconda3/lib/python3.10/site-packages/airflow/example_dags/example_short_circuit_decorator.py
[2023-07-31T16:47:54.189-0500] {processor.py:836} INFO - DAG(s) dict_keys(['example_short_circuit_decorator']) retrieved from /home/joha/anaconda3/lib/python3.10/site-packages/airflow/example_dags/example_short_circuit_decorator.py
[2023-07-31T16:47:54.208-0500] {logging_mixin.py:150} INFO - [2023-07-31T16:47:54.208-0500] {dag.py:2742} INFO - Sync 1 DAGs
[2023-07-31T16:47:54.227-0500] {logging_mixin.py:150} INFO - [2023-07-31T16:47:54.227-0500] {dag.py:3504} INFO - Setting next_dagrun for example_short_circuit_decorator to 2023-07-30T21:47:54.226860+00:00, run_after=2023-07-31T21:47:54.226860+00:00
[2023-07-31T16:47:54.245-0500] {processor.py:179} INFO - Processing /home/joha/anaconda3/lib/python3.10/site-packages/airflow/example_dags/example_short_circuit_decorator.py took 0.078 seconds
[2023-07-31T16:48:42.837-0500] {processor.py:157} INFO - Started process (PID=69088) to work on /home/joha/anaconda3/lib/python3.10/site-packages/airflow/example_dags/example_short_circuit_decorator.py
[2023-07-31T16:48:42.839-0500] {processor.py:826} INFO - Processing file /home/joha/anaconda3/lib/python3.10/site-packages/airflow/example_dags/example_short_circuit_decorator.py for tasks to queue
[2023-07-31T16:48:42.840-0500] {logging_mixin.py:150} INFO - [2023-07-31T16:48:42.839-0500] {dagbag.py:541} INFO - Filling up the DagBag from /home/joha/anaconda3/lib/python3.10/site-packages/airflow/example_dags/example_short_circuit_decorator.py
[2023-07-31T16:48:42.855-0500] {processor.py:836} INFO - DAG(s) dict_keys(['example_short_circuit_decorator']) retrieved from /home/joha/anaconda3/lib/python3.10/site-packages/airflow/example_dags/example_short_circuit_decorator.py
[2023-07-31T16:48:42.876-0500] {logging_mixin.py:150} INFO - [2023-07-31T16:48:42.876-0500] {dag.py:2742} INFO - Sync 1 DAGs
[2023-07-31T16:48:42.894-0500] {logging_mixin.py:150} INFO - [2023-07-31T16:48:42.894-0500] {dag.py:3504} INFO - Setting next_dagrun for example_short_circuit_decorator to 2023-07-30T21:48:42.894214+00:00, run_after=2023-07-31T21:48:42.894214+00:00
[2023-07-31T16:48:42.914-0500] {processor.py:179} INFO - Processing /home/joha/anaconda3/lib/python3.10/site-packages/airflow/example_dags/example_short_circuit_decorator.py took 0.081 seconds
[2023-07-31T16:49:43.082-0500] {processor.py:157} INFO - Started process (PID=69176) to work on /home/joha/anaconda3/lib/python3.10/site-packages/airflow/example_dags/example_short_circuit_decorator.py
[2023-07-31T16:49:43.090-0500] {processor.py:826} INFO - Processing file /home/joha/anaconda3/lib/python3.10/site-packages/airflow/example_dags/example_short_circuit_decorator.py for tasks to queue
[2023-07-31T16:49:43.091-0500] {logging_mixin.py:150} INFO - [2023-07-31T16:49:43.091-0500] {dagbag.py:541} INFO - Filling up the DagBag from /home/joha/anaconda3/lib/python3.10/site-packages/airflow/example_dags/example_short_circuit_decorator.py
[2023-07-31T16:49:43.103-0500] {processor.py:836} INFO - DAG(s) dict_keys(['example_short_circuit_decorator']) retrieved from /home/joha/anaconda3/lib/python3.10/site-packages/airflow/example_dags/example_short_circuit_decorator.py
[2023-07-31T16:49:43.129-0500] {logging_mixin.py:150} INFO - [2023-07-31T16:49:43.128-0500] {dag.py:2742} INFO - Sync 1 DAGs
[2023-07-31T16:49:43.156-0500] {logging_mixin.py:150} INFO - [2023-07-31T16:49:43.155-0500] {dag.py:3504} INFO - Setting next_dagrun for example_short_circuit_decorator to 2023-07-30T21:49:43.155381+00:00, run_after=2023-07-31T21:49:43.155381+00:00
[2023-07-31T16:49:43.185-0500] {processor.py:179} INFO - Processing /home/joha/anaconda3/lib/python3.10/site-packages/airflow/example_dags/example_short_circuit_decorator.py took 0.106 seconds
[2023-07-31T16:50:39.246-0500] {processor.py:157} INFO - Started process (PID=69263) to work on /home/joha/anaconda3/lib/python3.10/site-packages/airflow/example_dags/example_short_circuit_decorator.py
[2023-07-31T16:50:39.254-0500] {processor.py:826} INFO - Processing file /home/joha/anaconda3/lib/python3.10/site-packages/airflow/example_dags/example_short_circuit_decorator.py for tasks to queue
[2023-07-31T16:50:39.255-0500] {logging_mixin.py:150} INFO - [2023-07-31T16:50:39.255-0500] {dagbag.py:541} INFO - Filling up the DagBag from /home/joha/anaconda3/lib/python3.10/site-packages/airflow/example_dags/example_short_circuit_decorator.py
[2023-07-31T16:50:39.269-0500] {processor.py:836} INFO - DAG(s) dict_keys(['example_short_circuit_decorator']) retrieved from /home/joha/anaconda3/lib/python3.10/site-packages/airflow/example_dags/example_short_circuit_decorator.py
[2023-07-31T16:50:39.291-0500] {logging_mixin.py:150} INFO - [2023-07-31T16:50:39.291-0500] {dag.py:2742} INFO - Sync 1 DAGs
[2023-07-31T16:50:39.311-0500] {logging_mixin.py:150} INFO - [2023-07-31T16:50:39.311-0500] {dag.py:3504} INFO - Setting next_dagrun for example_short_circuit_decorator to 2023-07-30T21:50:39.310606+00:00, run_after=2023-07-31T21:50:39.310606+00:00
[2023-07-31T16:50:39.331-0500] {processor.py:179} INFO - Processing /home/joha/anaconda3/lib/python3.10/site-packages/airflow/example_dags/example_short_circuit_decorator.py took 0.091 seconds
[2023-07-31T16:51:36.885-0500] {processor.py:157} INFO - Started process (PID=69328) to work on /home/joha/anaconda3/lib/python3.10/site-packages/airflow/example_dags/example_short_circuit_decorator.py
[2023-07-31T16:51:36.894-0500] {processor.py:826} INFO - Processing file /home/joha/anaconda3/lib/python3.10/site-packages/airflow/example_dags/example_short_circuit_decorator.py for tasks to queue
[2023-07-31T16:51:36.896-0500] {logging_mixin.py:150} INFO - [2023-07-31T16:51:36.895-0500] {dagbag.py:541} INFO - Filling up the DagBag from /home/joha/anaconda3/lib/python3.10/site-packages/airflow/example_dags/example_short_circuit_decorator.py
[2023-07-31T16:51:36.921-0500] {processor.py:836} INFO - DAG(s) dict_keys(['example_short_circuit_decorator']) retrieved from /home/joha/anaconda3/lib/python3.10/site-packages/airflow/example_dags/example_short_circuit_decorator.py
[2023-07-31T16:51:36.943-0500] {logging_mixin.py:150} INFO - [2023-07-31T16:51:36.943-0500] {dag.py:2742} INFO - Sync 1 DAGs
[2023-07-31T16:51:36.962-0500] {logging_mixin.py:150} INFO - [2023-07-31T16:51:36.961-0500] {dag.py:3504} INFO - Setting next_dagrun for example_short_circuit_decorator to 2023-07-30T21:51:36.961603+00:00, run_after=2023-07-31T21:51:36.961603+00:00
[2023-07-31T16:51:36.981-0500] {processor.py:179} INFO - Processing /home/joha/anaconda3/lib/python3.10/site-packages/airflow/example_dags/example_short_circuit_decorator.py took 0.100 seconds
[2023-07-31T16:52:33.774-0500] {processor.py:157} INFO - Started process (PID=69411) to work on /home/joha/anaconda3/lib/python3.10/site-packages/airflow/example_dags/example_short_circuit_decorator.py
[2023-07-31T16:52:33.782-0500] {processor.py:826} INFO - Processing file /home/joha/anaconda3/lib/python3.10/site-packages/airflow/example_dags/example_short_circuit_decorator.py for tasks to queue
[2023-07-31T16:52:33.783-0500] {logging_mixin.py:150} INFO - [2023-07-31T16:52:33.783-0500] {dagbag.py:541} INFO - Filling up the DagBag from /home/joha/anaconda3/lib/python3.10/site-packages/airflow/example_dags/example_short_circuit_decorator.py
[2023-07-31T16:52:33.794-0500] {processor.py:836} INFO - DAG(s) dict_keys(['example_short_circuit_decorator']) retrieved from /home/joha/anaconda3/lib/python3.10/site-packages/airflow/example_dags/example_short_circuit_decorator.py
[2023-07-31T16:52:33.815-0500] {logging_mixin.py:150} INFO - [2023-07-31T16:52:33.815-0500] {dag.py:2742} INFO - Sync 1 DAGs
[2023-07-31T16:52:33.838-0500] {logging_mixin.py:150} INFO - [2023-07-31T16:52:33.837-0500] {dag.py:3504} INFO - Setting next_dagrun for example_short_circuit_decorator to 2023-07-30T21:52:33.837572+00:00, run_after=2023-07-31T21:52:33.837572+00:00
[2023-07-31T16:52:33.860-0500] {processor.py:179} INFO - Processing /home/joha/anaconda3/lib/python3.10/site-packages/airflow/example_dags/example_short_circuit_decorator.py took 0.090 seconds
[2023-07-31T16:53:20.428-0500] {processor.py:157} INFO - Started process (PID=69461) to work on /home/joha/anaconda3/lib/python3.10/site-packages/airflow/example_dags/example_short_circuit_decorator.py
[2023-07-31T16:53:20.429-0500] {processor.py:826} INFO - Processing file /home/joha/anaconda3/lib/python3.10/site-packages/airflow/example_dags/example_short_circuit_decorator.py for tasks to queue
[2023-07-31T16:53:20.431-0500] {logging_mixin.py:150} INFO - [2023-07-31T16:53:20.430-0500] {dagbag.py:541} INFO - Filling up the DagBag from /home/joha/anaconda3/lib/python3.10/site-packages/airflow/example_dags/example_short_circuit_decorator.py
[2023-07-31T16:53:20.446-0500] {processor.py:836} INFO - DAG(s) dict_keys(['example_short_circuit_decorator']) retrieved from /home/joha/anaconda3/lib/python3.10/site-packages/airflow/example_dags/example_short_circuit_decorator.py
[2023-07-31T16:53:20.467-0500] {logging_mixin.py:150} INFO - [2023-07-31T16:53:20.467-0500] {dag.py:2742} INFO - Sync 1 DAGs
[2023-07-31T16:53:20.485-0500] {logging_mixin.py:150} INFO - [2023-07-31T16:53:20.485-0500] {dag.py:3504} INFO - Setting next_dagrun for example_short_circuit_decorator to 2023-07-30T21:53:20.485083+00:00, run_after=2023-07-31T21:53:20.485083+00:00
[2023-07-31T16:53:20.511-0500] {processor.py:179} INFO - Processing /home/joha/anaconda3/lib/python3.10/site-packages/airflow/example_dags/example_short_circuit_decorator.py took 0.088 seconds
[2023-07-31T16:54:04.725-0500] {processor.py:157} INFO - Started process (PID=69514) to work on /home/joha/anaconda3/lib/python3.10/site-packages/airflow/example_dags/example_short_circuit_decorator.py
[2023-07-31T16:54:04.732-0500] {processor.py:826} INFO - Processing file /home/joha/anaconda3/lib/python3.10/site-packages/airflow/example_dags/example_short_circuit_decorator.py for tasks to queue
[2023-07-31T16:54:04.733-0500] {logging_mixin.py:150} INFO - [2023-07-31T16:54:04.733-0500] {dagbag.py:541} INFO - Filling up the DagBag from /home/joha/anaconda3/lib/python3.10/site-packages/airflow/example_dags/example_short_circuit_decorator.py
[2023-07-31T16:54:04.743-0500] {processor.py:836} INFO - DAG(s) dict_keys(['example_short_circuit_decorator']) retrieved from /home/joha/anaconda3/lib/python3.10/site-packages/airflow/example_dags/example_short_circuit_decorator.py
[2023-07-31T16:54:04.762-0500] {logging_mixin.py:150} INFO - [2023-07-31T16:54:04.762-0500] {dag.py:2742} INFO - Sync 1 DAGs
[2023-07-31T16:54:04.781-0500] {logging_mixin.py:150} INFO - [2023-07-31T16:54:04.781-0500] {dag.py:3504} INFO - Setting next_dagrun for example_short_circuit_decorator to 2023-07-30T21:54:04.781203+00:00, run_after=2023-07-31T21:54:04.781203+00:00
[2023-07-31T16:54:04.801-0500] {processor.py:179} INFO - Processing /home/joha/anaconda3/lib/python3.10/site-packages/airflow/example_dags/example_short_circuit_decorator.py took 0.081 seconds
[2023-07-31T16:54:51.431-0500] {processor.py:157} INFO - Started process (PID=69575) to work on /home/joha/anaconda3/lib/python3.10/site-packages/airflow/example_dags/example_short_circuit_decorator.py
[2023-07-31T16:54:51.439-0500] {processor.py:826} INFO - Processing file /home/joha/anaconda3/lib/python3.10/site-packages/airflow/example_dags/example_short_circuit_decorator.py for tasks to queue
[2023-07-31T16:54:51.442-0500] {logging_mixin.py:150} INFO - [2023-07-31T16:54:51.441-0500] {dagbag.py:541} INFO - Filling up the DagBag from /home/joha/anaconda3/lib/python3.10/site-packages/airflow/example_dags/example_short_circuit_decorator.py
[2023-07-31T16:54:51.464-0500] {processor.py:836} INFO - DAG(s) dict_keys(['example_short_circuit_decorator']) retrieved from /home/joha/anaconda3/lib/python3.10/site-packages/airflow/example_dags/example_short_circuit_decorator.py
[2023-07-31T16:54:51.485-0500] {logging_mixin.py:150} INFO - [2023-07-31T16:54:51.485-0500] {dag.py:2742} INFO - Sync 1 DAGs
[2023-07-31T16:54:51.504-0500] {logging_mixin.py:150} INFO - [2023-07-31T16:54:51.504-0500] {dag.py:3504} INFO - Setting next_dagrun for example_short_circuit_decorator to 2023-07-30T21:54:51.504063+00:00, run_after=2023-07-31T21:54:51.504063+00:00
[2023-07-31T16:54:51.523-0500] {processor.py:179} INFO - Processing /home/joha/anaconda3/lib/python3.10/site-packages/airflow/example_dags/example_short_circuit_decorator.py took 0.095 seconds
[2023-07-31T16:55:49.617-0500] {processor.py:157} INFO - Started process (PID=69656) to work on /home/joha/anaconda3/lib/python3.10/site-packages/airflow/example_dags/example_short_circuit_decorator.py
[2023-07-31T16:55:49.619-0500] {processor.py:826} INFO - Processing file /home/joha/anaconda3/lib/python3.10/site-packages/airflow/example_dags/example_short_circuit_decorator.py for tasks to queue
[2023-07-31T16:55:49.620-0500] {logging_mixin.py:150} INFO - [2023-07-31T16:55:49.619-0500] {dagbag.py:541} INFO - Filling up the DagBag from /home/joha/anaconda3/lib/python3.10/site-packages/airflow/example_dags/example_short_circuit_decorator.py
[2023-07-31T16:55:49.636-0500] {processor.py:836} INFO - DAG(s) dict_keys(['example_short_circuit_decorator']) retrieved from /home/joha/anaconda3/lib/python3.10/site-packages/airflow/example_dags/example_short_circuit_decorator.py
[2023-07-31T16:55:49.659-0500] {logging_mixin.py:150} INFO - [2023-07-31T16:55:49.659-0500] {dag.py:2742} INFO - Sync 1 DAGs
[2023-07-31T16:55:49.678-0500] {logging_mixin.py:150} INFO - [2023-07-31T16:55:49.678-0500] {dag.py:3504} INFO - Setting next_dagrun for example_short_circuit_decorator to 2023-07-30T21:55:49.677871+00:00, run_after=2023-07-31T21:55:49.677871+00:00
[2023-07-31T16:55:49.796-0500] {processor.py:179} INFO - Processing /home/joha/anaconda3/lib/python3.10/site-packages/airflow/example_dags/example_short_circuit_decorator.py took 0.184 seconds
