[2023-07-31T16:44:24.346-0500] {processor.py:157} INFO - Started process (PID=68424) to work on /home/joha/anaconda3/lib/python3.10/site-packages/airflow/example_dags/example_xcomargs.py
[2023-07-31T16:44:24.347-0500] {processor.py:826} INFO - Processing file /home/joha/anaconda3/lib/python3.10/site-packages/airflow/example_dags/example_xcomargs.py for tasks to queue
[2023-07-31T16:44:24.348-0500] {logging_mixin.py:150} INFO - [2023-07-31T16:44:24.347-0500] {dagbag.py:541} INFO - Filling up the DagBag from /home/joha/anaconda3/lib/python3.10/site-packages/airflow/example_dags/example_xcomargs.py
[2023-07-31T16:44:24.358-0500] {processor.py:836} INFO - DAG(s) dict_keys(['example_xcom_args_with_operators', 'example_xcom_args']) retrieved from /home/joha/anaconda3/lib/python3.10/site-packages/airflow/example_dags/example_xcomargs.py
[2023-07-31T16:44:24.380-0500] {logging_mixin.py:150} INFO - [2023-07-31T16:44:24.380-0500] {dag.py:2742} INFO - Sync 2 DAGs
[2023-07-31T16:44:24.400-0500] {logging_mixin.py:150} INFO - [2023-07-31T16:44:24.400-0500] {dag.py:3504} INFO - Setting next_dagrun for example_xcom_args to None, run_after=None
[2023-07-31T16:44:24.403-0500] {logging_mixin.py:150} INFO - [2023-07-31T16:44:24.403-0500] {dag.py:3504} INFO - Setting next_dagrun for example_xcom_args_with_operators to None, run_after=None
[2023-07-31T16:44:24.422-0500] {processor.py:179} INFO - Processing /home/joha/anaconda3/lib/python3.10/site-packages/airflow/example_dags/example_xcomargs.py took 0.079 seconds
[2023-07-31T16:45:14.547-0500] {processor.py:157} INFO - Started process (PID=68812) to work on /home/joha/anaconda3/lib/python3.10/site-packages/airflow/example_dags/example_xcomargs.py
[2023-07-31T16:45:14.560-0500] {processor.py:826} INFO - Processing file /home/joha/anaconda3/lib/python3.10/site-packages/airflow/example_dags/example_xcomargs.py for tasks to queue
[2023-07-31T16:45:14.561-0500] {logging_mixin.py:150} INFO - [2023-07-31T16:45:14.561-0500] {dagbag.py:541} INFO - Filling up the DagBag from /home/joha/anaconda3/lib/python3.10/site-packages/airflow/example_dags/example_xcomargs.py
[2023-07-31T16:45:14.572-0500] {processor.py:836} INFO - DAG(s) dict_keys(['example_xcom_args', 'example_xcom_args_with_operators']) retrieved from /home/joha/anaconda3/lib/python3.10/site-packages/airflow/example_dags/example_xcomargs.py
[2023-07-31T16:45:14.597-0500] {logging_mixin.py:150} INFO - [2023-07-31T16:45:14.597-0500] {dag.py:2742} INFO - Sync 2 DAGs
[2023-07-31T16:45:14.621-0500] {logging_mixin.py:150} INFO - [2023-07-31T16:45:14.621-0500] {dag.py:3504} INFO - Setting next_dagrun for example_xcom_args to None, run_after=None
[2023-07-31T16:45:14.624-0500] {logging_mixin.py:150} INFO - [2023-07-31T16:45:14.624-0500] {dag.py:3504} INFO - Setting next_dagrun for example_xcom_args_with_operators to None, run_after=None
[2023-07-31T16:45:14.643-0500] {processor.py:179} INFO - Processing /home/joha/anaconda3/lib/python3.10/site-packages/airflow/example_dags/example_xcomargs.py took 0.101 seconds
[2023-07-31T16:46:03.616-0500] {processor.py:157} INFO - Started process (PID=68877) to work on /home/joha/anaconda3/lib/python3.10/site-packages/airflow/example_dags/example_xcomargs.py
[2023-07-31T16:46:03.625-0500] {processor.py:826} INFO - Processing file /home/joha/anaconda3/lib/python3.10/site-packages/airflow/example_dags/example_xcomargs.py for tasks to queue
[2023-07-31T16:46:03.627-0500] {logging_mixin.py:150} INFO - [2023-07-31T16:46:03.626-0500] {dagbag.py:541} INFO - Filling up the DagBag from /home/joha/anaconda3/lib/python3.10/site-packages/airflow/example_dags/example_xcomargs.py
[2023-07-31T16:46:03.649-0500] {processor.py:836} INFO - DAG(s) dict_keys(['example_xcom_args', 'example_xcom_args_with_operators']) retrieved from /home/joha/anaconda3/lib/python3.10/site-packages/airflow/example_dags/example_xcomargs.py
[2023-07-31T16:46:03.672-0500] {logging_mixin.py:150} INFO - [2023-07-31T16:46:03.672-0500] {dag.py:2742} INFO - Sync 2 DAGs
[2023-07-31T16:46:03.692-0500] {logging_mixin.py:150} INFO - [2023-07-31T16:46:03.692-0500] {dag.py:3504} INFO - Setting next_dagrun for example_xcom_args to None, run_after=None
[2023-07-31T16:46:03.695-0500] {logging_mixin.py:150} INFO - [2023-07-31T16:46:03.695-0500] {dag.py:3504} INFO - Setting next_dagrun for example_xcom_args_with_operators to None, run_after=None
[2023-07-31T16:46:03.713-0500] {processor.py:179} INFO - Processing /home/joha/anaconda3/lib/python3.10/site-packages/airflow/example_dags/example_xcomargs.py took 0.103 seconds
[2023-07-31T16:46:55.299-0500] {processor.py:157} INFO - Started process (PID=68947) to work on /home/joha/anaconda3/lib/python3.10/site-packages/airflow/example_dags/example_xcomargs.py
[2023-07-31T16:46:55.307-0500] {processor.py:826} INFO - Processing file /home/joha/anaconda3/lib/python3.10/site-packages/airflow/example_dags/example_xcomargs.py for tasks to queue
[2023-07-31T16:46:55.310-0500] {logging_mixin.py:150} INFO - [2023-07-31T16:46:55.309-0500] {dagbag.py:541} INFO - Filling up the DagBag from /home/joha/anaconda3/lib/python3.10/site-packages/airflow/example_dags/example_xcomargs.py
[2023-07-31T16:46:55.335-0500] {processor.py:836} INFO - DAG(s) dict_keys(['example_xcom_args_with_operators', 'example_xcom_args']) retrieved from /home/joha/anaconda3/lib/python3.10/site-packages/airflow/example_dags/example_xcomargs.py
[2023-07-31T16:46:55.363-0500] {logging_mixin.py:150} INFO - [2023-07-31T16:46:55.363-0500] {dag.py:2742} INFO - Sync 2 DAGs
[2023-07-31T16:46:55.387-0500] {logging_mixin.py:150} INFO - [2023-07-31T16:46:55.387-0500] {dag.py:3504} INFO - Setting next_dagrun for example_xcom_args to None, run_after=None
[2023-07-31T16:46:55.390-0500] {logging_mixin.py:150} INFO - [2023-07-31T16:46:55.389-0500] {dag.py:3504} INFO - Setting next_dagrun for example_xcom_args_with_operators to None, run_after=None
[2023-07-31T16:46:55.410-0500] {processor.py:179} INFO - Processing /home/joha/anaconda3/lib/python3.10/site-packages/airflow/example_dags/example_xcomargs.py took 0.115 seconds
[2023-07-31T16:47:32.435-0500] {processor.py:157} INFO - Started process (PID=68998) to work on /home/joha/anaconda3/lib/python3.10/site-packages/airflow/example_dags/example_xcomargs.py
[2023-07-31T16:47:32.443-0500] {processor.py:826} INFO - Processing file /home/joha/anaconda3/lib/python3.10/site-packages/airflow/example_dags/example_xcomargs.py for tasks to queue
[2023-07-31T16:47:32.445-0500] {logging_mixin.py:150} INFO - [2023-07-31T16:47:32.444-0500] {dagbag.py:541} INFO - Filling up the DagBag from /home/joha/anaconda3/lib/python3.10/site-packages/airflow/example_dags/example_xcomargs.py
[2023-07-31T16:47:32.463-0500] {processor.py:836} INFO - DAG(s) dict_keys(['example_xcom_args_with_operators', 'example_xcom_args']) retrieved from /home/joha/anaconda3/lib/python3.10/site-packages/airflow/example_dags/example_xcomargs.py
[2023-07-31T16:47:32.485-0500] {logging_mixin.py:150} INFO - [2023-07-31T16:47:32.485-0500] {dag.py:2742} INFO - Sync 2 DAGs
[2023-07-31T16:47:32.504-0500] {logging_mixin.py:150} INFO - [2023-07-31T16:47:32.504-0500] {dag.py:3504} INFO - Setting next_dagrun for example_xcom_args to None, run_after=None
[2023-07-31T16:47:32.507-0500] {logging_mixin.py:150} INFO - [2023-07-31T16:47:32.507-0500] {dag.py:3504} INFO - Setting next_dagrun for example_xcom_args_with_operators to None, run_after=None
[2023-07-31T16:47:32.524-0500] {processor.py:179} INFO - Processing /home/joha/anaconda3/lib/python3.10/site-packages/airflow/example_dags/example_xcomargs.py took 0.095 seconds
[2023-07-31T16:48:09.545-0500] {processor.py:157} INFO - Started process (PID=69043) to work on /home/joha/anaconda3/lib/python3.10/site-packages/airflow/example_dags/example_xcomargs.py
[2023-07-31T16:48:09.558-0500] {processor.py:826} INFO - Processing file /home/joha/anaconda3/lib/python3.10/site-packages/airflow/example_dags/example_xcomargs.py for tasks to queue
[2023-07-31T16:48:09.560-0500] {logging_mixin.py:150} INFO - [2023-07-31T16:48:09.559-0500] {dagbag.py:541} INFO - Filling up the DagBag from /home/joha/anaconda3/lib/python3.10/site-packages/airflow/example_dags/example_xcomargs.py
[2023-07-31T16:48:09.584-0500] {processor.py:836} INFO - DAG(s) dict_keys(['example_xcom_args_with_operators', 'example_xcom_args']) retrieved from /home/joha/anaconda3/lib/python3.10/site-packages/airflow/example_dags/example_xcomargs.py
[2023-07-31T16:48:09.606-0500] {logging_mixin.py:150} INFO - [2023-07-31T16:48:09.605-0500] {dag.py:2742} INFO - Sync 2 DAGs
[2023-07-31T16:48:09.624-0500] {logging_mixin.py:150} INFO - [2023-07-31T16:48:09.624-0500] {dag.py:3504} INFO - Setting next_dagrun for example_xcom_args to None, run_after=None
[2023-07-31T16:48:09.626-0500] {logging_mixin.py:150} INFO - [2023-07-31T16:48:09.626-0500] {dag.py:3504} INFO - Setting next_dagrun for example_xcom_args_with_operators to None, run_after=None
[2023-07-31T16:48:09.643-0500] {processor.py:179} INFO - Processing /home/joha/anaconda3/lib/python3.10/site-packages/airflow/example_dags/example_xcomargs.py took 0.104 seconds
[2023-07-31T16:49:00.431-0500] {processor.py:157} INFO - Started process (PID=69112) to work on /home/joha/anaconda3/lib/python3.10/site-packages/airflow/example_dags/example_xcomargs.py
[2023-07-31T16:49:00.439-0500] {processor.py:826} INFO - Processing file /home/joha/anaconda3/lib/python3.10/site-packages/airflow/example_dags/example_xcomargs.py for tasks to queue
[2023-07-31T16:49:00.440-0500] {logging_mixin.py:150} INFO - [2023-07-31T16:49:00.439-0500] {dagbag.py:541} INFO - Filling up the DagBag from /home/joha/anaconda3/lib/python3.10/site-packages/airflow/example_dags/example_xcomargs.py
[2023-07-31T16:49:00.456-0500] {processor.py:836} INFO - DAG(s) dict_keys(['example_xcom_args', 'example_xcom_args_with_operators']) retrieved from /home/joha/anaconda3/lib/python3.10/site-packages/airflow/example_dags/example_xcomargs.py
[2023-07-31T16:49:00.477-0500] {logging_mixin.py:150} INFO - [2023-07-31T16:49:00.477-0500] {dag.py:2742} INFO - Sync 2 DAGs
[2023-07-31T16:49:00.497-0500] {logging_mixin.py:150} INFO - [2023-07-31T16:49:00.497-0500] {dag.py:3504} INFO - Setting next_dagrun for example_xcom_args to None, run_after=None
[2023-07-31T16:49:00.500-0500] {logging_mixin.py:150} INFO - [2023-07-31T16:49:00.500-0500] {dag.py:3504} INFO - Setting next_dagrun for example_xcom_args_with_operators to None, run_after=None
[2023-07-31T16:49:00.518-0500] {processor.py:179} INFO - Processing /home/joha/anaconda3/lib/python3.10/site-packages/airflow/example_dags/example_xcomargs.py took 0.092 seconds
[2023-07-31T16:49:39.214-0500] {processor.py:157} INFO - Started process (PID=69166) to work on /home/joha/anaconda3/lib/python3.10/site-packages/airflow/example_dags/example_xcomargs.py
[2023-07-31T16:49:39.221-0500] {processor.py:826} INFO - Processing file /home/joha/anaconda3/lib/python3.10/site-packages/airflow/example_dags/example_xcomargs.py for tasks to queue
[2023-07-31T16:49:39.223-0500] {logging_mixin.py:150} INFO - [2023-07-31T16:49:39.222-0500] {dagbag.py:541} INFO - Filling up the DagBag from /home/joha/anaconda3/lib/python3.10/site-packages/airflow/example_dags/example_xcomargs.py
[2023-07-31T16:49:39.241-0500] {processor.py:836} INFO - DAG(s) dict_keys(['example_xcom_args', 'example_xcom_args_with_operators']) retrieved from /home/joha/anaconda3/lib/python3.10/site-packages/airflow/example_dags/example_xcomargs.py
[2023-07-31T16:49:39.269-0500] {logging_mixin.py:150} INFO - [2023-07-31T16:49:39.269-0500] {dag.py:2742} INFO - Sync 2 DAGs
[2023-07-31T16:49:39.299-0500] {logging_mixin.py:150} INFO - [2023-07-31T16:49:39.299-0500] {dag.py:3504} INFO - Setting next_dagrun for example_xcom_args to None, run_after=None
[2023-07-31T16:49:39.303-0500] {logging_mixin.py:150} INFO - [2023-07-31T16:49:39.302-0500] {dag.py:3504} INFO - Setting next_dagrun for example_xcom_args_with_operators to None, run_after=None
[2023-07-31T16:49:39.335-0500] {processor.py:179} INFO - Processing /home/joha/anaconda3/lib/python3.10/site-packages/airflow/example_dags/example_xcomargs.py took 0.125 seconds
[2023-07-31T16:50:19.673-0500] {processor.py:157} INFO - Started process (PID=69229) to work on /home/joha/anaconda3/lib/python3.10/site-packages/airflow/example_dags/example_xcomargs.py
[2023-07-31T16:50:19.680-0500] {processor.py:826} INFO - Processing file /home/joha/anaconda3/lib/python3.10/site-packages/airflow/example_dags/example_xcomargs.py for tasks to queue
[2023-07-31T16:50:19.681-0500] {logging_mixin.py:150} INFO - [2023-07-31T16:50:19.681-0500] {dagbag.py:541} INFO - Filling up the DagBag from /home/joha/anaconda3/lib/python3.10/site-packages/airflow/example_dags/example_xcomargs.py
[2023-07-31T16:50:19.691-0500] {processor.py:836} INFO - DAG(s) dict_keys(['example_xcom_args_with_operators', 'example_xcom_args']) retrieved from /home/joha/anaconda3/lib/python3.10/site-packages/airflow/example_dags/example_xcomargs.py
[2023-07-31T16:50:19.715-0500] {logging_mixin.py:150} INFO - [2023-07-31T16:50:19.714-0500] {dag.py:2742} INFO - Sync 2 DAGs
[2023-07-31T16:50:19.737-0500] {logging_mixin.py:150} INFO - [2023-07-31T16:50:19.736-0500] {dag.py:3504} INFO - Setting next_dagrun for example_xcom_args to None, run_after=None
[2023-07-31T16:50:19.740-0500] {logging_mixin.py:150} INFO - [2023-07-31T16:50:19.739-0500] {dag.py:3504} INFO - Setting next_dagrun for example_xcom_args_with_operators to None, run_after=None
[2023-07-31T16:50:19.759-0500] {processor.py:179} INFO - Processing /home/joha/anaconda3/lib/python3.10/site-packages/airflow/example_dags/example_xcomargs.py took 0.090 seconds
[2023-07-31T16:51:15.448-0500] {processor.py:157} INFO - Started process (PID=69298) to work on /home/joha/anaconda3/lib/python3.10/site-packages/airflow/example_dags/example_xcomargs.py
[2023-07-31T16:51:15.456-0500] {processor.py:826} INFO - Processing file /home/joha/anaconda3/lib/python3.10/site-packages/airflow/example_dags/example_xcomargs.py for tasks to queue
[2023-07-31T16:51:15.457-0500] {logging_mixin.py:150} INFO - [2023-07-31T16:51:15.457-0500] {dagbag.py:541} INFO - Filling up the DagBag from /home/joha/anaconda3/lib/python3.10/site-packages/airflow/example_dags/example_xcomargs.py
[2023-07-31T16:51:15.474-0500] {processor.py:836} INFO - DAG(s) dict_keys(['example_xcom_args', 'example_xcom_args_with_operators']) retrieved from /home/joha/anaconda3/lib/python3.10/site-packages/airflow/example_dags/example_xcomargs.py
[2023-07-31T16:51:15.498-0500] {logging_mixin.py:150} INFO - [2023-07-31T16:51:15.498-0500] {dag.py:2742} INFO - Sync 2 DAGs
[2023-07-31T16:51:15.523-0500] {logging_mixin.py:150} INFO - [2023-07-31T16:51:15.523-0500] {dag.py:3504} INFO - Setting next_dagrun for example_xcom_args to None, run_after=None
[2023-07-31T16:51:15.528-0500] {logging_mixin.py:150} INFO - [2023-07-31T16:51:15.528-0500] {dag.py:3504} INFO - Setting next_dagrun for example_xcom_args_with_operators to None, run_after=None
[2023-07-31T16:51:15.557-0500] {processor.py:179} INFO - Processing /home/joha/anaconda3/lib/python3.10/site-packages/airflow/example_dags/example_xcomargs.py took 0.115 seconds
[2023-07-31T16:51:54.232-0500] {processor.py:157} INFO - Started process (PID=69350) to work on /home/joha/anaconda3/lib/python3.10/site-packages/airflow/example_dags/example_xcomargs.py
[2023-07-31T16:51:54.240-0500] {processor.py:826} INFO - Processing file /home/joha/anaconda3/lib/python3.10/site-packages/airflow/example_dags/example_xcomargs.py for tasks to queue
[2023-07-31T16:51:54.241-0500] {logging_mixin.py:150} INFO - [2023-07-31T16:51:54.241-0500] {dagbag.py:541} INFO - Filling up the DagBag from /home/joha/anaconda3/lib/python3.10/site-packages/airflow/example_dags/example_xcomargs.py
[2023-07-31T16:51:54.253-0500] {processor.py:836} INFO - DAG(s) dict_keys(['example_xcom_args', 'example_xcom_args_with_operators']) retrieved from /home/joha/anaconda3/lib/python3.10/site-packages/airflow/example_dags/example_xcomargs.py
[2023-07-31T16:51:54.279-0500] {logging_mixin.py:150} INFO - [2023-07-31T16:51:54.279-0500] {dag.py:2742} INFO - Sync 2 DAGs
[2023-07-31T16:51:54.302-0500] {logging_mixin.py:150} INFO - [2023-07-31T16:51:54.302-0500] {dag.py:3504} INFO - Setting next_dagrun for example_xcom_args to None, run_after=None
[2023-07-31T16:51:54.305-0500] {logging_mixin.py:150} INFO - [2023-07-31T16:51:54.305-0500] {dag.py:3504} INFO - Setting next_dagrun for example_xcom_args_with_operators to None, run_after=None
[2023-07-31T16:51:54.326-0500] {processor.py:179} INFO - Processing /home/joha/anaconda3/lib/python3.10/site-packages/airflow/example_dags/example_xcomargs.py took 0.096 seconds
[2023-07-31T16:52:32.839-0500] {processor.py:157} INFO - Started process (PID=69410) to work on /home/joha/anaconda3/lib/python3.10/site-packages/airflow/example_dags/example_xcomargs.py
[2023-07-31T16:52:32.847-0500] {processor.py:826} INFO - Processing file /home/joha/anaconda3/lib/python3.10/site-packages/airflow/example_dags/example_xcomargs.py for tasks to queue
[2023-07-31T16:52:32.847-0500] {logging_mixin.py:150} INFO - [2023-07-31T16:52:32.847-0500] {dagbag.py:541} INFO - Filling up the DagBag from /home/joha/anaconda3/lib/python3.10/site-packages/airflow/example_dags/example_xcomargs.py
[2023-07-31T16:52:32.860-0500] {processor.py:836} INFO - DAG(s) dict_keys(['example_xcom_args', 'example_xcom_args_with_operators']) retrieved from /home/joha/anaconda3/lib/python3.10/site-packages/airflow/example_dags/example_xcomargs.py
[2023-07-31T16:52:32.880-0500] {logging_mixin.py:150} INFO - [2023-07-31T16:52:32.880-0500] {dag.py:2742} INFO - Sync 2 DAGs
[2023-07-31T16:52:32.902-0500] {logging_mixin.py:150} INFO - [2023-07-31T16:52:32.902-0500] {dag.py:3504} INFO - Setting next_dagrun for example_xcom_args to None, run_after=None
[2023-07-31T16:52:32.908-0500] {logging_mixin.py:150} INFO - [2023-07-31T16:52:32.907-0500] {dag.py:3504} INFO - Setting next_dagrun for example_xcom_args_with_operators to None, run_after=None
[2023-07-31T16:52:32.927-0500] {processor.py:179} INFO - Processing /home/joha/anaconda3/lib/python3.10/site-packages/airflow/example_dags/example_xcomargs.py took 0.092 seconds
[2023-07-31T16:53:17.837-0500] {processor.py:157} INFO - Started process (PID=69459) to work on /home/joha/anaconda3/lib/python3.10/site-packages/airflow/example_dags/example_xcomargs.py
[2023-07-31T16:53:17.846-0500] {processor.py:826} INFO - Processing file /home/joha/anaconda3/lib/python3.10/site-packages/airflow/example_dags/example_xcomargs.py for tasks to queue
[2023-07-31T16:53:17.847-0500] {logging_mixin.py:150} INFO - [2023-07-31T16:53:17.847-0500] {dagbag.py:541} INFO - Filling up the DagBag from /home/joha/anaconda3/lib/python3.10/site-packages/airflow/example_dags/example_xcomargs.py
[2023-07-31T16:53:17.862-0500] {processor.py:836} INFO - DAG(s) dict_keys(['example_xcom_args_with_operators', 'example_xcom_args']) retrieved from /home/joha/anaconda3/lib/python3.10/site-packages/airflow/example_dags/example_xcomargs.py
[2023-07-31T16:53:17.886-0500] {logging_mixin.py:150} INFO - [2023-07-31T16:53:17.886-0500] {dag.py:2742} INFO - Sync 2 DAGs
[2023-07-31T16:53:17.904-0500] {logging_mixin.py:150} INFO - [2023-07-31T16:53:17.904-0500] {dag.py:3504} INFO - Setting next_dagrun for example_xcom_args to None, run_after=None
[2023-07-31T16:53:17.907-0500] {logging_mixin.py:150} INFO - [2023-07-31T16:53:17.907-0500] {dag.py:3504} INFO - Setting next_dagrun for example_xcom_args_with_operators to None, run_after=None
[2023-07-31T16:53:18.332-0500] {processor.py:179} INFO - Processing /home/joha/anaconda3/lib/python3.10/site-packages/airflow/example_dags/example_xcomargs.py took 0.500 seconds
[2023-07-31T16:54:02.296-0500] {processor.py:157} INFO - Started process (PID=69512) to work on /home/joha/anaconda3/lib/python3.10/site-packages/airflow/example_dags/example_xcomargs.py
[2023-07-31T16:54:02.305-0500] {processor.py:826} INFO - Processing file /home/joha/anaconda3/lib/python3.10/site-packages/airflow/example_dags/example_xcomargs.py for tasks to queue
[2023-07-31T16:54:02.306-0500] {logging_mixin.py:150} INFO - [2023-07-31T16:54:02.306-0500] {dagbag.py:541} INFO - Filling up the DagBag from /home/joha/anaconda3/lib/python3.10/site-packages/airflow/example_dags/example_xcomargs.py
[2023-07-31T16:54:02.325-0500] {processor.py:836} INFO - DAG(s) dict_keys(['example_xcom_args_with_operators', 'example_xcom_args']) retrieved from /home/joha/anaconda3/lib/python3.10/site-packages/airflow/example_dags/example_xcomargs.py
[2023-07-31T16:54:02.347-0500] {logging_mixin.py:150} INFO - [2023-07-31T16:54:02.346-0500] {dag.py:2742} INFO - Sync 2 DAGs
[2023-07-31T16:54:02.365-0500] {logging_mixin.py:150} INFO - [2023-07-31T16:54:02.365-0500] {dag.py:3504} INFO - Setting next_dagrun for example_xcom_args to None, run_after=None
[2023-07-31T16:54:02.368-0500] {logging_mixin.py:150} INFO - [2023-07-31T16:54:02.368-0500] {dag.py:3504} INFO - Setting next_dagrun for example_xcom_args_with_operators to None, run_after=None
[2023-07-31T16:54:02.386-0500] {processor.py:179} INFO - Processing /home/joha/anaconda3/lib/python3.10/site-packages/airflow/example_dags/example_xcomargs.py took 0.096 seconds
[2023-07-31T16:54:50.132-0500] {processor.py:157} INFO - Started process (PID=69573) to work on /home/joha/anaconda3/lib/python3.10/site-packages/airflow/example_dags/example_xcomargs.py
[2023-07-31T16:54:50.140-0500] {processor.py:826} INFO - Processing file /home/joha/anaconda3/lib/python3.10/site-packages/airflow/example_dags/example_xcomargs.py for tasks to queue
[2023-07-31T16:54:50.142-0500] {logging_mixin.py:150} INFO - [2023-07-31T16:54:50.141-0500] {dagbag.py:541} INFO - Filling up the DagBag from /home/joha/anaconda3/lib/python3.10/site-packages/airflow/example_dags/example_xcomargs.py
[2023-07-31T16:54:50.160-0500] {processor.py:836} INFO - DAG(s) dict_keys(['example_xcom_args', 'example_xcom_args_with_operators']) retrieved from /home/joha/anaconda3/lib/python3.10/site-packages/airflow/example_dags/example_xcomargs.py
[2023-07-31T16:54:50.183-0500] {logging_mixin.py:150} INFO - [2023-07-31T16:54:50.182-0500] {dag.py:2742} INFO - Sync 2 DAGs
[2023-07-31T16:54:50.201-0500] {logging_mixin.py:150} INFO - [2023-07-31T16:54:50.201-0500] {dag.py:3504} INFO - Setting next_dagrun for example_xcom_args to None, run_after=None
[2023-07-31T16:54:50.204-0500] {logging_mixin.py:150} INFO - [2023-07-31T16:54:50.204-0500] {dag.py:3504} INFO - Setting next_dagrun for example_xcom_args_with_operators to None, run_after=None
[2023-07-31T16:54:50.222-0500] {processor.py:179} INFO - Processing /home/joha/anaconda3/lib/python3.10/site-packages/airflow/example_dags/example_xcomargs.py took 0.096 seconds
[2023-07-31T16:55:47.554-0500] {processor.py:157} INFO - Started process (PID=69654) to work on /home/joha/anaconda3/lib/python3.10/site-packages/airflow/example_dags/example_xcomargs.py
[2023-07-31T16:55:47.562-0500] {processor.py:826} INFO - Processing file /home/joha/anaconda3/lib/python3.10/site-packages/airflow/example_dags/example_xcomargs.py for tasks to queue
[2023-07-31T16:55:47.563-0500] {logging_mixin.py:150} INFO - [2023-07-31T16:55:47.562-0500] {dagbag.py:541} INFO - Filling up the DagBag from /home/joha/anaconda3/lib/python3.10/site-packages/airflow/example_dags/example_xcomargs.py
[2023-07-31T16:55:47.572-0500] {processor.py:836} INFO - DAG(s) dict_keys(['example_xcom_args', 'example_xcom_args_with_operators']) retrieved from /home/joha/anaconda3/lib/python3.10/site-packages/airflow/example_dags/example_xcomargs.py
[2023-07-31T16:55:47.591-0500] {logging_mixin.py:150} INFO - [2023-07-31T16:55:47.591-0500] {dag.py:2742} INFO - Sync 2 DAGs
[2023-07-31T16:55:47.609-0500] {logging_mixin.py:150} INFO - [2023-07-31T16:55:47.609-0500] {dag.py:3504} INFO - Setting next_dagrun for example_xcom_args to None, run_after=None
[2023-07-31T16:55:47.612-0500] {logging_mixin.py:150} INFO - [2023-07-31T16:55:47.612-0500] {dag.py:3504} INFO - Setting next_dagrun for example_xcom_args_with_operators to None, run_after=None
[2023-07-31T16:55:47.732-0500] {processor.py:179} INFO - Processing /home/joha/anaconda3/lib/python3.10/site-packages/airflow/example_dags/example_xcomargs.py took 0.182 seconds
