[2023-07-31T16:44:48.432-0500] {processor.py:157} INFO - Started process (PID=68777) to work on /home/joha/anaconda3/lib/python3.10/site-packages/airflow/example_dags/example_kubernetes_executor.py
[2023-07-31T16:44:48.433-0500] {processor.py:826} INFO - Processing file /home/joha/anaconda3/lib/python3.10/site-packages/airflow/example_dags/example_kubernetes_executor.py for tasks to queue
[2023-07-31T16:44:48.434-0500] {logging_mixin.py:150} INFO - [2023-07-31T16:44:48.433-0500] {dagbag.py:541} INFO - Filling up the DagBag from /home/joha/anaconda3/lib/python3.10/site-packages/airflow/example_dags/example_kubernetes_executor.py
[2023-07-31T16:44:48.437-0500] {logging_mixin.py:150} INFO - [2023-07-31T16:44:48.437-0500] {example_kubernetes_executor.py:41} WARNING - The example_kubernetes_executor example DAG requires the kubernetes provider. Please install it with: pip install apache-airflow[cncf.kubernetes]
[2023-07-31T16:44:48.438-0500] {processor.py:838} WARNING - No viable dags retrieved from /home/joha/anaconda3/lib/python3.10/site-packages/airflow/example_dags/example_kubernetes_executor.py
[2023-07-31T16:44:48.450-0500] {processor.py:179} INFO - Processing /home/joha/anaconda3/lib/python3.10/site-packages/airflow/example_dags/example_kubernetes_executor.py took 0.021 seconds
[2023-07-31T16:45:35.895-0500] {processor.py:157} INFO - Started process (PID=68844) to work on /home/joha/anaconda3/lib/python3.10/site-packages/airflow/example_dags/example_kubernetes_executor.py
[2023-07-31T16:45:35.904-0500] {processor.py:826} INFO - Processing file /home/joha/anaconda3/lib/python3.10/site-packages/airflow/example_dags/example_kubernetes_executor.py for tasks to queue
[2023-07-31T16:45:35.906-0500] {logging_mixin.py:150} INFO - [2023-07-31T16:45:35.905-0500] {dagbag.py:541} INFO - Filling up the DagBag from /home/joha/anaconda3/lib/python3.10/site-packages/airflow/example_dags/example_kubernetes_executor.py
[2023-07-31T16:45:35.917-0500] {logging_mixin.py:150} INFO - [2023-07-31T16:45:35.917-0500] {example_kubernetes_executor.py:41} WARNING - The example_kubernetes_executor example DAG requires the kubernetes provider. Please install it with: pip install apache-airflow[cncf.kubernetes]
[2023-07-31T16:45:35.918-0500] {processor.py:838} WARNING - No viable dags retrieved from /home/joha/anaconda3/lib/python3.10/site-packages/airflow/example_dags/example_kubernetes_executor.py
[2023-07-31T16:45:35.932-0500] {processor.py:179} INFO - Processing /home/joha/anaconda3/lib/python3.10/site-packages/airflow/example_dags/example_kubernetes_executor.py took 0.040 seconds
[2023-07-31T16:46:31.429-0500] {processor.py:157} INFO - Started process (PID=68922) to work on /home/joha/anaconda3/lib/python3.10/site-packages/airflow/example_dags/example_kubernetes_executor.py
[2023-07-31T16:46:31.437-0500] {processor.py:826} INFO - Processing file /home/joha/anaconda3/lib/python3.10/site-packages/airflow/example_dags/example_kubernetes_executor.py for tasks to queue
[2023-07-31T16:46:31.438-0500] {logging_mixin.py:150} INFO - [2023-07-31T16:46:31.437-0500] {dagbag.py:541} INFO - Filling up the DagBag from /home/joha/anaconda3/lib/python3.10/site-packages/airflow/example_dags/example_kubernetes_executor.py
[2023-07-31T16:46:31.441-0500] {logging_mixin.py:150} INFO - [2023-07-31T16:46:31.440-0500] {example_kubernetes_executor.py:41} WARNING - The example_kubernetes_executor example DAG requires the kubernetes provider. Please install it with: pip install apache-airflow[cncf.kubernetes]
[2023-07-31T16:46:31.441-0500] {processor.py:838} WARNING - No viable dags retrieved from /home/joha/anaconda3/lib/python3.10/site-packages/airflow/example_dags/example_kubernetes_executor.py
[2023-07-31T16:46:31.452-0500] {processor.py:179} INFO - Processing /home/joha/anaconda3/lib/python3.10/site-packages/airflow/example_dags/example_kubernetes_executor.py took 0.027 seconds
[2023-07-31T16:47:24.715-0500] {processor.py:157} INFO - Started process (PID=68988) to work on /home/joha/anaconda3/lib/python3.10/site-packages/airflow/example_dags/example_kubernetes_executor.py
[2023-07-31T16:47:24.723-0500] {processor.py:826} INFO - Processing file /home/joha/anaconda3/lib/python3.10/site-packages/airflow/example_dags/example_kubernetes_executor.py for tasks to queue
[2023-07-31T16:47:24.727-0500] {logging_mixin.py:150} INFO - [2023-07-31T16:47:24.725-0500] {dagbag.py:541} INFO - Filling up the DagBag from /home/joha/anaconda3/lib/python3.10/site-packages/airflow/example_dags/example_kubernetes_executor.py
[2023-07-31T16:47:24.738-0500] {logging_mixin.py:150} INFO - [2023-07-31T16:47:24.737-0500] {example_kubernetes_executor.py:41} WARNING - The example_kubernetes_executor example DAG requires the kubernetes provider. Please install it with: pip install apache-airflow[cncf.kubernetes]
[2023-07-31T16:47:24.738-0500] {processor.py:838} WARNING - No viable dags retrieved from /home/joha/anaconda3/lib/python3.10/site-packages/airflow/example_dags/example_kubernetes_executor.py
[2023-07-31T16:47:24.751-0500] {processor.py:179} INFO - Processing /home/joha/anaconda3/lib/python3.10/site-packages/airflow/example_dags/example_kubernetes_executor.py took 0.039 seconds
[2023-07-31T16:48:18.382-0500] {processor.py:157} INFO - Started process (PID=69052) to work on /home/joha/anaconda3/lib/python3.10/site-packages/airflow/example_dags/example_kubernetes_executor.py
[2023-07-31T16:48:18.390-0500] {processor.py:826} INFO - Processing file /home/joha/anaconda3/lib/python3.10/site-packages/airflow/example_dags/example_kubernetes_executor.py for tasks to queue
[2023-07-31T16:48:18.393-0500] {logging_mixin.py:150} INFO - [2023-07-31T16:48:18.392-0500] {dagbag.py:541} INFO - Filling up the DagBag from /home/joha/anaconda3/lib/python3.10/site-packages/airflow/example_dags/example_kubernetes_executor.py
[2023-07-31T16:48:18.403-0500] {logging_mixin.py:150} INFO - [2023-07-31T16:48:18.402-0500] {example_kubernetes_executor.py:41} WARNING - The example_kubernetes_executor example DAG requires the kubernetes provider. Please install it with: pip install apache-airflow[cncf.kubernetes]
[2023-07-31T16:48:18.403-0500] {processor.py:838} WARNING - No viable dags retrieved from /home/joha/anaconda3/lib/python3.10/site-packages/airflow/example_dags/example_kubernetes_executor.py
[2023-07-31T16:48:18.421-0500] {processor.py:179} INFO - Processing /home/joha/anaconda3/lib/python3.10/site-packages/airflow/example_dags/example_kubernetes_executor.py took 0.044 seconds
[2023-07-31T16:49:09.910-0500] {processor.py:157} INFO - Started process (PID=69123) to work on /home/joha/anaconda3/lib/python3.10/site-packages/airflow/example_dags/example_kubernetes_executor.py
[2023-07-31T16:49:09.917-0500] {processor.py:826} INFO - Processing file /home/joha/anaconda3/lib/python3.10/site-packages/airflow/example_dags/example_kubernetes_executor.py for tasks to queue
[2023-07-31T16:49:09.918-0500] {logging_mixin.py:150} INFO - [2023-07-31T16:49:09.917-0500] {dagbag.py:541} INFO - Filling up the DagBag from /home/joha/anaconda3/lib/python3.10/site-packages/airflow/example_dags/example_kubernetes_executor.py
[2023-07-31T16:49:09.922-0500] {logging_mixin.py:150} INFO - [2023-07-31T16:49:09.922-0500] {example_kubernetes_executor.py:41} WARNING - The example_kubernetes_executor example DAG requires the kubernetes provider. Please install it with: pip install apache-airflow[cncf.kubernetes]
[2023-07-31T16:49:09.923-0500] {processor.py:838} WARNING - No viable dags retrieved from /home/joha/anaconda3/lib/python3.10/site-packages/airflow/example_dags/example_kubernetes_executor.py
[2023-07-31T16:49:09.946-0500] {processor.py:179} INFO - Processing /home/joha/anaconda3/lib/python3.10/site-packages/airflow/example_dags/example_kubernetes_executor.py took 0.040 seconds
[2023-07-31T16:50:08.073-0500] {processor.py:157} INFO - Started process (PID=69206) to work on /home/joha/anaconda3/lib/python3.10/site-packages/airflow/example_dags/example_kubernetes_executor.py
[2023-07-31T16:50:08.080-0500] {processor.py:826} INFO - Processing file /home/joha/anaconda3/lib/python3.10/site-packages/airflow/example_dags/example_kubernetes_executor.py for tasks to queue
[2023-07-31T16:50:08.081-0500] {logging_mixin.py:150} INFO - [2023-07-31T16:50:08.081-0500] {dagbag.py:541} INFO - Filling up the DagBag from /home/joha/anaconda3/lib/python3.10/site-packages/airflow/example_dags/example_kubernetes_executor.py
[2023-07-31T16:50:08.084-0500] {logging_mixin.py:150} INFO - [2023-07-31T16:50:08.084-0500] {example_kubernetes_executor.py:41} WARNING - The example_kubernetes_executor example DAG requires the kubernetes provider. Please install it with: pip install apache-airflow[cncf.kubernetes]
[2023-07-31T16:50:08.084-0500] {processor.py:838} WARNING - No viable dags retrieved from /home/joha/anaconda3/lib/python3.10/site-packages/airflow/example_dags/example_kubernetes_executor.py
[2023-07-31T16:50:08.093-0500] {processor.py:179} INFO - Processing /home/joha/anaconda3/lib/python3.10/site-packages/airflow/example_dags/example_kubernetes_executor.py took 0.023 seconds
[2023-07-31T16:51:05.104-0500] {processor.py:157} INFO - Started process (PID=69288) to work on /home/joha/anaconda3/lib/python3.10/site-packages/airflow/example_dags/example_kubernetes_executor.py
[2023-07-31T16:51:05.112-0500] {processor.py:826} INFO - Processing file /home/joha/anaconda3/lib/python3.10/site-packages/airflow/example_dags/example_kubernetes_executor.py for tasks to queue
[2023-07-31T16:51:05.113-0500] {logging_mixin.py:150} INFO - [2023-07-31T16:51:05.113-0500] {dagbag.py:541} INFO - Filling up the DagBag from /home/joha/anaconda3/lib/python3.10/site-packages/airflow/example_dags/example_kubernetes_executor.py
[2023-07-31T16:51:05.118-0500] {logging_mixin.py:150} INFO - [2023-07-31T16:51:05.118-0500] {example_kubernetes_executor.py:41} WARNING - The example_kubernetes_executor example DAG requires the kubernetes provider. Please install it with: pip install apache-airflow[cncf.kubernetes]
[2023-07-31T16:51:05.119-0500] {processor.py:838} WARNING - No viable dags retrieved from /home/joha/anaconda3/lib/python3.10/site-packages/airflow/example_dags/example_kubernetes_executor.py
[2023-07-31T16:51:05.132-0500] {processor.py:179} INFO - Processing /home/joha/anaconda3/lib/python3.10/site-packages/airflow/example_dags/example_kubernetes_executor.py took 0.033 seconds
[2023-07-31T16:52:02.180-0500] {processor.py:157} INFO - Started process (PID=69359) to work on /home/joha/anaconda3/lib/python3.10/site-packages/airflow/example_dags/example_kubernetes_executor.py
[2023-07-31T16:52:02.187-0500] {processor.py:826} INFO - Processing file /home/joha/anaconda3/lib/python3.10/site-packages/airflow/example_dags/example_kubernetes_executor.py for tasks to queue
[2023-07-31T16:52:02.188-0500] {logging_mixin.py:150} INFO - [2023-07-31T16:52:02.188-0500] {dagbag.py:541} INFO - Filling up the DagBag from /home/joha/anaconda3/lib/python3.10/site-packages/airflow/example_dags/example_kubernetes_executor.py
[2023-07-31T16:52:02.192-0500] {logging_mixin.py:150} INFO - [2023-07-31T16:52:02.192-0500] {example_kubernetes_executor.py:41} WARNING - The example_kubernetes_executor example DAG requires the kubernetes provider. Please install it with: pip install apache-airflow[cncf.kubernetes]
[2023-07-31T16:52:02.192-0500] {processor.py:838} WARNING - No viable dags retrieved from /home/joha/anaconda3/lib/python3.10/site-packages/airflow/example_dags/example_kubernetes_executor.py
[2023-07-31T16:52:02.203-0500] {processor.py:179} INFO - Processing /home/joha/anaconda3/lib/python3.10/site-packages/airflow/example_dags/example_kubernetes_executor.py took 0.026 seconds
[2023-07-31T16:53:02.205-0500] {processor.py:157} INFO - Started process (PID=69448) to work on /home/joha/anaconda3/lib/python3.10/site-packages/airflow/example_dags/example_kubernetes_executor.py
[2023-07-31T16:53:02.214-0500] {processor.py:826} INFO - Processing file /home/joha/anaconda3/lib/python3.10/site-packages/airflow/example_dags/example_kubernetes_executor.py for tasks to queue
[2023-07-31T16:53:02.216-0500] {logging_mixin.py:150} INFO - [2023-07-31T16:53:02.215-0500] {dagbag.py:541} INFO - Filling up the DagBag from /home/joha/anaconda3/lib/python3.10/site-packages/airflow/example_dags/example_kubernetes_executor.py
[2023-07-31T16:53:02.221-0500] {logging_mixin.py:150} INFO - [2023-07-31T16:53:02.221-0500] {example_kubernetes_executor.py:41} WARNING - The example_kubernetes_executor example DAG requires the kubernetes provider. Please install it with: pip install apache-airflow[cncf.kubernetes]
[2023-07-31T16:53:02.221-0500] {processor.py:838} WARNING - No viable dags retrieved from /home/joha/anaconda3/lib/python3.10/site-packages/airflow/example_dags/example_kubernetes_executor.py
[2023-07-31T16:53:02.235-0500] {processor.py:179} INFO - Processing /home/joha/anaconda3/lib/python3.10/site-packages/airflow/example_dags/example_kubernetes_executor.py took 0.035 seconds
[2023-07-31T16:54:08.333-0500] {processor.py:157} INFO - Started process (PID=69518) to work on /home/joha/anaconda3/lib/python3.10/site-packages/airflow/example_dags/example_kubernetes_executor.py
[2023-07-31T16:54:08.342-0500] {processor.py:826} INFO - Processing file /home/joha/anaconda3/lib/python3.10/site-packages/airflow/example_dags/example_kubernetes_executor.py for tasks to queue
[2023-07-31T16:54:08.344-0500] {logging_mixin.py:150} INFO - [2023-07-31T16:54:08.343-0500] {dagbag.py:541} INFO - Filling up the DagBag from /home/joha/anaconda3/lib/python3.10/site-packages/airflow/example_dags/example_kubernetes_executor.py
[2023-07-31T16:54:08.354-0500] {logging_mixin.py:150} INFO - [2023-07-31T16:54:08.353-0500] {example_kubernetes_executor.py:41} WARNING - The example_kubernetes_executor example DAG requires the kubernetes provider. Please install it with: pip install apache-airflow[cncf.kubernetes]
[2023-07-31T16:54:08.355-0500] {processor.py:838} WARNING - No viable dags retrieved from /home/joha/anaconda3/lib/python3.10/site-packages/airflow/example_dags/example_kubernetes_executor.py
[2023-07-31T16:54:08.373-0500] {processor.py:179} INFO - Processing /home/joha/anaconda3/lib/python3.10/site-packages/airflow/example_dags/example_kubernetes_executor.py took 0.044 seconds
[2023-07-31T16:54:54.925-0500] {processor.py:157} INFO - Started process (PID=69578) to work on /home/joha/anaconda3/lib/python3.10/site-packages/airflow/example_dags/example_kubernetes_executor.py
[2023-07-31T16:54:54.934-0500] {processor.py:826} INFO - Processing file /home/joha/anaconda3/lib/python3.10/site-packages/airflow/example_dags/example_kubernetes_executor.py for tasks to queue
[2023-07-31T16:54:54.936-0500] {logging_mixin.py:150} INFO - [2023-07-31T16:54:54.935-0500] {dagbag.py:541} INFO - Filling up the DagBag from /home/joha/anaconda3/lib/python3.10/site-packages/airflow/example_dags/example_kubernetes_executor.py
[2023-07-31T16:54:54.946-0500] {logging_mixin.py:150} INFO - [2023-07-31T16:54:54.945-0500] {example_kubernetes_executor.py:41} WARNING - The example_kubernetes_executor example DAG requires the kubernetes provider. Please install it with: pip install apache-airflow[cncf.kubernetes]
[2023-07-31T16:54:54.947-0500] {processor.py:838} WARNING - No viable dags retrieved from /home/joha/anaconda3/lib/python3.10/site-packages/airflow/example_dags/example_kubernetes_executor.py
[2023-07-31T16:54:54.967-0500] {processor.py:179} INFO - Processing /home/joha/anaconda3/lib/python3.10/site-packages/airflow/example_dags/example_kubernetes_executor.py took 0.047 seconds
[2023-07-31T16:55:52.547-0500] {processor.py:157} INFO - Started process (PID=69659) to work on /home/joha/anaconda3/lib/python3.10/site-packages/airflow/example_dags/example_kubernetes_executor.py
[2023-07-31T16:55:52.549-0500] {processor.py:826} INFO - Processing file /home/joha/anaconda3/lib/python3.10/site-packages/airflow/example_dags/example_kubernetes_executor.py for tasks to queue
[2023-07-31T16:55:52.550-0500] {logging_mixin.py:150} INFO - [2023-07-31T16:55:52.549-0500] {dagbag.py:541} INFO - Filling up the DagBag from /home/joha/anaconda3/lib/python3.10/site-packages/airflow/example_dags/example_kubernetes_executor.py
[2023-07-31T16:55:52.555-0500] {logging_mixin.py:150} INFO - [2023-07-31T16:55:52.554-0500] {example_kubernetes_executor.py:41} WARNING - The example_kubernetes_executor example DAG requires the kubernetes provider. Please install it with: pip install apache-airflow[cncf.kubernetes]
[2023-07-31T16:55:52.555-0500] {processor.py:838} WARNING - No viable dags retrieved from /home/joha/anaconda3/lib/python3.10/site-packages/airflow/example_dags/example_kubernetes_executor.py
[2023-07-31T16:55:52.569-0500] {processor.py:179} INFO - Processing /home/joha/anaconda3/lib/python3.10/site-packages/airflow/example_dags/example_kubernetes_executor.py took 0.027 seconds
