[2023-07-31T16:44:55.330-0500] {processor.py:157} INFO - Started process (PID=68785) to work on /home/joha/anaconda3/lib/python3.10/site-packages/airflow/example_dags/example_branch_labels.py
[2023-07-31T16:44:55.331-0500] {processor.py:826} INFO - Processing file /home/joha/anaconda3/lib/python3.10/site-packages/airflow/example_dags/example_branch_labels.py for tasks to queue
[2023-07-31T16:44:55.333-0500] {logging_mixin.py:150} INFO - [2023-07-31T16:44:55.331-0500] {dagbag.py:541} INFO - Filling up the DagBag from /home/joha/anaconda3/lib/python3.10/site-packages/airflow/example_dags/example_branch_labels.py
[2023-07-31T16:44:55.345-0500] {processor.py:836} INFO - DAG(s) dict_keys(['example_branch_labels']) retrieved from /home/joha/anaconda3/lib/python3.10/site-packages/airflow/example_dags/example_branch_labels.py
[2023-07-31T16:44:55.373-0500] {logging_mixin.py:150} INFO - [2023-07-31T16:44:55.373-0500] {dag.py:2742} INFO - Sync 1 DAGs
[2023-07-31T16:44:55.399-0500] {logging_mixin.py:150} INFO - [2023-07-31T16:44:55.399-0500] {dag.py:3504} INFO - Setting next_dagrun for example_branch_labels to 2023-07-30T00:00:00+00:00, run_after=2023-07-31T00:00:00+00:00
[2023-07-31T16:44:55.430-0500] {processor.py:179} INFO - Processing /home/joha/anaconda3/lib/python3.10/site-packages/airflow/example_dags/example_branch_labels.py took 0.105 seconds
[2023-07-31T16:45:53.131-0500] {processor.py:157} INFO - Started process (PID=68867) to work on /home/joha/anaconda3/lib/python3.10/site-packages/airflow/example_dags/example_branch_labels.py
[2023-07-31T16:45:53.140-0500] {processor.py:826} INFO - Processing file /home/joha/anaconda3/lib/python3.10/site-packages/airflow/example_dags/example_branch_labels.py for tasks to queue
[2023-07-31T16:45:53.143-0500] {logging_mixin.py:150} INFO - [2023-07-31T16:45:53.141-0500] {dagbag.py:541} INFO - Filling up the DagBag from /home/joha/anaconda3/lib/python3.10/site-packages/airflow/example_dags/example_branch_labels.py
[2023-07-31T16:45:53.165-0500] {processor.py:836} INFO - DAG(s) dict_keys(['example_branch_labels']) retrieved from /home/joha/anaconda3/lib/python3.10/site-packages/airflow/example_dags/example_branch_labels.py
[2023-07-31T16:45:53.187-0500] {logging_mixin.py:150} INFO - [2023-07-31T16:45:53.186-0500] {dag.py:2742} INFO - Sync 1 DAGs
[2023-07-31T16:45:53.207-0500] {logging_mixin.py:150} INFO - [2023-07-31T16:45:53.206-0500] {dag.py:3504} INFO - Setting next_dagrun for example_branch_labels to 2023-07-30T00:00:00+00:00, run_after=2023-07-31T00:00:00+00:00
[2023-07-31T16:45:53.225-0500] {processor.py:179} INFO - Processing /home/joha/anaconda3/lib/python3.10/site-packages/airflow/example_dags/example_branch_labels.py took 0.101 seconds
[2023-07-31T16:46:46.393-0500] {processor.py:157} INFO - Started process (PID=68938) to work on /home/joha/anaconda3/lib/python3.10/site-packages/airflow/example_dags/example_branch_labels.py
[2023-07-31T16:46:46.401-0500] {processor.py:826} INFO - Processing file /home/joha/anaconda3/lib/python3.10/site-packages/airflow/example_dags/example_branch_labels.py for tasks to queue
[2023-07-31T16:46:46.402-0500] {logging_mixin.py:150} INFO - [2023-07-31T16:46:46.401-0500] {dagbag.py:541} INFO - Filling up the DagBag from /home/joha/anaconda3/lib/python3.10/site-packages/airflow/example_dags/example_branch_labels.py
[2023-07-31T16:46:46.410-0500] {processor.py:836} INFO - DAG(s) dict_keys(['example_branch_labels']) retrieved from /home/joha/anaconda3/lib/python3.10/site-packages/airflow/example_dags/example_branch_labels.py
[2023-07-31T16:46:46.433-0500] {logging_mixin.py:150} INFO - [2023-07-31T16:46:46.433-0500] {dag.py:2742} INFO - Sync 1 DAGs
[2023-07-31T16:46:46.455-0500] {logging_mixin.py:150} INFO - [2023-07-31T16:46:46.455-0500] {dag.py:3504} INFO - Setting next_dagrun for example_branch_labels to 2023-07-30T00:00:00+00:00, run_after=2023-07-31T00:00:00+00:00
[2023-07-31T16:46:46.478-0500] {processor.py:179} INFO - Processing /home/joha/anaconda3/lib/python3.10/site-packages/airflow/example_dags/example_branch_labels.py took 0.088 seconds
[2023-07-31T16:47:41.779-0500] {processor.py:157} INFO - Started process (PID=69006) to work on /home/joha/anaconda3/lib/python3.10/site-packages/airflow/example_dags/example_branch_labels.py
[2023-07-31T16:47:41.788-0500] {processor.py:826} INFO - Processing file /home/joha/anaconda3/lib/python3.10/site-packages/airflow/example_dags/example_branch_labels.py for tasks to queue
[2023-07-31T16:47:41.789-0500] {logging_mixin.py:150} INFO - [2023-07-31T16:47:41.789-0500] {dagbag.py:541} INFO - Filling up the DagBag from /home/joha/anaconda3/lib/python3.10/site-packages/airflow/example_dags/example_branch_labels.py
[2023-07-31T16:47:41.806-0500] {processor.py:836} INFO - DAG(s) dict_keys(['example_branch_labels']) retrieved from /home/joha/anaconda3/lib/python3.10/site-packages/airflow/example_dags/example_branch_labels.py
[2023-07-31T16:47:41.827-0500] {logging_mixin.py:150} INFO - [2023-07-31T16:47:41.827-0500] {dag.py:2742} INFO - Sync 1 DAGs
[2023-07-31T16:47:41.848-0500] {logging_mixin.py:150} INFO - [2023-07-31T16:47:41.847-0500] {dag.py:3504} INFO - Setting next_dagrun for example_branch_labels to 2023-07-30T00:00:00+00:00, run_after=2023-07-31T00:00:00+00:00
[2023-07-31T16:47:41.867-0500] {processor.py:179} INFO - Processing /home/joha/anaconda3/lib/python3.10/site-packages/airflow/example_dags/example_branch_labels.py took 0.094 seconds
[2023-07-31T16:48:31.771-0500] {processor.py:157} INFO - Started process (PID=69070) to work on /home/joha/anaconda3/lib/python3.10/site-packages/airflow/example_dags/example_branch_labels.py
[2023-07-31T16:48:31.780-0500] {processor.py:826} INFO - Processing file /home/joha/anaconda3/lib/python3.10/site-packages/airflow/example_dags/example_branch_labels.py for tasks to queue
[2023-07-31T16:48:31.781-0500] {logging_mixin.py:150} INFO - [2023-07-31T16:48:31.781-0500] {dagbag.py:541} INFO - Filling up the DagBag from /home/joha/anaconda3/lib/python3.10/site-packages/airflow/example_dags/example_branch_labels.py
[2023-07-31T16:48:31.798-0500] {processor.py:836} INFO - DAG(s) dict_keys(['example_branch_labels']) retrieved from /home/joha/anaconda3/lib/python3.10/site-packages/airflow/example_dags/example_branch_labels.py
[2023-07-31T16:48:31.821-0500] {logging_mixin.py:150} INFO - [2023-07-31T16:48:31.821-0500] {dag.py:2742} INFO - Sync 1 DAGs
[2023-07-31T16:48:31.840-0500] {logging_mixin.py:150} INFO - [2023-07-31T16:48:31.840-0500] {dag.py:3504} INFO - Setting next_dagrun for example_branch_labels to 2023-07-30T00:00:00+00:00, run_after=2023-07-31T00:00:00+00:00
[2023-07-31T16:48:31.858-0500] {processor.py:179} INFO - Processing /home/joha/anaconda3/lib/python3.10/site-packages/airflow/example_dags/example_branch_labels.py took 0.093 seconds
[2023-07-31T16:49:27.495-0500] {processor.py:157} INFO - Started process (PID=69146) to work on /home/joha/anaconda3/lib/python3.10/site-packages/airflow/example_dags/example_branch_labels.py
[2023-07-31T16:49:27.502-0500] {processor.py:826} INFO - Processing file /home/joha/anaconda3/lib/python3.10/site-packages/airflow/example_dags/example_branch_labels.py for tasks to queue
[2023-07-31T16:49:27.505-0500] {logging_mixin.py:150} INFO - [2023-07-31T16:49:27.503-0500] {dagbag.py:541} INFO - Filling up the DagBag from /home/joha/anaconda3/lib/python3.10/site-packages/airflow/example_dags/example_branch_labels.py
[2023-07-31T16:49:27.528-0500] {processor.py:836} INFO - DAG(s) dict_keys(['example_branch_labels']) retrieved from /home/joha/anaconda3/lib/python3.10/site-packages/airflow/example_dags/example_branch_labels.py
[2023-07-31T16:49:27.552-0500] {logging_mixin.py:150} INFO - [2023-07-31T16:49:27.551-0500] {dag.py:2742} INFO - Sync 1 DAGs
[2023-07-31T16:49:27.572-0500] {logging_mixin.py:150} INFO - [2023-07-31T16:49:27.572-0500] {dag.py:3504} INFO - Setting next_dagrun for example_branch_labels to 2023-07-30T00:00:00+00:00, run_after=2023-07-31T00:00:00+00:00
[2023-07-31T16:49:27.591-0500] {processor.py:179} INFO - Processing /home/joha/anaconda3/lib/python3.10/site-packages/airflow/example_dags/example_branch_labels.py took 0.099 seconds
[2023-07-31T16:50:27.987-0500] {processor.py:157} INFO - Started process (PID=69243) to work on /home/joha/anaconda3/lib/python3.10/site-packages/airflow/example_dags/example_branch_labels.py
[2023-07-31T16:50:27.994-0500] {processor.py:826} INFO - Processing file /home/joha/anaconda3/lib/python3.10/site-packages/airflow/example_dags/example_branch_labels.py for tasks to queue
[2023-07-31T16:50:27.995-0500] {logging_mixin.py:150} INFO - [2023-07-31T16:50:27.995-0500] {dagbag.py:541} INFO - Filling up the DagBag from /home/joha/anaconda3/lib/python3.10/site-packages/airflow/example_dags/example_branch_labels.py
[2023-07-31T16:50:28.006-0500] {processor.py:836} INFO - DAG(s) dict_keys(['example_branch_labels']) retrieved from /home/joha/anaconda3/lib/python3.10/site-packages/airflow/example_dags/example_branch_labels.py
[2023-07-31T16:50:28.026-0500] {logging_mixin.py:150} INFO - [2023-07-31T16:50:28.025-0500] {dag.py:2742} INFO - Sync 1 DAGs
[2023-07-31T16:50:28.049-0500] {logging_mixin.py:150} INFO - [2023-07-31T16:50:28.048-0500] {dag.py:3504} INFO - Setting next_dagrun for example_branch_labels to 2023-07-30T00:00:00+00:00, run_after=2023-07-31T00:00:00+00:00
[2023-07-31T16:50:28.081-0500] {processor.py:179} INFO - Processing /home/joha/anaconda3/lib/python3.10/site-packages/airflow/example_dags/example_branch_labels.py took 0.098 seconds
[2023-07-31T16:51:25.764-0500] {processor.py:157} INFO - Started process (PID=69316) to work on /home/joha/anaconda3/lib/python3.10/site-packages/airflow/example_dags/example_branch_labels.py
[2023-07-31T16:51:25.766-0500] {processor.py:826} INFO - Processing file /home/joha/anaconda3/lib/python3.10/site-packages/airflow/example_dags/example_branch_labels.py for tasks to queue
[2023-07-31T16:51:25.767-0500] {logging_mixin.py:150} INFO - [2023-07-31T16:51:25.767-0500] {dagbag.py:541} INFO - Filling up the DagBag from /home/joha/anaconda3/lib/python3.10/site-packages/airflow/example_dags/example_branch_labels.py
[2023-07-31T16:51:25.780-0500] {processor.py:836} INFO - DAG(s) dict_keys(['example_branch_labels']) retrieved from /home/joha/anaconda3/lib/python3.10/site-packages/airflow/example_dags/example_branch_labels.py
[2023-07-31T16:51:25.800-0500] {logging_mixin.py:150} INFO - [2023-07-31T16:51:25.800-0500] {dag.py:2742} INFO - Sync 1 DAGs
[2023-07-31T16:51:25.820-0500] {logging_mixin.py:150} INFO - [2023-07-31T16:51:25.820-0500] {dag.py:3504} INFO - Setting next_dagrun for example_branch_labels to 2023-07-30T00:00:00+00:00, run_after=2023-07-31T00:00:00+00:00
[2023-07-31T16:51:25.839-0500] {processor.py:179} INFO - Processing /home/joha/anaconda3/lib/python3.10/site-packages/airflow/example_dags/example_branch_labels.py took 0.079 seconds
[2023-07-31T16:52:20.663-0500] {processor.py:157} INFO - Started process (PID=69388) to work on /home/joha/anaconda3/lib/python3.10/site-packages/airflow/example_dags/example_branch_labels.py
[2023-07-31T16:52:20.664-0500] {processor.py:826} INFO - Processing file /home/joha/anaconda3/lib/python3.10/site-packages/airflow/example_dags/example_branch_labels.py for tasks to queue
[2023-07-31T16:52:20.665-0500] {logging_mixin.py:150} INFO - [2023-07-31T16:52:20.665-0500] {dagbag.py:541} INFO - Filling up the DagBag from /home/joha/anaconda3/lib/python3.10/site-packages/airflow/example_dags/example_branch_labels.py
[2023-07-31T16:52:20.679-0500] {processor.py:836} INFO - DAG(s) dict_keys(['example_branch_labels']) retrieved from /home/joha/anaconda3/lib/python3.10/site-packages/airflow/example_dags/example_branch_labels.py
[2023-07-31T16:52:20.710-0500] {logging_mixin.py:150} INFO - [2023-07-31T16:52:20.710-0500] {dag.py:2742} INFO - Sync 1 DAGs
[2023-07-31T16:52:20.741-0500] {logging_mixin.py:150} INFO - [2023-07-31T16:52:20.741-0500] {dag.py:3504} INFO - Setting next_dagrun for example_branch_labels to 2023-07-30T00:00:00+00:00, run_after=2023-07-31T00:00:00+00:00
[2023-07-31T16:52:20.770-0500] {processor.py:179} INFO - Processing /home/joha/anaconda3/lib/python3.10/site-packages/airflow/example_dags/example_branch_labels.py took 0.110 seconds
[2023-07-31T16:53:28.277-0500] {processor.py:157} INFO - Started process (PID=69470) to work on /home/joha/anaconda3/lib/python3.10/site-packages/airflow/example_dags/example_branch_labels.py
[2023-07-31T16:53:28.285-0500] {processor.py:826} INFO - Processing file /home/joha/anaconda3/lib/python3.10/site-packages/airflow/example_dags/example_branch_labels.py for tasks to queue
[2023-07-31T16:53:28.289-0500] {logging_mixin.py:150} INFO - [2023-07-31T16:53:28.287-0500] {dagbag.py:541} INFO - Filling up the DagBag from /home/joha/anaconda3/lib/python3.10/site-packages/airflow/example_dags/example_branch_labels.py
[2023-07-31T16:53:28.310-0500] {processor.py:836} INFO - DAG(s) dict_keys(['example_branch_labels']) retrieved from /home/joha/anaconda3/lib/python3.10/site-packages/airflow/example_dags/example_branch_labels.py
[2023-07-31T16:53:28.332-0500] {logging_mixin.py:150} INFO - [2023-07-31T16:53:28.332-0500] {dag.py:2742} INFO - Sync 1 DAGs
[2023-07-31T16:53:28.351-0500] {logging_mixin.py:150} INFO - [2023-07-31T16:53:28.351-0500] {dag.py:3504} INFO - Setting next_dagrun for example_branch_labels to 2023-07-30T00:00:00+00:00, run_after=2023-07-31T00:00:00+00:00
[2023-07-31T16:53:28.372-0500] {processor.py:179} INFO - Processing /home/joha/anaconda3/lib/python3.10/site-packages/airflow/example_dags/example_branch_labels.py took 0.100 seconds
[2023-07-31T16:54:24.462-0500] {processor.py:157} INFO - Started process (PID=69542) to work on /home/joha/anaconda3/lib/python3.10/site-packages/airflow/example_dags/example_branch_labels.py
[2023-07-31T16:54:24.470-0500] {processor.py:826} INFO - Processing file /home/joha/anaconda3/lib/python3.10/site-packages/airflow/example_dags/example_branch_labels.py for tasks to queue
[2023-07-31T16:54:24.471-0500] {logging_mixin.py:150} INFO - [2023-07-31T16:54:24.470-0500] {dagbag.py:541} INFO - Filling up the DagBag from /home/joha/anaconda3/lib/python3.10/site-packages/airflow/example_dags/example_branch_labels.py
[2023-07-31T16:54:24.479-0500] {processor.py:836} INFO - DAG(s) dict_keys(['example_branch_labels']) retrieved from /home/joha/anaconda3/lib/python3.10/site-packages/airflow/example_dags/example_branch_labels.py
[2023-07-31T16:54:24.499-0500] {logging_mixin.py:150} INFO - [2023-07-31T16:54:24.499-0500] {dag.py:2742} INFO - Sync 1 DAGs
[2023-07-31T16:54:24.519-0500] {logging_mixin.py:150} INFO - [2023-07-31T16:54:24.519-0500] {dag.py:3504} INFO - Setting next_dagrun for example_branch_labels to 2023-07-30T00:00:00+00:00, run_after=2023-07-31T00:00:00+00:00
[2023-07-31T16:54:24.539-0500] {processor.py:179} INFO - Processing /home/joha/anaconda3/lib/python3.10/site-packages/airflow/example_dags/example_branch_labels.py took 0.079 seconds
[2023-07-31T16:55:14.123-0500] {processor.py:157} INFO - Started process (PID=69614) to work on /home/joha/anaconda3/lib/python3.10/site-packages/airflow/example_dags/example_branch_labels.py
[2023-07-31T16:55:14.138-0500] {processor.py:826} INFO - Processing file /home/joha/anaconda3/lib/python3.10/site-packages/airflow/example_dags/example_branch_labels.py for tasks to queue
[2023-07-31T16:55:14.143-0500] {logging_mixin.py:150} INFO - [2023-07-31T16:55:14.141-0500] {dagbag.py:541} INFO - Filling up the DagBag from /home/joha/anaconda3/lib/python3.10/site-packages/airflow/example_dags/example_branch_labels.py
[2023-07-31T16:55:14.174-0500] {processor.py:836} INFO - DAG(s) dict_keys(['example_branch_labels']) retrieved from /home/joha/anaconda3/lib/python3.10/site-packages/airflow/example_dags/example_branch_labels.py
[2023-07-31T16:55:14.212-0500] {logging_mixin.py:150} INFO - [2023-07-31T16:55:14.212-0500] {dag.py:2742} INFO - Sync 1 DAGs
[2023-07-31T16:55:14.236-0500] {logging_mixin.py:150} INFO - [2023-07-31T16:55:14.235-0500] {dag.py:3504} INFO - Setting next_dagrun for example_branch_labels to 2023-07-30T00:00:00+00:00, run_after=2023-07-31T00:00:00+00:00
[2023-07-31T16:55:14.259-0500] {processor.py:179} INFO - Processing /home/joha/anaconda3/lib/python3.10/site-packages/airflow/example_dags/example_branch_labels.py took 0.140 seconds
[2023-07-31T16:56:12.661-0500] {processor.py:157} INFO - Started process (PID=69686) to work on /home/joha/anaconda3/lib/python3.10/site-packages/airflow/example_dags/example_branch_labels.py
[2023-07-31T16:56:12.669-0500] {processor.py:826} INFO - Processing file /home/joha/anaconda3/lib/python3.10/site-packages/airflow/example_dags/example_branch_labels.py for tasks to queue
[2023-07-31T16:56:12.670-0500] {logging_mixin.py:150} INFO - [2023-07-31T16:56:12.669-0500] {dagbag.py:541} INFO - Filling up the DagBag from /home/joha/anaconda3/lib/python3.10/site-packages/airflow/example_dags/example_branch_labels.py
[2023-07-31T16:56:12.678-0500] {processor.py:836} INFO - DAG(s) dict_keys(['example_branch_labels']) retrieved from /home/joha/anaconda3/lib/python3.10/site-packages/airflow/example_dags/example_branch_labels.py
[2023-07-31T16:56:12.696-0500] {logging_mixin.py:150} INFO - [2023-07-31T16:56:12.696-0500] {dag.py:2742} INFO - Sync 1 DAGs
[2023-07-31T16:56:12.721-0500] {logging_mixin.py:150} INFO - [2023-07-31T16:56:12.720-0500] {dag.py:3504} INFO - Setting next_dagrun for example_branch_labels to 2023-07-30T00:00:00+00:00, run_after=2023-07-31T00:00:00+00:00
[2023-07-31T16:56:12.740-0500] {processor.py:179} INFO - Processing /home/joha/anaconda3/lib/python3.10/site-packages/airflow/example_dags/example_branch_labels.py took 0.082 seconds
