[2023-07-31T16:44:53.744-0500] {processor.py:157} INFO - Started process (PID=68783) to work on /home/joha/anaconda3/lib/python3.10/site-packages/airflow/example_dags/example_datasets.py
[2023-07-31T16:44:53.745-0500] {processor.py:826} INFO - Processing file /home/joha/anaconda3/lib/python3.10/site-packages/airflow/example_dags/example_datasets.py for tasks to queue
[2023-07-31T16:44:53.746-0500] {logging_mixin.py:150} INFO - [2023-07-31T16:44:53.746-0500] {dagbag.py:541} INFO - Filling up the DagBag from /home/joha/anaconda3/lib/python3.10/site-packages/airflow/example_dags/example_datasets.py
[2023-07-31T16:44:53.756-0500] {processor.py:836} INFO - DAG(s) dict_keys(['dataset_consumes_unknown_never_scheduled', 'dataset_produces_1', 'dataset_produces_2', 'dataset_consumes_1_never_scheduled', 'dataset_consumes_1', 'dataset_consumes_1_and_2']) retrieved from /home/joha/anaconda3/lib/python3.10/site-packages/airflow/example_dags/example_datasets.py
[2023-07-31T16:44:53.788-0500] {logging_mixin.py:150} INFO - [2023-07-31T16:44:53.788-0500] {dag.py:2742} INFO - Sync 6 DAGs
[2023-07-31T16:44:53.811-0500] {logging_mixin.py:150} INFO - [2023-07-31T16:44:53.811-0500] {dag.py:3504} INFO - Setting next_dagrun for dataset_consumes_1 to None, run_after=None
[2023-07-31T16:44:53.814-0500] {logging_mixin.py:150} INFO - [2023-07-31T16:44:53.814-0500] {dag.py:3504} INFO - Setting next_dagrun for dataset_consumes_1_and_2 to None, run_after=None
[2023-07-31T16:44:53.815-0500] {logging_mixin.py:150} INFO - [2023-07-31T16:44:53.815-0500] {dag.py:3504} INFO - Setting next_dagrun for dataset_consumes_1_never_scheduled to None, run_after=None
[2023-07-31T16:44:53.816-0500] {logging_mixin.py:150} INFO - [2023-07-31T16:44:53.816-0500] {dag.py:3504} INFO - Setting next_dagrun for dataset_consumes_unknown_never_scheduled to None, run_after=None
[2023-07-31T16:44:53.819-0500] {logging_mixin.py:150} INFO - [2023-07-31T16:44:53.818-0500] {dag.py:3504} INFO - Setting next_dagrun for dataset_produces_1 to 2023-07-30T00:00:00+00:00, run_after=2023-07-31T00:00:00+00:00
[2023-07-31T16:44:53.820-0500] {logging_mixin.py:150} INFO - [2023-07-31T16:44:53.819-0500] {dag.py:3504} INFO - Setting next_dagrun for dataset_produces_2 to None, run_after=None
[2023-07-31T16:44:53.858-0500] {processor.py:179} INFO - Processing /home/joha/anaconda3/lib/python3.10/site-packages/airflow/example_dags/example_datasets.py took 0.117 seconds
[2023-07-31T16:45:50.554-0500] {processor.py:157} INFO - Started process (PID=68865) to work on /home/joha/anaconda3/lib/python3.10/site-packages/airflow/example_dags/example_datasets.py
[2023-07-31T16:45:50.561-0500] {processor.py:826} INFO - Processing file /home/joha/anaconda3/lib/python3.10/site-packages/airflow/example_dags/example_datasets.py for tasks to queue
[2023-07-31T16:45:50.563-0500] {logging_mixin.py:150} INFO - [2023-07-31T16:45:50.562-0500] {dagbag.py:541} INFO - Filling up the DagBag from /home/joha/anaconda3/lib/python3.10/site-packages/airflow/example_dags/example_datasets.py
[2023-07-31T16:45:50.579-0500] {processor.py:836} INFO - DAG(s) dict_keys(['dataset_produces_2', 'dataset_consumes_1_never_scheduled', 'dataset_consumes_unknown_never_scheduled', 'dataset_consumes_1_and_2', 'dataset_consumes_1', 'dataset_produces_1']) retrieved from /home/joha/anaconda3/lib/python3.10/site-packages/airflow/example_dags/example_datasets.py
[2023-07-31T16:45:50.608-0500] {logging_mixin.py:150} INFO - [2023-07-31T16:45:50.608-0500] {dag.py:2742} INFO - Sync 6 DAGs
[2023-07-31T16:45:50.630-0500] {logging_mixin.py:150} INFO - [2023-07-31T16:45:50.630-0500] {dag.py:3504} INFO - Setting next_dagrun for dataset_consumes_1 to None, run_after=None
[2023-07-31T16:45:50.632-0500] {logging_mixin.py:150} INFO - [2023-07-31T16:45:50.632-0500] {dag.py:3504} INFO - Setting next_dagrun for dataset_consumes_1_and_2 to None, run_after=None
[2023-07-31T16:45:50.633-0500] {logging_mixin.py:150} INFO - [2023-07-31T16:45:50.633-0500] {dag.py:3504} INFO - Setting next_dagrun for dataset_consumes_1_never_scheduled to None, run_after=None
[2023-07-31T16:45:50.634-0500] {logging_mixin.py:150} INFO - [2023-07-31T16:45:50.634-0500] {dag.py:3504} INFO - Setting next_dagrun for dataset_consumes_unknown_never_scheduled to None, run_after=None
[2023-07-31T16:45:50.636-0500] {logging_mixin.py:150} INFO - [2023-07-31T16:45:50.636-0500] {dag.py:3504} INFO - Setting next_dagrun for dataset_produces_1 to 2023-07-30T00:00:00+00:00, run_after=2023-07-31T00:00:00+00:00
[2023-07-31T16:45:50.637-0500] {logging_mixin.py:150} INFO - [2023-07-31T16:45:50.637-0500] {dag.py:3504} INFO - Setting next_dagrun for dataset_produces_2 to None, run_after=None
[2023-07-31T16:45:50.666-0500] {processor.py:179} INFO - Processing /home/joha/anaconda3/lib/python3.10/site-packages/airflow/example_dags/example_datasets.py took 0.117 seconds
[2023-07-31T16:46:43.896-0500] {processor.py:157} INFO - Started process (PID=68936) to work on /home/joha/anaconda3/lib/python3.10/site-packages/airflow/example_dags/example_datasets.py
[2023-07-31T16:46:43.903-0500] {processor.py:826} INFO - Processing file /home/joha/anaconda3/lib/python3.10/site-packages/airflow/example_dags/example_datasets.py for tasks to queue
[2023-07-31T16:46:43.904-0500] {logging_mixin.py:150} INFO - [2023-07-31T16:46:43.904-0500] {dagbag.py:541} INFO - Filling up the DagBag from /home/joha/anaconda3/lib/python3.10/site-packages/airflow/example_dags/example_datasets.py
[2023-07-31T16:46:43.917-0500] {processor.py:836} INFO - DAG(s) dict_keys(['dataset_consumes_1_and_2', 'dataset_produces_2', 'dataset_consumes_1_never_scheduled', 'dataset_consumes_1', 'dataset_consumes_unknown_never_scheduled', 'dataset_produces_1']) retrieved from /home/joha/anaconda3/lib/python3.10/site-packages/airflow/example_dags/example_datasets.py
[2023-07-31T16:46:43.954-0500] {logging_mixin.py:150} INFO - [2023-07-31T16:46:43.954-0500] {dag.py:2742} INFO - Sync 6 DAGs
[2023-07-31T16:46:43.975-0500] {logging_mixin.py:150} INFO - [2023-07-31T16:46:43.975-0500] {dag.py:3504} INFO - Setting next_dagrun for dataset_consumes_1 to None, run_after=None
[2023-07-31T16:46:43.979-0500] {logging_mixin.py:150} INFO - [2023-07-31T16:46:43.978-0500] {dag.py:3504} INFO - Setting next_dagrun for dataset_consumes_1_and_2 to None, run_after=None
[2023-07-31T16:46:43.980-0500] {logging_mixin.py:150} INFO - [2023-07-31T16:46:43.980-0500] {dag.py:3504} INFO - Setting next_dagrun for dataset_consumes_1_never_scheduled to None, run_after=None
[2023-07-31T16:46:43.981-0500] {logging_mixin.py:150} INFO - [2023-07-31T16:46:43.981-0500] {dag.py:3504} INFO - Setting next_dagrun for dataset_consumes_unknown_never_scheduled to None, run_after=None
[2023-07-31T16:46:43.983-0500] {logging_mixin.py:150} INFO - [2023-07-31T16:46:43.983-0500] {dag.py:3504} INFO - Setting next_dagrun for dataset_produces_1 to 2023-07-30T00:00:00+00:00, run_after=2023-07-31T00:00:00+00:00
[2023-07-31T16:46:43.984-0500] {logging_mixin.py:150} INFO - [2023-07-31T16:46:43.984-0500] {dag.py:3504} INFO - Setting next_dagrun for dataset_produces_2 to None, run_after=None
[2023-07-31T16:46:44.016-0500] {processor.py:179} INFO - Processing /home/joha/anaconda3/lib/python3.10/site-packages/airflow/example_dags/example_datasets.py took 0.124 seconds
[2023-07-31T16:47:39.220-0500] {processor.py:157} INFO - Started process (PID=69004) to work on /home/joha/anaconda3/lib/python3.10/site-packages/airflow/example_dags/example_datasets.py
[2023-07-31T16:47:39.229-0500] {processor.py:826} INFO - Processing file /home/joha/anaconda3/lib/python3.10/site-packages/airflow/example_dags/example_datasets.py for tasks to queue
[2023-07-31T16:47:39.232-0500] {logging_mixin.py:150} INFO - [2023-07-31T16:47:39.230-0500] {dagbag.py:541} INFO - Filling up the DagBag from /home/joha/anaconda3/lib/python3.10/site-packages/airflow/example_dags/example_datasets.py
[2023-07-31T16:47:39.257-0500] {processor.py:836} INFO - DAG(s) dict_keys(['dataset_consumes_1', 'dataset_produces_1', 'dataset_produces_2', 'dataset_consumes_1_never_scheduled', 'dataset_consumes_unknown_never_scheduled', 'dataset_consumes_1_and_2']) retrieved from /home/joha/anaconda3/lib/python3.10/site-packages/airflow/example_dags/example_datasets.py
[2023-07-31T16:47:39.285-0500] {logging_mixin.py:150} INFO - [2023-07-31T16:47:39.285-0500] {dag.py:2742} INFO - Sync 6 DAGs
[2023-07-31T16:47:39.305-0500] {logging_mixin.py:150} INFO - [2023-07-31T16:47:39.305-0500] {dag.py:3504} INFO - Setting next_dagrun for dataset_consumes_1 to None, run_after=None
[2023-07-31T16:47:39.308-0500] {logging_mixin.py:150} INFO - [2023-07-31T16:47:39.308-0500] {dag.py:3504} INFO - Setting next_dagrun for dataset_consumes_1_and_2 to None, run_after=None
[2023-07-31T16:47:39.309-0500] {logging_mixin.py:150} INFO - [2023-07-31T16:47:39.308-0500] {dag.py:3504} INFO - Setting next_dagrun for dataset_consumes_1_never_scheduled to None, run_after=None
[2023-07-31T16:47:39.309-0500] {logging_mixin.py:150} INFO - [2023-07-31T16:47:39.309-0500] {dag.py:3504} INFO - Setting next_dagrun for dataset_consumes_unknown_never_scheduled to None, run_after=None
[2023-07-31T16:47:39.312-0500] {logging_mixin.py:150} INFO - [2023-07-31T16:47:39.311-0500] {dag.py:3504} INFO - Setting next_dagrun for dataset_produces_1 to 2023-07-30T00:00:00+00:00, run_after=2023-07-31T00:00:00+00:00
[2023-07-31T16:47:39.312-0500] {logging_mixin.py:150} INFO - [2023-07-31T16:47:39.312-0500] {dag.py:3504} INFO - Setting next_dagrun for dataset_produces_2 to None, run_after=None
[2023-07-31T16:47:39.350-0500] {processor.py:179} INFO - Processing /home/joha/anaconda3/lib/python3.10/site-packages/airflow/example_dags/example_datasets.py took 0.136 seconds
[2023-07-31T16:48:29.200-0500] {processor.py:157} INFO - Started process (PID=69068) to work on /home/joha/anaconda3/lib/python3.10/site-packages/airflow/example_dags/example_datasets.py
[2023-07-31T16:48:29.207-0500] {processor.py:826} INFO - Processing file /home/joha/anaconda3/lib/python3.10/site-packages/airflow/example_dags/example_datasets.py for tasks to queue
[2023-07-31T16:48:29.209-0500] {logging_mixin.py:150} INFO - [2023-07-31T16:48:29.208-0500] {dagbag.py:541} INFO - Filling up the DagBag from /home/joha/anaconda3/lib/python3.10/site-packages/airflow/example_dags/example_datasets.py
[2023-07-31T16:48:29.226-0500] {processor.py:836} INFO - DAG(s) dict_keys(['dataset_produces_2', 'dataset_produces_1', 'dataset_consumes_1_and_2', 'dataset_consumes_unknown_never_scheduled', 'dataset_consumes_1_never_scheduled', 'dataset_consumes_1']) retrieved from /home/joha/anaconda3/lib/python3.10/site-packages/airflow/example_dags/example_datasets.py
[2023-07-31T16:48:29.258-0500] {logging_mixin.py:150} INFO - [2023-07-31T16:48:29.258-0500] {dag.py:2742} INFO - Sync 6 DAGs
[2023-07-31T16:48:29.277-0500] {logging_mixin.py:150} INFO - [2023-07-31T16:48:29.277-0500] {dag.py:3504} INFO - Setting next_dagrun for dataset_consumes_1 to None, run_after=None
[2023-07-31T16:48:29.280-0500] {logging_mixin.py:150} INFO - [2023-07-31T16:48:29.280-0500] {dag.py:3504} INFO - Setting next_dagrun for dataset_consumes_1_and_2 to None, run_after=None
[2023-07-31T16:48:29.281-0500] {logging_mixin.py:150} INFO - [2023-07-31T16:48:29.281-0500] {dag.py:3504} INFO - Setting next_dagrun for dataset_consumes_1_never_scheduled to None, run_after=None
[2023-07-31T16:48:29.282-0500] {logging_mixin.py:150} INFO - [2023-07-31T16:48:29.282-0500] {dag.py:3504} INFO - Setting next_dagrun for dataset_consumes_unknown_never_scheduled to None, run_after=None
[2023-07-31T16:48:29.284-0500] {logging_mixin.py:150} INFO - [2023-07-31T16:48:29.284-0500] {dag.py:3504} INFO - Setting next_dagrun for dataset_produces_1 to 2023-07-30T00:00:00+00:00, run_after=2023-07-31T00:00:00+00:00
[2023-07-31T16:48:29.285-0500] {logging_mixin.py:150} INFO - [2023-07-31T16:48:29.285-0500] {dag.py:3504} INFO - Setting next_dagrun for dataset_produces_2 to None, run_after=None
[2023-07-31T16:48:29.316-0500] {processor.py:179} INFO - Processing /home/joha/anaconda3/lib/python3.10/site-packages/airflow/example_dags/example_datasets.py took 0.120 seconds
[2023-07-31T16:49:25.705-0500] {processor.py:157} INFO - Started process (PID=69144) to work on /home/joha/anaconda3/lib/python3.10/site-packages/airflow/example_dags/example_datasets.py
[2023-07-31T16:49:25.712-0500] {processor.py:826} INFO - Processing file /home/joha/anaconda3/lib/python3.10/site-packages/airflow/example_dags/example_datasets.py for tasks to queue
[2023-07-31T16:49:25.715-0500] {logging_mixin.py:150} INFO - [2023-07-31T16:49:25.713-0500] {dagbag.py:541} INFO - Filling up the DagBag from /home/joha/anaconda3/lib/python3.10/site-packages/airflow/example_dags/example_datasets.py
[2023-07-31T16:49:25.737-0500] {processor.py:836} INFO - DAG(s) dict_keys(['dataset_consumes_unknown_never_scheduled', 'dataset_produces_1', 'dataset_consumes_1', 'dataset_produces_2', 'dataset_consumes_1_and_2', 'dataset_consumes_1_never_scheduled']) retrieved from /home/joha/anaconda3/lib/python3.10/site-packages/airflow/example_dags/example_datasets.py
[2023-07-31T16:49:25.767-0500] {logging_mixin.py:150} INFO - [2023-07-31T16:49:25.767-0500] {dag.py:2742} INFO - Sync 6 DAGs
[2023-07-31T16:49:25.789-0500] {logging_mixin.py:150} INFO - [2023-07-31T16:49:25.789-0500] {dag.py:3504} INFO - Setting next_dagrun for dataset_consumes_1 to None, run_after=None
[2023-07-31T16:49:25.793-0500] {logging_mixin.py:150} INFO - [2023-07-31T16:49:25.793-0500] {dag.py:3504} INFO - Setting next_dagrun for dataset_consumes_1_and_2 to None, run_after=None
[2023-07-31T16:49:25.794-0500] {logging_mixin.py:150} INFO - [2023-07-31T16:49:25.794-0500] {dag.py:3504} INFO - Setting next_dagrun for dataset_consumes_1_never_scheduled to None, run_after=None
[2023-07-31T16:49:25.794-0500] {logging_mixin.py:150} INFO - [2023-07-31T16:49:25.794-0500] {dag.py:3504} INFO - Setting next_dagrun for dataset_consumes_unknown_never_scheduled to None, run_after=None
[2023-07-31T16:49:25.797-0500] {logging_mixin.py:150} INFO - [2023-07-31T16:49:25.797-0500] {dag.py:3504} INFO - Setting next_dagrun for dataset_produces_1 to 2023-07-30T00:00:00+00:00, run_after=2023-07-31T00:00:00+00:00
[2023-07-31T16:49:25.798-0500] {logging_mixin.py:150} INFO - [2023-07-31T16:49:25.798-0500] {dag.py:3504} INFO - Setting next_dagrun for dataset_produces_2 to None, run_after=None
[2023-07-31T16:49:25.829-0500] {processor.py:179} INFO - Processing /home/joha/anaconda3/lib/python3.10/site-packages/airflow/example_dags/example_datasets.py took 0.130 seconds
[2023-07-31T16:50:25.472-0500] {processor.py:157} INFO - Started process (PID=69241) to work on /home/joha/anaconda3/lib/python3.10/site-packages/airflow/example_dags/example_datasets.py
[2023-07-31T16:50:25.480-0500] {processor.py:826} INFO - Processing file /home/joha/anaconda3/lib/python3.10/site-packages/airflow/example_dags/example_datasets.py for tasks to queue
[2023-07-31T16:50:25.481-0500] {logging_mixin.py:150} INFO - [2023-07-31T16:50:25.480-0500] {dagbag.py:541} INFO - Filling up the DagBag from /home/joha/anaconda3/lib/python3.10/site-packages/airflow/example_dags/example_datasets.py
[2023-07-31T16:50:25.492-0500] {processor.py:836} INFO - DAG(s) dict_keys(['dataset_consumes_1', 'dataset_consumes_1_never_scheduled', 'dataset_consumes_1_and_2', 'dataset_produces_1', 'dataset_produces_2', 'dataset_consumes_unknown_never_scheduled']) retrieved from /home/joha/anaconda3/lib/python3.10/site-packages/airflow/example_dags/example_datasets.py
[2023-07-31T16:50:25.524-0500] {logging_mixin.py:150} INFO - [2023-07-31T16:50:25.523-0500] {dag.py:2742} INFO - Sync 6 DAGs
[2023-07-31T16:50:25.547-0500] {logging_mixin.py:150} INFO - [2023-07-31T16:50:25.547-0500] {dag.py:3504} INFO - Setting next_dagrun for dataset_consumes_1 to None, run_after=None
[2023-07-31T16:50:25.553-0500] {logging_mixin.py:150} INFO - [2023-07-31T16:50:25.553-0500] {dag.py:3504} INFO - Setting next_dagrun for dataset_consumes_1_and_2 to None, run_after=None
[2023-07-31T16:50:25.554-0500] {logging_mixin.py:150} INFO - [2023-07-31T16:50:25.554-0500] {dag.py:3504} INFO - Setting next_dagrun for dataset_consumes_1_never_scheduled to None, run_after=None
[2023-07-31T16:50:25.555-0500] {logging_mixin.py:150} INFO - [2023-07-31T16:50:25.555-0500] {dag.py:3504} INFO - Setting next_dagrun for dataset_consumes_unknown_never_scheduled to None, run_after=None
[2023-07-31T16:50:25.559-0500] {logging_mixin.py:150} INFO - [2023-07-31T16:50:25.559-0500] {dag.py:3504} INFO - Setting next_dagrun for dataset_produces_1 to 2023-07-30T00:00:00+00:00, run_after=2023-07-31T00:00:00+00:00
[2023-07-31T16:50:25.561-0500] {logging_mixin.py:150} INFO - [2023-07-31T16:50:25.560-0500] {dag.py:3504} INFO - Setting next_dagrun for dataset_produces_2 to None, run_after=None
[2023-07-31T16:50:25.597-0500] {processor.py:179} INFO - Processing /home/joha/anaconda3/lib/python3.10/site-packages/airflow/example_dags/example_datasets.py took 0.128 seconds
[2023-07-31T16:51:23.220-0500] {processor.py:157} INFO - Started process (PID=69313) to work on /home/joha/anaconda3/lib/python3.10/site-packages/airflow/example_dags/example_datasets.py
[2023-07-31T16:51:23.231-0500] {processor.py:826} INFO - Processing file /home/joha/anaconda3/lib/python3.10/site-packages/airflow/example_dags/example_datasets.py for tasks to queue
[2023-07-31T16:51:23.234-0500] {logging_mixin.py:150} INFO - [2023-07-31T16:51:23.232-0500] {dagbag.py:541} INFO - Filling up the DagBag from /home/joha/anaconda3/lib/python3.10/site-packages/airflow/example_dags/example_datasets.py
[2023-07-31T16:51:23.260-0500] {processor.py:836} INFO - DAG(s) dict_keys(['dataset_consumes_1_never_scheduled', 'dataset_consumes_1', 'dataset_consumes_unknown_never_scheduled', 'dataset_produces_1', 'dataset_produces_2', 'dataset_consumes_1_and_2']) retrieved from /home/joha/anaconda3/lib/python3.10/site-packages/airflow/example_dags/example_datasets.py
[2023-07-31T16:51:23.294-0500] {logging_mixin.py:150} INFO - [2023-07-31T16:51:23.294-0500] {dag.py:2742} INFO - Sync 6 DAGs
[2023-07-31T16:51:23.318-0500] {logging_mixin.py:150} INFO - [2023-07-31T16:51:23.318-0500] {dag.py:3504} INFO - Setting next_dagrun for dataset_consumes_1 to None, run_after=None
[2023-07-31T16:51:23.321-0500] {logging_mixin.py:150} INFO - [2023-07-31T16:51:23.321-0500] {dag.py:3504} INFO - Setting next_dagrun for dataset_consumes_1_and_2 to None, run_after=None
[2023-07-31T16:51:23.322-0500] {logging_mixin.py:150} INFO - [2023-07-31T16:51:23.322-0500] {dag.py:3504} INFO - Setting next_dagrun for dataset_consumes_1_never_scheduled to None, run_after=None
[2023-07-31T16:51:23.323-0500] {logging_mixin.py:150} INFO - [2023-07-31T16:51:23.323-0500] {dag.py:3504} INFO - Setting next_dagrun for dataset_consumes_unknown_never_scheduled to None, run_after=None
[2023-07-31T16:51:23.326-0500] {logging_mixin.py:150} INFO - [2023-07-31T16:51:23.326-0500] {dag.py:3504} INFO - Setting next_dagrun for dataset_produces_1 to 2023-07-30T00:00:00+00:00, run_after=2023-07-31T00:00:00+00:00
[2023-07-31T16:51:23.327-0500] {logging_mixin.py:150} INFO - [2023-07-31T16:51:23.327-0500] {dag.py:3504} INFO - Setting next_dagrun for dataset_produces_2 to None, run_after=None
[2023-07-31T16:51:23.360-0500] {processor.py:179} INFO - Processing /home/joha/anaconda3/lib/python3.10/site-packages/airflow/example_dags/example_datasets.py took 0.147 seconds
[2023-07-31T16:52:18.097-0500] {processor.py:157} INFO - Started process (PID=69385) to work on /home/joha/anaconda3/lib/python3.10/site-packages/airflow/example_dags/example_datasets.py
[2023-07-31T16:52:18.104-0500] {processor.py:826} INFO - Processing file /home/joha/anaconda3/lib/python3.10/site-packages/airflow/example_dags/example_datasets.py for tasks to queue
[2023-07-31T16:52:18.105-0500] {logging_mixin.py:150} INFO - [2023-07-31T16:52:18.105-0500] {dagbag.py:541} INFO - Filling up the DagBag from /home/joha/anaconda3/lib/python3.10/site-packages/airflow/example_dags/example_datasets.py
[2023-07-31T16:52:18.119-0500] {processor.py:836} INFO - DAG(s) dict_keys(['dataset_consumes_1_never_scheduled', 'dataset_consumes_1_and_2', 'dataset_consumes_1', 'dataset_produces_1', 'dataset_consumes_unknown_never_scheduled', 'dataset_produces_2']) retrieved from /home/joha/anaconda3/lib/python3.10/site-packages/airflow/example_dags/example_datasets.py
[2023-07-31T16:52:18.146-0500] {logging_mixin.py:150} INFO - [2023-07-31T16:52:18.146-0500] {dag.py:2742} INFO - Sync 6 DAGs
[2023-07-31T16:52:18.169-0500] {logging_mixin.py:150} INFO - [2023-07-31T16:52:18.169-0500] {dag.py:3504} INFO - Setting next_dagrun for dataset_consumes_1 to None, run_after=None
[2023-07-31T16:52:18.174-0500] {logging_mixin.py:150} INFO - [2023-07-31T16:52:18.174-0500] {dag.py:3504} INFO - Setting next_dagrun for dataset_consumes_1_and_2 to None, run_after=None
[2023-07-31T16:52:18.175-0500] {logging_mixin.py:150} INFO - [2023-07-31T16:52:18.175-0500] {dag.py:3504} INFO - Setting next_dagrun for dataset_consumes_1_never_scheduled to None, run_after=None
[2023-07-31T16:52:18.176-0500] {logging_mixin.py:150} INFO - [2023-07-31T16:52:18.176-0500] {dag.py:3504} INFO - Setting next_dagrun for dataset_consumes_unknown_never_scheduled to None, run_after=None
[2023-07-31T16:52:18.178-0500] {logging_mixin.py:150} INFO - [2023-07-31T16:52:18.178-0500] {dag.py:3504} INFO - Setting next_dagrun for dataset_produces_1 to 2023-07-30T00:00:00+00:00, run_after=2023-07-31T00:00:00+00:00
[2023-07-31T16:52:18.179-0500] {logging_mixin.py:150} INFO - [2023-07-31T16:52:18.179-0500] {dag.py:3504} INFO - Setting next_dagrun for dataset_produces_2 to None, run_after=None
[2023-07-31T16:52:18.209-0500] {processor.py:179} INFO - Processing /home/joha/anaconda3/lib/python3.10/site-packages/airflow/example_dags/example_datasets.py took 0.116 seconds
[2023-07-31T16:53:26.609-0500] {processor.py:157} INFO - Started process (PID=69468) to work on /home/joha/anaconda3/lib/python3.10/site-packages/airflow/example_dags/example_datasets.py
[2023-07-31T16:53:26.617-0500] {processor.py:826} INFO - Processing file /home/joha/anaconda3/lib/python3.10/site-packages/airflow/example_dags/example_datasets.py for tasks to queue
[2023-07-31T16:53:26.620-0500] {logging_mixin.py:150} INFO - [2023-07-31T16:53:26.619-0500] {dagbag.py:541} INFO - Filling up the DagBag from /home/joha/anaconda3/lib/python3.10/site-packages/airflow/example_dags/example_datasets.py
[2023-07-31T16:53:26.643-0500] {processor.py:836} INFO - DAG(s) dict_keys(['dataset_produces_1', 'dataset_consumes_1_and_2', 'dataset_consumes_1_never_scheduled', 'dataset_produces_2', 'dataset_consumes_unknown_never_scheduled', 'dataset_consumes_1']) retrieved from /home/joha/anaconda3/lib/python3.10/site-packages/airflow/example_dags/example_datasets.py
[2023-07-31T16:53:26.672-0500] {logging_mixin.py:150} INFO - [2023-07-31T16:53:26.671-0500] {dag.py:2742} INFO - Sync 6 DAGs
[2023-07-31T16:53:26.691-0500] {logging_mixin.py:150} INFO - [2023-07-31T16:53:26.691-0500] {dag.py:3504} INFO - Setting next_dagrun for dataset_consumes_1 to None, run_after=None
[2023-07-31T16:53:26.693-0500] {logging_mixin.py:150} INFO - [2023-07-31T16:53:26.693-0500] {dag.py:3504} INFO - Setting next_dagrun for dataset_consumes_1_and_2 to None, run_after=None
[2023-07-31T16:53:26.694-0500] {logging_mixin.py:150} INFO - [2023-07-31T16:53:26.694-0500] {dag.py:3504} INFO - Setting next_dagrun for dataset_consumes_1_never_scheduled to None, run_after=None
[2023-07-31T16:53:26.695-0500] {logging_mixin.py:150} INFO - [2023-07-31T16:53:26.695-0500] {dag.py:3504} INFO - Setting next_dagrun for dataset_consumes_unknown_never_scheduled to None, run_after=None
[2023-07-31T16:53:26.697-0500] {logging_mixin.py:150} INFO - [2023-07-31T16:53:26.697-0500] {dag.py:3504} INFO - Setting next_dagrun for dataset_produces_1 to 2023-07-30T00:00:00+00:00, run_after=2023-07-31T00:00:00+00:00
[2023-07-31T16:53:26.698-0500] {logging_mixin.py:150} INFO - [2023-07-31T16:53:26.698-0500] {dag.py:3504} INFO - Setting next_dagrun for dataset_produces_2 to None, run_after=None
[2023-07-31T16:53:26.726-0500] {processor.py:179} INFO - Processing /home/joha/anaconda3/lib/python3.10/site-packages/airflow/example_dags/example_datasets.py took 0.121 seconds
[2023-07-31T16:54:21.912-0500] {processor.py:157} INFO - Started process (PID=69540) to work on /home/joha/anaconda3/lib/python3.10/site-packages/airflow/example_dags/example_datasets.py
[2023-07-31T16:54:21.921-0500] {processor.py:826} INFO - Processing file /home/joha/anaconda3/lib/python3.10/site-packages/airflow/example_dags/example_datasets.py for tasks to queue
[2023-07-31T16:54:21.923-0500] {logging_mixin.py:150} INFO - [2023-07-31T16:54:21.922-0500] {dagbag.py:541} INFO - Filling up the DagBag from /home/joha/anaconda3/lib/python3.10/site-packages/airflow/example_dags/example_datasets.py
[2023-07-31T16:54:21.949-0500] {processor.py:836} INFO - DAG(s) dict_keys(['dataset_consumes_1_and_2', 'dataset_produces_2', 'dataset_consumes_1', 'dataset_consumes_1_never_scheduled', 'dataset_produces_1', 'dataset_consumes_unknown_never_scheduled']) retrieved from /home/joha/anaconda3/lib/python3.10/site-packages/airflow/example_dags/example_datasets.py
[2023-07-31T16:54:21.978-0500] {logging_mixin.py:150} INFO - [2023-07-31T16:54:21.978-0500] {dag.py:2742} INFO - Sync 6 DAGs
[2023-07-31T16:54:21.998-0500] {logging_mixin.py:150} INFO - [2023-07-31T16:54:21.998-0500] {dag.py:3504} INFO - Setting next_dagrun for dataset_consumes_1 to None, run_after=None
[2023-07-31T16:54:22.001-0500] {logging_mixin.py:150} INFO - [2023-07-31T16:54:22.001-0500] {dag.py:3504} INFO - Setting next_dagrun for dataset_consumes_1_and_2 to None, run_after=None
[2023-07-31T16:54:22.002-0500] {logging_mixin.py:150} INFO - [2023-07-31T16:54:22.002-0500] {dag.py:3504} INFO - Setting next_dagrun for dataset_consumes_1_never_scheduled to None, run_after=None
[2023-07-31T16:54:22.002-0500] {logging_mixin.py:150} INFO - [2023-07-31T16:54:22.002-0500] {dag.py:3504} INFO - Setting next_dagrun for dataset_consumes_unknown_never_scheduled to None, run_after=None
[2023-07-31T16:54:22.005-0500] {logging_mixin.py:150} INFO - [2023-07-31T16:54:22.005-0500] {dag.py:3504} INFO - Setting next_dagrun for dataset_produces_1 to 2023-07-30T00:00:00+00:00, run_after=2023-07-31T00:00:00+00:00
[2023-07-31T16:54:22.006-0500] {logging_mixin.py:150} INFO - [2023-07-31T16:54:22.006-0500] {dag.py:3504} INFO - Setting next_dagrun for dataset_produces_2 to None, run_after=None
[2023-07-31T16:54:22.032-0500] {processor.py:179} INFO - Processing /home/joha/anaconda3/lib/python3.10/site-packages/airflow/example_dags/example_datasets.py took 0.125 seconds
[2023-07-31T16:55:11.514-0500] {processor.py:157} INFO - Started process (PID=69612) to work on /home/joha/anaconda3/lib/python3.10/site-packages/airflow/example_dags/example_datasets.py
[2023-07-31T16:55:11.521-0500] {processor.py:826} INFO - Processing file /home/joha/anaconda3/lib/python3.10/site-packages/airflow/example_dags/example_datasets.py for tasks to queue
[2023-07-31T16:55:11.523-0500] {logging_mixin.py:150} INFO - [2023-07-31T16:55:11.522-0500] {dagbag.py:541} INFO - Filling up the DagBag from /home/joha/anaconda3/lib/python3.10/site-packages/airflow/example_dags/example_datasets.py
[2023-07-31T16:55:11.536-0500] {processor.py:836} INFO - DAG(s) dict_keys(['dataset_consumes_1', 'dataset_produces_2', 'dataset_consumes_1_never_scheduled', 'dataset_consumes_1_and_2', 'dataset_consumes_unknown_never_scheduled', 'dataset_produces_1']) retrieved from /home/joha/anaconda3/lib/python3.10/site-packages/airflow/example_dags/example_datasets.py
[2023-07-31T16:55:11.570-0500] {logging_mixin.py:150} INFO - [2023-07-31T16:55:11.570-0500] {dag.py:2742} INFO - Sync 6 DAGs
[2023-07-31T16:55:11.596-0500] {logging_mixin.py:150} INFO - [2023-07-31T16:55:11.596-0500] {dag.py:3504} INFO - Setting next_dagrun for dataset_consumes_1 to None, run_after=None
[2023-07-31T16:55:11.599-0500] {logging_mixin.py:150} INFO - [2023-07-31T16:55:11.598-0500] {dag.py:3504} INFO - Setting next_dagrun for dataset_consumes_1_and_2 to None, run_after=None
[2023-07-31T16:55:11.599-0500] {logging_mixin.py:150} INFO - [2023-07-31T16:55:11.599-0500] {dag.py:3504} INFO - Setting next_dagrun for dataset_consumes_1_never_scheduled to None, run_after=None
[2023-07-31T16:55:11.600-0500] {logging_mixin.py:150} INFO - [2023-07-31T16:55:11.600-0500] {dag.py:3504} INFO - Setting next_dagrun for dataset_consumes_unknown_never_scheduled to None, run_after=None
[2023-07-31T16:55:11.603-0500] {logging_mixin.py:150} INFO - [2023-07-31T16:55:11.603-0500] {dag.py:3504} INFO - Setting next_dagrun for dataset_produces_1 to 2023-07-30T00:00:00+00:00, run_after=2023-07-31T00:00:00+00:00
[2023-07-31T16:55:11.604-0500] {logging_mixin.py:150} INFO - [2023-07-31T16:55:11.604-0500] {dag.py:3504} INFO - Setting next_dagrun for dataset_produces_2 to None, run_after=None
[2023-07-31T16:55:11.760-0500] {processor.py:179} INFO - Processing /home/joha/anaconda3/lib/python3.10/site-packages/airflow/example_dags/example_datasets.py took 0.250 seconds
[2023-07-31T16:56:10.120-0500] {processor.py:157} INFO - Started process (PID=69684) to work on /home/joha/anaconda3/lib/python3.10/site-packages/airflow/example_dags/example_datasets.py
[2023-07-31T16:56:10.128-0500] {processor.py:826} INFO - Processing file /home/joha/anaconda3/lib/python3.10/site-packages/airflow/example_dags/example_datasets.py for tasks to queue
[2023-07-31T16:56:10.129-0500] {logging_mixin.py:150} INFO - [2023-07-31T16:56:10.129-0500] {dagbag.py:541} INFO - Filling up the DagBag from /home/joha/anaconda3/lib/python3.10/site-packages/airflow/example_dags/example_datasets.py
[2023-07-31T16:56:10.146-0500] {processor.py:836} INFO - DAG(s) dict_keys(['dataset_consumes_1_and_2', 'dataset_produces_2', 'dataset_produces_1', 'dataset_consumes_1_never_scheduled', 'dataset_consumes_1', 'dataset_consumes_unknown_never_scheduled']) retrieved from /home/joha/anaconda3/lib/python3.10/site-packages/airflow/example_dags/example_datasets.py
[2023-07-31T16:56:10.176-0500] {logging_mixin.py:150} INFO - [2023-07-31T16:56:10.175-0500] {dag.py:2742} INFO - Sync 6 DAGs
[2023-07-31T16:56:10.195-0500] {logging_mixin.py:150} INFO - [2023-07-31T16:56:10.195-0500] {dag.py:3504} INFO - Setting next_dagrun for dataset_consumes_1 to None, run_after=None
[2023-07-31T16:56:10.198-0500] {logging_mixin.py:150} INFO - [2023-07-31T16:56:10.197-0500] {dag.py:3504} INFO - Setting next_dagrun for dataset_consumes_1_and_2 to None, run_after=None
[2023-07-31T16:56:10.198-0500] {logging_mixin.py:150} INFO - [2023-07-31T16:56:10.198-0500] {dag.py:3504} INFO - Setting next_dagrun for dataset_consumes_1_never_scheduled to None, run_after=None
[2023-07-31T16:56:10.199-0500] {logging_mixin.py:150} INFO - [2023-07-31T16:56:10.199-0500] {dag.py:3504} INFO - Setting next_dagrun for dataset_consumes_unknown_never_scheduled to None, run_after=None
[2023-07-31T16:56:10.201-0500] {logging_mixin.py:150} INFO - [2023-07-31T16:56:10.201-0500] {dag.py:3504} INFO - Setting next_dagrun for dataset_produces_1 to 2023-07-30T00:00:00+00:00, run_after=2023-07-31T00:00:00+00:00
[2023-07-31T16:56:10.202-0500] {logging_mixin.py:150} INFO - [2023-07-31T16:56:10.202-0500] {dag.py:3504} INFO - Setting next_dagrun for dataset_produces_2 to None, run_after=None
[2023-07-31T16:56:10.229-0500] {processor.py:179} INFO - Processing /home/joha/anaconda3/lib/python3.10/site-packages/airflow/example_dags/example_datasets.py took 0.114 seconds
