[2023-07-31T16:44:44.893-0500] {processor.py:157} INFO - Started process (PID=68774) to work on /home/joha/anaconda3/lib/python3.10/site-packages/airflow/example_dags/example_dynamic_task_mapping_with_no_taskflow_operators.py
[2023-07-31T16:44:44.894-0500] {processor.py:826} INFO - Processing file /home/joha/anaconda3/lib/python3.10/site-packages/airflow/example_dags/example_dynamic_task_mapping_with_no_taskflow_operators.py for tasks to queue
[2023-07-31T16:44:44.896-0500] {logging_mixin.py:150} INFO - [2023-07-31T16:44:44.895-0500] {dagbag.py:541} INFO - Filling up the DagBag from /home/joha/anaconda3/lib/python3.10/site-packages/airflow/example_dags/example_dynamic_task_mapping_with_no_taskflow_operators.py
[2023-07-31T16:44:44.906-0500] {processor.py:836} INFO - DAG(s) dict_keys(['example_dynamic_task_mapping_with_no_taskflow_operators']) retrieved from /home/joha/anaconda3/lib/python3.10/site-packages/airflow/example_dags/example_dynamic_task_mapping_with_no_taskflow_operators.py
[2023-07-31T16:44:44.930-0500] {logging_mixin.py:150} INFO - [2023-07-31T16:44:44.929-0500] {dag.py:2742} INFO - Sync 1 DAGs
[2023-07-31T16:44:44.951-0500] {logging_mixin.py:150} INFO - [2023-07-31T16:44:44.951-0500] {dag.py:3504} INFO - Setting next_dagrun for example_dynamic_task_mapping_with_no_taskflow_operators to 2023-07-30T21:44:44.951087+00:00, run_after=2023-07-31T21:44:44.951087+00:00
[2023-07-31T16:44:44.980-0500] {processor.py:179} INFO - Processing /home/joha/anaconda3/lib/python3.10/site-packages/airflow/example_dags/example_dynamic_task_mapping_with_no_taskflow_operators.py took 0.093 seconds
[2023-07-31T16:45:32.442-0500] {processor.py:157} INFO - Started process (PID=68841) to work on /home/joha/anaconda3/lib/python3.10/site-packages/airflow/example_dags/example_dynamic_task_mapping_with_no_taskflow_operators.py
[2023-07-31T16:45:32.449-0500] {processor.py:826} INFO - Processing file /home/joha/anaconda3/lib/python3.10/site-packages/airflow/example_dags/example_dynamic_task_mapping_with_no_taskflow_operators.py for tasks to queue
[2023-07-31T16:45:32.450-0500] {logging_mixin.py:150} INFO - [2023-07-31T16:45:32.450-0500] {dagbag.py:541} INFO - Filling up the DagBag from /home/joha/anaconda3/lib/python3.10/site-packages/airflow/example_dags/example_dynamic_task_mapping_with_no_taskflow_operators.py
[2023-07-31T16:45:32.458-0500] {processor.py:836} INFO - DAG(s) dict_keys(['example_dynamic_task_mapping_with_no_taskflow_operators']) retrieved from /home/joha/anaconda3/lib/python3.10/site-packages/airflow/example_dags/example_dynamic_task_mapping_with_no_taskflow_operators.py
[2023-07-31T16:45:32.481-0500] {logging_mixin.py:150} INFO - [2023-07-31T16:45:32.481-0500] {dag.py:2742} INFO - Sync 1 DAGs
[2023-07-31T16:45:32.503-0500] {logging_mixin.py:150} INFO - [2023-07-31T16:45:32.502-0500] {dag.py:3504} INFO - Setting next_dagrun for example_dynamic_task_mapping_with_no_taskflow_operators to 2023-07-30T21:45:32.502594+00:00, run_after=2023-07-31T21:45:32.502594+00:00
[2023-07-31T16:45:32.525-0500] {processor.py:179} INFO - Processing /home/joha/anaconda3/lib/python3.10/site-packages/airflow/example_dags/example_dynamic_task_mapping_with_no_taskflow_operators.py took 0.086 seconds
[2023-07-31T16:46:28.482-0500] {processor.py:157} INFO - Started process (PID=68917) to work on /home/joha/anaconda3/lib/python3.10/site-packages/airflow/example_dags/example_dynamic_task_mapping_with_no_taskflow_operators.py
[2023-07-31T16:46:28.490-0500] {processor.py:826} INFO - Processing file /home/joha/anaconda3/lib/python3.10/site-packages/airflow/example_dags/example_dynamic_task_mapping_with_no_taskflow_operators.py for tasks to queue
[2023-07-31T16:46:28.493-0500] {logging_mixin.py:150} INFO - [2023-07-31T16:46:28.492-0500] {dagbag.py:541} INFO - Filling up the DagBag from /home/joha/anaconda3/lib/python3.10/site-packages/airflow/example_dags/example_dynamic_task_mapping_with_no_taskflow_operators.py
[2023-07-31T16:46:28.511-0500] {processor.py:836} INFO - DAG(s) dict_keys(['example_dynamic_task_mapping_with_no_taskflow_operators']) retrieved from /home/joha/anaconda3/lib/python3.10/site-packages/airflow/example_dags/example_dynamic_task_mapping_with_no_taskflow_operators.py
[2023-07-31T16:46:28.534-0500] {logging_mixin.py:150} INFO - [2023-07-31T16:46:28.534-0500] {dag.py:2742} INFO - Sync 1 DAGs
[2023-07-31T16:46:28.556-0500] {logging_mixin.py:150} INFO - [2023-07-31T16:46:28.556-0500] {dag.py:3504} INFO - Setting next_dagrun for example_dynamic_task_mapping_with_no_taskflow_operators to 2023-07-30T21:46:28.555812+00:00, run_after=2023-07-31T21:46:28.555812+00:00
[2023-07-31T16:46:28.578-0500] {processor.py:179} INFO - Processing /home/joha/anaconda3/lib/python3.10/site-packages/airflow/example_dags/example_dynamic_task_mapping_with_no_taskflow_operators.py took 0.100 seconds
[2023-07-31T16:47:21.072-0500] {processor.py:157} INFO - Started process (PID=68983) to work on /home/joha/anaconda3/lib/python3.10/site-packages/airflow/example_dags/example_dynamic_task_mapping_with_no_taskflow_operators.py
[2023-07-31T16:47:21.080-0500] {processor.py:826} INFO - Processing file /home/joha/anaconda3/lib/python3.10/site-packages/airflow/example_dags/example_dynamic_task_mapping_with_no_taskflow_operators.py for tasks to queue
[2023-07-31T16:47:21.081-0500] {logging_mixin.py:150} INFO - [2023-07-31T16:47:21.080-0500] {dagbag.py:541} INFO - Filling up the DagBag from /home/joha/anaconda3/lib/python3.10/site-packages/airflow/example_dags/example_dynamic_task_mapping_with_no_taskflow_operators.py
[2023-07-31T16:47:21.090-0500] {processor.py:836} INFO - DAG(s) dict_keys(['example_dynamic_task_mapping_with_no_taskflow_operators']) retrieved from /home/joha/anaconda3/lib/python3.10/site-packages/airflow/example_dags/example_dynamic_task_mapping_with_no_taskflow_operators.py
[2023-07-31T16:47:21.112-0500] {logging_mixin.py:150} INFO - [2023-07-31T16:47:21.112-0500] {dag.py:2742} INFO - Sync 1 DAGs
[2023-07-31T16:47:21.134-0500] {logging_mixin.py:150} INFO - [2023-07-31T16:47:21.134-0500] {dag.py:3504} INFO - Setting next_dagrun for example_dynamic_task_mapping_with_no_taskflow_operators to 2023-07-30T21:47:21.134430+00:00, run_after=2023-07-31T21:47:21.134430+00:00
[2023-07-31T16:47:21.161-0500] {processor.py:179} INFO - Processing /home/joha/anaconda3/lib/python3.10/site-packages/airflow/example_dags/example_dynamic_task_mapping_with_no_taskflow_operators.py took 0.092 seconds
[2023-07-31T16:48:14.892-0500] {processor.py:157} INFO - Started process (PID=69049) to work on /home/joha/anaconda3/lib/python3.10/site-packages/airflow/example_dags/example_dynamic_task_mapping_with_no_taskflow_operators.py
[2023-07-31T16:48:14.900-0500] {processor.py:826} INFO - Processing file /home/joha/anaconda3/lib/python3.10/site-packages/airflow/example_dags/example_dynamic_task_mapping_with_no_taskflow_operators.py for tasks to queue
[2023-07-31T16:48:14.902-0500] {logging_mixin.py:150} INFO - [2023-07-31T16:48:14.901-0500] {dagbag.py:541} INFO - Filling up the DagBag from /home/joha/anaconda3/lib/python3.10/site-packages/airflow/example_dags/example_dynamic_task_mapping_with_no_taskflow_operators.py
[2023-07-31T16:48:14.916-0500] {processor.py:836} INFO - DAG(s) dict_keys(['example_dynamic_task_mapping_with_no_taskflow_operators']) retrieved from /home/joha/anaconda3/lib/python3.10/site-packages/airflow/example_dags/example_dynamic_task_mapping_with_no_taskflow_operators.py
[2023-07-31T16:48:14.939-0500] {logging_mixin.py:150} INFO - [2023-07-31T16:48:14.938-0500] {dag.py:2742} INFO - Sync 1 DAGs
[2023-07-31T16:48:14.957-0500] {logging_mixin.py:150} INFO - [2023-07-31T16:48:14.957-0500] {dag.py:3504} INFO - Setting next_dagrun for example_dynamic_task_mapping_with_no_taskflow_operators to 2023-07-30T21:48:14.956806+00:00, run_after=2023-07-31T21:48:14.956806+00:00
[2023-07-31T16:48:14.976-0500] {processor.py:179} INFO - Processing /home/joha/anaconda3/lib/python3.10/site-packages/airflow/example_dags/example_dynamic_task_mapping_with_no_taskflow_operators.py took 0.091 seconds
[2023-07-31T16:49:06.655-0500] {processor.py:157} INFO - Started process (PID=69119) to work on /home/joha/anaconda3/lib/python3.10/site-packages/airflow/example_dags/example_dynamic_task_mapping_with_no_taskflow_operators.py
[2023-07-31T16:49:06.663-0500] {processor.py:826} INFO - Processing file /home/joha/anaconda3/lib/python3.10/site-packages/airflow/example_dags/example_dynamic_task_mapping_with_no_taskflow_operators.py for tasks to queue
[2023-07-31T16:49:06.664-0500] {logging_mixin.py:150} INFO - [2023-07-31T16:49:06.663-0500] {dagbag.py:541} INFO - Filling up the DagBag from /home/joha/anaconda3/lib/python3.10/site-packages/airflow/example_dags/example_dynamic_task_mapping_with_no_taskflow_operators.py
[2023-07-31T16:49:06.671-0500] {processor.py:836} INFO - DAG(s) dict_keys(['example_dynamic_task_mapping_with_no_taskflow_operators']) retrieved from /home/joha/anaconda3/lib/python3.10/site-packages/airflow/example_dags/example_dynamic_task_mapping_with_no_taskflow_operators.py
[2023-07-31T16:49:06.690-0500] {logging_mixin.py:150} INFO - [2023-07-31T16:49:06.690-0500] {dag.py:2742} INFO - Sync 1 DAGs
[2023-07-31T16:49:06.716-0500] {logging_mixin.py:150} INFO - [2023-07-31T16:49:06.716-0500] {dag.py:3504} INFO - Setting next_dagrun for example_dynamic_task_mapping_with_no_taskflow_operators to 2023-07-30T21:49:06.716067+00:00, run_after=2023-07-31T21:49:06.716067+00:00
[2023-07-31T16:49:06.742-0500] {processor.py:179} INFO - Processing /home/joha/anaconda3/lib/python3.10/site-packages/airflow/example_dags/example_dynamic_task_mapping_with_no_taskflow_operators.py took 0.092 seconds
[2023-07-31T16:50:05.024-0500] {processor.py:157} INFO - Started process (PID=69203) to work on /home/joha/anaconda3/lib/python3.10/site-packages/airflow/example_dags/example_dynamic_task_mapping_with_no_taskflow_operators.py
[2023-07-31T16:50:05.032-0500] {processor.py:826} INFO - Processing file /home/joha/anaconda3/lib/python3.10/site-packages/airflow/example_dags/example_dynamic_task_mapping_with_no_taskflow_operators.py for tasks to queue
[2023-07-31T16:50:05.033-0500] {logging_mixin.py:150} INFO - [2023-07-31T16:50:05.033-0500] {dagbag.py:541} INFO - Filling up the DagBag from /home/joha/anaconda3/lib/python3.10/site-packages/airflow/example_dags/example_dynamic_task_mapping_with_no_taskflow_operators.py
[2023-07-31T16:50:05.042-0500] {processor.py:836} INFO - DAG(s) dict_keys(['example_dynamic_task_mapping_with_no_taskflow_operators']) retrieved from /home/joha/anaconda3/lib/python3.10/site-packages/airflow/example_dags/example_dynamic_task_mapping_with_no_taskflow_operators.py
[2023-07-31T16:50:05.062-0500] {logging_mixin.py:150} INFO - [2023-07-31T16:50:05.062-0500] {dag.py:2742} INFO - Sync 1 DAGs
[2023-07-31T16:50:05.080-0500] {logging_mixin.py:150} INFO - [2023-07-31T16:50:05.080-0500] {dag.py:3504} INFO - Setting next_dagrun for example_dynamic_task_mapping_with_no_taskflow_operators to 2023-07-30T21:50:05.080083+00:00, run_after=2023-07-31T21:50:05.080083+00:00
[2023-07-31T16:50:05.100-0500] {processor.py:179} INFO - Processing /home/joha/anaconda3/lib/python3.10/site-packages/airflow/example_dags/example_dynamic_task_mapping_with_no_taskflow_operators.py took 0.079 seconds
[2023-07-31T16:51:02.374-0500] {processor.py:157} INFO - Started process (PID=69284) to work on /home/joha/anaconda3/lib/python3.10/site-packages/airflow/example_dags/example_dynamic_task_mapping_with_no_taskflow_operators.py
[2023-07-31T16:51:02.381-0500] {processor.py:826} INFO - Processing file /home/joha/anaconda3/lib/python3.10/site-packages/airflow/example_dags/example_dynamic_task_mapping_with_no_taskflow_operators.py for tasks to queue
[2023-07-31T16:51:02.382-0500] {logging_mixin.py:150} INFO - [2023-07-31T16:51:02.382-0500] {dagbag.py:541} INFO - Filling up the DagBag from /home/joha/anaconda3/lib/python3.10/site-packages/airflow/example_dags/example_dynamic_task_mapping_with_no_taskflow_operators.py
[2023-07-31T16:51:02.390-0500] {processor.py:836} INFO - DAG(s) dict_keys(['example_dynamic_task_mapping_with_no_taskflow_operators']) retrieved from /home/joha/anaconda3/lib/python3.10/site-packages/airflow/example_dags/example_dynamic_task_mapping_with_no_taskflow_operators.py
[2023-07-31T16:51:02.409-0500] {logging_mixin.py:150} INFO - [2023-07-31T16:51:02.409-0500] {dag.py:2742} INFO - Sync 1 DAGs
[2023-07-31T16:51:02.431-0500] {logging_mixin.py:150} INFO - [2023-07-31T16:51:02.430-0500] {dag.py:3504} INFO - Setting next_dagrun for example_dynamic_task_mapping_with_no_taskflow_operators to 2023-07-30T21:51:02.430580+00:00, run_after=2023-07-31T21:51:02.430580+00:00
[2023-07-31T16:51:02.451-0500] {processor.py:179} INFO - Processing /home/joha/anaconda3/lib/python3.10/site-packages/airflow/example_dags/example_dynamic_task_mapping_with_no_taskflow_operators.py took 0.080 seconds
[2023-07-31T16:51:59.704-0500] {processor.py:157} INFO - Started process (PID=69356) to work on /home/joha/anaconda3/lib/python3.10/site-packages/airflow/example_dags/example_dynamic_task_mapping_with_no_taskflow_operators.py
[2023-07-31T16:51:59.711-0500] {processor.py:826} INFO - Processing file /home/joha/anaconda3/lib/python3.10/site-packages/airflow/example_dags/example_dynamic_task_mapping_with_no_taskflow_operators.py for tasks to queue
[2023-07-31T16:51:59.712-0500] {logging_mixin.py:150} INFO - [2023-07-31T16:51:59.712-0500] {dagbag.py:541} INFO - Filling up the DagBag from /home/joha/anaconda3/lib/python3.10/site-packages/airflow/example_dags/example_dynamic_task_mapping_with_no_taskflow_operators.py
[2023-07-31T16:51:59.721-0500] {processor.py:836} INFO - DAG(s) dict_keys(['example_dynamic_task_mapping_with_no_taskflow_operators']) retrieved from /home/joha/anaconda3/lib/python3.10/site-packages/airflow/example_dags/example_dynamic_task_mapping_with_no_taskflow_operators.py
[2023-07-31T16:51:59.741-0500] {logging_mixin.py:150} INFO - [2023-07-31T16:51:59.741-0500] {dag.py:2742} INFO - Sync 1 DAGs
[2023-07-31T16:51:59.762-0500] {logging_mixin.py:150} INFO - [2023-07-31T16:51:59.762-0500] {dag.py:3504} INFO - Setting next_dagrun for example_dynamic_task_mapping_with_no_taskflow_operators to 2023-07-30T21:51:59.762197+00:00, run_after=2023-07-31T21:51:59.762197+00:00
[2023-07-31T16:51:59.784-0500] {processor.py:179} INFO - Processing /home/joha/anaconda3/lib/python3.10/site-packages/airflow/example_dags/example_dynamic_task_mapping_with_no_taskflow_operators.py took 0.084 seconds
[2023-07-31T16:52:58.290-0500] {processor.py:157} INFO - Started process (PID=69445) to work on /home/joha/anaconda3/lib/python3.10/site-packages/airflow/example_dags/example_dynamic_task_mapping_with_no_taskflow_operators.py
[2023-07-31T16:52:58.300-0500] {processor.py:826} INFO - Processing file /home/joha/anaconda3/lib/python3.10/site-packages/airflow/example_dags/example_dynamic_task_mapping_with_no_taskflow_operators.py for tasks to queue
[2023-07-31T16:52:58.301-0500] {logging_mixin.py:150} INFO - [2023-07-31T16:52:58.300-0500] {dagbag.py:541} INFO - Filling up the DagBag from /home/joha/anaconda3/lib/python3.10/site-packages/airflow/example_dags/example_dynamic_task_mapping_with_no_taskflow_operators.py
[2023-07-31T16:52:58.308-0500] {processor.py:836} INFO - DAG(s) dict_keys(['example_dynamic_task_mapping_with_no_taskflow_operators']) retrieved from /home/joha/anaconda3/lib/python3.10/site-packages/airflow/example_dags/example_dynamic_task_mapping_with_no_taskflow_operators.py
[2023-07-31T16:52:58.324-0500] {logging_mixin.py:150} INFO - [2023-07-31T16:52:58.324-0500] {dag.py:2742} INFO - Sync 1 DAGs
[2023-07-31T16:52:58.342-0500] {logging_mixin.py:150} INFO - [2023-07-31T16:52:58.342-0500] {dag.py:3504} INFO - Setting next_dagrun for example_dynamic_task_mapping_with_no_taskflow_operators to 2023-07-30T21:52:58.342435+00:00, run_after=2023-07-31T21:52:58.342435+00:00
[2023-07-31T16:52:58.606-0500] {processor.py:179} INFO - Processing /home/joha/anaconda3/lib/python3.10/site-packages/airflow/example_dags/example_dynamic_task_mapping_with_no_taskflow_operators.py took 0.318 seconds
[2023-07-31T16:53:51.447-0500] {processor.py:157} INFO - Started process (PID=69501) to work on /home/joha/anaconda3/lib/python3.10/site-packages/airflow/example_dags/example_dynamic_task_mapping_with_no_taskflow_operators.py
[2023-07-31T16:53:51.456-0500] {processor.py:826} INFO - Processing file /home/joha/anaconda3/lib/python3.10/site-packages/airflow/example_dags/example_dynamic_task_mapping_with_no_taskflow_operators.py for tasks to queue
[2023-07-31T16:53:51.458-0500] {logging_mixin.py:150} INFO - [2023-07-31T16:53:51.457-0500] {dagbag.py:541} INFO - Filling up the DagBag from /home/joha/anaconda3/lib/python3.10/site-packages/airflow/example_dags/example_dynamic_task_mapping_with_no_taskflow_operators.py
[2023-07-31T16:53:51.472-0500] {processor.py:836} INFO - DAG(s) dict_keys(['example_dynamic_task_mapping_with_no_taskflow_operators']) retrieved from /home/joha/anaconda3/lib/python3.10/site-packages/airflow/example_dags/example_dynamic_task_mapping_with_no_taskflow_operators.py
[2023-07-31T16:53:51.493-0500] {logging_mixin.py:150} INFO - [2023-07-31T16:53:51.493-0500] {dag.py:2742} INFO - Sync 1 DAGs
[2023-07-31T16:53:51.511-0500] {logging_mixin.py:150} INFO - [2023-07-31T16:53:51.511-0500] {dag.py:3504} INFO - Setting next_dagrun for example_dynamic_task_mapping_with_no_taskflow_operators to 2023-07-30T21:53:51.510800+00:00, run_after=2023-07-31T21:53:51.510800+00:00
[2023-07-31T16:53:51.530-0500] {processor.py:179} INFO - Processing /home/joha/anaconda3/lib/python3.10/site-packages/airflow/example_dags/example_dynamic_task_mapping_with_no_taskflow_operators.py took 0.089 seconds
[2023-07-31T16:54:40.011-0500] {processor.py:157} INFO - Started process (PID=69563) to work on /home/joha/anaconda3/lib/python3.10/site-packages/airflow/example_dags/example_dynamic_task_mapping_with_no_taskflow_operators.py
[2023-07-31T16:54:40.027-0500] {processor.py:826} INFO - Processing file /home/joha/anaconda3/lib/python3.10/site-packages/airflow/example_dags/example_dynamic_task_mapping_with_no_taskflow_operators.py for tasks to queue
[2023-07-31T16:54:40.029-0500] {logging_mixin.py:150} INFO - [2023-07-31T16:54:40.028-0500] {dagbag.py:541} INFO - Filling up the DagBag from /home/joha/anaconda3/lib/python3.10/site-packages/airflow/example_dags/example_dynamic_task_mapping_with_no_taskflow_operators.py
[2023-07-31T16:54:40.050-0500] {processor.py:836} INFO - DAG(s) dict_keys(['example_dynamic_task_mapping_with_no_taskflow_operators']) retrieved from /home/joha/anaconda3/lib/python3.10/site-packages/airflow/example_dags/example_dynamic_task_mapping_with_no_taskflow_operators.py
[2023-07-31T16:54:40.072-0500] {logging_mixin.py:150} INFO - [2023-07-31T16:54:40.072-0500] {dag.py:2742} INFO - Sync 1 DAGs
[2023-07-31T16:54:40.090-0500] {logging_mixin.py:150} INFO - [2023-07-31T16:54:40.090-0500] {dag.py:3504} INFO - Setting next_dagrun for example_dynamic_task_mapping_with_no_taskflow_operators to 2023-07-30T21:54:40.090138+00:00, run_after=2023-07-31T21:54:40.090138+00:00
[2023-07-31T16:54:40.109-0500] {processor.py:179} INFO - Processing /home/joha/anaconda3/lib/python3.10/site-packages/airflow/example_dags/example_dynamic_task_mapping_with_no_taskflow_operators.py took 0.103 seconds
[2023-07-31T16:55:34.420-0500] {processor.py:157} INFO - Started process (PID=69640) to work on /home/joha/anaconda3/lib/python3.10/site-packages/airflow/example_dags/example_dynamic_task_mapping_with_no_taskflow_operators.py
[2023-07-31T16:55:34.429-0500] {processor.py:826} INFO - Processing file /home/joha/anaconda3/lib/python3.10/site-packages/airflow/example_dags/example_dynamic_task_mapping_with_no_taskflow_operators.py for tasks to queue
[2023-07-31T16:55:34.432-0500] {logging_mixin.py:150} INFO - [2023-07-31T16:55:34.430-0500] {dagbag.py:541} INFO - Filling up the DagBag from /home/joha/anaconda3/lib/python3.10/site-packages/airflow/example_dags/example_dynamic_task_mapping_with_no_taskflow_operators.py
[2023-07-31T16:55:34.451-0500] {processor.py:836} INFO - DAG(s) dict_keys(['example_dynamic_task_mapping_with_no_taskflow_operators']) retrieved from /home/joha/anaconda3/lib/python3.10/site-packages/airflow/example_dags/example_dynamic_task_mapping_with_no_taskflow_operators.py
[2023-07-31T16:55:34.472-0500] {logging_mixin.py:150} INFO - [2023-07-31T16:55:34.471-0500] {dag.py:2742} INFO - Sync 1 DAGs
[2023-07-31T16:55:34.490-0500] {logging_mixin.py:150} INFO - [2023-07-31T16:55:34.490-0500] {dag.py:3504} INFO - Setting next_dagrun for example_dynamic_task_mapping_with_no_taskflow_operators to 2023-07-30T21:55:34.490216+00:00, run_after=2023-07-31T21:55:34.490216+00:00
[2023-07-31T16:55:34.510-0500] {processor.py:179} INFO - Processing /home/joha/anaconda3/lib/python3.10/site-packages/airflow/example_dags/example_dynamic_task_mapping_with_no_taskflow_operators.py took 0.095 seconds
[2023-07-31T16:56:27.639-0500] {processor.py:157} INFO - Started process (PID=69794) to work on /home/joha/anaconda3/lib/python3.10/site-packages/airflow/example_dags/example_dynamic_task_mapping_with_no_taskflow_operators.py
[2023-07-31T16:56:27.647-0500] {processor.py:826} INFO - Processing file /home/joha/anaconda3/lib/python3.10/site-packages/airflow/example_dags/example_dynamic_task_mapping_with_no_taskflow_operators.py for tasks to queue
[2023-07-31T16:56:27.648-0500] {logging_mixin.py:150} INFO - [2023-07-31T16:56:27.648-0500] {dagbag.py:541} INFO - Filling up the DagBag from /home/joha/anaconda3/lib/python3.10/site-packages/airflow/example_dags/example_dynamic_task_mapping_with_no_taskflow_operators.py
[2023-07-31T16:56:27.660-0500] {processor.py:836} INFO - DAG(s) dict_keys(['example_dynamic_task_mapping_with_no_taskflow_operators']) retrieved from /home/joha/anaconda3/lib/python3.10/site-packages/airflow/example_dags/example_dynamic_task_mapping_with_no_taskflow_operators.py
[2023-07-31T16:56:27.681-0500] {logging_mixin.py:150} INFO - [2023-07-31T16:56:27.681-0500] {dag.py:2742} INFO - Sync 1 DAGs
[2023-07-31T16:56:27.722-0500] {logging_mixin.py:150} INFO - [2023-07-31T16:56:27.722-0500] {dag.py:3504} INFO - Setting next_dagrun for example_dynamic_task_mapping_with_no_taskflow_operators to 2023-07-30T21:56:27.721759+00:00, run_after=2023-07-31T21:56:27.721759+00:00
[2023-07-31T16:56:27.745-0500] {processor.py:179} INFO - Processing /home/joha/anaconda3/lib/python3.10/site-packages/airflow/example_dags/example_dynamic_task_mapping_with_no_taskflow_operators.py took 0.110 seconds
