[2023-07-31T16:44:15.264-0500] {processor.py:157} INFO - Started process (PID=68407) to work on /home/joha/anaconda3/lib/python3.10/site-packages/airflow/example_dags/example_xcom.py
[2023-07-31T16:44:15.265-0500] {processor.py:826} INFO - Processing file /home/joha/anaconda3/lib/python3.10/site-packages/airflow/example_dags/example_xcom.py for tasks to queue
[2023-07-31T16:44:15.266-0500] {logging_mixin.py:150} INFO - [2023-07-31T16:44:15.266-0500] {dagbag.py:541} INFO - Filling up the DagBag from /home/joha/anaconda3/lib/python3.10/site-packages/airflow/example_dags/example_xcom.py
[2023-07-31T16:44:15.275-0500] {processor.py:836} INFO - DAG(s) dict_keys(['example_xcom']) retrieved from /home/joha/anaconda3/lib/python3.10/site-packages/airflow/example_dags/example_xcom.py
[2023-07-31T16:44:15.294-0500] {logging_mixin.py:150} INFO - [2023-07-31T16:44:15.294-0500] {dag.py:2742} INFO - Sync 1 DAGs
[2023-07-31T16:44:15.312-0500] {logging_mixin.py:150} INFO - [2023-07-31T16:44:15.312-0500] {dag.py:3504} INFO - Setting next_dagrun for example_xcom to 2021-01-01T00:00:00+00:00, run_after=2021-01-01T00:00:00+00:00
[2023-07-31T16:44:15.340-0500] {processor.py:179} INFO - Processing /home/joha/anaconda3/lib/python3.10/site-packages/airflow/example_dags/example_xcom.py took 0.079 seconds
[2023-07-31T16:45:04.062-0500] {processor.py:157} INFO - Started process (PID=68801) to work on /home/joha/anaconda3/lib/python3.10/site-packages/airflow/example_dags/example_xcom.py
[2023-07-31T16:45:04.064-0500] {processor.py:826} INFO - Processing file /home/joha/anaconda3/lib/python3.10/site-packages/airflow/example_dags/example_xcom.py for tasks to queue
[2023-07-31T16:45:04.071-0500] {logging_mixin.py:150} INFO - [2023-07-31T16:45:04.071-0500] {dagbag.py:541} INFO - Filling up the DagBag from /home/joha/anaconda3/lib/python3.10/site-packages/airflow/example_dags/example_xcom.py
[2023-07-31T16:45:04.083-0500] {processor.py:836} INFO - DAG(s) dict_keys(['example_xcom']) retrieved from /home/joha/anaconda3/lib/python3.10/site-packages/airflow/example_dags/example_xcom.py
[2023-07-31T16:45:04.112-0500] {logging_mixin.py:150} INFO - [2023-07-31T16:45:04.112-0500] {dag.py:2742} INFO - Sync 1 DAGs
[2023-07-31T16:45:04.170-0500] {logging_mixin.py:150} INFO - [2023-07-31T16:45:04.170-0500] {dag.py:3504} INFO - Setting next_dagrun for example_xcom to 2021-01-01T00:00:00+00:00, run_after=2021-01-01T00:00:00+00:00
[2023-07-31T16:45:04.223-0500] {processor.py:179} INFO - Processing /home/joha/anaconda3/lib/python3.10/site-packages/airflow/example_dags/example_xcom.py took 0.168 seconds
[2023-07-31T16:45:41.787-0500] {processor.py:157} INFO - Started process (PID=68855) to work on /home/joha/anaconda3/lib/python3.10/site-packages/airflow/example_dags/example_xcom.py
[2023-07-31T16:45:41.798-0500] {processor.py:826} INFO - Processing file /home/joha/anaconda3/lib/python3.10/site-packages/airflow/example_dags/example_xcom.py for tasks to queue
[2023-07-31T16:45:41.801-0500] {logging_mixin.py:150} INFO - [2023-07-31T16:45:41.799-0500] {dagbag.py:541} INFO - Filling up the DagBag from /home/joha/anaconda3/lib/python3.10/site-packages/airflow/example_dags/example_xcom.py
[2023-07-31T16:45:41.827-0500] {processor.py:836} INFO - DAG(s) dict_keys(['example_xcom']) retrieved from /home/joha/anaconda3/lib/python3.10/site-packages/airflow/example_dags/example_xcom.py
[2023-07-31T16:45:41.891-0500] {logging_mixin.py:150} INFO - [2023-07-31T16:45:41.891-0500] {dag.py:2742} INFO - Sync 1 DAGs
[2023-07-31T16:45:41.919-0500] {logging_mixin.py:150} INFO - [2023-07-31T16:45:41.919-0500] {dag.py:3504} INFO - Setting next_dagrun for example_xcom to 2021-01-01T00:00:00+00:00, run_after=2021-01-01T00:00:00+00:00
[2023-07-31T16:45:41.939-0500] {processor.py:179} INFO - Processing /home/joha/anaconda3/lib/python3.10/site-packages/airflow/example_dags/example_xcom.py took 0.165 seconds
[2023-07-31T16:46:20.599-0500] {processor.py:157} INFO - Started process (PID=68908) to work on /home/joha/anaconda3/lib/python3.10/site-packages/airflow/example_dags/example_xcom.py
[2023-07-31T16:46:20.606-0500] {processor.py:826} INFO - Processing file /home/joha/anaconda3/lib/python3.10/site-packages/airflow/example_dags/example_xcom.py for tasks to queue
[2023-07-31T16:46:20.608-0500] {logging_mixin.py:150} INFO - [2023-07-31T16:46:20.608-0500] {dagbag.py:541} INFO - Filling up the DagBag from /home/joha/anaconda3/lib/python3.10/site-packages/airflow/example_dags/example_xcom.py
[2023-07-31T16:46:20.617-0500] {processor.py:836} INFO - DAG(s) dict_keys(['example_xcom']) retrieved from /home/joha/anaconda3/lib/python3.10/site-packages/airflow/example_dags/example_xcom.py
[2023-07-31T16:46:20.638-0500] {logging_mixin.py:150} INFO - [2023-07-31T16:46:20.638-0500] {dag.py:2742} INFO - Sync 1 DAGs
[2023-07-31T16:46:20.662-0500] {logging_mixin.py:150} INFO - [2023-07-31T16:46:20.662-0500] {dag.py:3504} INFO - Setting next_dagrun for example_xcom to 2021-01-01T00:00:00+00:00, run_after=2021-01-01T00:00:00+00:00
[2023-07-31T16:46:20.688-0500] {processor.py:179} INFO - Processing /home/joha/anaconda3/lib/python3.10/site-packages/airflow/example_dags/example_xcom.py took 0.092 seconds
[2023-07-31T16:47:08.040-0500] {processor.py:157} INFO - Started process (PID=68966) to work on /home/joha/anaconda3/lib/python3.10/site-packages/airflow/example_dags/example_xcom.py
[2023-07-31T16:47:08.048-0500] {processor.py:826} INFO - Processing file /home/joha/anaconda3/lib/python3.10/site-packages/airflow/example_dags/example_xcom.py for tasks to queue
[2023-07-31T16:47:08.052-0500] {logging_mixin.py:150} INFO - [2023-07-31T16:47:08.051-0500] {dagbag.py:541} INFO - Filling up the DagBag from /home/joha/anaconda3/lib/python3.10/site-packages/airflow/example_dags/example_xcom.py
[2023-07-31T16:47:08.071-0500] {processor.py:836} INFO - DAG(s) dict_keys(['example_xcom']) retrieved from /home/joha/anaconda3/lib/python3.10/site-packages/airflow/example_dags/example_xcom.py
[2023-07-31T16:47:08.097-0500] {logging_mixin.py:150} INFO - [2023-07-31T16:47:08.096-0500] {dag.py:2742} INFO - Sync 1 DAGs
[2023-07-31T16:47:08.120-0500] {logging_mixin.py:150} INFO - [2023-07-31T16:47:08.120-0500] {dag.py:3504} INFO - Setting next_dagrun for example_xcom to 2021-01-01T00:00:00+00:00, run_after=2021-01-01T00:00:00+00:00
[2023-07-31T16:47:08.143-0500] {processor.py:179} INFO - Processing /home/joha/anaconda3/lib/python3.10/site-packages/airflow/example_dags/example_xcom.py took 0.105 seconds
[2023-07-31T16:47:44.004-0500] {processor.py:157} INFO - Started process (PID=69009) to work on /home/joha/anaconda3/lib/python3.10/site-packages/airflow/example_dags/example_xcom.py
[2023-07-31T16:47:44.013-0500] {processor.py:826} INFO - Processing file /home/joha/anaconda3/lib/python3.10/site-packages/airflow/example_dags/example_xcom.py for tasks to queue
[2023-07-31T16:47:44.016-0500] {logging_mixin.py:150} INFO - [2023-07-31T16:47:44.015-0500] {dagbag.py:541} INFO - Filling up the DagBag from /home/joha/anaconda3/lib/python3.10/site-packages/airflow/example_dags/example_xcom.py
[2023-07-31T16:47:44.036-0500] {processor.py:836} INFO - DAG(s) dict_keys(['example_xcom']) retrieved from /home/joha/anaconda3/lib/python3.10/site-packages/airflow/example_dags/example_xcom.py
[2023-07-31T16:47:44.057-0500] {logging_mixin.py:150} INFO - [2023-07-31T16:47:44.057-0500] {dag.py:2742} INFO - Sync 1 DAGs
[2023-07-31T16:47:44.077-0500] {logging_mixin.py:150} INFO - [2023-07-31T16:47:44.077-0500] {dag.py:3504} INFO - Setting next_dagrun for example_xcom to 2021-01-01T00:00:00+00:00, run_after=2021-01-01T00:00:00+00:00
[2023-07-31T16:47:44.098-0500] {processor.py:179} INFO - Processing /home/joha/anaconda3/lib/python3.10/site-packages/airflow/example_dags/example_xcom.py took 0.101 seconds
[2023-07-31T16:48:18.889-0500] {processor.py:157} INFO - Started process (PID=69053) to work on /home/joha/anaconda3/lib/python3.10/site-packages/airflow/example_dags/example_xcom.py
[2023-07-31T16:48:18.890-0500] {processor.py:826} INFO - Processing file /home/joha/anaconda3/lib/python3.10/site-packages/airflow/example_dags/example_xcom.py for tasks to queue
[2023-07-31T16:48:18.892-0500] {logging_mixin.py:150} INFO - [2023-07-31T16:48:18.891-0500] {dagbag.py:541} INFO - Filling up the DagBag from /home/joha/anaconda3/lib/python3.10/site-packages/airflow/example_dags/example_xcom.py
[2023-07-31T16:48:18.903-0500] {processor.py:836} INFO - DAG(s) dict_keys(['example_xcom']) retrieved from /home/joha/anaconda3/lib/python3.10/site-packages/airflow/example_dags/example_xcom.py
[2023-07-31T16:48:18.926-0500] {logging_mixin.py:150} INFO - [2023-07-31T16:48:18.926-0500] {dag.py:2742} INFO - Sync 1 DAGs
[2023-07-31T16:48:18.944-0500] {logging_mixin.py:150} INFO - [2023-07-31T16:48:18.944-0500] {dag.py:3504} INFO - Setting next_dagrun for example_xcom to 2021-01-01T00:00:00+00:00, run_after=2021-01-01T00:00:00+00:00
[2023-07-31T16:48:18.964-0500] {processor.py:179} INFO - Processing /home/joha/anaconda3/lib/python3.10/site-packages/airflow/example_dags/example_xcom.py took 0.079 seconds
[2023-07-31T16:48:54.044-0500] {processor.py:157} INFO - Started process (PID=69103) to work on /home/joha/anaconda3/lib/python3.10/site-packages/airflow/example_dags/example_xcom.py
[2023-07-31T16:48:54.052-0500] {processor.py:826} INFO - Processing file /home/joha/anaconda3/lib/python3.10/site-packages/airflow/example_dags/example_xcom.py for tasks to queue
[2023-07-31T16:48:54.052-0500] {logging_mixin.py:150} INFO - [2023-07-31T16:48:54.052-0500] {dagbag.py:541} INFO - Filling up the DagBag from /home/joha/anaconda3/lib/python3.10/site-packages/airflow/example_dags/example_xcom.py
[2023-07-31T16:48:54.060-0500] {processor.py:836} INFO - DAG(s) dict_keys(['example_xcom']) retrieved from /home/joha/anaconda3/lib/python3.10/site-packages/airflow/example_dags/example_xcom.py
[2023-07-31T16:48:54.083-0500] {logging_mixin.py:150} INFO - [2023-07-31T16:48:54.083-0500] {dag.py:2742} INFO - Sync 1 DAGs
[2023-07-31T16:48:54.104-0500] {logging_mixin.py:150} INFO - [2023-07-31T16:48:54.104-0500] {dag.py:3504} INFO - Setting next_dagrun for example_xcom to 2021-01-01T00:00:00+00:00, run_after=2021-01-01T00:00:00+00:00
[2023-07-31T16:48:54.127-0500] {processor.py:179} INFO - Processing /home/joha/anaconda3/lib/python3.10/site-packages/airflow/example_dags/example_xcom.py took 0.087 seconds
[2023-07-31T16:49:32.806-0500] {processor.py:157} INFO - Started process (PID=69153) to work on /home/joha/anaconda3/lib/python3.10/site-packages/airflow/example_dags/example_xcom.py
[2023-07-31T16:49:32.813-0500] {processor.py:826} INFO - Processing file /home/joha/anaconda3/lib/python3.10/site-packages/airflow/example_dags/example_xcom.py for tasks to queue
[2023-07-31T16:49:32.815-0500] {logging_mixin.py:150} INFO - [2023-07-31T16:49:32.814-0500] {dagbag.py:541} INFO - Filling up the DagBag from /home/joha/anaconda3/lib/python3.10/site-packages/airflow/example_dags/example_xcom.py
[2023-07-31T16:49:32.826-0500] {processor.py:836} INFO - DAG(s) dict_keys(['example_xcom']) retrieved from /home/joha/anaconda3/lib/python3.10/site-packages/airflow/example_dags/example_xcom.py
[2023-07-31T16:49:32.845-0500] {logging_mixin.py:150} INFO - [2023-07-31T16:49:32.845-0500] {dag.py:2742} INFO - Sync 1 DAGs
[2023-07-31T16:49:32.865-0500] {logging_mixin.py:150} INFO - [2023-07-31T16:49:32.865-0500] {dag.py:3504} INFO - Setting next_dagrun for example_xcom to 2021-01-01T00:00:00+00:00, run_after=2021-01-01T00:00:00+00:00
[2023-07-31T16:49:32.884-0500] {processor.py:179} INFO - Processing /home/joha/anaconda3/lib/python3.10/site-packages/airflow/example_dags/example_xcom.py took 0.083 seconds
[2023-07-31T16:50:13.263-0500] {processor.py:157} INFO - Started process (PID=69218) to work on /home/joha/anaconda3/lib/python3.10/site-packages/airflow/example_dags/example_xcom.py
[2023-07-31T16:50:13.265-0500] {processor.py:826} INFO - Processing file /home/joha/anaconda3/lib/python3.10/site-packages/airflow/example_dags/example_xcom.py for tasks to queue
[2023-07-31T16:50:13.266-0500] {logging_mixin.py:150} INFO - [2023-07-31T16:50:13.266-0500] {dagbag.py:541} INFO - Filling up the DagBag from /home/joha/anaconda3/lib/python3.10/site-packages/airflow/example_dags/example_xcom.py
[2023-07-31T16:50:13.277-0500] {processor.py:836} INFO - DAG(s) dict_keys(['example_xcom']) retrieved from /home/joha/anaconda3/lib/python3.10/site-packages/airflow/example_dags/example_xcom.py
[2023-07-31T16:50:13.297-0500] {logging_mixin.py:150} INFO - [2023-07-31T16:50:13.296-0500] {dag.py:2742} INFO - Sync 1 DAGs
[2023-07-31T16:50:13.315-0500] {logging_mixin.py:150} INFO - [2023-07-31T16:50:13.314-0500] {dag.py:3504} INFO - Setting next_dagrun for example_xcom to 2021-01-01T00:00:00+00:00, run_after=2021-01-01T00:00:00+00:00
[2023-07-31T16:50:13.334-0500] {processor.py:179} INFO - Processing /home/joha/anaconda3/lib/python3.10/site-packages/airflow/example_dags/example_xcom.py took 0.078 seconds
[2023-07-31T16:50:51.810-0500] {processor.py:157} INFO - Started process (PID=69274) to work on /home/joha/anaconda3/lib/python3.10/site-packages/airflow/example_dags/example_xcom.py
[2023-07-31T16:50:51.818-0500] {processor.py:826} INFO - Processing file /home/joha/anaconda3/lib/python3.10/site-packages/airflow/example_dags/example_xcom.py for tasks to queue
[2023-07-31T16:50:51.819-0500] {logging_mixin.py:150} INFO - [2023-07-31T16:50:51.818-0500] {dagbag.py:541} INFO - Filling up the DagBag from /home/joha/anaconda3/lib/python3.10/site-packages/airflow/example_dags/example_xcom.py
[2023-07-31T16:50:51.827-0500] {processor.py:836} INFO - DAG(s) dict_keys(['example_xcom']) retrieved from /home/joha/anaconda3/lib/python3.10/site-packages/airflow/example_dags/example_xcom.py
[2023-07-31T16:50:51.846-0500] {logging_mixin.py:150} INFO - [2023-07-31T16:50:51.846-0500] {dag.py:2742} INFO - Sync 1 DAGs
[2023-07-31T16:50:51.864-0500] {logging_mixin.py:150} INFO - [2023-07-31T16:50:51.864-0500] {dag.py:3504} INFO - Setting next_dagrun for example_xcom to 2021-01-01T00:00:00+00:00, run_after=2021-01-01T00:00:00+00:00
[2023-07-31T16:50:51.883-0500] {processor.py:179} INFO - Processing /home/joha/anaconda3/lib/python3.10/site-packages/airflow/example_dags/example_xcom.py took 0.078 seconds
[2023-07-31T16:51:29.843-0500] {processor.py:157} INFO - Started process (PID=69322) to work on /home/joha/anaconda3/lib/python3.10/site-packages/airflow/example_dags/example_xcom.py
[2023-07-31T16:51:29.851-0500] {processor.py:826} INFO - Processing file /home/joha/anaconda3/lib/python3.10/site-packages/airflow/example_dags/example_xcom.py for tasks to queue
[2023-07-31T16:51:29.852-0500] {logging_mixin.py:150} INFO - [2023-07-31T16:51:29.852-0500] {dagbag.py:541} INFO - Filling up the DagBag from /home/joha/anaconda3/lib/python3.10/site-packages/airflow/example_dags/example_xcom.py
[2023-07-31T16:51:29.864-0500] {processor.py:836} INFO - DAG(s) dict_keys(['example_xcom']) retrieved from /home/joha/anaconda3/lib/python3.10/site-packages/airflow/example_dags/example_xcom.py
[2023-07-31T16:51:29.885-0500] {logging_mixin.py:150} INFO - [2023-07-31T16:51:29.885-0500] {dag.py:2742} INFO - Sync 1 DAGs
[2023-07-31T16:51:29.903-0500] {logging_mixin.py:150} INFO - [2023-07-31T16:51:29.903-0500] {dag.py:3504} INFO - Setting next_dagrun for example_xcom to 2021-01-01T00:00:00+00:00, run_after=2021-01-01T00:00:00+00:00
[2023-07-31T16:51:29.923-0500] {processor.py:179} INFO - Processing /home/joha/anaconda3/lib/python3.10/site-packages/airflow/example_dags/example_xcom.py took 0.085 seconds
[2023-07-31T16:52:07.356-0500] {processor.py:157} INFO - Started process (PID=69368) to work on /home/joha/anaconda3/lib/python3.10/site-packages/airflow/example_dags/example_xcom.py
[2023-07-31T16:52:07.373-0500] {processor.py:826} INFO - Processing file /home/joha/anaconda3/lib/python3.10/site-packages/airflow/example_dags/example_xcom.py for tasks to queue
[2023-07-31T16:52:07.374-0500] {logging_mixin.py:150} INFO - [2023-07-31T16:52:07.373-0500] {dagbag.py:541} INFO - Filling up the DagBag from /home/joha/anaconda3/lib/python3.10/site-packages/airflow/example_dags/example_xcom.py
[2023-07-31T16:52:07.381-0500] {processor.py:836} INFO - DAG(s) dict_keys(['example_xcom']) retrieved from /home/joha/anaconda3/lib/python3.10/site-packages/airflow/example_dags/example_xcom.py
[2023-07-31T16:52:07.399-0500] {logging_mixin.py:150} INFO - [2023-07-31T16:52:07.399-0500] {dag.py:2742} INFO - Sync 1 DAGs
[2023-07-31T16:52:07.419-0500] {logging_mixin.py:150} INFO - [2023-07-31T16:52:07.419-0500] {dag.py:3504} INFO - Setting next_dagrun for example_xcom to 2021-01-01T00:00:00+00:00, run_after=2021-01-01T00:00:00+00:00
[2023-07-31T16:52:07.439-0500] {processor.py:179} INFO - Processing /home/joha/anaconda3/lib/python3.10/site-packages/airflow/example_dags/example_xcom.py took 0.087 seconds
[2023-07-31T16:52:45.406-0500] {processor.py:157} INFO - Started process (PID=69426) to work on /home/joha/anaconda3/lib/python3.10/site-packages/airflow/example_dags/example_xcom.py
[2023-07-31T16:52:45.415-0500] {processor.py:826} INFO - Processing file /home/joha/anaconda3/lib/python3.10/site-packages/airflow/example_dags/example_xcom.py for tasks to queue
[2023-07-31T16:52:45.417-0500] {logging_mixin.py:150} INFO - [2023-07-31T16:52:45.416-0500] {dagbag.py:541} INFO - Filling up the DagBag from /home/joha/anaconda3/lib/python3.10/site-packages/airflow/example_dags/example_xcom.py
[2023-07-31T16:52:45.432-0500] {processor.py:836} INFO - DAG(s) dict_keys(['example_xcom']) retrieved from /home/joha/anaconda3/lib/python3.10/site-packages/airflow/example_dags/example_xcom.py
[2023-07-31T16:52:45.453-0500] {logging_mixin.py:150} INFO - [2023-07-31T16:52:45.453-0500] {dag.py:2742} INFO - Sync 1 DAGs
[2023-07-31T16:52:45.472-0500] {logging_mixin.py:150} INFO - [2023-07-31T16:52:45.471-0500] {dag.py:3504} INFO - Setting next_dagrun for example_xcom to 2021-01-01T00:00:00+00:00, run_after=2021-01-01T00:00:00+00:00
[2023-07-31T16:52:45.493-0500] {processor.py:179} INFO - Processing /home/joha/anaconda3/lib/python3.10/site-packages/airflow/example_dags/example_xcom.py took 0.093 seconds
[2023-07-31T16:53:33.576-0500] {processor.py:157} INFO - Started process (PID=69476) to work on /home/joha/anaconda3/lib/python3.10/site-packages/airflow/example_dags/example_xcom.py
[2023-07-31T16:53:33.584-0500] {processor.py:826} INFO - Processing file /home/joha/anaconda3/lib/python3.10/site-packages/airflow/example_dags/example_xcom.py for tasks to queue
[2023-07-31T16:53:33.586-0500] {logging_mixin.py:150} INFO - [2023-07-31T16:53:33.585-0500] {dagbag.py:541} INFO - Filling up the DagBag from /home/joha/anaconda3/lib/python3.10/site-packages/airflow/example_dags/example_xcom.py
[2023-07-31T16:53:33.598-0500] {processor.py:836} INFO - DAG(s) dict_keys(['example_xcom']) retrieved from /home/joha/anaconda3/lib/python3.10/site-packages/airflow/example_dags/example_xcom.py
[2023-07-31T16:53:33.625-0500] {logging_mixin.py:150} INFO - [2023-07-31T16:53:33.624-0500] {dag.py:2742} INFO - Sync 1 DAGs
[2023-07-31T16:53:33.642-0500] {logging_mixin.py:150} INFO - [2023-07-31T16:53:33.642-0500] {dag.py:3504} INFO - Setting next_dagrun for example_xcom to 2021-01-01T00:00:00+00:00, run_after=2021-01-01T00:00:00+00:00
[2023-07-31T16:53:33.662-0500] {processor.py:179} INFO - Processing /home/joha/anaconda3/lib/python3.10/site-packages/airflow/example_dags/example_xcom.py took 0.090 seconds
[2023-07-31T16:54:13.407-0500] {processor.py:157} INFO - Started process (PID=69525) to work on /home/joha/anaconda3/lib/python3.10/site-packages/airflow/example_dags/example_xcom.py
[2023-07-31T16:54:13.415-0500] {processor.py:826} INFO - Processing file /home/joha/anaconda3/lib/python3.10/site-packages/airflow/example_dags/example_xcom.py for tasks to queue
[2023-07-31T16:54:13.418-0500] {logging_mixin.py:150} INFO - [2023-07-31T16:54:13.417-0500] {dagbag.py:541} INFO - Filling up the DagBag from /home/joha/anaconda3/lib/python3.10/site-packages/airflow/example_dags/example_xcom.py
[2023-07-31T16:54:13.438-0500] {processor.py:836} INFO - DAG(s) dict_keys(['example_xcom']) retrieved from /home/joha/anaconda3/lib/python3.10/site-packages/airflow/example_dags/example_xcom.py
[2023-07-31T16:54:13.460-0500] {logging_mixin.py:150} INFO - [2023-07-31T16:54:13.459-0500] {dag.py:2742} INFO - Sync 1 DAGs
[2023-07-31T16:54:13.478-0500] {logging_mixin.py:150} INFO - [2023-07-31T16:54:13.478-0500] {dag.py:3504} INFO - Setting next_dagrun for example_xcom to 2021-01-01T00:00:00+00:00, run_after=2021-01-01T00:00:00+00:00
[2023-07-31T16:54:13.496-0500] {processor.py:179} INFO - Processing /home/joha/anaconda3/lib/python3.10/site-packages/airflow/example_dags/example_xcom.py took 0.096 seconds
[2023-07-31T16:55:02.768-0500] {processor.py:157} INFO - Started process (PID=69589) to work on /home/joha/anaconda3/lib/python3.10/site-packages/airflow/example_dags/example_xcom.py
[2023-07-31T16:55:02.777-0500] {processor.py:826} INFO - Processing file /home/joha/anaconda3/lib/python3.10/site-packages/airflow/example_dags/example_xcom.py for tasks to queue
[2023-07-31T16:55:02.779-0500] {logging_mixin.py:150} INFO - [2023-07-31T16:55:02.778-0500] {dagbag.py:541} INFO - Filling up the DagBag from /home/joha/anaconda3/lib/python3.10/site-packages/airflow/example_dags/example_xcom.py
[2023-07-31T16:55:02.791-0500] {processor.py:836} INFO - DAG(s) dict_keys(['example_xcom']) retrieved from /home/joha/anaconda3/lib/python3.10/site-packages/airflow/example_dags/example_xcom.py
[2023-07-31T16:55:02.810-0500] {logging_mixin.py:150} INFO - [2023-07-31T16:55:02.810-0500] {dag.py:2742} INFO - Sync 1 DAGs
[2023-07-31T16:55:02.828-0500] {logging_mixin.py:150} INFO - [2023-07-31T16:55:02.828-0500] {dag.py:3504} INFO - Setting next_dagrun for example_xcom to 2021-01-01T00:00:00+00:00, run_after=2021-01-01T00:00:00+00:00
[2023-07-31T16:55:02.846-0500] {processor.py:179} INFO - Processing /home/joha/anaconda3/lib/python3.10/site-packages/airflow/example_dags/example_xcom.py took 0.082 seconds
[2023-07-31T16:55:40.803-0500] {processor.py:157} INFO - Started process (PID=69647) to work on /home/joha/anaconda3/lib/python3.10/site-packages/airflow/example_dags/example_xcom.py
[2023-07-31T16:55:40.811-0500] {processor.py:826} INFO - Processing file /home/joha/anaconda3/lib/python3.10/site-packages/airflow/example_dags/example_xcom.py for tasks to queue
[2023-07-31T16:55:40.812-0500] {logging_mixin.py:150} INFO - [2023-07-31T16:55:40.811-0500] {dagbag.py:541} INFO - Filling up the DagBag from /home/joha/anaconda3/lib/python3.10/site-packages/airflow/example_dags/example_xcom.py
[2023-07-31T16:55:40.820-0500] {processor.py:836} INFO - DAG(s) dict_keys(['example_xcom']) retrieved from /home/joha/anaconda3/lib/python3.10/site-packages/airflow/example_dags/example_xcom.py
[2023-07-31T16:55:40.838-0500] {logging_mixin.py:150} INFO - [2023-07-31T16:55:40.838-0500] {dag.py:2742} INFO - Sync 1 DAGs
[2023-07-31T16:55:40.856-0500] {logging_mixin.py:150} INFO - [2023-07-31T16:55:40.856-0500] {dag.py:3504} INFO - Setting next_dagrun for example_xcom to 2021-01-01T00:00:00+00:00, run_after=2021-01-01T00:00:00+00:00
[2023-07-31T16:55:40.876-0500] {processor.py:179} INFO - Processing /home/joha/anaconda3/lib/python3.10/site-packages/airflow/example_dags/example_xcom.py took 0.077 seconds
[2023-07-31T16:56:18.426-0500] {processor.py:157} INFO - Started process (PID=69692) to work on /home/joha/anaconda3/lib/python3.10/site-packages/airflow/example_dags/example_xcom.py
[2023-07-31T16:56:18.433-0500] {processor.py:826} INFO - Processing file /home/joha/anaconda3/lib/python3.10/site-packages/airflow/example_dags/example_xcom.py for tasks to queue
[2023-07-31T16:56:18.434-0500] {logging_mixin.py:150} INFO - [2023-07-31T16:56:18.434-0500] {dagbag.py:541} INFO - Filling up the DagBag from /home/joha/anaconda3/lib/python3.10/site-packages/airflow/example_dags/example_xcom.py
[2023-07-31T16:56:18.442-0500] {processor.py:836} INFO - DAG(s) dict_keys(['example_xcom']) retrieved from /home/joha/anaconda3/lib/python3.10/site-packages/airflow/example_dags/example_xcom.py
[2023-07-31T16:56:18.462-0500] {logging_mixin.py:150} INFO - [2023-07-31T16:56:18.462-0500] {dag.py:2742} INFO - Sync 1 DAGs
[2023-07-31T16:56:18.480-0500] {logging_mixin.py:150} INFO - [2023-07-31T16:56:18.480-0500] {dag.py:3504} INFO - Setting next_dagrun for example_xcom to 2021-01-01T00:00:00+00:00, run_after=2021-01-01T00:00:00+00:00
[2023-07-31T16:56:18.501-0500] {processor.py:179} INFO - Processing /home/joha/anaconda3/lib/python3.10/site-packages/airflow/example_dags/example_xcom.py took 0.078 seconds
