[2023-07-31T16:44:49.854-0500] {processor.py:157} INFO - Started process (PID=68779) to work on /home/joha/anaconda3/lib/python3.10/site-packages/airflow/example_dags/example_dynamic_task_mapping.py
[2023-07-31T16:44:49.855-0500] {processor.py:826} INFO - Processing file /home/joha/anaconda3/lib/python3.10/site-packages/airflow/example_dags/example_dynamic_task_mapping.py for tasks to queue
[2023-07-31T16:44:49.856-0500] {logging_mixin.py:150} INFO - [2023-07-31T16:44:49.856-0500] {dagbag.py:541} INFO - Filling up the DagBag from /home/joha/anaconda3/lib/python3.10/site-packages/airflow/example_dags/example_dynamic_task_mapping.py
[2023-07-31T16:44:49.867-0500] {processor.py:836} INFO - DAG(s) dict_keys(['example_dynamic_task_mapping']) retrieved from /home/joha/anaconda3/lib/python3.10/site-packages/airflow/example_dags/example_dynamic_task_mapping.py
[2023-07-31T16:44:49.889-0500] {logging_mixin.py:150} INFO - [2023-07-31T16:44:49.889-0500] {dag.py:2742} INFO - Sync 1 DAGs
[2023-07-31T16:44:49.913-0500] {logging_mixin.py:150} INFO - [2023-07-31T16:44:49.913-0500] {dag.py:3504} INFO - Setting next_dagrun for example_dynamic_task_mapping to 2022-03-04T00:00:00+00:00, run_after=2022-03-05T00:00:00+00:00
[2023-07-31T16:44:49.943-0500] {processor.py:179} INFO - Processing /home/joha/anaconda3/lib/python3.10/site-packages/airflow/example_dags/example_dynamic_task_mapping.py took 0.093 seconds
[2023-07-31T16:45:46.539-0500] {processor.py:157} INFO - Started process (PID=68860) to work on /home/joha/anaconda3/lib/python3.10/site-packages/airflow/example_dags/example_dynamic_task_mapping.py
[2023-07-31T16:45:46.547-0500] {processor.py:826} INFO - Processing file /home/joha/anaconda3/lib/python3.10/site-packages/airflow/example_dags/example_dynamic_task_mapping.py for tasks to queue
[2023-07-31T16:45:46.549-0500] {logging_mixin.py:150} INFO - [2023-07-31T16:45:46.548-0500] {dagbag.py:541} INFO - Filling up the DagBag from /home/joha/anaconda3/lib/python3.10/site-packages/airflow/example_dags/example_dynamic_task_mapping.py
[2023-07-31T16:45:46.561-0500] {processor.py:836} INFO - DAG(s) dict_keys(['example_dynamic_task_mapping']) retrieved from /home/joha/anaconda3/lib/python3.10/site-packages/airflow/example_dags/example_dynamic_task_mapping.py
[2023-07-31T16:45:46.581-0500] {logging_mixin.py:150} INFO - [2023-07-31T16:45:46.581-0500] {dag.py:2742} INFO - Sync 1 DAGs
[2023-07-31T16:45:46.600-0500] {logging_mixin.py:150} INFO - [2023-07-31T16:45:46.600-0500] {dag.py:3504} INFO - Setting next_dagrun for example_dynamic_task_mapping to 2022-03-04T00:00:00+00:00, run_after=2022-03-05T00:00:00+00:00
[2023-07-31T16:45:46.620-0500] {processor.py:179} INFO - Processing /home/joha/anaconda3/lib/python3.10/site-packages/airflow/example_dags/example_dynamic_task_mapping.py took 0.085 seconds
[2023-07-31T16:46:40.051-0500] {processor.py:157} INFO - Started process (PID=68932) to work on /home/joha/anaconda3/lib/python3.10/site-packages/airflow/example_dags/example_dynamic_task_mapping.py
[2023-07-31T16:46:40.065-0500] {processor.py:826} INFO - Processing file /home/joha/anaconda3/lib/python3.10/site-packages/airflow/example_dags/example_dynamic_task_mapping.py for tasks to queue
[2023-07-31T16:46:40.066-0500] {logging_mixin.py:150} INFO - [2023-07-31T16:46:40.066-0500] {dagbag.py:541} INFO - Filling up the DagBag from /home/joha/anaconda3/lib/python3.10/site-packages/airflow/example_dags/example_dynamic_task_mapping.py
[2023-07-31T16:46:40.073-0500] {processor.py:836} INFO - DAG(s) dict_keys(['example_dynamic_task_mapping']) retrieved from /home/joha/anaconda3/lib/python3.10/site-packages/airflow/example_dags/example_dynamic_task_mapping.py
[2023-07-31T16:46:40.094-0500] {logging_mixin.py:150} INFO - [2023-07-31T16:46:40.094-0500] {dag.py:2742} INFO - Sync 1 DAGs
[2023-07-31T16:46:40.117-0500] {logging_mixin.py:150} INFO - [2023-07-31T16:46:40.117-0500] {dag.py:3504} INFO - Setting next_dagrun for example_dynamic_task_mapping to 2022-03-04T00:00:00+00:00, run_after=2022-03-05T00:00:00+00:00
[2023-07-31T16:46:40.137-0500] {processor.py:179} INFO - Processing /home/joha/anaconda3/lib/python3.10/site-packages/airflow/example_dags/example_dynamic_task_mapping.py took 0.090 seconds
[2023-07-31T16:47:34.889-0500] {processor.py:157} INFO - Started process (PID=69000) to work on /home/joha/anaconda3/lib/python3.10/site-packages/airflow/example_dags/example_dynamic_task_mapping.py
[2023-07-31T16:47:34.897-0500] {processor.py:826} INFO - Processing file /home/joha/anaconda3/lib/python3.10/site-packages/airflow/example_dags/example_dynamic_task_mapping.py for tasks to queue
[2023-07-31T16:47:34.899-0500] {logging_mixin.py:150} INFO - [2023-07-31T16:47:34.898-0500] {dagbag.py:541} INFO - Filling up the DagBag from /home/joha/anaconda3/lib/python3.10/site-packages/airflow/example_dags/example_dynamic_task_mapping.py
[2023-07-31T16:47:34.914-0500] {processor.py:836} INFO - DAG(s) dict_keys(['example_dynamic_task_mapping']) retrieved from /home/joha/anaconda3/lib/python3.10/site-packages/airflow/example_dags/example_dynamic_task_mapping.py
[2023-07-31T16:47:34.935-0500] {logging_mixin.py:150} INFO - [2023-07-31T16:47:34.935-0500] {dag.py:2742} INFO - Sync 1 DAGs
[2023-07-31T16:47:34.954-0500] {logging_mixin.py:150} INFO - [2023-07-31T16:47:34.953-0500] {dag.py:3504} INFO - Setting next_dagrun for example_dynamic_task_mapping to 2022-03-04T00:00:00+00:00, run_after=2022-03-05T00:00:00+00:00
[2023-07-31T16:47:34.973-0500] {processor.py:179} INFO - Processing /home/joha/anaconda3/lib/python3.10/site-packages/airflow/example_dags/example_dynamic_task_mapping.py took 0.090 seconds
[2023-07-31T16:48:25.198-0500] {processor.py:157} INFO - Started process (PID=69063) to work on /home/joha/anaconda3/lib/python3.10/site-packages/airflow/example_dags/example_dynamic_task_mapping.py
[2023-07-31T16:48:25.206-0500] {processor.py:826} INFO - Processing file /home/joha/anaconda3/lib/python3.10/site-packages/airflow/example_dags/example_dynamic_task_mapping.py for tasks to queue
[2023-07-31T16:48:25.207-0500] {logging_mixin.py:150} INFO - [2023-07-31T16:48:25.206-0500] {dagbag.py:541} INFO - Filling up the DagBag from /home/joha/anaconda3/lib/python3.10/site-packages/airflow/example_dags/example_dynamic_task_mapping.py
[2023-07-31T16:48:25.215-0500] {processor.py:836} INFO - DAG(s) dict_keys(['example_dynamic_task_mapping']) retrieved from /home/joha/anaconda3/lib/python3.10/site-packages/airflow/example_dags/example_dynamic_task_mapping.py
[2023-07-31T16:48:25.233-0500] {logging_mixin.py:150} INFO - [2023-07-31T16:48:25.233-0500] {dag.py:2742} INFO - Sync 1 DAGs
[2023-07-31T16:48:25.251-0500] {logging_mixin.py:150} INFO - [2023-07-31T16:48:25.251-0500] {dag.py:3504} INFO - Setting next_dagrun for example_dynamic_task_mapping to 2022-03-04T00:00:00+00:00, run_after=2022-03-05T00:00:00+00:00
[2023-07-31T16:48:25.269-0500] {processor.py:179} INFO - Processing /home/joha/anaconda3/lib/python3.10/site-packages/airflow/example_dags/example_dynamic_task_mapping.py took 0.074 seconds
[2023-07-31T16:49:20.937-0500] {processor.py:157} INFO - Started process (PID=69140) to work on /home/joha/anaconda3/lib/python3.10/site-packages/airflow/example_dags/example_dynamic_task_mapping.py
[2023-07-31T16:49:20.946-0500] {processor.py:826} INFO - Processing file /home/joha/anaconda3/lib/python3.10/site-packages/airflow/example_dags/example_dynamic_task_mapping.py for tasks to queue
[2023-07-31T16:49:20.949-0500] {logging_mixin.py:150} INFO - [2023-07-31T16:49:20.948-0500] {dagbag.py:541} INFO - Filling up the DagBag from /home/joha/anaconda3/lib/python3.10/site-packages/airflow/example_dags/example_dynamic_task_mapping.py
[2023-07-31T16:49:20.967-0500] {processor.py:836} INFO - DAG(s) dict_keys(['example_dynamic_task_mapping']) retrieved from /home/joha/anaconda3/lib/python3.10/site-packages/airflow/example_dags/example_dynamic_task_mapping.py
[2023-07-31T16:49:20.986-0500] {logging_mixin.py:150} INFO - [2023-07-31T16:49:20.986-0500] {dag.py:2742} INFO - Sync 1 DAGs
[2023-07-31T16:49:21.005-0500] {logging_mixin.py:150} INFO - [2023-07-31T16:49:21.005-0500] {dag.py:3504} INFO - Setting next_dagrun for example_dynamic_task_mapping to 2022-03-04T00:00:00+00:00, run_after=2022-03-05T00:00:00+00:00
[2023-07-31T16:49:21.025-0500] {processor.py:179} INFO - Processing /home/joha/anaconda3/lib/python3.10/site-packages/airflow/example_dags/example_dynamic_task_mapping.py took 0.098 seconds
[2023-07-31T16:50:10.103-0500] {processor.py:157} INFO - Started process (PID=69209) to work on /home/joha/anaconda3/lib/python3.10/site-packages/airflow/example_dags/example_dynamic_task_mapping.py
[2023-07-31T16:50:10.111-0500] {processor.py:826} INFO - Processing file /home/joha/anaconda3/lib/python3.10/site-packages/airflow/example_dags/example_dynamic_task_mapping.py for tasks to queue
[2023-07-31T16:50:10.113-0500] {logging_mixin.py:150} INFO - [2023-07-31T16:50:10.112-0500] {dagbag.py:541} INFO - Filling up the DagBag from /home/joha/anaconda3/lib/python3.10/site-packages/airflow/example_dags/example_dynamic_task_mapping.py
[2023-07-31T16:50:10.126-0500] {processor.py:836} INFO - DAG(s) dict_keys(['example_dynamic_task_mapping']) retrieved from /home/joha/anaconda3/lib/python3.10/site-packages/airflow/example_dags/example_dynamic_task_mapping.py
[2023-07-31T16:50:10.157-0500] {logging_mixin.py:150} INFO - [2023-07-31T16:50:10.156-0500] {dag.py:2742} INFO - Sync 1 DAGs
[2023-07-31T16:50:10.174-0500] {logging_mixin.py:150} INFO - [2023-07-31T16:50:10.174-0500] {dag.py:3504} INFO - Setting next_dagrun for example_dynamic_task_mapping to 2022-03-04T00:00:00+00:00, run_after=2022-03-05T00:00:00+00:00
[2023-07-31T16:50:10.193-0500] {processor.py:179} INFO - Processing /home/joha/anaconda3/lib/python3.10/site-packages/airflow/example_dags/example_dynamic_task_mapping.py took 0.095 seconds
[2023-07-31T16:51:07.402-0500] {processor.py:157} INFO - Started process (PID=69290) to work on /home/joha/anaconda3/lib/python3.10/site-packages/airflow/example_dags/example_dynamic_task_mapping.py
[2023-07-31T16:51:07.411-0500] {processor.py:826} INFO - Processing file /home/joha/anaconda3/lib/python3.10/site-packages/airflow/example_dags/example_dynamic_task_mapping.py for tasks to queue
[2023-07-31T16:51:07.414-0500] {logging_mixin.py:150} INFO - [2023-07-31T16:51:07.413-0500] {dagbag.py:541} INFO - Filling up the DagBag from /home/joha/anaconda3/lib/python3.10/site-packages/airflow/example_dags/example_dynamic_task_mapping.py
[2023-07-31T16:51:07.431-0500] {processor.py:836} INFO - DAG(s) dict_keys(['example_dynamic_task_mapping']) retrieved from /home/joha/anaconda3/lib/python3.10/site-packages/airflow/example_dags/example_dynamic_task_mapping.py
[2023-07-31T16:51:07.450-0500] {logging_mixin.py:150} INFO - [2023-07-31T16:51:07.449-0500] {dag.py:2742} INFO - Sync 1 DAGs
[2023-07-31T16:51:07.468-0500] {logging_mixin.py:150} INFO - [2023-07-31T16:51:07.468-0500] {dag.py:3504} INFO - Setting next_dagrun for example_dynamic_task_mapping to 2022-03-04T00:00:00+00:00, run_after=2022-03-05T00:00:00+00:00
[2023-07-31T16:51:07.487-0500] {processor.py:179} INFO - Processing /home/joha/anaconda3/lib/python3.10/site-packages/airflow/example_dags/example_dynamic_task_mapping.py took 0.095 seconds
[2023-07-31T16:52:04.675-0500] {processor.py:157} INFO - Started process (PID=69364) to work on /home/joha/anaconda3/lib/python3.10/site-packages/airflow/example_dags/example_dynamic_task_mapping.py
[2023-07-31T16:52:04.684-0500] {processor.py:826} INFO - Processing file /home/joha/anaconda3/lib/python3.10/site-packages/airflow/example_dags/example_dynamic_task_mapping.py for tasks to queue
[2023-07-31T16:52:04.685-0500] {logging_mixin.py:150} INFO - [2023-07-31T16:52:04.685-0500] {dagbag.py:541} INFO - Filling up the DagBag from /home/joha/anaconda3/lib/python3.10/site-packages/airflow/example_dags/example_dynamic_task_mapping.py
[2023-07-31T16:52:04.701-0500] {processor.py:836} INFO - DAG(s) dict_keys(['example_dynamic_task_mapping']) retrieved from /home/joha/anaconda3/lib/python3.10/site-packages/airflow/example_dags/example_dynamic_task_mapping.py
[2023-07-31T16:52:04.721-0500] {logging_mixin.py:150} INFO - [2023-07-31T16:52:04.721-0500] {dag.py:2742} INFO - Sync 1 DAGs
[2023-07-31T16:52:04.739-0500] {logging_mixin.py:150} INFO - [2023-07-31T16:52:04.739-0500] {dag.py:3504} INFO - Setting next_dagrun for example_dynamic_task_mapping to 2022-03-04T00:00:00+00:00, run_after=2022-03-05T00:00:00+00:00
[2023-07-31T16:52:04.758-0500] {processor.py:179} INFO - Processing /home/joha/anaconda3/lib/python3.10/site-packages/airflow/example_dags/example_dynamic_task_mapping.py took 0.090 seconds
[2023-07-31T16:53:04.860-0500] {processor.py:157} INFO - Started process (PID=69450) to work on /home/joha/anaconda3/lib/python3.10/site-packages/airflow/example_dags/example_dynamic_task_mapping.py
[2023-07-31T16:53:04.867-0500] {processor.py:826} INFO - Processing file /home/joha/anaconda3/lib/python3.10/site-packages/airflow/example_dags/example_dynamic_task_mapping.py for tasks to queue
[2023-07-31T16:53:04.870-0500] {logging_mixin.py:150} INFO - [2023-07-31T16:53:04.869-0500] {dagbag.py:541} INFO - Filling up the DagBag from /home/joha/anaconda3/lib/python3.10/site-packages/airflow/example_dags/example_dynamic_task_mapping.py
[2023-07-31T16:53:04.888-0500] {processor.py:836} INFO - DAG(s) dict_keys(['example_dynamic_task_mapping']) retrieved from /home/joha/anaconda3/lib/python3.10/site-packages/airflow/example_dags/example_dynamic_task_mapping.py
[2023-07-31T16:53:04.909-0500] {logging_mixin.py:150} INFO - [2023-07-31T16:53:04.908-0500] {dag.py:2742} INFO - Sync 1 DAGs
[2023-07-31T16:53:04.926-0500] {logging_mixin.py:150} INFO - [2023-07-31T16:53:04.926-0500] {dag.py:3504} INFO - Setting next_dagrun for example_dynamic_task_mapping to 2022-03-04T00:00:00+00:00, run_after=2022-03-05T00:00:00+00:00
[2023-07-31T16:53:05.217-0500] {processor.py:179} INFO - Processing /home/joha/anaconda3/lib/python3.10/site-packages/airflow/example_dags/example_dynamic_task_mapping.py took 0.364 seconds
[2023-07-31T16:54:09.281-0500] {processor.py:157} INFO - Started process (PID=69520) to work on /home/joha/anaconda3/lib/python3.10/site-packages/airflow/example_dags/example_dynamic_task_mapping.py
[2023-07-31T16:54:09.290-0500] {processor.py:826} INFO - Processing file /home/joha/anaconda3/lib/python3.10/site-packages/airflow/example_dags/example_dynamic_task_mapping.py for tasks to queue
[2023-07-31T16:54:09.293-0500] {logging_mixin.py:150} INFO - [2023-07-31T16:54:09.291-0500] {dagbag.py:541} INFO - Filling up the DagBag from /home/joha/anaconda3/lib/python3.10/site-packages/airflow/example_dags/example_dynamic_task_mapping.py
[2023-07-31T16:54:09.313-0500] {processor.py:836} INFO - DAG(s) dict_keys(['example_dynamic_task_mapping']) retrieved from /home/joha/anaconda3/lib/python3.10/site-packages/airflow/example_dags/example_dynamic_task_mapping.py
[2023-07-31T16:54:09.334-0500] {logging_mixin.py:150} INFO - [2023-07-31T16:54:09.333-0500] {dag.py:2742} INFO - Sync 1 DAGs
[2023-07-31T16:54:09.352-0500] {logging_mixin.py:150} INFO - [2023-07-31T16:54:09.352-0500] {dag.py:3504} INFO - Setting next_dagrun for example_dynamic_task_mapping to 2022-03-04T00:00:00+00:00, run_after=2022-03-05T00:00:00+00:00
[2023-07-31T16:54:09.371-0500] {processor.py:179} INFO - Processing /home/joha/anaconda3/lib/python3.10/site-packages/airflow/example_dags/example_dynamic_task_mapping.py took 0.094 seconds
[2023-07-31T16:54:57.217-0500] {processor.py:157} INFO - Started process (PID=69580) to work on /home/joha/anaconda3/lib/python3.10/site-packages/airflow/example_dags/example_dynamic_task_mapping.py
[2023-07-31T16:54:57.231-0500] {processor.py:826} INFO - Processing file /home/joha/anaconda3/lib/python3.10/site-packages/airflow/example_dags/example_dynamic_task_mapping.py for tasks to queue
[2023-07-31T16:54:57.233-0500] {logging_mixin.py:150} INFO - [2023-07-31T16:54:57.232-0500] {dagbag.py:541} INFO - Filling up the DagBag from /home/joha/anaconda3/lib/python3.10/site-packages/airflow/example_dags/example_dynamic_task_mapping.py
[2023-07-31T16:54:57.248-0500] {processor.py:836} INFO - DAG(s) dict_keys(['example_dynamic_task_mapping']) retrieved from /home/joha/anaconda3/lib/python3.10/site-packages/airflow/example_dags/example_dynamic_task_mapping.py
[2023-07-31T16:54:57.272-0500] {logging_mixin.py:150} INFO - [2023-07-31T16:54:57.272-0500] {dag.py:2742} INFO - Sync 1 DAGs
[2023-07-31T16:54:57.290-0500] {logging_mixin.py:150} INFO - [2023-07-31T16:54:57.290-0500] {dag.py:3504} INFO - Setting next_dagrun for example_dynamic_task_mapping to 2022-03-04T00:00:00+00:00, run_after=2022-03-05T00:00:00+00:00
[2023-07-31T16:54:57.309-0500] {processor.py:179} INFO - Processing /home/joha/anaconda3/lib/python3.10/site-packages/airflow/example_dags/example_dynamic_task_mapping.py took 0.098 seconds
[2023-07-31T16:55:53.990-0500] {processor.py:157} INFO - Started process (PID=69661) to work on /home/joha/anaconda3/lib/python3.10/site-packages/airflow/example_dags/example_dynamic_task_mapping.py
[2023-07-31T16:55:53.998-0500] {processor.py:826} INFO - Processing file /home/joha/anaconda3/lib/python3.10/site-packages/airflow/example_dags/example_dynamic_task_mapping.py for tasks to queue
[2023-07-31T16:55:54.001-0500] {logging_mixin.py:150} INFO - [2023-07-31T16:55:54.000-0500] {dagbag.py:541} INFO - Filling up the DagBag from /home/joha/anaconda3/lib/python3.10/site-packages/airflow/example_dags/example_dynamic_task_mapping.py
[2023-07-31T16:55:54.021-0500] {processor.py:836} INFO - DAG(s) dict_keys(['example_dynamic_task_mapping']) retrieved from /home/joha/anaconda3/lib/python3.10/site-packages/airflow/example_dags/example_dynamic_task_mapping.py
[2023-07-31T16:55:54.043-0500] {logging_mixin.py:150} INFO - [2023-07-31T16:55:54.043-0500] {dag.py:2742} INFO - Sync 1 DAGs
[2023-07-31T16:55:54.062-0500] {logging_mixin.py:150} INFO - [2023-07-31T16:55:54.062-0500] {dag.py:3504} INFO - Setting next_dagrun for example_dynamic_task_mapping to 2022-03-04T00:00:00+00:00, run_after=2022-03-05T00:00:00+00:00
[2023-07-31T16:55:54.081-0500] {processor.py:179} INFO - Processing /home/joha/anaconda3/lib/python3.10/site-packages/airflow/example_dags/example_dynamic_task_mapping.py took 0.097 seconds
