[2023-07-31T16:44:57.835-0500] {processor.py:157} INFO - Started process (PID=68787) to work on /home/joha/anaconda3/lib/python3.10/site-packages/airflow/example_dags/example_branch_day_of_week_operator.py
[2023-07-31T16:44:57.835-0500] {processor.py:826} INFO - Processing file /home/joha/anaconda3/lib/python3.10/site-packages/airflow/example_dags/example_branch_day_of_week_operator.py for tasks to queue
[2023-07-31T16:44:57.836-0500] {logging_mixin.py:150} INFO - [2023-07-31T16:44:57.836-0500] {dagbag.py:541} INFO - Filling up the DagBag from /home/joha/anaconda3/lib/python3.10/site-packages/airflow/example_dags/example_branch_day_of_week_operator.py
[2023-07-31T16:44:57.846-0500] {processor.py:836} INFO - DAG(s) dict_keys(['example_weekday_branch_operator']) retrieved from /home/joha/anaconda3/lib/python3.10/site-packages/airflow/example_dags/example_branch_day_of_week_operator.py
[2023-07-31T16:44:57.868-0500] {logging_mixin.py:150} INFO - [2023-07-31T16:44:57.867-0500] {dag.py:2742} INFO - Sync 1 DAGs
[2023-07-31T16:44:57.888-0500] {logging_mixin.py:150} INFO - [2023-07-31T16:44:57.888-0500] {dag.py:3504} INFO - Setting next_dagrun for example_weekday_branch_operator to 2023-07-30T00:00:00+00:00, run_after=2023-07-31T00:00:00+00:00
[2023-07-31T16:44:57.920-0500] {processor.py:179} INFO - Processing /home/joha/anaconda3/lib/python3.10/site-packages/airflow/example_dags/example_branch_day_of_week_operator.py took 0.088 seconds
[2023-07-31T16:45:55.574-0500] {processor.py:157} INFO - Started process (PID=68869) to work on /home/joha/anaconda3/lib/python3.10/site-packages/airflow/example_dags/example_branch_day_of_week_operator.py
[2023-07-31T16:45:55.582-0500] {processor.py:826} INFO - Processing file /home/joha/anaconda3/lib/python3.10/site-packages/airflow/example_dags/example_branch_day_of_week_operator.py for tasks to queue
[2023-07-31T16:45:55.583-0500] {logging_mixin.py:150} INFO - [2023-07-31T16:45:55.582-0500] {dagbag.py:541} INFO - Filling up the DagBag from /home/joha/anaconda3/lib/python3.10/site-packages/airflow/example_dags/example_branch_day_of_week_operator.py
[2023-07-31T16:45:55.594-0500] {processor.py:836} INFO - DAG(s) dict_keys(['example_weekday_branch_operator']) retrieved from /home/joha/anaconda3/lib/python3.10/site-packages/airflow/example_dags/example_branch_day_of_week_operator.py
[2023-07-31T16:45:55.616-0500] {logging_mixin.py:150} INFO - [2023-07-31T16:45:55.616-0500] {dag.py:2742} INFO - Sync 1 DAGs
[2023-07-31T16:45:55.646-0500] {logging_mixin.py:150} INFO - [2023-07-31T16:45:55.646-0500] {dag.py:3504} INFO - Setting next_dagrun for example_weekday_branch_operator to 2023-07-30T00:00:00+00:00, run_after=2023-07-31T00:00:00+00:00
[2023-07-31T16:45:55.672-0500] {processor.py:179} INFO - Processing /home/joha/anaconda3/lib/python3.10/site-packages/airflow/example_dags/example_branch_day_of_week_operator.py took 0.102 seconds
[2023-07-31T16:46:48.781-0500] {processor.py:157} INFO - Started process (PID=68940) to work on /home/joha/anaconda3/lib/python3.10/site-packages/airflow/example_dags/example_branch_day_of_week_operator.py
[2023-07-31T16:46:48.789-0500] {processor.py:826} INFO - Processing file /home/joha/anaconda3/lib/python3.10/site-packages/airflow/example_dags/example_branch_day_of_week_operator.py for tasks to queue
[2023-07-31T16:46:48.790-0500] {logging_mixin.py:150} INFO - [2023-07-31T16:46:48.789-0500] {dagbag.py:541} INFO - Filling up the DagBag from /home/joha/anaconda3/lib/python3.10/site-packages/airflow/example_dags/example_branch_day_of_week_operator.py
[2023-07-31T16:46:48.799-0500] {processor.py:836} INFO - DAG(s) dict_keys(['example_weekday_branch_operator']) retrieved from /home/joha/anaconda3/lib/python3.10/site-packages/airflow/example_dags/example_branch_day_of_week_operator.py
[2023-07-31T16:46:48.821-0500] {logging_mixin.py:150} INFO - [2023-07-31T16:46:48.821-0500] {dag.py:2742} INFO - Sync 1 DAGs
[2023-07-31T16:46:48.846-0500] {logging_mixin.py:150} INFO - [2023-07-31T16:46:48.846-0500] {dag.py:3504} INFO - Setting next_dagrun for example_weekday_branch_operator to 2023-07-30T00:00:00+00:00, run_after=2023-07-31T00:00:00+00:00
[2023-07-31T16:46:48.868-0500] {processor.py:179} INFO - Processing /home/joha/anaconda3/lib/python3.10/site-packages/airflow/example_dags/example_branch_day_of_week_operator.py took 0.091 seconds
[2023-07-31T16:47:42.704-0500] {processor.py:157} INFO - Started process (PID=69008) to work on /home/joha/anaconda3/lib/python3.10/site-packages/airflow/example_dags/example_branch_day_of_week_operator.py
[2023-07-31T16:47:42.713-0500] {processor.py:826} INFO - Processing file /home/joha/anaconda3/lib/python3.10/site-packages/airflow/example_dags/example_branch_day_of_week_operator.py for tasks to queue
[2023-07-31T16:47:42.715-0500] {logging_mixin.py:150} INFO - [2023-07-31T16:47:42.714-0500] {dagbag.py:541} INFO - Filling up the DagBag from /home/joha/anaconda3/lib/python3.10/site-packages/airflow/example_dags/example_branch_day_of_week_operator.py
[2023-07-31T16:47:42.739-0500] {processor.py:836} INFO - DAG(s) dict_keys(['example_weekday_branch_operator']) retrieved from /home/joha/anaconda3/lib/python3.10/site-packages/airflow/example_dags/example_branch_day_of_week_operator.py
[2023-07-31T16:47:42.762-0500] {logging_mixin.py:150} INFO - [2023-07-31T16:47:42.762-0500] {dag.py:2742} INFO - Sync 1 DAGs
[2023-07-31T16:47:42.782-0500] {logging_mixin.py:150} INFO - [2023-07-31T16:47:42.782-0500] {dag.py:3504} INFO - Setting next_dagrun for example_weekday_branch_operator to 2023-07-30T00:00:00+00:00, run_after=2023-07-31T00:00:00+00:00
[2023-07-31T16:47:42.802-0500] {processor.py:179} INFO - Processing /home/joha/anaconda3/lib/python3.10/site-packages/airflow/example_dags/example_branch_day_of_week_operator.py took 0.100 seconds
[2023-07-31T16:48:33.605-0500] {processor.py:157} INFO - Started process (PID=69072) to work on /home/joha/anaconda3/lib/python3.10/site-packages/airflow/example_dags/example_branch_day_of_week_operator.py
[2023-07-31T16:48:33.613-0500] {processor.py:826} INFO - Processing file /home/joha/anaconda3/lib/python3.10/site-packages/airflow/example_dags/example_branch_day_of_week_operator.py for tasks to queue
[2023-07-31T16:48:33.614-0500] {logging_mixin.py:150} INFO - [2023-07-31T16:48:33.613-0500] {dagbag.py:541} INFO - Filling up the DagBag from /home/joha/anaconda3/lib/python3.10/site-packages/airflow/example_dags/example_branch_day_of_week_operator.py
[2023-07-31T16:48:33.622-0500] {processor.py:836} INFO - DAG(s) dict_keys(['example_weekday_branch_operator']) retrieved from /home/joha/anaconda3/lib/python3.10/site-packages/airflow/example_dags/example_branch_day_of_week_operator.py
[2023-07-31T16:48:33.641-0500] {logging_mixin.py:150} INFO - [2023-07-31T16:48:33.640-0500] {dag.py:2742} INFO - Sync 1 DAGs
[2023-07-31T16:48:33.661-0500] {logging_mixin.py:150} INFO - [2023-07-31T16:48:33.661-0500] {dag.py:3504} INFO - Setting next_dagrun for example_weekday_branch_operator to 2023-07-30T00:00:00+00:00, run_after=2023-07-31T00:00:00+00:00
[2023-07-31T16:48:33.680-0500] {processor.py:179} INFO - Processing /home/joha/anaconda3/lib/python3.10/site-packages/airflow/example_dags/example_branch_day_of_week_operator.py took 0.078 seconds
[2023-07-31T16:49:29.595-0500] {processor.py:157} INFO - Started process (PID=69150) to work on /home/joha/anaconda3/lib/python3.10/site-packages/airflow/example_dags/example_branch_day_of_week_operator.py
[2023-07-31T16:49:29.603-0500] {processor.py:826} INFO - Processing file /home/joha/anaconda3/lib/python3.10/site-packages/airflow/example_dags/example_branch_day_of_week_operator.py for tasks to queue
[2023-07-31T16:49:29.605-0500] {logging_mixin.py:150} INFO - [2023-07-31T16:49:29.604-0500] {dagbag.py:541} INFO - Filling up the DagBag from /home/joha/anaconda3/lib/python3.10/site-packages/airflow/example_dags/example_branch_day_of_week_operator.py
[2023-07-31T16:49:29.619-0500] {processor.py:836} INFO - DAG(s) dict_keys(['example_weekday_branch_operator']) retrieved from /home/joha/anaconda3/lib/python3.10/site-packages/airflow/example_dags/example_branch_day_of_week_operator.py
[2023-07-31T16:49:29.640-0500] {logging_mixin.py:150} INFO - [2023-07-31T16:49:29.640-0500] {dag.py:2742} INFO - Sync 1 DAGs
[2023-07-31T16:49:29.663-0500] {logging_mixin.py:150} INFO - [2023-07-31T16:49:29.663-0500] {dag.py:3504} INFO - Setting next_dagrun for example_weekday_branch_operator to 2023-07-30T00:00:00+00:00, run_after=2023-07-31T00:00:00+00:00
[2023-07-31T16:49:29.684-0500] {processor.py:179} INFO - Processing /home/joha/anaconda3/lib/python3.10/site-packages/airflow/example_dags/example_branch_day_of_week_operator.py took 0.094 seconds
[2023-07-31T16:50:29.186-0500] {processor.py:157} INFO - Started process (PID=69246) to work on /home/joha/anaconda3/lib/python3.10/site-packages/airflow/example_dags/example_branch_day_of_week_operator.py
[2023-07-31T16:50:29.192-0500] {processor.py:826} INFO - Processing file /home/joha/anaconda3/lib/python3.10/site-packages/airflow/example_dags/example_branch_day_of_week_operator.py for tasks to queue
[2023-07-31T16:50:29.193-0500] {logging_mixin.py:150} INFO - [2023-07-31T16:50:29.193-0500] {dagbag.py:541} INFO - Filling up the DagBag from /home/joha/anaconda3/lib/python3.10/site-packages/airflow/example_dags/example_branch_day_of_week_operator.py
[2023-07-31T16:50:29.203-0500] {processor.py:836} INFO - DAG(s) dict_keys(['example_weekday_branch_operator']) retrieved from /home/joha/anaconda3/lib/python3.10/site-packages/airflow/example_dags/example_branch_day_of_week_operator.py
[2023-07-31T16:50:29.225-0500] {logging_mixin.py:150} INFO - [2023-07-31T16:50:29.225-0500] {dag.py:2742} INFO - Sync 1 DAGs
[2023-07-31T16:50:29.248-0500] {logging_mixin.py:150} INFO - [2023-07-31T16:50:29.248-0500] {dag.py:3504} INFO - Setting next_dagrun for example_weekday_branch_operator to 2023-07-30T00:00:00+00:00, run_after=2023-07-31T00:00:00+00:00
[2023-07-31T16:50:29.275-0500] {processor.py:179} INFO - Processing /home/joha/anaconda3/lib/python3.10/site-packages/airflow/example_dags/example_branch_day_of_week_operator.py took 0.092 seconds
[2023-07-31T16:51:26.555-0500] {processor.py:157} INFO - Started process (PID=69318) to work on /home/joha/anaconda3/lib/python3.10/site-packages/airflow/example_dags/example_branch_day_of_week_operator.py
[2023-07-31T16:51:26.563-0500] {processor.py:826} INFO - Processing file /home/joha/anaconda3/lib/python3.10/site-packages/airflow/example_dags/example_branch_day_of_week_operator.py for tasks to queue
[2023-07-31T16:51:26.566-0500] {logging_mixin.py:150} INFO - [2023-07-31T16:51:26.565-0500] {dagbag.py:541} INFO - Filling up the DagBag from /home/joha/anaconda3/lib/python3.10/site-packages/airflow/example_dags/example_branch_day_of_week_operator.py
[2023-07-31T16:51:26.590-0500] {processor.py:836} INFO - DAG(s) dict_keys(['example_weekday_branch_operator']) retrieved from /home/joha/anaconda3/lib/python3.10/site-packages/airflow/example_dags/example_branch_day_of_week_operator.py
[2023-07-31T16:51:26.616-0500] {logging_mixin.py:150} INFO - [2023-07-31T16:51:26.616-0500] {dag.py:2742} INFO - Sync 1 DAGs
[2023-07-31T16:51:26.640-0500] {logging_mixin.py:150} INFO - [2023-07-31T16:51:26.640-0500] {dag.py:3504} INFO - Setting next_dagrun for example_weekday_branch_operator to 2023-07-30T00:00:00+00:00, run_after=2023-07-31T00:00:00+00:00
[2023-07-31T16:51:26.664-0500] {processor.py:179} INFO - Processing /home/joha/anaconda3/lib/python3.10/site-packages/airflow/example_dags/example_branch_day_of_week_operator.py took 0.113 seconds
[2023-07-31T16:52:23.223-0500] {processor.py:157} INFO - Started process (PID=69390) to work on /home/joha/anaconda3/lib/python3.10/site-packages/airflow/example_dags/example_branch_day_of_week_operator.py
[2023-07-31T16:52:23.231-0500] {processor.py:826} INFO - Processing file /home/joha/anaconda3/lib/python3.10/site-packages/airflow/example_dags/example_branch_day_of_week_operator.py for tasks to queue
[2023-07-31T16:52:23.232-0500] {logging_mixin.py:150} INFO - [2023-07-31T16:52:23.231-0500] {dagbag.py:541} INFO - Filling up the DagBag from /home/joha/anaconda3/lib/python3.10/site-packages/airflow/example_dags/example_branch_day_of_week_operator.py
[2023-07-31T16:52:23.240-0500] {processor.py:836} INFO - DAG(s) dict_keys(['example_weekday_branch_operator']) retrieved from /home/joha/anaconda3/lib/python3.10/site-packages/airflow/example_dags/example_branch_day_of_week_operator.py
[2023-07-31T16:52:23.260-0500] {logging_mixin.py:150} INFO - [2023-07-31T16:52:23.260-0500] {dag.py:2742} INFO - Sync 1 DAGs
[2023-07-31T16:52:23.294-0500] {logging_mixin.py:150} INFO - [2023-07-31T16:52:23.293-0500] {dag.py:3504} INFO - Setting next_dagrun for example_weekday_branch_operator to 2023-07-30T00:00:00+00:00, run_after=2023-07-31T00:00:00+00:00
[2023-07-31T16:52:23.325-0500] {processor.py:179} INFO - Processing /home/joha/anaconda3/lib/python3.10/site-packages/airflow/example_dags/example_branch_day_of_week_operator.py took 0.105 seconds
[2023-07-31T16:53:30.717-0500] {processor.py:157} INFO - Started process (PID=69473) to work on /home/joha/anaconda3/lib/python3.10/site-packages/airflow/example_dags/example_branch_day_of_week_operator.py
[2023-07-31T16:53:30.724-0500] {processor.py:826} INFO - Processing file /home/joha/anaconda3/lib/python3.10/site-packages/airflow/example_dags/example_branch_day_of_week_operator.py for tasks to queue
[2023-07-31T16:53:30.726-0500] {logging_mixin.py:150} INFO - [2023-07-31T16:53:30.725-0500] {dagbag.py:541} INFO - Filling up the DagBag from /home/joha/anaconda3/lib/python3.10/site-packages/airflow/example_dags/example_branch_day_of_week_operator.py
[2023-07-31T16:53:30.739-0500] {processor.py:836} INFO - DAG(s) dict_keys(['example_weekday_branch_operator']) retrieved from /home/joha/anaconda3/lib/python3.10/site-packages/airflow/example_dags/example_branch_day_of_week_operator.py
[2023-07-31T16:53:30.759-0500] {logging_mixin.py:150} INFO - [2023-07-31T16:53:30.759-0500] {dag.py:2742} INFO - Sync 1 DAGs
[2023-07-31T16:53:30.780-0500] {logging_mixin.py:150} INFO - [2023-07-31T16:53:30.780-0500] {dag.py:3504} INFO - Setting next_dagrun for example_weekday_branch_operator to 2023-07-30T00:00:00+00:00, run_after=2023-07-31T00:00:00+00:00
[2023-07-31T16:53:30.805-0500] {processor.py:179} INFO - Processing /home/joha/anaconda3/lib/python3.10/site-packages/airflow/example_dags/example_branch_day_of_week_operator.py took 0.093 seconds
[2023-07-31T16:54:26.044-0500] {processor.py:157} INFO - Started process (PID=69544) to work on /home/joha/anaconda3/lib/python3.10/site-packages/airflow/example_dags/example_branch_day_of_week_operator.py
[2023-07-31T16:54:26.052-0500] {processor.py:826} INFO - Processing file /home/joha/anaconda3/lib/python3.10/site-packages/airflow/example_dags/example_branch_day_of_week_operator.py for tasks to queue
[2023-07-31T16:54:26.056-0500] {logging_mixin.py:150} INFO - [2023-07-31T16:54:26.054-0500] {dagbag.py:541} INFO - Filling up the DagBag from /home/joha/anaconda3/lib/python3.10/site-packages/airflow/example_dags/example_branch_day_of_week_operator.py
[2023-07-31T16:54:26.076-0500] {processor.py:836} INFO - DAG(s) dict_keys(['example_weekday_branch_operator']) retrieved from /home/joha/anaconda3/lib/python3.10/site-packages/airflow/example_dags/example_branch_day_of_week_operator.py
[2023-07-31T16:54:26.098-0500] {logging_mixin.py:150} INFO - [2023-07-31T16:54:26.098-0500] {dag.py:2742} INFO - Sync 1 DAGs
[2023-07-31T16:54:26.118-0500] {logging_mixin.py:150} INFO - [2023-07-31T16:54:26.118-0500] {dag.py:3504} INFO - Setting next_dagrun for example_weekday_branch_operator to 2023-07-30T00:00:00+00:00, run_after=2023-07-31T00:00:00+00:00
[2023-07-31T16:54:26.137-0500] {processor.py:179} INFO - Processing /home/joha/anaconda3/lib/python3.10/site-packages/airflow/example_dags/example_branch_day_of_week_operator.py took 0.098 seconds
[2023-07-31T16:55:16.680-0500] {processor.py:157} INFO - Started process (PID=69619) to work on /home/joha/anaconda3/lib/python3.10/site-packages/airflow/example_dags/example_branch_day_of_week_operator.py
[2023-07-31T16:55:16.689-0500] {processor.py:826} INFO - Processing file /home/joha/anaconda3/lib/python3.10/site-packages/airflow/example_dags/example_branch_day_of_week_operator.py for tasks to queue
[2023-07-31T16:55:16.691-0500] {logging_mixin.py:150} INFO - [2023-07-31T16:55:16.690-0500] {dagbag.py:541} INFO - Filling up the DagBag from /home/joha/anaconda3/lib/python3.10/site-packages/airflow/example_dags/example_branch_day_of_week_operator.py
[2023-07-31T16:55:16.711-0500] {processor.py:836} INFO - DAG(s) dict_keys(['example_weekday_branch_operator']) retrieved from /home/joha/anaconda3/lib/python3.10/site-packages/airflow/example_dags/example_branch_day_of_week_operator.py
[2023-07-31T16:55:16.731-0500] {logging_mixin.py:150} INFO - [2023-07-31T16:55:16.731-0500] {dag.py:2742} INFO - Sync 1 DAGs
[2023-07-31T16:55:16.751-0500] {logging_mixin.py:150} INFO - [2023-07-31T16:55:16.751-0500] {dag.py:3504} INFO - Setting next_dagrun for example_weekday_branch_operator to 2023-07-30T00:00:00+00:00, run_after=2023-07-31T00:00:00+00:00
[2023-07-31T16:55:16.771-0500] {processor.py:179} INFO - Processing /home/joha/anaconda3/lib/python3.10/site-packages/airflow/example_dags/example_branch_day_of_week_operator.py took 0.096 seconds
[2023-07-31T16:56:13.642-0500] {processor.py:157} INFO - Started process (PID=69688) to work on /home/joha/anaconda3/lib/python3.10/site-packages/airflow/example_dags/example_branch_day_of_week_operator.py
[2023-07-31T16:56:13.651-0500] {processor.py:826} INFO - Processing file /home/joha/anaconda3/lib/python3.10/site-packages/airflow/example_dags/example_branch_day_of_week_operator.py for tasks to queue
[2023-07-31T16:56:13.653-0500] {logging_mixin.py:150} INFO - [2023-07-31T16:56:13.652-0500] {dagbag.py:541} INFO - Filling up the DagBag from /home/joha/anaconda3/lib/python3.10/site-packages/airflow/example_dags/example_branch_day_of_week_operator.py
[2023-07-31T16:56:13.676-0500] {processor.py:836} INFO - DAG(s) dict_keys(['example_weekday_branch_operator']) retrieved from /home/joha/anaconda3/lib/python3.10/site-packages/airflow/example_dags/example_branch_day_of_week_operator.py
[2023-07-31T16:56:13.697-0500] {logging_mixin.py:150} INFO - [2023-07-31T16:56:13.697-0500] {dag.py:2742} INFO - Sync 1 DAGs
[2023-07-31T16:56:13.717-0500] {logging_mixin.py:150} INFO - [2023-07-31T16:56:13.717-0500] {dag.py:3504} INFO - Setting next_dagrun for example_weekday_branch_operator to 2023-07-30T00:00:00+00:00, run_after=2023-07-31T00:00:00+00:00
[2023-07-31T16:56:13.737-0500] {processor.py:179} INFO - Processing /home/joha/anaconda3/lib/python3.10/site-packages/airflow/example_dags/example_branch_day_of_week_operator.py took 0.101 seconds
