[2023-07-31T16:44:17.544-0500] {processor.py:157} INFO - Started process (PID=68410) to work on /home/joha/anaconda3/lib/python3.10/site-packages/airflow/example_dags/example_task_group_decorator.py
[2023-07-31T16:44:17.545-0500] {processor.py:826} INFO - Processing file /home/joha/anaconda3/lib/python3.10/site-packages/airflow/example_dags/example_task_group_decorator.py for tasks to queue
[2023-07-31T16:44:17.546-0500] {logging_mixin.py:150} INFO - [2023-07-31T16:44:17.545-0500] {dagbag.py:541} INFO - Filling up the DagBag from /home/joha/anaconda3/lib/python3.10/site-packages/airflow/example_dags/example_task_group_decorator.py
[2023-07-31T16:44:17.563-0500] {processor.py:836} INFO - DAG(s) dict_keys(['example_task_group_decorator']) retrieved from /home/joha/anaconda3/lib/python3.10/site-packages/airflow/example_dags/example_task_group_decorator.py
[2023-07-31T16:44:17.585-0500] {logging_mixin.py:150} INFO - [2023-07-31T16:44:17.585-0500] {dag.py:2742} INFO - Sync 1 DAGs
[2023-07-31T16:44:17.605-0500] {logging_mixin.py:150} INFO - [2023-07-31T16:44:17.604-0500] {dag.py:3504} INFO - Setting next_dagrun for example_task_group_decorator to 2023-07-30T21:44:17.604676+00:00, run_after=2023-07-31T21:44:17.604676+00:00
[2023-07-31T16:44:17.673-0500] {processor.py:179} INFO - Processing /home/joha/anaconda3/lib/python3.10/site-packages/airflow/example_dags/example_task_group_decorator.py took 0.132 seconds
[2023-07-31T16:45:05.743-0500] {processor.py:157} INFO - Started process (PID=68804) to work on /home/joha/anaconda3/lib/python3.10/site-packages/airflow/example_dags/example_task_group_decorator.py
[2023-07-31T16:45:05.751-0500] {processor.py:826} INFO - Processing file /home/joha/anaconda3/lib/python3.10/site-packages/airflow/example_dags/example_task_group_decorator.py for tasks to queue
[2023-07-31T16:45:05.752-0500] {logging_mixin.py:150} INFO - [2023-07-31T16:45:05.752-0500] {dagbag.py:541} INFO - Filling up the DagBag from /home/joha/anaconda3/lib/python3.10/site-packages/airflow/example_dags/example_task_group_decorator.py
[2023-07-31T16:45:05.772-0500] {processor.py:836} INFO - DAG(s) dict_keys(['example_task_group_decorator']) retrieved from /home/joha/anaconda3/lib/python3.10/site-packages/airflow/example_dags/example_task_group_decorator.py
[2023-07-31T16:45:05.802-0500] {logging_mixin.py:150} INFO - [2023-07-31T16:45:05.802-0500] {dag.py:2742} INFO - Sync 1 DAGs
[2023-07-31T16:45:05.824-0500] {logging_mixin.py:150} INFO - [2023-07-31T16:45:05.824-0500] {dag.py:3504} INFO - Setting next_dagrun for example_task_group_decorator to 2023-07-30T21:45:05.824183+00:00, run_after=2023-07-31T21:45:05.824183+00:00
[2023-07-31T16:45:05.851-0500] {processor.py:179} INFO - Processing /home/joha/anaconda3/lib/python3.10/site-packages/airflow/example_dags/example_task_group_decorator.py took 0.114 seconds
[2023-07-31T16:45:44.099-0500] {processor.py:157} INFO - Started process (PID=68857) to work on /home/joha/anaconda3/lib/python3.10/site-packages/airflow/example_dags/example_task_group_decorator.py
[2023-07-31T16:45:44.106-0500] {processor.py:826} INFO - Processing file /home/joha/anaconda3/lib/python3.10/site-packages/airflow/example_dags/example_task_group_decorator.py for tasks to queue
[2023-07-31T16:45:44.108-0500] {logging_mixin.py:150} INFO - [2023-07-31T16:45:44.107-0500] {dagbag.py:541} INFO - Filling up the DagBag from /home/joha/anaconda3/lib/python3.10/site-packages/airflow/example_dags/example_task_group_decorator.py
[2023-07-31T16:45:44.132-0500] {processor.py:836} INFO - DAG(s) dict_keys(['example_task_group_decorator']) retrieved from /home/joha/anaconda3/lib/python3.10/site-packages/airflow/example_dags/example_task_group_decorator.py
[2023-07-31T16:45:44.153-0500] {logging_mixin.py:150} INFO - [2023-07-31T16:45:44.153-0500] {dag.py:2742} INFO - Sync 1 DAGs
[2023-07-31T16:45:44.172-0500] {logging_mixin.py:150} INFO - [2023-07-31T16:45:44.172-0500] {dag.py:3504} INFO - Setting next_dagrun for example_task_group_decorator to 2023-07-30T21:45:44.172392+00:00, run_after=2023-07-31T21:45:44.172392+00:00
[2023-07-31T16:45:44.192-0500] {processor.py:179} INFO - Processing /home/joha/anaconda3/lib/python3.10/site-packages/airflow/example_dags/example_task_group_decorator.py took 0.098 seconds
[2023-07-31T16:46:22.421-0500] {processor.py:157} INFO - Started process (PID=68911) to work on /home/joha/anaconda3/lib/python3.10/site-packages/airflow/example_dags/example_task_group_decorator.py
[2023-07-31T16:46:22.430-0500] {processor.py:826} INFO - Processing file /home/joha/anaconda3/lib/python3.10/site-packages/airflow/example_dags/example_task_group_decorator.py for tasks to queue
[2023-07-31T16:46:22.432-0500] {logging_mixin.py:150} INFO - [2023-07-31T16:46:22.431-0500] {dagbag.py:541} INFO - Filling up the DagBag from /home/joha/anaconda3/lib/python3.10/site-packages/airflow/example_dags/example_task_group_decorator.py
[2023-07-31T16:46:22.465-0500] {processor.py:836} INFO - DAG(s) dict_keys(['example_task_group_decorator']) retrieved from /home/joha/anaconda3/lib/python3.10/site-packages/airflow/example_dags/example_task_group_decorator.py
[2023-07-31T16:46:22.492-0500] {logging_mixin.py:150} INFO - [2023-07-31T16:46:22.491-0500] {dag.py:2742} INFO - Sync 1 DAGs
[2023-07-31T16:46:22.513-0500] {logging_mixin.py:150} INFO - [2023-07-31T16:46:22.513-0500] {dag.py:3504} INFO - Setting next_dagrun for example_task_group_decorator to 2023-07-30T21:46:22.512889+00:00, run_after=2023-07-31T21:46:22.512889+00:00
[2023-07-31T16:46:22.537-0500] {processor.py:179} INFO - Processing /home/joha/anaconda3/lib/python3.10/site-packages/airflow/example_dags/example_task_group_decorator.py took 0.119 seconds
[2023-07-31T16:47:10.548-0500] {processor.py:157} INFO - Started process (PID=68968) to work on /home/joha/anaconda3/lib/python3.10/site-packages/airflow/example_dags/example_task_group_decorator.py
[2023-07-31T16:47:10.556-0500] {processor.py:826} INFO - Processing file /home/joha/anaconda3/lib/python3.10/site-packages/airflow/example_dags/example_task_group_decorator.py for tasks to queue
[2023-07-31T16:47:10.557-0500] {logging_mixin.py:150} INFO - [2023-07-31T16:47:10.556-0500] {dagbag.py:541} INFO - Filling up the DagBag from /home/joha/anaconda3/lib/python3.10/site-packages/airflow/example_dags/example_task_group_decorator.py
[2023-07-31T16:47:10.574-0500] {processor.py:836} INFO - DAG(s) dict_keys(['example_task_group_decorator']) retrieved from /home/joha/anaconda3/lib/python3.10/site-packages/airflow/example_dags/example_task_group_decorator.py
[2023-07-31T16:47:10.599-0500] {logging_mixin.py:150} INFO - [2023-07-31T16:47:10.599-0500] {dag.py:2742} INFO - Sync 1 DAGs
[2023-07-31T16:47:10.621-0500] {logging_mixin.py:150} INFO - [2023-07-31T16:47:10.621-0500] {dag.py:3504} INFO - Setting next_dagrun for example_task_group_decorator to 2023-07-30T21:47:10.621301+00:00, run_after=2023-07-31T21:47:10.621301+00:00
[2023-07-31T16:47:10.644-0500] {processor.py:179} INFO - Processing /home/joha/anaconda3/lib/python3.10/site-packages/airflow/example_dags/example_task_group_decorator.py took 0.100 seconds
[2023-07-31T16:47:46.414-0500] {processor.py:157} INFO - Started process (PID=69011) to work on /home/joha/anaconda3/lib/python3.10/site-packages/airflow/example_dags/example_task_group_decorator.py
[2023-07-31T16:47:46.421-0500] {processor.py:826} INFO - Processing file /home/joha/anaconda3/lib/python3.10/site-packages/airflow/example_dags/example_task_group_decorator.py for tasks to queue
[2023-07-31T16:47:46.422-0500] {logging_mixin.py:150} INFO - [2023-07-31T16:47:46.422-0500] {dagbag.py:541} INFO - Filling up the DagBag from /home/joha/anaconda3/lib/python3.10/site-packages/airflow/example_dags/example_task_group_decorator.py
[2023-07-31T16:47:46.439-0500] {processor.py:836} INFO - DAG(s) dict_keys(['example_task_group_decorator']) retrieved from /home/joha/anaconda3/lib/python3.10/site-packages/airflow/example_dags/example_task_group_decorator.py
[2023-07-31T16:47:46.460-0500] {logging_mixin.py:150} INFO - [2023-07-31T16:47:46.460-0500] {dag.py:2742} INFO - Sync 1 DAGs
[2023-07-31T16:47:46.478-0500] {logging_mixin.py:150} INFO - [2023-07-31T16:47:46.478-0500] {dag.py:3504} INFO - Setting next_dagrun for example_task_group_decorator to 2023-07-30T21:47:46.478469+00:00, run_after=2023-07-31T21:47:46.478469+00:00
[2023-07-31T16:47:46.498-0500] {processor.py:179} INFO - Processing /home/joha/anaconda3/lib/python3.10/site-packages/airflow/example_dags/example_task_group_decorator.py took 0.088 seconds
[2023-07-31T16:48:21.223-0500] {processor.py:157} INFO - Started process (PID=69055) to work on /home/joha/anaconda3/lib/python3.10/site-packages/airflow/example_dags/example_task_group_decorator.py
[2023-07-31T16:48:21.231-0500] {processor.py:826} INFO - Processing file /home/joha/anaconda3/lib/python3.10/site-packages/airflow/example_dags/example_task_group_decorator.py for tasks to queue
[2023-07-31T16:48:21.232-0500] {logging_mixin.py:150} INFO - [2023-07-31T16:48:21.231-0500] {dagbag.py:541} INFO - Filling up the DagBag from /home/joha/anaconda3/lib/python3.10/site-packages/airflow/example_dags/example_task_group_decorator.py
[2023-07-31T16:48:21.248-0500] {processor.py:836} INFO - DAG(s) dict_keys(['example_task_group_decorator']) retrieved from /home/joha/anaconda3/lib/python3.10/site-packages/airflow/example_dags/example_task_group_decorator.py
[2023-07-31T16:48:21.269-0500] {logging_mixin.py:150} INFO - [2023-07-31T16:48:21.269-0500] {dag.py:2742} INFO - Sync 1 DAGs
[2023-07-31T16:48:21.287-0500] {logging_mixin.py:150} INFO - [2023-07-31T16:48:21.287-0500] {dag.py:3504} INFO - Setting next_dagrun for example_task_group_decorator to 2023-07-30T21:48:21.287166+00:00, run_after=2023-07-31T21:48:21.287166+00:00
[2023-07-31T16:48:21.338-0500] {processor.py:179} INFO - Processing /home/joha/anaconda3/lib/python3.10/site-packages/airflow/example_dags/example_task_group_decorator.py took 0.119 seconds
[2023-07-31T16:48:56.437-0500] {processor.py:157} INFO - Started process (PID=69105) to work on /home/joha/anaconda3/lib/python3.10/site-packages/airflow/example_dags/example_task_group_decorator.py
[2023-07-31T16:48:56.445-0500] {processor.py:826} INFO - Processing file /home/joha/anaconda3/lib/python3.10/site-packages/airflow/example_dags/example_task_group_decorator.py for tasks to queue
[2023-07-31T16:48:56.446-0500] {logging_mixin.py:150} INFO - [2023-07-31T16:48:56.445-0500] {dagbag.py:541} INFO - Filling up the DagBag from /home/joha/anaconda3/lib/python3.10/site-packages/airflow/example_dags/example_task_group_decorator.py
[2023-07-31T16:48:56.462-0500] {processor.py:836} INFO - DAG(s) dict_keys(['example_task_group_decorator']) retrieved from /home/joha/anaconda3/lib/python3.10/site-packages/airflow/example_dags/example_task_group_decorator.py
[2023-07-31T16:48:56.495-0500] {logging_mixin.py:150} INFO - [2023-07-31T16:48:56.495-0500] {dag.py:2742} INFO - Sync 1 DAGs
[2023-07-31T16:48:56.519-0500] {logging_mixin.py:150} INFO - [2023-07-31T16:48:56.519-0500] {dag.py:3504} INFO - Setting next_dagrun for example_task_group_decorator to 2023-07-30T21:48:56.519001+00:00, run_after=2023-07-31T21:48:56.519001+00:00
[2023-07-31T16:48:56.543-0500] {processor.py:179} INFO - Processing /home/joha/anaconda3/lib/python3.10/site-packages/airflow/example_dags/example_task_group_decorator.py took 0.109 seconds
[2023-07-31T16:49:34.699-0500] {processor.py:157} INFO - Started process (PID=69156) to work on /home/joha/anaconda3/lib/python3.10/site-packages/airflow/example_dags/example_task_group_decorator.py
[2023-07-31T16:49:34.707-0500] {processor.py:826} INFO - Processing file /home/joha/anaconda3/lib/python3.10/site-packages/airflow/example_dags/example_task_group_decorator.py for tasks to queue
[2023-07-31T16:49:34.708-0500] {logging_mixin.py:150} INFO - [2023-07-31T16:49:34.707-0500] {dagbag.py:541} INFO - Filling up the DagBag from /home/joha/anaconda3/lib/python3.10/site-packages/airflow/example_dags/example_task_group_decorator.py
[2023-07-31T16:49:34.724-0500] {processor.py:836} INFO - DAG(s) dict_keys(['example_task_group_decorator']) retrieved from /home/joha/anaconda3/lib/python3.10/site-packages/airflow/example_dags/example_task_group_decorator.py
[2023-07-31T16:49:34.746-0500] {logging_mixin.py:150} INFO - [2023-07-31T16:49:34.746-0500] {dag.py:2742} INFO - Sync 1 DAGs
[2023-07-31T16:49:34.768-0500] {logging_mixin.py:150} INFO - [2023-07-31T16:49:34.767-0500] {dag.py:3504} INFO - Setting next_dagrun for example_task_group_decorator to 2023-07-30T21:49:34.767709+00:00, run_after=2023-07-31T21:49:34.767709+00:00
[2023-07-31T16:49:34.790-0500] {processor.py:179} INFO - Processing /home/joha/anaconda3/lib/python3.10/site-packages/airflow/example_dags/example_task_group_decorator.py took 0.094 seconds
[2023-07-31T16:50:15.207-0500] {processor.py:157} INFO - Started process (PID=69220) to work on /home/joha/anaconda3/lib/python3.10/site-packages/airflow/example_dags/example_task_group_decorator.py
[2023-07-31T16:50:15.215-0500] {processor.py:826} INFO - Processing file /home/joha/anaconda3/lib/python3.10/site-packages/airflow/example_dags/example_task_group_decorator.py for tasks to queue
[2023-07-31T16:50:15.218-0500] {logging_mixin.py:150} INFO - [2023-07-31T16:50:15.217-0500] {dagbag.py:541} INFO - Filling up the DagBag from /home/joha/anaconda3/lib/python3.10/site-packages/airflow/example_dags/example_task_group_decorator.py
[2023-07-31T16:50:15.254-0500] {processor.py:836} INFO - DAG(s) dict_keys(['example_task_group_decorator']) retrieved from /home/joha/anaconda3/lib/python3.10/site-packages/airflow/example_dags/example_task_group_decorator.py
[2023-07-31T16:50:15.275-0500] {logging_mixin.py:150} INFO - [2023-07-31T16:50:15.275-0500] {dag.py:2742} INFO - Sync 1 DAGs
[2023-07-31T16:50:15.293-0500] {logging_mixin.py:150} INFO - [2023-07-31T16:50:15.293-0500] {dag.py:3504} INFO - Setting next_dagrun for example_task_group_decorator to 2023-07-30T21:50:15.293086+00:00, run_after=2023-07-31T21:50:15.293086+00:00
[2023-07-31T16:50:15.313-0500] {processor.py:179} INFO - Processing /home/joha/anaconda3/lib/python3.10/site-packages/airflow/example_dags/example_task_group_decorator.py took 0.111 seconds
[2023-07-31T16:50:54.248-0500] {processor.py:157} INFO - Started process (PID=69276) to work on /home/joha/anaconda3/lib/python3.10/site-packages/airflow/example_dags/example_task_group_decorator.py
[2023-07-31T16:50:54.257-0500] {processor.py:826} INFO - Processing file /home/joha/anaconda3/lib/python3.10/site-packages/airflow/example_dags/example_task_group_decorator.py for tasks to queue
[2023-07-31T16:50:54.260-0500] {logging_mixin.py:150} INFO - [2023-07-31T16:50:54.259-0500] {dagbag.py:541} INFO - Filling up the DagBag from /home/joha/anaconda3/lib/python3.10/site-packages/airflow/example_dags/example_task_group_decorator.py
[2023-07-31T16:50:54.285-0500] {processor.py:836} INFO - DAG(s) dict_keys(['example_task_group_decorator']) retrieved from /home/joha/anaconda3/lib/python3.10/site-packages/airflow/example_dags/example_task_group_decorator.py
[2023-07-31T16:50:54.307-0500] {logging_mixin.py:150} INFO - [2023-07-31T16:50:54.307-0500] {dag.py:2742} INFO - Sync 1 DAGs
[2023-07-31T16:50:54.328-0500] {logging_mixin.py:150} INFO - [2023-07-31T16:50:54.328-0500] {dag.py:3504} INFO - Setting next_dagrun for example_task_group_decorator to 2023-07-30T21:50:54.328069+00:00, run_after=2023-07-31T21:50:54.328069+00:00
[2023-07-31T16:50:54.351-0500] {processor.py:179} INFO - Processing /home/joha/anaconda3/lib/python3.10/site-packages/airflow/example_dags/example_task_group_decorator.py took 0.106 seconds
[2023-07-31T16:51:32.298-0500] {processor.py:157} INFO - Started process (PID=69324) to work on /home/joha/anaconda3/lib/python3.10/site-packages/airflow/example_dags/example_task_group_decorator.py
[2023-07-31T16:51:32.305-0500] {processor.py:826} INFO - Processing file /home/joha/anaconda3/lib/python3.10/site-packages/airflow/example_dags/example_task_group_decorator.py for tasks to queue
[2023-07-31T16:51:32.306-0500] {logging_mixin.py:150} INFO - [2023-07-31T16:51:32.306-0500] {dagbag.py:541} INFO - Filling up the DagBag from /home/joha/anaconda3/lib/python3.10/site-packages/airflow/example_dags/example_task_group_decorator.py
[2023-07-31T16:51:32.325-0500] {processor.py:836} INFO - DAG(s) dict_keys(['example_task_group_decorator']) retrieved from /home/joha/anaconda3/lib/python3.10/site-packages/airflow/example_dags/example_task_group_decorator.py
[2023-07-31T16:51:32.350-0500] {logging_mixin.py:150} INFO - [2023-07-31T16:51:32.350-0500] {dag.py:2742} INFO - Sync 1 DAGs
[2023-07-31T16:51:32.373-0500] {logging_mixin.py:150} INFO - [2023-07-31T16:51:32.373-0500] {dag.py:3504} INFO - Setting next_dagrun for example_task_group_decorator to 2023-07-30T21:51:32.373129+00:00, run_after=2023-07-31T21:51:32.373129+00:00
[2023-07-31T16:51:32.398-0500] {processor.py:179} INFO - Processing /home/joha/anaconda3/lib/python3.10/site-packages/airflow/example_dags/example_task_group_decorator.py took 0.103 seconds
[2023-07-31T16:52:09.541-0500] {processor.py:157} INFO - Started process (PID=69370) to work on /home/joha/anaconda3/lib/python3.10/site-packages/airflow/example_dags/example_task_group_decorator.py
[2023-07-31T16:52:09.550-0500] {processor.py:826} INFO - Processing file /home/joha/anaconda3/lib/python3.10/site-packages/airflow/example_dags/example_task_group_decorator.py for tasks to queue
[2023-07-31T16:52:09.553-0500] {logging_mixin.py:150} INFO - [2023-07-31T16:52:09.552-0500] {dagbag.py:541} INFO - Filling up the DagBag from /home/joha/anaconda3/lib/python3.10/site-packages/airflow/example_dags/example_task_group_decorator.py
[2023-07-31T16:52:09.586-0500] {processor.py:836} INFO - DAG(s) dict_keys(['example_task_group_decorator']) retrieved from /home/joha/anaconda3/lib/python3.10/site-packages/airflow/example_dags/example_task_group_decorator.py
[2023-07-31T16:52:09.607-0500] {logging_mixin.py:150} INFO - [2023-07-31T16:52:09.607-0500] {dag.py:2742} INFO - Sync 1 DAGs
[2023-07-31T16:52:09.625-0500] {logging_mixin.py:150} INFO - [2023-07-31T16:52:09.625-0500] {dag.py:3504} INFO - Setting next_dagrun for example_task_group_decorator to 2023-07-30T21:52:09.625095+00:00, run_after=2023-07-31T21:52:09.625095+00:00
[2023-07-31T16:52:09.648-0500] {processor.py:179} INFO - Processing /home/joha/anaconda3/lib/python3.10/site-packages/airflow/example_dags/example_task_group_decorator.py took 0.113 seconds
[2023-07-31T16:52:46.739-0500] {processor.py:157} INFO - Started process (PID=69428) to work on /home/joha/anaconda3/lib/python3.10/site-packages/airflow/example_dags/example_task_group_decorator.py
[2023-07-31T16:52:46.747-0500] {processor.py:826} INFO - Processing file /home/joha/anaconda3/lib/python3.10/site-packages/airflow/example_dags/example_task_group_decorator.py for tasks to queue
[2023-07-31T16:52:46.749-0500] {logging_mixin.py:150} INFO - [2023-07-31T16:52:46.748-0500] {dagbag.py:541} INFO - Filling up the DagBag from /home/joha/anaconda3/lib/python3.10/site-packages/airflow/example_dags/example_task_group_decorator.py
[2023-07-31T16:52:46.776-0500] {processor.py:836} INFO - DAG(s) dict_keys(['example_task_group_decorator']) retrieved from /home/joha/anaconda3/lib/python3.10/site-packages/airflow/example_dags/example_task_group_decorator.py
[2023-07-31T16:52:46.798-0500] {logging_mixin.py:150} INFO - [2023-07-31T16:52:46.797-0500] {dag.py:2742} INFO - Sync 1 DAGs
[2023-07-31T16:52:46.816-0500] {logging_mixin.py:150} INFO - [2023-07-31T16:52:46.816-0500] {dag.py:3504} INFO - Setting next_dagrun for example_task_group_decorator to 2023-07-30T21:52:46.816311+00:00, run_after=2023-07-31T21:52:46.816311+00:00
[2023-07-31T16:52:46.835-0500] {processor.py:179} INFO - Processing /home/joha/anaconda3/lib/python3.10/site-packages/airflow/example_dags/example_task_group_decorator.py took 0.103 seconds
[2023-07-31T16:53:35.885-0500] {processor.py:157} INFO - Started process (PID=69478) to work on /home/joha/anaconda3/lib/python3.10/site-packages/airflow/example_dags/example_task_group_decorator.py
[2023-07-31T16:53:35.893-0500] {processor.py:826} INFO - Processing file /home/joha/anaconda3/lib/python3.10/site-packages/airflow/example_dags/example_task_group_decorator.py for tasks to queue
[2023-07-31T16:53:35.895-0500] {logging_mixin.py:150} INFO - [2023-07-31T16:53:35.895-0500] {dagbag.py:541} INFO - Filling up the DagBag from /home/joha/anaconda3/lib/python3.10/site-packages/airflow/example_dags/example_task_group_decorator.py
[2023-07-31T16:53:35.923-0500] {processor.py:836} INFO - DAG(s) dict_keys(['example_task_group_decorator']) retrieved from /home/joha/anaconda3/lib/python3.10/site-packages/airflow/example_dags/example_task_group_decorator.py
[2023-07-31T16:53:35.944-0500] {logging_mixin.py:150} INFO - [2023-07-31T16:53:35.944-0500] {dag.py:2742} INFO - Sync 1 DAGs
[2023-07-31T16:53:35.963-0500] {logging_mixin.py:150} INFO - [2023-07-31T16:53:35.963-0500] {dag.py:3504} INFO - Setting next_dagrun for example_task_group_decorator to 2023-07-30T21:53:35.962865+00:00, run_after=2023-07-31T21:53:35.962865+00:00
[2023-07-31T16:53:35.982-0500] {processor.py:179} INFO - Processing /home/joha/anaconda3/lib/python3.10/site-packages/airflow/example_dags/example_task_group_decorator.py took 0.103 seconds
[2023-07-31T16:54:15.157-0500] {processor.py:157} INFO - Started process (PID=69527) to work on /home/joha/anaconda3/lib/python3.10/site-packages/airflow/example_dags/example_task_group_decorator.py
[2023-07-31T16:54:15.164-0500] {processor.py:826} INFO - Processing file /home/joha/anaconda3/lib/python3.10/site-packages/airflow/example_dags/example_task_group_decorator.py for tasks to queue
[2023-07-31T16:54:15.165-0500] {logging_mixin.py:150} INFO - [2023-07-31T16:54:15.164-0500] {dagbag.py:541} INFO - Filling up the DagBag from /home/joha/anaconda3/lib/python3.10/site-packages/airflow/example_dags/example_task_group_decorator.py
[2023-07-31T16:54:15.180-0500] {processor.py:836} INFO - DAG(s) dict_keys(['example_task_group_decorator']) retrieved from /home/joha/anaconda3/lib/python3.10/site-packages/airflow/example_dags/example_task_group_decorator.py
[2023-07-31T16:54:15.201-0500] {logging_mixin.py:150} INFO - [2023-07-31T16:54:15.200-0500] {dag.py:2742} INFO - Sync 1 DAGs
[2023-07-31T16:54:15.219-0500] {logging_mixin.py:150} INFO - [2023-07-31T16:54:15.219-0500] {dag.py:3504} INFO - Setting next_dagrun for example_task_group_decorator to 2023-07-30T21:54:15.219164+00:00, run_after=2023-07-31T21:54:15.219164+00:00
[2023-07-31T16:54:15.239-0500] {processor.py:179} INFO - Processing /home/joha/anaconda3/lib/python3.10/site-packages/airflow/example_dags/example_task_group_decorator.py took 0.085 seconds
[2023-07-31T16:55:04.104-0500] {processor.py:157} INFO - Started process (PID=69591) to work on /home/joha/anaconda3/lib/python3.10/site-packages/airflow/example_dags/example_task_group_decorator.py
[2023-07-31T16:55:04.112-0500] {processor.py:826} INFO - Processing file /home/joha/anaconda3/lib/python3.10/site-packages/airflow/example_dags/example_task_group_decorator.py for tasks to queue
[2023-07-31T16:55:04.113-0500] {logging_mixin.py:150} INFO - [2023-07-31T16:55:04.112-0500] {dagbag.py:541} INFO - Filling up the DagBag from /home/joha/anaconda3/lib/python3.10/site-packages/airflow/example_dags/example_task_group_decorator.py
[2023-07-31T16:55:04.127-0500] {processor.py:836} INFO - DAG(s) dict_keys(['example_task_group_decorator']) retrieved from /home/joha/anaconda3/lib/python3.10/site-packages/airflow/example_dags/example_task_group_decorator.py
[2023-07-31T16:55:04.148-0500] {logging_mixin.py:150} INFO - [2023-07-31T16:55:04.148-0500] {dag.py:2742} INFO - Sync 1 DAGs
[2023-07-31T16:55:04.166-0500] {logging_mixin.py:150} INFO - [2023-07-31T16:55:04.166-0500] {dag.py:3504} INFO - Setting next_dagrun for example_task_group_decorator to 2023-07-30T21:55:04.166101+00:00, run_after=2023-07-31T21:55:04.166101+00:00
[2023-07-31T16:55:04.185-0500] {processor.py:179} INFO - Processing /home/joha/anaconda3/lib/python3.10/site-packages/airflow/example_dags/example_task_group_decorator.py took 0.084 seconds
[2023-07-31T16:55:42.250-0500] {processor.py:157} INFO - Started process (PID=69649) to work on /home/joha/anaconda3/lib/python3.10/site-packages/airflow/example_dags/example_task_group_decorator.py
[2023-07-31T16:55:42.252-0500] {processor.py:826} INFO - Processing file /home/joha/anaconda3/lib/python3.10/site-packages/airflow/example_dags/example_task_group_decorator.py for tasks to queue
[2023-07-31T16:55:42.253-0500] {logging_mixin.py:150} INFO - [2023-07-31T16:55:42.253-0500] {dagbag.py:541} INFO - Filling up the DagBag from /home/joha/anaconda3/lib/python3.10/site-packages/airflow/example_dags/example_task_group_decorator.py
[2023-07-31T16:55:42.276-0500] {processor.py:836} INFO - DAG(s) dict_keys(['example_task_group_decorator']) retrieved from /home/joha/anaconda3/lib/python3.10/site-packages/airflow/example_dags/example_task_group_decorator.py
[2023-07-31T16:55:42.298-0500] {logging_mixin.py:150} INFO - [2023-07-31T16:55:42.297-0500] {dag.py:2742} INFO - Sync 1 DAGs
[2023-07-31T16:55:42.316-0500] {logging_mixin.py:150} INFO - [2023-07-31T16:55:42.316-0500] {dag.py:3504} INFO - Setting next_dagrun for example_task_group_decorator to 2023-07-30T21:55:42.316081+00:00, run_after=2023-07-31T21:55:42.316081+00:00
[2023-07-31T16:55:42.435-0500] {processor.py:179} INFO - Processing /home/joha/anaconda3/lib/python3.10/site-packages/airflow/example_dags/example_task_group_decorator.py took 0.190 seconds
[2023-07-31T16:56:19.180-0500] {processor.py:157} INFO - Started process (PID=69694) to work on /home/joha/anaconda3/lib/python3.10/site-packages/airflow/example_dags/example_task_group_decorator.py
[2023-07-31T16:56:19.190-0500] {processor.py:826} INFO - Processing file /home/joha/anaconda3/lib/python3.10/site-packages/airflow/example_dags/example_task_group_decorator.py for tasks to queue
[2023-07-31T16:56:19.192-0500] {logging_mixin.py:150} INFO - [2023-07-31T16:56:19.191-0500] {dagbag.py:541} INFO - Filling up the DagBag from /home/joha/anaconda3/lib/python3.10/site-packages/airflow/example_dags/example_task_group_decorator.py
[2023-07-31T16:56:19.218-0500] {processor.py:836} INFO - DAG(s) dict_keys(['example_task_group_decorator']) retrieved from /home/joha/anaconda3/lib/python3.10/site-packages/airflow/example_dags/example_task_group_decorator.py
[2023-07-31T16:56:19.240-0500] {logging_mixin.py:150} INFO - [2023-07-31T16:56:19.240-0500] {dag.py:2742} INFO - Sync 1 DAGs
[2023-07-31T16:56:19.259-0500] {logging_mixin.py:150} INFO - [2023-07-31T16:56:19.258-0500] {dag.py:3504} INFO - Setting next_dagrun for example_task_group_decorator to 2023-07-30T21:56:19.258668+00:00, run_after=2023-07-31T21:56:19.258668+00:00
[2023-07-31T16:56:19.277-0500] {processor.py:179} INFO - Processing /home/joha/anaconda3/lib/python3.10/site-packages/airflow/example_dags/example_task_group_decorator.py took 0.103 seconds
