[2023-07-31T16:44:14.083-0500] {processor.py:157} INFO - Started process (PID=68406) to work on /home/joha/anaconda3/lib/python3.10/site-packages/airflow/example_dags/example_trigger_controller_dag.py
[2023-07-31T16:44:14.084-0500] {processor.py:826} INFO - Processing file /home/joha/anaconda3/lib/python3.10/site-packages/airflow/example_dags/example_trigger_controller_dag.py for tasks to queue
[2023-07-31T16:44:14.085-0500] {logging_mixin.py:150} INFO - [2023-07-31T16:44:14.084-0500] {dagbag.py:541} INFO - Filling up the DagBag from /home/joha/anaconda3/lib/python3.10/site-packages/airflow/example_dags/example_trigger_controller_dag.py
[2023-07-31T16:44:14.093-0500] {processor.py:836} INFO - DAG(s) dict_keys(['example_trigger_controller_dag']) retrieved from /home/joha/anaconda3/lib/python3.10/site-packages/airflow/example_dags/example_trigger_controller_dag.py
[2023-07-31T16:44:14.117-0500] {logging_mixin.py:150} INFO - [2023-07-31T16:44:14.117-0500] {dag.py:2742} INFO - Sync 1 DAGs
[2023-07-31T16:44:14.136-0500] {logging_mixin.py:150} INFO - [2023-07-31T16:44:14.136-0500] {dag.py:3504} INFO - Setting next_dagrun for example_trigger_controller_dag to 2021-01-01T00:00:00+00:00, run_after=2021-01-01T00:00:00+00:00
[2023-07-31T16:44:14.165-0500] {processor.py:179} INFO - Processing /home/joha/anaconda3/lib/python3.10/site-packages/airflow/example_dags/example_trigger_controller_dag.py took 0.086 seconds
[2023-07-31T16:45:02.904-0500] {processor.py:157} INFO - Started process (PID=68800) to work on /home/joha/anaconda3/lib/python3.10/site-packages/airflow/example_dags/example_trigger_controller_dag.py
[2023-07-31T16:45:02.912-0500] {processor.py:826} INFO - Processing file /home/joha/anaconda3/lib/python3.10/site-packages/airflow/example_dags/example_trigger_controller_dag.py for tasks to queue
[2023-07-31T16:45:02.913-0500] {logging_mixin.py:150} INFO - [2023-07-31T16:45:02.913-0500] {dagbag.py:541} INFO - Filling up the DagBag from /home/joha/anaconda3/lib/python3.10/site-packages/airflow/example_dags/example_trigger_controller_dag.py
[2023-07-31T16:45:02.920-0500] {processor.py:836} INFO - DAG(s) dict_keys(['example_trigger_controller_dag']) retrieved from /home/joha/anaconda3/lib/python3.10/site-packages/airflow/example_dags/example_trigger_controller_dag.py
[2023-07-31T16:45:02.944-0500] {logging_mixin.py:150} INFO - [2023-07-31T16:45:02.944-0500] {dag.py:2742} INFO - Sync 1 DAGs
[2023-07-31T16:45:02.967-0500] {logging_mixin.py:150} INFO - [2023-07-31T16:45:02.967-0500] {dag.py:3504} INFO - Setting next_dagrun for example_trigger_controller_dag to 2021-01-01T00:00:00+00:00, run_after=2021-01-01T00:00:00+00:00
[2023-07-31T16:45:02.991-0500] {processor.py:179} INFO - Processing /home/joha/anaconda3/lib/python3.10/site-packages/airflow/example_dags/example_trigger_controller_dag.py took 0.092 seconds
[2023-07-31T16:45:40.464-0500] {processor.py:157} INFO - Started process (PID=68853) to work on /home/joha/anaconda3/lib/python3.10/site-packages/airflow/example_dags/example_trigger_controller_dag.py
[2023-07-31T16:45:40.474-0500] {processor.py:826} INFO - Processing file /home/joha/anaconda3/lib/python3.10/site-packages/airflow/example_dags/example_trigger_controller_dag.py for tasks to queue
[2023-07-31T16:45:40.478-0500] {logging_mixin.py:150} INFO - [2023-07-31T16:45:40.476-0500] {dagbag.py:541} INFO - Filling up the DagBag from /home/joha/anaconda3/lib/python3.10/site-packages/airflow/example_dags/example_trigger_controller_dag.py
[2023-07-31T16:45:40.496-0500] {processor.py:836} INFO - DAG(s) dict_keys(['example_trigger_controller_dag']) retrieved from /home/joha/anaconda3/lib/python3.10/site-packages/airflow/example_dags/example_trigger_controller_dag.py
[2023-07-31T16:45:40.535-0500] {logging_mixin.py:150} INFO - [2023-07-31T16:45:40.535-0500] {dag.py:2742} INFO - Sync 1 DAGs
[2023-07-31T16:45:40.555-0500] {logging_mixin.py:150} INFO - [2023-07-31T16:45:40.555-0500] {dag.py:3504} INFO - Setting next_dagrun for example_trigger_controller_dag to 2021-01-01T00:00:00+00:00, run_after=2021-01-01T00:00:00+00:00
[2023-07-31T16:45:40.577-0500] {processor.py:179} INFO - Processing /home/joha/anaconda3/lib/python3.10/site-packages/airflow/example_dags/example_trigger_controller_dag.py took 0.125 seconds
[2023-07-31T16:46:19.443-0500] {processor.py:157} INFO - Started process (PID=68907) to work on /home/joha/anaconda3/lib/python3.10/site-packages/airflow/example_dags/example_trigger_controller_dag.py
[2023-07-31T16:46:19.451-0500] {processor.py:826} INFO - Processing file /home/joha/anaconda3/lib/python3.10/site-packages/airflow/example_dags/example_trigger_controller_dag.py for tasks to queue
[2023-07-31T16:46:19.452-0500] {logging_mixin.py:150} INFO - [2023-07-31T16:46:19.452-0500] {dagbag.py:541} INFO - Filling up the DagBag from /home/joha/anaconda3/lib/python3.10/site-packages/airflow/example_dags/example_trigger_controller_dag.py
[2023-07-31T16:46:19.458-0500] {processor.py:836} INFO - DAG(s) dict_keys(['example_trigger_controller_dag']) retrieved from /home/joha/anaconda3/lib/python3.10/site-packages/airflow/example_dags/example_trigger_controller_dag.py
[2023-07-31T16:46:19.481-0500] {logging_mixin.py:150} INFO - [2023-07-31T16:46:19.481-0500] {dag.py:2742} INFO - Sync 1 DAGs
[2023-07-31T16:46:19.504-0500] {logging_mixin.py:150} INFO - [2023-07-31T16:46:19.504-0500] {dag.py:3504} INFO - Setting next_dagrun for example_trigger_controller_dag to 2021-01-01T00:00:00+00:00, run_after=2021-01-01T00:00:00+00:00
[2023-07-31T16:46:19.530-0500] {processor.py:179} INFO - Processing /home/joha/anaconda3/lib/python3.10/site-packages/airflow/example_dags/example_trigger_controller_dag.py took 0.090 seconds
[2023-07-31T16:46:53.000-0500] {processor.py:157} INFO - Started process (PID=68945) to work on /home/joha/anaconda3/lib/python3.10/site-packages/airflow/example_dags/example_trigger_controller_dag.py
[2023-07-31T16:46:53.008-0500] {processor.py:826} INFO - Processing file /home/joha/anaconda3/lib/python3.10/site-packages/airflow/example_dags/example_trigger_controller_dag.py for tasks to queue
[2023-07-31T16:46:53.009-0500] {logging_mixin.py:150} INFO - [2023-07-31T16:46:53.008-0500] {dagbag.py:541} INFO - Filling up the DagBag from /home/joha/anaconda3/lib/python3.10/site-packages/airflow/example_dags/example_trigger_controller_dag.py
[2023-07-31T16:46:53.015-0500] {processor.py:836} INFO - DAG(s) dict_keys(['example_trigger_controller_dag']) retrieved from /home/joha/anaconda3/lib/python3.10/site-packages/airflow/example_dags/example_trigger_controller_dag.py
[2023-07-31T16:46:53.036-0500] {logging_mixin.py:150} INFO - [2023-07-31T16:46:53.036-0500] {dag.py:2742} INFO - Sync 1 DAGs
[2023-07-31T16:46:53.059-0500] {logging_mixin.py:150} INFO - [2023-07-31T16:46:53.059-0500] {dag.py:3504} INFO - Setting next_dagrun for example_trigger_controller_dag to 2021-01-01T00:00:00+00:00, run_after=2021-01-01T00:00:00+00:00
[2023-07-31T16:46:53.081-0500] {processor.py:179} INFO - Processing /home/joha/anaconda3/lib/python3.10/site-packages/airflow/example_dags/example_trigger_controller_dag.py took 0.085 seconds
[2023-07-31T16:47:29.275-0500] {processor.py:157} INFO - Started process (PID=68995) to work on /home/joha/anaconda3/lib/python3.10/site-packages/airflow/example_dags/example_trigger_controller_dag.py
[2023-07-31T16:47:29.285-0500] {processor.py:826} INFO - Processing file /home/joha/anaconda3/lib/python3.10/site-packages/airflow/example_dags/example_trigger_controller_dag.py for tasks to queue
[2023-07-31T16:47:29.287-0500] {logging_mixin.py:150} INFO - [2023-07-31T16:47:29.286-0500] {dagbag.py:541} INFO - Filling up the DagBag from /home/joha/anaconda3/lib/python3.10/site-packages/airflow/example_dags/example_trigger_controller_dag.py
[2023-07-31T16:47:29.302-0500] {processor.py:836} INFO - DAG(s) dict_keys(['example_trigger_controller_dag']) retrieved from /home/joha/anaconda3/lib/python3.10/site-packages/airflow/example_dags/example_trigger_controller_dag.py
[2023-07-31T16:47:29.326-0500] {logging_mixin.py:150} INFO - [2023-07-31T16:47:29.326-0500] {dag.py:2742} INFO - Sync 1 DAGs
[2023-07-31T16:47:29.344-0500] {logging_mixin.py:150} INFO - [2023-07-31T16:47:29.344-0500] {dag.py:3504} INFO - Setting next_dagrun for example_trigger_controller_dag to 2021-01-01T00:00:00+00:00, run_after=2021-01-01T00:00:00+00:00
[2023-07-31T16:47:29.364-0500] {processor.py:179} INFO - Processing /home/joha/anaconda3/lib/python3.10/site-packages/airflow/example_dags/example_trigger_controller_dag.py took 0.095 seconds
[2023-07-31T16:48:06.699-0500] {processor.py:157} INFO - Started process (PID=69039) to work on /home/joha/anaconda3/lib/python3.10/site-packages/airflow/example_dags/example_trigger_controller_dag.py
[2023-07-31T16:48:06.708-0500] {processor.py:826} INFO - Processing file /home/joha/anaconda3/lib/python3.10/site-packages/airflow/example_dags/example_trigger_controller_dag.py for tasks to queue
[2023-07-31T16:48:06.710-0500] {logging_mixin.py:150} INFO - [2023-07-31T16:48:06.709-0500] {dagbag.py:541} INFO - Filling up the DagBag from /home/joha/anaconda3/lib/python3.10/site-packages/airflow/example_dags/example_trigger_controller_dag.py
[2023-07-31T16:48:06.719-0500] {processor.py:836} INFO - DAG(s) dict_keys(['example_trigger_controller_dag']) retrieved from /home/joha/anaconda3/lib/python3.10/site-packages/airflow/example_dags/example_trigger_controller_dag.py
[2023-07-31T16:48:06.740-0500] {logging_mixin.py:150} INFO - [2023-07-31T16:48:06.739-0500] {dag.py:2742} INFO - Sync 1 DAGs
[2023-07-31T16:48:06.758-0500] {logging_mixin.py:150} INFO - [2023-07-31T16:48:06.758-0500] {dag.py:3504} INFO - Setting next_dagrun for example_trigger_controller_dag to 2021-01-01T00:00:00+00:00, run_after=2021-01-01T00:00:00+00:00
[2023-07-31T16:48:06.777-0500] {processor.py:179} INFO - Processing /home/joha/anaconda3/lib/python3.10/site-packages/airflow/example_dags/example_trigger_controller_dag.py took 0.082 seconds
[2023-07-31T16:48:53.496-0500] {processor.py:157} INFO - Started process (PID=69102) to work on /home/joha/anaconda3/lib/python3.10/site-packages/airflow/example_dags/example_trigger_controller_dag.py
[2023-07-31T16:48:53.503-0500] {processor.py:826} INFO - Processing file /home/joha/anaconda3/lib/python3.10/site-packages/airflow/example_dags/example_trigger_controller_dag.py for tasks to queue
[2023-07-31T16:48:53.504-0500] {logging_mixin.py:150} INFO - [2023-07-31T16:48:53.504-0500] {dagbag.py:541} INFO - Filling up the DagBag from /home/joha/anaconda3/lib/python3.10/site-packages/airflow/example_dags/example_trigger_controller_dag.py
[2023-07-31T16:48:53.509-0500] {processor.py:836} INFO - DAG(s) dict_keys(['example_trigger_controller_dag']) retrieved from /home/joha/anaconda3/lib/python3.10/site-packages/airflow/example_dags/example_trigger_controller_dag.py
[2023-07-31T16:48:53.528-0500] {logging_mixin.py:150} INFO - [2023-07-31T16:48:53.528-0500] {dag.py:2742} INFO - Sync 1 DAGs
[2023-07-31T16:48:53.551-0500] {logging_mixin.py:150} INFO - [2023-07-31T16:48:53.551-0500] {dag.py:3504} INFO - Setting next_dagrun for example_trigger_controller_dag to 2021-01-01T00:00:00+00:00, run_after=2021-01-01T00:00:00+00:00
[2023-07-31T16:48:53.572-0500] {processor.py:179} INFO - Processing /home/joha/anaconda3/lib/python3.10/site-packages/airflow/example_dags/example_trigger_controller_dag.py took 0.080 seconds
[2023-07-31T16:49:31.505-0500] {processor.py:157} INFO - Started process (PID=69152) to work on /home/joha/anaconda3/lib/python3.10/site-packages/airflow/example_dags/example_trigger_controller_dag.py
[2023-07-31T16:49:31.513-0500] {processor.py:826} INFO - Processing file /home/joha/anaconda3/lib/python3.10/site-packages/airflow/example_dags/example_trigger_controller_dag.py for tasks to queue
[2023-07-31T16:49:31.516-0500] {logging_mixin.py:150} INFO - [2023-07-31T16:49:31.515-0500] {dagbag.py:541} INFO - Filling up the DagBag from /home/joha/anaconda3/lib/python3.10/site-packages/airflow/example_dags/example_trigger_controller_dag.py
[2023-07-31T16:49:31.532-0500] {processor.py:836} INFO - DAG(s) dict_keys(['example_trigger_controller_dag']) retrieved from /home/joha/anaconda3/lib/python3.10/site-packages/airflow/example_dags/example_trigger_controller_dag.py
[2023-07-31T16:49:31.558-0500] {logging_mixin.py:150} INFO - [2023-07-31T16:49:31.558-0500] {dag.py:2742} INFO - Sync 1 DAGs
[2023-07-31T16:49:31.578-0500] {logging_mixin.py:150} INFO - [2023-07-31T16:49:31.578-0500] {dag.py:3504} INFO - Setting next_dagrun for example_trigger_controller_dag to 2021-01-01T00:00:00+00:00, run_after=2021-01-01T00:00:00+00:00
[2023-07-31T16:49:31.597-0500] {processor.py:179} INFO - Processing /home/joha/anaconda3/lib/python3.10/site-packages/airflow/example_dags/example_trigger_controller_dag.py took 0.096 seconds
[2023-07-31T16:50:12.441-0500] {processor.py:157} INFO - Started process (PID=69211) to work on /home/joha/anaconda3/lib/python3.10/site-packages/airflow/example_dags/example_trigger_controller_dag.py
[2023-07-31T16:50:12.449-0500] {processor.py:826} INFO - Processing file /home/joha/anaconda3/lib/python3.10/site-packages/airflow/example_dags/example_trigger_controller_dag.py for tasks to queue
[2023-07-31T16:50:12.451-0500] {logging_mixin.py:150} INFO - [2023-07-31T16:50:12.450-0500] {dagbag.py:541} INFO - Filling up the DagBag from /home/joha/anaconda3/lib/python3.10/site-packages/airflow/example_dags/example_trigger_controller_dag.py
[2023-07-31T16:50:12.460-0500] {processor.py:836} INFO - DAG(s) dict_keys(['example_trigger_controller_dag']) retrieved from /home/joha/anaconda3/lib/python3.10/site-packages/airflow/example_dags/example_trigger_controller_dag.py
[2023-07-31T16:50:12.482-0500] {logging_mixin.py:150} INFO - [2023-07-31T16:50:12.481-0500] {dag.py:2742} INFO - Sync 1 DAGs
[2023-07-31T16:50:12.512-0500] {logging_mixin.py:150} INFO - [2023-07-31T16:50:12.512-0500] {dag.py:3504} INFO - Setting next_dagrun for example_trigger_controller_dag to 2021-01-01T00:00:00+00:00, run_after=2021-01-01T00:00:00+00:00
[2023-07-31T16:50:12.538-0500] {processor.py:179} INFO - Processing /home/joha/anaconda3/lib/python3.10/site-packages/airflow/example_dags/example_trigger_controller_dag.py took 0.101 seconds
[2023-07-31T16:50:50.640-0500] {processor.py:157} INFO - Started process (PID=69273) to work on /home/joha/anaconda3/lib/python3.10/site-packages/airflow/example_dags/example_trigger_controller_dag.py
[2023-07-31T16:50:50.649-0500] {processor.py:826} INFO - Processing file /home/joha/anaconda3/lib/python3.10/site-packages/airflow/example_dags/example_trigger_controller_dag.py for tasks to queue
[2023-07-31T16:50:50.653-0500] {logging_mixin.py:150} INFO - [2023-07-31T16:50:50.651-0500] {dagbag.py:541} INFO - Filling up the DagBag from /home/joha/anaconda3/lib/python3.10/site-packages/airflow/example_dags/example_trigger_controller_dag.py
[2023-07-31T16:50:50.665-0500] {processor.py:836} INFO - DAG(s) dict_keys(['example_trigger_controller_dag']) retrieved from /home/joha/anaconda3/lib/python3.10/site-packages/airflow/example_dags/example_trigger_controller_dag.py
[2023-07-31T16:50:50.688-0500] {logging_mixin.py:150} INFO - [2023-07-31T16:50:50.688-0500] {dag.py:2742} INFO - Sync 1 DAGs
[2023-07-31T16:50:50.711-0500] {logging_mixin.py:150} INFO - [2023-07-31T16:50:50.711-0500] {dag.py:3504} INFO - Setting next_dagrun for example_trigger_controller_dag to 2021-01-01T00:00:00+00:00, run_after=2021-01-01T00:00:00+00:00
[2023-07-31T16:50:50.733-0500] {processor.py:179} INFO - Processing /home/joha/anaconda3/lib/python3.10/site-packages/airflow/example_dags/example_trigger_controller_dag.py took 0.096 seconds
[2023-07-31T16:51:29.157-0500] {processor.py:157} INFO - Started process (PID=69321) to work on /home/joha/anaconda3/lib/python3.10/site-packages/airflow/example_dags/example_trigger_controller_dag.py
[2023-07-31T16:51:29.164-0500] {processor.py:826} INFO - Processing file /home/joha/anaconda3/lib/python3.10/site-packages/airflow/example_dags/example_trigger_controller_dag.py for tasks to queue
[2023-07-31T16:51:29.166-0500] {logging_mixin.py:150} INFO - [2023-07-31T16:51:29.165-0500] {dagbag.py:541} INFO - Filling up the DagBag from /home/joha/anaconda3/lib/python3.10/site-packages/airflow/example_dags/example_trigger_controller_dag.py
[2023-07-31T16:51:29.172-0500] {processor.py:836} INFO - DAG(s) dict_keys(['example_trigger_controller_dag']) retrieved from /home/joha/anaconda3/lib/python3.10/site-packages/airflow/example_dags/example_trigger_controller_dag.py
[2023-07-31T16:51:29.193-0500] {logging_mixin.py:150} INFO - [2023-07-31T16:51:29.193-0500] {dag.py:2742} INFO - Sync 1 DAGs
[2023-07-31T16:51:29.212-0500] {logging_mixin.py:150} INFO - [2023-07-31T16:51:29.212-0500] {dag.py:3504} INFO - Setting next_dagrun for example_trigger_controller_dag to 2021-01-01T00:00:00+00:00, run_after=2021-01-01T00:00:00+00:00
[2023-07-31T16:51:29.230-0500] {processor.py:179} INFO - Processing /home/joha/anaconda3/lib/python3.10/site-packages/airflow/example_dags/example_trigger_controller_dag.py took 0.078 seconds
[2023-07-31T16:52:07.119-0500] {processor.py:157} INFO - Started process (PID=69367) to work on /home/joha/anaconda3/lib/python3.10/site-packages/airflow/example_dags/example_trigger_controller_dag.py
[2023-07-31T16:52:07.127-0500] {processor.py:826} INFO - Processing file /home/joha/anaconda3/lib/python3.10/site-packages/airflow/example_dags/example_trigger_controller_dag.py for tasks to queue
[2023-07-31T16:52:07.128-0500] {logging_mixin.py:150} INFO - [2023-07-31T16:52:07.128-0500] {dagbag.py:541} INFO - Filling up the DagBag from /home/joha/anaconda3/lib/python3.10/site-packages/airflow/example_dags/example_trigger_controller_dag.py
[2023-07-31T16:52:07.135-0500] {processor.py:836} INFO - DAG(s) dict_keys(['example_trigger_controller_dag']) retrieved from /home/joha/anaconda3/lib/python3.10/site-packages/airflow/example_dags/example_trigger_controller_dag.py
[2023-07-31T16:52:07.158-0500] {logging_mixin.py:150} INFO - [2023-07-31T16:52:07.158-0500] {dag.py:2742} INFO - Sync 1 DAGs
[2023-07-31T16:52:07.177-0500] {logging_mixin.py:150} INFO - [2023-07-31T16:52:07.176-0500] {dag.py:3504} INFO - Setting next_dagrun for example_trigger_controller_dag to 2021-01-01T00:00:00+00:00, run_after=2021-01-01T00:00:00+00:00
[2023-07-31T16:52:07.196-0500] {processor.py:179} INFO - Processing /home/joha/anaconda3/lib/python3.10/site-packages/airflow/example_dags/example_trigger_controller_dag.py took 0.082 seconds
[2023-07-31T16:52:44.237-0500] {processor.py:157} INFO - Started process (PID=69425) to work on /home/joha/anaconda3/lib/python3.10/site-packages/airflow/example_dags/example_trigger_controller_dag.py
[2023-07-31T16:52:44.246-0500] {processor.py:826} INFO - Processing file /home/joha/anaconda3/lib/python3.10/site-packages/airflow/example_dags/example_trigger_controller_dag.py for tasks to queue
[2023-07-31T16:52:44.249-0500] {logging_mixin.py:150} INFO - [2023-07-31T16:52:44.248-0500] {dagbag.py:541} INFO - Filling up the DagBag from /home/joha/anaconda3/lib/python3.10/site-packages/airflow/example_dags/example_trigger_controller_dag.py
[2023-07-31T16:52:44.259-0500] {processor.py:836} INFO - DAG(s) dict_keys(['example_trigger_controller_dag']) retrieved from /home/joha/anaconda3/lib/python3.10/site-packages/airflow/example_dags/example_trigger_controller_dag.py
[2023-07-31T16:52:44.281-0500] {logging_mixin.py:150} INFO - [2023-07-31T16:52:44.281-0500] {dag.py:2742} INFO - Sync 1 DAGs
[2023-07-31T16:52:44.301-0500] {logging_mixin.py:150} INFO - [2023-07-31T16:52:44.300-0500] {dag.py:3504} INFO - Setting next_dagrun for example_trigger_controller_dag to 2021-01-01T00:00:00+00:00, run_after=2021-01-01T00:00:00+00:00
[2023-07-31T16:52:44.320-0500] {processor.py:179} INFO - Processing /home/joha/anaconda3/lib/python3.10/site-packages/airflow/example_dags/example_trigger_controller_dag.py took 0.090 seconds
[2023-07-31T16:53:32.283-0500] {processor.py:157} INFO - Started process (PID=69475) to work on /home/joha/anaconda3/lib/python3.10/site-packages/airflow/example_dags/example_trigger_controller_dag.py
[2023-07-31T16:53:32.291-0500] {processor.py:826} INFO - Processing file /home/joha/anaconda3/lib/python3.10/site-packages/airflow/example_dags/example_trigger_controller_dag.py for tasks to queue
[2023-07-31T16:53:32.294-0500] {logging_mixin.py:150} INFO - [2023-07-31T16:53:32.293-0500] {dagbag.py:541} INFO - Filling up the DagBag from /home/joha/anaconda3/lib/python3.10/site-packages/airflow/example_dags/example_trigger_controller_dag.py
[2023-07-31T16:53:32.308-0500] {processor.py:836} INFO - DAG(s) dict_keys(['example_trigger_controller_dag']) retrieved from /home/joha/anaconda3/lib/python3.10/site-packages/airflow/example_dags/example_trigger_controller_dag.py
[2023-07-31T16:53:32.333-0500] {logging_mixin.py:150} INFO - [2023-07-31T16:53:32.333-0500] {dag.py:2742} INFO - Sync 1 DAGs
[2023-07-31T16:53:32.351-0500] {logging_mixin.py:150} INFO - [2023-07-31T16:53:32.351-0500] {dag.py:3504} INFO - Setting next_dagrun for example_trigger_controller_dag to 2021-01-01T00:00:00+00:00, run_after=2021-01-01T00:00:00+00:00
[2023-07-31T16:53:32.372-0500] {processor.py:179} INFO - Processing /home/joha/anaconda3/lib/python3.10/site-packages/airflow/example_dags/example_trigger_controller_dag.py took 0.095 seconds
[2023-07-31T16:54:12.245-0500] {processor.py:157} INFO - Started process (PID=69524) to work on /home/joha/anaconda3/lib/python3.10/site-packages/airflow/example_dags/example_trigger_controller_dag.py
[2023-07-31T16:54:12.253-0500] {processor.py:826} INFO - Processing file /home/joha/anaconda3/lib/python3.10/site-packages/airflow/example_dags/example_trigger_controller_dag.py for tasks to queue
[2023-07-31T16:54:12.256-0500] {logging_mixin.py:150} INFO - [2023-07-31T16:54:12.255-0500] {dagbag.py:541} INFO - Filling up the DagBag from /home/joha/anaconda3/lib/python3.10/site-packages/airflow/example_dags/example_trigger_controller_dag.py
[2023-07-31T16:54:12.265-0500] {processor.py:836} INFO - DAG(s) dict_keys(['example_trigger_controller_dag']) retrieved from /home/joha/anaconda3/lib/python3.10/site-packages/airflow/example_dags/example_trigger_controller_dag.py
[2023-07-31T16:54:12.289-0500] {logging_mixin.py:150} INFO - [2023-07-31T16:54:12.289-0500] {dag.py:2742} INFO - Sync 1 DAGs
[2023-07-31T16:54:12.308-0500] {logging_mixin.py:150} INFO - [2023-07-31T16:54:12.308-0500] {dag.py:3504} INFO - Setting next_dagrun for example_trigger_controller_dag to 2021-01-01T00:00:00+00:00, run_after=2021-01-01T00:00:00+00:00
[2023-07-31T16:54:12.330-0500] {processor.py:179} INFO - Processing /home/joha/anaconda3/lib/python3.10/site-packages/airflow/example_dags/example_trigger_controller_dag.py took 0.092 seconds
[2023-07-31T16:54:43.585-0500] {processor.py:157} INFO - Started process (PID=69567) to work on /home/joha/anaconda3/lib/python3.10/site-packages/airflow/example_dags/example_trigger_controller_dag.py
[2023-07-31T16:54:43.593-0500] {processor.py:826} INFO - Processing file /home/joha/anaconda3/lib/python3.10/site-packages/airflow/example_dags/example_trigger_controller_dag.py for tasks to queue
[2023-07-31T16:54:43.596-0500] {logging_mixin.py:150} INFO - [2023-07-31T16:54:43.594-0500] {dagbag.py:541} INFO - Filling up the DagBag from /home/joha/anaconda3/lib/python3.10/site-packages/airflow/example_dags/example_trigger_controller_dag.py
[2023-07-31T16:54:43.610-0500] {processor.py:836} INFO - DAG(s) dict_keys(['example_trigger_controller_dag']) retrieved from /home/joha/anaconda3/lib/python3.10/site-packages/airflow/example_dags/example_trigger_controller_dag.py
[2023-07-31T16:54:43.638-0500] {logging_mixin.py:150} INFO - [2023-07-31T16:54:43.638-0500] {dag.py:2742} INFO - Sync 1 DAGs
[2023-07-31T16:54:43.656-0500] {logging_mixin.py:150} INFO - [2023-07-31T16:54:43.656-0500] {dag.py:3504} INFO - Setting next_dagrun for example_trigger_controller_dag to 2021-01-01T00:00:00+00:00, run_after=2021-01-01T00:00:00+00:00
[2023-07-31T16:54:43.675-0500] {processor.py:179} INFO - Processing /home/joha/anaconda3/lib/python3.10/site-packages/airflow/example_dags/example_trigger_controller_dag.py took 0.095 seconds
[2023-07-31T16:55:19.145-0500] {processor.py:157} INFO - Started process (PID=69621) to work on /home/joha/anaconda3/lib/python3.10/site-packages/airflow/example_dags/example_trigger_controller_dag.py
[2023-07-31T16:55:19.154-0500] {processor.py:826} INFO - Processing file /home/joha/anaconda3/lib/python3.10/site-packages/airflow/example_dags/example_trigger_controller_dag.py for tasks to queue
[2023-07-31T16:55:19.157-0500] {logging_mixin.py:150} INFO - [2023-07-31T16:55:19.156-0500] {dagbag.py:541} INFO - Filling up the DagBag from /home/joha/anaconda3/lib/python3.10/site-packages/airflow/example_dags/example_trigger_controller_dag.py
[2023-07-31T16:55:19.172-0500] {processor.py:836} INFO - DAG(s) dict_keys(['example_trigger_controller_dag']) retrieved from /home/joha/anaconda3/lib/python3.10/site-packages/airflow/example_dags/example_trigger_controller_dag.py
[2023-07-31T16:55:19.196-0500] {logging_mixin.py:150} INFO - [2023-07-31T16:55:19.196-0500] {dag.py:2742} INFO - Sync 1 DAGs
[2023-07-31T16:55:19.214-0500] {logging_mixin.py:150} INFO - [2023-07-31T16:55:19.214-0500] {dag.py:3504} INFO - Setting next_dagrun for example_trigger_controller_dag to 2021-01-01T00:00:00+00:00, run_after=2021-01-01T00:00:00+00:00
[2023-07-31T16:55:19.233-0500] {processor.py:179} INFO - Processing /home/joha/anaconda3/lib/python3.10/site-packages/airflow/example_dags/example_trigger_controller_dag.py took 0.092 seconds
[2023-07-31T16:55:57.994-0500] {processor.py:157} INFO - Started process (PID=69665) to work on /home/joha/anaconda3/lib/python3.10/site-packages/airflow/example_dags/example_trigger_controller_dag.py
[2023-07-31T16:55:58.002-0500] {processor.py:826} INFO - Processing file /home/joha/anaconda3/lib/python3.10/site-packages/airflow/example_dags/example_trigger_controller_dag.py for tasks to queue
[2023-07-31T16:55:58.005-0500] {logging_mixin.py:150} INFO - [2023-07-31T16:55:58.004-0500] {dagbag.py:541} INFO - Filling up the DagBag from /home/joha/anaconda3/lib/python3.10/site-packages/airflow/example_dags/example_trigger_controller_dag.py
[2023-07-31T16:55:58.018-0500] {processor.py:836} INFO - DAG(s) dict_keys(['example_trigger_controller_dag']) retrieved from /home/joha/anaconda3/lib/python3.10/site-packages/airflow/example_dags/example_trigger_controller_dag.py
[2023-07-31T16:55:58.045-0500] {logging_mixin.py:150} INFO - [2023-07-31T16:55:58.045-0500] {dag.py:2742} INFO - Sync 1 DAGs
[2023-07-31T16:55:58.070-0500] {logging_mixin.py:150} INFO - [2023-07-31T16:55:58.070-0500] {dag.py:3504} INFO - Setting next_dagrun for example_trigger_controller_dag to 2021-01-01T00:00:00+00:00, run_after=2021-01-01T00:00:00+00:00
[2023-07-31T16:55:58.097-0500] {processor.py:179} INFO - Processing /home/joha/anaconda3/lib/python3.10/site-packages/airflow/example_dags/example_trigger_controller_dag.py took 0.108 seconds
