[2023-07-31T16:44:16.403-0500] {processor.py:157} INFO - Started process (PID=68408) to work on /home/joha/anaconda3/lib/python3.10/site-packages/airflow/example_dags/example_sla_dag.py
[2023-07-31T16:44:16.404-0500] {processor.py:826} INFO - Processing file /home/joha/anaconda3/lib/python3.10/site-packages/airflow/example_dags/example_sla_dag.py for tasks to queue
[2023-07-31T16:44:16.405-0500] {logging_mixin.py:150} INFO - [2023-07-31T16:44:16.404-0500] {dagbag.py:541} INFO - Filling up the DagBag from /home/joha/anaconda3/lib/python3.10/site-packages/airflow/example_dags/example_sla_dag.py
[2023-07-31T16:44:16.415-0500] {processor.py:836} INFO - DAG(s) dict_keys(['example_sla_dag']) retrieved from /home/joha/anaconda3/lib/python3.10/site-packages/airflow/example_dags/example_sla_dag.py
[2023-07-31T16:44:16.435-0500] {logging_mixin.py:150} INFO - [2023-07-31T16:44:16.435-0500] {dag.py:2742} INFO - Sync 1 DAGs
[2023-07-31T16:44:16.457-0500] {logging_mixin.py:150} INFO - [2023-07-31T16:44:16.457-0500] {dag.py:3504} INFO - Setting next_dagrun for example_sla_dag to 2023-07-31T21:42:00+00:00, run_after=2023-07-31T21:44:00+00:00
[2023-07-31T16:44:16.484-0500] {processor.py:179} INFO - Processing /home/joha/anaconda3/lib/python3.10/site-packages/airflow/example_dags/example_sla_dag.py took 0.084 seconds
[2023-07-31T16:45:05.301-0500] {processor.py:157} INFO - Started process (PID=68803) to work on /home/joha/anaconda3/lib/python3.10/site-packages/airflow/example_dags/example_sla_dag.py
[2023-07-31T16:45:05.310-0500] {processor.py:826} INFO - Processing file /home/joha/anaconda3/lib/python3.10/site-packages/airflow/example_dags/example_sla_dag.py for tasks to queue
[2023-07-31T16:45:05.314-0500] {logging_mixin.py:150} INFO - [2023-07-31T16:45:05.312-0500] {dagbag.py:541} INFO - Filling up the DagBag from /home/joha/anaconda3/lib/python3.10/site-packages/airflow/example_dags/example_sla_dag.py
[2023-07-31T16:45:05.338-0500] {processor.py:836} INFO - DAG(s) dict_keys(['example_sla_dag']) retrieved from /home/joha/anaconda3/lib/python3.10/site-packages/airflow/example_dags/example_sla_dag.py
[2023-07-31T16:45:05.364-0500] {logging_mixin.py:150} INFO - [2023-07-31T16:45:05.364-0500] {dag.py:2742} INFO - Sync 1 DAGs
[2023-07-31T16:45:05.396-0500] {logging_mixin.py:150} INFO - [2023-07-31T16:45:05.396-0500] {dag.py:3504} INFO - Setting next_dagrun for example_sla_dag to 2023-07-31T21:42:00+00:00, run_after=2023-07-31T21:44:00+00:00
[2023-07-31T16:45:05.418-0500] {processor.py:179} INFO - Processing /home/joha/anaconda3/lib/python3.10/site-packages/airflow/example_dags/example_sla_dag.py took 0.121 seconds
[2023-07-31T16:45:42.799-0500] {processor.py:157} INFO - Started process (PID=68856) to work on /home/joha/anaconda3/lib/python3.10/site-packages/airflow/example_dags/example_sla_dag.py
[2023-07-31T16:45:42.807-0500] {processor.py:826} INFO - Processing file /home/joha/anaconda3/lib/python3.10/site-packages/airflow/example_dags/example_sla_dag.py for tasks to queue
[2023-07-31T16:45:42.809-0500] {logging_mixin.py:150} INFO - [2023-07-31T16:45:42.808-0500] {dagbag.py:541} INFO - Filling up the DagBag from /home/joha/anaconda3/lib/python3.10/site-packages/airflow/example_dags/example_sla_dag.py
[2023-07-31T16:45:42.827-0500] {processor.py:836} INFO - DAG(s) dict_keys(['example_sla_dag']) retrieved from /home/joha/anaconda3/lib/python3.10/site-packages/airflow/example_dags/example_sla_dag.py
[2023-07-31T16:45:42.851-0500] {logging_mixin.py:150} INFO - [2023-07-31T16:45:42.851-0500] {dag.py:2742} INFO - Sync 1 DAGs
[2023-07-31T16:45:42.881-0500] {logging_mixin.py:150} INFO - [2023-07-31T16:45:42.881-0500] {dag.py:3504} INFO - Setting next_dagrun for example_sla_dag to 2023-07-31T21:42:00+00:00, run_after=2023-07-31T21:44:00+00:00
[2023-07-31T16:45:42.908-0500] {processor.py:179} INFO - Processing /home/joha/anaconda3/lib/python3.10/site-packages/airflow/example_dags/example_sla_dag.py took 0.116 seconds
[2023-07-31T16:46:21.176-0500] {processor.py:157} INFO - Started process (PID=68909) to work on /home/joha/anaconda3/lib/python3.10/site-packages/airflow/example_dags/example_sla_dag.py
[2023-07-31T16:46:21.184-0500] {processor.py:826} INFO - Processing file /home/joha/anaconda3/lib/python3.10/site-packages/airflow/example_dags/example_sla_dag.py for tasks to queue
[2023-07-31T16:46:21.185-0500] {logging_mixin.py:150} INFO - [2023-07-31T16:46:21.184-0500] {dagbag.py:541} INFO - Filling up the DagBag from /home/joha/anaconda3/lib/python3.10/site-packages/airflow/example_dags/example_sla_dag.py
[2023-07-31T16:46:21.195-0500] {processor.py:836} INFO - DAG(s) dict_keys(['example_sla_dag']) retrieved from /home/joha/anaconda3/lib/python3.10/site-packages/airflow/example_dags/example_sla_dag.py
[2023-07-31T16:46:21.217-0500] {logging_mixin.py:150} INFO - [2023-07-31T16:46:21.217-0500] {dag.py:2742} INFO - Sync 1 DAGs
[2023-07-31T16:46:21.247-0500] {logging_mixin.py:150} INFO - [2023-07-31T16:46:21.247-0500] {dag.py:3504} INFO - Setting next_dagrun for example_sla_dag to 2023-07-31T21:44:00+00:00, run_after=2023-07-31T21:46:00+00:00
[2023-07-31T16:46:21.272-0500] {processor.py:179} INFO - Processing /home/joha/anaconda3/lib/python3.10/site-packages/airflow/example_dags/example_sla_dag.py took 0.099 seconds
[2023-07-31T16:47:09.284-0500] {processor.py:157} INFO - Started process (PID=68967) to work on /home/joha/anaconda3/lib/python3.10/site-packages/airflow/example_dags/example_sla_dag.py
[2023-07-31T16:47:09.292-0500] {processor.py:826} INFO - Processing file /home/joha/anaconda3/lib/python3.10/site-packages/airflow/example_dags/example_sla_dag.py for tasks to queue
[2023-07-31T16:47:09.295-0500] {logging_mixin.py:150} INFO - [2023-07-31T16:47:09.294-0500] {dagbag.py:541} INFO - Filling up the DagBag from /home/joha/anaconda3/lib/python3.10/site-packages/airflow/example_dags/example_sla_dag.py
[2023-07-31T16:47:09.314-0500] {processor.py:836} INFO - DAG(s) dict_keys(['example_sla_dag']) retrieved from /home/joha/anaconda3/lib/python3.10/site-packages/airflow/example_dags/example_sla_dag.py
[2023-07-31T16:47:09.334-0500] {logging_mixin.py:150} INFO - [2023-07-31T16:47:09.334-0500] {dag.py:2742} INFO - Sync 1 DAGs
[2023-07-31T16:47:09.359-0500] {logging_mixin.py:150} INFO - [2023-07-31T16:47:09.359-0500] {dag.py:3504} INFO - Setting next_dagrun for example_sla_dag to 2023-07-31T21:44:00+00:00, run_after=2023-07-31T21:46:00+00:00
[2023-07-31T16:47:09.383-0500] {processor.py:179} INFO - Processing /home/joha/anaconda3/lib/python3.10/site-packages/airflow/example_dags/example_sla_dag.py took 0.102 seconds
[2023-07-31T16:47:45.266-0500] {processor.py:157} INFO - Started process (PID=69010) to work on /home/joha/anaconda3/lib/python3.10/site-packages/airflow/example_dags/example_sla_dag.py
[2023-07-31T16:47:45.274-0500] {processor.py:826} INFO - Processing file /home/joha/anaconda3/lib/python3.10/site-packages/airflow/example_dags/example_sla_dag.py for tasks to queue
[2023-07-31T16:47:45.277-0500] {logging_mixin.py:150} INFO - [2023-07-31T16:47:45.276-0500] {dagbag.py:541} INFO - Filling up the DagBag from /home/joha/anaconda3/lib/python3.10/site-packages/airflow/example_dags/example_sla_dag.py
[2023-07-31T16:47:45.300-0500] {processor.py:836} INFO - DAG(s) dict_keys(['example_sla_dag']) retrieved from /home/joha/anaconda3/lib/python3.10/site-packages/airflow/example_dags/example_sla_dag.py
[2023-07-31T16:47:45.320-0500] {logging_mixin.py:150} INFO - [2023-07-31T16:47:45.320-0500] {dag.py:2742} INFO - Sync 1 DAGs
[2023-07-31T16:47:45.342-0500] {logging_mixin.py:150} INFO - [2023-07-31T16:47:45.342-0500] {dag.py:3504} INFO - Setting next_dagrun for example_sla_dag to 2023-07-31T21:44:00+00:00, run_after=2023-07-31T21:46:00+00:00
[2023-07-31T16:47:45.361-0500] {processor.py:179} INFO - Processing /home/joha/anaconda3/lib/python3.10/site-packages/airflow/example_dags/example_sla_dag.py took 0.097 seconds
[2023-07-31T16:48:20.058-0500] {processor.py:157} INFO - Started process (PID=69054) to work on /home/joha/anaconda3/lib/python3.10/site-packages/airflow/example_dags/example_sla_dag.py
[2023-07-31T16:48:20.066-0500] {processor.py:826} INFO - Processing file /home/joha/anaconda3/lib/python3.10/site-packages/airflow/example_dags/example_sla_dag.py for tasks to queue
[2023-07-31T16:48:20.068-0500] {logging_mixin.py:150} INFO - [2023-07-31T16:48:20.068-0500] {dagbag.py:541} INFO - Filling up the DagBag from /home/joha/anaconda3/lib/python3.10/site-packages/airflow/example_dags/example_sla_dag.py
[2023-07-31T16:48:20.086-0500] {processor.py:836} INFO - DAG(s) dict_keys(['example_sla_dag']) retrieved from /home/joha/anaconda3/lib/python3.10/site-packages/airflow/example_dags/example_sla_dag.py
[2023-07-31T16:48:20.106-0500] {logging_mixin.py:150} INFO - [2023-07-31T16:48:20.106-0500] {dag.py:2742} INFO - Sync 1 DAGs
[2023-07-31T16:48:20.127-0500] {logging_mixin.py:150} INFO - [2023-07-31T16:48:20.127-0500] {dag.py:3504} INFO - Setting next_dagrun for example_sla_dag to 2023-07-31T21:46:00+00:00, run_after=2023-07-31T21:48:00+00:00
[2023-07-31T16:48:20.146-0500] {processor.py:179} INFO - Processing /home/joha/anaconda3/lib/python3.10/site-packages/airflow/example_dags/example_sla_dag.py took 0.094 seconds
[2023-07-31T16:48:55.182-0500] {processor.py:157} INFO - Started process (PID=69104) to work on /home/joha/anaconda3/lib/python3.10/site-packages/airflow/example_dags/example_sla_dag.py
[2023-07-31T16:48:55.190-0500] {processor.py:826} INFO - Processing file /home/joha/anaconda3/lib/python3.10/site-packages/airflow/example_dags/example_sla_dag.py for tasks to queue
[2023-07-31T16:48:55.191-0500] {logging_mixin.py:150} INFO - [2023-07-31T16:48:55.191-0500] {dagbag.py:541} INFO - Filling up the DagBag from /home/joha/anaconda3/lib/python3.10/site-packages/airflow/example_dags/example_sla_dag.py
[2023-07-31T16:48:55.201-0500] {processor.py:836} INFO - DAG(s) dict_keys(['example_sla_dag']) retrieved from /home/joha/anaconda3/lib/python3.10/site-packages/airflow/example_dags/example_sla_dag.py
[2023-07-31T16:48:55.220-0500] {logging_mixin.py:150} INFO - [2023-07-31T16:48:55.219-0500] {dag.py:2742} INFO - Sync 1 DAGs
[2023-07-31T16:48:55.252-0500] {logging_mixin.py:150} INFO - [2023-07-31T16:48:55.251-0500] {dag.py:3504} INFO - Setting next_dagrun for example_sla_dag to 2023-07-31T21:46:00+00:00, run_after=2023-07-31T21:48:00+00:00
[2023-07-31T16:48:55.278-0500] {processor.py:179} INFO - Processing /home/joha/anaconda3/lib/python3.10/site-packages/airflow/example_dags/example_sla_dag.py took 0.100 seconds
[2023-07-31T16:49:33.952-0500] {processor.py:157} INFO - Started process (PID=69154) to work on /home/joha/anaconda3/lib/python3.10/site-packages/airflow/example_dags/example_sla_dag.py
[2023-07-31T16:49:33.960-0500] {processor.py:826} INFO - Processing file /home/joha/anaconda3/lib/python3.10/site-packages/airflow/example_dags/example_sla_dag.py for tasks to queue
[2023-07-31T16:49:33.961-0500] {logging_mixin.py:150} INFO - [2023-07-31T16:49:33.960-0500] {dagbag.py:541} INFO - Filling up the DagBag from /home/joha/anaconda3/lib/python3.10/site-packages/airflow/example_dags/example_sla_dag.py
[2023-07-31T16:49:33.975-0500] {processor.py:836} INFO - DAG(s) dict_keys(['example_sla_dag']) retrieved from /home/joha/anaconda3/lib/python3.10/site-packages/airflow/example_dags/example_sla_dag.py
[2023-07-31T16:49:33.994-0500] {logging_mixin.py:150} INFO - [2023-07-31T16:49:33.994-0500] {dag.py:2742} INFO - Sync 1 DAGs
[2023-07-31T16:49:34.017-0500] {logging_mixin.py:150} INFO - [2023-07-31T16:49:34.017-0500] {dag.py:3504} INFO - Setting next_dagrun for example_sla_dag to 2023-07-31T21:46:00+00:00, run_after=2023-07-31T21:48:00+00:00
[2023-07-31T16:49:34.038-0500] {processor.py:179} INFO - Processing /home/joha/anaconda3/lib/python3.10/site-packages/airflow/example_dags/example_sla_dag.py took 0.092 seconds
[2023-07-31T16:50:13.927-0500] {processor.py:157} INFO - Started process (PID=69219) to work on /home/joha/anaconda3/lib/python3.10/site-packages/airflow/example_dags/example_sla_dag.py
[2023-07-31T16:50:13.936-0500] {processor.py:826} INFO - Processing file /home/joha/anaconda3/lib/python3.10/site-packages/airflow/example_dags/example_sla_dag.py for tasks to queue
[2023-07-31T16:50:13.939-0500] {logging_mixin.py:150} INFO - [2023-07-31T16:50:13.938-0500] {dagbag.py:541} INFO - Filling up the DagBag from /home/joha/anaconda3/lib/python3.10/site-packages/airflow/example_dags/example_sla_dag.py
[2023-07-31T16:50:13.962-0500] {processor.py:836} INFO - DAG(s) dict_keys(['example_sla_dag']) retrieved from /home/joha/anaconda3/lib/python3.10/site-packages/airflow/example_dags/example_sla_dag.py
[2023-07-31T16:50:13.983-0500] {logging_mixin.py:150} INFO - [2023-07-31T16:50:13.982-0500] {dag.py:2742} INFO - Sync 1 DAGs
[2023-07-31T16:50:14.004-0500] {logging_mixin.py:150} INFO - [2023-07-31T16:50:14.003-0500] {dag.py:3504} INFO - Setting next_dagrun for example_sla_dag to 2023-07-31T21:48:00+00:00, run_after=2023-07-31T21:50:00+00:00
[2023-07-31T16:50:14.023-0500] {processor.py:179} INFO - Processing /home/joha/anaconda3/lib/python3.10/site-packages/airflow/example_dags/example_sla_dag.py took 0.105 seconds
[2023-07-31T16:50:52.971-0500] {processor.py:157} INFO - Started process (PID=69275) to work on /home/joha/anaconda3/lib/python3.10/site-packages/airflow/example_dags/example_sla_dag.py
[2023-07-31T16:50:52.979-0500] {processor.py:826} INFO - Processing file /home/joha/anaconda3/lib/python3.10/site-packages/airflow/example_dags/example_sla_dag.py for tasks to queue
[2023-07-31T16:50:52.983-0500] {logging_mixin.py:150} INFO - [2023-07-31T16:50:52.981-0500] {dagbag.py:541} INFO - Filling up the DagBag from /home/joha/anaconda3/lib/python3.10/site-packages/airflow/example_dags/example_sla_dag.py
[2023-07-31T16:50:52.999-0500] {processor.py:836} INFO - DAG(s) dict_keys(['example_sla_dag']) retrieved from /home/joha/anaconda3/lib/python3.10/site-packages/airflow/example_dags/example_sla_dag.py
[2023-07-31T16:50:53.021-0500] {logging_mixin.py:150} INFO - [2023-07-31T16:50:53.021-0500] {dag.py:2742} INFO - Sync 1 DAGs
[2023-07-31T16:50:53.043-0500] {logging_mixin.py:150} INFO - [2023-07-31T16:50:53.043-0500] {dag.py:3504} INFO - Setting next_dagrun for example_sla_dag to 2023-07-31T21:48:00+00:00, run_after=2023-07-31T21:50:00+00:00
[2023-07-31T16:50:53.063-0500] {processor.py:179} INFO - Processing /home/joha/anaconda3/lib/python3.10/site-packages/airflow/example_dags/example_sla_dag.py took 0.096 seconds
[2023-07-31T16:51:31.005-0500] {processor.py:157} INFO - Started process (PID=69323) to work on /home/joha/anaconda3/lib/python3.10/site-packages/airflow/example_dags/example_sla_dag.py
[2023-07-31T16:51:31.014-0500] {processor.py:826} INFO - Processing file /home/joha/anaconda3/lib/python3.10/site-packages/airflow/example_dags/example_sla_dag.py for tasks to queue
[2023-07-31T16:51:31.016-0500] {logging_mixin.py:150} INFO - [2023-07-31T16:51:31.015-0500] {dagbag.py:541} INFO - Filling up the DagBag from /home/joha/anaconda3/lib/python3.10/site-packages/airflow/example_dags/example_sla_dag.py
[2023-07-31T16:51:31.041-0500] {processor.py:836} INFO - DAG(s) dict_keys(['example_sla_dag']) retrieved from /home/joha/anaconda3/lib/python3.10/site-packages/airflow/example_dags/example_sla_dag.py
[2023-07-31T16:51:31.061-0500] {logging_mixin.py:150} INFO - [2023-07-31T16:51:31.061-0500] {dag.py:2742} INFO - Sync 1 DAGs
[2023-07-31T16:51:31.086-0500] {logging_mixin.py:150} INFO - [2023-07-31T16:51:31.086-0500] {dag.py:3504} INFO - Setting next_dagrun for example_sla_dag to 2023-07-31T21:48:00+00:00, run_after=2023-07-31T21:50:00+00:00
[2023-07-31T16:51:31.105-0500] {processor.py:179} INFO - Processing /home/joha/anaconda3/lib/python3.10/site-packages/airflow/example_dags/example_sla_dag.py took 0.105 seconds
[2023-07-31T16:52:08.526-0500] {processor.py:157} INFO - Started process (PID=69369) to work on /home/joha/anaconda3/lib/python3.10/site-packages/airflow/example_dags/example_sla_dag.py
[2023-07-31T16:52:08.535-0500] {processor.py:826} INFO - Processing file /home/joha/anaconda3/lib/python3.10/site-packages/airflow/example_dags/example_sla_dag.py for tasks to queue
[2023-07-31T16:52:08.538-0500] {logging_mixin.py:150} INFO - [2023-07-31T16:52:08.537-0500] {dagbag.py:541} INFO - Filling up the DagBag from /home/joha/anaconda3/lib/python3.10/site-packages/airflow/example_dags/example_sla_dag.py
[2023-07-31T16:52:08.561-0500] {processor.py:836} INFO - DAG(s) dict_keys(['example_sla_dag']) retrieved from /home/joha/anaconda3/lib/python3.10/site-packages/airflow/example_dags/example_sla_dag.py
[2023-07-31T16:52:08.581-0500] {logging_mixin.py:150} INFO - [2023-07-31T16:52:08.581-0500] {dag.py:2742} INFO - Sync 1 DAGs
[2023-07-31T16:52:08.603-0500] {logging_mixin.py:150} INFO - [2023-07-31T16:52:08.603-0500] {dag.py:3504} INFO - Setting next_dagrun for example_sla_dag to 2023-07-31T21:50:00+00:00, run_after=2023-07-31T21:52:00+00:00
[2023-07-31T16:52:08.622-0500] {processor.py:179} INFO - Processing /home/joha/anaconda3/lib/python3.10/site-packages/airflow/example_dags/example_sla_dag.py took 0.102 seconds
[2023-07-31T16:52:45.571-0500] {processor.py:157} INFO - Started process (PID=69427) to work on /home/joha/anaconda3/lib/python3.10/site-packages/airflow/example_dags/example_sla_dag.py
[2023-07-31T16:52:45.577-0500] {processor.py:826} INFO - Processing file /home/joha/anaconda3/lib/python3.10/site-packages/airflow/example_dags/example_sla_dag.py for tasks to queue
[2023-07-31T16:52:45.578-0500] {logging_mixin.py:150} INFO - [2023-07-31T16:52:45.578-0500] {dagbag.py:541} INFO - Filling up the DagBag from /home/joha/anaconda3/lib/python3.10/site-packages/airflow/example_dags/example_sla_dag.py
[2023-07-31T16:52:45.590-0500] {processor.py:836} INFO - DAG(s) dict_keys(['example_sla_dag']) retrieved from /home/joha/anaconda3/lib/python3.10/site-packages/airflow/example_dags/example_sla_dag.py
[2023-07-31T16:52:45.608-0500] {logging_mixin.py:150} INFO - [2023-07-31T16:52:45.608-0500] {dag.py:2742} INFO - Sync 1 DAGs
[2023-07-31T16:52:45.630-0500] {logging_mixin.py:150} INFO - [2023-07-31T16:52:45.630-0500] {dag.py:3504} INFO - Setting next_dagrun for example_sla_dag to 2023-07-31T21:50:00+00:00, run_after=2023-07-31T21:52:00+00:00
[2023-07-31T16:52:45.648-0500] {processor.py:179} INFO - Processing /home/joha/anaconda3/lib/python3.10/site-packages/airflow/example_dags/example_sla_dag.py took 0.081 seconds
[2023-07-31T16:53:34.723-0500] {processor.py:157} INFO - Started process (PID=69477) to work on /home/joha/anaconda3/lib/python3.10/site-packages/airflow/example_dags/example_sla_dag.py
[2023-07-31T16:53:34.731-0500] {processor.py:826} INFO - Processing file /home/joha/anaconda3/lib/python3.10/site-packages/airflow/example_dags/example_sla_dag.py for tasks to queue
[2023-07-31T16:53:34.734-0500] {logging_mixin.py:150} INFO - [2023-07-31T16:53:34.733-0500] {dagbag.py:541} INFO - Filling up the DagBag from /home/joha/anaconda3/lib/python3.10/site-packages/airflow/example_dags/example_sla_dag.py
[2023-07-31T16:53:34.751-0500] {processor.py:836} INFO - DAG(s) dict_keys(['example_sla_dag']) retrieved from /home/joha/anaconda3/lib/python3.10/site-packages/airflow/example_dags/example_sla_dag.py
[2023-07-31T16:53:34.769-0500] {logging_mixin.py:150} INFO - [2023-07-31T16:53:34.769-0500] {dag.py:2742} INFO - Sync 1 DAGs
[2023-07-31T16:53:34.791-0500] {logging_mixin.py:150} INFO - [2023-07-31T16:53:34.790-0500] {dag.py:3504} INFO - Setting next_dagrun for example_sla_dag to 2023-07-31T21:50:00+00:00, run_after=2023-07-31T21:52:00+00:00
[2023-07-31T16:53:34.810-0500] {processor.py:179} INFO - Processing /home/joha/anaconda3/lib/python3.10/site-packages/airflow/example_dags/example_sla_dag.py took 0.091 seconds
[2023-07-31T16:54:13.898-0500] {processor.py:157} INFO - Started process (PID=69526) to work on /home/joha/anaconda3/lib/python3.10/site-packages/airflow/example_dags/example_sla_dag.py
[2023-07-31T16:54:13.906-0500] {processor.py:826} INFO - Processing file /home/joha/anaconda3/lib/python3.10/site-packages/airflow/example_dags/example_sla_dag.py for tasks to queue
[2023-07-31T16:54:13.909-0500] {logging_mixin.py:150} INFO - [2023-07-31T16:54:13.908-0500] {dagbag.py:541} INFO - Filling up the DagBag from /home/joha/anaconda3/lib/python3.10/site-packages/airflow/example_dags/example_sla_dag.py
[2023-07-31T16:54:13.932-0500] {processor.py:836} INFO - DAG(s) dict_keys(['example_sla_dag']) retrieved from /home/joha/anaconda3/lib/python3.10/site-packages/airflow/example_dags/example_sla_dag.py
[2023-07-31T16:54:13.951-0500] {logging_mixin.py:150} INFO - [2023-07-31T16:54:13.951-0500] {dag.py:2742} INFO - Sync 1 DAGs
[2023-07-31T16:54:13.973-0500] {logging_mixin.py:150} INFO - [2023-07-31T16:54:13.973-0500] {dag.py:3504} INFO - Setting next_dagrun for example_sla_dag to 2023-07-31T21:52:00+00:00, run_after=2023-07-31T21:54:00+00:00
[2023-07-31T16:54:13.992-0500] {processor.py:179} INFO - Processing /home/joha/anaconda3/lib/python3.10/site-packages/airflow/example_dags/example_sla_dag.py took 0.100 seconds
[2023-07-31T16:55:02.966-0500] {processor.py:157} INFO - Started process (PID=69590) to work on /home/joha/anaconda3/lib/python3.10/site-packages/airflow/example_dags/example_sla_dag.py
[2023-07-31T16:55:02.975-0500] {processor.py:826} INFO - Processing file /home/joha/anaconda3/lib/python3.10/site-packages/airflow/example_dags/example_sla_dag.py for tasks to queue
[2023-07-31T16:55:02.976-0500] {logging_mixin.py:150} INFO - [2023-07-31T16:55:02.976-0500] {dagbag.py:541} INFO - Filling up the DagBag from /home/joha/anaconda3/lib/python3.10/site-packages/airflow/example_dags/example_sla_dag.py
[2023-07-31T16:55:02.993-0500] {processor.py:836} INFO - DAG(s) dict_keys(['example_sla_dag']) retrieved from /home/joha/anaconda3/lib/python3.10/site-packages/airflow/example_dags/example_sla_dag.py
[2023-07-31T16:55:03.013-0500] {logging_mixin.py:150} INFO - [2023-07-31T16:55:03.013-0500] {dag.py:2742} INFO - Sync 1 DAGs
[2023-07-31T16:55:03.034-0500] {logging_mixin.py:150} INFO - [2023-07-31T16:55:03.034-0500] {dag.py:3504} INFO - Setting next_dagrun for example_sla_dag to 2023-07-31T21:52:00+00:00, run_after=2023-07-31T21:54:00+00:00
[2023-07-31T16:55:03.053-0500] {processor.py:179} INFO - Processing /home/joha/anaconda3/lib/python3.10/site-packages/airflow/example_dags/example_sla_dag.py took 0.093 seconds
[2023-07-31T16:55:41.965-0500] {processor.py:157} INFO - Started process (PID=69648) to work on /home/joha/anaconda3/lib/python3.10/site-packages/airflow/example_dags/example_sla_dag.py
[2023-07-31T16:55:41.974-0500] {processor.py:826} INFO - Processing file /home/joha/anaconda3/lib/python3.10/site-packages/airflow/example_dags/example_sla_dag.py for tasks to queue
[2023-07-31T16:55:41.977-0500] {logging_mixin.py:150} INFO - [2023-07-31T16:55:41.976-0500] {dagbag.py:541} INFO - Filling up the DagBag from /home/joha/anaconda3/lib/python3.10/site-packages/airflow/example_dags/example_sla_dag.py
[2023-07-31T16:55:41.997-0500] {processor.py:836} INFO - DAG(s) dict_keys(['example_sla_dag']) retrieved from /home/joha/anaconda3/lib/python3.10/site-packages/airflow/example_dags/example_sla_dag.py
[2023-07-31T16:55:42.016-0500] {logging_mixin.py:150} INFO - [2023-07-31T16:55:42.016-0500] {dag.py:2742} INFO - Sync 1 DAGs
[2023-07-31T16:55:42.037-0500] {logging_mixin.py:150} INFO - [2023-07-31T16:55:42.037-0500] {dag.py:3504} INFO - Setting next_dagrun for example_sla_dag to 2023-07-31T21:52:00+00:00, run_after=2023-07-31T21:54:00+00:00
[2023-07-31T16:55:42.058-0500] {processor.py:179} INFO - Processing /home/joha/anaconda3/lib/python3.10/site-packages/airflow/example_dags/example_sla_dag.py took 0.097 seconds
[2023-07-31T16:56:18.929-0500] {processor.py:157} INFO - Started process (PID=69693) to work on /home/joha/anaconda3/lib/python3.10/site-packages/airflow/example_dags/example_sla_dag.py
[2023-07-31T16:56:18.937-0500] {processor.py:826} INFO - Processing file /home/joha/anaconda3/lib/python3.10/site-packages/airflow/example_dags/example_sla_dag.py for tasks to queue
[2023-07-31T16:56:18.940-0500] {logging_mixin.py:150} INFO - [2023-07-31T16:56:18.939-0500] {dagbag.py:541} INFO - Filling up the DagBag from /home/joha/anaconda3/lib/python3.10/site-packages/airflow/example_dags/example_sla_dag.py
[2023-07-31T16:56:18.956-0500] {processor.py:836} INFO - DAG(s) dict_keys(['example_sla_dag']) retrieved from /home/joha/anaconda3/lib/python3.10/site-packages/airflow/example_dags/example_sla_dag.py
[2023-07-31T16:56:18.974-0500] {logging_mixin.py:150} INFO - [2023-07-31T16:56:18.974-0500] {dag.py:2742} INFO - Sync 1 DAGs
[2023-07-31T16:56:18.996-0500] {logging_mixin.py:150} INFO - [2023-07-31T16:56:18.995-0500] {dag.py:3504} INFO - Setting next_dagrun for example_sla_dag to 2023-07-31T21:54:00+00:00, run_after=2023-07-31T21:56:00+00:00
[2023-07-31T16:56:19.016-0500] {processor.py:179} INFO - Processing /home/joha/anaconda3/lib/python3.10/site-packages/airflow/example_dags/example_sla_dag.py took 0.090 seconds
