[2023-07-31T16:44:56.588-0500] {processor.py:157} INFO - Started process (PID=68786) to work on /home/joha/anaconda3/lib/python3.10/site-packages/airflow/example_dags/example_branch_datetime_operator.py
[2023-07-31T16:44:56.589-0500] {processor.py:826} INFO - Processing file /home/joha/anaconda3/lib/python3.10/site-packages/airflow/example_dags/example_branch_datetime_operator.py for tasks to queue
[2023-07-31T16:44:56.590-0500] {logging_mixin.py:150} INFO - [2023-07-31T16:44:56.589-0500] {dagbag.py:541} INFO - Filling up the DagBag from /home/joha/anaconda3/lib/python3.10/site-packages/airflow/example_dags/example_branch_datetime_operator.py
[2023-07-31T16:44:56.607-0500] {processor.py:836} INFO - DAG(s) dict_keys(['example_branch_datetime_operator_2', 'example_branch_datetime_operator_3', 'example_branch_datetime_operator']) retrieved from /home/joha/anaconda3/lib/python3.10/site-packages/airflow/example_dags/example_branch_datetime_operator.py
[2023-07-31T16:44:56.639-0500] {logging_mixin.py:150} INFO - [2023-07-31T16:44:56.638-0500] {dag.py:2742} INFO - Sync 3 DAGs
[2023-07-31T16:44:56.662-0500] {logging_mixin.py:150} INFO - [2023-07-31T16:44:56.661-0500] {dag.py:3504} INFO - Setting next_dagrun for example_branch_datetime_operator to 2023-07-30T00:00:00+00:00, run_after=2023-07-31T00:00:00+00:00
[2023-07-31T16:44:56.666-0500] {logging_mixin.py:150} INFO - [2023-07-31T16:44:56.666-0500] {dag.py:3504} INFO - Setting next_dagrun for example_branch_datetime_operator_2 to 2023-07-30T00:00:00+00:00, run_after=2023-07-31T00:00:00+00:00
[2023-07-31T16:44:56.669-0500] {logging_mixin.py:150} INFO - [2023-07-31T16:44:56.669-0500] {dag.py:3504} INFO - Setting next_dagrun for example_branch_datetime_operator_3 to 2023-07-30T00:00:00+00:00, run_after=2023-07-31T00:00:00+00:00
[2023-07-31T16:44:56.696-0500] {processor.py:179} INFO - Processing /home/joha/anaconda3/lib/python3.10/site-packages/airflow/example_dags/example_branch_datetime_operator.py took 0.112 seconds
[2023-07-31T16:45:54.409-0500] {processor.py:157} INFO - Started process (PID=68868) to work on /home/joha/anaconda3/lib/python3.10/site-packages/airflow/example_dags/example_branch_datetime_operator.py
[2023-07-31T16:45:54.416-0500] {processor.py:826} INFO - Processing file /home/joha/anaconda3/lib/python3.10/site-packages/airflow/example_dags/example_branch_datetime_operator.py for tasks to queue
[2023-07-31T16:45:54.417-0500] {logging_mixin.py:150} INFO - [2023-07-31T16:45:54.417-0500] {dagbag.py:541} INFO - Filling up the DagBag from /home/joha/anaconda3/lib/python3.10/site-packages/airflow/example_dags/example_branch_datetime_operator.py
[2023-07-31T16:45:54.427-0500] {processor.py:836} INFO - DAG(s) dict_keys(['example_branch_datetime_operator_2', 'example_branch_datetime_operator', 'example_branch_datetime_operator_3']) retrieved from /home/joha/anaconda3/lib/python3.10/site-packages/airflow/example_dags/example_branch_datetime_operator.py
[2023-07-31T16:45:54.450-0500] {logging_mixin.py:150} INFO - [2023-07-31T16:45:54.450-0500] {dag.py:2742} INFO - Sync 3 DAGs
[2023-07-31T16:45:54.471-0500] {logging_mixin.py:150} INFO - [2023-07-31T16:45:54.471-0500] {dag.py:3504} INFO - Setting next_dagrun for example_branch_datetime_operator to 2023-07-30T00:00:00+00:00, run_after=2023-07-31T00:00:00+00:00
[2023-07-31T16:45:54.475-0500] {logging_mixin.py:150} INFO - [2023-07-31T16:45:54.475-0500] {dag.py:3504} INFO - Setting next_dagrun for example_branch_datetime_operator_2 to 2023-07-30T00:00:00+00:00, run_after=2023-07-31T00:00:00+00:00
[2023-07-31T16:45:54.477-0500] {logging_mixin.py:150} INFO - [2023-07-31T16:45:54.477-0500] {dag.py:3504} INFO - Setting next_dagrun for example_branch_datetime_operator_3 to 2023-07-30T00:00:00+00:00, run_after=2023-07-31T00:00:00+00:00
[2023-07-31T16:45:54.496-0500] {processor.py:179} INFO - Processing /home/joha/anaconda3/lib/python3.10/site-packages/airflow/example_dags/example_branch_datetime_operator.py took 0.090 seconds
[2023-07-31T16:46:47.536-0500] {processor.py:157} INFO - Started process (PID=68939) to work on /home/joha/anaconda3/lib/python3.10/site-packages/airflow/example_dags/example_branch_datetime_operator.py
[2023-07-31T16:46:47.543-0500] {processor.py:826} INFO - Processing file /home/joha/anaconda3/lib/python3.10/site-packages/airflow/example_dags/example_branch_datetime_operator.py for tasks to queue
[2023-07-31T16:46:47.545-0500] {logging_mixin.py:150} INFO - [2023-07-31T16:46:47.544-0500] {dagbag.py:541} INFO - Filling up the DagBag from /home/joha/anaconda3/lib/python3.10/site-packages/airflow/example_dags/example_branch_datetime_operator.py
[2023-07-31T16:46:47.557-0500] {processor.py:836} INFO - DAG(s) dict_keys(['example_branch_datetime_operator', 'example_branch_datetime_operator_2', 'example_branch_datetime_operator_3']) retrieved from /home/joha/anaconda3/lib/python3.10/site-packages/airflow/example_dags/example_branch_datetime_operator.py
[2023-07-31T16:46:47.584-0500] {logging_mixin.py:150} INFO - [2023-07-31T16:46:47.584-0500] {dag.py:2742} INFO - Sync 3 DAGs
[2023-07-31T16:46:47.605-0500] {logging_mixin.py:150} INFO - [2023-07-31T16:46:47.605-0500] {dag.py:3504} INFO - Setting next_dagrun for example_branch_datetime_operator to 2023-07-30T00:00:00+00:00, run_after=2023-07-31T00:00:00+00:00
[2023-07-31T16:46:47.610-0500] {logging_mixin.py:150} INFO - [2023-07-31T16:46:47.609-0500] {dag.py:3504} INFO - Setting next_dagrun for example_branch_datetime_operator_2 to 2023-07-30T00:00:00+00:00, run_after=2023-07-31T00:00:00+00:00
[2023-07-31T16:46:47.615-0500] {logging_mixin.py:150} INFO - [2023-07-31T16:46:47.615-0500] {dag.py:3504} INFO - Setting next_dagrun for example_branch_datetime_operator_3 to 2023-07-30T00:00:00+00:00, run_after=2023-07-31T00:00:00+00:00
[2023-07-31T16:46:47.639-0500] {processor.py:179} INFO - Processing /home/joha/anaconda3/lib/python3.10/site-packages/airflow/example_dags/example_branch_datetime_operator.py took 0.107 seconds
[2023-07-31T16:47:41.989-0500] {processor.py:157} INFO - Started process (PID=69007) to work on /home/joha/anaconda3/lib/python3.10/site-packages/airflow/example_dags/example_branch_datetime_operator.py
[2023-07-31T16:47:41.996-0500] {processor.py:826} INFO - Processing file /home/joha/anaconda3/lib/python3.10/site-packages/airflow/example_dags/example_branch_datetime_operator.py for tasks to queue
[2023-07-31T16:47:41.998-0500] {logging_mixin.py:150} INFO - [2023-07-31T16:47:41.997-0500] {dagbag.py:541} INFO - Filling up the DagBag from /home/joha/anaconda3/lib/python3.10/site-packages/airflow/example_dags/example_branch_datetime_operator.py
[2023-07-31T16:47:42.017-0500] {processor.py:836} INFO - DAG(s) dict_keys(['example_branch_datetime_operator', 'example_branch_datetime_operator_2', 'example_branch_datetime_operator_3']) retrieved from /home/joha/anaconda3/lib/python3.10/site-packages/airflow/example_dags/example_branch_datetime_operator.py
[2023-07-31T16:47:42.042-0500] {logging_mixin.py:150} INFO - [2023-07-31T16:47:42.042-0500] {dag.py:2742} INFO - Sync 3 DAGs
[2023-07-31T16:47:42.062-0500] {logging_mixin.py:150} INFO - [2023-07-31T16:47:42.062-0500] {dag.py:3504} INFO - Setting next_dagrun for example_branch_datetime_operator to 2023-07-30T00:00:00+00:00, run_after=2023-07-31T00:00:00+00:00
[2023-07-31T16:47:42.067-0500] {logging_mixin.py:150} INFO - [2023-07-31T16:47:42.067-0500] {dag.py:3504} INFO - Setting next_dagrun for example_branch_datetime_operator_2 to 2023-07-30T00:00:00+00:00, run_after=2023-07-31T00:00:00+00:00
[2023-07-31T16:47:42.069-0500] {logging_mixin.py:150} INFO - [2023-07-31T16:47:42.069-0500] {dag.py:3504} INFO - Setting next_dagrun for example_branch_datetime_operator_3 to 2023-07-30T00:00:00+00:00, run_after=2023-07-31T00:00:00+00:00
[2023-07-31T16:47:42.086-0500] {processor.py:179} INFO - Processing /home/joha/anaconda3/lib/python3.10/site-packages/airflow/example_dags/example_branch_datetime_operator.py took 0.103 seconds
[2023-07-31T16:48:32.937-0500] {processor.py:157} INFO - Started process (PID=69071) to work on /home/joha/anaconda3/lib/python3.10/site-packages/airflow/example_dags/example_branch_datetime_operator.py
[2023-07-31T16:48:32.945-0500] {processor.py:826} INFO - Processing file /home/joha/anaconda3/lib/python3.10/site-packages/airflow/example_dags/example_branch_datetime_operator.py for tasks to queue
[2023-07-31T16:48:32.948-0500] {logging_mixin.py:150} INFO - [2023-07-31T16:48:32.947-0500] {dagbag.py:541} INFO - Filling up the DagBag from /home/joha/anaconda3/lib/python3.10/site-packages/airflow/example_dags/example_branch_datetime_operator.py
[2023-07-31T16:48:32.968-0500] {processor.py:836} INFO - DAG(s) dict_keys(['example_branch_datetime_operator', 'example_branch_datetime_operator_2', 'example_branch_datetime_operator_3']) retrieved from /home/joha/anaconda3/lib/python3.10/site-packages/airflow/example_dags/example_branch_datetime_operator.py
[2023-07-31T16:48:32.994-0500] {logging_mixin.py:150} INFO - [2023-07-31T16:48:32.993-0500] {dag.py:2742} INFO - Sync 3 DAGs
[2023-07-31T16:48:33.015-0500] {logging_mixin.py:150} INFO - [2023-07-31T16:48:33.014-0500] {dag.py:3504} INFO - Setting next_dagrun for example_branch_datetime_operator to 2023-07-30T00:00:00+00:00, run_after=2023-07-31T00:00:00+00:00
[2023-07-31T16:48:33.019-0500] {logging_mixin.py:150} INFO - [2023-07-31T16:48:33.019-0500] {dag.py:3504} INFO - Setting next_dagrun for example_branch_datetime_operator_2 to 2023-07-30T00:00:00+00:00, run_after=2023-07-31T00:00:00+00:00
[2023-07-31T16:48:33.021-0500] {logging_mixin.py:150} INFO - [2023-07-31T16:48:33.021-0500] {dag.py:3504} INFO - Setting next_dagrun for example_branch_datetime_operator_3 to 2023-07-30T00:00:00+00:00, run_after=2023-07-31T00:00:00+00:00
[2023-07-31T16:48:33.043-0500] {processor.py:179} INFO - Processing /home/joha/anaconda3/lib/python3.10/site-packages/airflow/example_dags/example_branch_datetime_operator.py took 0.112 seconds
[2023-07-31T16:49:28.307-0500] {processor.py:157} INFO - Started process (PID=69147) to work on /home/joha/anaconda3/lib/python3.10/site-packages/airflow/example_dags/example_branch_datetime_operator.py
[2023-07-31T16:49:28.316-0500] {processor.py:826} INFO - Processing file /home/joha/anaconda3/lib/python3.10/site-packages/airflow/example_dags/example_branch_datetime_operator.py for tasks to queue
[2023-07-31T16:49:28.319-0500] {logging_mixin.py:150} INFO - [2023-07-31T16:49:28.317-0500] {dagbag.py:541} INFO - Filling up the DagBag from /home/joha/anaconda3/lib/python3.10/site-packages/airflow/example_dags/example_branch_datetime_operator.py
[2023-07-31T16:49:28.344-0500] {processor.py:836} INFO - DAG(s) dict_keys(['example_branch_datetime_operator_2', 'example_branch_datetime_operator_3', 'example_branch_datetime_operator']) retrieved from /home/joha/anaconda3/lib/python3.10/site-packages/airflow/example_dags/example_branch_datetime_operator.py
[2023-07-31T16:49:28.371-0500] {logging_mixin.py:150} INFO - [2023-07-31T16:49:28.370-0500] {dag.py:2742} INFO - Sync 3 DAGs
[2023-07-31T16:49:28.391-0500] {logging_mixin.py:150} INFO - [2023-07-31T16:49:28.391-0500] {dag.py:3504} INFO - Setting next_dagrun for example_branch_datetime_operator to 2023-07-30T00:00:00+00:00, run_after=2023-07-31T00:00:00+00:00
[2023-07-31T16:49:28.396-0500] {logging_mixin.py:150} INFO - [2023-07-31T16:49:28.395-0500] {dag.py:3504} INFO - Setting next_dagrun for example_branch_datetime_operator_2 to 2023-07-30T00:00:00+00:00, run_after=2023-07-31T00:00:00+00:00
[2023-07-31T16:49:28.398-0500] {logging_mixin.py:150} INFO - [2023-07-31T16:49:28.398-0500] {dag.py:3504} INFO - Setting next_dagrun for example_branch_datetime_operator_3 to 2023-07-30T00:00:00+00:00, run_after=2023-07-31T00:00:00+00:00
[2023-07-31T16:49:28.417-0500] {processor.py:179} INFO - Processing /home/joha/anaconda3/lib/python3.10/site-packages/airflow/example_dags/example_branch_datetime_operator.py took 0.114 seconds
[2023-07-31T16:50:28.844-0500] {processor.py:157} INFO - Started process (PID=69244) to work on /home/joha/anaconda3/lib/python3.10/site-packages/airflow/example_dags/example_branch_datetime_operator.py
[2023-07-31T16:50:28.851-0500] {processor.py:826} INFO - Processing file /home/joha/anaconda3/lib/python3.10/site-packages/airflow/example_dags/example_branch_datetime_operator.py for tasks to queue
[2023-07-31T16:50:28.852-0500] {logging_mixin.py:150} INFO - [2023-07-31T16:50:28.852-0500] {dagbag.py:541} INFO - Filling up the DagBag from /home/joha/anaconda3/lib/python3.10/site-packages/airflow/example_dags/example_branch_datetime_operator.py
[2023-07-31T16:50:28.864-0500] {processor.py:836} INFO - DAG(s) dict_keys(['example_branch_datetime_operator_2', 'example_branch_datetime_operator', 'example_branch_datetime_operator_3']) retrieved from /home/joha/anaconda3/lib/python3.10/site-packages/airflow/example_dags/example_branch_datetime_operator.py
[2023-07-31T16:50:28.891-0500] {logging_mixin.py:150} INFO - [2023-07-31T16:50:28.891-0500] {dag.py:2742} INFO - Sync 3 DAGs
[2023-07-31T16:50:28.917-0500] {logging_mixin.py:150} INFO - [2023-07-31T16:50:28.916-0500] {dag.py:3504} INFO - Setting next_dagrun for example_branch_datetime_operator to 2023-07-30T00:00:00+00:00, run_after=2023-07-31T00:00:00+00:00
[2023-07-31T16:50:28.922-0500] {logging_mixin.py:150} INFO - [2023-07-31T16:50:28.922-0500] {dag.py:3504} INFO - Setting next_dagrun for example_branch_datetime_operator_2 to 2023-07-30T00:00:00+00:00, run_after=2023-07-31T00:00:00+00:00
[2023-07-31T16:50:28.924-0500] {logging_mixin.py:150} INFO - [2023-07-31T16:50:28.924-0500] {dag.py:3504} INFO - Setting next_dagrun for example_branch_datetime_operator_3 to 2023-07-30T00:00:00+00:00, run_after=2023-07-31T00:00:00+00:00
[2023-07-31T16:50:28.944-0500] {processor.py:179} INFO - Processing /home/joha/anaconda3/lib/python3.10/site-packages/airflow/example_dags/example_branch_datetime_operator.py took 0.103 seconds
[2023-07-31T16:51:25.937-0500] {processor.py:157} INFO - Started process (PID=69317) to work on /home/joha/anaconda3/lib/python3.10/site-packages/airflow/example_dags/example_branch_datetime_operator.py
[2023-07-31T16:51:25.946-0500] {processor.py:826} INFO - Processing file /home/joha/anaconda3/lib/python3.10/site-packages/airflow/example_dags/example_branch_datetime_operator.py for tasks to queue
[2023-07-31T16:51:25.947-0500] {logging_mixin.py:150} INFO - [2023-07-31T16:51:25.947-0500] {dagbag.py:541} INFO - Filling up the DagBag from /home/joha/anaconda3/lib/python3.10/site-packages/airflow/example_dags/example_branch_datetime_operator.py
[2023-07-31T16:51:25.957-0500] {processor.py:836} INFO - DAG(s) dict_keys(['example_branch_datetime_operator_3', 'example_branch_datetime_operator', 'example_branch_datetime_operator_2']) retrieved from /home/joha/anaconda3/lib/python3.10/site-packages/airflow/example_dags/example_branch_datetime_operator.py
[2023-07-31T16:51:25.981-0500] {logging_mixin.py:150} INFO - [2023-07-31T16:51:25.981-0500] {dag.py:2742} INFO - Sync 3 DAGs
[2023-07-31T16:51:26.002-0500] {logging_mixin.py:150} INFO - [2023-07-31T16:51:26.002-0500] {dag.py:3504} INFO - Setting next_dagrun for example_branch_datetime_operator to 2023-07-30T00:00:00+00:00, run_after=2023-07-31T00:00:00+00:00
[2023-07-31T16:51:26.007-0500] {logging_mixin.py:150} INFO - [2023-07-31T16:51:26.006-0500] {dag.py:3504} INFO - Setting next_dagrun for example_branch_datetime_operator_2 to 2023-07-30T00:00:00+00:00, run_after=2023-07-31T00:00:00+00:00
[2023-07-31T16:51:26.009-0500] {logging_mixin.py:150} INFO - [2023-07-31T16:51:26.009-0500] {dag.py:3504} INFO - Setting next_dagrun for example_branch_datetime_operator_3 to 2023-07-30T00:00:00+00:00, run_after=2023-07-31T00:00:00+00:00
[2023-07-31T16:51:26.031-0500] {processor.py:179} INFO - Processing /home/joha/anaconda3/lib/python3.10/site-packages/airflow/example_dags/example_branch_datetime_operator.py took 0.098 seconds
[2023-07-31T16:52:21.972-0500] {processor.py:157} INFO - Started process (PID=69389) to work on /home/joha/anaconda3/lib/python3.10/site-packages/airflow/example_dags/example_branch_datetime_operator.py
[2023-07-31T16:52:21.979-0500] {processor.py:826} INFO - Processing file /home/joha/anaconda3/lib/python3.10/site-packages/airflow/example_dags/example_branch_datetime_operator.py for tasks to queue
[2023-07-31T16:52:21.980-0500] {logging_mixin.py:150} INFO - [2023-07-31T16:52:21.980-0500] {dagbag.py:541} INFO - Filling up the DagBag from /home/joha/anaconda3/lib/python3.10/site-packages/airflow/example_dags/example_branch_datetime_operator.py
[2023-07-31T16:52:21.993-0500] {processor.py:836} INFO - DAG(s) dict_keys(['example_branch_datetime_operator_2', 'example_branch_datetime_operator_3', 'example_branch_datetime_operator']) retrieved from /home/joha/anaconda3/lib/python3.10/site-packages/airflow/example_dags/example_branch_datetime_operator.py
[2023-07-31T16:52:22.018-0500] {logging_mixin.py:150} INFO - [2023-07-31T16:52:22.018-0500] {dag.py:2742} INFO - Sync 3 DAGs
[2023-07-31T16:52:22.039-0500] {logging_mixin.py:150} INFO - [2023-07-31T16:52:22.039-0500] {dag.py:3504} INFO - Setting next_dagrun for example_branch_datetime_operator to 2023-07-30T00:00:00+00:00, run_after=2023-07-31T00:00:00+00:00
[2023-07-31T16:52:22.044-0500] {logging_mixin.py:150} INFO - [2023-07-31T16:52:22.044-0500] {dag.py:3504} INFO - Setting next_dagrun for example_branch_datetime_operator_2 to 2023-07-30T00:00:00+00:00, run_after=2023-07-31T00:00:00+00:00
[2023-07-31T16:52:22.046-0500] {logging_mixin.py:150} INFO - [2023-07-31T16:52:22.046-0500] {dag.py:3504} INFO - Setting next_dagrun for example_branch_datetime_operator_3 to 2023-07-30T00:00:00+00:00, run_after=2023-07-31T00:00:00+00:00
[2023-07-31T16:52:22.069-0500] {processor.py:179} INFO - Processing /home/joha/anaconda3/lib/python3.10/site-packages/airflow/example_dags/example_branch_datetime_operator.py took 0.101 seconds
[2023-07-31T16:53:29.429-0500] {processor.py:157} INFO - Started process (PID=69472) to work on /home/joha/anaconda3/lib/python3.10/site-packages/airflow/example_dags/example_branch_datetime_operator.py
[2023-07-31T16:53:29.431-0500] {processor.py:826} INFO - Processing file /home/joha/anaconda3/lib/python3.10/site-packages/airflow/example_dags/example_branch_datetime_operator.py for tasks to queue
[2023-07-31T16:53:29.433-0500] {logging_mixin.py:150} INFO - [2023-07-31T16:53:29.432-0500] {dagbag.py:541} INFO - Filling up the DagBag from /home/joha/anaconda3/lib/python3.10/site-packages/airflow/example_dags/example_branch_datetime_operator.py
[2023-07-31T16:53:29.453-0500] {processor.py:836} INFO - DAG(s) dict_keys(['example_branch_datetime_operator', 'example_branch_datetime_operator_3', 'example_branch_datetime_operator_2']) retrieved from /home/joha/anaconda3/lib/python3.10/site-packages/airflow/example_dags/example_branch_datetime_operator.py
[2023-07-31T16:53:29.477-0500] {logging_mixin.py:150} INFO - [2023-07-31T16:53:29.477-0500] {dag.py:2742} INFO - Sync 3 DAGs
[2023-07-31T16:53:29.497-0500] {logging_mixin.py:150} INFO - [2023-07-31T16:53:29.497-0500] {dag.py:3504} INFO - Setting next_dagrun for example_branch_datetime_operator to 2023-07-30T00:00:00+00:00, run_after=2023-07-31T00:00:00+00:00
[2023-07-31T16:53:29.501-0500] {logging_mixin.py:150} INFO - [2023-07-31T16:53:29.501-0500] {dag.py:3504} INFO - Setting next_dagrun for example_branch_datetime_operator_2 to 2023-07-30T00:00:00+00:00, run_after=2023-07-31T00:00:00+00:00
[2023-07-31T16:53:29.504-0500] {logging_mixin.py:150} INFO - [2023-07-31T16:53:29.503-0500] {dag.py:3504} INFO - Setting next_dagrun for example_branch_datetime_operator_3 to 2023-07-30T00:00:00+00:00, run_after=2023-07-31T00:00:00+00:00
[2023-07-31T16:53:29.521-0500] {processor.py:179} INFO - Processing /home/joha/anaconda3/lib/python3.10/site-packages/airflow/example_dags/example_branch_datetime_operator.py took 0.098 seconds
[2023-07-31T16:54:24.749-0500] {processor.py:157} INFO - Started process (PID=69543) to work on /home/joha/anaconda3/lib/python3.10/site-packages/airflow/example_dags/example_branch_datetime_operator.py
[2023-07-31T16:54:24.758-0500] {processor.py:826} INFO - Processing file /home/joha/anaconda3/lib/python3.10/site-packages/airflow/example_dags/example_branch_datetime_operator.py for tasks to queue
[2023-07-31T16:54:24.760-0500] {logging_mixin.py:150} INFO - [2023-07-31T16:54:24.759-0500] {dagbag.py:541} INFO - Filling up the DagBag from /home/joha/anaconda3/lib/python3.10/site-packages/airflow/example_dags/example_branch_datetime_operator.py
[2023-07-31T16:54:24.785-0500] {processor.py:836} INFO - DAG(s) dict_keys(['example_branch_datetime_operator', 'example_branch_datetime_operator_2', 'example_branch_datetime_operator_3']) retrieved from /home/joha/anaconda3/lib/python3.10/site-packages/airflow/example_dags/example_branch_datetime_operator.py
[2023-07-31T16:54:24.811-0500] {logging_mixin.py:150} INFO - [2023-07-31T16:54:24.811-0500] {dag.py:2742} INFO - Sync 3 DAGs
[2023-07-31T16:54:24.831-0500] {logging_mixin.py:150} INFO - [2023-07-31T16:54:24.831-0500] {dag.py:3504} INFO - Setting next_dagrun for example_branch_datetime_operator to 2023-07-30T00:00:00+00:00, run_after=2023-07-31T00:00:00+00:00
[2023-07-31T16:54:24.836-0500] {logging_mixin.py:150} INFO - [2023-07-31T16:54:24.835-0500] {dag.py:3504} INFO - Setting next_dagrun for example_branch_datetime_operator_2 to 2023-07-30T00:00:00+00:00, run_after=2023-07-31T00:00:00+00:00
[2023-07-31T16:54:24.838-0500] {logging_mixin.py:150} INFO - [2023-07-31T16:54:24.838-0500] {dag.py:3504} INFO - Setting next_dagrun for example_branch_datetime_operator_3 to 2023-07-30T00:00:00+00:00, run_after=2023-07-31T00:00:00+00:00
[2023-07-31T16:54:24.856-0500] {processor.py:179} INFO - Processing /home/joha/anaconda3/lib/python3.10/site-packages/airflow/example_dags/example_branch_datetime_operator.py took 0.112 seconds
[2023-07-31T16:55:15.393-0500] {processor.py:157} INFO - Started process (PID=69618) to work on /home/joha/anaconda3/lib/python3.10/site-packages/airflow/example_dags/example_branch_datetime_operator.py
[2023-07-31T16:55:15.401-0500] {processor.py:826} INFO - Processing file /home/joha/anaconda3/lib/python3.10/site-packages/airflow/example_dags/example_branch_datetime_operator.py for tasks to queue
[2023-07-31T16:55:15.403-0500] {logging_mixin.py:150} INFO - [2023-07-31T16:55:15.402-0500] {dagbag.py:541} INFO - Filling up the DagBag from /home/joha/anaconda3/lib/python3.10/site-packages/airflow/example_dags/example_branch_datetime_operator.py
[2023-07-31T16:55:15.421-0500] {processor.py:836} INFO - DAG(s) dict_keys(['example_branch_datetime_operator_3', 'example_branch_datetime_operator_2', 'example_branch_datetime_operator']) retrieved from /home/joha/anaconda3/lib/python3.10/site-packages/airflow/example_dags/example_branch_datetime_operator.py
[2023-07-31T16:55:15.449-0500] {logging_mixin.py:150} INFO - [2023-07-31T16:55:15.449-0500] {dag.py:2742} INFO - Sync 3 DAGs
[2023-07-31T16:55:15.470-0500] {logging_mixin.py:150} INFO - [2023-07-31T16:55:15.469-0500] {dag.py:3504} INFO - Setting next_dagrun for example_branch_datetime_operator to 2023-07-30T00:00:00+00:00, run_after=2023-07-31T00:00:00+00:00
[2023-07-31T16:55:15.475-0500] {logging_mixin.py:150} INFO - [2023-07-31T16:55:15.475-0500] {dag.py:3504} INFO - Setting next_dagrun for example_branch_datetime_operator_2 to 2023-07-30T00:00:00+00:00, run_after=2023-07-31T00:00:00+00:00
[2023-07-31T16:55:15.478-0500] {logging_mixin.py:150} INFO - [2023-07-31T16:55:15.478-0500] {dag.py:3504} INFO - Setting next_dagrun for example_branch_datetime_operator_3 to 2023-07-30T00:00:00+00:00, run_after=2023-07-31T00:00:00+00:00
[2023-07-31T16:55:15.499-0500] {processor.py:179} INFO - Processing /home/joha/anaconda3/lib/python3.10/site-packages/airflow/example_dags/example_branch_datetime_operator.py took 0.110 seconds
[2023-07-31T16:56:12.901-0500] {processor.py:157} INFO - Started process (PID=69687) to work on /home/joha/anaconda3/lib/python3.10/site-packages/airflow/example_dags/example_branch_datetime_operator.py
[2023-07-31T16:56:12.911-0500] {processor.py:826} INFO - Processing file /home/joha/anaconda3/lib/python3.10/site-packages/airflow/example_dags/example_branch_datetime_operator.py for tasks to queue
[2023-07-31T16:56:12.913-0500] {logging_mixin.py:150} INFO - [2023-07-31T16:56:12.912-0500] {dagbag.py:541} INFO - Filling up the DagBag from /home/joha/anaconda3/lib/python3.10/site-packages/airflow/example_dags/example_branch_datetime_operator.py
[2023-07-31T16:56:12.933-0500] {processor.py:836} INFO - DAG(s) dict_keys(['example_branch_datetime_operator_3', 'example_branch_datetime_operator_2', 'example_branch_datetime_operator']) retrieved from /home/joha/anaconda3/lib/python3.10/site-packages/airflow/example_dags/example_branch_datetime_operator.py
[2023-07-31T16:56:12.958-0500] {logging_mixin.py:150} INFO - [2023-07-31T16:56:12.958-0500] {dag.py:2742} INFO - Sync 3 DAGs
[2023-07-31T16:56:12.979-0500] {logging_mixin.py:150} INFO - [2023-07-31T16:56:12.978-0500] {dag.py:3504} INFO - Setting next_dagrun for example_branch_datetime_operator to 2023-07-30T00:00:00+00:00, run_after=2023-07-31T00:00:00+00:00
[2023-07-31T16:56:12.983-0500] {logging_mixin.py:150} INFO - [2023-07-31T16:56:12.983-0500] {dag.py:3504} INFO - Setting next_dagrun for example_branch_datetime_operator_2 to 2023-07-30T00:00:00+00:00, run_after=2023-07-31T00:00:00+00:00
[2023-07-31T16:56:12.985-0500] {logging_mixin.py:150} INFO - [2023-07-31T16:56:12.985-0500] {dag.py:3504} INFO - Setting next_dagrun for example_branch_datetime_operator_3 to 2023-07-30T00:00:00+00:00, run_after=2023-07-31T00:00:00+00:00
[2023-07-31T16:56:13.002-0500] {processor.py:179} INFO - Processing /home/joha/anaconda3/lib/python3.10/site-packages/airflow/example_dags/example_branch_datetime_operator.py took 0.107 seconds
