[2023-07-31T16:44:31.886-0500] {processor.py:157} INFO - Started process (PID=68698) to work on /home/joha/anaconda3/lib/python3.10/site-packages/airflow/example_dags/example_latest_only.py
[2023-07-31T16:44:31.887-0500] {processor.py:826} INFO - Processing file /home/joha/anaconda3/lib/python3.10/site-packages/airflow/example_dags/example_latest_only.py for tasks to queue
[2023-07-31T16:44:31.888-0500] {logging_mixin.py:150} INFO - [2023-07-31T16:44:31.888-0500] {dagbag.py:541} INFO - Filling up the DagBag from /home/joha/anaconda3/lib/python3.10/site-packages/airflow/example_dags/example_latest_only.py
[2023-07-31T16:44:31.897-0500] {processor.py:836} INFO - DAG(s) dict_keys(['latest_only']) retrieved from /home/joha/anaconda3/lib/python3.10/site-packages/airflow/example_dags/example_latest_only.py
[2023-07-31T16:44:31.926-0500] {logging_mixin.py:150} INFO - [2023-07-31T16:44:31.926-0500] {dag.py:2742} INFO - Sync 1 DAGs
[2023-07-31T16:44:31.961-0500] {logging_mixin.py:150} INFO - [2023-07-31T16:44:31.961-0500] {dag.py:3504} INFO - Setting next_dagrun for latest_only to 2023-07-31T17:44:31.961043+00:00, run_after=2023-07-31T21:44:31.961043+00:00
[2023-07-31T16:44:32.005-0500] {processor.py:179} INFO - Processing /home/joha/anaconda3/lib/python3.10/site-packages/airflow/example_dags/example_latest_only.py took 0.123 seconds
[2023-07-31T16:45:21.499-0500] {processor.py:157} INFO - Started process (PID=68827) to work on /home/joha/anaconda3/lib/python3.10/site-packages/airflow/example_dags/example_latest_only.py
[2023-07-31T16:45:21.507-0500] {processor.py:826} INFO - Processing file /home/joha/anaconda3/lib/python3.10/site-packages/airflow/example_dags/example_latest_only.py for tasks to queue
[2023-07-31T16:45:21.508-0500] {logging_mixin.py:150} INFO - [2023-07-31T16:45:21.508-0500] {dagbag.py:541} INFO - Filling up the DagBag from /home/joha/anaconda3/lib/python3.10/site-packages/airflow/example_dags/example_latest_only.py
[2023-07-31T16:45:21.515-0500] {processor.py:836} INFO - DAG(s) dict_keys(['latest_only']) retrieved from /home/joha/anaconda3/lib/python3.10/site-packages/airflow/example_dags/example_latest_only.py
[2023-07-31T16:45:21.534-0500] {logging_mixin.py:150} INFO - [2023-07-31T16:45:21.534-0500] {dag.py:2742} INFO - Sync 1 DAGs
[2023-07-31T16:45:21.559-0500] {logging_mixin.py:150} INFO - [2023-07-31T16:45:21.559-0500] {dag.py:3504} INFO - Setting next_dagrun for latest_only to 2023-07-31T17:45:21.559307+00:00, run_after=2023-07-31T21:45:21.559307+00:00
[2023-07-31T16:45:21.584-0500] {processor.py:179} INFO - Processing /home/joha/anaconda3/lib/python3.10/site-packages/airflow/example_dags/example_latest_only.py took 0.088 seconds
[2023-07-31T16:46:09.339-0500] {processor.py:157} INFO - Started process (PID=68895) to work on /home/joha/anaconda3/lib/python3.10/site-packages/airflow/example_dags/example_latest_only.py
[2023-07-31T16:46:09.345-0500] {processor.py:826} INFO - Processing file /home/joha/anaconda3/lib/python3.10/site-packages/airflow/example_dags/example_latest_only.py for tasks to queue
[2023-07-31T16:46:09.346-0500] {logging_mixin.py:150} INFO - [2023-07-31T16:46:09.346-0500] {dagbag.py:541} INFO - Filling up the DagBag from /home/joha/anaconda3/lib/python3.10/site-packages/airflow/example_dags/example_latest_only.py
[2023-07-31T16:46:09.353-0500] {processor.py:836} INFO - DAG(s) dict_keys(['latest_only']) retrieved from /home/joha/anaconda3/lib/python3.10/site-packages/airflow/example_dags/example_latest_only.py
[2023-07-31T16:46:09.374-0500] {logging_mixin.py:150} INFO - [2023-07-31T16:46:09.374-0500] {dag.py:2742} INFO - Sync 1 DAGs
[2023-07-31T16:46:09.396-0500] {logging_mixin.py:150} INFO - [2023-07-31T16:46:09.396-0500] {dag.py:3504} INFO - Setting next_dagrun for latest_only to 2023-07-31T17:46:09.395894+00:00, run_after=2023-07-31T21:46:09.395894+00:00
[2023-07-31T16:46:09.419-0500] {processor.py:179} INFO - Processing /home/joha/anaconda3/lib/python3.10/site-packages/airflow/example_dags/example_latest_only.py took 0.083 seconds
[2023-07-31T16:47:01.823-0500] {processor.py:157} INFO - Started process (PID=68960) to work on /home/joha/anaconda3/lib/python3.10/site-packages/airflow/example_dags/example_latest_only.py
[2023-07-31T16:47:01.831-0500] {processor.py:826} INFO - Processing file /home/joha/anaconda3/lib/python3.10/site-packages/airflow/example_dags/example_latest_only.py for tasks to queue
[2023-07-31T16:47:01.832-0500] {logging_mixin.py:150} INFO - [2023-07-31T16:47:01.832-0500] {dagbag.py:541} INFO - Filling up the DagBag from /home/joha/anaconda3/lib/python3.10/site-packages/airflow/example_dags/example_latest_only.py
[2023-07-31T16:47:01.840-0500] {processor.py:836} INFO - DAG(s) dict_keys(['latest_only']) retrieved from /home/joha/anaconda3/lib/python3.10/site-packages/airflow/example_dags/example_latest_only.py
[2023-07-31T16:47:01.859-0500] {logging_mixin.py:150} INFO - [2023-07-31T16:47:01.859-0500] {dag.py:2742} INFO - Sync 1 DAGs
[2023-07-31T16:47:01.882-0500] {logging_mixin.py:150} INFO - [2023-07-31T16:47:01.882-0500] {dag.py:3504} INFO - Setting next_dagrun for latest_only to 2023-07-31T17:47:01.882530+00:00, run_after=2023-07-31T21:47:01.882530+00:00
[2023-07-31T16:47:01.905-0500] {processor.py:179} INFO - Processing /home/joha/anaconda3/lib/python3.10/site-packages/airflow/example_dags/example_latest_only.py took 0.085 seconds
[2023-07-31T16:47:56.635-0500] {processor.py:157} INFO - Started process (PID=69029) to work on /home/joha/anaconda3/lib/python3.10/site-packages/airflow/example_dags/example_latest_only.py
[2023-07-31T16:47:56.643-0500] {processor.py:826} INFO - Processing file /home/joha/anaconda3/lib/python3.10/site-packages/airflow/example_dags/example_latest_only.py for tasks to queue
[2023-07-31T16:47:56.645-0500] {logging_mixin.py:150} INFO - [2023-07-31T16:47:56.644-0500] {dagbag.py:541} INFO - Filling up the DagBag from /home/joha/anaconda3/lib/python3.10/site-packages/airflow/example_dags/example_latest_only.py
[2023-07-31T16:47:56.655-0500] {processor.py:836} INFO - DAG(s) dict_keys(['latest_only']) retrieved from /home/joha/anaconda3/lib/python3.10/site-packages/airflow/example_dags/example_latest_only.py
[2023-07-31T16:47:56.674-0500] {logging_mixin.py:150} INFO - [2023-07-31T16:47:56.674-0500] {dag.py:2742} INFO - Sync 1 DAGs
[2023-07-31T16:47:56.693-0500] {logging_mixin.py:150} INFO - [2023-07-31T16:47:56.692-0500] {dag.py:3504} INFO - Setting next_dagrun for latest_only to 2023-07-31T17:47:56.692682+00:00, run_after=2023-07-31T21:47:56.692682+00:00
[2023-07-31T16:47:56.711-0500] {processor.py:179} INFO - Processing /home/joha/anaconda3/lib/python3.10/site-packages/airflow/example_dags/example_latest_only.py took 0.082 seconds
[2023-07-31T16:48:44.869-0500] {processor.py:157} INFO - Started process (PID=69090) to work on /home/joha/anaconda3/lib/python3.10/site-packages/airflow/example_dags/example_latest_only.py
[2023-07-31T16:48:44.877-0500] {processor.py:826} INFO - Processing file /home/joha/anaconda3/lib/python3.10/site-packages/airflow/example_dags/example_latest_only.py for tasks to queue
[2023-07-31T16:48:44.878-0500] {logging_mixin.py:150} INFO - [2023-07-31T16:48:44.877-0500] {dagbag.py:541} INFO - Filling up the DagBag from /home/joha/anaconda3/lib/python3.10/site-packages/airflow/example_dags/example_latest_only.py
[2023-07-31T16:48:44.888-0500] {processor.py:836} INFO - DAG(s) dict_keys(['latest_only']) retrieved from /home/joha/anaconda3/lib/python3.10/site-packages/airflow/example_dags/example_latest_only.py
[2023-07-31T16:48:44.912-0500] {logging_mixin.py:150} INFO - [2023-07-31T16:48:44.911-0500] {dag.py:2742} INFO - Sync 1 DAGs
[2023-07-31T16:48:44.930-0500] {logging_mixin.py:150} INFO - [2023-07-31T16:48:44.930-0500] {dag.py:3504} INFO - Setting next_dagrun for latest_only to 2023-07-31T17:48:44.929810+00:00, run_after=2023-07-31T21:48:44.929810+00:00
[2023-07-31T16:48:44.949-0500] {processor.py:179} INFO - Processing /home/joha/anaconda3/lib/python3.10/site-packages/airflow/example_dags/example_latest_only.py took 0.085 seconds
[2023-07-31T16:49:44.727-0500] {processor.py:157} INFO - Started process (PID=69178) to work on /home/joha/anaconda3/lib/python3.10/site-packages/airflow/example_dags/example_latest_only.py
[2023-07-31T16:49:44.735-0500] {processor.py:826} INFO - Processing file /home/joha/anaconda3/lib/python3.10/site-packages/airflow/example_dags/example_latest_only.py for tasks to queue
[2023-07-31T16:49:44.736-0500] {logging_mixin.py:150} INFO - [2023-07-31T16:49:44.735-0500] {dagbag.py:541} INFO - Filling up the DagBag from /home/joha/anaconda3/lib/python3.10/site-packages/airflow/example_dags/example_latest_only.py
[2023-07-31T16:49:44.744-0500] {processor.py:836} INFO - DAG(s) dict_keys(['latest_only']) retrieved from /home/joha/anaconda3/lib/python3.10/site-packages/airflow/example_dags/example_latest_only.py
[2023-07-31T16:49:44.768-0500] {logging_mixin.py:150} INFO - [2023-07-31T16:49:44.768-0500] {dag.py:2742} INFO - Sync 1 DAGs
[2023-07-31T16:49:44.789-0500] {logging_mixin.py:150} INFO - [2023-07-31T16:49:44.788-0500] {dag.py:3504} INFO - Setting next_dagrun for latest_only to 2023-07-31T17:49:44.788716+00:00, run_after=2023-07-31T21:49:44.788716+00:00
[2023-07-31T16:49:44.813-0500] {processor.py:179} INFO - Processing /home/joha/anaconda3/lib/python3.10/site-packages/airflow/example_dags/example_latest_only.py took 0.089 seconds
[2023-07-31T16:50:41.683-0500] {processor.py:157} INFO - Started process (PID=69265) to work on /home/joha/anaconda3/lib/python3.10/site-packages/airflow/example_dags/example_latest_only.py
[2023-07-31T16:50:41.690-0500] {processor.py:826} INFO - Processing file /home/joha/anaconda3/lib/python3.10/site-packages/airflow/example_dags/example_latest_only.py for tasks to queue
[2023-07-31T16:50:41.691-0500] {logging_mixin.py:150} INFO - [2023-07-31T16:50:41.691-0500] {dagbag.py:541} INFO - Filling up the DagBag from /home/joha/anaconda3/lib/python3.10/site-packages/airflow/example_dags/example_latest_only.py
[2023-07-31T16:50:41.698-0500] {processor.py:836} INFO - DAG(s) dict_keys(['latest_only']) retrieved from /home/joha/anaconda3/lib/python3.10/site-packages/airflow/example_dags/example_latest_only.py
[2023-07-31T16:50:41.719-0500] {logging_mixin.py:150} INFO - [2023-07-31T16:50:41.718-0500] {dag.py:2742} INFO - Sync 1 DAGs
[2023-07-31T16:50:41.740-0500] {logging_mixin.py:150} INFO - [2023-07-31T16:50:41.739-0500] {dag.py:3504} INFO - Setting next_dagrun for latest_only to 2023-07-31T17:50:41.739724+00:00, run_after=2023-07-31T21:50:41.739724+00:00
[2023-07-31T16:50:41.761-0500] {processor.py:179} INFO - Processing /home/joha/anaconda3/lib/python3.10/site-packages/airflow/example_dags/example_latest_only.py took 0.082 seconds
[2023-07-31T16:51:39.446-0500] {processor.py:157} INFO - Started process (PID=69335) to work on /home/joha/anaconda3/lib/python3.10/site-packages/airflow/example_dags/example_latest_only.py
[2023-07-31T16:51:39.454-0500] {processor.py:826} INFO - Processing file /home/joha/anaconda3/lib/python3.10/site-packages/airflow/example_dags/example_latest_only.py for tasks to queue
[2023-07-31T16:51:39.455-0500] {logging_mixin.py:150} INFO - [2023-07-31T16:51:39.455-0500] {dagbag.py:541} INFO - Filling up the DagBag from /home/joha/anaconda3/lib/python3.10/site-packages/airflow/example_dags/example_latest_only.py
[2023-07-31T16:51:39.461-0500] {processor.py:836} INFO - DAG(s) dict_keys(['latest_only']) retrieved from /home/joha/anaconda3/lib/python3.10/site-packages/airflow/example_dags/example_latest_only.py
[2023-07-31T16:51:39.483-0500] {logging_mixin.py:150} INFO - [2023-07-31T16:51:39.483-0500] {dag.py:2742} INFO - Sync 1 DAGs
[2023-07-31T16:51:39.507-0500] {logging_mixin.py:150} INFO - [2023-07-31T16:51:39.506-0500] {dag.py:3504} INFO - Setting next_dagrun for latest_only to 2023-07-31T17:51:39.506738+00:00, run_after=2023-07-31T21:51:39.506738+00:00
[2023-07-31T16:51:39.532-0500] {processor.py:179} INFO - Processing /home/joha/anaconda3/lib/python3.10/site-packages/airflow/example_dags/example_latest_only.py took 0.089 seconds
[2023-07-31T16:52:36.094-0500] {processor.py:157} INFO - Started process (PID=69416) to work on /home/joha/anaconda3/lib/python3.10/site-packages/airflow/example_dags/example_latest_only.py
[2023-07-31T16:52:36.103-0500] {processor.py:826} INFO - Processing file /home/joha/anaconda3/lib/python3.10/site-packages/airflow/example_dags/example_latest_only.py for tasks to queue
[2023-07-31T16:52:36.106-0500] {logging_mixin.py:150} INFO - [2023-07-31T16:52:36.104-0500] {dagbag.py:541} INFO - Filling up the DagBag from /home/joha/anaconda3/lib/python3.10/site-packages/airflow/example_dags/example_latest_only.py
[2023-07-31T16:52:36.123-0500] {processor.py:836} INFO - DAG(s) dict_keys(['latest_only']) retrieved from /home/joha/anaconda3/lib/python3.10/site-packages/airflow/example_dags/example_latest_only.py
[2023-07-31T16:52:36.145-0500] {logging_mixin.py:150} INFO - [2023-07-31T16:52:36.145-0500] {dag.py:2742} INFO - Sync 1 DAGs
[2023-07-31T16:52:36.164-0500] {logging_mixin.py:150} INFO - [2023-07-31T16:52:36.164-0500] {dag.py:3504} INFO - Setting next_dagrun for latest_only to 2023-07-31T17:52:36.164131+00:00, run_after=2023-07-31T21:52:36.164131+00:00
[2023-07-31T16:52:36.184-0500] {processor.py:179} INFO - Processing /home/joha/anaconda3/lib/python3.10/site-packages/airflow/example_dags/example_latest_only.py took 0.095 seconds
[2023-07-31T16:53:21.831-0500] {processor.py:157} INFO - Started process (PID=69463) to work on /home/joha/anaconda3/lib/python3.10/site-packages/airflow/example_dags/example_latest_only.py
[2023-07-31T16:53:21.841-0500] {processor.py:826} INFO - Processing file /home/joha/anaconda3/lib/python3.10/site-packages/airflow/example_dags/example_latest_only.py for tasks to queue
[2023-07-31T16:53:21.843-0500] {logging_mixin.py:150} INFO - [2023-07-31T16:53:21.842-0500] {dagbag.py:541} INFO - Filling up the DagBag from /home/joha/anaconda3/lib/python3.10/site-packages/airflow/example_dags/example_latest_only.py
[2023-07-31T16:53:21.856-0500] {processor.py:836} INFO - DAG(s) dict_keys(['latest_only']) retrieved from /home/joha/anaconda3/lib/python3.10/site-packages/airflow/example_dags/example_latest_only.py
[2023-07-31T16:53:21.878-0500] {logging_mixin.py:150} INFO - [2023-07-31T16:53:21.878-0500] {dag.py:2742} INFO - Sync 1 DAGs
[2023-07-31T16:53:21.896-0500] {logging_mixin.py:150} INFO - [2023-07-31T16:53:21.896-0500] {dag.py:3504} INFO - Setting next_dagrun for latest_only to 2023-07-31T17:53:21.896582+00:00, run_after=2023-07-31T21:53:21.896582+00:00
[2023-07-31T16:53:21.916-0500] {processor.py:179} INFO - Processing /home/joha/anaconda3/lib/python3.10/site-packages/airflow/example_dags/example_latest_only.py took 0.091 seconds
[2023-07-31T16:54:07.170-0500] {processor.py:157} INFO - Started process (PID=69517) to work on /home/joha/anaconda3/lib/python3.10/site-packages/airflow/example_dags/example_latest_only.py
[2023-07-31T16:54:07.178-0500] {processor.py:826} INFO - Processing file /home/joha/anaconda3/lib/python3.10/site-packages/airflow/example_dags/example_latest_only.py for tasks to queue
[2023-07-31T16:54:07.181-0500] {logging_mixin.py:150} INFO - [2023-07-31T16:54:07.180-0500] {dagbag.py:541} INFO - Filling up the DagBag from /home/joha/anaconda3/lib/python3.10/site-packages/airflow/example_dags/example_latest_only.py
[2023-07-31T16:54:07.197-0500] {processor.py:836} INFO - DAG(s) dict_keys(['latest_only']) retrieved from /home/joha/anaconda3/lib/python3.10/site-packages/airflow/example_dags/example_latest_only.py
[2023-07-31T16:54:07.217-0500] {logging_mixin.py:150} INFO - [2023-07-31T16:54:07.217-0500] {dag.py:2742} INFO - Sync 1 DAGs
[2023-07-31T16:54:07.236-0500] {logging_mixin.py:150} INFO - [2023-07-31T16:54:07.236-0500] {dag.py:3504} INFO - Setting next_dagrun for latest_only to 2023-07-31T17:54:07.236051+00:00, run_after=2023-07-31T21:54:07.236051+00:00
[2023-07-31T16:54:07.256-0500] {processor.py:179} INFO - Processing /home/joha/anaconda3/lib/python3.10/site-packages/airflow/example_dags/example_latest_only.py took 0.092 seconds
[2023-07-31T16:54:53.767-0500] {processor.py:157} INFO - Started process (PID=69577) to work on /home/joha/anaconda3/lib/python3.10/site-packages/airflow/example_dags/example_latest_only.py
[2023-07-31T16:54:53.776-0500] {processor.py:826} INFO - Processing file /home/joha/anaconda3/lib/python3.10/site-packages/airflow/example_dags/example_latest_only.py for tasks to queue
[2023-07-31T16:54:53.779-0500] {logging_mixin.py:150} INFO - [2023-07-31T16:54:53.777-0500] {dagbag.py:541} INFO - Filling up the DagBag from /home/joha/anaconda3/lib/python3.10/site-packages/airflow/example_dags/example_latest_only.py
[2023-07-31T16:54:53.792-0500] {processor.py:836} INFO - DAG(s) dict_keys(['latest_only']) retrieved from /home/joha/anaconda3/lib/python3.10/site-packages/airflow/example_dags/example_latest_only.py
[2023-07-31T16:54:53.811-0500] {logging_mixin.py:150} INFO - [2023-07-31T16:54:53.811-0500] {dag.py:2742} INFO - Sync 1 DAGs
[2023-07-31T16:54:53.830-0500] {logging_mixin.py:150} INFO - [2023-07-31T16:54:53.829-0500] {dag.py:3504} INFO - Setting next_dagrun for latest_only to 2023-07-31T17:54:53.829674+00:00, run_after=2023-07-31T21:54:53.829674+00:00
[2023-07-31T16:54:53.848-0500] {processor.py:179} INFO - Processing /home/joha/anaconda3/lib/python3.10/site-packages/airflow/example_dags/example_latest_only.py took 0.091 seconds
[2023-07-31T16:55:52.119-0500] {processor.py:157} INFO - Started process (PID=69658) to work on /home/joha/anaconda3/lib/python3.10/site-packages/airflow/example_dags/example_latest_only.py
[2023-07-31T16:55:52.129-0500] {processor.py:826} INFO - Processing file /home/joha/anaconda3/lib/python3.10/site-packages/airflow/example_dags/example_latest_only.py for tasks to queue
[2023-07-31T16:55:52.131-0500] {logging_mixin.py:150} INFO - [2023-07-31T16:55:52.130-0500] {dagbag.py:541} INFO - Filling up the DagBag from /home/joha/anaconda3/lib/python3.10/site-packages/airflow/example_dags/example_latest_only.py
[2023-07-31T16:55:52.145-0500] {processor.py:836} INFO - DAG(s) dict_keys(['latest_only']) retrieved from /home/joha/anaconda3/lib/python3.10/site-packages/airflow/example_dags/example_latest_only.py
[2023-07-31T16:55:52.167-0500] {logging_mixin.py:150} INFO - [2023-07-31T16:55:52.167-0500] {dag.py:2742} INFO - Sync 1 DAGs
[2023-07-31T16:55:52.185-0500] {logging_mixin.py:150} INFO - [2023-07-31T16:55:52.185-0500] {dag.py:3504} INFO - Setting next_dagrun for latest_only to 2023-07-31T17:55:52.185123+00:00, run_after=2023-07-31T21:55:52.185123+00:00
[2023-07-31T16:55:52.305-0500] {processor.py:179} INFO - Processing /home/joha/anaconda3/lib/python3.10/site-packages/airflow/example_dags/example_latest_only.py took 0.192 seconds
