[2023-07-31T16:44:51.328-0500] {processor.py:157} INFO - Started process (PID=68781) to work on /home/joha/anaconda3/lib/python3.10/site-packages/airflow/example_dags/example_setup_teardown_taskflow.py
[2023-07-31T16:44:51.329-0500] {processor.py:826} INFO - Processing file /home/joha/anaconda3/lib/python3.10/site-packages/airflow/example_dags/example_setup_teardown_taskflow.py for tasks to queue
[2023-07-31T16:44:51.330-0500] {logging_mixin.py:150} INFO - [2023-07-31T16:44:51.330-0500] {dagbag.py:541} INFO - Filling up the DagBag from /home/joha/anaconda3/lib/python3.10/site-packages/airflow/example_dags/example_setup_teardown_taskflow.py
[2023-07-31T16:44:51.333-0500] {processor.py:838} WARNING - No viable dags retrieved from /home/joha/anaconda3/lib/python3.10/site-packages/airflow/example_dags/example_setup_teardown_taskflow.py
[2023-07-31T16:44:51.344-0500] {processor.py:179} INFO - Processing /home/joha/anaconda3/lib/python3.10/site-packages/airflow/example_dags/example_setup_teardown_taskflow.py took 0.020 seconds
[2023-07-31T16:45:48.100-0500] {processor.py:157} INFO - Started process (PID=68862) to work on /home/joha/anaconda3/lib/python3.10/site-packages/airflow/example_dags/example_setup_teardown_taskflow.py
[2023-07-31T16:45:48.102-0500] {processor.py:826} INFO - Processing file /home/joha/anaconda3/lib/python3.10/site-packages/airflow/example_dags/example_setup_teardown_taskflow.py for tasks to queue
[2023-07-31T16:45:48.104-0500] {logging_mixin.py:150} INFO - [2023-07-31T16:45:48.103-0500] {dagbag.py:541} INFO - Filling up the DagBag from /home/joha/anaconda3/lib/python3.10/site-packages/airflow/example_dags/example_setup_teardown_taskflow.py
[2023-07-31T16:45:48.107-0500] {processor.py:838} WARNING - No viable dags retrieved from /home/joha/anaconda3/lib/python3.10/site-packages/airflow/example_dags/example_setup_teardown_taskflow.py
[2023-07-31T16:45:48.121-0500] {processor.py:179} INFO - Processing /home/joha/anaconda3/lib/python3.10/site-packages/airflow/example_dags/example_setup_teardown_taskflow.py took 0.025 seconds
[2023-07-31T16:46:41.594-0500] {processor.py:157} INFO - Started process (PID=68934) to work on /home/joha/anaconda3/lib/python3.10/site-packages/airflow/example_dags/example_setup_teardown_taskflow.py
[2023-07-31T16:46:41.602-0500] {processor.py:826} INFO - Processing file /home/joha/anaconda3/lib/python3.10/site-packages/airflow/example_dags/example_setup_teardown_taskflow.py for tasks to queue
[2023-07-31T16:46:41.604-0500] {logging_mixin.py:150} INFO - [2023-07-31T16:46:41.603-0500] {dagbag.py:541} INFO - Filling up the DagBag from /home/joha/anaconda3/lib/python3.10/site-packages/airflow/example_dags/example_setup_teardown_taskflow.py
[2023-07-31T16:46:41.607-0500] {processor.py:838} WARNING - No viable dags retrieved from /home/joha/anaconda3/lib/python3.10/site-packages/airflow/example_dags/example_setup_teardown_taskflow.py
[2023-07-31T16:46:41.618-0500] {processor.py:179} INFO - Processing /home/joha/anaconda3/lib/python3.10/site-packages/airflow/example_dags/example_setup_teardown_taskflow.py took 0.028 seconds
[2023-07-31T16:47:36.727-0500] {processor.py:157} INFO - Started process (PID=69002) to work on /home/joha/anaconda3/lib/python3.10/site-packages/airflow/example_dags/example_setup_teardown_taskflow.py
[2023-07-31T16:47:36.735-0500] {processor.py:826} INFO - Processing file /home/joha/anaconda3/lib/python3.10/site-packages/airflow/example_dags/example_setup_teardown_taskflow.py for tasks to queue
[2023-07-31T16:47:36.736-0500] {logging_mixin.py:150} INFO - [2023-07-31T16:47:36.736-0500] {dagbag.py:541} INFO - Filling up the DagBag from /home/joha/anaconda3/lib/python3.10/site-packages/airflow/example_dags/example_setup_teardown_taskflow.py
[2023-07-31T16:47:36.740-0500] {processor.py:838} WARNING - No viable dags retrieved from /home/joha/anaconda3/lib/python3.10/site-packages/airflow/example_dags/example_setup_teardown_taskflow.py
[2023-07-31T16:47:36.754-0500] {processor.py:179} INFO - Processing /home/joha/anaconda3/lib/python3.10/site-packages/airflow/example_dags/example_setup_teardown_taskflow.py took 0.032 seconds
[2023-07-31T16:48:27.653-0500] {processor.py:157} INFO - Started process (PID=69065) to work on /home/joha/anaconda3/lib/python3.10/site-packages/airflow/example_dags/example_setup_teardown_taskflow.py
[2023-07-31T16:48:27.661-0500] {processor.py:826} INFO - Processing file /home/joha/anaconda3/lib/python3.10/site-packages/airflow/example_dags/example_setup_teardown_taskflow.py for tasks to queue
[2023-07-31T16:48:27.663-0500] {logging_mixin.py:150} INFO - [2023-07-31T16:48:27.662-0500] {dagbag.py:541} INFO - Filling up the DagBag from /home/joha/anaconda3/lib/python3.10/site-packages/airflow/example_dags/example_setup_teardown_taskflow.py
[2023-07-31T16:48:27.666-0500] {processor.py:838} WARNING - No viable dags retrieved from /home/joha/anaconda3/lib/python3.10/site-packages/airflow/example_dags/example_setup_teardown_taskflow.py
[2023-07-31T16:48:27.680-0500] {processor.py:179} INFO - Processing /home/joha/anaconda3/lib/python3.10/site-packages/airflow/example_dags/example_setup_teardown_taskflow.py took 0.032 seconds
[2023-07-31T16:49:23.358-0500] {processor.py:157} INFO - Started process (PID=69142) to work on /home/joha/anaconda3/lib/python3.10/site-packages/airflow/example_dags/example_setup_teardown_taskflow.py
[2023-07-31T16:49:23.365-0500] {processor.py:826} INFO - Processing file /home/joha/anaconda3/lib/python3.10/site-packages/airflow/example_dags/example_setup_teardown_taskflow.py for tasks to queue
[2023-07-31T16:49:23.366-0500] {logging_mixin.py:150} INFO - [2023-07-31T16:49:23.366-0500] {dagbag.py:541} INFO - Filling up the DagBag from /home/joha/anaconda3/lib/python3.10/site-packages/airflow/example_dags/example_setup_teardown_taskflow.py
[2023-07-31T16:49:23.369-0500] {processor.py:838} WARNING - No viable dags retrieved from /home/joha/anaconda3/lib/python3.10/site-packages/airflow/example_dags/example_setup_teardown_taskflow.py
[2023-07-31T16:49:23.377-0500] {processor.py:179} INFO - Processing /home/joha/anaconda3/lib/python3.10/site-packages/airflow/example_dags/example_setup_teardown_taskflow.py took 0.023 seconds
[2023-07-31T16:50:23.673-0500] {processor.py:157} INFO - Started process (PID=69239) to work on /home/joha/anaconda3/lib/python3.10/site-packages/airflow/example_dags/example_setup_teardown_taskflow.py
[2023-07-31T16:50:23.679-0500] {processor.py:826} INFO - Processing file /home/joha/anaconda3/lib/python3.10/site-packages/airflow/example_dags/example_setup_teardown_taskflow.py for tasks to queue
[2023-07-31T16:50:23.680-0500] {logging_mixin.py:150} INFO - [2023-07-31T16:50:23.680-0500] {dagbag.py:541} INFO - Filling up the DagBag from /home/joha/anaconda3/lib/python3.10/site-packages/airflow/example_dags/example_setup_teardown_taskflow.py
[2023-07-31T16:50:23.684-0500] {processor.py:838} WARNING - No viable dags retrieved from /home/joha/anaconda3/lib/python3.10/site-packages/airflow/example_dags/example_setup_teardown_taskflow.py
[2023-07-31T16:50:23.697-0500] {processor.py:179} INFO - Processing /home/joha/anaconda3/lib/python3.10/site-packages/airflow/example_dags/example_setup_teardown_taskflow.py took 0.029 seconds
[2023-07-31T16:51:20.749-0500] {processor.py:157} INFO - Started process (PID=69311) to work on /home/joha/anaconda3/lib/python3.10/site-packages/airflow/example_dags/example_setup_teardown_taskflow.py
[2023-07-31T16:51:20.757-0500] {processor.py:826} INFO - Processing file /home/joha/anaconda3/lib/python3.10/site-packages/airflow/example_dags/example_setup_teardown_taskflow.py for tasks to queue
[2023-07-31T16:51:20.759-0500] {logging_mixin.py:150} INFO - [2023-07-31T16:51:20.758-0500] {dagbag.py:541} INFO - Filling up the DagBag from /home/joha/anaconda3/lib/python3.10/site-packages/airflow/example_dags/example_setup_teardown_taskflow.py
[2023-07-31T16:51:20.764-0500] {processor.py:838} WARNING - No viable dags retrieved from /home/joha/anaconda3/lib/python3.10/site-packages/airflow/example_dags/example_setup_teardown_taskflow.py
[2023-07-31T16:51:20.787-0500] {processor.py:179} INFO - Processing /home/joha/anaconda3/lib/python3.10/site-packages/airflow/example_dags/example_setup_teardown_taskflow.py took 0.044 seconds
[2023-07-31T16:52:16.459-0500] {processor.py:157} INFO - Started process (PID=69383) to work on /home/joha/anaconda3/lib/python3.10/site-packages/airflow/example_dags/example_setup_teardown_taskflow.py
[2023-07-31T16:52:16.467-0500] {processor.py:826} INFO - Processing file /home/joha/anaconda3/lib/python3.10/site-packages/airflow/example_dags/example_setup_teardown_taskflow.py for tasks to queue
[2023-07-31T16:52:16.469-0500] {logging_mixin.py:150} INFO - [2023-07-31T16:52:16.468-0500] {dagbag.py:541} INFO - Filling up the DagBag from /home/joha/anaconda3/lib/python3.10/site-packages/airflow/example_dags/example_setup_teardown_taskflow.py
[2023-07-31T16:52:16.472-0500] {processor.py:838} WARNING - No viable dags retrieved from /home/joha/anaconda3/lib/python3.10/site-packages/airflow/example_dags/example_setup_teardown_taskflow.py
[2023-07-31T16:52:16.485-0500] {processor.py:179} INFO - Processing /home/joha/anaconda3/lib/python3.10/site-packages/airflow/example_dags/example_setup_teardown_taskflow.py took 0.036 seconds
[2023-07-31T16:53:24.155-0500] {processor.py:157} INFO - Started process (PID=69465) to work on /home/joha/anaconda3/lib/python3.10/site-packages/airflow/example_dags/example_setup_teardown_taskflow.py
[2023-07-31T16:53:24.164-0500] {processor.py:826} INFO - Processing file /home/joha/anaconda3/lib/python3.10/site-packages/airflow/example_dags/example_setup_teardown_taskflow.py for tasks to queue
[2023-07-31T16:53:24.167-0500] {logging_mixin.py:150} INFO - [2023-07-31T16:53:24.166-0500] {dagbag.py:541} INFO - Filling up the DagBag from /home/joha/anaconda3/lib/python3.10/site-packages/airflow/example_dags/example_setup_teardown_taskflow.py
[2023-07-31T16:53:24.174-0500] {processor.py:838} WARNING - No viable dags retrieved from /home/joha/anaconda3/lib/python3.10/site-packages/airflow/example_dags/example_setup_teardown_taskflow.py
[2023-07-31T16:53:24.193-0500] {processor.py:179} INFO - Processing /home/joha/anaconda3/lib/python3.10/site-packages/airflow/example_dags/example_setup_teardown_taskflow.py took 0.044 seconds
[2023-07-31T16:54:10.636-0500] {processor.py:157} INFO - Started process (PID=69522) to work on /home/joha/anaconda3/lib/python3.10/site-packages/airflow/example_dags/example_setup_teardown_taskflow.py
[2023-07-31T16:54:10.644-0500] {processor.py:826} INFO - Processing file /home/joha/anaconda3/lib/python3.10/site-packages/airflow/example_dags/example_setup_teardown_taskflow.py for tasks to queue
[2023-07-31T16:54:10.645-0500] {logging_mixin.py:150} INFO - [2023-07-31T16:54:10.644-0500] {dagbag.py:541} INFO - Filling up the DagBag from /home/joha/anaconda3/lib/python3.10/site-packages/airflow/example_dags/example_setup_teardown_taskflow.py
[2023-07-31T16:54:10.647-0500] {processor.py:838} WARNING - No viable dags retrieved from /home/joha/anaconda3/lib/python3.10/site-packages/airflow/example_dags/example_setup_teardown_taskflow.py
[2023-07-31T16:54:10.657-0500] {processor.py:179} INFO - Processing /home/joha/anaconda3/lib/python3.10/site-packages/airflow/example_dags/example_setup_teardown_taskflow.py took 0.023 seconds
[2023-07-31T16:54:59.619-0500] {processor.py:157} INFO - Started process (PID=69582) to work on /home/joha/anaconda3/lib/python3.10/site-packages/airflow/example_dags/example_setup_teardown_taskflow.py
[2023-07-31T16:54:59.627-0500] {processor.py:826} INFO - Processing file /home/joha/anaconda3/lib/python3.10/site-packages/airflow/example_dags/example_setup_teardown_taskflow.py for tasks to queue
[2023-07-31T16:54:59.628-0500] {logging_mixin.py:150} INFO - [2023-07-31T16:54:59.627-0500] {dagbag.py:541} INFO - Filling up the DagBag from /home/joha/anaconda3/lib/python3.10/site-packages/airflow/example_dags/example_setup_teardown_taskflow.py
[2023-07-31T16:54:59.630-0500] {processor.py:838} WARNING - No viable dags retrieved from /home/joha/anaconda3/lib/python3.10/site-packages/airflow/example_dags/example_setup_teardown_taskflow.py
[2023-07-31T16:54:59.642-0500] {processor.py:179} INFO - Processing /home/joha/anaconda3/lib/python3.10/site-packages/airflow/example_dags/example_setup_teardown_taskflow.py took 0.026 seconds
[2023-07-31T16:55:56.397-0500] {processor.py:157} INFO - Started process (PID=69663) to work on /home/joha/anaconda3/lib/python3.10/site-packages/airflow/example_dags/example_setup_teardown_taskflow.py
[2023-07-31T16:55:56.404-0500] {processor.py:826} INFO - Processing file /home/joha/anaconda3/lib/python3.10/site-packages/airflow/example_dags/example_setup_teardown_taskflow.py for tasks to queue
[2023-07-31T16:55:56.405-0500] {logging_mixin.py:150} INFO - [2023-07-31T16:55:56.405-0500] {dagbag.py:541} INFO - Filling up the DagBag from /home/joha/anaconda3/lib/python3.10/site-packages/airflow/example_dags/example_setup_teardown_taskflow.py
[2023-07-31T16:55:56.408-0500] {processor.py:838} WARNING - No viable dags retrieved from /home/joha/anaconda3/lib/python3.10/site-packages/airflow/example_dags/example_setup_teardown_taskflow.py
[2023-07-31T16:55:56.418-0500] {processor.py:179} INFO - Processing /home/joha/anaconda3/lib/python3.10/site-packages/airflow/example_dags/example_setup_teardown_taskflow.py took 0.025 seconds
