[2023-07-31T16:44:49.582-0500] {processor.py:157} INFO - Started process (PID=68778) to work on /home/joha/anaconda3/lib/python3.10/site-packages/airflow/example_dags/example_latest_only_with_trigger.py
[2023-07-31T16:44:49.583-0500] {processor.py:826} INFO - Processing file /home/joha/anaconda3/lib/python3.10/site-packages/airflow/example_dags/example_latest_only_with_trigger.py for tasks to queue
[2023-07-31T16:44:49.584-0500] {logging_mixin.py:150} INFO - [2023-07-31T16:44:49.583-0500] {dagbag.py:541} INFO - Filling up the DagBag from /home/joha/anaconda3/lib/python3.10/site-packages/airflow/example_dags/example_latest_only_with_trigger.py
[2023-07-31T16:44:49.591-0500] {processor.py:836} INFO - DAG(s) dict_keys(['latest_only_with_trigger']) retrieved from /home/joha/anaconda3/lib/python3.10/site-packages/airflow/example_dags/example_latest_only_with_trigger.py
[2023-07-31T16:44:49.617-0500] {logging_mixin.py:150} INFO - [2023-07-31T16:44:49.617-0500] {dag.py:2742} INFO - Sync 1 DAGs
[2023-07-31T16:44:49.642-0500] {logging_mixin.py:150} INFO - [2023-07-31T16:44:49.642-0500] {dag.py:3504} INFO - Setting next_dagrun for latest_only_with_trigger to 2023-07-31T17:44:49.642194+00:00, run_after=2023-07-31T21:44:49.642194+00:00
[2023-07-31T16:44:49.673-0500] {processor.py:179} INFO - Processing /home/joha/anaconda3/lib/python3.10/site-packages/airflow/example_dags/example_latest_only_with_trigger.py took 0.095 seconds
[2023-07-31T16:45:45.378-0500] {processor.py:157} INFO - Started process (PID=68858) to work on /home/joha/anaconda3/lib/python3.10/site-packages/airflow/example_dags/example_latest_only_with_trigger.py
[2023-07-31T16:45:45.386-0500] {processor.py:826} INFO - Processing file /home/joha/anaconda3/lib/python3.10/site-packages/airflow/example_dags/example_latest_only_with_trigger.py for tasks to queue
[2023-07-31T16:45:45.387-0500] {logging_mixin.py:150} INFO - [2023-07-31T16:45:45.387-0500] {dagbag.py:541} INFO - Filling up the DagBag from /home/joha/anaconda3/lib/python3.10/site-packages/airflow/example_dags/example_latest_only_with_trigger.py
[2023-07-31T16:45:45.395-0500] {processor.py:836} INFO - DAG(s) dict_keys(['latest_only_with_trigger']) retrieved from /home/joha/anaconda3/lib/python3.10/site-packages/airflow/example_dags/example_latest_only_with_trigger.py
[2023-07-31T16:45:45.413-0500] {logging_mixin.py:150} INFO - [2023-07-31T16:45:45.412-0500] {dag.py:2742} INFO - Sync 1 DAGs
[2023-07-31T16:45:45.432-0500] {logging_mixin.py:150} INFO - [2023-07-31T16:45:45.432-0500] {dag.py:3504} INFO - Setting next_dagrun for latest_only_with_trigger to 2023-07-31T17:45:45.431852+00:00, run_after=2023-07-31T21:45:45.431852+00:00
[2023-07-31T16:45:45.451-0500] {processor.py:179} INFO - Processing /home/joha/anaconda3/lib/python3.10/site-packages/airflow/example_dags/example_latest_only_with_trigger.py took 0.077 seconds
[2023-07-31T16:46:39.584-0500] {processor.py:157} INFO - Started process (PID=68931) to work on /home/joha/anaconda3/lib/python3.10/site-packages/airflow/example_dags/example_latest_only_with_trigger.py
[2023-07-31T16:46:39.593-0500] {processor.py:826} INFO - Processing file /home/joha/anaconda3/lib/python3.10/site-packages/airflow/example_dags/example_latest_only_with_trigger.py for tasks to queue
[2023-07-31T16:46:39.595-0500] {logging_mixin.py:150} INFO - [2023-07-31T16:46:39.594-0500] {dagbag.py:541} INFO - Filling up the DagBag from /home/joha/anaconda3/lib/python3.10/site-packages/airflow/example_dags/example_latest_only_with_trigger.py
[2023-07-31T16:46:39.603-0500] {processor.py:836} INFO - DAG(s) dict_keys(['latest_only_with_trigger']) retrieved from /home/joha/anaconda3/lib/python3.10/site-packages/airflow/example_dags/example_latest_only_with_trigger.py
[2023-07-31T16:46:39.626-0500] {logging_mixin.py:150} INFO - [2023-07-31T16:46:39.625-0500] {dag.py:2742} INFO - Sync 1 DAGs
[2023-07-31T16:46:39.648-0500] {logging_mixin.py:150} INFO - [2023-07-31T16:46:39.648-0500] {dag.py:3504} INFO - Setting next_dagrun for latest_only_with_trigger to 2023-07-31T17:46:39.648451+00:00, run_after=2023-07-31T21:46:39.648451+00:00
[2023-07-31T16:46:39.677-0500] {processor.py:179} INFO - Processing /home/joha/anaconda3/lib/python3.10/site-packages/airflow/example_dags/example_latest_only_with_trigger.py took 0.097 seconds
[2023-07-31T16:47:33.728-0500] {processor.py:157} INFO - Started process (PID=68999) to work on /home/joha/anaconda3/lib/python3.10/site-packages/airflow/example_dags/example_latest_only_with_trigger.py
[2023-07-31T16:47:33.736-0500] {processor.py:826} INFO - Processing file /home/joha/anaconda3/lib/python3.10/site-packages/airflow/example_dags/example_latest_only_with_trigger.py for tasks to queue
[2023-07-31T16:47:33.738-0500] {logging_mixin.py:150} INFO - [2023-07-31T16:47:33.737-0500] {dagbag.py:541} INFO - Filling up the DagBag from /home/joha/anaconda3/lib/python3.10/site-packages/airflow/example_dags/example_latest_only_with_trigger.py
[2023-07-31T16:47:33.748-0500] {processor.py:836} INFO - DAG(s) dict_keys(['latest_only_with_trigger']) retrieved from /home/joha/anaconda3/lib/python3.10/site-packages/airflow/example_dags/example_latest_only_with_trigger.py
[2023-07-31T16:47:33.771-0500] {logging_mixin.py:150} INFO - [2023-07-31T16:47:33.770-0500] {dag.py:2742} INFO - Sync 1 DAGs
[2023-07-31T16:47:33.789-0500] {logging_mixin.py:150} INFO - [2023-07-31T16:47:33.789-0500] {dag.py:3504} INFO - Setting next_dagrun for latest_only_with_trigger to 2023-07-31T17:47:33.789598+00:00, run_after=2023-07-31T21:47:33.789598+00:00
[2023-07-31T16:47:33.809-0500] {processor.py:179} INFO - Processing /home/joha/anaconda3/lib/python3.10/site-packages/airflow/example_dags/example_latest_only_with_trigger.py took 0.085 seconds
[2023-07-31T16:48:24.056-0500] {processor.py:157} INFO - Started process (PID=69062) to work on /home/joha/anaconda3/lib/python3.10/site-packages/airflow/example_dags/example_latest_only_with_trigger.py
[2023-07-31T16:48:24.058-0500] {processor.py:826} INFO - Processing file /home/joha/anaconda3/lib/python3.10/site-packages/airflow/example_dags/example_latest_only_with_trigger.py for tasks to queue
[2023-07-31T16:48:24.060-0500] {logging_mixin.py:150} INFO - [2023-07-31T16:48:24.059-0500] {dagbag.py:541} INFO - Filling up the DagBag from /home/joha/anaconda3/lib/python3.10/site-packages/airflow/example_dags/example_latest_only_with_trigger.py
[2023-07-31T16:48:24.073-0500] {processor.py:836} INFO - DAG(s) dict_keys(['latest_only_with_trigger']) retrieved from /home/joha/anaconda3/lib/python3.10/site-packages/airflow/example_dags/example_latest_only_with_trigger.py
[2023-07-31T16:48:24.093-0500] {logging_mixin.py:150} INFO - [2023-07-31T16:48:24.093-0500] {dag.py:2742} INFO - Sync 1 DAGs
[2023-07-31T16:48:24.111-0500] {logging_mixin.py:150} INFO - [2023-07-31T16:48:24.111-0500] {dag.py:3504} INFO - Setting next_dagrun for latest_only_with_trigger to 2023-07-31T17:48:24.111028+00:00, run_after=2023-07-31T21:48:24.111028+00:00
[2023-07-31T16:48:24.130-0500] {processor.py:179} INFO - Processing /home/joha/anaconda3/lib/python3.10/site-packages/airflow/example_dags/example_latest_only_with_trigger.py took 0.080 seconds
[2023-07-31T16:49:20.387-0500] {processor.py:157} INFO - Started process (PID=69139) to work on /home/joha/anaconda3/lib/python3.10/site-packages/airflow/example_dags/example_latest_only_with_trigger.py
[2023-07-31T16:49:20.396-0500] {processor.py:826} INFO - Processing file /home/joha/anaconda3/lib/python3.10/site-packages/airflow/example_dags/example_latest_only_with_trigger.py for tasks to queue
[2023-07-31T16:49:20.399-0500] {logging_mixin.py:150} INFO - [2023-07-31T16:49:20.397-0500] {dagbag.py:541} INFO - Filling up the DagBag from /home/joha/anaconda3/lib/python3.10/site-packages/airflow/example_dags/example_latest_only_with_trigger.py
[2023-07-31T16:49:20.418-0500] {processor.py:836} INFO - DAG(s) dict_keys(['latest_only_with_trigger']) retrieved from /home/joha/anaconda3/lib/python3.10/site-packages/airflow/example_dags/example_latest_only_with_trigger.py
[2023-07-31T16:49:20.440-0500] {logging_mixin.py:150} INFO - [2023-07-31T16:49:20.440-0500] {dag.py:2742} INFO - Sync 1 DAGs
[2023-07-31T16:49:20.459-0500] {logging_mixin.py:150} INFO - [2023-07-31T16:49:20.459-0500] {dag.py:3504} INFO - Setting next_dagrun for latest_only_with_trigger to 2023-07-31T17:49:20.459564+00:00, run_after=2023-07-31T21:49:20.459564+00:00
[2023-07-31T16:49:20.480-0500] {processor.py:179} INFO - Processing /home/joha/anaconda3/lib/python3.10/site-packages/airflow/example_dags/example_latest_only_with_trigger.py took 0.096 seconds
[2023-07-31T16:50:09.255-0500] {processor.py:157} INFO - Started process (PID=69208) to work on /home/joha/anaconda3/lib/python3.10/site-packages/airflow/example_dags/example_latest_only_with_trigger.py
[2023-07-31T16:50:09.264-0500] {processor.py:826} INFO - Processing file /home/joha/anaconda3/lib/python3.10/site-packages/airflow/example_dags/example_latest_only_with_trigger.py for tasks to queue
[2023-07-31T16:50:09.265-0500] {logging_mixin.py:150} INFO - [2023-07-31T16:50:09.265-0500] {dagbag.py:541} INFO - Filling up the DagBag from /home/joha/anaconda3/lib/python3.10/site-packages/airflow/example_dags/example_latest_only_with_trigger.py
[2023-07-31T16:50:09.279-0500] {processor.py:836} INFO - DAG(s) dict_keys(['latest_only_with_trigger']) retrieved from /home/joha/anaconda3/lib/python3.10/site-packages/airflow/example_dags/example_latest_only_with_trigger.py
[2023-07-31T16:50:09.302-0500] {logging_mixin.py:150} INFO - [2023-07-31T16:50:09.301-0500] {dag.py:2742} INFO - Sync 1 DAGs
[2023-07-31T16:50:09.323-0500] {logging_mixin.py:150} INFO - [2023-07-31T16:50:09.322-0500] {dag.py:3504} INFO - Setting next_dagrun for latest_only_with_trigger to 2023-07-31T17:50:09.322455+00:00, run_after=2023-07-31T21:50:09.322455+00:00
[2023-07-31T16:50:09.346-0500] {processor.py:179} INFO - Processing /home/joha/anaconda3/lib/python3.10/site-packages/airflow/example_dags/example_latest_only_with_trigger.py took 0.097 seconds
[2023-07-31T16:51:06.104-0500] {processor.py:157} INFO - Started process (PID=69289) to work on /home/joha/anaconda3/lib/python3.10/site-packages/airflow/example_dags/example_latest_only_with_trigger.py
[2023-07-31T16:51:06.113-0500] {processor.py:826} INFO - Processing file /home/joha/anaconda3/lib/python3.10/site-packages/airflow/example_dags/example_latest_only_with_trigger.py for tasks to queue
[2023-07-31T16:51:06.115-0500] {logging_mixin.py:150} INFO - [2023-07-31T16:51:06.114-0500] {dagbag.py:541} INFO - Filling up the DagBag from /home/joha/anaconda3/lib/python3.10/site-packages/airflow/example_dags/example_latest_only_with_trigger.py
[2023-07-31T16:51:06.135-0500] {processor.py:836} INFO - DAG(s) dict_keys(['latest_only_with_trigger']) retrieved from /home/joha/anaconda3/lib/python3.10/site-packages/airflow/example_dags/example_latest_only_with_trigger.py
[2023-07-31T16:51:06.158-0500] {logging_mixin.py:150} INFO - [2023-07-31T16:51:06.158-0500] {dag.py:2742} INFO - Sync 1 DAGs
[2023-07-31T16:51:06.177-0500] {logging_mixin.py:150} INFO - [2023-07-31T16:51:06.177-0500] {dag.py:3504} INFO - Setting next_dagrun for latest_only_with_trigger to 2023-07-31T17:51:06.177409+00:00, run_after=2023-07-31T21:51:06.177409+00:00
[2023-07-31T16:51:06.198-0500] {processor.py:179} INFO - Processing /home/joha/anaconda3/lib/python3.10/site-packages/airflow/example_dags/example_latest_only_with_trigger.py took 0.100 seconds
[2023-07-31T16:52:03.351-0500] {processor.py:157} INFO - Started process (PID=69360) to work on /home/joha/anaconda3/lib/python3.10/site-packages/airflow/example_dags/example_latest_only_with_trigger.py
[2023-07-31T16:52:03.359-0500] {processor.py:826} INFO - Processing file /home/joha/anaconda3/lib/python3.10/site-packages/airflow/example_dags/example_latest_only_with_trigger.py for tasks to queue
[2023-07-31T16:52:03.360-0500] {logging_mixin.py:150} INFO - [2023-07-31T16:52:03.359-0500] {dagbag.py:541} INFO - Filling up the DagBag from /home/joha/anaconda3/lib/python3.10/site-packages/airflow/example_dags/example_latest_only_with_trigger.py
[2023-07-31T16:52:03.368-0500] {processor.py:836} INFO - DAG(s) dict_keys(['latest_only_with_trigger']) retrieved from /home/joha/anaconda3/lib/python3.10/site-packages/airflow/example_dags/example_latest_only_with_trigger.py
[2023-07-31T16:52:03.399-0500] {logging_mixin.py:150} INFO - [2023-07-31T16:52:03.399-0500] {dag.py:2742} INFO - Sync 1 DAGs
[2023-07-31T16:52:03.431-0500] {logging_mixin.py:150} INFO - [2023-07-31T16:52:03.430-0500] {dag.py:3504} INFO - Setting next_dagrun for latest_only_with_trigger to 2023-07-31T17:52:03.430426+00:00, run_after=2023-07-31T21:52:03.430426+00:00
[2023-07-31T16:52:03.461-0500] {processor.py:179} INFO - Processing /home/joha/anaconda3/lib/python3.10/site-packages/airflow/example_dags/example_latest_only_with_trigger.py took 0.115 seconds
[2023-07-31T16:53:03.393-0500] {processor.py:157} INFO - Started process (PID=69449) to work on /home/joha/anaconda3/lib/python3.10/site-packages/airflow/example_dags/example_latest_only_with_trigger.py
[2023-07-31T16:53:03.402-0500] {processor.py:826} INFO - Processing file /home/joha/anaconda3/lib/python3.10/site-packages/airflow/example_dags/example_latest_only_with_trigger.py for tasks to queue
[2023-07-31T16:53:03.404-0500] {logging_mixin.py:150} INFO - [2023-07-31T16:53:03.403-0500] {dagbag.py:541} INFO - Filling up the DagBag from /home/joha/anaconda3/lib/python3.10/site-packages/airflow/example_dags/example_latest_only_with_trigger.py
[2023-07-31T16:53:03.417-0500] {processor.py:836} INFO - DAG(s) dict_keys(['latest_only_with_trigger']) retrieved from /home/joha/anaconda3/lib/python3.10/site-packages/airflow/example_dags/example_latest_only_with_trigger.py
[2023-07-31T16:53:03.440-0500] {logging_mixin.py:150} INFO - [2023-07-31T16:53:03.440-0500] {dag.py:2742} INFO - Sync 1 DAGs
[2023-07-31T16:53:03.458-0500] {logging_mixin.py:150} INFO - [2023-07-31T16:53:03.458-0500] {dag.py:3504} INFO - Setting next_dagrun for latest_only_with_trigger to 2023-07-31T17:53:03.458059+00:00, run_after=2023-07-31T21:53:03.458059+00:00
[2023-07-31T16:53:03.745-0500] {processor.py:179} INFO - Processing /home/joha/anaconda3/lib/python3.10/site-packages/airflow/example_dags/example_latest_only_with_trigger.py took 0.357 seconds
[2023-07-31T16:54:08.727-0500] {processor.py:157} INFO - Started process (PID=69519) to work on /home/joha/anaconda3/lib/python3.10/site-packages/airflow/example_dags/example_latest_only_with_trigger.py
[2023-07-31T16:54:08.728-0500] {processor.py:826} INFO - Processing file /home/joha/anaconda3/lib/python3.10/site-packages/airflow/example_dags/example_latest_only_with_trigger.py for tasks to queue
[2023-07-31T16:54:08.730-0500] {logging_mixin.py:150} INFO - [2023-07-31T16:54:08.729-0500] {dagbag.py:541} INFO - Filling up the DagBag from /home/joha/anaconda3/lib/python3.10/site-packages/airflow/example_dags/example_latest_only_with_trigger.py
[2023-07-31T16:54:08.743-0500] {processor.py:836} INFO - DAG(s) dict_keys(['latest_only_with_trigger']) retrieved from /home/joha/anaconda3/lib/python3.10/site-packages/airflow/example_dags/example_latest_only_with_trigger.py
[2023-07-31T16:54:08.764-0500] {logging_mixin.py:150} INFO - [2023-07-31T16:54:08.764-0500] {dag.py:2742} INFO - Sync 1 DAGs
[2023-07-31T16:54:08.782-0500] {logging_mixin.py:150} INFO - [2023-07-31T16:54:08.782-0500] {dag.py:3504} INFO - Setting next_dagrun for latest_only_with_trigger to 2023-07-31T17:54:08.782360+00:00, run_after=2023-07-31T21:54:08.782360+00:00
[2023-07-31T16:54:08.804-0500] {processor.py:179} INFO - Processing /home/joha/anaconda3/lib/python3.10/site-packages/airflow/example_dags/example_latest_only_with_trigger.py took 0.084 seconds
[2023-07-31T16:54:56.042-0500] {processor.py:157} INFO - Started process (PID=69579) to work on /home/joha/anaconda3/lib/python3.10/site-packages/airflow/example_dags/example_latest_only_with_trigger.py
[2023-07-31T16:54:56.044-0500] {processor.py:826} INFO - Processing file /home/joha/anaconda3/lib/python3.10/site-packages/airflow/example_dags/example_latest_only_with_trigger.py for tasks to queue
[2023-07-31T16:54:56.045-0500] {logging_mixin.py:150} INFO - [2023-07-31T16:54:56.044-0500] {dagbag.py:541} INFO - Filling up the DagBag from /home/joha/anaconda3/lib/python3.10/site-packages/airflow/example_dags/example_latest_only_with_trigger.py
[2023-07-31T16:54:56.056-0500] {processor.py:836} INFO - DAG(s) dict_keys(['latest_only_with_trigger']) retrieved from /home/joha/anaconda3/lib/python3.10/site-packages/airflow/example_dags/example_latest_only_with_trigger.py
[2023-07-31T16:54:56.080-0500] {logging_mixin.py:150} INFO - [2023-07-31T16:54:56.080-0500] {dag.py:2742} INFO - Sync 1 DAGs
[2023-07-31T16:54:56.099-0500] {logging_mixin.py:150} INFO - [2023-07-31T16:54:56.099-0500] {dag.py:3504} INFO - Setting next_dagrun for latest_only_with_trigger to 2023-07-31T17:54:56.098834+00:00, run_after=2023-07-31T21:54:56.098834+00:00
[2023-07-31T16:54:56.118-0500] {processor.py:179} INFO - Processing /home/joha/anaconda3/lib/python3.10/site-packages/airflow/example_dags/example_latest_only_with_trigger.py took 0.081 seconds
[2023-07-31T16:55:52.824-0500] {processor.py:157} INFO - Started process (PID=69660) to work on /home/joha/anaconda3/lib/python3.10/site-packages/airflow/example_dags/example_latest_only_with_trigger.py
[2023-07-31T16:55:52.826-0500] {processor.py:826} INFO - Processing file /home/joha/anaconda3/lib/python3.10/site-packages/airflow/example_dags/example_latest_only_with_trigger.py for tasks to queue
[2023-07-31T16:55:52.827-0500] {logging_mixin.py:150} INFO - [2023-07-31T16:55:52.827-0500] {dagbag.py:541} INFO - Filling up the DagBag from /home/joha/anaconda3/lib/python3.10/site-packages/airflow/example_dags/example_latest_only_with_trigger.py
[2023-07-31T16:55:52.840-0500] {processor.py:836} INFO - DAG(s) dict_keys(['latest_only_with_trigger']) retrieved from /home/joha/anaconda3/lib/python3.10/site-packages/airflow/example_dags/example_latest_only_with_trigger.py
[2023-07-31T16:55:52.860-0500] {logging_mixin.py:150} INFO - [2023-07-31T16:55:52.860-0500] {dag.py:2742} INFO - Sync 1 DAGs
[2023-07-31T16:55:52.879-0500] {logging_mixin.py:150} INFO - [2023-07-31T16:55:52.879-0500] {dag.py:3504} INFO - Setting next_dagrun for latest_only_with_trigger to 2023-07-31T17:55:52.879402+00:00, run_after=2023-07-31T21:55:52.879402+00:00
[2023-07-31T16:55:52.898-0500] {processor.py:179} INFO - Processing /home/joha/anaconda3/lib/python3.10/site-packages/airflow/example_dags/example_latest_only_with_trigger.py took 0.080 seconds
