[2023-07-31T16:44:40.852-0500] {processor.py:157} INFO - Started process (PID=68770) to work on /home/joha/anaconda3/lib/python3.10/site-packages/airflow/example_dags/example_branch_python_dop_operator_3.py
[2023-07-31T16:44:40.853-0500] {processor.py:826} INFO - Processing file /home/joha/anaconda3/lib/python3.10/site-packages/airflow/example_dags/example_branch_python_dop_operator_3.py for tasks to queue
[2023-07-31T16:44:40.854-0500] {logging_mixin.py:150} INFO - [2023-07-31T16:44:40.853-0500] {dagbag.py:541} INFO - Filling up the DagBag from /home/joha/anaconda3/lib/python3.10/site-packages/airflow/example_dags/example_branch_python_dop_operator_3.py
[2023-07-31T16:44:40.863-0500] {processor.py:836} INFO - DAG(s) dict_keys(['example_branch_dop_operator_v3']) retrieved from /home/joha/anaconda3/lib/python3.10/site-packages/airflow/example_dags/example_branch_python_dop_operator_3.py
[2023-07-31T16:44:40.887-0500] {logging_mixin.py:150} INFO - [2023-07-31T16:44:40.887-0500] {dag.py:2742} INFO - Sync 1 DAGs
[2023-07-31T16:44:40.917-0500] {logging_mixin.py:150} INFO - [2023-07-31T16:44:40.917-0500] {dag.py:3504} INFO - Setting next_dagrun for example_branch_dop_operator_v3 to 2023-07-31T21:43:00+00:00, run_after=2023-07-31T21:44:00+00:00
[2023-07-31T16:44:40.999-0500] {processor.py:179} INFO - Processing /home/joha/anaconda3/lib/python3.10/site-packages/airflow/example_dags/example_branch_python_dop_operator_3.py took 0.150 seconds
[2023-07-31T16:45:28.452-0500] {processor.py:157} INFO - Started process (PID=68836) to work on /home/joha/anaconda3/lib/python3.10/site-packages/airflow/example_dags/example_branch_python_dop_operator_3.py
[2023-07-31T16:45:28.460-0500] {processor.py:826} INFO - Processing file /home/joha/anaconda3/lib/python3.10/site-packages/airflow/example_dags/example_branch_python_dop_operator_3.py for tasks to queue
[2023-07-31T16:45:28.463-0500] {logging_mixin.py:150} INFO - [2023-07-31T16:45:28.462-0500] {dagbag.py:541} INFO - Filling up the DagBag from /home/joha/anaconda3/lib/python3.10/site-packages/airflow/example_dags/example_branch_python_dop_operator_3.py
[2023-07-31T16:45:28.482-0500] {processor.py:836} INFO - DAG(s) dict_keys(['example_branch_dop_operator_v3']) retrieved from /home/joha/anaconda3/lib/python3.10/site-packages/airflow/example_dags/example_branch_python_dop_operator_3.py
[2023-07-31T16:45:28.520-0500] {logging_mixin.py:150} INFO - [2023-07-31T16:45:28.519-0500] {dag.py:2742} INFO - Sync 1 DAGs
[2023-07-31T16:45:28.554-0500] {logging_mixin.py:150} INFO - [2023-07-31T16:45:28.554-0500] {dag.py:3504} INFO - Setting next_dagrun for example_branch_dop_operator_v3 to 2023-07-31T21:44:00+00:00, run_after=2023-07-31T21:45:00+00:00
[2023-07-31T16:45:28.640-0500] {processor.py:179} INFO - Processing /home/joha/anaconda3/lib/python3.10/site-packages/airflow/example_dags/example_branch_python_dop_operator_3.py took 0.193 seconds
[2023-07-31T16:46:24.599-0500] {processor.py:157} INFO - Started process (PID=68913) to work on /home/joha/anaconda3/lib/python3.10/site-packages/airflow/example_dags/example_branch_python_dop_operator_3.py
[2023-07-31T16:46:24.607-0500] {processor.py:826} INFO - Processing file /home/joha/anaconda3/lib/python3.10/site-packages/airflow/example_dags/example_branch_python_dop_operator_3.py for tasks to queue
[2023-07-31T16:46:24.608-0500] {logging_mixin.py:150} INFO - [2023-07-31T16:46:24.608-0500] {dagbag.py:541} INFO - Filling up the DagBag from /home/joha/anaconda3/lib/python3.10/site-packages/airflow/example_dags/example_branch_python_dop_operator_3.py
[2023-07-31T16:46:24.618-0500] {processor.py:836} INFO - DAG(s) dict_keys(['example_branch_dop_operator_v3']) retrieved from /home/joha/anaconda3/lib/python3.10/site-packages/airflow/example_dags/example_branch_python_dop_operator_3.py
[2023-07-31T16:46:24.638-0500] {logging_mixin.py:150} INFO - [2023-07-31T16:46:24.638-0500] {dag.py:2742} INFO - Sync 1 DAGs
[2023-07-31T16:46:24.666-0500] {logging_mixin.py:150} INFO - [2023-07-31T16:46:24.666-0500] {dag.py:3504} INFO - Setting next_dagrun for example_branch_dop_operator_v3 to 2023-07-31T21:45:00+00:00, run_after=2023-07-31T21:46:00+00:00
[2023-07-31T16:46:24.691-0500] {processor.py:179} INFO - Processing /home/joha/anaconda3/lib/python3.10/site-packages/airflow/example_dags/example_branch_python_dop_operator_3.py took 0.096 seconds
[2023-07-31T16:47:17.095-0500] {processor.py:157} INFO - Started process (PID=68978) to work on /home/joha/anaconda3/lib/python3.10/site-packages/airflow/example_dags/example_branch_python_dop_operator_3.py
[2023-07-31T16:47:17.103-0500] {processor.py:826} INFO - Processing file /home/joha/anaconda3/lib/python3.10/site-packages/airflow/example_dags/example_branch_python_dop_operator_3.py for tasks to queue
[2023-07-31T16:47:17.104-0500] {logging_mixin.py:150} INFO - [2023-07-31T16:47:17.104-0500] {dagbag.py:541} INFO - Filling up the DagBag from /home/joha/anaconda3/lib/python3.10/site-packages/airflow/example_dags/example_branch_python_dop_operator_3.py
[2023-07-31T16:47:17.118-0500] {processor.py:836} INFO - DAG(s) dict_keys(['example_branch_dop_operator_v3']) retrieved from /home/joha/anaconda3/lib/python3.10/site-packages/airflow/example_dags/example_branch_python_dop_operator_3.py
[2023-07-31T16:47:17.138-0500] {logging_mixin.py:150} INFO - [2023-07-31T16:47:17.138-0500] {dag.py:2742} INFO - Sync 1 DAGs
[2023-07-31T16:47:17.161-0500] {logging_mixin.py:150} INFO - [2023-07-31T16:47:17.160-0500] {dag.py:3504} INFO - Setting next_dagrun for example_branch_dop_operator_v3 to 2023-07-31T21:46:00+00:00, run_after=2023-07-31T21:47:00+00:00
[2023-07-31T16:47:17.181-0500] {processor.py:179} INFO - Processing /home/joha/anaconda3/lib/python3.10/site-packages/airflow/example_dags/example_branch_python_dop_operator_3.py took 0.091 seconds
[2023-07-31T16:48:12.088-0500] {processor.py:157} INFO - Started process (PID=69045) to work on /home/joha/anaconda3/lib/python3.10/site-packages/airflow/example_dags/example_branch_python_dop_operator_3.py
[2023-07-31T16:48:12.097-0500] {processor.py:826} INFO - Processing file /home/joha/anaconda3/lib/python3.10/site-packages/airflow/example_dags/example_branch_python_dop_operator_3.py for tasks to queue
[2023-07-31T16:48:12.099-0500] {logging_mixin.py:150} INFO - [2023-07-31T16:48:12.098-0500] {dagbag.py:541} INFO - Filling up the DagBag from /home/joha/anaconda3/lib/python3.10/site-packages/airflow/example_dags/example_branch_python_dop_operator_3.py
[2023-07-31T16:48:12.120-0500] {processor.py:836} INFO - DAG(s) dict_keys(['example_branch_dop_operator_v3']) retrieved from /home/joha/anaconda3/lib/python3.10/site-packages/airflow/example_dags/example_branch_python_dop_operator_3.py
[2023-07-31T16:48:12.141-0500] {logging_mixin.py:150} INFO - [2023-07-31T16:48:12.141-0500] {dag.py:2742} INFO - Sync 1 DAGs
[2023-07-31T16:48:12.164-0500] {logging_mixin.py:150} INFO - [2023-07-31T16:48:12.163-0500] {dag.py:3504} INFO - Setting next_dagrun for example_branch_dop_operator_v3 to 2023-07-31T21:47:00+00:00, run_after=2023-07-31T21:48:00+00:00
[2023-07-31T16:48:12.183-0500] {processor.py:179} INFO - Processing /home/joha/anaconda3/lib/python3.10/site-packages/airflow/example_dags/example_branch_python_dop_operator_3.py took 0.102 seconds
[2023-07-31T16:49:02.850-0500] {processor.py:157} INFO - Started process (PID=69115) to work on /home/joha/anaconda3/lib/python3.10/site-packages/airflow/example_dags/example_branch_python_dop_operator_3.py
[2023-07-31T16:49:02.858-0500] {processor.py:826} INFO - Processing file /home/joha/anaconda3/lib/python3.10/site-packages/airflow/example_dags/example_branch_python_dop_operator_3.py for tasks to queue
[2023-07-31T16:49:02.859-0500] {logging_mixin.py:150} INFO - [2023-07-31T16:49:02.859-0500] {dagbag.py:541} INFO - Filling up the DagBag from /home/joha/anaconda3/lib/python3.10/site-packages/airflow/example_dags/example_branch_python_dop_operator_3.py
[2023-07-31T16:49:02.873-0500] {processor.py:836} INFO - DAG(s) dict_keys(['example_branch_dop_operator_v3']) retrieved from /home/joha/anaconda3/lib/python3.10/site-packages/airflow/example_dags/example_branch_python_dop_operator_3.py
[2023-07-31T16:49:02.894-0500] {logging_mixin.py:150} INFO - [2023-07-31T16:49:02.894-0500] {dag.py:2742} INFO - Sync 1 DAGs
[2023-07-31T16:49:02.917-0500] {logging_mixin.py:150} INFO - [2023-07-31T16:49:02.917-0500] {dag.py:3504} INFO - Setting next_dagrun for example_branch_dop_operator_v3 to 2023-07-31T21:48:00+00:00, run_after=2023-07-31T21:49:00+00:00
[2023-07-31T16:49:02.937-0500] {processor.py:179} INFO - Processing /home/joha/anaconda3/lib/python3.10/site-packages/airflow/example_dags/example_branch_python_dop_operator_3.py took 0.092 seconds
[2023-07-31T16:50:01.182-0500] {processor.py:157} INFO - Started process (PID=69199) to work on /home/joha/anaconda3/lib/python3.10/site-packages/airflow/example_dags/example_branch_python_dop_operator_3.py
[2023-07-31T16:50:01.190-0500] {processor.py:826} INFO - Processing file /home/joha/anaconda3/lib/python3.10/site-packages/airflow/example_dags/example_branch_python_dop_operator_3.py for tasks to queue
[2023-07-31T16:50:01.193-0500] {logging_mixin.py:150} INFO - [2023-07-31T16:50:01.192-0500] {dagbag.py:541} INFO - Filling up the DagBag from /home/joha/anaconda3/lib/python3.10/site-packages/airflow/example_dags/example_branch_python_dop_operator_3.py
[2023-07-31T16:50:01.215-0500] {processor.py:836} INFO - DAG(s) dict_keys(['example_branch_dop_operator_v3']) retrieved from /home/joha/anaconda3/lib/python3.10/site-packages/airflow/example_dags/example_branch_python_dop_operator_3.py
[2023-07-31T16:50:01.236-0500] {logging_mixin.py:150} INFO - [2023-07-31T16:50:01.235-0500] {dag.py:2742} INFO - Sync 1 DAGs
[2023-07-31T16:50:01.259-0500] {logging_mixin.py:150} INFO - [2023-07-31T16:50:01.259-0500] {dag.py:3504} INFO - Setting next_dagrun for example_branch_dop_operator_v3 to 2023-07-31T21:49:00+00:00, run_after=2023-07-31T21:50:00+00:00
[2023-07-31T16:50:01.279-0500] {processor.py:179} INFO - Processing /home/joha/anaconda3/lib/python3.10/site-packages/airflow/example_dags/example_branch_python_dop_operator_3.py took 0.103 seconds
[2023-07-31T16:50:58.396-0500] {processor.py:157} INFO - Started process (PID=69280) to work on /home/joha/anaconda3/lib/python3.10/site-packages/airflow/example_dags/example_branch_python_dop_operator_3.py
[2023-07-31T16:50:58.404-0500] {processor.py:826} INFO - Processing file /home/joha/anaconda3/lib/python3.10/site-packages/airflow/example_dags/example_branch_python_dop_operator_3.py for tasks to queue
[2023-07-31T16:50:58.407-0500] {logging_mixin.py:150} INFO - [2023-07-31T16:50:58.406-0500] {dagbag.py:541} INFO - Filling up the DagBag from /home/joha/anaconda3/lib/python3.10/site-packages/airflow/example_dags/example_branch_python_dop_operator_3.py
[2023-07-31T16:50:58.427-0500] {processor.py:836} INFO - DAG(s) dict_keys(['example_branch_dop_operator_v3']) retrieved from /home/joha/anaconda3/lib/python3.10/site-packages/airflow/example_dags/example_branch_python_dop_operator_3.py
[2023-07-31T16:50:58.446-0500] {logging_mixin.py:150} INFO - [2023-07-31T16:50:58.446-0500] {dag.py:2742} INFO - Sync 1 DAGs
[2023-07-31T16:50:58.468-0500] {logging_mixin.py:150} INFO - [2023-07-31T16:50:58.468-0500] {dag.py:3504} INFO - Setting next_dagrun for example_branch_dop_operator_v3 to 2023-07-31T21:49:00+00:00, run_after=2023-07-31T21:50:00+00:00
[2023-07-31T16:50:58.494-0500] {processor.py:179} INFO - Processing /home/joha/anaconda3/lib/python3.10/site-packages/airflow/example_dags/example_branch_python_dop_operator_3.py took 0.102 seconds
[2023-07-31T16:51:56.532-0500] {processor.py:157} INFO - Started process (PID=69352) to work on /home/joha/anaconda3/lib/python3.10/site-packages/airflow/example_dags/example_branch_python_dop_operator_3.py
[2023-07-31T16:51:56.533-0500] {processor.py:826} INFO - Processing file /home/joha/anaconda3/lib/python3.10/site-packages/airflow/example_dags/example_branch_python_dop_operator_3.py for tasks to queue
[2023-07-31T16:51:56.534-0500] {logging_mixin.py:150} INFO - [2023-07-31T16:51:56.533-0500] {dagbag.py:541} INFO - Filling up the DagBag from /home/joha/anaconda3/lib/python3.10/site-packages/airflow/example_dags/example_branch_python_dop_operator_3.py
[2023-07-31T16:51:56.543-0500] {processor.py:836} INFO - DAG(s) dict_keys(['example_branch_dop_operator_v3']) retrieved from /home/joha/anaconda3/lib/python3.10/site-packages/airflow/example_dags/example_branch_python_dop_operator_3.py
[2023-07-31T16:51:56.564-0500] {logging_mixin.py:150} INFO - [2023-07-31T16:51:56.564-0500] {dag.py:2742} INFO - Sync 1 DAGs
[2023-07-31T16:51:56.592-0500] {logging_mixin.py:150} INFO - [2023-07-31T16:51:56.592-0500] {dag.py:3504} INFO - Setting next_dagrun for example_branch_dop_operator_v3 to 2023-07-31T21:50:00+00:00, run_after=2023-07-31T21:51:00+00:00
[2023-07-31T16:51:56.615-0500] {processor.py:179} INFO - Processing /home/joha/anaconda3/lib/python3.10/site-packages/airflow/example_dags/example_branch_python_dop_operator_3.py took 0.088 seconds
[2023-07-31T16:52:53.265-0500] {processor.py:157} INFO - Started process (PID=69440) to work on /home/joha/anaconda3/lib/python3.10/site-packages/airflow/example_dags/example_branch_python_dop_operator_3.py
[2023-07-31T16:52:53.273-0500] {processor.py:826} INFO - Processing file /home/joha/anaconda3/lib/python3.10/site-packages/airflow/example_dags/example_branch_python_dop_operator_3.py for tasks to queue
[2023-07-31T16:52:53.275-0500] {logging_mixin.py:150} INFO - [2023-07-31T16:52:53.274-0500] {dagbag.py:541} INFO - Filling up the DagBag from /home/joha/anaconda3/lib/python3.10/site-packages/airflow/example_dags/example_branch_python_dop_operator_3.py
[2023-07-31T16:52:53.291-0500] {processor.py:836} INFO - DAG(s) dict_keys(['example_branch_dop_operator_v3']) retrieved from /home/joha/anaconda3/lib/python3.10/site-packages/airflow/example_dags/example_branch_python_dop_operator_3.py
[2023-07-31T16:52:53.311-0500] {logging_mixin.py:150} INFO - [2023-07-31T16:52:53.311-0500] {dag.py:2742} INFO - Sync 1 DAGs
[2023-07-31T16:52:53.334-0500] {logging_mixin.py:150} INFO - [2023-07-31T16:52:53.334-0500] {dag.py:3504} INFO - Setting next_dagrun for example_branch_dop_operator_v3 to 2023-07-31T21:51:00+00:00, run_after=2023-07-31T21:52:00+00:00
[2023-07-31T16:52:53.355-0500] {processor.py:179} INFO - Processing /home/joha/anaconda3/lib/python3.10/site-packages/airflow/example_dags/example_branch_python_dop_operator_3.py took 0.096 seconds
[2023-07-31T16:53:47.013-0500] {processor.py:157} INFO - Started process (PID=69497) to work on /home/joha/anaconda3/lib/python3.10/site-packages/airflow/example_dags/example_branch_python_dop_operator_3.py
[2023-07-31T16:53:47.022-0500] {processor.py:826} INFO - Processing file /home/joha/anaconda3/lib/python3.10/site-packages/airflow/example_dags/example_branch_python_dop_operator_3.py for tasks to queue
[2023-07-31T16:53:47.023-0500] {logging_mixin.py:150} INFO - [2023-07-31T16:53:47.023-0500] {dagbag.py:541} INFO - Filling up the DagBag from /home/joha/anaconda3/lib/python3.10/site-packages/airflow/example_dags/example_branch_python_dop_operator_3.py
[2023-07-31T16:53:47.041-0500] {processor.py:836} INFO - DAG(s) dict_keys(['example_branch_dop_operator_v3']) retrieved from /home/joha/anaconda3/lib/python3.10/site-packages/airflow/example_dags/example_branch_python_dop_operator_3.py
[2023-07-31T16:53:47.062-0500] {logging_mixin.py:150} INFO - [2023-07-31T16:53:47.061-0500] {dag.py:2742} INFO - Sync 1 DAGs
[2023-07-31T16:53:47.084-0500] {logging_mixin.py:150} INFO - [2023-07-31T16:53:47.084-0500] {dag.py:3504} INFO - Setting next_dagrun for example_branch_dop_operator_v3 to 2023-07-31T21:52:00+00:00, run_after=2023-07-31T21:53:00+00:00
[2023-07-31T16:53:47.105-0500] {processor.py:179} INFO - Processing /home/joha/anaconda3/lib/python3.10/site-packages/airflow/example_dags/example_branch_python_dop_operator_3.py took 0.097 seconds
[2023-07-31T16:54:35.334-0500] {processor.py:157} INFO - Started process (PID=69558) to work on /home/joha/anaconda3/lib/python3.10/site-packages/airflow/example_dags/example_branch_python_dop_operator_3.py
[2023-07-31T16:54:35.342-0500] {processor.py:826} INFO - Processing file /home/joha/anaconda3/lib/python3.10/site-packages/airflow/example_dags/example_branch_python_dop_operator_3.py for tasks to queue
[2023-07-31T16:54:35.345-0500] {logging_mixin.py:150} INFO - [2023-07-31T16:54:35.343-0500] {dagbag.py:541} INFO - Filling up the DagBag from /home/joha/anaconda3/lib/python3.10/site-packages/airflow/example_dags/example_branch_python_dop_operator_3.py
[2023-07-31T16:54:35.359-0500] {processor.py:836} INFO - DAG(s) dict_keys(['example_branch_dop_operator_v3']) retrieved from /home/joha/anaconda3/lib/python3.10/site-packages/airflow/example_dags/example_branch_python_dop_operator_3.py
[2023-07-31T16:54:35.378-0500] {logging_mixin.py:150} INFO - [2023-07-31T16:54:35.378-0500] {dag.py:2742} INFO - Sync 1 DAGs
[2023-07-31T16:54:35.400-0500] {logging_mixin.py:150} INFO - [2023-07-31T16:54:35.400-0500] {dag.py:3504} INFO - Setting next_dagrun for example_branch_dop_operator_v3 to 2023-07-31T21:53:00+00:00, run_after=2023-07-31T21:54:00+00:00
[2023-07-31T16:54:35.419-0500] {processor.py:179} INFO - Processing /home/joha/anaconda3/lib/python3.10/site-packages/airflow/example_dags/example_branch_python_dop_operator_3.py took 0.090 seconds
[2023-07-31T16:55:30.534-0500] {processor.py:157} INFO - Started process (PID=69635) to work on /home/joha/anaconda3/lib/python3.10/site-packages/airflow/example_dags/example_branch_python_dop_operator_3.py
[2023-07-31T16:55:30.541-0500] {processor.py:826} INFO - Processing file /home/joha/anaconda3/lib/python3.10/site-packages/airflow/example_dags/example_branch_python_dop_operator_3.py for tasks to queue
[2023-07-31T16:55:30.542-0500] {logging_mixin.py:150} INFO - [2023-07-31T16:55:30.542-0500] {dagbag.py:541} INFO - Filling up the DagBag from /home/joha/anaconda3/lib/python3.10/site-packages/airflow/example_dags/example_branch_python_dop_operator_3.py
[2023-07-31T16:55:30.553-0500] {processor.py:836} INFO - DAG(s) dict_keys(['example_branch_dop_operator_v3']) retrieved from /home/joha/anaconda3/lib/python3.10/site-packages/airflow/example_dags/example_branch_python_dop_operator_3.py
[2023-07-31T16:55:30.575-0500] {logging_mixin.py:150} INFO - [2023-07-31T16:55:30.575-0500] {dag.py:2742} INFO - Sync 1 DAGs
[2023-07-31T16:55:30.600-0500] {logging_mixin.py:150} INFO - [2023-07-31T16:55:30.600-0500] {dag.py:3504} INFO - Setting next_dagrun for example_branch_dop_operator_v3 to 2023-07-31T21:54:00+00:00, run_after=2023-07-31T21:55:00+00:00
[2023-07-31T16:55:30.622-0500] {processor.py:179} INFO - Processing /home/joha/anaconda3/lib/python3.10/site-packages/airflow/example_dags/example_branch_python_dop_operator_3.py took 0.093 seconds
[2023-07-31T16:56:23.163-0500] {processor.py:157} INFO - Started process (PID=69698) to work on /home/joha/anaconda3/lib/python3.10/site-packages/airflow/example_dags/example_branch_python_dop_operator_3.py
[2023-07-31T16:56:23.171-0500] {processor.py:826} INFO - Processing file /home/joha/anaconda3/lib/python3.10/site-packages/airflow/example_dags/example_branch_python_dop_operator_3.py for tasks to queue
[2023-07-31T16:56:23.172-0500] {logging_mixin.py:150} INFO - [2023-07-31T16:56:23.172-0500] {dagbag.py:541} INFO - Filling up the DagBag from /home/joha/anaconda3/lib/python3.10/site-packages/airflow/example_dags/example_branch_python_dop_operator_3.py
[2023-07-31T16:56:23.181-0500] {processor.py:836} INFO - DAG(s) dict_keys(['example_branch_dop_operator_v3']) retrieved from /home/joha/anaconda3/lib/python3.10/site-packages/airflow/example_dags/example_branch_python_dop_operator_3.py
[2023-07-31T16:56:23.201-0500] {logging_mixin.py:150} INFO - [2023-07-31T16:56:23.201-0500] {dag.py:2742} INFO - Sync 1 DAGs
[2023-07-31T16:56:23.229-0500] {logging_mixin.py:150} INFO - [2023-07-31T16:56:23.229-0500] {dag.py:3504} INFO - Setting next_dagrun for example_branch_dop_operator_v3 to 2023-07-31T21:55:00+00:00, run_after=2023-07-31T21:56:00+00:00
[2023-07-31T16:56:23.249-0500] {processor.py:179} INFO - Processing /home/joha/anaconda3/lib/python3.10/site-packages/airflow/example_dags/example_branch_python_dop_operator_3.py took 0.089 seconds
