[2023-07-31T16:44:11.634-0500] {processor.py:157} INFO - Started process (PID=68404) to work on /home/joha/anaconda3/lib/python3.10/site-packages/airflow/example_dags/tutorial_dag.py
[2023-07-31T16:44:11.636-0500] {processor.py:826} INFO - Processing file /home/joha/anaconda3/lib/python3.10/site-packages/airflow/example_dags/tutorial_dag.py for tasks to queue
[2023-07-31T16:44:11.637-0500] {logging_mixin.py:150} INFO - [2023-07-31T16:44:11.637-0500] {dagbag.py:541} INFO - Filling up the DagBag from /home/joha/anaconda3/lib/python3.10/site-packages/airflow/example_dags/tutorial_dag.py
[2023-07-31T16:44:11.657-0500] {processor.py:836} INFO - DAG(s) dict_keys(['tutorial_dag']) retrieved from /home/joha/anaconda3/lib/python3.10/site-packages/airflow/example_dags/tutorial_dag.py
[2023-07-31T16:44:11.683-0500] {logging_mixin.py:150} INFO - [2023-07-31T16:44:11.683-0500] {dag.py:2742} INFO - Sync 1 DAGs
[2023-07-31T16:44:11.700-0500] {logging_mixin.py:150} INFO - [2023-07-31T16:44:11.700-0500] {dag.py:3504} INFO - Setting next_dagrun for tutorial_dag to None, run_after=None
[2023-07-31T16:44:11.724-0500] {processor.py:179} INFO - Processing /home/joha/anaconda3/lib/python3.10/site-packages/airflow/example_dags/tutorial_dag.py took 0.096 seconds
[2023-07-31T16:45:00.583-0500] {processor.py:157} INFO - Started process (PID=68794) to work on /home/joha/anaconda3/lib/python3.10/site-packages/airflow/example_dags/tutorial_dag.py
[2023-07-31T16:45:00.590-0500] {processor.py:826} INFO - Processing file /home/joha/anaconda3/lib/python3.10/site-packages/airflow/example_dags/tutorial_dag.py for tasks to queue
[2023-07-31T16:45:00.591-0500] {logging_mixin.py:150} INFO - [2023-07-31T16:45:00.591-0500] {dagbag.py:541} INFO - Filling up the DagBag from /home/joha/anaconda3/lib/python3.10/site-packages/airflow/example_dags/tutorial_dag.py
[2023-07-31T16:45:00.599-0500] {processor.py:836} INFO - DAG(s) dict_keys(['tutorial_dag']) retrieved from /home/joha/anaconda3/lib/python3.10/site-packages/airflow/example_dags/tutorial_dag.py
[2023-07-31T16:45:00.623-0500] {logging_mixin.py:150} INFO - [2023-07-31T16:45:00.623-0500] {dag.py:2742} INFO - Sync 1 DAGs
[2023-07-31T16:45:00.642-0500] {logging_mixin.py:150} INFO - [2023-07-31T16:45:00.642-0500] {dag.py:3504} INFO - Setting next_dagrun for tutorial_dag to None, run_after=None
[2023-07-31T16:45:00.665-0500] {processor.py:179} INFO - Processing /home/joha/anaconda3/lib/python3.10/site-packages/airflow/example_dags/tutorial_dag.py took 0.087 seconds
[2023-07-31T16:45:38.793-0500] {processor.py:157} INFO - Started process (PID=68850) to work on /home/joha/anaconda3/lib/python3.10/site-packages/airflow/example_dags/tutorial_dag.py
[2023-07-31T16:45:38.801-0500] {processor.py:826} INFO - Processing file /home/joha/anaconda3/lib/python3.10/site-packages/airflow/example_dags/tutorial_dag.py for tasks to queue
[2023-07-31T16:45:38.804-0500] {logging_mixin.py:150} INFO - [2023-07-31T16:45:38.803-0500] {dagbag.py:541} INFO - Filling up the DagBag from /home/joha/anaconda3/lib/python3.10/site-packages/airflow/example_dags/tutorial_dag.py
[2023-07-31T16:45:38.823-0500] {processor.py:836} INFO - DAG(s) dict_keys(['tutorial_dag']) retrieved from /home/joha/anaconda3/lib/python3.10/site-packages/airflow/example_dags/tutorial_dag.py
[2023-07-31T16:45:38.846-0500] {logging_mixin.py:150} INFO - [2023-07-31T16:45:38.846-0500] {dag.py:2742} INFO - Sync 1 DAGs
[2023-07-31T16:45:38.864-0500] {logging_mixin.py:150} INFO - [2023-07-31T16:45:38.864-0500] {dag.py:3504} INFO - Setting next_dagrun for tutorial_dag to None, run_after=None
[2023-07-31T16:45:38.884-0500] {processor.py:179} INFO - Processing /home/joha/anaconda3/lib/python3.10/site-packages/airflow/example_dags/tutorial_dag.py took 0.094 seconds
[2023-07-31T16:46:17.768-0500] {processor.py:157} INFO - Started process (PID=68905) to work on /home/joha/anaconda3/lib/python3.10/site-packages/airflow/example_dags/tutorial_dag.py
[2023-07-31T16:46:17.776-0500] {processor.py:826} INFO - Processing file /home/joha/anaconda3/lib/python3.10/site-packages/airflow/example_dags/tutorial_dag.py for tasks to queue
[2023-07-31T16:46:17.777-0500] {logging_mixin.py:150} INFO - [2023-07-31T16:46:17.777-0500] {dagbag.py:541} INFO - Filling up the DagBag from /home/joha/anaconda3/lib/python3.10/site-packages/airflow/example_dags/tutorial_dag.py
[2023-07-31T16:46:17.784-0500] {processor.py:836} INFO - DAG(s) dict_keys(['tutorial_dag']) retrieved from /home/joha/anaconda3/lib/python3.10/site-packages/airflow/example_dags/tutorial_dag.py
[2023-07-31T16:46:17.804-0500] {logging_mixin.py:150} INFO - [2023-07-31T16:46:17.803-0500] {dag.py:2742} INFO - Sync 1 DAGs
[2023-07-31T16:46:17.829-0500] {logging_mixin.py:150} INFO - [2023-07-31T16:46:17.829-0500] {dag.py:3504} INFO - Setting next_dagrun for tutorial_dag to None, run_after=None
[2023-07-31T16:46:17.853-0500] {processor.py:179} INFO - Processing /home/joha/anaconda3/lib/python3.10/site-packages/airflow/example_dags/tutorial_dag.py took 0.088 seconds
[2023-07-31T16:46:51.544-0500] {processor.py:157} INFO - Started process (PID=68943) to work on /home/joha/anaconda3/lib/python3.10/site-packages/airflow/example_dags/tutorial_dag.py
[2023-07-31T16:46:51.552-0500] {processor.py:826} INFO - Processing file /home/joha/anaconda3/lib/python3.10/site-packages/airflow/example_dags/tutorial_dag.py for tasks to queue
[2023-07-31T16:46:51.554-0500] {logging_mixin.py:150} INFO - [2023-07-31T16:46:51.553-0500] {dagbag.py:541} INFO - Filling up the DagBag from /home/joha/anaconda3/lib/python3.10/site-packages/airflow/example_dags/tutorial_dag.py
[2023-07-31T16:46:51.563-0500] {processor.py:836} INFO - DAG(s) dict_keys(['tutorial_dag']) retrieved from /home/joha/anaconda3/lib/python3.10/site-packages/airflow/example_dags/tutorial_dag.py
[2023-07-31T16:46:51.581-0500] {logging_mixin.py:150} INFO - [2023-07-31T16:46:51.581-0500] {dag.py:2742} INFO - Sync 1 DAGs
[2023-07-31T16:46:51.603-0500] {logging_mixin.py:150} INFO - [2023-07-31T16:46:51.603-0500] {dag.py:3504} INFO - Setting next_dagrun for tutorial_dag to None, run_after=None
[2023-07-31T16:46:51.625-0500] {processor.py:179} INFO - Processing /home/joha/anaconda3/lib/python3.10/site-packages/airflow/example_dags/tutorial_dag.py took 0.084 seconds
[2023-07-31T16:47:26.825-0500] {processor.py:157} INFO - Started process (PID=68991) to work on /home/joha/anaconda3/lib/python3.10/site-packages/airflow/example_dags/tutorial_dag.py
[2023-07-31T16:47:26.833-0500] {processor.py:826} INFO - Processing file /home/joha/anaconda3/lib/python3.10/site-packages/airflow/example_dags/tutorial_dag.py for tasks to queue
[2023-07-31T16:47:26.836-0500] {logging_mixin.py:150} INFO - [2023-07-31T16:47:26.835-0500] {dagbag.py:541} INFO - Filling up the DagBag from /home/joha/anaconda3/lib/python3.10/site-packages/airflow/example_dags/tutorial_dag.py
[2023-07-31T16:47:26.853-0500] {processor.py:836} INFO - DAG(s) dict_keys(['tutorial_dag']) retrieved from /home/joha/anaconda3/lib/python3.10/site-packages/airflow/example_dags/tutorial_dag.py
[2023-07-31T16:47:26.873-0500] {logging_mixin.py:150} INFO - [2023-07-31T16:47:26.873-0500] {dag.py:2742} INFO - Sync 1 DAGs
[2023-07-31T16:47:26.892-0500] {logging_mixin.py:150} INFO - [2023-07-31T16:47:26.891-0500] {dag.py:3504} INFO - Setting next_dagrun for tutorial_dag to None, run_after=None
[2023-07-31T16:47:26.912-0500] {processor.py:179} INFO - Processing /home/joha/anaconda3/lib/python3.10/site-packages/airflow/example_dags/tutorial_dag.py took 0.092 seconds
[2023-07-31T16:48:04.258-0500] {processor.py:157} INFO - Started process (PID=69037) to work on /home/joha/anaconda3/lib/python3.10/site-packages/airflow/example_dags/tutorial_dag.py
[2023-07-31T16:48:04.266-0500] {processor.py:826} INFO - Processing file /home/joha/anaconda3/lib/python3.10/site-packages/airflow/example_dags/tutorial_dag.py for tasks to queue
[2023-07-31T16:48:04.269-0500] {logging_mixin.py:150} INFO - [2023-07-31T16:48:04.268-0500] {dagbag.py:541} INFO - Filling up the DagBag from /home/joha/anaconda3/lib/python3.10/site-packages/airflow/example_dags/tutorial_dag.py
[2023-07-31T16:48:04.290-0500] {processor.py:836} INFO - DAG(s) dict_keys(['tutorial_dag']) retrieved from /home/joha/anaconda3/lib/python3.10/site-packages/airflow/example_dags/tutorial_dag.py
[2023-07-31T16:48:04.312-0500] {logging_mixin.py:150} INFO - [2023-07-31T16:48:04.312-0500] {dag.py:2742} INFO - Sync 1 DAGs
[2023-07-31T16:48:04.331-0500] {logging_mixin.py:150} INFO - [2023-07-31T16:48:04.330-0500] {dag.py:3504} INFO - Setting next_dagrun for tutorial_dag to None, run_after=None
[2023-07-31T16:48:04.350-0500] {processor.py:179} INFO - Processing /home/joha/anaconda3/lib/python3.10/site-packages/airflow/example_dags/tutorial_dag.py took 0.095 seconds
[2023-07-31T16:48:36.878-0500] {processor.py:157} INFO - Started process (PID=69075) to work on /home/joha/anaconda3/lib/python3.10/site-packages/airflow/example_dags/tutorial_dag.py
[2023-07-31T16:48:36.885-0500] {processor.py:826} INFO - Processing file /home/joha/anaconda3/lib/python3.10/site-packages/airflow/example_dags/tutorial_dag.py for tasks to queue
[2023-07-31T16:48:36.887-0500] {logging_mixin.py:150} INFO - [2023-07-31T16:48:36.886-0500] {dagbag.py:541} INFO - Filling up the DagBag from /home/joha/anaconda3/lib/python3.10/site-packages/airflow/example_dags/tutorial_dag.py
[2023-07-31T16:48:36.898-0500] {processor.py:836} INFO - DAG(s) dict_keys(['tutorial_dag']) retrieved from /home/joha/anaconda3/lib/python3.10/site-packages/airflow/example_dags/tutorial_dag.py
[2023-07-31T16:48:36.918-0500] {logging_mixin.py:150} INFO - [2023-07-31T16:48:36.918-0500] {dag.py:2742} INFO - Sync 1 DAGs
[2023-07-31T16:48:36.936-0500] {logging_mixin.py:150} INFO - [2023-07-31T16:48:36.936-0500] {dag.py:3504} INFO - Setting next_dagrun for tutorial_dag to None, run_after=None
[2023-07-31T16:48:36.955-0500] {processor.py:179} INFO - Processing /home/joha/anaconda3/lib/python3.10/site-packages/airflow/example_dags/tutorial_dag.py took 0.082 seconds
[2023-07-31T16:49:13.006-0500] {processor.py:157} INFO - Started process (PID=69126) to work on /home/joha/anaconda3/lib/python3.10/site-packages/airflow/example_dags/tutorial_dag.py
[2023-07-31T16:49:13.015-0500] {processor.py:826} INFO - Processing file /home/joha/anaconda3/lib/python3.10/site-packages/airflow/example_dags/tutorial_dag.py for tasks to queue
[2023-07-31T16:49:13.017-0500] {logging_mixin.py:150} INFO - [2023-07-31T16:49:13.016-0500] {dagbag.py:541} INFO - Filling up the DagBag from /home/joha/anaconda3/lib/python3.10/site-packages/airflow/example_dags/tutorial_dag.py
[2023-07-31T16:49:13.032-0500] {processor.py:836} INFO - DAG(s) dict_keys(['tutorial_dag']) retrieved from /home/joha/anaconda3/lib/python3.10/site-packages/airflow/example_dags/tutorial_dag.py
[2023-07-31T16:49:13.054-0500] {logging_mixin.py:150} INFO - [2023-07-31T16:49:13.054-0500] {dag.py:2742} INFO - Sync 1 DAGs
[2023-07-31T16:49:13.073-0500] {logging_mixin.py:150} INFO - [2023-07-31T16:49:13.072-0500] {dag.py:3504} INFO - Setting next_dagrun for tutorial_dag to None, run_after=None
[2023-07-31T16:49:13.099-0500] {processor.py:179} INFO - Processing /home/joha/anaconda3/lib/python3.10/site-packages/airflow/example_dags/tutorial_dag.py took 0.098 seconds
[2023-07-31T16:49:53.717-0500] {processor.py:157} INFO - Started process (PID=69189) to work on /home/joha/anaconda3/lib/python3.10/site-packages/airflow/example_dags/tutorial_dag.py
[2023-07-31T16:49:53.725-0500] {processor.py:826} INFO - Processing file /home/joha/anaconda3/lib/python3.10/site-packages/airflow/example_dags/tutorial_dag.py for tasks to queue
[2023-07-31T16:49:53.726-0500] {logging_mixin.py:150} INFO - [2023-07-31T16:49:53.725-0500] {dagbag.py:541} INFO - Filling up the DagBag from /home/joha/anaconda3/lib/python3.10/site-packages/airflow/example_dags/tutorial_dag.py
[2023-07-31T16:49:53.734-0500] {processor.py:836} INFO - DAG(s) dict_keys(['tutorial_dag']) retrieved from /home/joha/anaconda3/lib/python3.10/site-packages/airflow/example_dags/tutorial_dag.py
[2023-07-31T16:49:53.752-0500] {logging_mixin.py:150} INFO - [2023-07-31T16:49:53.752-0500] {dag.py:2742} INFO - Sync 1 DAGs
[2023-07-31T16:49:53.772-0500] {logging_mixin.py:150} INFO - [2023-07-31T16:49:53.772-0500] {dag.py:3504} INFO - Setting next_dagrun for tutorial_dag to None, run_after=None
[2023-07-31T16:49:53.804-0500] {processor.py:179} INFO - Processing /home/joha/anaconda3/lib/python3.10/site-packages/airflow/example_dags/tutorial_dag.py took 0.090 seconds
[2023-07-31T16:50:32.743-0500] {processor.py:157} INFO - Started process (PID=69253) to work on /home/joha/anaconda3/lib/python3.10/site-packages/airflow/example_dags/tutorial_dag.py
[2023-07-31T16:50:32.751-0500] {processor.py:826} INFO - Processing file /home/joha/anaconda3/lib/python3.10/site-packages/airflow/example_dags/tutorial_dag.py for tasks to queue
[2023-07-31T16:50:32.751-0500] {logging_mixin.py:150} INFO - [2023-07-31T16:50:32.751-0500] {dagbag.py:541} INFO - Filling up the DagBag from /home/joha/anaconda3/lib/python3.10/site-packages/airflow/example_dags/tutorial_dag.py
[2023-07-31T16:50:32.758-0500] {processor.py:836} INFO - DAG(s) dict_keys(['tutorial_dag']) retrieved from /home/joha/anaconda3/lib/python3.10/site-packages/airflow/example_dags/tutorial_dag.py
[2023-07-31T16:50:32.776-0500] {logging_mixin.py:150} INFO - [2023-07-31T16:50:32.776-0500] {dag.py:2742} INFO - Sync 1 DAGs
[2023-07-31T16:50:32.798-0500] {logging_mixin.py:150} INFO - [2023-07-31T16:50:32.798-0500] {dag.py:3504} INFO - Setting next_dagrun for tutorial_dag to None, run_after=None
[2023-07-31T16:50:32.822-0500] {processor.py:179} INFO - Processing /home/joha/anaconda3/lib/python3.10/site-packages/airflow/example_dags/tutorial_dag.py took 0.082 seconds
[2023-07-31T16:51:10.272-0500] {processor.py:157} INFO - Started process (PID=69293) to work on /home/joha/anaconda3/lib/python3.10/site-packages/airflow/example_dags/tutorial_dag.py
[2023-07-31T16:51:10.281-0500] {processor.py:826} INFO - Processing file /home/joha/anaconda3/lib/python3.10/site-packages/airflow/example_dags/tutorial_dag.py for tasks to queue
[2023-07-31T16:51:10.283-0500] {logging_mixin.py:150} INFO - [2023-07-31T16:51:10.282-0500] {dagbag.py:541} INFO - Filling up the DagBag from /home/joha/anaconda3/lib/python3.10/site-packages/airflow/example_dags/tutorial_dag.py
[2023-07-31T16:51:10.302-0500] {processor.py:836} INFO - DAG(s) dict_keys(['tutorial_dag']) retrieved from /home/joha/anaconda3/lib/python3.10/site-packages/airflow/example_dags/tutorial_dag.py
[2023-07-31T16:51:10.322-0500] {logging_mixin.py:150} INFO - [2023-07-31T16:51:10.322-0500] {dag.py:2742} INFO - Sync 1 DAGs
[2023-07-31T16:51:10.341-0500] {logging_mixin.py:150} INFO - [2023-07-31T16:51:10.341-0500] {dag.py:3504} INFO - Setting next_dagrun for tutorial_dag to None, run_after=None
[2023-07-31T16:51:10.360-0500] {processor.py:179} INFO - Processing /home/joha/anaconda3/lib/python3.10/site-packages/airflow/example_dags/tutorial_dag.py took 0.094 seconds
[2023-07-31T16:51:48.308-0500] {processor.py:157} INFO - Started process (PID=69345) to work on /home/joha/anaconda3/lib/python3.10/site-packages/airflow/example_dags/tutorial_dag.py
[2023-07-31T16:51:48.316-0500] {processor.py:826} INFO - Processing file /home/joha/anaconda3/lib/python3.10/site-packages/airflow/example_dags/tutorial_dag.py for tasks to queue
[2023-07-31T16:51:48.317-0500] {logging_mixin.py:150} INFO - [2023-07-31T16:51:48.316-0500] {dagbag.py:541} INFO - Filling up the DagBag from /home/joha/anaconda3/lib/python3.10/site-packages/airflow/example_dags/tutorial_dag.py
[2023-07-31T16:51:48.324-0500] {processor.py:836} INFO - DAG(s) dict_keys(['tutorial_dag']) retrieved from /home/joha/anaconda3/lib/python3.10/site-packages/airflow/example_dags/tutorial_dag.py
[2023-07-31T16:51:48.345-0500] {logging_mixin.py:150} INFO - [2023-07-31T16:51:48.345-0500] {dag.py:2742} INFO - Sync 1 DAGs
[2023-07-31T16:51:48.367-0500] {logging_mixin.py:150} INFO - [2023-07-31T16:51:48.367-0500] {dag.py:3504} INFO - Setting next_dagrun for tutorial_dag to None, run_after=None
[2023-07-31T16:51:48.392-0500] {processor.py:179} INFO - Processing /home/joha/anaconda3/lib/python3.10/site-packages/airflow/example_dags/tutorial_dag.py took 0.088 seconds
[2023-07-31T16:52:26.919-0500] {processor.py:157} INFO - Started process (PID=69403) to work on /home/joha/anaconda3/lib/python3.10/site-packages/airflow/example_dags/tutorial_dag.py
[2023-07-31T16:52:26.926-0500] {processor.py:826} INFO - Processing file /home/joha/anaconda3/lib/python3.10/site-packages/airflow/example_dags/tutorial_dag.py for tasks to queue
[2023-07-31T16:52:26.927-0500] {logging_mixin.py:150} INFO - [2023-07-31T16:52:26.927-0500] {dagbag.py:541} INFO - Filling up the DagBag from /home/joha/anaconda3/lib/python3.10/site-packages/airflow/example_dags/tutorial_dag.py
[2023-07-31T16:52:26.935-0500] {processor.py:836} INFO - DAG(s) dict_keys(['tutorial_dag']) retrieved from /home/joha/anaconda3/lib/python3.10/site-packages/airflow/example_dags/tutorial_dag.py
[2023-07-31T16:52:26.959-0500] {logging_mixin.py:150} INFO - [2023-07-31T16:52:26.959-0500] {dag.py:2742} INFO - Sync 1 DAGs
[2023-07-31T16:52:26.980-0500] {logging_mixin.py:150} INFO - [2023-07-31T16:52:26.980-0500] {dag.py:3504} INFO - Setting next_dagrun for tutorial_dag to None, run_after=None
[2023-07-31T16:52:27.008-0500] {processor.py:179} INFO - Processing /home/joha/anaconda3/lib/python3.10/site-packages/airflow/example_dags/tutorial_dag.py took 0.092 seconds
[2023-07-31T16:53:08.786-0500] {processor.py:157} INFO - Started process (PID=69453) to work on /home/joha/anaconda3/lib/python3.10/site-packages/airflow/example_dags/tutorial_dag.py
[2023-07-31T16:53:08.795-0500] {processor.py:826} INFO - Processing file /home/joha/anaconda3/lib/python3.10/site-packages/airflow/example_dags/tutorial_dag.py for tasks to queue
[2023-07-31T16:53:08.796-0500] {logging_mixin.py:150} INFO - [2023-07-31T16:53:08.796-0500] {dagbag.py:541} INFO - Filling up the DagBag from /home/joha/anaconda3/lib/python3.10/site-packages/airflow/example_dags/tutorial_dag.py
[2023-07-31T16:53:08.812-0500] {processor.py:836} INFO - DAG(s) dict_keys(['tutorial_dag']) retrieved from /home/joha/anaconda3/lib/python3.10/site-packages/airflow/example_dags/tutorial_dag.py
[2023-07-31T16:53:08.833-0500] {logging_mixin.py:150} INFO - [2023-07-31T16:53:08.832-0500] {dag.py:2742} INFO - Sync 1 DAGs
[2023-07-31T16:53:08.851-0500] {logging_mixin.py:150} INFO - [2023-07-31T16:53:08.851-0500] {dag.py:3504} INFO - Setting next_dagrun for tutorial_dag to None, run_after=None
[2023-07-31T16:53:09.148-0500] {processor.py:179} INFO - Processing /home/joha/anaconda3/lib/python3.10/site-packages/airflow/example_dags/tutorial_dag.py took 0.368 seconds
[2023-07-31T16:53:56.678-0500] {processor.py:157} INFO - Started process (PID=69506) to work on /home/joha/anaconda3/lib/python3.10/site-packages/airflow/example_dags/tutorial_dag.py
[2023-07-31T16:53:56.687-0500] {processor.py:826} INFO - Processing file /home/joha/anaconda3/lib/python3.10/site-packages/airflow/example_dags/tutorial_dag.py for tasks to queue
[2023-07-31T16:53:56.690-0500] {logging_mixin.py:150} INFO - [2023-07-31T16:53:56.689-0500] {dagbag.py:541} INFO - Filling up the DagBag from /home/joha/anaconda3/lib/python3.10/site-packages/airflow/example_dags/tutorial_dag.py
[2023-07-31T16:53:56.709-0500] {processor.py:836} INFO - DAG(s) dict_keys(['tutorial_dag']) retrieved from /home/joha/anaconda3/lib/python3.10/site-packages/airflow/example_dags/tutorial_dag.py
[2023-07-31T16:53:56.730-0500] {logging_mixin.py:150} INFO - [2023-07-31T16:53:56.729-0500] {dag.py:2742} INFO - Sync 1 DAGs
[2023-07-31T16:53:56.747-0500] {logging_mixin.py:150} INFO - [2023-07-31T16:53:56.747-0500] {dag.py:3504} INFO - Setting next_dagrun for tutorial_dag to None, run_after=None
[2023-07-31T16:53:56.767-0500] {processor.py:179} INFO - Processing /home/joha/anaconda3/lib/python3.10/site-packages/airflow/example_dags/tutorial_dag.py took 0.093 seconds
[2023-07-31T16:54:29.667-0500] {processor.py:157} INFO - Started process (PID=69549) to work on /home/joha/anaconda3/lib/python3.10/site-packages/airflow/example_dags/tutorial_dag.py
[2023-07-31T16:54:29.675-0500] {processor.py:826} INFO - Processing file /home/joha/anaconda3/lib/python3.10/site-packages/airflow/example_dags/tutorial_dag.py for tasks to queue
[2023-07-31T16:54:29.677-0500] {logging_mixin.py:150} INFO - [2023-07-31T16:54:29.676-0500] {dagbag.py:541} INFO - Filling up the DagBag from /home/joha/anaconda3/lib/python3.10/site-packages/airflow/example_dags/tutorial_dag.py
[2023-07-31T16:54:29.688-0500] {processor.py:836} INFO - DAG(s) dict_keys(['tutorial_dag']) retrieved from /home/joha/anaconda3/lib/python3.10/site-packages/airflow/example_dags/tutorial_dag.py
[2023-07-31T16:54:29.709-0500] {logging_mixin.py:150} INFO - [2023-07-31T16:54:29.709-0500] {dag.py:2742} INFO - Sync 1 DAGs
[2023-07-31T16:54:29.728-0500] {logging_mixin.py:150} INFO - [2023-07-31T16:54:29.727-0500] {dag.py:3504} INFO - Setting next_dagrun for tutorial_dag to None, run_after=None
[2023-07-31T16:54:29.747-0500] {processor.py:179} INFO - Processing /home/joha/anaconda3/lib/python3.10/site-packages/airflow/example_dags/tutorial_dag.py took 0.085 seconds
[2023-07-31T16:55:01.602-0500] {processor.py:157} INFO - Started process (PID=69585) to work on /home/joha/anaconda3/lib/python3.10/site-packages/airflow/example_dags/tutorial_dag.py
[2023-07-31T16:55:01.613-0500] {processor.py:826} INFO - Processing file /home/joha/anaconda3/lib/python3.10/site-packages/airflow/example_dags/tutorial_dag.py for tasks to queue
[2023-07-31T16:55:01.615-0500] {logging_mixin.py:150} INFO - [2023-07-31T16:55:01.614-0500] {dagbag.py:541} INFO - Filling up the DagBag from /home/joha/anaconda3/lib/python3.10/site-packages/airflow/example_dags/tutorial_dag.py
[2023-07-31T16:55:01.629-0500] {processor.py:836} INFO - DAG(s) dict_keys(['tutorial_dag']) retrieved from /home/joha/anaconda3/lib/python3.10/site-packages/airflow/example_dags/tutorial_dag.py
[2023-07-31T16:55:01.652-0500] {logging_mixin.py:150} INFO - [2023-07-31T16:55:01.652-0500] {dag.py:2742} INFO - Sync 1 DAGs
[2023-07-31T16:55:01.670-0500] {logging_mixin.py:150} INFO - [2023-07-31T16:55:01.669-0500] {dag.py:3504} INFO - Setting next_dagrun for tutorial_dag to None, run_after=None
[2023-07-31T16:55:01.689-0500] {processor.py:179} INFO - Processing /home/joha/anaconda3/lib/python3.10/site-packages/airflow/example_dags/tutorial_dag.py took 0.093 seconds
[2023-07-31T16:55:39.643-0500] {processor.py:157} INFO - Started process (PID=69645) to work on /home/joha/anaconda3/lib/python3.10/site-packages/airflow/example_dags/tutorial_dag.py
[2023-07-31T16:55:39.651-0500] {processor.py:826} INFO - Processing file /home/joha/anaconda3/lib/python3.10/site-packages/airflow/example_dags/tutorial_dag.py for tasks to queue
[2023-07-31T16:55:39.653-0500] {logging_mixin.py:150} INFO - [2023-07-31T16:55:39.652-0500] {dagbag.py:541} INFO - Filling up the DagBag from /home/joha/anaconda3/lib/python3.10/site-packages/airflow/example_dags/tutorial_dag.py
[2023-07-31T16:55:39.664-0500] {processor.py:836} INFO - DAG(s) dict_keys(['tutorial_dag']) retrieved from /home/joha/anaconda3/lib/python3.10/site-packages/airflow/example_dags/tutorial_dag.py
[2023-07-31T16:55:39.685-0500] {logging_mixin.py:150} INFO - [2023-07-31T16:55:39.685-0500] {dag.py:2742} INFO - Sync 1 DAGs
[2023-07-31T16:55:39.703-0500] {logging_mixin.py:150} INFO - [2023-07-31T16:55:39.703-0500] {dag.py:3504} INFO - Setting next_dagrun for tutorial_dag to None, run_after=None
[2023-07-31T16:55:39.723-0500] {processor.py:179} INFO - Processing /home/joha/anaconda3/lib/python3.10/site-packages/airflow/example_dags/tutorial_dag.py took 0.085 seconds
[2023-07-31T16:56:17.288-0500] {processor.py:157} INFO - Started process (PID=69691) to work on /home/joha/anaconda3/lib/python3.10/site-packages/airflow/example_dags/tutorial_dag.py
[2023-07-31T16:56:17.295-0500] {processor.py:826} INFO - Processing file /home/joha/anaconda3/lib/python3.10/site-packages/airflow/example_dags/tutorial_dag.py for tasks to queue
[2023-07-31T16:56:17.297-0500] {logging_mixin.py:150} INFO - [2023-07-31T16:56:17.296-0500] {dagbag.py:541} INFO - Filling up the DagBag from /home/joha/anaconda3/lib/python3.10/site-packages/airflow/example_dags/tutorial_dag.py
[2023-07-31T16:56:17.307-0500] {processor.py:836} INFO - DAG(s) dict_keys(['tutorial_dag']) retrieved from /home/joha/anaconda3/lib/python3.10/site-packages/airflow/example_dags/tutorial_dag.py
[2023-07-31T16:56:17.328-0500] {logging_mixin.py:150} INFO - [2023-07-31T16:56:17.328-0500] {dag.py:2742} INFO - Sync 1 DAGs
[2023-07-31T16:56:17.346-0500] {logging_mixin.py:150} INFO - [2023-07-31T16:56:17.346-0500] {dag.py:3504} INFO - Setting next_dagrun for tutorial_dag to None, run_after=None
[2023-07-31T16:56:17.364-0500] {processor.py:179} INFO - Processing /home/joha/anaconda3/lib/python3.10/site-packages/airflow/example_dags/tutorial_dag.py took 0.080 seconds
