[2023-08-01T20:26:09.343-0500] {processor.py:157} INFO - Started process (PID=99589) to work on /home/joha/anaconda3/lib/python3.10/site-packages/airflow/example_dags/example_branch_operator.py
[2023-08-01T20:26:09.345-0500] {processor.py:826} INFO - Processing file /home/joha/anaconda3/lib/python3.10/site-packages/airflow/example_dags/example_branch_operator.py for tasks to queue
[2023-08-01T20:26:09.348-0500] {logging_mixin.py:150} INFO - [2023-08-01T20:26:09.347-0500] {dagbag.py:541} INFO - Filling up the DagBag from /home/joha/anaconda3/lib/python3.10/site-packages/airflow/example_dags/example_branch_operator.py
[2023-08-01T20:26:09.375-0500] {processor.py:836} INFO - DAG(s) dict_keys(['example_branch_operator']) retrieved from /home/joha/anaconda3/lib/python3.10/site-packages/airflow/example_dags/example_branch_operator.py
[2023-08-01T20:26:09.400-0500] {logging_mixin.py:150} INFO - [2023-08-01T20:26:09.400-0500] {dag.py:2742} INFO - Sync 1 DAGs
[2023-08-01T20:26:09.422-0500] {logging_mixin.py:150} INFO - [2023-08-01T20:26:09.421-0500] {dag.py:3504} INFO - Setting next_dagrun for example_branch_operator to 2023-08-01T00:00:00+00:00, run_after=2023-08-02T00:00:00+00:00
[2023-08-01T20:26:09.448-0500] {processor.py:179} INFO - Processing /home/joha/anaconda3/lib/python3.10/site-packages/airflow/example_dags/example_branch_operator.py took 0.116 seconds
[2023-08-02T11:08:42.021-0500] {processor.py:157} INFO - Started process (PID=105240) to work on /home/joha/anaconda3/lib/python3.10/site-packages/airflow/example_dags/example_branch_operator.py
[2023-08-02T11:08:42.028-0500] {processor.py:826} INFO - Processing file /home/joha/anaconda3/lib/python3.10/site-packages/airflow/example_dags/example_branch_operator.py for tasks to queue
[2023-08-02T11:08:42.030-0500] {logging_mixin.py:150} INFO - [2023-08-02T11:08:42.029-0500] {dagbag.py:541} INFO - Filling up the DagBag from /home/joha/anaconda3/lib/python3.10/site-packages/airflow/example_dags/example_branch_operator.py
[2023-08-02T11:08:42.039-0500] {processor.py:836} INFO - DAG(s) dict_keys(['example_branch_operator']) retrieved from /home/joha/anaconda3/lib/python3.10/site-packages/airflow/example_dags/example_branch_operator.py
[2023-08-02T11:08:42.061-0500] {logging_mixin.py:150} INFO - [2023-08-02T11:08:42.061-0500] {dag.py:2742} INFO - Sync 1 DAGs
[2023-08-02T11:08:42.083-0500] {logging_mixin.py:150} INFO - [2023-08-02T11:08:42.082-0500] {dag.py:3504} INFO - Setting next_dagrun for example_branch_operator to 2023-08-01T00:00:00+00:00, run_after=2023-08-02T00:00:00+00:00
[2023-08-02T11:08:42.102-0500] {processor.py:179} INFO - Processing /home/joha/anaconda3/lib/python3.10/site-packages/airflow/example_dags/example_branch_operator.py took 0.085 seconds
[2023-08-02T11:09:36.881-0500] {processor.py:157} INFO - Started process (PID=105347) to work on /home/joha/anaconda3/lib/python3.10/site-packages/airflow/example_dags/example_branch_operator.py
[2023-08-02T11:09:36.890-0500] {processor.py:826} INFO - Processing file /home/joha/anaconda3/lib/python3.10/site-packages/airflow/example_dags/example_branch_operator.py for tasks to queue
[2023-08-02T11:09:36.892-0500] {logging_mixin.py:150} INFO - [2023-08-02T11:09:36.891-0500] {dagbag.py:541} INFO - Filling up the DagBag from /home/joha/anaconda3/lib/python3.10/site-packages/airflow/example_dags/example_branch_operator.py
[2023-08-02T11:09:36.917-0500] {processor.py:836} INFO - DAG(s) dict_keys(['example_branch_operator']) retrieved from /home/joha/anaconda3/lib/python3.10/site-packages/airflow/example_dags/example_branch_operator.py
[2023-08-02T11:09:36.953-0500] {logging_mixin.py:150} INFO - [2023-08-02T11:09:36.953-0500] {dag.py:2742} INFO - Sync 1 DAGs
[2023-08-02T11:09:36.978-0500] {logging_mixin.py:150} INFO - [2023-08-02T11:09:36.978-0500] {dag.py:3504} INFO - Setting next_dagrun for example_branch_operator to 2023-08-01T00:00:00+00:00, run_after=2023-08-02T00:00:00+00:00
[2023-08-02T11:09:37.004-0500] {processor.py:179} INFO - Processing /home/joha/anaconda3/lib/python3.10/site-packages/airflow/example_dags/example_branch_operator.py took 0.136 seconds
[2023-08-02T11:10:28.940-0500] {processor.py:157} INFO - Started process (PID=105536) to work on /home/joha/anaconda3/lib/python3.10/site-packages/airflow/example_dags/example_branch_operator.py
[2023-08-02T11:10:28.941-0500] {processor.py:826} INFO - Processing file /home/joha/anaconda3/lib/python3.10/site-packages/airflow/example_dags/example_branch_operator.py for tasks to queue
[2023-08-02T11:10:28.942-0500] {logging_mixin.py:150} INFO - [2023-08-02T11:10:28.942-0500] {dagbag.py:541} INFO - Filling up the DagBag from /home/joha/anaconda3/lib/python3.10/site-packages/airflow/example_dags/example_branch_operator.py
[2023-08-02T11:10:28.972-0500] {processor.py:836} INFO - DAG(s) dict_keys(['example_branch_operator']) retrieved from /home/joha/anaconda3/lib/python3.10/site-packages/airflow/example_dags/example_branch_operator.py
[2023-08-02T11:10:29.021-0500] {logging_mixin.py:150} INFO - [2023-08-02T11:10:29.021-0500] {dag.py:2742} INFO - Sync 1 DAGs
[2023-08-02T11:10:29.045-0500] {logging_mixin.py:150} INFO - [2023-08-02T11:10:29.044-0500] {dag.py:3504} INFO - Setting next_dagrun for example_branch_operator to 2023-08-01T00:00:00+00:00, run_after=2023-08-02T00:00:00+00:00
[2023-08-02T11:10:29.064-0500] {processor.py:179} INFO - Processing /home/joha/anaconda3/lib/python3.10/site-packages/airflow/example_dags/example_branch_operator.py took 0.129 seconds
[2023-08-02T11:11:15.804-0500] {processor.py:157} INFO - Started process (PID=105655) to work on /home/joha/anaconda3/lib/python3.10/site-packages/airflow/example_dags/example_branch_operator.py
[2023-08-02T11:11:15.814-0500] {processor.py:826} INFO - Processing file /home/joha/anaconda3/lib/python3.10/site-packages/airflow/example_dags/example_branch_operator.py for tasks to queue
[2023-08-02T11:11:15.817-0500] {logging_mixin.py:150} INFO - [2023-08-02T11:11:15.815-0500] {dagbag.py:541} INFO - Filling up the DagBag from /home/joha/anaconda3/lib/python3.10/site-packages/airflow/example_dags/example_branch_operator.py
[2023-08-02T11:11:15.850-0500] {processor.py:836} INFO - DAG(s) dict_keys(['example_branch_operator']) retrieved from /home/joha/anaconda3/lib/python3.10/site-packages/airflow/example_dags/example_branch_operator.py
[2023-08-02T11:11:15.876-0500] {logging_mixin.py:150} INFO - [2023-08-02T11:11:15.876-0500] {dag.py:2742} INFO - Sync 1 DAGs
[2023-08-02T11:11:15.905-0500] {logging_mixin.py:150} INFO - [2023-08-02T11:11:15.905-0500] {dag.py:3504} INFO - Setting next_dagrun for example_branch_operator to 2023-08-01T00:00:00+00:00, run_after=2023-08-02T00:00:00+00:00
[2023-08-02T11:11:15.928-0500] {processor.py:179} INFO - Processing /home/joha/anaconda3/lib/python3.10/site-packages/airflow/example_dags/example_branch_operator.py took 0.135 seconds
[2023-08-02T11:12:04.893-0500] {processor.py:157} INFO - Started process (PID=105803) to work on /home/joha/anaconda3/lib/python3.10/site-packages/airflow/example_dags/example_branch_operator.py
[2023-08-02T11:12:04.901-0500] {processor.py:826} INFO - Processing file /home/joha/anaconda3/lib/python3.10/site-packages/airflow/example_dags/example_branch_operator.py for tasks to queue
[2023-08-02T11:12:04.902-0500] {logging_mixin.py:150} INFO - [2023-08-02T11:12:04.902-0500] {dagbag.py:541} INFO - Filling up the DagBag from /home/joha/anaconda3/lib/python3.10/site-packages/airflow/example_dags/example_branch_operator.py
[2023-08-02T11:12:04.917-0500] {processor.py:836} INFO - DAG(s) dict_keys(['example_branch_operator']) retrieved from /home/joha/anaconda3/lib/python3.10/site-packages/airflow/example_dags/example_branch_operator.py
[2023-08-02T11:12:04.946-0500] {logging_mixin.py:150} INFO - [2023-08-02T11:12:04.946-0500] {dag.py:2742} INFO - Sync 1 DAGs
[2023-08-02T11:12:04.983-0500] {logging_mixin.py:150} INFO - [2023-08-02T11:12:04.983-0500] {dag.py:3504} INFO - Setting next_dagrun for example_branch_operator to 2023-08-01T00:00:00+00:00, run_after=2023-08-02T00:00:00+00:00
[2023-08-02T11:12:05.005-0500] {processor.py:179} INFO - Processing /home/joha/anaconda3/lib/python3.10/site-packages/airflow/example_dags/example_branch_operator.py took 0.116 seconds
[2023-08-02T11:12:51.513-0500] {processor.py:157} INFO - Started process (PID=105902) to work on /home/joha/anaconda3/lib/python3.10/site-packages/airflow/example_dags/example_branch_operator.py
[2023-08-02T11:12:51.520-0500] {processor.py:826} INFO - Processing file /home/joha/anaconda3/lib/python3.10/site-packages/airflow/example_dags/example_branch_operator.py for tasks to queue
[2023-08-02T11:12:51.521-0500] {logging_mixin.py:150} INFO - [2023-08-02T11:12:51.521-0500] {dagbag.py:541} INFO - Filling up the DagBag from /home/joha/anaconda3/lib/python3.10/site-packages/airflow/example_dags/example_branch_operator.py
[2023-08-02T11:12:51.531-0500] {processor.py:836} INFO - DAG(s) dict_keys(['example_branch_operator']) retrieved from /home/joha/anaconda3/lib/python3.10/site-packages/airflow/example_dags/example_branch_operator.py
[2023-08-02T11:12:51.551-0500] {logging_mixin.py:150} INFO - [2023-08-02T11:12:51.551-0500] {dag.py:2742} INFO - Sync 1 DAGs
[2023-08-02T11:12:51.575-0500] {logging_mixin.py:150} INFO - [2023-08-02T11:12:51.575-0500] {dag.py:3504} INFO - Setting next_dagrun for example_branch_operator to 2023-08-01T00:00:00+00:00, run_after=2023-08-02T00:00:00+00:00
[2023-08-02T11:12:51.596-0500] {processor.py:179} INFO - Processing /home/joha/anaconda3/lib/python3.10/site-packages/airflow/example_dags/example_branch_operator.py took 0.086 seconds
[2023-08-02T11:13:53.805-0500] {processor.py:157} INFO - Started process (PID=106004) to work on /home/joha/anaconda3/lib/python3.10/site-packages/airflow/example_dags/example_branch_operator.py
[2023-08-02T11:13:53.813-0500] {processor.py:826} INFO - Processing file /home/joha/anaconda3/lib/python3.10/site-packages/airflow/example_dags/example_branch_operator.py for tasks to queue
[2023-08-02T11:13:53.813-0500] {logging_mixin.py:150} INFO - [2023-08-02T11:13:53.813-0500] {dagbag.py:541} INFO - Filling up the DagBag from /home/joha/anaconda3/lib/python3.10/site-packages/airflow/example_dags/example_branch_operator.py
[2023-08-02T11:13:53.828-0500] {processor.py:836} INFO - DAG(s) dict_keys(['example_branch_operator']) retrieved from /home/joha/anaconda3/lib/python3.10/site-packages/airflow/example_dags/example_branch_operator.py
[2023-08-02T11:13:53.858-0500] {logging_mixin.py:150} INFO - [2023-08-02T11:13:53.857-0500] {dag.py:2742} INFO - Sync 1 DAGs
[2023-08-02T11:13:53.882-0500] {logging_mixin.py:150} INFO - [2023-08-02T11:13:53.882-0500] {dag.py:3504} INFO - Setting next_dagrun for example_branch_operator to 2023-08-01T00:00:00+00:00, run_after=2023-08-02T00:00:00+00:00
[2023-08-02T11:13:53.907-0500] {processor.py:179} INFO - Processing /home/joha/anaconda3/lib/python3.10/site-packages/airflow/example_dags/example_branch_operator.py took 0.106 seconds
[2023-08-02T11:14:57.867-0500] {processor.py:157} INFO - Started process (PID=106138) to work on /home/joha/anaconda3/lib/python3.10/site-packages/airflow/example_dags/example_branch_operator.py
[2023-08-02T11:14:57.877-0500] {processor.py:826} INFO - Processing file /home/joha/anaconda3/lib/python3.10/site-packages/airflow/example_dags/example_branch_operator.py for tasks to queue
[2023-08-02T11:14:57.879-0500] {logging_mixin.py:150} INFO - [2023-08-02T11:14:57.878-0500] {dagbag.py:541} INFO - Filling up the DagBag from /home/joha/anaconda3/lib/python3.10/site-packages/airflow/example_dags/example_branch_operator.py
[2023-08-02T11:14:57.912-0500] {processor.py:836} INFO - DAG(s) dict_keys(['example_branch_operator']) retrieved from /home/joha/anaconda3/lib/python3.10/site-packages/airflow/example_dags/example_branch_operator.py
[2023-08-02T11:14:57.943-0500] {logging_mixin.py:150} INFO - [2023-08-02T11:14:57.943-0500] {dag.py:2742} INFO - Sync 1 DAGs
[2023-08-02T11:14:57.965-0500] {logging_mixin.py:150} INFO - [2023-08-02T11:14:57.965-0500] {dag.py:3504} INFO - Setting next_dagrun for example_branch_operator to 2023-08-01T00:00:00+00:00, run_after=2023-08-02T00:00:00+00:00
[2023-08-02T11:14:57.993-0500] {processor.py:179} INFO - Processing /home/joha/anaconda3/lib/python3.10/site-packages/airflow/example_dags/example_branch_operator.py took 0.136 seconds
[2023-08-02T11:15:48.185-0500] {processor.py:157} INFO - Started process (PID=106282) to work on /home/joha/anaconda3/lib/python3.10/site-packages/airflow/example_dags/example_branch_operator.py
[2023-08-02T11:15:48.195-0500] {processor.py:826} INFO - Processing file /home/joha/anaconda3/lib/python3.10/site-packages/airflow/example_dags/example_branch_operator.py for tasks to queue
[2023-08-02T11:15:48.197-0500] {logging_mixin.py:150} INFO - [2023-08-02T11:15:48.196-0500] {dagbag.py:541} INFO - Filling up the DagBag from /home/joha/anaconda3/lib/python3.10/site-packages/airflow/example_dags/example_branch_operator.py
[2023-08-02T11:15:48.226-0500] {processor.py:836} INFO - DAG(s) dict_keys(['example_branch_operator']) retrieved from /home/joha/anaconda3/lib/python3.10/site-packages/airflow/example_dags/example_branch_operator.py
[2023-08-02T11:15:48.255-0500] {logging_mixin.py:150} INFO - [2023-08-02T11:15:48.255-0500] {dag.py:2742} INFO - Sync 1 DAGs
[2023-08-02T11:15:48.278-0500] {logging_mixin.py:150} INFO - [2023-08-02T11:15:48.278-0500] {dag.py:3504} INFO - Setting next_dagrun for example_branch_operator to 2023-08-01T00:00:00+00:00, run_after=2023-08-02T00:00:00+00:00
[2023-08-02T11:15:48.299-0500] {processor.py:179} INFO - Processing /home/joha/anaconda3/lib/python3.10/site-packages/airflow/example_dags/example_branch_operator.py took 0.125 seconds
[2023-08-02T11:16:36.508-0500] {processor.py:157} INFO - Started process (PID=106408) to work on /home/joha/anaconda3/lib/python3.10/site-packages/airflow/example_dags/example_branch_operator.py
[2023-08-02T11:16:36.517-0500] {processor.py:826} INFO - Processing file /home/joha/anaconda3/lib/python3.10/site-packages/airflow/example_dags/example_branch_operator.py for tasks to queue
[2023-08-02T11:16:36.520-0500] {logging_mixin.py:150} INFO - [2023-08-02T11:16:36.519-0500] {dagbag.py:541} INFO - Filling up the DagBag from /home/joha/anaconda3/lib/python3.10/site-packages/airflow/example_dags/example_branch_operator.py
[2023-08-02T11:16:36.543-0500] {processor.py:836} INFO - DAG(s) dict_keys(['example_branch_operator']) retrieved from /home/joha/anaconda3/lib/python3.10/site-packages/airflow/example_dags/example_branch_operator.py
[2023-08-02T11:16:36.565-0500] {logging_mixin.py:150} INFO - [2023-08-02T11:16:36.565-0500] {dag.py:2742} INFO - Sync 1 DAGs
[2023-08-02T11:16:36.585-0500] {logging_mixin.py:150} INFO - [2023-08-02T11:16:36.585-0500] {dag.py:3504} INFO - Setting next_dagrun for example_branch_operator to 2023-08-01T00:00:00+00:00, run_after=2023-08-02T00:00:00+00:00
[2023-08-02T11:16:36.605-0500] {processor.py:179} INFO - Processing /home/joha/anaconda3/lib/python3.10/site-packages/airflow/example_dags/example_branch_operator.py took 0.107 seconds
[2023-08-02T11:17:21.534-0500] {processor.py:157} INFO - Started process (PID=106531) to work on /home/joha/anaconda3/lib/python3.10/site-packages/airflow/example_dags/example_branch_operator.py
[2023-08-02T11:17:21.542-0500] {processor.py:826} INFO - Processing file /home/joha/anaconda3/lib/python3.10/site-packages/airflow/example_dags/example_branch_operator.py for tasks to queue
[2023-08-02T11:17:21.543-0500] {logging_mixin.py:150} INFO - [2023-08-02T11:17:21.542-0500] {dagbag.py:541} INFO - Filling up the DagBag from /home/joha/anaconda3/lib/python3.10/site-packages/airflow/example_dags/example_branch_operator.py
[2023-08-02T11:17:21.554-0500] {processor.py:836} INFO - DAG(s) dict_keys(['example_branch_operator']) retrieved from /home/joha/anaconda3/lib/python3.10/site-packages/airflow/example_dags/example_branch_operator.py
[2023-08-02T11:17:21.577-0500] {logging_mixin.py:150} INFO - [2023-08-02T11:17:21.577-0500] {dag.py:2742} INFO - Sync 1 DAGs
[2023-08-02T11:17:21.598-0500] {logging_mixin.py:150} INFO - [2023-08-02T11:17:21.598-0500] {dag.py:3504} INFO - Setting next_dagrun for example_branch_operator to 2023-08-01T00:00:00+00:00, run_after=2023-08-02T00:00:00+00:00
[2023-08-02T11:17:21.621-0500] {processor.py:179} INFO - Processing /home/joha/anaconda3/lib/python3.10/site-packages/airflow/example_dags/example_branch_operator.py took 0.091 seconds
[2023-08-02T11:18:06.509-0500] {processor.py:157} INFO - Started process (PID=106671) to work on /home/joha/anaconda3/lib/python3.10/site-packages/airflow/example_dags/example_branch_operator.py
[2023-08-02T11:18:06.519-0500] {processor.py:826} INFO - Processing file /home/joha/anaconda3/lib/python3.10/site-packages/airflow/example_dags/example_branch_operator.py for tasks to queue
[2023-08-02T11:18:06.521-0500] {logging_mixin.py:150} INFO - [2023-08-02T11:18:06.520-0500] {dagbag.py:541} INFO - Filling up the DagBag from /home/joha/anaconda3/lib/python3.10/site-packages/airflow/example_dags/example_branch_operator.py
[2023-08-02T11:18:06.552-0500] {processor.py:836} INFO - DAG(s) dict_keys(['example_branch_operator']) retrieved from /home/joha/anaconda3/lib/python3.10/site-packages/airflow/example_dags/example_branch_operator.py
[2023-08-02T11:18:06.599-0500] {logging_mixin.py:150} INFO - [2023-08-02T11:18:06.599-0500] {dag.py:2742} INFO - Sync 1 DAGs
[2023-08-02T11:18:06.620-0500] {logging_mixin.py:150} INFO - [2023-08-02T11:18:06.620-0500] {dag.py:3504} INFO - Setting next_dagrun for example_branch_operator to 2023-08-01T00:00:00+00:00, run_after=2023-08-02T00:00:00+00:00
[2023-08-02T11:18:06.640-0500] {processor.py:179} INFO - Processing /home/joha/anaconda3/lib/python3.10/site-packages/airflow/example_dags/example_branch_operator.py took 0.141 seconds
[2023-08-02T11:19:12.276-0500] {processor.py:157} INFO - Started process (PID=106827) to work on /home/joha/anaconda3/lib/python3.10/site-packages/airflow/example_dags/example_branch_operator.py
[2023-08-02T11:19:12.286-0500] {processor.py:826} INFO - Processing file /home/joha/anaconda3/lib/python3.10/site-packages/airflow/example_dags/example_branch_operator.py for tasks to queue
[2023-08-02T11:19:12.288-0500] {logging_mixin.py:150} INFO - [2023-08-02T11:19:12.287-0500] {dagbag.py:541} INFO - Filling up the DagBag from /home/joha/anaconda3/lib/python3.10/site-packages/airflow/example_dags/example_branch_operator.py
[2023-08-02T11:19:12.317-0500] {processor.py:836} INFO - DAG(s) dict_keys(['example_branch_operator']) retrieved from /home/joha/anaconda3/lib/python3.10/site-packages/airflow/example_dags/example_branch_operator.py
[2023-08-02T11:19:12.344-0500] {logging_mixin.py:150} INFO - [2023-08-02T11:19:12.344-0500] {dag.py:2742} INFO - Sync 1 DAGs
[2023-08-02T11:19:12.365-0500] {logging_mixin.py:150} INFO - [2023-08-02T11:19:12.365-0500] {dag.py:3504} INFO - Setting next_dagrun for example_branch_operator to 2023-08-01T00:00:00+00:00, run_after=2023-08-02T00:00:00+00:00
[2023-08-02T11:19:12.387-0500] {processor.py:179} INFO - Processing /home/joha/anaconda3/lib/python3.10/site-packages/airflow/example_dags/example_branch_operator.py took 0.121 seconds
[2023-08-02T11:20:01.060-0500] {processor.py:157} INFO - Started process (PID=106927) to work on /home/joha/anaconda3/lib/python3.10/site-packages/airflow/example_dags/example_branch_operator.py
[2023-08-02T11:20:01.069-0500] {processor.py:826} INFO - Processing file /home/joha/anaconda3/lib/python3.10/site-packages/airflow/example_dags/example_branch_operator.py for tasks to queue
[2023-08-02T11:20:01.070-0500] {logging_mixin.py:150} INFO - [2023-08-02T11:20:01.070-0500] {dagbag.py:541} INFO - Filling up the DagBag from /home/joha/anaconda3/lib/python3.10/site-packages/airflow/example_dags/example_branch_operator.py
[2023-08-02T11:20:01.081-0500] {processor.py:836} INFO - DAG(s) dict_keys(['example_branch_operator']) retrieved from /home/joha/anaconda3/lib/python3.10/site-packages/airflow/example_dags/example_branch_operator.py
[2023-08-02T11:20:01.108-0500] {logging_mixin.py:150} INFO - [2023-08-02T11:20:01.108-0500] {dag.py:2742} INFO - Sync 1 DAGs
[2023-08-02T11:20:01.135-0500] {logging_mixin.py:150} INFO - [2023-08-02T11:20:01.135-0500] {dag.py:3504} INFO - Setting next_dagrun for example_branch_operator to 2023-08-01T00:00:00+00:00, run_after=2023-08-02T00:00:00+00:00
[2023-08-02T11:20:01.160-0500] {processor.py:179} INFO - Processing /home/joha/anaconda3/lib/python3.10/site-packages/airflow/example_dags/example_branch_operator.py took 0.103 seconds
[2023-08-02T11:20:51.267-0500] {processor.py:157} INFO - Started process (PID=107064) to work on /home/joha/anaconda3/lib/python3.10/site-packages/airflow/example_dags/example_branch_operator.py
[2023-08-02T11:20:51.274-0500] {processor.py:826} INFO - Processing file /home/joha/anaconda3/lib/python3.10/site-packages/airflow/example_dags/example_branch_operator.py for tasks to queue
[2023-08-02T11:20:51.277-0500] {logging_mixin.py:150} INFO - [2023-08-02T11:20:51.275-0500] {dagbag.py:541} INFO - Filling up the DagBag from /home/joha/anaconda3/lib/python3.10/site-packages/airflow/example_dags/example_branch_operator.py
[2023-08-02T11:20:51.310-0500] {processor.py:836} INFO - DAG(s) dict_keys(['example_branch_operator']) retrieved from /home/joha/anaconda3/lib/python3.10/site-packages/airflow/example_dags/example_branch_operator.py
[2023-08-02T11:20:51.338-0500] {logging_mixin.py:150} INFO - [2023-08-02T11:20:51.338-0500] {dag.py:2742} INFO - Sync 1 DAGs
[2023-08-02T11:20:51.360-0500] {logging_mixin.py:150} INFO - [2023-08-02T11:20:51.360-0500] {dag.py:3504} INFO - Setting next_dagrun for example_branch_operator to 2023-08-01T00:00:00+00:00, run_after=2023-08-02T00:00:00+00:00
[2023-08-02T11:20:51.638-0500] {processor.py:179} INFO - Processing /home/joha/anaconda3/lib/python3.10/site-packages/airflow/example_dags/example_branch_operator.py took 0.382 seconds
[2023-08-02T11:21:56.420-0500] {processor.py:157} INFO - Started process (PID=107370) to work on /home/joha/anaconda3/lib/python3.10/site-packages/airflow/example_dags/example_branch_operator.py
[2023-08-02T11:21:56.428-0500] {processor.py:826} INFO - Processing file /home/joha/anaconda3/lib/python3.10/site-packages/airflow/example_dags/example_branch_operator.py for tasks to queue
[2023-08-02T11:21:56.429-0500] {logging_mixin.py:150} INFO - [2023-08-02T11:21:56.429-0500] {dagbag.py:541} INFO - Filling up the DagBag from /home/joha/anaconda3/lib/python3.10/site-packages/airflow/example_dags/example_branch_operator.py
[2023-08-02T11:21:56.445-0500] {processor.py:836} INFO - DAG(s) dict_keys(['example_branch_operator']) retrieved from /home/joha/anaconda3/lib/python3.10/site-packages/airflow/example_dags/example_branch_operator.py
[2023-08-02T11:21:56.472-0500] {logging_mixin.py:150} INFO - [2023-08-02T11:21:56.472-0500] {dag.py:2742} INFO - Sync 1 DAGs
[2023-08-02T11:21:56.498-0500] {logging_mixin.py:150} INFO - [2023-08-02T11:21:56.497-0500] {dag.py:3504} INFO - Setting next_dagrun for example_branch_operator to 2023-08-01T00:00:00+00:00, run_after=2023-08-02T00:00:00+00:00
[2023-08-02T11:21:56.525-0500] {processor.py:179} INFO - Processing /home/joha/anaconda3/lib/python3.10/site-packages/airflow/example_dags/example_branch_operator.py took 0.111 seconds
[2023-08-02T11:23:04.440-0500] {processor.py:157} INFO - Started process (PID=107611) to work on /home/joha/anaconda3/lib/python3.10/site-packages/airflow/example_dags/example_branch_operator.py
[2023-08-02T11:23:04.455-0500] {processor.py:826} INFO - Processing file /home/joha/anaconda3/lib/python3.10/site-packages/airflow/example_dags/example_branch_operator.py for tasks to queue
[2023-08-02T11:23:04.456-0500] {logging_mixin.py:150} INFO - [2023-08-02T11:23:04.455-0500] {dagbag.py:541} INFO - Filling up the DagBag from /home/joha/anaconda3/lib/python3.10/site-packages/airflow/example_dags/example_branch_operator.py
[2023-08-02T11:23:04.470-0500] {processor.py:836} INFO - DAG(s) dict_keys(['example_branch_operator']) retrieved from /home/joha/anaconda3/lib/python3.10/site-packages/airflow/example_dags/example_branch_operator.py
[2023-08-02T11:23:04.503-0500] {logging_mixin.py:150} INFO - [2023-08-02T11:23:04.503-0500] {dag.py:2742} INFO - Sync 1 DAGs
[2023-08-02T11:23:04.535-0500] {logging_mixin.py:150} INFO - [2023-08-02T11:23:04.535-0500] {dag.py:3504} INFO - Setting next_dagrun for example_branch_operator to 2023-08-01T00:00:00+00:00, run_after=2023-08-02T00:00:00+00:00
[2023-08-02T11:23:04.711-0500] {processor.py:179} INFO - Processing /home/joha/anaconda3/lib/python3.10/site-packages/airflow/example_dags/example_branch_operator.py took 0.276 seconds
[2023-08-02T11:24:39.832-0500] {processor.py:157} INFO - Started process (PID=108293) to work on /home/joha/anaconda3/lib/python3.10/site-packages/airflow/example_dags/example_branch_operator.py
[2023-08-02T11:24:39.839-0500] {processor.py:826} INFO - Processing file /home/joha/anaconda3/lib/python3.10/site-packages/airflow/example_dags/example_branch_operator.py for tasks to queue
[2023-08-02T11:24:39.841-0500] {logging_mixin.py:150} INFO - [2023-08-02T11:24:39.840-0500] {dagbag.py:541} INFO - Filling up the DagBag from /home/joha/anaconda3/lib/python3.10/site-packages/airflow/example_dags/example_branch_operator.py
[2023-08-02T11:24:39.860-0500] {processor.py:836} INFO - DAG(s) dict_keys(['example_branch_operator']) retrieved from /home/joha/anaconda3/lib/python3.10/site-packages/airflow/example_dags/example_branch_operator.py
[2023-08-02T11:24:39.898-0500] {logging_mixin.py:150} INFO - [2023-08-02T11:24:39.897-0500] {dag.py:2742} INFO - Sync 1 DAGs
[2023-08-02T11:24:39.921-0500] {logging_mixin.py:150} INFO - [2023-08-02T11:24:39.921-0500] {dag.py:3504} INFO - Setting next_dagrun for example_branch_operator to 2023-08-01T00:00:00+00:00, run_after=2023-08-02T00:00:00+00:00
[2023-08-02T11:24:39.943-0500] {processor.py:179} INFO - Processing /home/joha/anaconda3/lib/python3.10/site-packages/airflow/example_dags/example_branch_operator.py took 0.117 seconds
[2023-08-02T11:25:49.926-0500] {processor.py:157} INFO - Started process (PID=108420) to work on /home/joha/anaconda3/lib/python3.10/site-packages/airflow/example_dags/example_branch_operator.py
[2023-08-02T11:25:49.934-0500] {processor.py:826} INFO - Processing file /home/joha/anaconda3/lib/python3.10/site-packages/airflow/example_dags/example_branch_operator.py for tasks to queue
[2023-08-02T11:25:49.935-0500] {logging_mixin.py:150} INFO - [2023-08-02T11:25:49.935-0500] {dagbag.py:541} INFO - Filling up the DagBag from /home/joha/anaconda3/lib/python3.10/site-packages/airflow/example_dags/example_branch_operator.py
[2023-08-02T11:25:49.961-0500] {processor.py:836} INFO - DAG(s) dict_keys(['example_branch_operator']) retrieved from /home/joha/anaconda3/lib/python3.10/site-packages/airflow/example_dags/example_branch_operator.py
[2023-08-02T11:25:50.011-0500] {logging_mixin.py:150} INFO - [2023-08-02T11:25:50.011-0500] {dag.py:2742} INFO - Sync 1 DAGs
[2023-08-02T11:25:50.052-0500] {logging_mixin.py:150} INFO - [2023-08-02T11:25:50.052-0500] {dag.py:3504} INFO - Setting next_dagrun for example_branch_operator to 2023-08-01T00:00:00+00:00, run_after=2023-08-02T00:00:00+00:00
[2023-08-02T11:25:50.091-0500] {processor.py:179} INFO - Processing /home/joha/anaconda3/lib/python3.10/site-packages/airflow/example_dags/example_branch_operator.py took 0.170 seconds
