[2023-08-01T20:26:08.045-0500] {processor.py:157} INFO - Started process (PID=99588) to work on /home/joha/anaconda3/lib/python3.10/site-packages/airflow/example_dags/example_dag_decorator.py
[2023-08-01T20:26:08.046-0500] {processor.py:826} INFO - Processing file /home/joha/anaconda3/lib/python3.10/site-packages/airflow/example_dags/example_dag_decorator.py for tasks to queue
[2023-08-01T20:26:08.047-0500] {logging_mixin.py:150} INFO - [2023-08-01T20:26:08.047-0500] {dagbag.py:541} INFO - Filling up the DagBag from /home/joha/anaconda3/lib/python3.10/site-packages/airflow/example_dags/example_dag_decorator.py
[2023-08-01T20:26:08.064-0500] {processor.py:836} INFO - DAG(s) dict_keys(['example_dag_decorator']) retrieved from /home/joha/anaconda3/lib/python3.10/site-packages/airflow/example_dags/example_dag_decorator.py
[2023-08-01T20:26:08.169-0500] {logging_mixin.py:150} INFO - [2023-08-01T20:26:08.169-0500] {dag.py:2742} INFO - Sync 1 DAGs
[2023-08-01T20:26:08.186-0500] {logging_mixin.py:150} INFO - [2023-08-01T20:26:08.186-0500] {dag.py:3504} INFO - Setting next_dagrun for example_dag_decorator to None, run_after=None
[2023-08-01T20:26:08.215-0500] {processor.py:179} INFO - Processing /home/joha/anaconda3/lib/python3.10/site-packages/airflow/example_dags/example_dag_decorator.py took 0.173 seconds
[2023-08-02T11:08:40.746-0500] {processor.py:157} INFO - Started process (PID=105239) to work on /home/joha/anaconda3/lib/python3.10/site-packages/airflow/example_dags/example_dag_decorator.py
[2023-08-02T11:08:40.755-0500] {processor.py:826} INFO - Processing file /home/joha/anaconda3/lib/python3.10/site-packages/airflow/example_dags/example_dag_decorator.py for tasks to queue
[2023-08-02T11:08:40.757-0500] {logging_mixin.py:150} INFO - [2023-08-02T11:08:40.756-0500] {dagbag.py:541} INFO - Filling up the DagBag from /home/joha/anaconda3/lib/python3.10/site-packages/airflow/example_dags/example_dag_decorator.py
[2023-08-02T11:08:40.777-0500] {processor.py:836} INFO - DAG(s) dict_keys(['example_dag_decorator']) retrieved from /home/joha/anaconda3/lib/python3.10/site-packages/airflow/example_dags/example_dag_decorator.py
[2023-08-02T11:08:40.888-0500] {logging_mixin.py:150} INFO - [2023-08-02T11:08:40.888-0500] {dag.py:2742} INFO - Sync 1 DAGs
[2023-08-02T11:08:40.905-0500] {logging_mixin.py:150} INFO - [2023-08-02T11:08:40.905-0500] {dag.py:3504} INFO - Setting next_dagrun for example_dag_decorator to None, run_after=None
[2023-08-02T11:08:40.932-0500] {processor.py:179} INFO - Processing /home/joha/anaconda3/lib/python3.10/site-packages/airflow/example_dags/example_dag_decorator.py took 0.191 seconds
[2023-08-02T11:09:35.587-0500] {processor.py:157} INFO - Started process (PID=105346) to work on /home/joha/anaconda3/lib/python3.10/site-packages/airflow/example_dags/example_dag_decorator.py
[2023-08-02T11:09:35.595-0500] {processor.py:826} INFO - Processing file /home/joha/anaconda3/lib/python3.10/site-packages/airflow/example_dags/example_dag_decorator.py for tasks to queue
[2023-08-02T11:09:35.597-0500] {logging_mixin.py:150} INFO - [2023-08-02T11:09:35.596-0500] {dagbag.py:541} INFO - Filling up the DagBag from /home/joha/anaconda3/lib/python3.10/site-packages/airflow/example_dags/example_dag_decorator.py
[2023-08-02T11:09:35.617-0500] {processor.py:836} INFO - DAG(s) dict_keys(['example_dag_decorator']) retrieved from /home/joha/anaconda3/lib/python3.10/site-packages/airflow/example_dags/example_dag_decorator.py
[2023-08-02T11:09:35.722-0500] {logging_mixin.py:150} INFO - [2023-08-02T11:09:35.722-0500] {dag.py:2742} INFO - Sync 1 DAGs
[2023-08-02T11:09:35.741-0500] {logging_mixin.py:150} INFO - [2023-08-02T11:09:35.741-0500] {dag.py:3504} INFO - Setting next_dagrun for example_dag_decorator to None, run_after=None
[2023-08-02T11:09:35.769-0500] {processor.py:179} INFO - Processing /home/joha/anaconda3/lib/python3.10/site-packages/airflow/example_dags/example_dag_decorator.py took 0.187 seconds
[2023-08-02T11:10:28.281-0500] {processor.py:157} INFO - Started process (PID=105535) to work on /home/joha/anaconda3/lib/python3.10/site-packages/airflow/example_dags/example_dag_decorator.py
[2023-08-02T11:10:28.291-0500] {processor.py:826} INFO - Processing file /home/joha/anaconda3/lib/python3.10/site-packages/airflow/example_dags/example_dag_decorator.py for tasks to queue
[2023-08-02T11:10:28.294-0500] {logging_mixin.py:150} INFO - [2023-08-02T11:10:28.292-0500] {dagbag.py:541} INFO - Filling up the DagBag from /home/joha/anaconda3/lib/python3.10/site-packages/airflow/example_dags/example_dag_decorator.py
[2023-08-02T11:10:28.342-0500] {processor.py:836} INFO - DAG(s) dict_keys(['example_dag_decorator']) retrieved from /home/joha/anaconda3/lib/python3.10/site-packages/airflow/example_dags/example_dag_decorator.py
[2023-08-02T11:10:28.450-0500] {logging_mixin.py:150} INFO - [2023-08-02T11:10:28.450-0500] {dag.py:2742} INFO - Sync 1 DAGs
[2023-08-02T11:10:28.467-0500] {logging_mixin.py:150} INFO - [2023-08-02T11:10:28.467-0500] {dag.py:3504} INFO - Setting next_dagrun for example_dag_decorator to None, run_after=None
[2023-08-02T11:10:28.493-0500] {processor.py:179} INFO - Processing /home/joha/anaconda3/lib/python3.10/site-packages/airflow/example_dags/example_dag_decorator.py took 0.222 seconds
[2023-08-02T11:11:15.182-0500] {processor.py:157} INFO - Started process (PID=105654) to work on /home/joha/anaconda3/lib/python3.10/site-packages/airflow/example_dags/example_dag_decorator.py
[2023-08-02T11:11:15.189-0500] {processor.py:826} INFO - Processing file /home/joha/anaconda3/lib/python3.10/site-packages/airflow/example_dags/example_dag_decorator.py for tasks to queue
[2023-08-02T11:11:15.190-0500] {logging_mixin.py:150} INFO - [2023-08-02T11:11:15.190-0500] {dagbag.py:541} INFO - Filling up the DagBag from /home/joha/anaconda3/lib/python3.10/site-packages/airflow/example_dags/example_dag_decorator.py
[2023-08-02T11:11:15.206-0500] {processor.py:836} INFO - DAG(s) dict_keys(['example_dag_decorator']) retrieved from /home/joha/anaconda3/lib/python3.10/site-packages/airflow/example_dags/example_dag_decorator.py
[2023-08-02T11:11:15.316-0500] {logging_mixin.py:150} INFO - [2023-08-02T11:11:15.315-0500] {dag.py:2742} INFO - Sync 1 DAGs
[2023-08-02T11:11:15.336-0500] {logging_mixin.py:150} INFO - [2023-08-02T11:11:15.336-0500] {dag.py:3504} INFO - Setting next_dagrun for example_dag_decorator to None, run_after=None
[2023-08-02T11:11:15.363-0500] {processor.py:179} INFO - Processing /home/joha/anaconda3/lib/python3.10/site-packages/airflow/example_dags/example_dag_decorator.py took 0.186 seconds
[2023-08-02T11:12:04.276-0500] {processor.py:157} INFO - Started process (PID=105801) to work on /home/joha/anaconda3/lib/python3.10/site-packages/airflow/example_dags/example_dag_decorator.py
[2023-08-02T11:12:04.286-0500] {processor.py:826} INFO - Processing file /home/joha/anaconda3/lib/python3.10/site-packages/airflow/example_dags/example_dag_decorator.py for tasks to queue
[2023-08-02T11:12:04.289-0500] {logging_mixin.py:150} INFO - [2023-08-02T11:12:04.287-0500] {dagbag.py:541} INFO - Filling up the DagBag from /home/joha/anaconda3/lib/python3.10/site-packages/airflow/example_dags/example_dag_decorator.py
[2023-08-02T11:12:04.319-0500] {processor.py:836} INFO - DAG(s) dict_keys(['example_dag_decorator']) retrieved from /home/joha/anaconda3/lib/python3.10/site-packages/airflow/example_dags/example_dag_decorator.py
[2023-08-02T11:12:04.422-0500] {logging_mixin.py:150} INFO - [2023-08-02T11:12:04.421-0500] {dag.py:2742} INFO - Sync 1 DAGs
[2023-08-02T11:12:04.439-0500] {logging_mixin.py:150} INFO - [2023-08-02T11:12:04.439-0500] {dag.py:3504} INFO - Setting next_dagrun for example_dag_decorator to None, run_after=None
[2023-08-02T11:12:04.466-0500] {processor.py:179} INFO - Processing /home/joha/anaconda3/lib/python3.10/site-packages/airflow/example_dags/example_dag_decorator.py took 0.200 seconds
[2023-08-02T11:12:50.158-0500] {processor.py:157} INFO - Started process (PID=105898) to work on /home/joha/anaconda3/lib/python3.10/site-packages/airflow/example_dags/example_dag_decorator.py
[2023-08-02T11:12:50.166-0500] {processor.py:826} INFO - Processing file /home/joha/anaconda3/lib/python3.10/site-packages/airflow/example_dags/example_dag_decorator.py for tasks to queue
[2023-08-02T11:12:50.170-0500] {logging_mixin.py:150} INFO - [2023-08-02T11:12:50.168-0500] {dagbag.py:541} INFO - Filling up the DagBag from /home/joha/anaconda3/lib/python3.10/site-packages/airflow/example_dags/example_dag_decorator.py
[2023-08-02T11:12:50.195-0500] {processor.py:836} INFO - DAG(s) dict_keys(['example_dag_decorator']) retrieved from /home/joha/anaconda3/lib/python3.10/site-packages/airflow/example_dags/example_dag_decorator.py
[2023-08-02T11:12:50.299-0500] {logging_mixin.py:150} INFO - [2023-08-02T11:12:50.299-0500] {dag.py:2742} INFO - Sync 1 DAGs
[2023-08-02T11:12:50.419-0500] {logging_mixin.py:150} INFO - [2023-08-02T11:12:50.419-0500] {dag.py:3504} INFO - Setting next_dagrun for example_dag_decorator to None, run_after=None
[2023-08-02T11:12:50.445-0500] {processor.py:179} INFO - Processing /home/joha/anaconda3/lib/python3.10/site-packages/airflow/example_dags/example_dag_decorator.py took 0.292 seconds
[2023-08-02T11:13:36.228-0500] {processor.py:157} INFO - Started process (PID=105986) to work on /home/joha/anaconda3/lib/python3.10/site-packages/airflow/example_dags/example_dag_decorator.py
[2023-08-02T11:13:36.236-0500] {processor.py:826} INFO - Processing file /home/joha/anaconda3/lib/python3.10/site-packages/airflow/example_dags/example_dag_decorator.py for tasks to queue
[2023-08-02T11:13:36.238-0500] {logging_mixin.py:150} INFO - [2023-08-02T11:13:36.237-0500] {dagbag.py:541} INFO - Filling up the DagBag from /home/joha/anaconda3/lib/python3.10/site-packages/airflow/example_dags/example_dag_decorator.py
[2023-08-02T11:13:36.255-0500] {processor.py:836} INFO - DAG(s) dict_keys(['example_dag_decorator']) retrieved from /home/joha/anaconda3/lib/python3.10/site-packages/airflow/example_dags/example_dag_decorator.py
[2023-08-02T11:13:36.374-0500] {logging_mixin.py:150} INFO - [2023-08-02T11:13:36.374-0500] {dag.py:2742} INFO - Sync 1 DAGs
[2023-08-02T11:13:36.394-0500] {logging_mixin.py:150} INFO - [2023-08-02T11:13:36.394-0500] {dag.py:3504} INFO - Setting next_dagrun for example_dag_decorator to None, run_after=None
[2023-08-02T11:13:36.430-0500] {processor.py:179} INFO - Processing /home/joha/anaconda3/lib/python3.10/site-packages/airflow/example_dags/example_dag_decorator.py took 0.205 seconds
[2023-08-02T11:14:39.481-0500] {processor.py:157} INFO - Started process (PID=106066) to work on /home/joha/anaconda3/lib/python3.10/site-packages/airflow/example_dags/example_dag_decorator.py
[2023-08-02T11:14:39.489-0500] {processor.py:826} INFO - Processing file /home/joha/anaconda3/lib/python3.10/site-packages/airflow/example_dags/example_dag_decorator.py for tasks to queue
[2023-08-02T11:14:39.490-0500] {logging_mixin.py:150} INFO - [2023-08-02T11:14:39.489-0500] {dagbag.py:541} INFO - Filling up the DagBag from /home/joha/anaconda3/lib/python3.10/site-packages/airflow/example_dags/example_dag_decorator.py
[2023-08-02T11:14:39.506-0500] {processor.py:836} INFO - DAG(s) dict_keys(['example_dag_decorator']) retrieved from /home/joha/anaconda3/lib/python3.10/site-packages/airflow/example_dags/example_dag_decorator.py
[2023-08-02T11:14:39.745-0500] {logging_mixin.py:150} INFO - [2023-08-02T11:14:39.744-0500] {dag.py:2742} INFO - Sync 1 DAGs
[2023-08-02T11:14:39.763-0500] {logging_mixin.py:150} INFO - [2023-08-02T11:14:39.763-0500] {dag.py:3504} INFO - Setting next_dagrun for example_dag_decorator to None, run_after=None
[2023-08-02T11:14:39.795-0500] {processor.py:179} INFO - Processing /home/joha/anaconda3/lib/python3.10/site-packages/airflow/example_dags/example_dag_decorator.py took 0.317 seconds
[2023-08-02T11:15:46.702-0500] {processor.py:157} INFO - Started process (PID=106281) to work on /home/joha/anaconda3/lib/python3.10/site-packages/airflow/example_dags/example_dag_decorator.py
[2023-08-02T11:15:46.705-0500] {processor.py:826} INFO - Processing file /home/joha/anaconda3/lib/python3.10/site-packages/airflow/example_dags/example_dag_decorator.py for tasks to queue
[2023-08-02T11:15:46.710-0500] {logging_mixin.py:150} INFO - [2023-08-02T11:15:46.709-0500] {dagbag.py:541} INFO - Filling up the DagBag from /home/joha/anaconda3/lib/python3.10/site-packages/airflow/example_dags/example_dag_decorator.py
[2023-08-02T11:15:46.759-0500] {processor.py:836} INFO - DAG(s) dict_keys(['example_dag_decorator']) retrieved from /home/joha/anaconda3/lib/python3.10/site-packages/airflow/example_dags/example_dag_decorator.py
[2023-08-02T11:15:46.871-0500] {logging_mixin.py:150} INFO - [2023-08-02T11:15:46.871-0500] {dag.py:2742} INFO - Sync 1 DAGs
[2023-08-02T11:15:46.903-0500] {logging_mixin.py:150} INFO - [2023-08-02T11:15:46.902-0500] {dag.py:3504} INFO - Setting next_dagrun for example_dag_decorator to None, run_after=None
[2023-08-02T11:15:47.057-0500] {processor.py:179} INFO - Processing /home/joha/anaconda3/lib/python3.10/site-packages/airflow/example_dags/example_dag_decorator.py took 0.365 seconds
[2023-08-02T11:16:34.970-0500] {processor.py:157} INFO - Started process (PID=106404) to work on /home/joha/anaconda3/lib/python3.10/site-packages/airflow/example_dags/example_dag_decorator.py
[2023-08-02T11:16:34.979-0500] {processor.py:826} INFO - Processing file /home/joha/anaconda3/lib/python3.10/site-packages/airflow/example_dags/example_dag_decorator.py for tasks to queue
[2023-08-02T11:16:34.982-0500] {logging_mixin.py:150} INFO - [2023-08-02T11:16:34.981-0500] {dagbag.py:541} INFO - Filling up the DagBag from /home/joha/anaconda3/lib/python3.10/site-packages/airflow/example_dags/example_dag_decorator.py
[2023-08-02T11:16:35.030-0500] {processor.py:836} INFO - DAG(s) dict_keys(['example_dag_decorator']) retrieved from /home/joha/anaconda3/lib/python3.10/site-packages/airflow/example_dags/example_dag_decorator.py
[2023-08-02T11:16:35.263-0500] {logging_mixin.py:150} INFO - [2023-08-02T11:16:35.263-0500] {dag.py:2742} INFO - Sync 1 DAGs
[2023-08-02T11:16:35.288-0500] {logging_mixin.py:150} INFO - [2023-08-02T11:16:35.288-0500] {dag.py:3504} INFO - Setting next_dagrun for example_dag_decorator to None, run_after=None
[2023-08-02T11:16:35.316-0500] {processor.py:179} INFO - Processing /home/joha/anaconda3/lib/python3.10/site-packages/airflow/example_dags/example_dag_decorator.py took 0.356 seconds
[2023-08-02T11:17:20.611-0500] {processor.py:157} INFO - Started process (PID=106524) to work on /home/joha/anaconda3/lib/python3.10/site-packages/airflow/example_dags/example_dag_decorator.py
[2023-08-02T11:17:20.620-0500] {processor.py:826} INFO - Processing file /home/joha/anaconda3/lib/python3.10/site-packages/airflow/example_dags/example_dag_decorator.py for tasks to queue
[2023-08-02T11:17:20.623-0500] {logging_mixin.py:150} INFO - [2023-08-02T11:17:20.622-0500] {dagbag.py:541} INFO - Filling up the DagBag from /home/joha/anaconda3/lib/python3.10/site-packages/airflow/example_dags/example_dag_decorator.py
[2023-08-02T11:17:20.658-0500] {processor.py:836} INFO - DAG(s) dict_keys(['example_dag_decorator']) retrieved from /home/joha/anaconda3/lib/python3.10/site-packages/airflow/example_dags/example_dag_decorator.py
[2023-08-02T11:17:20.760-0500] {logging_mixin.py:150} INFO - [2023-08-02T11:17:20.760-0500] {dag.py:2742} INFO - Sync 1 DAGs
[2023-08-02T11:17:20.778-0500] {logging_mixin.py:150} INFO - [2023-08-02T11:17:20.778-0500] {dag.py:3504} INFO - Setting next_dagrun for example_dag_decorator to None, run_after=None
[2023-08-02T11:17:20.899-0500] {processor.py:179} INFO - Processing /home/joha/anaconda3/lib/python3.10/site-packages/airflow/example_dags/example_dag_decorator.py took 0.299 seconds
[2023-08-02T11:18:05.006-0500] {processor.py:157} INFO - Started process (PID=106666) to work on /home/joha/anaconda3/lib/python3.10/site-packages/airflow/example_dags/example_dag_decorator.py
[2023-08-02T11:18:05.016-0500] {processor.py:826} INFO - Processing file /home/joha/anaconda3/lib/python3.10/site-packages/airflow/example_dags/example_dag_decorator.py for tasks to queue
[2023-08-02T11:18:05.019-0500] {logging_mixin.py:150} INFO - [2023-08-02T11:18:05.018-0500] {dagbag.py:541} INFO - Filling up the DagBag from /home/joha/anaconda3/lib/python3.10/site-packages/airflow/example_dags/example_dag_decorator.py
[2023-08-02T11:18:05.068-0500] {processor.py:836} INFO - DAG(s) dict_keys(['example_dag_decorator']) retrieved from /home/joha/anaconda3/lib/python3.10/site-packages/airflow/example_dags/example_dag_decorator.py
[2023-08-02T11:18:05.291-0500] {logging_mixin.py:150} INFO - [2023-08-02T11:18:05.291-0500] {dag.py:2742} INFO - Sync 1 DAGs
[2023-08-02T11:18:05.308-0500] {logging_mixin.py:150} INFO - [2023-08-02T11:18:05.307-0500] {dag.py:3504} INFO - Setting next_dagrun for example_dag_decorator to None, run_after=None
[2023-08-02T11:18:05.334-0500] {processor.py:179} INFO - Processing /home/joha/anaconda3/lib/python3.10/site-packages/airflow/example_dags/example_dag_decorator.py took 0.341 seconds
[2023-08-02T11:18:52.044-0500] {processor.py:157} INFO - Started process (PID=106792) to work on /home/joha/anaconda3/lib/python3.10/site-packages/airflow/example_dags/example_dag_decorator.py
[2023-08-02T11:18:52.054-0500] {processor.py:826} INFO - Processing file /home/joha/anaconda3/lib/python3.10/site-packages/airflow/example_dags/example_dag_decorator.py for tasks to queue
[2023-08-02T11:18:52.057-0500] {logging_mixin.py:150} INFO - [2023-08-02T11:18:52.056-0500] {dagbag.py:541} INFO - Filling up the DagBag from /home/joha/anaconda3/lib/python3.10/site-packages/airflow/example_dags/example_dag_decorator.py
[2023-08-02T11:18:52.079-0500] {processor.py:836} INFO - DAG(s) dict_keys(['example_dag_decorator']) retrieved from /home/joha/anaconda3/lib/python3.10/site-packages/airflow/example_dags/example_dag_decorator.py
[2023-08-02T11:18:52.301-0500] {logging_mixin.py:150} INFO - [2023-08-02T11:18:52.300-0500] {dag.py:2742} INFO - Sync 1 DAGs
[2023-08-02T11:18:52.320-0500] {logging_mixin.py:150} INFO - [2023-08-02T11:18:52.320-0500] {dag.py:3504} INFO - Setting next_dagrun for example_dag_decorator to None, run_after=None
[2023-08-02T11:18:52.340-0500] {processor.py:179} INFO - Processing /home/joha/anaconda3/lib/python3.10/site-packages/airflow/example_dags/example_dag_decorator.py took 0.307 seconds
[2023-08-02T11:19:38.737-0500] {processor.py:157} INFO - Started process (PID=106900) to work on /home/joha/anaconda3/lib/python3.10/site-packages/airflow/example_dags/example_dag_decorator.py
[2023-08-02T11:19:38.745-0500] {processor.py:826} INFO - Processing file /home/joha/anaconda3/lib/python3.10/site-packages/airflow/example_dags/example_dag_decorator.py for tasks to queue
[2023-08-02T11:19:38.746-0500] {logging_mixin.py:150} INFO - [2023-08-02T11:19:38.745-0500] {dagbag.py:541} INFO - Filling up the DagBag from /home/joha/anaconda3/lib/python3.10/site-packages/airflow/example_dags/example_dag_decorator.py
[2023-08-02T11:19:38.765-0500] {processor.py:836} INFO - DAG(s) dict_keys(['example_dag_decorator']) retrieved from /home/joha/anaconda3/lib/python3.10/site-packages/airflow/example_dags/example_dag_decorator.py
[2023-08-02T11:19:39.073-0500] {logging_mixin.py:150} INFO - [2023-08-02T11:19:39.073-0500] {dag.py:2742} INFO - Sync 1 DAGs
[2023-08-02T11:19:39.094-0500] {logging_mixin.py:150} INFO - [2023-08-02T11:19:39.094-0500] {dag.py:3504} INFO - Setting next_dagrun for example_dag_decorator to None, run_after=None
[2023-08-02T11:19:39.117-0500] {processor.py:179} INFO - Processing /home/joha/anaconda3/lib/python3.10/site-packages/airflow/example_dags/example_dag_decorator.py took 0.383 seconds
[2023-08-02T11:20:28.988-0500] {processor.py:157} INFO - Started process (PID=107012) to work on /home/joha/anaconda3/lib/python3.10/site-packages/airflow/example_dags/example_dag_decorator.py
[2023-08-02T11:20:29.007-0500] {processor.py:826} INFO - Processing file /home/joha/anaconda3/lib/python3.10/site-packages/airflow/example_dags/example_dag_decorator.py for tasks to queue
[2023-08-02T11:20:29.009-0500] {logging_mixin.py:150} INFO - [2023-08-02T11:20:29.008-0500] {dagbag.py:541} INFO - Filling up the DagBag from /home/joha/anaconda3/lib/python3.10/site-packages/airflow/example_dags/example_dag_decorator.py
[2023-08-02T11:20:29.038-0500] {processor.py:836} INFO - DAG(s) dict_keys(['example_dag_decorator']) retrieved from /home/joha/anaconda3/lib/python3.10/site-packages/airflow/example_dags/example_dag_decorator.py
[2023-08-02T11:20:29.293-0500] {logging_mixin.py:150} INFO - [2023-08-02T11:20:29.292-0500] {dag.py:2742} INFO - Sync 1 DAGs
[2023-08-02T11:20:29.315-0500] {logging_mixin.py:150} INFO - [2023-08-02T11:20:29.315-0500] {dag.py:3504} INFO - Setting next_dagrun for example_dag_decorator to None, run_after=None
[2023-08-02T11:20:29.348-0500] {processor.py:179} INFO - Processing /home/joha/anaconda3/lib/python3.10/site-packages/airflow/example_dags/example_dag_decorator.py took 0.368 seconds
[2023-08-02T11:21:25.657-0500] {processor.py:157} INFO - Started process (PID=107128) to work on /home/joha/anaconda3/lib/python3.10/site-packages/airflow/example_dags/example_dag_decorator.py
[2023-08-02T11:21:25.665-0500] {processor.py:826} INFO - Processing file /home/joha/anaconda3/lib/python3.10/site-packages/airflow/example_dags/example_dag_decorator.py for tasks to queue
[2023-08-02T11:21:25.667-0500] {logging_mixin.py:150} INFO - [2023-08-02T11:21:25.666-0500] {dagbag.py:541} INFO - Filling up the DagBag from /home/joha/anaconda3/lib/python3.10/site-packages/airflow/example_dags/example_dag_decorator.py
[2023-08-02T11:21:25.693-0500] {processor.py:836} INFO - DAG(s) dict_keys(['example_dag_decorator']) retrieved from /home/joha/anaconda3/lib/python3.10/site-packages/airflow/example_dags/example_dag_decorator.py
[2023-08-02T11:21:25.920-0500] {logging_mixin.py:150} INFO - [2023-08-02T11:21:25.920-0500] {dag.py:2742} INFO - Sync 1 DAGs
[2023-08-02T11:21:25.938-0500] {logging_mixin.py:150} INFO - [2023-08-02T11:21:25.937-0500] {dag.py:3504} INFO - Setting next_dagrun for example_dag_decorator to None, run_after=None
[2023-08-02T11:21:25.958-0500] {processor.py:179} INFO - Processing /home/joha/anaconda3/lib/python3.10/site-packages/airflow/example_dags/example_dag_decorator.py took 0.310 seconds
[2023-08-02T11:22:25.397-0500] {processor.py:157} INFO - Started process (PID=107492) to work on /home/joha/anaconda3/lib/python3.10/site-packages/airflow/example_dags/example_dag_decorator.py
[2023-08-02T11:22:25.405-0500] {processor.py:826} INFO - Processing file /home/joha/anaconda3/lib/python3.10/site-packages/airflow/example_dags/example_dag_decorator.py for tasks to queue
[2023-08-02T11:22:25.406-0500] {logging_mixin.py:150} INFO - [2023-08-02T11:22:25.406-0500] {dagbag.py:541} INFO - Filling up the DagBag from /home/joha/anaconda3/lib/python3.10/site-packages/airflow/example_dags/example_dag_decorator.py
[2023-08-02T11:22:25.428-0500] {processor.py:836} INFO - DAG(s) dict_keys(['example_dag_decorator']) retrieved from /home/joha/anaconda3/lib/python3.10/site-packages/airflow/example_dags/example_dag_decorator.py
[2023-08-02T11:22:25.700-0500] {logging_mixin.py:150} INFO - [2023-08-02T11:22:25.700-0500] {dag.py:2742} INFO - Sync 1 DAGs
[2023-08-02T11:22:25.724-0500] {logging_mixin.py:150} INFO - [2023-08-02T11:22:25.724-0500] {dag.py:3504} INFO - Setting next_dagrun for example_dag_decorator to None, run_after=None
[2023-08-02T11:22:25.750-0500] {processor.py:179} INFO - Processing /home/joha/anaconda3/lib/python3.10/site-packages/airflow/example_dags/example_dag_decorator.py took 0.357 seconds
[2023-08-02T11:23:47.244-0500] {processor.py:157} INFO - Started process (PID=108145) to work on /home/joha/anaconda3/lib/python3.10/site-packages/airflow/example_dags/example_dag_decorator.py
[2023-08-02T11:23:47.251-0500] {processor.py:826} INFO - Processing file /home/joha/anaconda3/lib/python3.10/site-packages/airflow/example_dags/example_dag_decorator.py for tasks to queue
[2023-08-02T11:23:47.253-0500] {logging_mixin.py:150} INFO - [2023-08-02T11:23:47.252-0500] {dagbag.py:541} INFO - Filling up the DagBag from /home/joha/anaconda3/lib/python3.10/site-packages/airflow/example_dags/example_dag_decorator.py
[2023-08-02T11:23:47.272-0500] {processor.py:836} INFO - DAG(s) dict_keys(['example_dag_decorator']) retrieved from /home/joha/anaconda3/lib/python3.10/site-packages/airflow/example_dags/example_dag_decorator.py
[2023-08-02T11:23:47.533-0500] {logging_mixin.py:150} INFO - [2023-08-02T11:23:47.533-0500] {dag.py:2742} INFO - Sync 1 DAGs
[2023-08-02T11:23:47.555-0500] {logging_mixin.py:150} INFO - [2023-08-02T11:23:47.554-0500] {dag.py:3504} INFO - Setting next_dagrun for example_dag_decorator to None, run_after=None
[2023-08-02T11:23:47.588-0500] {processor.py:179} INFO - Processing /home/joha/anaconda3/lib/python3.10/site-packages/airflow/example_dags/example_dag_decorator.py took 0.348 seconds
[2023-08-02T11:25:19.924-0500] {processor.py:157} INFO - Started process (PID=108380) to work on /home/joha/anaconda3/lib/python3.10/site-packages/airflow/example_dags/example_dag_decorator.py
[2023-08-02T11:25:19.932-0500] {processor.py:826} INFO - Processing file /home/joha/anaconda3/lib/python3.10/site-packages/airflow/example_dags/example_dag_decorator.py for tasks to queue
[2023-08-02T11:25:19.934-0500] {logging_mixin.py:150} INFO - [2023-08-02T11:25:19.933-0500] {dagbag.py:541} INFO - Filling up the DagBag from /home/joha/anaconda3/lib/python3.10/site-packages/airflow/example_dags/example_dag_decorator.py
[2023-08-02T11:25:19.964-0500] {processor.py:836} INFO - DAG(s) dict_keys(['example_dag_decorator']) retrieved from /home/joha/anaconda3/lib/python3.10/site-packages/airflow/example_dags/example_dag_decorator.py
[2023-08-02T11:25:20.256-0500] {logging_mixin.py:150} INFO - [2023-08-02T11:25:20.256-0500] {dag.py:2742} INFO - Sync 1 DAGs
[2023-08-02T11:25:20.281-0500] {logging_mixin.py:150} INFO - [2023-08-02T11:25:20.280-0500] {dag.py:3504} INFO - Setting next_dagrun for example_dag_decorator to None, run_after=None
[2023-08-02T11:25:20.307-0500] {processor.py:179} INFO - Processing /home/joha/anaconda3/lib/python3.10/site-packages/airflow/example_dags/example_dag_decorator.py took 0.394 seconds
[2023-08-02T11:26:15.548-0500] {processor.py:157} INFO - Started process (PID=108467) to work on /home/joha/anaconda3/lib/python3.10/site-packages/airflow/example_dags/example_dag_decorator.py
[2023-08-02T11:26:15.556-0500] {processor.py:826} INFO - Processing file /home/joha/anaconda3/lib/python3.10/site-packages/airflow/example_dags/example_dag_decorator.py for tasks to queue
[2023-08-02T11:26:15.560-0500] {logging_mixin.py:150} INFO - [2023-08-02T11:26:15.558-0500] {dagbag.py:541} INFO - Filling up the DagBag from /home/joha/anaconda3/lib/python3.10/site-packages/airflow/example_dags/example_dag_decorator.py
[2023-08-02T11:26:15.623-0500] {processor.py:836} INFO - DAG(s) dict_keys(['example_dag_decorator']) retrieved from /home/joha/anaconda3/lib/python3.10/site-packages/airflow/example_dags/example_dag_decorator.py
[2023-08-02T11:26:15.849-0500] {logging_mixin.py:150} INFO - [2023-08-02T11:26:15.849-0500] {dag.py:2742} INFO - Sync 1 DAGs
[2023-08-02T11:26:15.867-0500] {logging_mixin.py:150} INFO - [2023-08-02T11:26:15.867-0500] {dag.py:3504} INFO - Setting next_dagrun for example_dag_decorator to None, run_after=None
[2023-08-02T11:26:15.889-0500] {processor.py:179} INFO - Processing /home/joha/anaconda3/lib/python3.10/site-packages/airflow/example_dags/example_dag_decorator.py took 0.345 seconds
