[2023-08-01T20:25:47.426-0500] {processor.py:157} INFO - Started process (PID=99568) to work on /home/joha/anaconda3/lib/python3.10/site-packages/airflow/example_dags/example_dynamic_task_mapping.py
[2023-08-01T20:25:47.427-0500] {processor.py:826} INFO - Processing file /home/joha/anaconda3/lib/python3.10/site-packages/airflow/example_dags/example_dynamic_task_mapping.py for tasks to queue
[2023-08-01T20:25:47.428-0500] {logging_mixin.py:150} INFO - [2023-08-01T20:25:47.427-0500] {dagbag.py:541} INFO - Filling up the DagBag from /home/joha/anaconda3/lib/python3.10/site-packages/airflow/example_dags/example_dynamic_task_mapping.py
[2023-08-01T20:25:47.437-0500] {processor.py:836} INFO - DAG(s) dict_keys(['example_dynamic_task_mapping']) retrieved from /home/joha/anaconda3/lib/python3.10/site-packages/airflow/example_dags/example_dynamic_task_mapping.py
[2023-08-01T20:25:47.455-0500] {logging_mixin.py:150} INFO - [2023-08-01T20:25:47.455-0500] {dag.py:2742} INFO - Sync 1 DAGs
[2023-08-01T20:25:47.475-0500] {logging_mixin.py:150} INFO - [2023-08-01T20:25:47.475-0500] {dag.py:3504} INFO - Setting next_dagrun for example_dynamic_task_mapping to 2022-03-04T00:00:00+00:00, run_after=2022-03-05T00:00:00+00:00
[2023-08-01T20:25:47.506-0500] {processor.py:179} INFO - Processing /home/joha/anaconda3/lib/python3.10/site-packages/airflow/example_dags/example_dynamic_task_mapping.py took 0.084 seconds
[2023-08-01T20:26:38.900-0500] {processor.py:157} INFO - Started process (PID=99706) to work on /home/joha/anaconda3/lib/python3.10/site-packages/airflow/example_dags/example_dynamic_task_mapping.py
[2023-08-01T20:26:38.933-0500] {processor.py:826} INFO - Processing file /home/joha/anaconda3/lib/python3.10/site-packages/airflow/example_dags/example_dynamic_task_mapping.py for tasks to queue
[2023-08-01T20:26:38.935-0500] {logging_mixin.py:150} INFO - [2023-08-01T20:26:38.934-0500] {dagbag.py:541} INFO - Filling up the DagBag from /home/joha/anaconda3/lib/python3.10/site-packages/airflow/example_dags/example_dynamic_task_mapping.py
[2023-08-01T20:26:38.954-0500] {processor.py:836} INFO - DAG(s) dict_keys(['example_dynamic_task_mapping']) retrieved from /home/joha/anaconda3/lib/python3.10/site-packages/airflow/example_dags/example_dynamic_task_mapping.py
[2023-08-01T20:26:38.983-0500] {logging_mixin.py:150} INFO - [2023-08-01T20:26:38.983-0500] {dag.py:2742} INFO - Sync 1 DAGs
[2023-08-01T20:26:39.004-0500] {logging_mixin.py:150} INFO - [2023-08-01T20:26:39.004-0500] {dag.py:3504} INFO - Setting next_dagrun for example_dynamic_task_mapping to 2022-03-04T00:00:00+00:00, run_after=2022-03-05T00:00:00+00:00
[2023-08-01T20:26:39.025-0500] {processor.py:179} INFO - Processing /home/joha/anaconda3/lib/python3.10/site-packages/airflow/example_dags/example_dynamic_task_mapping.py took 0.137 seconds
[2023-08-02T11:08:55.695-0500] {processor.py:157} INFO - Started process (PID=105266) to work on /home/joha/anaconda3/lib/python3.10/site-packages/airflow/example_dags/example_dynamic_task_mapping.py
[2023-08-02T11:08:55.703-0500] {processor.py:826} INFO - Processing file /home/joha/anaconda3/lib/python3.10/site-packages/airflow/example_dags/example_dynamic_task_mapping.py for tasks to queue
[2023-08-02T11:08:55.704-0500] {logging_mixin.py:150} INFO - [2023-08-02T11:08:55.703-0500] {dagbag.py:541} INFO - Filling up the DagBag from /home/joha/anaconda3/lib/python3.10/site-packages/airflow/example_dags/example_dynamic_task_mapping.py
[2023-08-02T11:08:55.712-0500] {processor.py:836} INFO - DAG(s) dict_keys(['example_dynamic_task_mapping']) retrieved from /home/joha/anaconda3/lib/python3.10/site-packages/airflow/example_dags/example_dynamic_task_mapping.py
[2023-08-02T11:08:55.735-0500] {logging_mixin.py:150} INFO - [2023-08-02T11:08:55.735-0500] {dag.py:2742} INFO - Sync 1 DAGs
[2023-08-02T11:08:55.757-0500] {logging_mixin.py:150} INFO - [2023-08-02T11:08:55.756-0500] {dag.py:3504} INFO - Setting next_dagrun for example_dynamic_task_mapping to 2022-03-04T00:00:00+00:00, run_after=2022-03-05T00:00:00+00:00
[2023-08-02T11:08:55.779-0500] {processor.py:179} INFO - Processing /home/joha/anaconda3/lib/python3.10/site-packages/airflow/example_dags/example_dynamic_task_mapping.py took 0.087 seconds
[2023-08-02T11:09:50.921-0500] {processor.py:157} INFO - Started process (PID=105393) to work on /home/joha/anaconda3/lib/python3.10/site-packages/airflow/example_dags/example_dynamic_task_mapping.py
[2023-08-02T11:09:50.929-0500] {processor.py:826} INFO - Processing file /home/joha/anaconda3/lib/python3.10/site-packages/airflow/example_dags/example_dynamic_task_mapping.py for tasks to queue
[2023-08-02T11:09:50.930-0500] {logging_mixin.py:150} INFO - [2023-08-02T11:09:50.929-0500] {dagbag.py:541} INFO - Filling up the DagBag from /home/joha/anaconda3/lib/python3.10/site-packages/airflow/example_dags/example_dynamic_task_mapping.py
[2023-08-02T11:09:50.938-0500] {processor.py:836} INFO - DAG(s) dict_keys(['example_dynamic_task_mapping']) retrieved from /home/joha/anaconda3/lib/python3.10/site-packages/airflow/example_dags/example_dynamic_task_mapping.py
[2023-08-02T11:09:50.956-0500] {logging_mixin.py:150} INFO - [2023-08-02T11:09:50.956-0500] {dag.py:2742} INFO - Sync 1 DAGs
[2023-08-02T11:09:50.979-0500] {logging_mixin.py:150} INFO - [2023-08-02T11:09:50.978-0500] {dag.py:3504} INFO - Setting next_dagrun for example_dynamic_task_mapping to 2022-03-04T00:00:00+00:00, run_after=2022-03-05T00:00:00+00:00
[2023-08-02T11:09:51.000-0500] {processor.py:179} INFO - Processing /home/joha/anaconda3/lib/python3.10/site-packages/airflow/example_dags/example_dynamic_task_mapping.py took 0.082 seconds
[2023-08-02T11:10:59.707-0500] {processor.py:157} INFO - Started process (PID=105613) to work on /home/joha/anaconda3/lib/python3.10/site-packages/airflow/example_dags/example_dynamic_task_mapping.py
[2023-08-02T11:10:59.715-0500] {processor.py:826} INFO - Processing file /home/joha/anaconda3/lib/python3.10/site-packages/airflow/example_dags/example_dynamic_task_mapping.py for tasks to queue
[2023-08-02T11:10:59.716-0500] {logging_mixin.py:150} INFO - [2023-08-02T11:10:59.716-0500] {dagbag.py:541} INFO - Filling up the DagBag from /home/joha/anaconda3/lib/python3.10/site-packages/airflow/example_dags/example_dynamic_task_mapping.py
[2023-08-02T11:10:59.725-0500] {processor.py:836} INFO - DAG(s) dict_keys(['example_dynamic_task_mapping']) retrieved from /home/joha/anaconda3/lib/python3.10/site-packages/airflow/example_dags/example_dynamic_task_mapping.py
[2023-08-02T11:10:59.747-0500] {logging_mixin.py:150} INFO - [2023-08-02T11:10:59.747-0500] {dag.py:2742} INFO - Sync 1 DAGs
[2023-08-02T11:10:59.771-0500] {logging_mixin.py:150} INFO - [2023-08-02T11:10:59.771-0500] {dag.py:3504} INFO - Setting next_dagrun for example_dynamic_task_mapping to 2022-03-04T00:00:00+00:00, run_after=2022-03-05T00:00:00+00:00
[2023-08-02T11:10:59.796-0500] {processor.py:179} INFO - Processing /home/joha/anaconda3/lib/python3.10/site-packages/airflow/example_dags/example_dynamic_task_mapping.py took 0.092 seconds
[2023-08-02T11:12:10.787-0500] {processor.py:157} INFO - Started process (PID=105818) to work on /home/joha/anaconda3/lib/python3.10/site-packages/airflow/example_dags/example_dynamic_task_mapping.py
[2023-08-02T11:12:10.796-0500] {processor.py:826} INFO - Processing file /home/joha/anaconda3/lib/python3.10/site-packages/airflow/example_dags/example_dynamic_task_mapping.py for tasks to queue
[2023-08-02T11:12:10.798-0500] {logging_mixin.py:150} INFO - [2023-08-02T11:12:10.797-0500] {dagbag.py:541} INFO - Filling up the DagBag from /home/joha/anaconda3/lib/python3.10/site-packages/airflow/example_dags/example_dynamic_task_mapping.py
[2023-08-02T11:12:10.815-0500] {processor.py:836} INFO - DAG(s) dict_keys(['example_dynamic_task_mapping']) retrieved from /home/joha/anaconda3/lib/python3.10/site-packages/airflow/example_dags/example_dynamic_task_mapping.py
[2023-08-02T11:12:10.834-0500] {logging_mixin.py:150} INFO - [2023-08-02T11:12:10.834-0500] {dag.py:2742} INFO - Sync 1 DAGs
[2023-08-02T11:12:10.855-0500] {logging_mixin.py:150} INFO - [2023-08-02T11:12:10.855-0500] {dag.py:3504} INFO - Setting next_dagrun for example_dynamic_task_mapping to 2022-03-04T00:00:00+00:00, run_after=2022-03-05T00:00:00+00:00
[2023-08-02T11:12:10.876-0500] {processor.py:179} INFO - Processing /home/joha/anaconda3/lib/python3.10/site-packages/airflow/example_dags/example_dynamic_task_mapping.py took 0.094 seconds
[2023-08-02T11:13:14.414-0500] {processor.py:157} INFO - Started process (PID=105947) to work on /home/joha/anaconda3/lib/python3.10/site-packages/airflow/example_dags/example_dynamic_task_mapping.py
[2023-08-02T11:13:14.422-0500] {processor.py:826} INFO - Processing file /home/joha/anaconda3/lib/python3.10/site-packages/airflow/example_dags/example_dynamic_task_mapping.py for tasks to queue
[2023-08-02T11:13:14.423-0500] {logging_mixin.py:150} INFO - [2023-08-02T11:13:14.422-0500] {dagbag.py:541} INFO - Filling up the DagBag from /home/joha/anaconda3/lib/python3.10/site-packages/airflow/example_dags/example_dynamic_task_mapping.py
[2023-08-02T11:13:14.431-0500] {processor.py:836} INFO - DAG(s) dict_keys(['example_dynamic_task_mapping']) retrieved from /home/joha/anaconda3/lib/python3.10/site-packages/airflow/example_dags/example_dynamic_task_mapping.py
[2023-08-02T11:13:14.453-0500] {logging_mixin.py:150} INFO - [2023-08-02T11:13:14.453-0500] {dag.py:2742} INFO - Sync 1 DAGs
[2023-08-02T11:13:14.477-0500] {logging_mixin.py:150} INFO - [2023-08-02T11:13:14.477-0500] {dag.py:3504} INFO - Setting next_dagrun for example_dynamic_task_mapping to 2022-03-04T00:00:00+00:00, run_after=2022-03-05T00:00:00+00:00
[2023-08-02T11:13:14.500-0500] {processor.py:179} INFO - Processing /home/joha/anaconda3/lib/python3.10/site-packages/airflow/example_dags/example_dynamic_task_mapping.py took 0.090 seconds
[2023-08-02T11:14:15.547-0500] {processor.py:157} INFO - Started process (PID=106041) to work on /home/joha/anaconda3/lib/python3.10/site-packages/airflow/example_dags/example_dynamic_task_mapping.py
[2023-08-02T11:14:15.555-0500] {processor.py:826} INFO - Processing file /home/joha/anaconda3/lib/python3.10/site-packages/airflow/example_dags/example_dynamic_task_mapping.py for tasks to queue
[2023-08-02T11:14:15.556-0500] {logging_mixin.py:150} INFO - [2023-08-02T11:14:15.555-0500] {dagbag.py:541} INFO - Filling up the DagBag from /home/joha/anaconda3/lib/python3.10/site-packages/airflow/example_dags/example_dynamic_task_mapping.py
[2023-08-02T11:14:15.563-0500] {processor.py:836} INFO - DAG(s) dict_keys(['example_dynamic_task_mapping']) retrieved from /home/joha/anaconda3/lib/python3.10/site-packages/airflow/example_dags/example_dynamic_task_mapping.py
[2023-08-02T11:14:15.586-0500] {logging_mixin.py:150} INFO - [2023-08-02T11:14:15.585-0500] {dag.py:2742} INFO - Sync 1 DAGs
[2023-08-02T11:14:15.612-0500] {logging_mixin.py:150} INFO - [2023-08-02T11:14:15.611-0500] {dag.py:3504} INFO - Setting next_dagrun for example_dynamic_task_mapping to 2022-03-04T00:00:00+00:00, run_after=2022-03-05T00:00:00+00:00
[2023-08-02T11:14:15.634-0500] {processor.py:179} INFO - Processing /home/joha/anaconda3/lib/python3.10/site-packages/airflow/example_dags/example_dynamic_task_mapping.py took 0.090 seconds
[2023-08-02T11:15:26.543-0500] {processor.py:157} INFO - Started process (PID=106220) to work on /home/joha/anaconda3/lib/python3.10/site-packages/airflow/example_dags/example_dynamic_task_mapping.py
[2023-08-02T11:15:26.544-0500] {processor.py:826} INFO - Processing file /home/joha/anaconda3/lib/python3.10/site-packages/airflow/example_dags/example_dynamic_task_mapping.py for tasks to queue
[2023-08-02T11:15:26.545-0500] {logging_mixin.py:150} INFO - [2023-08-02T11:15:26.545-0500] {dagbag.py:541} INFO - Filling up the DagBag from /home/joha/anaconda3/lib/python3.10/site-packages/airflow/example_dags/example_dynamic_task_mapping.py
[2023-08-02T11:15:26.552-0500] {processor.py:836} INFO - DAG(s) dict_keys(['example_dynamic_task_mapping']) retrieved from /home/joha/anaconda3/lib/python3.10/site-packages/airflow/example_dags/example_dynamic_task_mapping.py
[2023-08-02T11:15:26.570-0500] {logging_mixin.py:150} INFO - [2023-08-02T11:15:26.570-0500] {dag.py:2742} INFO - Sync 1 DAGs
[2023-08-02T11:15:26.589-0500] {logging_mixin.py:150} INFO - [2023-08-02T11:15:26.589-0500] {dag.py:3504} INFO - Setting next_dagrun for example_dynamic_task_mapping to 2022-03-04T00:00:00+00:00, run_after=2022-03-05T00:00:00+00:00
[2023-08-02T11:15:26.610-0500] {processor.py:179} INFO - Processing /home/joha/anaconda3/lib/python3.10/site-packages/airflow/example_dags/example_dynamic_task_mapping.py took 0.069 seconds
[2023-08-02T11:16:19.590-0500] {processor.py:157} INFO - Started process (PID=106364) to work on /home/joha/anaconda3/lib/python3.10/site-packages/airflow/example_dags/example_dynamic_task_mapping.py
[2023-08-02T11:16:19.599-0500] {processor.py:826} INFO - Processing file /home/joha/anaconda3/lib/python3.10/site-packages/airflow/example_dags/example_dynamic_task_mapping.py for tasks to queue
[2023-08-02T11:16:19.602-0500] {logging_mixin.py:150} INFO - [2023-08-02T11:16:19.601-0500] {dagbag.py:541} INFO - Filling up the DagBag from /home/joha/anaconda3/lib/python3.10/site-packages/airflow/example_dags/example_dynamic_task_mapping.py
[2023-08-02T11:16:19.621-0500] {processor.py:836} INFO - DAG(s) dict_keys(['example_dynamic_task_mapping']) retrieved from /home/joha/anaconda3/lib/python3.10/site-packages/airflow/example_dags/example_dynamic_task_mapping.py
[2023-08-02T11:16:19.642-0500] {logging_mixin.py:150} INFO - [2023-08-02T11:16:19.641-0500] {dag.py:2742} INFO - Sync 1 DAGs
[2023-08-02T11:16:19.661-0500] {logging_mixin.py:150} INFO - [2023-08-02T11:16:19.661-0500] {dag.py:3504} INFO - Setting next_dagrun for example_dynamic_task_mapping to 2022-03-04T00:00:00+00:00, run_after=2022-03-05T00:00:00+00:00
[2023-08-02T11:16:19.683-0500] {processor.py:179} INFO - Processing /home/joha/anaconda3/lib/python3.10/site-packages/airflow/example_dags/example_dynamic_task_mapping.py took 0.098 seconds
[2023-08-02T11:17:28.226-0500] {processor.py:157} INFO - Started process (PID=106551) to work on /home/joha/anaconda3/lib/python3.10/site-packages/airflow/example_dags/example_dynamic_task_mapping.py
[2023-08-02T11:17:28.234-0500] {processor.py:826} INFO - Processing file /home/joha/anaconda3/lib/python3.10/site-packages/airflow/example_dags/example_dynamic_task_mapping.py for tasks to queue
[2023-08-02T11:17:28.237-0500] {logging_mixin.py:150} INFO - [2023-08-02T11:17:28.236-0500] {dagbag.py:541} INFO - Filling up the DagBag from /home/joha/anaconda3/lib/python3.10/site-packages/airflow/example_dags/example_dynamic_task_mapping.py
[2023-08-02T11:17:28.251-0500] {processor.py:836} INFO - DAG(s) dict_keys(['example_dynamic_task_mapping']) retrieved from /home/joha/anaconda3/lib/python3.10/site-packages/airflow/example_dags/example_dynamic_task_mapping.py
[2023-08-02T11:17:28.269-0500] {logging_mixin.py:150} INFO - [2023-08-02T11:17:28.269-0500] {dag.py:2742} INFO - Sync 1 DAGs
[2023-08-02T11:17:28.288-0500] {logging_mixin.py:150} INFO - [2023-08-02T11:17:28.288-0500] {dag.py:3504} INFO - Setting next_dagrun for example_dynamic_task_mapping to 2022-03-04T00:00:00+00:00, run_after=2022-03-05T00:00:00+00:00
[2023-08-02T11:17:28.308-0500] {processor.py:179} INFO - Processing /home/joha/anaconda3/lib/python3.10/site-packages/airflow/example_dags/example_dynamic_task_mapping.py took 0.089 seconds
[2023-08-02T11:18:32.664-0500] {processor.py:157} INFO - Started process (PID=106742) to work on /home/joha/anaconda3/lib/python3.10/site-packages/airflow/example_dags/example_dynamic_task_mapping.py
[2023-08-02T11:18:32.675-0500] {processor.py:826} INFO - Processing file /home/joha/anaconda3/lib/python3.10/site-packages/airflow/example_dags/example_dynamic_task_mapping.py for tasks to queue
[2023-08-02T11:18:32.679-0500] {logging_mixin.py:150} INFO - [2023-08-02T11:18:32.678-0500] {dagbag.py:541} INFO - Filling up the DagBag from /home/joha/anaconda3/lib/python3.10/site-packages/airflow/example_dags/example_dynamic_task_mapping.py
[2023-08-02T11:18:32.706-0500] {processor.py:836} INFO - DAG(s) dict_keys(['example_dynamic_task_mapping']) retrieved from /home/joha/anaconda3/lib/python3.10/site-packages/airflow/example_dags/example_dynamic_task_mapping.py
[2023-08-02T11:18:32.731-0500] {logging_mixin.py:150} INFO - [2023-08-02T11:18:32.731-0500] {dag.py:2742} INFO - Sync 1 DAGs
[2023-08-02T11:18:32.752-0500] {logging_mixin.py:150} INFO - [2023-08-02T11:18:32.752-0500] {dag.py:3504} INFO - Setting next_dagrun for example_dynamic_task_mapping to 2022-03-04T00:00:00+00:00, run_after=2022-03-05T00:00:00+00:00
[2023-08-02T11:18:32.773-0500] {processor.py:179} INFO - Processing /home/joha/anaconda3/lib/python3.10/site-packages/airflow/example_dags/example_dynamic_task_mapping.py took 0.128 seconds
[2023-08-02T11:19:45.348-0500] {processor.py:157} INFO - Started process (PID=106907) to work on /home/joha/anaconda3/lib/python3.10/site-packages/airflow/example_dags/example_dynamic_task_mapping.py
[2023-08-02T11:19:45.356-0500] {processor.py:826} INFO - Processing file /home/joha/anaconda3/lib/python3.10/site-packages/airflow/example_dags/example_dynamic_task_mapping.py for tasks to queue
[2023-08-02T11:19:45.357-0500] {logging_mixin.py:150} INFO - [2023-08-02T11:19:45.356-0500] {dagbag.py:541} INFO - Filling up the DagBag from /home/joha/anaconda3/lib/python3.10/site-packages/airflow/example_dags/example_dynamic_task_mapping.py
[2023-08-02T11:19:45.365-0500] {processor.py:836} INFO - DAG(s) dict_keys(['example_dynamic_task_mapping']) retrieved from /home/joha/anaconda3/lib/python3.10/site-packages/airflow/example_dags/example_dynamic_task_mapping.py
[2023-08-02T11:19:45.384-0500] {logging_mixin.py:150} INFO - [2023-08-02T11:19:45.384-0500] {dag.py:2742} INFO - Sync 1 DAGs
[2023-08-02T11:19:45.404-0500] {logging_mixin.py:150} INFO - [2023-08-02T11:19:45.403-0500] {dag.py:3504} INFO - Setting next_dagrun for example_dynamic_task_mapping to 2022-03-04T00:00:00+00:00, run_after=2022-03-05T00:00:00+00:00
[2023-08-02T11:19:45.424-0500] {processor.py:179} INFO - Processing /home/joha/anaconda3/lib/python3.10/site-packages/airflow/example_dags/example_dynamic_task_mapping.py took 0.080 seconds
[2023-08-02T11:21:03.573-0500] {processor.py:157} INFO - Started process (PID=107102) to work on /home/joha/anaconda3/lib/python3.10/site-packages/airflow/example_dags/example_dynamic_task_mapping.py
[2023-08-02T11:21:03.578-0500] {processor.py:826} INFO - Processing file /home/joha/anaconda3/lib/python3.10/site-packages/airflow/example_dags/example_dynamic_task_mapping.py for tasks to queue
[2023-08-02T11:21:03.579-0500] {logging_mixin.py:150} INFO - [2023-08-02T11:21:03.579-0500] {dagbag.py:541} INFO - Filling up the DagBag from /home/joha/anaconda3/lib/python3.10/site-packages/airflow/example_dags/example_dynamic_task_mapping.py
[2023-08-02T11:21:03.588-0500] {processor.py:836} INFO - DAG(s) dict_keys(['example_dynamic_task_mapping']) retrieved from /home/joha/anaconda3/lib/python3.10/site-packages/airflow/example_dags/example_dynamic_task_mapping.py
[2023-08-02T11:21:03.607-0500] {logging_mixin.py:150} INFO - [2023-08-02T11:21:03.607-0500] {dag.py:2742} INFO - Sync 1 DAGs
[2023-08-02T11:21:03.750-0500] {logging_mixin.py:150} INFO - [2023-08-02T11:21:03.632-0500] {dag.py:3504} INFO - Setting next_dagrun for example_dynamic_task_mapping to 2022-03-04T00:00:00+00:00, run_after=2022-03-05T00:00:00+00:00
[2023-08-02T11:21:04.039-0500] {processor.py:179} INFO - Processing /home/joha/anaconda3/lib/python3.10/site-packages/airflow/example_dags/example_dynamic_task_mapping.py took 0.469 seconds
[2023-08-02T11:22:06.675-0500] {processor.py:157} INFO - Started process (PID=107386) to work on /home/joha/anaconda3/lib/python3.10/site-packages/airflow/example_dags/example_dynamic_task_mapping.py
[2023-08-02T11:22:06.684-0500] {processor.py:826} INFO - Processing file /home/joha/anaconda3/lib/python3.10/site-packages/airflow/example_dags/example_dynamic_task_mapping.py for tasks to queue
[2023-08-02T11:22:06.688-0500] {logging_mixin.py:150} INFO - [2023-08-02T11:22:06.687-0500] {dagbag.py:541} INFO - Filling up the DagBag from /home/joha/anaconda3/lib/python3.10/site-packages/airflow/example_dags/example_dynamic_task_mapping.py
[2023-08-02T11:22:06.711-0500] {processor.py:836} INFO - DAG(s) dict_keys(['example_dynamic_task_mapping']) retrieved from /home/joha/anaconda3/lib/python3.10/site-packages/airflow/example_dags/example_dynamic_task_mapping.py
[2023-08-02T11:22:06.736-0500] {logging_mixin.py:150} INFO - [2023-08-02T11:22:06.736-0500] {dag.py:2742} INFO - Sync 1 DAGs
[2023-08-02T11:22:06.759-0500] {logging_mixin.py:150} INFO - [2023-08-02T11:22:06.759-0500] {dag.py:3504} INFO - Setting next_dagrun for example_dynamic_task_mapping to 2022-03-04T00:00:00+00:00, run_after=2022-03-05T00:00:00+00:00
[2023-08-02T11:22:06.779-0500] {processor.py:179} INFO - Processing /home/joha/anaconda3/lib/python3.10/site-packages/airflow/example_dags/example_dynamic_task_mapping.py took 0.114 seconds
[2023-08-02T11:23:18.855-0500] {processor.py:157} INFO - Started process (PID=108026) to work on /home/joha/anaconda3/lib/python3.10/site-packages/airflow/example_dags/example_dynamic_task_mapping.py
[2023-08-02T11:23:18.857-0500] {processor.py:826} INFO - Processing file /home/joha/anaconda3/lib/python3.10/site-packages/airflow/example_dags/example_dynamic_task_mapping.py for tasks to queue
[2023-08-02T11:23:18.861-0500] {logging_mixin.py:150} INFO - [2023-08-02T11:23:18.861-0500] {dagbag.py:541} INFO - Filling up the DagBag from /home/joha/anaconda3/lib/python3.10/site-packages/airflow/example_dags/example_dynamic_task_mapping.py
[2023-08-02T11:23:18.890-0500] {processor.py:836} INFO - DAG(s) dict_keys(['example_dynamic_task_mapping']) retrieved from /home/joha/anaconda3/lib/python3.10/site-packages/airflow/example_dags/example_dynamic_task_mapping.py
[2023-08-02T11:23:19.032-0500] {logging_mixin.py:150} INFO - [2023-08-02T11:23:19.032-0500] {dag.py:2742} INFO - Sync 1 DAGs
[2023-08-02T11:23:19.071-0500] {logging_mixin.py:150} INFO - [2023-08-02T11:23:19.070-0500] {dag.py:3504} INFO - Setting next_dagrun for example_dynamic_task_mapping to 2022-03-04T00:00:00+00:00, run_after=2022-03-05T00:00:00+00:00
[2023-08-02T11:23:19.136-0500] {processor.py:179} INFO - Processing /home/joha/anaconda3/lib/python3.10/site-packages/airflow/example_dags/example_dynamic_task_mapping.py took 0.289 seconds
[2023-08-02T11:24:49.760-0500] {processor.py:157} INFO - Started process (PID=108310) to work on /home/joha/anaconda3/lib/python3.10/site-packages/airflow/example_dags/example_dynamic_task_mapping.py
[2023-08-02T11:24:49.769-0500] {processor.py:826} INFO - Processing file /home/joha/anaconda3/lib/python3.10/site-packages/airflow/example_dags/example_dynamic_task_mapping.py for tasks to queue
[2023-08-02T11:24:49.772-0500] {logging_mixin.py:150} INFO - [2023-08-02T11:24:49.771-0500] {dagbag.py:541} INFO - Filling up the DagBag from /home/joha/anaconda3/lib/python3.10/site-packages/airflow/example_dags/example_dynamic_task_mapping.py
[2023-08-02T11:24:49.798-0500] {processor.py:836} INFO - DAG(s) dict_keys(['example_dynamic_task_mapping']) retrieved from /home/joha/anaconda3/lib/python3.10/site-packages/airflow/example_dags/example_dynamic_task_mapping.py
[2023-08-02T11:24:49.842-0500] {logging_mixin.py:150} INFO - [2023-08-02T11:24:49.841-0500] {dag.py:2742} INFO - Sync 1 DAGs
[2023-08-02T11:24:49.864-0500] {logging_mixin.py:150} INFO - [2023-08-02T11:24:49.864-0500] {dag.py:3504} INFO - Setting next_dagrun for example_dynamic_task_mapping to 2022-03-04T00:00:00+00:00, run_after=2022-03-05T00:00:00+00:00
[2023-08-02T11:24:49.885-0500] {processor.py:179} INFO - Processing /home/joha/anaconda3/lib/python3.10/site-packages/airflow/example_dags/example_dynamic_task_mapping.py took 0.137 seconds
[2023-08-02T11:25:57.954-0500] {processor.py:157} INFO - Started process (PID=108431) to work on /home/joha/anaconda3/lib/python3.10/site-packages/airflow/example_dags/example_dynamic_task_mapping.py
[2023-08-02T11:25:57.962-0500] {processor.py:826} INFO - Processing file /home/joha/anaconda3/lib/python3.10/site-packages/airflow/example_dags/example_dynamic_task_mapping.py for tasks to queue
[2023-08-02T11:25:57.966-0500] {logging_mixin.py:150} INFO - [2023-08-02T11:25:57.965-0500] {dagbag.py:541} INFO - Filling up the DagBag from /home/joha/anaconda3/lib/python3.10/site-packages/airflow/example_dags/example_dynamic_task_mapping.py
[2023-08-02T11:25:57.981-0500] {processor.py:836} INFO - DAG(s) dict_keys(['example_dynamic_task_mapping']) retrieved from /home/joha/anaconda3/lib/python3.10/site-packages/airflow/example_dags/example_dynamic_task_mapping.py
[2023-08-02T11:25:58.002-0500] {logging_mixin.py:150} INFO - [2023-08-02T11:25:58.002-0500] {dag.py:2742} INFO - Sync 1 DAGs
[2023-08-02T11:25:58.027-0500] {logging_mixin.py:150} INFO - [2023-08-02T11:25:58.027-0500] {dag.py:3504} INFO - Setting next_dagrun for example_dynamic_task_mapping to 2022-03-04T00:00:00+00:00, run_after=2022-03-05T00:00:00+00:00
[2023-08-02T11:25:58.053-0500] {processor.py:179} INFO - Processing /home/joha/anaconda3/lib/python3.10/site-packages/airflow/example_dags/example_dynamic_task_mapping.py took 0.102 seconds
