[2023-08-01T20:25:51.501-0500] {processor.py:157} INFO - Started process (PID=99572) to work on /home/joha/anaconda3/lib/python3.10/site-packages/airflow/example_dags/example_branch_day_of_week_operator.py
[2023-08-01T20:25:51.502-0500] {processor.py:826} INFO - Processing file /home/joha/anaconda3/lib/python3.10/site-packages/airflow/example_dags/example_branch_day_of_week_operator.py for tasks to queue
[2023-08-01T20:25:51.503-0500] {logging_mixin.py:150} INFO - [2023-08-01T20:25:51.502-0500] {dagbag.py:541} INFO - Filling up the DagBag from /home/joha/anaconda3/lib/python3.10/site-packages/airflow/example_dags/example_branch_day_of_week_operator.py
[2023-08-01T20:25:51.510-0500] {processor.py:836} INFO - DAG(s) dict_keys(['example_weekday_branch_operator']) retrieved from /home/joha/anaconda3/lib/python3.10/site-packages/airflow/example_dags/example_branch_day_of_week_operator.py
[2023-08-01T20:25:51.529-0500] {logging_mixin.py:150} INFO - [2023-08-01T20:25:51.529-0500] {dag.py:2742} INFO - Sync 1 DAGs
[2023-08-01T20:25:51.551-0500] {logging_mixin.py:150} INFO - [2023-08-01T20:25:51.551-0500] {dag.py:3504} INFO - Setting next_dagrun for example_weekday_branch_operator to 2023-08-01T00:00:00+00:00, run_after=2023-08-02T00:00:00+00:00
[2023-08-01T20:25:51.580-0500] {processor.py:179} INFO - Processing /home/joha/anaconda3/lib/python3.10/site-packages/airflow/example_dags/example_branch_day_of_week_operator.py took 0.083 seconds
[2023-08-02T11:09:03.892-0500] {processor.py:157} INFO - Started process (PID=105276) to work on /home/joha/anaconda3/lib/python3.10/site-packages/airflow/example_dags/example_branch_day_of_week_operator.py
[2023-08-02T11:09:03.900-0500] {processor.py:826} INFO - Processing file /home/joha/anaconda3/lib/python3.10/site-packages/airflow/example_dags/example_branch_day_of_week_operator.py for tasks to queue
[2023-08-02T11:09:03.902-0500] {logging_mixin.py:150} INFO - [2023-08-02T11:09:03.901-0500] {dagbag.py:541} INFO - Filling up the DagBag from /home/joha/anaconda3/lib/python3.10/site-packages/airflow/example_dags/example_branch_day_of_week_operator.py
[2023-08-02T11:09:03.916-0500] {processor.py:836} INFO - DAG(s) dict_keys(['example_weekday_branch_operator']) retrieved from /home/joha/anaconda3/lib/python3.10/site-packages/airflow/example_dags/example_branch_day_of_week_operator.py
[2023-08-02T11:09:03.937-0500] {logging_mixin.py:150} INFO - [2023-08-02T11:09:03.937-0500] {dag.py:2742} INFO - Sync 1 DAGs
[2023-08-02T11:09:03.958-0500] {logging_mixin.py:150} INFO - [2023-08-02T11:09:03.957-0500] {dag.py:3504} INFO - Setting next_dagrun for example_weekday_branch_operator to 2023-08-01T00:00:00+00:00, run_after=2023-08-02T00:00:00+00:00
[2023-08-02T11:09:03.978-0500] {processor.py:179} INFO - Processing /home/joha/anaconda3/lib/python3.10/site-packages/airflow/example_dags/example_branch_day_of_week_operator.py took 0.089 seconds
[2023-08-02T11:10:17.171-0500] {processor.py:157} INFO - Started process (PID=105500) to work on /home/joha/anaconda3/lib/python3.10/site-packages/airflow/example_dags/example_branch_day_of_week_operator.py
[2023-08-02T11:10:17.181-0500] {processor.py:826} INFO - Processing file /home/joha/anaconda3/lib/python3.10/site-packages/airflow/example_dags/example_branch_day_of_week_operator.py for tasks to queue
[2023-08-02T11:10:17.185-0500] {logging_mixin.py:150} INFO - [2023-08-02T11:10:17.183-0500] {dagbag.py:541} INFO - Filling up the DagBag from /home/joha/anaconda3/lib/python3.10/site-packages/airflow/example_dags/example_branch_day_of_week_operator.py
[2023-08-02T11:10:17.211-0500] {processor.py:836} INFO - DAG(s) dict_keys(['example_weekday_branch_operator']) retrieved from /home/joha/anaconda3/lib/python3.10/site-packages/airflow/example_dags/example_branch_day_of_week_operator.py
[2023-08-02T11:10:17.243-0500] {logging_mixin.py:150} INFO - [2023-08-02T11:10:17.243-0500] {dag.py:2742} INFO - Sync 1 DAGs
[2023-08-02T11:10:17.264-0500] {logging_mixin.py:150} INFO - [2023-08-02T11:10:17.264-0500] {dag.py:3504} INFO - Setting next_dagrun for example_weekday_branch_operator to 2023-08-01T00:00:00+00:00, run_after=2023-08-02T00:00:00+00:00
[2023-08-02T11:10:17.288-0500] {processor.py:179} INFO - Processing /home/joha/anaconda3/lib/python3.10/site-packages/airflow/example_dags/example_branch_day_of_week_operator.py took 0.128 seconds
[2023-08-02T11:11:26.373-0500] {processor.py:157} INFO - Started process (PID=105689) to work on /home/joha/anaconda3/lib/python3.10/site-packages/airflow/example_dags/example_branch_day_of_week_operator.py
[2023-08-02T11:11:26.381-0500] {processor.py:826} INFO - Processing file /home/joha/anaconda3/lib/python3.10/site-packages/airflow/example_dags/example_branch_day_of_week_operator.py for tasks to queue
[2023-08-02T11:11:26.385-0500] {logging_mixin.py:150} INFO - [2023-08-02T11:11:26.383-0500] {dagbag.py:541} INFO - Filling up the DagBag from /home/joha/anaconda3/lib/python3.10/site-packages/airflow/example_dags/example_branch_day_of_week_operator.py
[2023-08-02T11:11:26.410-0500] {processor.py:836} INFO - DAG(s) dict_keys(['example_weekday_branch_operator']) retrieved from /home/joha/anaconda3/lib/python3.10/site-packages/airflow/example_dags/example_branch_day_of_week_operator.py
[2023-08-02T11:11:26.438-0500] {logging_mixin.py:150} INFO - [2023-08-02T11:11:26.437-0500] {dag.py:2742} INFO - Sync 1 DAGs
[2023-08-02T11:11:26.460-0500] {logging_mixin.py:150} INFO - [2023-08-02T11:11:26.460-0500] {dag.py:3504} INFO - Setting next_dagrun for example_weekday_branch_operator to 2023-08-01T00:00:00+00:00, run_after=2023-08-02T00:00:00+00:00
[2023-08-02T11:11:26.480-0500] {processor.py:179} INFO - Processing /home/joha/anaconda3/lib/python3.10/site-packages/airflow/example_dags/example_branch_day_of_week_operator.py took 0.113 seconds
[2023-08-02T11:12:39.064-0500] {processor.py:157} INFO - Started process (PID=105867) to work on /home/joha/anaconda3/lib/python3.10/site-packages/airflow/example_dags/example_branch_day_of_week_operator.py
[2023-08-02T11:12:39.065-0500] {processor.py:826} INFO - Processing file /home/joha/anaconda3/lib/python3.10/site-packages/airflow/example_dags/example_branch_day_of_week_operator.py for tasks to queue
[2023-08-02T11:12:39.066-0500] {logging_mixin.py:150} INFO - [2023-08-02T11:12:39.066-0500] {dagbag.py:541} INFO - Filling up the DagBag from /home/joha/anaconda3/lib/python3.10/site-packages/airflow/example_dags/example_branch_day_of_week_operator.py
[2023-08-02T11:12:39.075-0500] {processor.py:836} INFO - DAG(s) dict_keys(['example_weekday_branch_operator']) retrieved from /home/joha/anaconda3/lib/python3.10/site-packages/airflow/example_dags/example_branch_day_of_week_operator.py
[2023-08-02T11:12:39.099-0500] {logging_mixin.py:150} INFO - [2023-08-02T11:12:39.098-0500] {dag.py:2742} INFO - Sync 1 DAGs
[2023-08-02T11:12:39.126-0500] {logging_mixin.py:150} INFO - [2023-08-02T11:12:39.126-0500] {dag.py:3504} INFO - Setting next_dagrun for example_weekday_branch_operator to 2023-08-01T00:00:00+00:00, run_after=2023-08-02T00:00:00+00:00
[2023-08-02T11:12:39.154-0500] {processor.py:179} INFO - Processing /home/joha/anaconda3/lib/python3.10/site-packages/airflow/example_dags/example_branch_day_of_week_operator.py took 0.093 seconds
[2023-08-02T11:13:40.579-0500] {processor.py:157} INFO - Started process (PID=105990) to work on /home/joha/anaconda3/lib/python3.10/site-packages/airflow/example_dags/example_branch_day_of_week_operator.py
[2023-08-02T11:13:40.588-0500] {processor.py:826} INFO - Processing file /home/joha/anaconda3/lib/python3.10/site-packages/airflow/example_dags/example_branch_day_of_week_operator.py for tasks to queue
[2023-08-02T11:13:40.592-0500] {logging_mixin.py:150} INFO - [2023-08-02T11:13:40.590-0500] {dagbag.py:541} INFO - Filling up the DagBag from /home/joha/anaconda3/lib/python3.10/site-packages/airflow/example_dags/example_branch_day_of_week_operator.py
[2023-08-02T11:13:40.609-0500] {processor.py:836} INFO - DAG(s) dict_keys(['example_weekday_branch_operator']) retrieved from /home/joha/anaconda3/lib/python3.10/site-packages/airflow/example_dags/example_branch_day_of_week_operator.py
[2023-08-02T11:13:40.633-0500] {logging_mixin.py:150} INFO - [2023-08-02T11:13:40.632-0500] {dag.py:2742} INFO - Sync 1 DAGs
[2023-08-02T11:13:40.656-0500] {logging_mixin.py:150} INFO - [2023-08-02T11:13:40.656-0500] {dag.py:3504} INFO - Setting next_dagrun for example_weekday_branch_operator to 2023-08-01T00:00:00+00:00, run_after=2023-08-02T00:00:00+00:00
[2023-08-02T11:13:40.680-0500] {processor.py:179} INFO - Processing /home/joha/anaconda3/lib/python3.10/site-packages/airflow/example_dags/example_branch_day_of_week_operator.py took 0.104 seconds
[2023-08-02T11:14:44.496-0500] {processor.py:157} INFO - Started process (PID=106070) to work on /home/joha/anaconda3/lib/python3.10/site-packages/airflow/example_dags/example_branch_day_of_week_operator.py
[2023-08-02T11:14:44.504-0500] {processor.py:826} INFO - Processing file /home/joha/anaconda3/lib/python3.10/site-packages/airflow/example_dags/example_branch_day_of_week_operator.py for tasks to queue
[2023-08-02T11:14:44.505-0500] {logging_mixin.py:150} INFO - [2023-08-02T11:14:44.505-0500] {dagbag.py:541} INFO - Filling up the DagBag from /home/joha/anaconda3/lib/python3.10/site-packages/airflow/example_dags/example_branch_day_of_week_operator.py
[2023-08-02T11:14:44.513-0500] {processor.py:836} INFO - DAG(s) dict_keys(['example_weekday_branch_operator']) retrieved from /home/joha/anaconda3/lib/python3.10/site-packages/airflow/example_dags/example_branch_day_of_week_operator.py
[2023-08-02T11:14:44.540-0500] {logging_mixin.py:150} INFO - [2023-08-02T11:14:44.539-0500] {dag.py:2742} INFO - Sync 1 DAGs
[2023-08-02T11:14:44.566-0500] {logging_mixin.py:150} INFO - [2023-08-02T11:14:44.566-0500] {dag.py:3504} INFO - Setting next_dagrun for example_weekday_branch_operator to 2023-08-01T00:00:00+00:00, run_after=2023-08-02T00:00:00+00:00
[2023-08-02T11:14:44.593-0500] {processor.py:179} INFO - Processing /home/joha/anaconda3/lib/python3.10/site-packages/airflow/example_dags/example_branch_day_of_week_operator.py took 0.100 seconds
[2023-08-02T11:15:58.226-0500] {processor.py:157} INFO - Started process (PID=106313) to work on /home/joha/anaconda3/lib/python3.10/site-packages/airflow/example_dags/example_branch_day_of_week_operator.py
[2023-08-02T11:15:58.235-0500] {processor.py:826} INFO - Processing file /home/joha/anaconda3/lib/python3.10/site-packages/airflow/example_dags/example_branch_day_of_week_operator.py for tasks to queue
[2023-08-02T11:15:58.238-0500] {logging_mixin.py:150} INFO - [2023-08-02T11:15:58.237-0500] {dagbag.py:541} INFO - Filling up the DagBag from /home/joha/anaconda3/lib/python3.10/site-packages/airflow/example_dags/example_branch_day_of_week_operator.py
[2023-08-02T11:15:58.265-0500] {processor.py:836} INFO - DAG(s) dict_keys(['example_weekday_branch_operator']) retrieved from /home/joha/anaconda3/lib/python3.10/site-packages/airflow/example_dags/example_branch_day_of_week_operator.py
[2023-08-02T11:15:58.303-0500] {logging_mixin.py:150} INFO - [2023-08-02T11:15:58.303-0500] {dag.py:2742} INFO - Sync 1 DAGs
[2023-08-02T11:15:58.326-0500] {logging_mixin.py:150} INFO - [2023-08-02T11:15:58.326-0500] {dag.py:3504} INFO - Setting next_dagrun for example_weekday_branch_operator to 2023-08-01T00:00:00+00:00, run_after=2023-08-02T00:00:00+00:00
[2023-08-02T11:15:58.353-0500] {processor.py:179} INFO - Processing /home/joha/anaconda3/lib/python3.10/site-packages/airflow/example_dags/example_branch_day_of_week_operator.py took 0.138 seconds
[2023-08-02T11:17:09.494-0500] {processor.py:157} INFO - Started process (PID=106491) to work on /home/joha/anaconda3/lib/python3.10/site-packages/airflow/example_dags/example_branch_day_of_week_operator.py
[2023-08-02T11:17:09.501-0500] {processor.py:826} INFO - Processing file /home/joha/anaconda3/lib/python3.10/site-packages/airflow/example_dags/example_branch_day_of_week_operator.py for tasks to queue
[2023-08-02T11:17:09.502-0500] {logging_mixin.py:150} INFO - [2023-08-02T11:17:09.501-0500] {dagbag.py:541} INFO - Filling up the DagBag from /home/joha/anaconda3/lib/python3.10/site-packages/airflow/example_dags/example_branch_day_of_week_operator.py
[2023-08-02T11:17:09.511-0500] {processor.py:836} INFO - DAG(s) dict_keys(['example_weekday_branch_operator']) retrieved from /home/joha/anaconda3/lib/python3.10/site-packages/airflow/example_dags/example_branch_day_of_week_operator.py
[2023-08-02T11:17:09.531-0500] {logging_mixin.py:150} INFO - [2023-08-02T11:17:09.531-0500] {dag.py:2742} INFO - Sync 1 DAGs
[2023-08-02T11:17:09.551-0500] {logging_mixin.py:150} INFO - [2023-08-02T11:17:09.551-0500] {dag.py:3504} INFO - Setting next_dagrun for example_weekday_branch_operator to 2023-08-01T00:00:00+00:00, run_after=2023-08-02T00:00:00+00:00
[2023-08-02T11:17:09.570-0500] {processor.py:179} INFO - Processing /home/joha/anaconda3/lib/python3.10/site-packages/airflow/example_dags/example_branch_day_of_week_operator.py took 0.080 seconds
[2023-08-02T11:18:12.374-0500] {processor.py:157} INFO - Started process (PID=106693) to work on /home/joha/anaconda3/lib/python3.10/site-packages/airflow/example_dags/example_branch_day_of_week_operator.py
[2023-08-02T11:18:12.384-0500] {processor.py:826} INFO - Processing file /home/joha/anaconda3/lib/python3.10/site-packages/airflow/example_dags/example_branch_day_of_week_operator.py for tasks to queue
[2023-08-02T11:18:12.387-0500] {logging_mixin.py:150} INFO - [2023-08-02T11:18:12.386-0500] {dagbag.py:541} INFO - Filling up the DagBag from /home/joha/anaconda3/lib/python3.10/site-packages/airflow/example_dags/example_branch_day_of_week_operator.py
[2023-08-02T11:18:12.430-0500] {processor.py:836} INFO - DAG(s) dict_keys(['example_weekday_branch_operator']) retrieved from /home/joha/anaconda3/lib/python3.10/site-packages/airflow/example_dags/example_branch_day_of_week_operator.py
[2023-08-02T11:18:12.467-0500] {logging_mixin.py:150} INFO - [2023-08-02T11:18:12.467-0500] {dag.py:2742} INFO - Sync 1 DAGs
[2023-08-02T11:18:12.487-0500] {logging_mixin.py:150} INFO - [2023-08-02T11:18:12.487-0500] {dag.py:3504} INFO - Setting next_dagrun for example_weekday_branch_operator to 2023-08-01T00:00:00+00:00, run_after=2023-08-02T00:00:00+00:00
[2023-08-02T11:18:12.507-0500] {processor.py:179} INFO - Processing /home/joha/anaconda3/lib/python3.10/site-packages/airflow/example_dags/example_branch_day_of_week_operator.py took 0.143 seconds
[2023-08-02T11:19:22.306-0500] {processor.py:157} INFO - Started process (PID=106852) to work on /home/joha/anaconda3/lib/python3.10/site-packages/airflow/example_dags/example_branch_day_of_week_operator.py
[2023-08-02T11:19:22.314-0500] {processor.py:826} INFO - Processing file /home/joha/anaconda3/lib/python3.10/site-packages/airflow/example_dags/example_branch_day_of_week_operator.py for tasks to queue
[2023-08-02T11:19:22.315-0500] {logging_mixin.py:150} INFO - [2023-08-02T11:19:22.315-0500] {dagbag.py:541} INFO - Filling up the DagBag from /home/joha/anaconda3/lib/python3.10/site-packages/airflow/example_dags/example_branch_day_of_week_operator.py
[2023-08-02T11:19:22.328-0500] {processor.py:836} INFO - DAG(s) dict_keys(['example_weekday_branch_operator']) retrieved from /home/joha/anaconda3/lib/python3.10/site-packages/airflow/example_dags/example_branch_day_of_week_operator.py
[2023-08-02T11:19:22.357-0500] {logging_mixin.py:150} INFO - [2023-08-02T11:19:22.357-0500] {dag.py:2742} INFO - Sync 1 DAGs
[2023-08-02T11:19:22.380-0500] {logging_mixin.py:150} INFO - [2023-08-02T11:19:22.380-0500] {dag.py:3504} INFO - Setting next_dagrun for example_weekday_branch_operator to 2023-08-01T00:00:00+00:00, run_after=2023-08-02T00:00:00+00:00
[2023-08-02T11:19:22.401-0500] {processor.py:179} INFO - Processing /home/joha/anaconda3/lib/python3.10/site-packages/airflow/example_dags/example_branch_day_of_week_operator.py took 0.101 seconds
[2023-08-02T11:20:36.448-0500] {processor.py:157} INFO - Started process (PID=107038) to work on /home/joha/anaconda3/lib/python3.10/site-packages/airflow/example_dags/example_branch_day_of_week_operator.py
[2023-08-02T11:20:36.456-0500] {processor.py:826} INFO - Processing file /home/joha/anaconda3/lib/python3.10/site-packages/airflow/example_dags/example_branch_day_of_week_operator.py for tasks to queue
[2023-08-02T11:20:36.457-0500] {logging_mixin.py:150} INFO - [2023-08-02T11:20:36.456-0500] {dagbag.py:541} INFO - Filling up the DagBag from /home/joha/anaconda3/lib/python3.10/site-packages/airflow/example_dags/example_branch_day_of_week_operator.py
[2023-08-02T11:20:36.469-0500] {processor.py:836} INFO - DAG(s) dict_keys(['example_weekday_branch_operator']) retrieved from /home/joha/anaconda3/lib/python3.10/site-packages/airflow/example_dags/example_branch_day_of_week_operator.py
[2023-08-02T11:20:36.499-0500] {logging_mixin.py:150} INFO - [2023-08-02T11:20:36.498-0500] {dag.py:2742} INFO - Sync 1 DAGs
[2023-08-02T11:20:36.533-0500] {logging_mixin.py:150} INFO - [2023-08-02T11:20:36.533-0500] {dag.py:3504} INFO - Setting next_dagrun for example_weekday_branch_operator to 2023-08-01T00:00:00+00:00, run_after=2023-08-02T00:00:00+00:00
[2023-08-02T11:20:36.569-0500] {processor.py:179} INFO - Processing /home/joha/anaconda3/lib/python3.10/site-packages/airflow/example_dags/example_branch_day_of_week_operator.py took 0.126 seconds
[2023-08-02T11:21:38.479-0500] {processor.py:157} INFO - Started process (PID=107204) to work on /home/joha/anaconda3/lib/python3.10/site-packages/airflow/example_dags/example_branch_day_of_week_operator.py
[2023-08-02T11:21:38.486-0500] {processor.py:826} INFO - Processing file /home/joha/anaconda3/lib/python3.10/site-packages/airflow/example_dags/example_branch_day_of_week_operator.py for tasks to queue
[2023-08-02T11:21:38.488-0500] {logging_mixin.py:150} INFO - [2023-08-02T11:21:38.487-0500] {dagbag.py:541} INFO - Filling up the DagBag from /home/joha/anaconda3/lib/python3.10/site-packages/airflow/example_dags/example_branch_day_of_week_operator.py
[2023-08-02T11:21:38.522-0500] {processor.py:836} INFO - DAG(s) dict_keys(['example_weekday_branch_operator']) retrieved from /home/joha/anaconda3/lib/python3.10/site-packages/airflow/example_dags/example_branch_day_of_week_operator.py
[2023-08-02T11:21:38.618-0500] {logging_mixin.py:150} INFO - [2023-08-02T11:21:38.618-0500] {dag.py:2742} INFO - Sync 1 DAGs
[2023-08-02T11:21:38.667-0500] {logging_mixin.py:150} INFO - [2023-08-02T11:21:38.667-0500] {dag.py:3504} INFO - Setting next_dagrun for example_weekday_branch_operator to 2023-08-01T00:00:00+00:00, run_after=2023-08-02T00:00:00+00:00
[2023-08-02T11:21:38.703-0500] {processor.py:179} INFO - Processing /home/joha/anaconda3/lib/python3.10/site-packages/airflow/example_dags/example_branch_day_of_week_operator.py took 0.231 seconds
[2023-08-02T11:22:41.828-0500] {processor.py:157} INFO - Started process (PID=107555) to work on /home/joha/anaconda3/lib/python3.10/site-packages/airflow/example_dags/example_branch_day_of_week_operator.py
[2023-08-02T11:22:41.829-0500] {processor.py:826} INFO - Processing file /home/joha/anaconda3/lib/python3.10/site-packages/airflow/example_dags/example_branch_day_of_week_operator.py for tasks to queue
[2023-08-02T11:22:41.830-0500] {logging_mixin.py:150} INFO - [2023-08-02T11:22:41.830-0500] {dagbag.py:541} INFO - Filling up the DagBag from /home/joha/anaconda3/lib/python3.10/site-packages/airflow/example_dags/example_branch_day_of_week_operator.py
[2023-08-02T11:22:41.839-0500] {processor.py:836} INFO - DAG(s) dict_keys(['example_weekday_branch_operator']) retrieved from /home/joha/anaconda3/lib/python3.10/site-packages/airflow/example_dags/example_branch_day_of_week_operator.py
[2023-08-02T11:22:41.861-0500] {logging_mixin.py:150} INFO - [2023-08-02T11:22:41.861-0500] {dag.py:2742} INFO - Sync 1 DAGs
[2023-08-02T11:22:41.886-0500] {logging_mixin.py:150} INFO - [2023-08-02T11:22:41.886-0500] {dag.py:3504} INFO - Setting next_dagrun for example_weekday_branch_operator to 2023-08-01T00:00:00+00:00, run_after=2023-08-02T00:00:00+00:00
[2023-08-02T11:22:42.039-0500] {processor.py:179} INFO - Processing /home/joha/anaconda3/lib/python3.10/site-packages/airflow/example_dags/example_branch_day_of_week_operator.py took 0.214 seconds
[2023-08-02T11:23:59.398-0500] {processor.py:157} INFO - Started process (PID=108184) to work on /home/joha/anaconda3/lib/python3.10/site-packages/airflow/example_dags/example_branch_day_of_week_operator.py
[2023-08-02T11:23:59.408-0500] {processor.py:826} INFO - Processing file /home/joha/anaconda3/lib/python3.10/site-packages/airflow/example_dags/example_branch_day_of_week_operator.py for tasks to queue
[2023-08-02T11:23:59.410-0500] {logging_mixin.py:150} INFO - [2023-08-02T11:23:59.409-0500] {dagbag.py:541} INFO - Filling up the DagBag from /home/joha/anaconda3/lib/python3.10/site-packages/airflow/example_dags/example_branch_day_of_week_operator.py
[2023-08-02T11:23:59.428-0500] {processor.py:836} INFO - DAG(s) dict_keys(['example_weekday_branch_operator']) retrieved from /home/joha/anaconda3/lib/python3.10/site-packages/airflow/example_dags/example_branch_day_of_week_operator.py
[2023-08-02T11:23:59.460-0500] {logging_mixin.py:150} INFO - [2023-08-02T11:23:59.460-0500] {dag.py:2742} INFO - Sync 1 DAGs
[2023-08-02T11:23:59.490-0500] {logging_mixin.py:150} INFO - [2023-08-02T11:23:59.490-0500] {dag.py:3504} INFO - Setting next_dagrun for example_weekday_branch_operator to 2023-08-01T00:00:00+00:00, run_after=2023-08-02T00:00:00+00:00
[2023-08-02T11:23:59.514-0500] {processor.py:179} INFO - Processing /home/joha/anaconda3/lib/python3.10/site-packages/airflow/example_dags/example_branch_day_of_week_operator.py took 0.128 seconds
[2023-08-02T11:25:31.613-0500] {processor.py:157} INFO - Started process (PID=108396) to work on /home/joha/anaconda3/lib/python3.10/site-packages/airflow/example_dags/example_branch_day_of_week_operator.py
[2023-08-02T11:25:31.625-0500] {processor.py:826} INFO - Processing file /home/joha/anaconda3/lib/python3.10/site-packages/airflow/example_dags/example_branch_day_of_week_operator.py for tasks to queue
[2023-08-02T11:25:31.628-0500] {logging_mixin.py:150} INFO - [2023-08-02T11:25:31.627-0500] {dagbag.py:541} INFO - Filling up the DagBag from /home/joha/anaconda3/lib/python3.10/site-packages/airflow/example_dags/example_branch_day_of_week_operator.py
[2023-08-02T11:25:31.648-0500] {processor.py:836} INFO - DAG(s) dict_keys(['example_weekday_branch_operator']) retrieved from /home/joha/anaconda3/lib/python3.10/site-packages/airflow/example_dags/example_branch_day_of_week_operator.py
[2023-08-02T11:25:31.695-0500] {logging_mixin.py:150} INFO - [2023-08-02T11:25:31.695-0500] {dag.py:2742} INFO - Sync 1 DAGs
[2023-08-02T11:25:31.756-0500] {logging_mixin.py:150} INFO - [2023-08-02T11:25:31.755-0500] {dag.py:3504} INFO - Setting next_dagrun for example_weekday_branch_operator to 2023-08-01T00:00:00+00:00, run_after=2023-08-02T00:00:00+00:00
[2023-08-02T11:25:31.790-0500] {processor.py:179} INFO - Processing /home/joha/anaconda3/lib/python3.10/site-packages/airflow/example_dags/example_branch_day_of_week_operator.py took 0.197 seconds
