[2023-08-01T20:25:45.805-0500] {processor.py:157} INFO - Started process (PID=99565) to work on /home/joha/anaconda3/lib/python3.10/site-packages/airflow/example_dags/example_kubernetes_executor.py
[2023-08-01T20:25:45.806-0500] {processor.py:826} INFO - Processing file /home/joha/anaconda3/lib/python3.10/site-packages/airflow/example_dags/example_kubernetes_executor.py for tasks to queue
[2023-08-01T20:25:45.807-0500] {logging_mixin.py:150} INFO - [2023-08-01T20:25:45.807-0500] {dagbag.py:541} INFO - Filling up the DagBag from /home/joha/anaconda3/lib/python3.10/site-packages/airflow/example_dags/example_kubernetes_executor.py
[2023-08-01T20:25:45.812-0500] {logging_mixin.py:150} INFO - [2023-08-01T20:25:45.811-0500] {example_kubernetes_executor.py:41} WARNING - The example_kubernetes_executor example DAG requires the kubernetes provider. Please install it with: pip install apache-airflow[cncf.kubernetes]
[2023-08-01T20:25:45.812-0500] {processor.py:838} WARNING - No viable dags retrieved from /home/joha/anaconda3/lib/python3.10/site-packages/airflow/example_dags/example_kubernetes_executor.py
[2023-08-01T20:25:45.825-0500] {processor.py:179} INFO - Processing /home/joha/anaconda3/lib/python3.10/site-packages/airflow/example_dags/example_kubernetes_executor.py took 0.025 seconds
[2023-08-01T20:26:36.525-0500] {processor.py:157} INFO - Started process (PID=99704) to work on /home/joha/anaconda3/lib/python3.10/site-packages/airflow/example_dags/example_kubernetes_executor.py
[2023-08-01T20:26:36.533-0500] {processor.py:826} INFO - Processing file /home/joha/anaconda3/lib/python3.10/site-packages/airflow/example_dags/example_kubernetes_executor.py for tasks to queue
[2023-08-01T20:26:36.537-0500] {logging_mixin.py:150} INFO - [2023-08-01T20:26:36.535-0500] {dagbag.py:541} INFO - Filling up the DagBag from /home/joha/anaconda3/lib/python3.10/site-packages/airflow/example_dags/example_kubernetes_executor.py
[2023-08-01T20:26:36.549-0500] {logging_mixin.py:150} INFO - [2023-08-01T20:26:36.549-0500] {example_kubernetes_executor.py:41} WARNING - The example_kubernetes_executor example DAG requires the kubernetes provider. Please install it with: pip install apache-airflow[cncf.kubernetes]
[2023-08-01T20:26:36.550-0500] {processor.py:838} WARNING - No viable dags retrieved from /home/joha/anaconda3/lib/python3.10/site-packages/airflow/example_dags/example_kubernetes_executor.py
[2023-08-01T20:26:36.565-0500] {processor.py:179} INFO - Processing /home/joha/anaconda3/lib/python3.10/site-packages/airflow/example_dags/example_kubernetes_executor.py took 0.045 seconds
[2023-08-02T11:08:53.481-0500] {processor.py:157} INFO - Started process (PID=105264) to work on /home/joha/anaconda3/lib/python3.10/site-packages/airflow/example_dags/example_kubernetes_executor.py
[2023-08-02T11:08:53.489-0500] {processor.py:826} INFO - Processing file /home/joha/anaconda3/lib/python3.10/site-packages/airflow/example_dags/example_kubernetes_executor.py for tasks to queue
[2023-08-02T11:08:53.491-0500] {logging_mixin.py:150} INFO - [2023-08-02T11:08:53.490-0500] {dagbag.py:541} INFO - Filling up the DagBag from /home/joha/anaconda3/lib/python3.10/site-packages/airflow/example_dags/example_kubernetes_executor.py
[2023-08-02T11:08:53.494-0500] {logging_mixin.py:150} INFO - [2023-08-02T11:08:53.494-0500] {example_kubernetes_executor.py:41} WARNING - The example_kubernetes_executor example DAG requires the kubernetes provider. Please install it with: pip install apache-airflow[cncf.kubernetes]
[2023-08-02T11:08:53.495-0500] {processor.py:838} WARNING - No viable dags retrieved from /home/joha/anaconda3/lib/python3.10/site-packages/airflow/example_dags/example_kubernetes_executor.py
[2023-08-02T11:08:53.506-0500] {processor.py:179} INFO - Processing /home/joha/anaconda3/lib/python3.10/site-packages/airflow/example_dags/example_kubernetes_executor.py took 0.028 seconds
[2023-08-02T11:09:48.496-0500] {processor.py:157} INFO - Started process (PID=105380) to work on /home/joha/anaconda3/lib/python3.10/site-packages/airflow/example_dags/example_kubernetes_executor.py
[2023-08-02T11:09:48.505-0500] {processor.py:826} INFO - Processing file /home/joha/anaconda3/lib/python3.10/site-packages/airflow/example_dags/example_kubernetes_executor.py for tasks to queue
[2023-08-02T11:09:48.506-0500] {logging_mixin.py:150} INFO - [2023-08-02T11:09:48.506-0500] {dagbag.py:541} INFO - Filling up the DagBag from /home/joha/anaconda3/lib/python3.10/site-packages/airflow/example_dags/example_kubernetes_executor.py
[2023-08-02T11:09:48.511-0500] {logging_mixin.py:150} INFO - [2023-08-02T11:09:48.511-0500] {example_kubernetes_executor.py:41} WARNING - The example_kubernetes_executor example DAG requires the kubernetes provider. Please install it with: pip install apache-airflow[cncf.kubernetes]
[2023-08-02T11:09:48.511-0500] {processor.py:838} WARNING - No viable dags retrieved from /home/joha/anaconda3/lib/python3.10/site-packages/airflow/example_dags/example_kubernetes_executor.py
[2023-08-02T11:09:48.523-0500] {processor.py:179} INFO - Processing /home/joha/anaconda3/lib/python3.10/site-packages/airflow/example_dags/example_kubernetes_executor.py took 0.033 seconds
[2023-08-02T11:10:57.404-0500] {processor.py:157} INFO - Started process (PID=105611) to work on /home/joha/anaconda3/lib/python3.10/site-packages/airflow/example_dags/example_kubernetes_executor.py
[2023-08-02T11:10:57.412-0500] {processor.py:826} INFO - Processing file /home/joha/anaconda3/lib/python3.10/site-packages/airflow/example_dags/example_kubernetes_executor.py for tasks to queue
[2023-08-02T11:10:57.413-0500] {logging_mixin.py:150} INFO - [2023-08-02T11:10:57.413-0500] {dagbag.py:541} INFO - Filling up the DagBag from /home/joha/anaconda3/lib/python3.10/site-packages/airflow/example_dags/example_kubernetes_executor.py
[2023-08-02T11:10:57.418-0500] {logging_mixin.py:150} INFO - [2023-08-02T11:10:57.418-0500] {example_kubernetes_executor.py:41} WARNING - The example_kubernetes_executor example DAG requires the kubernetes provider. Please install it with: pip install apache-airflow[cncf.kubernetes]
[2023-08-02T11:10:57.418-0500] {processor.py:838} WARNING - No viable dags retrieved from /home/joha/anaconda3/lib/python3.10/site-packages/airflow/example_dags/example_kubernetes_executor.py
[2023-08-02T11:10:57.427-0500] {processor.py:179} INFO - Processing /home/joha/anaconda3/lib/python3.10/site-packages/airflow/example_dags/example_kubernetes_executor.py took 0.027 seconds
[2023-08-02T11:11:53.287-0500] {processor.py:157} INFO - Started process (PID=105769) to work on /home/joha/anaconda3/lib/python3.10/site-packages/airflow/example_dags/example_kubernetes_executor.py
[2023-08-02T11:11:53.295-0500] {processor.py:826} INFO - Processing file /home/joha/anaconda3/lib/python3.10/site-packages/airflow/example_dags/example_kubernetes_executor.py for tasks to queue
[2023-08-02T11:11:53.298-0500] {logging_mixin.py:150} INFO - [2023-08-02T11:11:53.297-0500] {dagbag.py:541} INFO - Filling up the DagBag from /home/joha/anaconda3/lib/python3.10/site-packages/airflow/example_dags/example_kubernetes_executor.py
[2023-08-02T11:11:53.309-0500] {logging_mixin.py:150} INFO - [2023-08-02T11:11:53.308-0500] {example_kubernetes_executor.py:41} WARNING - The example_kubernetes_executor example DAG requires the kubernetes provider. Please install it with: pip install apache-airflow[cncf.kubernetes]
[2023-08-02T11:11:53.310-0500] {processor.py:838} WARNING - No viable dags retrieved from /home/joha/anaconda3/lib/python3.10/site-packages/airflow/example_dags/example_kubernetes_executor.py
[2023-08-02T11:11:53.329-0500] {processor.py:179} INFO - Processing /home/joha/anaconda3/lib/python3.10/site-packages/airflow/example_dags/example_kubernetes_executor.py took 0.048 seconds
[2023-08-02T11:13:00.416-0500] {processor.py:157} INFO - Started process (PID=105931) to work on /home/joha/anaconda3/lib/python3.10/site-packages/airflow/example_dags/example_kubernetes_executor.py
[2023-08-02T11:13:00.424-0500] {processor.py:826} INFO - Processing file /home/joha/anaconda3/lib/python3.10/site-packages/airflow/example_dags/example_kubernetes_executor.py for tasks to queue
[2023-08-02T11:13:00.425-0500] {logging_mixin.py:150} INFO - [2023-08-02T11:13:00.425-0500] {dagbag.py:541} INFO - Filling up the DagBag from /home/joha/anaconda3/lib/python3.10/site-packages/airflow/example_dags/example_kubernetes_executor.py
[2023-08-02T11:13:00.430-0500] {logging_mixin.py:150} INFO - [2023-08-02T11:13:00.430-0500] {example_kubernetes_executor.py:41} WARNING - The example_kubernetes_executor example DAG requires the kubernetes provider. Please install it with: pip install apache-airflow[cncf.kubernetes]
[2023-08-02T11:13:00.430-0500] {processor.py:838} WARNING - No viable dags retrieved from /home/joha/anaconda3/lib/python3.10/site-packages/airflow/example_dags/example_kubernetes_executor.py
[2023-08-02T11:13:00.448-0500] {processor.py:179} INFO - Processing /home/joha/anaconda3/lib/python3.10/site-packages/airflow/example_dags/example_kubernetes_executor.py took 0.035 seconds
[2023-08-02T11:14:01.549-0500] {processor.py:157} INFO - Started process (PID=106014) to work on /home/joha/anaconda3/lib/python3.10/site-packages/airflow/example_dags/example_kubernetes_executor.py
[2023-08-02T11:14:01.559-0500] {processor.py:826} INFO - Processing file /home/joha/anaconda3/lib/python3.10/site-packages/airflow/example_dags/example_kubernetes_executor.py for tasks to queue
[2023-08-02T11:14:01.562-0500] {logging_mixin.py:150} INFO - [2023-08-02T11:14:01.561-0500] {dagbag.py:541} INFO - Filling up the DagBag from /home/joha/anaconda3/lib/python3.10/site-packages/airflow/example_dags/example_kubernetes_executor.py
[2023-08-02T11:14:01.569-0500] {logging_mixin.py:150} INFO - [2023-08-02T11:14:01.569-0500] {example_kubernetes_executor.py:41} WARNING - The example_kubernetes_executor example DAG requires the kubernetes provider. Please install it with: pip install apache-airflow[cncf.kubernetes]
[2023-08-02T11:14:01.569-0500] {processor.py:838} WARNING - No viable dags retrieved from /home/joha/anaconda3/lib/python3.10/site-packages/airflow/example_dags/example_kubernetes_executor.py
[2023-08-02T11:14:01.585-0500] {processor.py:179} INFO - Processing /home/joha/anaconda3/lib/python3.10/site-packages/airflow/example_dags/example_kubernetes_executor.py took 0.039 seconds
[2023-08-02T11:15:07.233-0500] {processor.py:157} INFO - Started process (PID=106168) to work on /home/joha/anaconda3/lib/python3.10/site-packages/airflow/example_dags/example_kubernetes_executor.py
[2023-08-02T11:15:07.243-0500] {processor.py:826} INFO - Processing file /home/joha/anaconda3/lib/python3.10/site-packages/airflow/example_dags/example_kubernetes_executor.py for tasks to queue
[2023-08-02T11:15:07.246-0500] {logging_mixin.py:150} INFO - [2023-08-02T11:15:07.245-0500] {dagbag.py:541} INFO - Filling up the DagBag from /home/joha/anaconda3/lib/python3.10/site-packages/airflow/example_dags/example_kubernetes_executor.py
[2023-08-02T11:15:07.259-0500] {logging_mixin.py:150} INFO - [2023-08-02T11:15:07.258-0500] {example_kubernetes_executor.py:41} WARNING - The example_kubernetes_executor example DAG requires the kubernetes provider. Please install it with: pip install apache-airflow[cncf.kubernetes]
[2023-08-02T11:15:07.260-0500] {processor.py:838} WARNING - No viable dags retrieved from /home/joha/anaconda3/lib/python3.10/site-packages/airflow/example_dags/example_kubernetes_executor.py
[2023-08-02T11:15:07.289-0500] {processor.py:179} INFO - Processing /home/joha/anaconda3/lib/python3.10/site-packages/airflow/example_dags/example_kubernetes_executor.py took 0.065 seconds
[2023-08-02T11:16:17.249-0500] {processor.py:157} INFO - Started process (PID=106360) to work on /home/joha/anaconda3/lib/python3.10/site-packages/airflow/example_dags/example_kubernetes_executor.py
[2023-08-02T11:16:17.257-0500] {processor.py:826} INFO - Processing file /home/joha/anaconda3/lib/python3.10/site-packages/airflow/example_dags/example_kubernetes_executor.py for tasks to queue
[2023-08-02T11:16:17.258-0500] {logging_mixin.py:150} INFO - [2023-08-02T11:16:17.258-0500] {dagbag.py:541} INFO - Filling up the DagBag from /home/joha/anaconda3/lib/python3.10/site-packages/airflow/example_dags/example_kubernetes_executor.py
[2023-08-02T11:16:17.263-0500] {logging_mixin.py:150} INFO - [2023-08-02T11:16:17.263-0500] {example_kubernetes_executor.py:41} WARNING - The example_kubernetes_executor example DAG requires the kubernetes provider. Please install it with: pip install apache-airflow[cncf.kubernetes]
[2023-08-02T11:16:17.263-0500] {processor.py:838} WARNING - No viable dags retrieved from /home/joha/anaconda3/lib/python3.10/site-packages/airflow/example_dags/example_kubernetes_executor.py
[2023-08-02T11:16:17.276-0500] {processor.py:179} INFO - Processing /home/joha/anaconda3/lib/python3.10/site-packages/airflow/example_dags/example_kubernetes_executor.py took 0.031 seconds
[2023-08-02T11:17:25.756-0500] {processor.py:157} INFO - Started process (PID=106544) to work on /home/joha/anaconda3/lib/python3.10/site-packages/airflow/example_dags/example_kubernetes_executor.py
[2023-08-02T11:17:25.767-0500] {processor.py:826} INFO - Processing file /home/joha/anaconda3/lib/python3.10/site-packages/airflow/example_dags/example_kubernetes_executor.py for tasks to queue
[2023-08-02T11:17:25.771-0500] {logging_mixin.py:150} INFO - [2023-08-02T11:17:25.770-0500] {dagbag.py:541} INFO - Filling up the DagBag from /home/joha/anaconda3/lib/python3.10/site-packages/airflow/example_dags/example_kubernetes_executor.py
[2023-08-02T11:17:25.782-0500] {logging_mixin.py:150} INFO - [2023-08-02T11:17:25.781-0500] {example_kubernetes_executor.py:41} WARNING - The example_kubernetes_executor example DAG requires the kubernetes provider. Please install it with: pip install apache-airflow[cncf.kubernetes]
[2023-08-02T11:17:25.783-0500] {processor.py:838} WARNING - No viable dags retrieved from /home/joha/anaconda3/lib/python3.10/site-packages/airflow/example_dags/example_kubernetes_executor.py
[2023-08-02T11:17:25.810-0500] {processor.py:179} INFO - Processing /home/joha/anaconda3/lib/python3.10/site-packages/airflow/example_dags/example_kubernetes_executor.py took 0.065 seconds
[2023-08-02T11:18:31.027-0500] {processor.py:157} INFO - Started process (PID=106738) to work on /home/joha/anaconda3/lib/python3.10/site-packages/airflow/example_dags/example_kubernetes_executor.py
[2023-08-02T11:18:31.035-0500] {processor.py:826} INFO - Processing file /home/joha/anaconda3/lib/python3.10/site-packages/airflow/example_dags/example_kubernetes_executor.py for tasks to queue
[2023-08-02T11:18:31.036-0500] {logging_mixin.py:150} INFO - [2023-08-02T11:18:31.035-0500] {dagbag.py:541} INFO - Filling up the DagBag from /home/joha/anaconda3/lib/python3.10/site-packages/airflow/example_dags/example_kubernetes_executor.py
[2023-08-02T11:18:31.039-0500] {logging_mixin.py:150} INFO - [2023-08-02T11:18:31.039-0500] {example_kubernetes_executor.py:41} WARNING - The example_kubernetes_executor example DAG requires the kubernetes provider. Please install it with: pip install apache-airflow[cncf.kubernetes]
[2023-08-02T11:18:31.039-0500] {processor.py:838} WARNING - No viable dags retrieved from /home/joha/anaconda3/lib/python3.10/site-packages/airflow/example_dags/example_kubernetes_executor.py
[2023-08-02T11:18:31.052-0500] {processor.py:179} INFO - Processing /home/joha/anaconda3/lib/python3.10/site-packages/airflow/example_dags/example_kubernetes_executor.py took 0.029 seconds
[2023-08-02T11:19:42.881-0500] {processor.py:157} INFO - Started process (PID=106904) to work on /home/joha/anaconda3/lib/python3.10/site-packages/airflow/example_dags/example_kubernetes_executor.py
[2023-08-02T11:19:42.888-0500] {processor.py:826} INFO - Processing file /home/joha/anaconda3/lib/python3.10/site-packages/airflow/example_dags/example_kubernetes_executor.py for tasks to queue
[2023-08-02T11:19:42.890-0500] {logging_mixin.py:150} INFO - [2023-08-02T11:19:42.889-0500] {dagbag.py:541} INFO - Filling up the DagBag from /home/joha/anaconda3/lib/python3.10/site-packages/airflow/example_dags/example_kubernetes_executor.py
[2023-08-02T11:19:42.897-0500] {logging_mixin.py:150} INFO - [2023-08-02T11:19:42.897-0500] {example_kubernetes_executor.py:41} WARNING - The example_kubernetes_executor example DAG requires the kubernetes provider. Please install it with: pip install apache-airflow[cncf.kubernetes]
[2023-08-02T11:19:42.897-0500] {processor.py:838} WARNING - No viable dags retrieved from /home/joha/anaconda3/lib/python3.10/site-packages/airflow/example_dags/example_kubernetes_executor.py
[2023-08-02T11:19:42.914-0500] {processor.py:179} INFO - Processing /home/joha/anaconda3/lib/python3.10/site-packages/airflow/example_dags/example_kubernetes_executor.py took 0.040 seconds
[2023-08-02T11:21:00.685-0500] {processor.py:157} INFO - Started process (PID=107100) to work on /home/joha/anaconda3/lib/python3.10/site-packages/airflow/example_dags/example_kubernetes_executor.py
[2023-08-02T11:21:00.747-0500] {processor.py:826} INFO - Processing file /home/joha/anaconda3/lib/python3.10/site-packages/airflow/example_dags/example_kubernetes_executor.py for tasks to queue
[2023-08-02T11:21:00.751-0500] {logging_mixin.py:150} INFO - [2023-08-02T11:21:00.749-0500] {dagbag.py:541} INFO - Filling up the DagBag from /home/joha/anaconda3/lib/python3.10/site-packages/airflow/example_dags/example_kubernetes_executor.py
[2023-08-02T11:21:00.762-0500] {logging_mixin.py:150} INFO - [2023-08-02T11:21:00.761-0500] {example_kubernetes_executor.py:41} WARNING - The example_kubernetes_executor example DAG requires the kubernetes provider. Please install it with: pip install apache-airflow[cncf.kubernetes]
[2023-08-02T11:21:00.763-0500] {processor.py:838} WARNING - No viable dags retrieved from /home/joha/anaconda3/lib/python3.10/site-packages/airflow/example_dags/example_kubernetes_executor.py
[2023-08-02T11:21:00.799-0500] {processor.py:179} INFO - Processing /home/joha/anaconda3/lib/python3.10/site-packages/airflow/example_dags/example_kubernetes_executor.py took 0.118 seconds
[2023-08-02T11:22:04.155-0500] {processor.py:157} INFO - Started process (PID=107380) to work on /home/joha/anaconda3/lib/python3.10/site-packages/airflow/example_dags/example_kubernetes_executor.py
[2023-08-02T11:22:04.164-0500] {processor.py:826} INFO - Processing file /home/joha/anaconda3/lib/python3.10/site-packages/airflow/example_dags/example_kubernetes_executor.py for tasks to queue
[2023-08-02T11:22:04.168-0500] {logging_mixin.py:150} INFO - [2023-08-02T11:22:04.167-0500] {dagbag.py:541} INFO - Filling up the DagBag from /home/joha/anaconda3/lib/python3.10/site-packages/airflow/example_dags/example_kubernetes_executor.py
[2023-08-02T11:22:04.181-0500] {logging_mixin.py:150} INFO - [2023-08-02T11:22:04.180-0500] {example_kubernetes_executor.py:41} WARNING - The example_kubernetes_executor example DAG requires the kubernetes provider. Please install it with: pip install apache-airflow[cncf.kubernetes]
[2023-08-02T11:22:04.182-0500] {processor.py:838} WARNING - No viable dags retrieved from /home/joha/anaconda3/lib/python3.10/site-packages/airflow/example_dags/example_kubernetes_executor.py
[2023-08-02T11:22:04.211-0500] {processor.py:179} INFO - Processing /home/joha/anaconda3/lib/python3.10/site-packages/airflow/example_dags/example_kubernetes_executor.py took 0.069 seconds
[2023-08-02T11:23:16.054-0500] {processor.py:157} INFO - Started process (PID=108009) to work on /home/joha/anaconda3/lib/python3.10/site-packages/airflow/example_dags/example_kubernetes_executor.py
[2023-08-02T11:23:16.061-0500] {processor.py:826} INFO - Processing file /home/joha/anaconda3/lib/python3.10/site-packages/airflow/example_dags/example_kubernetes_executor.py for tasks to queue
[2023-08-02T11:23:16.064-0500] {logging_mixin.py:150} INFO - [2023-08-02T11:23:16.063-0500] {dagbag.py:541} INFO - Filling up the DagBag from /home/joha/anaconda3/lib/python3.10/site-packages/airflow/example_dags/example_kubernetes_executor.py
[2023-08-02T11:23:16.080-0500] {logging_mixin.py:150} INFO - [2023-08-02T11:23:16.079-0500] {example_kubernetes_executor.py:41} WARNING - The example_kubernetes_executor example DAG requires the kubernetes provider. Please install it with: pip install apache-airflow[cncf.kubernetes]
[2023-08-02T11:23:16.080-0500] {processor.py:838} WARNING - No viable dags retrieved from /home/joha/anaconda3/lib/python3.10/site-packages/airflow/example_dags/example_kubernetes_executor.py
[2023-08-02T11:23:16.175-0500] {processor.py:179} INFO - Processing /home/joha/anaconda3/lib/python3.10/site-packages/airflow/example_dags/example_kubernetes_executor.py took 0.126 seconds
[2023-08-02T11:24:47.261-0500] {processor.py:157} INFO - Started process (PID=108308) to work on /home/joha/anaconda3/lib/python3.10/site-packages/airflow/example_dags/example_kubernetes_executor.py
[2023-08-02T11:24:47.282-0500] {processor.py:826} INFO - Processing file /home/joha/anaconda3/lib/python3.10/site-packages/airflow/example_dags/example_kubernetes_executor.py for tasks to queue
[2023-08-02T11:24:47.286-0500] {logging_mixin.py:150} INFO - [2023-08-02T11:24:47.285-0500] {dagbag.py:541} INFO - Filling up the DagBag from /home/joha/anaconda3/lib/python3.10/site-packages/airflow/example_dags/example_kubernetes_executor.py
[2023-08-02T11:24:47.297-0500] {logging_mixin.py:150} INFO - [2023-08-02T11:24:47.297-0500] {example_kubernetes_executor.py:41} WARNING - The example_kubernetes_executor example DAG requires the kubernetes provider. Please install it with: pip install apache-airflow[cncf.kubernetes]
[2023-08-02T11:24:47.298-0500] {processor.py:838} WARNING - No viable dags retrieved from /home/joha/anaconda3/lib/python3.10/site-packages/airflow/example_dags/example_kubernetes_executor.py
[2023-08-02T11:24:47.317-0500] {processor.py:179} INFO - Processing /home/joha/anaconda3/lib/python3.10/site-packages/airflow/example_dags/example_kubernetes_executor.py took 0.063 seconds
[2023-08-02T11:25:56.406-0500] {processor.py:157} INFO - Started process (PID=108427) to work on /home/joha/anaconda3/lib/python3.10/site-packages/airflow/example_dags/example_kubernetes_executor.py
[2023-08-02T11:25:56.413-0500] {processor.py:826} INFO - Processing file /home/joha/anaconda3/lib/python3.10/site-packages/airflow/example_dags/example_kubernetes_executor.py for tasks to queue
[2023-08-02T11:25:56.414-0500] {logging_mixin.py:150} INFO - [2023-08-02T11:25:56.414-0500] {dagbag.py:541} INFO - Filling up the DagBag from /home/joha/anaconda3/lib/python3.10/site-packages/airflow/example_dags/example_kubernetes_executor.py
[2023-08-02T11:25:56.418-0500] {logging_mixin.py:150} INFO - [2023-08-02T11:25:56.418-0500] {example_kubernetes_executor.py:41} WARNING - The example_kubernetes_executor example DAG requires the kubernetes provider. Please install it with: pip install apache-airflow[cncf.kubernetes]
[2023-08-02T11:25:56.419-0500] {processor.py:838} WARNING - No viable dags retrieved from /home/joha/anaconda3/lib/python3.10/site-packages/airflow/example_dags/example_kubernetes_executor.py
[2023-08-02T11:25:56.428-0500] {processor.py:179} INFO - Processing /home/joha/anaconda3/lib/python3.10/site-packages/airflow/example_dags/example_kubernetes_executor.py took 0.025 seconds
