[2023-08-01T20:26:01.676-0500] {processor.py:157} INFO - Started process (PID=99582) to work on /home/joha/anaconda3/lib/python3.10/site-packages/airflow/example_dags/example_xcomargs.py
[2023-08-01T20:26:01.677-0500] {processor.py:826} INFO - Processing file /home/joha/anaconda3/lib/python3.10/site-packages/airflow/example_dags/example_xcomargs.py for tasks to queue
[2023-08-01T20:26:01.678-0500] {logging_mixin.py:150} INFO - [2023-08-01T20:26:01.677-0500] {dagbag.py:541} INFO - Filling up the DagBag from /home/joha/anaconda3/lib/python3.10/site-packages/airflow/example_dags/example_xcomargs.py
[2023-08-01T20:26:01.691-0500] {processor.py:836} INFO - DAG(s) dict_keys(['example_xcom_args_with_operators', 'example_xcom_args']) retrieved from /home/joha/anaconda3/lib/python3.10/site-packages/airflow/example_dags/example_xcomargs.py
[2023-08-01T20:26:01.711-0500] {logging_mixin.py:150} INFO - [2023-08-01T20:26:01.711-0500] {dag.py:2742} INFO - Sync 2 DAGs
[2023-08-01T20:26:01.730-0500] {logging_mixin.py:150} INFO - [2023-08-01T20:26:01.730-0500] {dag.py:3504} INFO - Setting next_dagrun for example_xcom_args to None, run_after=None
[2023-08-01T20:26:01.733-0500] {logging_mixin.py:150} INFO - [2023-08-01T20:26:01.733-0500] {dag.py:3504} INFO - Setting next_dagrun for example_xcom_args_with_operators to None, run_after=None
[2023-08-01T20:26:01.759-0500] {processor.py:179} INFO - Processing /home/joha/anaconda3/lib/python3.10/site-packages/airflow/example_dags/example_xcomargs.py took 0.088 seconds
[2023-08-02T11:08:31.790-0500] {processor.py:157} INFO - Started process (PID=105222) to work on /home/joha/anaconda3/lib/python3.10/site-packages/airflow/example_dags/example_xcomargs.py
[2023-08-02T11:08:31.801-0500] {processor.py:826} INFO - Processing file /home/joha/anaconda3/lib/python3.10/site-packages/airflow/example_dags/example_xcomargs.py for tasks to queue
[2023-08-02T11:08:31.805-0500] {logging_mixin.py:150} INFO - [2023-08-02T11:08:31.803-0500] {dagbag.py:541} INFO - Filling up the DagBag from /home/joha/anaconda3/lib/python3.10/site-packages/airflow/example_dags/example_xcomargs.py
[2023-08-02T11:08:31.837-0500] {processor.py:836} INFO - DAG(s) dict_keys(['example_xcom_args', 'example_xcom_args_with_operators']) retrieved from /home/joha/anaconda3/lib/python3.10/site-packages/airflow/example_dags/example_xcomargs.py
[2023-08-02T11:08:31.868-0500] {logging_mixin.py:150} INFO - [2023-08-02T11:08:31.868-0500] {dag.py:2742} INFO - Sync 2 DAGs
[2023-08-02T11:08:31.891-0500] {logging_mixin.py:150} INFO - [2023-08-02T11:08:31.891-0500] {dag.py:3504} INFO - Setting next_dagrun for example_xcom_args to None, run_after=None
[2023-08-02T11:08:31.896-0500] {logging_mixin.py:150} INFO - [2023-08-02T11:08:31.896-0500] {dag.py:3504} INFO - Setting next_dagrun for example_xcom_args_with_operators to None, run_after=None
[2023-08-02T11:08:31.933-0500] {processor.py:179} INFO - Processing /home/joha/anaconda3/lib/python3.10/site-packages/airflow/example_dags/example_xcomargs.py took 0.157 seconds
[2023-08-02T11:09:26.041-0500] {processor.py:157} INFO - Started process (PID=105322) to work on /home/joha/anaconda3/lib/python3.10/site-packages/airflow/example_dags/example_xcomargs.py
[2023-08-02T11:09:26.048-0500] {processor.py:826} INFO - Processing file /home/joha/anaconda3/lib/python3.10/site-packages/airflow/example_dags/example_xcomargs.py for tasks to queue
[2023-08-02T11:09:26.049-0500] {logging_mixin.py:150} INFO - [2023-08-02T11:09:26.049-0500] {dagbag.py:541} INFO - Filling up the DagBag from /home/joha/anaconda3/lib/python3.10/site-packages/airflow/example_dags/example_xcomargs.py
[2023-08-02T11:09:26.062-0500] {processor.py:836} INFO - DAG(s) dict_keys(['example_xcom_args', 'example_xcom_args_with_operators']) retrieved from /home/joha/anaconda3/lib/python3.10/site-packages/airflow/example_dags/example_xcomargs.py
[2023-08-02T11:09:26.088-0500] {logging_mixin.py:150} INFO - [2023-08-02T11:09:26.087-0500] {dag.py:2742} INFO - Sync 2 DAGs
[2023-08-02T11:09:26.109-0500] {logging_mixin.py:150} INFO - [2023-08-02T11:09:26.109-0500] {dag.py:3504} INFO - Setting next_dagrun for example_xcom_args to None, run_after=None
[2023-08-02T11:09:26.112-0500] {logging_mixin.py:150} INFO - [2023-08-02T11:09:26.112-0500] {dag.py:3504} INFO - Setting next_dagrun for example_xcom_args_with_operators to None, run_after=None
[2023-08-02T11:09:26.137-0500] {processor.py:179} INFO - Processing /home/joha/anaconda3/lib/python3.10/site-packages/airflow/example_dags/example_xcomargs.py took 0.099 seconds
[2023-08-02T11:10:19.604-0500] {processor.py:157} INFO - Started process (PID=105508) to work on /home/joha/anaconda3/lib/python3.10/site-packages/airflow/example_dags/example_xcomargs.py
[2023-08-02T11:10:19.612-0500] {processor.py:826} INFO - Processing file /home/joha/anaconda3/lib/python3.10/site-packages/airflow/example_dags/example_xcomargs.py for tasks to queue
[2023-08-02T11:10:19.613-0500] {logging_mixin.py:150} INFO - [2023-08-02T11:10:19.613-0500] {dagbag.py:541} INFO - Filling up the DagBag from /home/joha/anaconda3/lib/python3.10/site-packages/airflow/example_dags/example_xcomargs.py
[2023-08-02T11:10:19.629-0500] {processor.py:836} INFO - DAG(s) dict_keys(['example_xcom_args', 'example_xcom_args_with_operators']) retrieved from /home/joha/anaconda3/lib/python3.10/site-packages/airflow/example_dags/example_xcomargs.py
[2023-08-02T11:10:19.653-0500] {logging_mixin.py:150} INFO - [2023-08-02T11:10:19.653-0500] {dag.py:2742} INFO - Sync 2 DAGs
[2023-08-02T11:10:19.673-0500] {logging_mixin.py:150} INFO - [2023-08-02T11:10:19.672-0500] {dag.py:3504} INFO - Setting next_dagrun for example_xcom_args to None, run_after=None
[2023-08-02T11:10:19.675-0500] {logging_mixin.py:150} INFO - [2023-08-02T11:10:19.675-0500] {dag.py:3504} INFO - Setting next_dagrun for example_xcom_args_with_operators to None, run_after=None
[2023-08-02T11:10:19.704-0500] {processor.py:179} INFO - Processing /home/joha/anaconda3/lib/python3.10/site-packages/airflow/example_dags/example_xcomargs.py took 0.107 seconds
[2023-08-02T11:11:05.420-0500] {processor.py:157} INFO - Started process (PID=105619) to work on /home/joha/anaconda3/lib/python3.10/site-packages/airflow/example_dags/example_xcomargs.py
[2023-08-02T11:11:05.429-0500] {processor.py:826} INFO - Processing file /home/joha/anaconda3/lib/python3.10/site-packages/airflow/example_dags/example_xcomargs.py for tasks to queue
[2023-08-02T11:11:05.432-0500] {logging_mixin.py:150} INFO - [2023-08-02T11:11:05.430-0500] {dagbag.py:541} INFO - Filling up the DagBag from /home/joha/anaconda3/lib/python3.10/site-packages/airflow/example_dags/example_xcomargs.py
[2023-08-02T11:11:05.452-0500] {processor.py:836} INFO - DAG(s) dict_keys(['example_xcom_args', 'example_xcom_args_with_operators']) retrieved from /home/joha/anaconda3/lib/python3.10/site-packages/airflow/example_dags/example_xcomargs.py
[2023-08-02T11:11:05.481-0500] {logging_mixin.py:150} INFO - [2023-08-02T11:11:05.480-0500] {dag.py:2742} INFO - Sync 2 DAGs
[2023-08-02T11:11:05.506-0500] {logging_mixin.py:150} INFO - [2023-08-02T11:11:05.506-0500] {dag.py:3504} INFO - Setting next_dagrun for example_xcom_args to None, run_after=None
[2023-08-02T11:11:05.510-0500] {logging_mixin.py:150} INFO - [2023-08-02T11:11:05.510-0500] {dag.py:3504} INFO - Setting next_dagrun for example_xcom_args_with_operators to None, run_after=None
[2023-08-02T11:11:05.531-0500] {processor.py:179} INFO - Processing /home/joha/anaconda3/lib/python3.10/site-packages/airflow/example_dags/example_xcomargs.py took 0.115 seconds
[2023-08-02T11:11:55.906-0500] {processor.py:157} INFO - Started process (PID=105773) to work on /home/joha/anaconda3/lib/python3.10/site-packages/airflow/example_dags/example_xcomargs.py
[2023-08-02T11:11:55.914-0500] {processor.py:826} INFO - Processing file /home/joha/anaconda3/lib/python3.10/site-packages/airflow/example_dags/example_xcomargs.py for tasks to queue
[2023-08-02T11:11:55.915-0500] {logging_mixin.py:150} INFO - [2023-08-02T11:11:55.915-0500] {dagbag.py:541} INFO - Filling up the DagBag from /home/joha/anaconda3/lib/python3.10/site-packages/airflow/example_dags/example_xcomargs.py
[2023-08-02T11:11:55.928-0500] {processor.py:836} INFO - DAG(s) dict_keys(['example_xcom_args_with_operators', 'example_xcom_args']) retrieved from /home/joha/anaconda3/lib/python3.10/site-packages/airflow/example_dags/example_xcomargs.py
[2023-08-02T11:11:55.953-0500] {logging_mixin.py:150} INFO - [2023-08-02T11:11:55.953-0500] {dag.py:2742} INFO - Sync 2 DAGs
[2023-08-02T11:11:55.972-0500] {logging_mixin.py:150} INFO - [2023-08-02T11:11:55.972-0500] {dag.py:3504} INFO - Setting next_dagrun for example_xcom_args to None, run_after=None
[2023-08-02T11:11:55.975-0500] {logging_mixin.py:150} INFO - [2023-08-02T11:11:55.975-0500] {dag.py:3504} INFO - Setting next_dagrun for example_xcom_args_with_operators to None, run_after=None
[2023-08-02T11:11:55.994-0500] {processor.py:179} INFO - Processing /home/joha/anaconda3/lib/python3.10/site-packages/airflow/example_dags/example_xcomargs.py took 0.092 seconds
[2023-08-02T11:12:42.314-0500] {processor.py:157} INFO - Started process (PID=105877) to work on /home/joha/anaconda3/lib/python3.10/site-packages/airflow/example_dags/example_xcomargs.py
[2023-08-02T11:12:42.321-0500] {processor.py:826} INFO - Processing file /home/joha/anaconda3/lib/python3.10/site-packages/airflow/example_dags/example_xcomargs.py for tasks to queue
[2023-08-02T11:12:42.322-0500] {logging_mixin.py:150} INFO - [2023-08-02T11:12:42.322-0500] {dagbag.py:541} INFO - Filling up the DagBag from /home/joha/anaconda3/lib/python3.10/site-packages/airflow/example_dags/example_xcomargs.py
[2023-08-02T11:12:42.333-0500] {processor.py:836} INFO - DAG(s) dict_keys(['example_xcom_args', 'example_xcom_args_with_operators']) retrieved from /home/joha/anaconda3/lib/python3.10/site-packages/airflow/example_dags/example_xcomargs.py
[2023-08-02T11:12:42.354-0500] {logging_mixin.py:150} INFO - [2023-08-02T11:12:42.354-0500] {dag.py:2742} INFO - Sync 2 DAGs
[2023-08-02T11:12:42.374-0500] {logging_mixin.py:150} INFO - [2023-08-02T11:12:42.374-0500] {dag.py:3504} INFO - Setting next_dagrun for example_xcom_args to None, run_after=None
[2023-08-02T11:12:42.378-0500] {logging_mixin.py:150} INFO - [2023-08-02T11:12:42.378-0500] {dag.py:3504} INFO - Setting next_dagrun for example_xcom_args_with_operators to None, run_after=None
[2023-08-02T11:12:42.395-0500] {processor.py:179} INFO - Processing /home/joha/anaconda3/lib/python3.10/site-packages/airflow/example_dags/example_xcomargs.py took 0.085 seconds
[2023-08-02T11:13:27.744-0500] {processor.py:157} INFO - Started process (PID=105969) to work on /home/joha/anaconda3/lib/python3.10/site-packages/airflow/example_dags/example_xcomargs.py
[2023-08-02T11:13:27.752-0500] {processor.py:826} INFO - Processing file /home/joha/anaconda3/lib/python3.10/site-packages/airflow/example_dags/example_xcomargs.py for tasks to queue
[2023-08-02T11:13:27.753-0500] {logging_mixin.py:150} INFO - [2023-08-02T11:13:27.753-0500] {dagbag.py:541} INFO - Filling up the DagBag from /home/joha/anaconda3/lib/python3.10/site-packages/airflow/example_dags/example_xcomargs.py
[2023-08-02T11:13:27.767-0500] {processor.py:836} INFO - DAG(s) dict_keys(['example_xcom_args_with_operators', 'example_xcom_args']) retrieved from /home/joha/anaconda3/lib/python3.10/site-packages/airflow/example_dags/example_xcomargs.py
[2023-08-02T11:13:27.794-0500] {logging_mixin.py:150} INFO - [2023-08-02T11:13:27.794-0500] {dag.py:2742} INFO - Sync 2 DAGs
[2023-08-02T11:13:27.817-0500] {logging_mixin.py:150} INFO - [2023-08-02T11:13:27.817-0500] {dag.py:3504} INFO - Setting next_dagrun for example_xcom_args to None, run_after=None
[2023-08-02T11:13:27.822-0500] {logging_mixin.py:150} INFO - [2023-08-02T11:13:27.822-0500] {dag.py:3504} INFO - Setting next_dagrun for example_xcom_args_with_operators to None, run_after=None
[2023-08-02T11:13:27.843-0500] {processor.py:179} INFO - Processing /home/joha/anaconda3/lib/python3.10/site-packages/airflow/example_dags/example_xcomargs.py took 0.102 seconds
[2023-08-02T11:14:08.239-0500] {processor.py:157} INFO - Started process (PID=106027) to work on /home/joha/anaconda3/lib/python3.10/site-packages/airflow/example_dags/example_xcomargs.py
[2023-08-02T11:14:08.247-0500] {processor.py:826} INFO - Processing file /home/joha/anaconda3/lib/python3.10/site-packages/airflow/example_dags/example_xcomargs.py for tasks to queue
[2023-08-02T11:14:08.248-0500] {logging_mixin.py:150} INFO - [2023-08-02T11:14:08.247-0500] {dagbag.py:541} INFO - Filling up the DagBag from /home/joha/anaconda3/lib/python3.10/site-packages/airflow/example_dags/example_xcomargs.py
[2023-08-02T11:14:08.259-0500] {processor.py:836} INFO - DAG(s) dict_keys(['example_xcom_args_with_operators', 'example_xcom_args']) retrieved from /home/joha/anaconda3/lib/python3.10/site-packages/airflow/example_dags/example_xcomargs.py
[2023-08-02T11:14:08.282-0500] {logging_mixin.py:150} INFO - [2023-08-02T11:14:08.281-0500] {dag.py:2742} INFO - Sync 2 DAGs
[2023-08-02T11:14:08.303-0500] {logging_mixin.py:150} INFO - [2023-08-02T11:14:08.303-0500] {dag.py:3504} INFO - Setting next_dagrun for example_xcom_args to None, run_after=None
[2023-08-02T11:14:08.308-0500] {logging_mixin.py:150} INFO - [2023-08-02T11:14:08.308-0500] {dag.py:3504} INFO - Setting next_dagrun for example_xcom_args_with_operators to None, run_after=None
[2023-08-02T11:14:08.330-0500] {processor.py:179} INFO - Processing /home/joha/anaconda3/lib/python3.10/site-packages/airflow/example_dags/example_xcomargs.py took 0.095 seconds
[2023-08-02T11:14:51.386-0500] {processor.py:157} INFO - Started process (PID=106098) to work on /home/joha/anaconda3/lib/python3.10/site-packages/airflow/example_dags/example_xcomargs.py
[2023-08-02T11:14:51.389-0500] {processor.py:826} INFO - Processing file /home/joha/anaconda3/lib/python3.10/site-packages/airflow/example_dags/example_xcomargs.py for tasks to queue
[2023-08-02T11:14:51.393-0500] {logging_mixin.py:150} INFO - [2023-08-02T11:14:51.392-0500] {dagbag.py:541} INFO - Filling up the DagBag from /home/joha/anaconda3/lib/python3.10/site-packages/airflow/example_dags/example_xcomargs.py
[2023-08-02T11:14:51.422-0500] {processor.py:836} INFO - DAG(s) dict_keys(['example_xcom_args_with_operators', 'example_xcom_args']) retrieved from /home/joha/anaconda3/lib/python3.10/site-packages/airflow/example_dags/example_xcomargs.py
[2023-08-02T11:14:51.449-0500] {logging_mixin.py:150} INFO - [2023-08-02T11:14:51.449-0500] {dag.py:2742} INFO - Sync 2 DAGs
[2023-08-02T11:14:51.469-0500] {logging_mixin.py:150} INFO - [2023-08-02T11:14:51.469-0500] {dag.py:3504} INFO - Setting next_dagrun for example_xcom_args to None, run_after=None
[2023-08-02T11:14:51.472-0500] {logging_mixin.py:150} INFO - [2023-08-02T11:14:51.472-0500] {dag.py:3504} INFO - Setting next_dagrun for example_xcom_args_with_operators to None, run_after=None
[2023-08-02T11:14:51.491-0500] {processor.py:179} INFO - Processing /home/joha/anaconda3/lib/python3.10/site-packages/airflow/example_dags/example_xcomargs.py took 0.115 seconds
[2023-08-02T11:15:40.224-0500] {processor.py:157} INFO - Started process (PID=106260) to work on /home/joha/anaconda3/lib/python3.10/site-packages/airflow/example_dags/example_xcomargs.py
[2023-08-02T11:15:40.234-0500] {processor.py:826} INFO - Processing file /home/joha/anaconda3/lib/python3.10/site-packages/airflow/example_dags/example_xcomargs.py for tasks to queue
[2023-08-02T11:15:40.237-0500] {logging_mixin.py:150} INFO - [2023-08-02T11:15:40.236-0500] {dagbag.py:541} INFO - Filling up the DagBag from /home/joha/anaconda3/lib/python3.10/site-packages/airflow/example_dags/example_xcomargs.py
[2023-08-02T11:15:40.266-0500] {processor.py:836} INFO - DAG(s) dict_keys(['example_xcom_args_with_operators', 'example_xcom_args']) retrieved from /home/joha/anaconda3/lib/python3.10/site-packages/airflow/example_dags/example_xcomargs.py
[2023-08-02T11:15:40.295-0500] {logging_mixin.py:150} INFO - [2023-08-02T11:15:40.295-0500] {dag.py:2742} INFO - Sync 2 DAGs
[2023-08-02T11:15:40.317-0500] {logging_mixin.py:150} INFO - [2023-08-02T11:15:40.316-0500] {dag.py:3504} INFO - Setting next_dagrun for example_xcom_args to None, run_after=None
[2023-08-02T11:15:40.320-0500] {logging_mixin.py:150} INFO - [2023-08-02T11:15:40.320-0500] {dag.py:3504} INFO - Setting next_dagrun for example_xcom_args_with_operators to None, run_after=None
[2023-08-02T11:15:40.340-0500] {processor.py:179} INFO - Processing /home/joha/anaconda3/lib/python3.10/site-packages/airflow/example_dags/example_xcomargs.py took 0.126 seconds
[2023-08-02T11:16:29.863-0500] {processor.py:157} INFO - Started process (PID=106387) to work on /home/joha/anaconda3/lib/python3.10/site-packages/airflow/example_dags/example_xcomargs.py
[2023-08-02T11:16:29.866-0500] {processor.py:826} INFO - Processing file /home/joha/anaconda3/lib/python3.10/site-packages/airflow/example_dags/example_xcomargs.py for tasks to queue
[2023-08-02T11:16:29.868-0500] {logging_mixin.py:150} INFO - [2023-08-02T11:16:29.867-0500] {dagbag.py:541} INFO - Filling up the DagBag from /home/joha/anaconda3/lib/python3.10/site-packages/airflow/example_dags/example_xcomargs.py
[2023-08-02T11:16:29.885-0500] {processor.py:836} INFO - DAG(s) dict_keys(['example_xcom_args', 'example_xcom_args_with_operators']) retrieved from /home/joha/anaconda3/lib/python3.10/site-packages/airflow/example_dags/example_xcomargs.py
[2023-08-02T11:16:29.914-0500] {logging_mixin.py:150} INFO - [2023-08-02T11:16:29.913-0500] {dag.py:2742} INFO - Sync 2 DAGs
[2023-08-02T11:16:29.932-0500] {logging_mixin.py:150} INFO - [2023-08-02T11:16:29.932-0500] {dag.py:3504} INFO - Setting next_dagrun for example_xcom_args to None, run_after=None
[2023-08-02T11:16:29.935-0500] {logging_mixin.py:150} INFO - [2023-08-02T11:16:29.935-0500] {dag.py:3504} INFO - Setting next_dagrun for example_xcom_args_with_operators to None, run_after=None
[2023-08-02T11:16:29.953-0500] {processor.py:179} INFO - Processing /home/joha/anaconda3/lib/python3.10/site-packages/airflow/example_dags/example_xcomargs.py took 0.095 seconds
[2023-08-02T11:17:16.070-0500] {processor.py:157} INFO - Started process (PID=106504) to work on /home/joha/anaconda3/lib/python3.10/site-packages/airflow/example_dags/example_xcomargs.py
[2023-08-02T11:17:16.078-0500] {processor.py:826} INFO - Processing file /home/joha/anaconda3/lib/python3.10/site-packages/airflow/example_dags/example_xcomargs.py for tasks to queue
[2023-08-02T11:17:16.079-0500] {logging_mixin.py:150} INFO - [2023-08-02T11:17:16.079-0500] {dagbag.py:541} INFO - Filling up the DagBag from /home/joha/anaconda3/lib/python3.10/site-packages/airflow/example_dags/example_xcomargs.py
[2023-08-02T11:17:16.088-0500] {processor.py:836} INFO - DAG(s) dict_keys(['example_xcom_args_with_operators', 'example_xcom_args']) retrieved from /home/joha/anaconda3/lib/python3.10/site-packages/airflow/example_dags/example_xcomargs.py
[2023-08-02T11:17:16.108-0500] {logging_mixin.py:150} INFO - [2023-08-02T11:17:16.108-0500] {dag.py:2742} INFO - Sync 2 DAGs
[2023-08-02T11:17:16.127-0500] {logging_mixin.py:150} INFO - [2023-08-02T11:17:16.127-0500] {dag.py:3504} INFO - Setting next_dagrun for example_xcom_args to None, run_after=None
[2023-08-02T11:17:16.130-0500] {logging_mixin.py:150} INFO - [2023-08-02T11:17:16.129-0500] {dag.py:3504} INFO - Setting next_dagrun for example_xcom_args_with_operators to None, run_after=None
[2023-08-02T11:17:16.147-0500] {processor.py:179} INFO - Processing /home/joha/anaconda3/lib/python3.10/site-packages/airflow/example_dags/example_xcomargs.py took 0.080 seconds
[2023-08-02T11:17:58.519-0500] {processor.py:157} INFO - Started process (PID=106648) to work on /home/joha/anaconda3/lib/python3.10/site-packages/airflow/example_dags/example_xcomargs.py
[2023-08-02T11:17:58.528-0500] {processor.py:826} INFO - Processing file /home/joha/anaconda3/lib/python3.10/site-packages/airflow/example_dags/example_xcomargs.py for tasks to queue
[2023-08-02T11:17:58.531-0500] {logging_mixin.py:150} INFO - [2023-08-02T11:17:58.530-0500] {dagbag.py:541} INFO - Filling up the DagBag from /home/joha/anaconda3/lib/python3.10/site-packages/airflow/example_dags/example_xcomargs.py
[2023-08-02T11:17:58.563-0500] {processor.py:836} INFO - DAG(s) dict_keys(['example_xcom_args', 'example_xcom_args_with_operators']) retrieved from /home/joha/anaconda3/lib/python3.10/site-packages/airflow/example_dags/example_xcomargs.py
[2023-08-02T11:17:58.587-0500] {logging_mixin.py:150} INFO - [2023-08-02T11:17:58.587-0500] {dag.py:2742} INFO - Sync 2 DAGs
[2023-08-02T11:17:58.606-0500] {logging_mixin.py:150} INFO - [2023-08-02T11:17:58.606-0500] {dag.py:3504} INFO - Setting next_dagrun for example_xcom_args to None, run_after=None
[2023-08-02T11:17:58.610-0500] {logging_mixin.py:150} INFO - [2023-08-02T11:17:58.610-0500] {dag.py:3504} INFO - Setting next_dagrun for example_xcom_args_with_operators to None, run_after=None
[2023-08-02T11:17:58.632-0500] {processor.py:179} INFO - Processing /home/joha/anaconda3/lib/python3.10/site-packages/airflow/example_dags/example_xcomargs.py took 0.125 seconds
[2023-08-02T11:18:42.847-0500] {processor.py:157} INFO - Started process (PID=106763) to work on /home/joha/anaconda3/lib/python3.10/site-packages/airflow/example_dags/example_xcomargs.py
[2023-08-02T11:18:42.859-0500] {processor.py:826} INFO - Processing file /home/joha/anaconda3/lib/python3.10/site-packages/airflow/example_dags/example_xcomargs.py for tasks to queue
[2023-08-02T11:18:42.863-0500] {logging_mixin.py:150} INFO - [2023-08-02T11:18:42.862-0500] {dagbag.py:541} INFO - Filling up the DagBag from /home/joha/anaconda3/lib/python3.10/site-packages/airflow/example_dags/example_xcomargs.py
[2023-08-02T11:18:42.899-0500] {processor.py:836} INFO - DAG(s) dict_keys(['example_xcom_args_with_operators', 'example_xcom_args']) retrieved from /home/joha/anaconda3/lib/python3.10/site-packages/airflow/example_dags/example_xcomargs.py
[2023-08-02T11:18:42.930-0500] {logging_mixin.py:150} INFO - [2023-08-02T11:18:42.929-0500] {dag.py:2742} INFO - Sync 2 DAGs
[2023-08-02T11:18:42.950-0500] {logging_mixin.py:150} INFO - [2023-08-02T11:18:42.950-0500] {dag.py:3504} INFO - Setting next_dagrun for example_xcom_args to None, run_after=None
[2023-08-02T11:18:42.954-0500] {logging_mixin.py:150} INFO - [2023-08-02T11:18:42.953-0500] {dag.py:3504} INFO - Setting next_dagrun for example_xcom_args_with_operators to None, run_after=None
[2023-08-02T11:18:42.971-0500] {processor.py:179} INFO - Processing /home/joha/anaconda3/lib/python3.10/site-packages/airflow/example_dags/example_xcomargs.py took 0.127 seconds
[2023-08-02T11:19:29.953-0500] {processor.py:157} INFO - Started process (PID=106871) to work on /home/joha/anaconda3/lib/python3.10/site-packages/airflow/example_dags/example_xcomargs.py
[2023-08-02T11:19:29.957-0500] {processor.py:826} INFO - Processing file /home/joha/anaconda3/lib/python3.10/site-packages/airflow/example_dags/example_xcomargs.py for tasks to queue
[2023-08-02T11:19:29.960-0500] {logging_mixin.py:150} INFO - [2023-08-02T11:19:29.958-0500] {dagbag.py:541} INFO - Filling up the DagBag from /home/joha/anaconda3/lib/python3.10/site-packages/airflow/example_dags/example_xcomargs.py
[2023-08-02T11:19:29.993-0500] {processor.py:836} INFO - DAG(s) dict_keys(['example_xcom_args', 'example_xcom_args_with_operators']) retrieved from /home/joha/anaconda3/lib/python3.10/site-packages/airflow/example_dags/example_xcomargs.py
[2023-08-02T11:19:30.025-0500] {logging_mixin.py:150} INFO - [2023-08-02T11:19:30.024-0500] {dag.py:2742} INFO - Sync 2 DAGs
[2023-08-02T11:19:30.046-0500] {logging_mixin.py:150} INFO - [2023-08-02T11:19:30.046-0500] {dag.py:3504} INFO - Setting next_dagrun for example_xcom_args to None, run_after=None
[2023-08-02T11:19:30.049-0500] {logging_mixin.py:150} INFO - [2023-08-02T11:19:30.049-0500] {dag.py:3504} INFO - Setting next_dagrun for example_xcom_args_with_operators to None, run_after=None
[2023-08-02T11:19:30.073-0500] {processor.py:179} INFO - Processing /home/joha/anaconda3/lib/python3.10/site-packages/airflow/example_dags/example_xcomargs.py took 0.131 seconds
[2023-08-02T11:20:19.188-0500] {processor.py:157} INFO - Started process (PID=106961) to work on /home/joha/anaconda3/lib/python3.10/site-packages/airflow/example_dags/example_xcomargs.py
[2023-08-02T11:20:19.198-0500] {processor.py:826} INFO - Processing file /home/joha/anaconda3/lib/python3.10/site-packages/airflow/example_dags/example_xcomargs.py for tasks to queue
[2023-08-02T11:20:19.200-0500] {logging_mixin.py:150} INFO - [2023-08-02T11:20:19.199-0500] {dagbag.py:541} INFO - Filling up the DagBag from /home/joha/anaconda3/lib/python3.10/site-packages/airflow/example_dags/example_xcomargs.py
[2023-08-02T11:20:19.220-0500] {processor.py:836} INFO - DAG(s) dict_keys(['example_xcom_args_with_operators', 'example_xcom_args']) retrieved from /home/joha/anaconda3/lib/python3.10/site-packages/airflow/example_dags/example_xcomargs.py
[2023-08-02T11:20:19.252-0500] {logging_mixin.py:150} INFO - [2023-08-02T11:20:19.252-0500] {dag.py:2742} INFO - Sync 2 DAGs
[2023-08-02T11:20:19.282-0500] {logging_mixin.py:150} INFO - [2023-08-02T11:20:19.282-0500] {dag.py:3504} INFO - Setting next_dagrun for example_xcom_args to None, run_after=None
[2023-08-02T11:20:19.287-0500] {logging_mixin.py:150} INFO - [2023-08-02T11:20:19.286-0500] {dag.py:3504} INFO - Setting next_dagrun for example_xcom_args_with_operators to None, run_after=None
[2023-08-02T11:20:19.314-0500] {processor.py:179} INFO - Processing /home/joha/anaconda3/lib/python3.10/site-packages/airflow/example_dags/example_xcomargs.py took 0.134 seconds
[2023-08-02T11:21:15.541-0500] {processor.py:157} INFO - Started process (PID=107113) to work on /home/joha/anaconda3/lib/python3.10/site-packages/airflow/example_dags/example_xcomargs.py
[2023-08-02T11:21:15.547-0500] {processor.py:826} INFO - Processing file /home/joha/anaconda3/lib/python3.10/site-packages/airflow/example_dags/example_xcomargs.py for tasks to queue
[2023-08-02T11:21:15.548-0500] {logging_mixin.py:150} INFO - [2023-08-02T11:21:15.548-0500] {dagbag.py:541} INFO - Filling up the DagBag from /home/joha/anaconda3/lib/python3.10/site-packages/airflow/example_dags/example_xcomargs.py
[2023-08-02T11:21:15.557-0500] {processor.py:836} INFO - DAG(s) dict_keys(['example_xcom_args_with_operators', 'example_xcom_args']) retrieved from /home/joha/anaconda3/lib/python3.10/site-packages/airflow/example_dags/example_xcomargs.py
[2023-08-02T11:21:15.578-0500] {logging_mixin.py:150} INFO - [2023-08-02T11:21:15.578-0500] {dag.py:2742} INFO - Sync 2 DAGs
[2023-08-02T11:21:15.600-0500] {logging_mixin.py:150} INFO - [2023-08-02T11:21:15.599-0500] {dag.py:3504} INFO - Setting next_dagrun for example_xcom_args to None, run_after=None
[2023-08-02T11:21:15.603-0500] {logging_mixin.py:150} INFO - [2023-08-02T11:21:15.602-0500] {dag.py:3504} INFO - Setting next_dagrun for example_xcom_args_with_operators to None, run_after=None
[2023-08-02T11:21:15.624-0500] {processor.py:179} INFO - Processing /home/joha/anaconda3/lib/python3.10/site-packages/airflow/example_dags/example_xcomargs.py took 0.086 seconds
[2023-08-02T11:22:15.652-0500] {processor.py:157} INFO - Started process (PID=107428) to work on /home/joha/anaconda3/lib/python3.10/site-packages/airflow/example_dags/example_xcomargs.py
[2023-08-02T11:22:15.661-0500] {processor.py:826} INFO - Processing file /home/joha/anaconda3/lib/python3.10/site-packages/airflow/example_dags/example_xcomargs.py for tasks to queue
[2023-08-02T11:22:15.663-0500] {logging_mixin.py:150} INFO - [2023-08-02T11:22:15.662-0500] {dagbag.py:541} INFO - Filling up the DagBag from /home/joha/anaconda3/lib/python3.10/site-packages/airflow/example_dags/example_xcomargs.py
[2023-08-02T11:22:15.681-0500] {processor.py:836} INFO - DAG(s) dict_keys(['example_xcom_args_with_operators', 'example_xcom_args']) retrieved from /home/joha/anaconda3/lib/python3.10/site-packages/airflow/example_dags/example_xcomargs.py
[2023-08-02T11:22:15.716-0500] {logging_mixin.py:150} INFO - [2023-08-02T11:22:15.716-0500] {dag.py:2742} INFO - Sync 2 DAGs
[2023-08-02T11:22:15.739-0500] {logging_mixin.py:150} INFO - [2023-08-02T11:22:15.738-0500] {dag.py:3504} INFO - Setting next_dagrun for example_xcom_args to None, run_after=None
[2023-08-02T11:22:15.742-0500] {logging_mixin.py:150} INFO - [2023-08-02T11:22:15.741-0500] {dag.py:3504} INFO - Setting next_dagrun for example_xcom_args_with_operators to None, run_after=None
[2023-08-02T11:22:15.763-0500] {processor.py:179} INFO - Processing /home/joha/anaconda3/lib/python3.10/site-packages/airflow/example_dags/example_xcomargs.py took 0.118 seconds
[2023-08-02T11:23:37.978-0500] {processor.py:157} INFO - Started process (PID=108127) to work on /home/joha/anaconda3/lib/python3.10/site-packages/airflow/example_dags/example_xcomargs.py
[2023-08-02T11:23:37.986-0500] {processor.py:826} INFO - Processing file /home/joha/anaconda3/lib/python3.10/site-packages/airflow/example_dags/example_xcomargs.py for tasks to queue
[2023-08-02T11:23:37.987-0500] {logging_mixin.py:150} INFO - [2023-08-02T11:23:37.987-0500] {dagbag.py:541} INFO - Filling up the DagBag from /home/joha/anaconda3/lib/python3.10/site-packages/airflow/example_dags/example_xcomargs.py
[2023-08-02T11:23:38.003-0500] {processor.py:836} INFO - DAG(s) dict_keys(['example_xcom_args', 'example_xcom_args_with_operators']) retrieved from /home/joha/anaconda3/lib/python3.10/site-packages/airflow/example_dags/example_xcomargs.py
[2023-08-02T11:23:38.034-0500] {logging_mixin.py:150} INFO - [2023-08-02T11:23:38.033-0500] {dag.py:2742} INFO - Sync 2 DAGs
[2023-08-02T11:23:38.062-0500] {logging_mixin.py:150} INFO - [2023-08-02T11:23:38.062-0500] {dag.py:3504} INFO - Setting next_dagrun for example_xcom_args to None, run_after=None
[2023-08-02T11:23:38.068-0500] {logging_mixin.py:150} INFO - [2023-08-02T11:23:38.068-0500] {dag.py:3504} INFO - Setting next_dagrun for example_xcom_args_with_operators to None, run_after=None
[2023-08-02T11:23:38.094-0500] {processor.py:179} INFO - Processing /home/joha/anaconda3/lib/python3.10/site-packages/airflow/example_dags/example_xcomargs.py took 0.119 seconds
[2023-08-02T11:25:09.505-0500] {processor.py:157} INFO - Started process (PID=108357) to work on /home/joha/anaconda3/lib/python3.10/site-packages/airflow/example_dags/example_xcomargs.py
[2023-08-02T11:25:09.512-0500] {processor.py:826} INFO - Processing file /home/joha/anaconda3/lib/python3.10/site-packages/airflow/example_dags/example_xcomargs.py for tasks to queue
[2023-08-02T11:25:09.514-0500] {logging_mixin.py:150} INFO - [2023-08-02T11:25:09.514-0500] {dagbag.py:541} INFO - Filling up the DagBag from /home/joha/anaconda3/lib/python3.10/site-packages/airflow/example_dags/example_xcomargs.py
[2023-08-02T11:25:09.530-0500] {processor.py:836} INFO - DAG(s) dict_keys(['example_xcom_args_with_operators', 'example_xcom_args']) retrieved from /home/joha/anaconda3/lib/python3.10/site-packages/airflow/example_dags/example_xcomargs.py
[2023-08-02T11:25:09.561-0500] {logging_mixin.py:150} INFO - [2023-08-02T11:25:09.560-0500] {dag.py:2742} INFO - Sync 2 DAGs
[2023-08-02T11:25:09.739-0500] {logging_mixin.py:150} INFO - [2023-08-02T11:25:09.739-0500] {dag.py:3504} INFO - Setting next_dagrun for example_xcom_args to None, run_after=None
[2023-08-02T11:25:09.743-0500] {logging_mixin.py:150} INFO - [2023-08-02T11:25:09.743-0500] {dag.py:3504} INFO - Setting next_dagrun for example_xcom_args_with_operators to None, run_after=None
[2023-08-02T11:25:09.792-0500] {processor.py:179} INFO - Processing /home/joha/anaconda3/lib/python3.10/site-packages/airflow/example_dags/example_xcomargs.py took 0.292 seconds
[2023-08-02T11:26:06.657-0500] {processor.py:157} INFO - Started process (PID=108450) to work on /home/joha/anaconda3/lib/python3.10/site-packages/airflow/example_dags/example_xcomargs.py
[2023-08-02T11:26:06.665-0500] {processor.py:826} INFO - Processing file /home/joha/anaconda3/lib/python3.10/site-packages/airflow/example_dags/example_xcomargs.py for tasks to queue
[2023-08-02T11:26:06.666-0500] {logging_mixin.py:150} INFO - [2023-08-02T11:26:06.665-0500] {dagbag.py:541} INFO - Filling up the DagBag from /home/joha/anaconda3/lib/python3.10/site-packages/airflow/example_dags/example_xcomargs.py
[2023-08-02T11:26:06.678-0500] {processor.py:836} INFO - DAG(s) dict_keys(['example_xcom_args', 'example_xcom_args_with_operators']) retrieved from /home/joha/anaconda3/lib/python3.10/site-packages/airflow/example_dags/example_xcomargs.py
[2023-08-02T11:26:06.702-0500] {logging_mixin.py:150} INFO - [2023-08-02T11:26:06.702-0500] {dag.py:2742} INFO - Sync 2 DAGs
[2023-08-02T11:26:06.725-0500] {logging_mixin.py:150} INFO - [2023-08-02T11:26:06.724-0500] {dag.py:3504} INFO - Setting next_dagrun for example_xcom_args to None, run_after=None
[2023-08-02T11:26:06.729-0500] {logging_mixin.py:150} INFO - [2023-08-02T11:26:06.729-0500] {dag.py:3504} INFO - Setting next_dagrun for example_xcom_args_with_operators to None, run_after=None
[2023-08-02T11:26:06.758-0500] {processor.py:179} INFO - Processing /home/joha/anaconda3/lib/python3.10/site-packages/airflow/example_dags/example_xcomargs.py took 0.104 seconds
