[2023-08-01T20:25:53.841-0500] {processor.py:157} INFO - Started process (PID=99574) to work on /home/joha/anaconda3/lib/python3.10/site-packages/airflow/example_dags/example_task_group_decorator.py
[2023-08-01T20:25:53.842-0500] {processor.py:826} INFO - Processing file /home/joha/anaconda3/lib/python3.10/site-packages/airflow/example_dags/example_task_group_decorator.py for tasks to queue
[2023-08-01T20:25:53.843-0500] {logging_mixin.py:150} INFO - [2023-08-01T20:25:53.843-0500] {dagbag.py:541} INFO - Filling up the DagBag from /home/joha/anaconda3/lib/python3.10/site-packages/airflow/example_dags/example_task_group_decorator.py
[2023-08-01T20:25:53.866-0500] {processor.py:836} INFO - DAG(s) dict_keys(['example_task_group_decorator']) retrieved from /home/joha/anaconda3/lib/python3.10/site-packages/airflow/example_dags/example_task_group_decorator.py
[2023-08-01T20:25:53.887-0500] {logging_mixin.py:150} INFO - [2023-08-01T20:25:53.887-0500] {dag.py:2742} INFO - Sync 1 DAGs
[2023-08-01T20:25:53.907-0500] {logging_mixin.py:150} INFO - [2023-08-01T20:25:53.907-0500] {dag.py:3504} INFO - Setting next_dagrun for example_task_group_decorator to 2023-08-01T01:25:53.906996+00:00, run_after=2023-08-02T01:25:53.906996+00:00
[2023-08-01T20:25:53.933-0500] {processor.py:179} INFO - Processing /home/joha/anaconda3/lib/python3.10/site-packages/airflow/example_dags/example_task_group_decorator.py took 0.097 seconds
[2023-08-02T11:08:22.728-0500] {processor.py:157} INFO - Started process (PID=105206) to work on /home/joha/anaconda3/lib/python3.10/site-packages/airflow/example_dags/example_task_group_decorator.py
[2023-08-02T11:08:22.730-0500] {processor.py:826} INFO - Processing file /home/joha/anaconda3/lib/python3.10/site-packages/airflow/example_dags/example_task_group_decorator.py for tasks to queue
[2023-08-02T11:08:22.732-0500] {logging_mixin.py:150} INFO - [2023-08-02T11:08:22.731-0500] {dagbag.py:541} INFO - Filling up the DagBag from /home/joha/anaconda3/lib/python3.10/site-packages/airflow/example_dags/example_task_group_decorator.py
[2023-08-02T11:08:22.754-0500] {processor.py:836} INFO - DAG(s) dict_keys(['example_task_group_decorator']) retrieved from /home/joha/anaconda3/lib/python3.10/site-packages/airflow/example_dags/example_task_group_decorator.py
[2023-08-02T11:08:22.778-0500] {logging_mixin.py:150} INFO - [2023-08-02T11:08:22.777-0500] {dag.py:2742} INFO - Sync 1 DAGs
[2023-08-02T11:08:22.798-0500] {logging_mixin.py:150} INFO - [2023-08-02T11:08:22.798-0500] {dag.py:3504} INFO - Setting next_dagrun for example_task_group_decorator to 2023-08-01T16:08:22.798004+00:00, run_after=2023-08-02T16:08:22.798004+00:00
[2023-08-02T11:08:22.822-0500] {processor.py:179} INFO - Processing /home/joha/anaconda3/lib/python3.10/site-packages/airflow/example_dags/example_task_group_decorator.py took 0.101 seconds
[2023-08-02T11:09:16.599-0500] {processor.py:157} INFO - Started process (PID=105304) to work on /home/joha/anaconda3/lib/python3.10/site-packages/airflow/example_dags/example_task_group_decorator.py
[2023-08-02T11:09:16.609-0500] {processor.py:826} INFO - Processing file /home/joha/anaconda3/lib/python3.10/site-packages/airflow/example_dags/example_task_group_decorator.py for tasks to queue
[2023-08-02T11:09:16.612-0500] {logging_mixin.py:150} INFO - [2023-08-02T11:09:16.611-0500] {dagbag.py:541} INFO - Filling up the DagBag from /home/joha/anaconda3/lib/python3.10/site-packages/airflow/example_dags/example_task_group_decorator.py
[2023-08-02T11:09:16.663-0500] {processor.py:836} INFO - DAG(s) dict_keys(['example_task_group_decorator']) retrieved from /home/joha/anaconda3/lib/python3.10/site-packages/airflow/example_dags/example_task_group_decorator.py
[2023-08-02T11:09:16.696-0500] {logging_mixin.py:150} INFO - [2023-08-02T11:09:16.696-0500] {dag.py:2742} INFO - Sync 1 DAGs
[2023-08-02T11:09:16.722-0500] {logging_mixin.py:150} INFO - [2023-08-02T11:09:16.721-0500] {dag.py:3504} INFO - Setting next_dagrun for example_task_group_decorator to 2023-08-01T16:09:16.721614+00:00, run_after=2023-08-02T16:09:16.721614+00:00
[2023-08-02T11:09:16.753-0500] {processor.py:179} INFO - Processing /home/joha/anaconda3/lib/python3.10/site-packages/airflow/example_dags/example_task_group_decorator.py took 0.166 seconds
[2023-08-02T11:10:05.384-0500] {processor.py:157} INFO - Started process (PID=105457) to work on /home/joha/anaconda3/lib/python3.10/site-packages/airflow/example_dags/example_task_group_decorator.py
[2023-08-02T11:10:05.392-0500] {processor.py:826} INFO - Processing file /home/joha/anaconda3/lib/python3.10/site-packages/airflow/example_dags/example_task_group_decorator.py for tasks to queue
[2023-08-02T11:10:05.393-0500] {logging_mixin.py:150} INFO - [2023-08-02T11:10:05.392-0500] {dagbag.py:541} INFO - Filling up the DagBag from /home/joha/anaconda3/lib/python3.10/site-packages/airflow/example_dags/example_task_group_decorator.py
[2023-08-02T11:10:05.414-0500] {processor.py:836} INFO - DAG(s) dict_keys(['example_task_group_decorator']) retrieved from /home/joha/anaconda3/lib/python3.10/site-packages/airflow/example_dags/example_task_group_decorator.py
[2023-08-02T11:10:05.438-0500] {logging_mixin.py:150} INFO - [2023-08-02T11:10:05.438-0500] {dag.py:2742} INFO - Sync 1 DAGs
[2023-08-02T11:10:05.462-0500] {logging_mixin.py:150} INFO - [2023-08-02T11:10:05.462-0500] {dag.py:3504} INFO - Setting next_dagrun for example_task_group_decorator to 2023-08-01T16:10:05.462238+00:00, run_after=2023-08-02T16:10:05.462238+00:00
[2023-08-02T11:10:05.486-0500] {processor.py:179} INFO - Processing /home/joha/anaconda3/lib/python3.10/site-packages/airflow/example_dags/example_task_group_decorator.py took 0.107 seconds
[2023-08-02T11:10:52.037-0500] {processor.py:157} INFO - Started process (PID=105605) to work on /home/joha/anaconda3/lib/python3.10/site-packages/airflow/example_dags/example_task_group_decorator.py
[2023-08-02T11:10:52.045-0500] {processor.py:826} INFO - Processing file /home/joha/anaconda3/lib/python3.10/site-packages/airflow/example_dags/example_task_group_decorator.py for tasks to queue
[2023-08-02T11:10:52.046-0500] {logging_mixin.py:150} INFO - [2023-08-02T11:10:52.045-0500] {dagbag.py:541} INFO - Filling up the DagBag from /home/joha/anaconda3/lib/python3.10/site-packages/airflow/example_dags/example_task_group_decorator.py
[2023-08-02T11:10:52.063-0500] {processor.py:836} INFO - DAG(s) dict_keys(['example_task_group_decorator']) retrieved from /home/joha/anaconda3/lib/python3.10/site-packages/airflow/example_dags/example_task_group_decorator.py
[2023-08-02T11:10:52.089-0500] {logging_mixin.py:150} INFO - [2023-08-02T11:10:52.089-0500] {dag.py:2742} INFO - Sync 1 DAGs
[2023-08-02T11:10:52.110-0500] {logging_mixin.py:150} INFO - [2023-08-02T11:10:52.110-0500] {dag.py:3504} INFO - Setting next_dagrun for example_task_group_decorator to 2023-08-01T16:10:52.110565+00:00, run_after=2023-08-02T16:10:52.110565+00:00
[2023-08-02T11:10:52.139-0500] {processor.py:179} INFO - Processing /home/joha/anaconda3/lib/python3.10/site-packages/airflow/example_dags/example_task_group_decorator.py took 0.107 seconds
[2023-08-02T11:11:39.265-0500] {processor.py:157} INFO - Started process (PID=105723) to work on /home/joha/anaconda3/lib/python3.10/site-packages/airflow/example_dags/example_task_group_decorator.py
[2023-08-02T11:11:39.273-0500] {processor.py:826} INFO - Processing file /home/joha/anaconda3/lib/python3.10/site-packages/airflow/example_dags/example_task_group_decorator.py for tasks to queue
[2023-08-02T11:11:39.273-0500] {logging_mixin.py:150} INFO - [2023-08-02T11:11:39.273-0500] {dagbag.py:541} INFO - Filling up the DagBag from /home/joha/anaconda3/lib/python3.10/site-packages/airflow/example_dags/example_task_group_decorator.py
[2023-08-02T11:11:39.289-0500] {processor.py:836} INFO - DAG(s) dict_keys(['example_task_group_decorator']) retrieved from /home/joha/anaconda3/lib/python3.10/site-packages/airflow/example_dags/example_task_group_decorator.py
[2023-08-02T11:11:39.310-0500] {logging_mixin.py:150} INFO - [2023-08-02T11:11:39.310-0500] {dag.py:2742} INFO - Sync 1 DAGs
[2023-08-02T11:11:39.330-0500] {logging_mixin.py:150} INFO - [2023-08-02T11:11:39.330-0500] {dag.py:3504} INFO - Setting next_dagrun for example_task_group_decorator to 2023-08-01T16:11:39.330425+00:00, run_after=2023-08-02T16:11:39.330425+00:00
[2023-08-02T11:11:39.353-0500] {processor.py:179} INFO - Processing /home/joha/anaconda3/lib/python3.10/site-packages/airflow/example_dags/example_task_group_decorator.py took 0.092 seconds
[2023-08-02T11:12:29.259-0500] {processor.py:157} INFO - Started process (PID=105857) to work on /home/joha/anaconda3/lib/python3.10/site-packages/airflow/example_dags/example_task_group_decorator.py
[2023-08-02T11:12:29.266-0500] {processor.py:826} INFO - Processing file /home/joha/anaconda3/lib/python3.10/site-packages/airflow/example_dags/example_task_group_decorator.py for tasks to queue
[2023-08-02T11:12:29.267-0500] {logging_mixin.py:150} INFO - [2023-08-02T11:12:29.267-0500] {dagbag.py:541} INFO - Filling up the DagBag from /home/joha/anaconda3/lib/python3.10/site-packages/airflow/example_dags/example_task_group_decorator.py
[2023-08-02T11:12:29.286-0500] {processor.py:836} INFO - DAG(s) dict_keys(['example_task_group_decorator']) retrieved from /home/joha/anaconda3/lib/python3.10/site-packages/airflow/example_dags/example_task_group_decorator.py
[2023-08-02T11:12:29.312-0500] {logging_mixin.py:150} INFO - [2023-08-02T11:12:29.312-0500] {dag.py:2742} INFO - Sync 1 DAGs
[2023-08-02T11:12:29.332-0500] {logging_mixin.py:150} INFO - [2023-08-02T11:12:29.332-0500] {dag.py:3504} INFO - Setting next_dagrun for example_task_group_decorator to 2023-08-01T16:12:29.332370+00:00, run_after=2023-08-02T16:12:29.332370+00:00
[2023-08-02T11:12:29.360-0500] {processor.py:179} INFO - Processing /home/joha/anaconda3/lib/python3.10/site-packages/airflow/example_dags/example_task_group_decorator.py took 0.105 seconds
[2023-08-02T11:13:10.941-0500] {processor.py:157} INFO - Started process (PID=105943) to work on /home/joha/anaconda3/lib/python3.10/site-packages/airflow/example_dags/example_task_group_decorator.py
[2023-08-02T11:13:10.948-0500] {processor.py:826} INFO - Processing file /home/joha/anaconda3/lib/python3.10/site-packages/airflow/example_dags/example_task_group_decorator.py for tasks to queue
[2023-08-02T11:13:10.949-0500] {logging_mixin.py:150} INFO - [2023-08-02T11:13:10.949-0500] {dagbag.py:541} INFO - Filling up the DagBag from /home/joha/anaconda3/lib/python3.10/site-packages/airflow/example_dags/example_task_group_decorator.py
[2023-08-02T11:13:10.967-0500] {processor.py:836} INFO - DAG(s) dict_keys(['example_task_group_decorator']) retrieved from /home/joha/anaconda3/lib/python3.10/site-packages/airflow/example_dags/example_task_group_decorator.py
[2023-08-02T11:13:11.003-0500] {logging_mixin.py:150} INFO - [2023-08-02T11:13:11.003-0500] {dag.py:2742} INFO - Sync 1 DAGs
[2023-08-02T11:13:11.030-0500] {logging_mixin.py:150} INFO - [2023-08-02T11:13:11.030-0500] {dag.py:3504} INFO - Setting next_dagrun for example_task_group_decorator to 2023-08-01T16:13:11.030188+00:00, run_after=2023-08-02T16:13:11.030188+00:00
[2023-08-02T11:13:11.055-0500] {processor.py:179} INFO - Processing /home/joha/anaconda3/lib/python3.10/site-packages/airflow/example_dags/example_task_group_decorator.py took 0.118 seconds
[2023-08-02T11:13:52.091-0500] {processor.py:157} INFO - Started process (PID=106002) to work on /home/joha/anaconda3/lib/python3.10/site-packages/airflow/example_dags/example_task_group_decorator.py
[2023-08-02T11:13:52.099-0500] {processor.py:826} INFO - Processing file /home/joha/anaconda3/lib/python3.10/site-packages/airflow/example_dags/example_task_group_decorator.py for tasks to queue
[2023-08-02T11:13:52.100-0500] {logging_mixin.py:150} INFO - [2023-08-02T11:13:52.099-0500] {dagbag.py:541} INFO - Filling up the DagBag from /home/joha/anaconda3/lib/python3.10/site-packages/airflow/example_dags/example_task_group_decorator.py
[2023-08-02T11:13:52.117-0500] {processor.py:836} INFO - DAG(s) dict_keys(['example_task_group_decorator']) retrieved from /home/joha/anaconda3/lib/python3.10/site-packages/airflow/example_dags/example_task_group_decorator.py
[2023-08-02T11:13:52.143-0500] {logging_mixin.py:150} INFO - [2023-08-02T11:13:52.142-0500] {dag.py:2742} INFO - Sync 1 DAGs
[2023-08-02T11:13:52.164-0500] {logging_mixin.py:150} INFO - [2023-08-02T11:13:52.163-0500] {dag.py:3504} INFO - Setting next_dagrun for example_task_group_decorator to 2023-08-01T16:13:52.163742+00:00, run_after=2023-08-02T16:13:52.163742+00:00
[2023-08-02T11:13:52.189-0500] {processor.py:179} INFO - Processing /home/joha/anaconda3/lib/python3.10/site-packages/airflow/example_dags/example_task_group_decorator.py took 0.102 seconds
[2023-08-02T11:14:34.223-0500] {processor.py:157} INFO - Started process (PID=106061) to work on /home/joha/anaconda3/lib/python3.10/site-packages/airflow/example_dags/example_task_group_decorator.py
[2023-08-02T11:14:34.230-0500] {processor.py:826} INFO - Processing file /home/joha/anaconda3/lib/python3.10/site-packages/airflow/example_dags/example_task_group_decorator.py for tasks to queue
[2023-08-02T11:14:34.231-0500] {logging_mixin.py:150} INFO - [2023-08-02T11:14:34.231-0500] {dagbag.py:541} INFO - Filling up the DagBag from /home/joha/anaconda3/lib/python3.10/site-packages/airflow/example_dags/example_task_group_decorator.py
[2023-08-02T11:14:34.249-0500] {processor.py:836} INFO - DAG(s) dict_keys(['example_task_group_decorator']) retrieved from /home/joha/anaconda3/lib/python3.10/site-packages/airflow/example_dags/example_task_group_decorator.py
[2023-08-02T11:14:34.278-0500] {logging_mixin.py:150} INFO - [2023-08-02T11:14:34.278-0500] {dag.py:2742} INFO - Sync 1 DAGs
[2023-08-02T11:14:34.302-0500] {logging_mixin.py:150} INFO - [2023-08-02T11:14:34.302-0500] {dag.py:3504} INFO - Setting next_dagrun for example_task_group_decorator to 2023-08-01T16:14:34.302262+00:00, run_after=2023-08-02T16:14:34.302262+00:00
[2023-08-02T11:14:34.327-0500] {processor.py:179} INFO - Processing /home/joha/anaconda3/lib/python3.10/site-packages/airflow/example_dags/example_task_group_decorator.py took 0.109 seconds
[2023-08-02T11:15:20.998-0500] {processor.py:157} INFO - Started process (PID=106210) to work on /home/joha/anaconda3/lib/python3.10/site-packages/airflow/example_dags/example_task_group_decorator.py
[2023-08-02T11:15:21.000-0500] {processor.py:826} INFO - Processing file /home/joha/anaconda3/lib/python3.10/site-packages/airflow/example_dags/example_task_group_decorator.py for tasks to queue
[2023-08-02T11:15:21.001-0500] {logging_mixin.py:150} INFO - [2023-08-02T11:15:21.000-0500] {dagbag.py:541} INFO - Filling up the DagBag from /home/joha/anaconda3/lib/python3.10/site-packages/airflow/example_dags/example_task_group_decorator.py
[2023-08-02T11:15:21.017-0500] {processor.py:836} INFO - DAG(s) dict_keys(['example_task_group_decorator']) retrieved from /home/joha/anaconda3/lib/python3.10/site-packages/airflow/example_dags/example_task_group_decorator.py
[2023-08-02T11:15:21.040-0500] {logging_mixin.py:150} INFO - [2023-08-02T11:15:21.040-0500] {dag.py:2742} INFO - Sync 1 DAGs
[2023-08-02T11:15:21.059-0500] {logging_mixin.py:150} INFO - [2023-08-02T11:15:21.059-0500] {dag.py:3504} INFO - Setting next_dagrun for example_task_group_decorator to 2023-08-01T16:15:21.059096+00:00, run_after=2023-08-02T16:15:21.059096+00:00
[2023-08-02T11:15:21.079-0500] {processor.py:179} INFO - Processing /home/joha/anaconda3/lib/python3.10/site-packages/airflow/example_dags/example_task_group_decorator.py took 0.083 seconds
[2023-08-02T11:16:09.811-0500] {processor.py:157} INFO - Started process (PID=106342) to work on /home/joha/anaconda3/lib/python3.10/site-packages/airflow/example_dags/example_task_group_decorator.py
[2023-08-02T11:16:09.821-0500] {processor.py:826} INFO - Processing file /home/joha/anaconda3/lib/python3.10/site-packages/airflow/example_dags/example_task_group_decorator.py for tasks to queue
[2023-08-02T11:16:09.825-0500] {logging_mixin.py:150} INFO - [2023-08-02T11:16:09.823-0500] {dagbag.py:541} INFO - Filling up the DagBag from /home/joha/anaconda3/lib/python3.10/site-packages/airflow/example_dags/example_task_group_decorator.py
[2023-08-02T11:16:09.882-0500] {processor.py:836} INFO - DAG(s) dict_keys(['example_task_group_decorator']) retrieved from /home/joha/anaconda3/lib/python3.10/site-packages/airflow/example_dags/example_task_group_decorator.py
[2023-08-02T11:16:09.911-0500] {logging_mixin.py:150} INFO - [2023-08-02T11:16:09.911-0500] {dag.py:2742} INFO - Sync 1 DAGs
[2023-08-02T11:16:09.935-0500] {logging_mixin.py:150} INFO - [2023-08-02T11:16:09.935-0500] {dag.py:3504} INFO - Setting next_dagrun for example_task_group_decorator to 2023-08-01T16:16:09.935391+00:00, run_after=2023-08-02T16:16:09.935391+00:00
[2023-08-02T11:16:09.965-0500] {processor.py:179} INFO - Processing /home/joha/anaconda3/lib/python3.10/site-packages/airflow/example_dags/example_task_group_decorator.py took 0.165 seconds
[2023-08-02T11:16:56.454-0500] {processor.py:157} INFO - Started process (PID=106462) to work on /home/joha/anaconda3/lib/python3.10/site-packages/airflow/example_dags/example_task_group_decorator.py
[2023-08-02T11:16:56.464-0500] {processor.py:826} INFO - Processing file /home/joha/anaconda3/lib/python3.10/site-packages/airflow/example_dags/example_task_group_decorator.py for tasks to queue
[2023-08-02T11:16:56.466-0500] {logging_mixin.py:150} INFO - [2023-08-02T11:16:56.465-0500] {dagbag.py:541} INFO - Filling up the DagBag from /home/joha/anaconda3/lib/python3.10/site-packages/airflow/example_dags/example_task_group_decorator.py
[2023-08-02T11:16:56.496-0500] {processor.py:836} INFO - DAG(s) dict_keys(['example_task_group_decorator']) retrieved from /home/joha/anaconda3/lib/python3.10/site-packages/airflow/example_dags/example_task_group_decorator.py
[2023-08-02T11:16:56.518-0500] {logging_mixin.py:150} INFO - [2023-08-02T11:16:56.518-0500] {dag.py:2742} INFO - Sync 1 DAGs
[2023-08-02T11:16:56.538-0500] {logging_mixin.py:150} INFO - [2023-08-02T11:16:56.538-0500] {dag.py:3504} INFO - Setting next_dagrun for example_task_group_decorator to 2023-08-01T16:16:56.538494+00:00, run_after=2023-08-02T16:16:56.538494+00:00
[2023-08-02T11:16:56.562-0500] {processor.py:179} INFO - Processing /home/joha/anaconda3/lib/python3.10/site-packages/airflow/example_dags/example_task_group_decorator.py took 0.118 seconds
[2023-08-02T11:17:41.851-0500] {processor.py:157} INFO - Started process (PID=106587) to work on /home/joha/anaconda3/lib/python3.10/site-packages/airflow/example_dags/example_task_group_decorator.py
[2023-08-02T11:17:41.859-0500] {processor.py:826} INFO - Processing file /home/joha/anaconda3/lib/python3.10/site-packages/airflow/example_dags/example_task_group_decorator.py for tasks to queue
[2023-08-02T11:17:41.860-0500] {logging_mixin.py:150} INFO - [2023-08-02T11:17:41.859-0500] {dagbag.py:541} INFO - Filling up the DagBag from /home/joha/anaconda3/lib/python3.10/site-packages/airflow/example_dags/example_task_group_decorator.py
[2023-08-02T11:17:41.878-0500] {processor.py:836} INFO - DAG(s) dict_keys(['example_task_group_decorator']) retrieved from /home/joha/anaconda3/lib/python3.10/site-packages/airflow/example_dags/example_task_group_decorator.py
[2023-08-02T11:17:41.900-0500] {logging_mixin.py:150} INFO - [2023-08-02T11:17:41.900-0500] {dag.py:2742} INFO - Sync 1 DAGs
[2023-08-02T11:17:41.920-0500] {logging_mixin.py:150} INFO - [2023-08-02T11:17:41.920-0500] {dag.py:3504} INFO - Setting next_dagrun for example_task_group_decorator to 2023-08-01T16:17:41.920270+00:00, run_after=2023-08-02T16:17:41.920270+00:00
[2023-08-02T11:17:41.943-0500] {processor.py:179} INFO - Processing /home/joha/anaconda3/lib/python3.10/site-packages/airflow/example_dags/example_task_group_decorator.py took 0.094 seconds
[2023-08-02T11:18:25.170-0500] {processor.py:157} INFO - Started process (PID=106729) to work on /home/joha/anaconda3/lib/python3.10/site-packages/airflow/example_dags/example_task_group_decorator.py
[2023-08-02T11:18:25.178-0500] {processor.py:826} INFO - Processing file /home/joha/anaconda3/lib/python3.10/site-packages/airflow/example_dags/example_task_group_decorator.py for tasks to queue
[2023-08-02T11:18:25.179-0500] {logging_mixin.py:150} INFO - [2023-08-02T11:18:25.179-0500] {dagbag.py:541} INFO - Filling up the DagBag from /home/joha/anaconda3/lib/python3.10/site-packages/airflow/example_dags/example_task_group_decorator.py
[2023-08-02T11:18:25.202-0500] {processor.py:836} INFO - DAG(s) dict_keys(['example_task_group_decorator']) retrieved from /home/joha/anaconda3/lib/python3.10/site-packages/airflow/example_dags/example_task_group_decorator.py
[2023-08-02T11:18:25.232-0500] {logging_mixin.py:150} INFO - [2023-08-02T11:18:25.232-0500] {dag.py:2742} INFO - Sync 1 DAGs
[2023-08-02T11:18:25.258-0500] {logging_mixin.py:150} INFO - [2023-08-02T11:18:25.258-0500] {dag.py:3504} INFO - Setting next_dagrun for example_task_group_decorator to 2023-08-01T16:18:25.257978+00:00, run_after=2023-08-02T16:18:25.257978+00:00
[2023-08-02T11:18:25.286-0500] {processor.py:179} INFO - Processing /home/joha/anaconda3/lib/python3.10/site-packages/airflow/example_dags/example_task_group_decorator.py took 0.119 seconds
[2023-08-02T11:19:10.171-0500] {processor.py:157} INFO - Started process (PID=106820) to work on /home/joha/anaconda3/lib/python3.10/site-packages/airflow/example_dags/example_task_group_decorator.py
[2023-08-02T11:19:10.181-0500] {processor.py:826} INFO - Processing file /home/joha/anaconda3/lib/python3.10/site-packages/airflow/example_dags/example_task_group_decorator.py for tasks to queue
[2023-08-02T11:19:10.184-0500] {logging_mixin.py:150} INFO - [2023-08-02T11:19:10.183-0500] {dagbag.py:541} INFO - Filling up the DagBag from /home/joha/anaconda3/lib/python3.10/site-packages/airflow/example_dags/example_task_group_decorator.py
[2023-08-02T11:19:10.222-0500] {processor.py:836} INFO - DAG(s) dict_keys(['example_task_group_decorator']) retrieved from /home/joha/anaconda3/lib/python3.10/site-packages/airflow/example_dags/example_task_group_decorator.py
[2023-08-02T11:19:10.246-0500] {logging_mixin.py:150} INFO - [2023-08-02T11:19:10.246-0500] {dag.py:2742} INFO - Sync 1 DAGs
[2023-08-02T11:19:10.266-0500] {logging_mixin.py:150} INFO - [2023-08-02T11:19:10.266-0500] {dag.py:3504} INFO - Setting next_dagrun for example_task_group_decorator to 2023-08-01T16:19:10.265976+00:00, run_after=2023-08-02T16:19:10.265976+00:00
[2023-08-02T11:19:10.405-0500] {processor.py:179} INFO - Processing /home/joha/anaconda3/lib/python3.10/site-packages/airflow/example_dags/example_task_group_decorator.py took 0.246 seconds
[2023-08-02T11:19:59.490-0500] {processor.py:157} INFO - Started process (PID=106925) to work on /home/joha/anaconda3/lib/python3.10/site-packages/airflow/example_dags/example_task_group_decorator.py
[2023-08-02T11:19:59.497-0500] {processor.py:826} INFO - Processing file /home/joha/anaconda3/lib/python3.10/site-packages/airflow/example_dags/example_task_group_decorator.py for tasks to queue
[2023-08-02T11:19:59.498-0500] {logging_mixin.py:150} INFO - [2023-08-02T11:19:59.498-0500] {dagbag.py:541} INFO - Filling up the DagBag from /home/joha/anaconda3/lib/python3.10/site-packages/airflow/example_dags/example_task_group_decorator.py
[2023-08-02T11:19:59.523-0500] {processor.py:836} INFO - DAG(s) dict_keys(['example_task_group_decorator']) retrieved from /home/joha/anaconda3/lib/python3.10/site-packages/airflow/example_dags/example_task_group_decorator.py
[2023-08-02T11:19:59.556-0500] {logging_mixin.py:150} INFO - [2023-08-02T11:19:59.556-0500] {dag.py:2742} INFO - Sync 1 DAGs
[2023-08-02T11:19:59.586-0500] {logging_mixin.py:150} INFO - [2023-08-02T11:19:59.586-0500] {dag.py:3504} INFO - Setting next_dagrun for example_task_group_decorator to 2023-08-01T16:19:59.586049+00:00, run_after=2023-08-02T16:19:59.586049+00:00
[2023-08-02T11:19:59.618-0500] {processor.py:179} INFO - Processing /home/joha/anaconda3/lib/python3.10/site-packages/airflow/example_dags/example_task_group_decorator.py took 0.134 seconds
[2023-08-02T11:20:48.742-0500] {processor.py:157} INFO - Started process (PID=107061) to work on /home/joha/anaconda3/lib/python3.10/site-packages/airflow/example_dags/example_task_group_decorator.py
[2023-08-02T11:20:48.751-0500] {processor.py:826} INFO - Processing file /home/joha/anaconda3/lib/python3.10/site-packages/airflow/example_dags/example_task_group_decorator.py for tasks to queue
[2023-08-02T11:20:48.752-0500] {logging_mixin.py:150} INFO - [2023-08-02T11:20:48.752-0500] {dagbag.py:541} INFO - Filling up the DagBag from /home/joha/anaconda3/lib/python3.10/site-packages/airflow/example_dags/example_task_group_decorator.py
[2023-08-02T11:20:48.782-0500] {processor.py:836} INFO - DAG(s) dict_keys(['example_task_group_decorator']) retrieved from /home/joha/anaconda3/lib/python3.10/site-packages/airflow/example_dags/example_task_group_decorator.py
[2023-08-02T11:20:48.808-0500] {logging_mixin.py:150} INFO - [2023-08-02T11:20:48.808-0500] {dag.py:2742} INFO - Sync 1 DAGs
[2023-08-02T11:20:48.840-0500] {logging_mixin.py:150} INFO - [2023-08-02T11:20:48.840-0500] {dag.py:3504} INFO - Setting next_dagrun for example_task_group_decorator to 2023-08-01T16:20:48.840143+00:00, run_after=2023-08-02T16:20:48.840143+00:00
[2023-08-02T11:20:48.864-0500] {processor.py:179} INFO - Processing /home/joha/anaconda3/lib/python3.10/site-packages/airflow/example_dags/example_task_group_decorator.py took 0.129 seconds
[2023-08-02T11:21:52.399-0500] {processor.py:157} INFO - Started process (PID=107355) to work on /home/joha/anaconda3/lib/python3.10/site-packages/airflow/example_dags/example_task_group_decorator.py
[2023-08-02T11:21:52.409-0500] {processor.py:826} INFO - Processing file /home/joha/anaconda3/lib/python3.10/site-packages/airflow/example_dags/example_task_group_decorator.py for tasks to queue
[2023-08-02T11:21:52.412-0500] {logging_mixin.py:150} INFO - [2023-08-02T11:21:52.411-0500] {dagbag.py:541} INFO - Filling up the DagBag from /home/joha/anaconda3/lib/python3.10/site-packages/airflow/example_dags/example_task_group_decorator.py
[2023-08-02T11:21:52.469-0500] {processor.py:836} INFO - DAG(s) dict_keys(['example_task_group_decorator']) retrieved from /home/joha/anaconda3/lib/python3.10/site-packages/airflow/example_dags/example_task_group_decorator.py
[2023-08-02T11:21:52.499-0500] {logging_mixin.py:150} INFO - [2023-08-02T11:21:52.498-0500] {dag.py:2742} INFO - Sync 1 DAGs
[2023-08-02T11:21:52.523-0500] {logging_mixin.py:150} INFO - [2023-08-02T11:21:52.523-0500] {dag.py:3504} INFO - Setting next_dagrun for example_task_group_decorator to 2023-08-01T16:21:52.523290+00:00, run_after=2023-08-02T16:21:52.523290+00:00
[2023-08-02T11:21:52.551-0500] {processor.py:179} INFO - Processing /home/joha/anaconda3/lib/python3.10/site-packages/airflow/example_dags/example_task_group_decorator.py took 0.164 seconds
[2023-08-02T11:22:57.693-0500] {processor.py:157} INFO - Started process (PID=107597) to work on /home/joha/anaconda3/lib/python3.10/site-packages/airflow/example_dags/example_task_group_decorator.py
[2023-08-02T11:22:57.703-0500] {processor.py:826} INFO - Processing file /home/joha/anaconda3/lib/python3.10/site-packages/airflow/example_dags/example_task_group_decorator.py for tasks to queue
[2023-08-02T11:22:57.706-0500] {logging_mixin.py:150} INFO - [2023-08-02T11:22:57.705-0500] {dagbag.py:541} INFO - Filling up the DagBag from /home/joha/anaconda3/lib/python3.10/site-packages/airflow/example_dags/example_task_group_decorator.py
[2023-08-02T11:22:57.763-0500] {processor.py:836} INFO - DAG(s) dict_keys(['example_task_group_decorator']) retrieved from /home/joha/anaconda3/lib/python3.10/site-packages/airflow/example_dags/example_task_group_decorator.py
[2023-08-02T11:22:57.794-0500] {logging_mixin.py:150} INFO - [2023-08-02T11:22:57.794-0500] {dag.py:2742} INFO - Sync 1 DAGs
[2023-08-02T11:22:57.815-0500] {logging_mixin.py:150} INFO - [2023-08-02T11:22:57.815-0500] {dag.py:3504} INFO - Setting next_dagrun for example_task_group_decorator to 2023-08-01T16:22:57.815220+00:00, run_after=2023-08-02T16:22:57.815220+00:00
[2023-08-02T11:22:57.940-0500] {processor.py:179} INFO - Processing /home/joha/anaconda3/lib/python3.10/site-packages/airflow/example_dags/example_task_group_decorator.py took 0.258 seconds
[2023-08-02T11:24:25.428-0500] {processor.py:157} INFO - Started process (PID=108246) to work on /home/joha/anaconda3/lib/python3.10/site-packages/airflow/example_dags/example_task_group_decorator.py
[2023-08-02T11:24:25.434-0500] {processor.py:826} INFO - Processing file /home/joha/anaconda3/lib/python3.10/site-packages/airflow/example_dags/example_task_group_decorator.py for tasks to queue
[2023-08-02T11:24:25.435-0500] {logging_mixin.py:150} INFO - [2023-08-02T11:24:25.435-0500] {dagbag.py:541} INFO - Filling up the DagBag from /home/joha/anaconda3/lib/python3.10/site-packages/airflow/example_dags/example_task_group_decorator.py
[2023-08-02T11:24:25.454-0500] {processor.py:836} INFO - DAG(s) dict_keys(['example_task_group_decorator']) retrieved from /home/joha/anaconda3/lib/python3.10/site-packages/airflow/example_dags/example_task_group_decorator.py
[2023-08-02T11:24:25.480-0500] {logging_mixin.py:150} INFO - [2023-08-02T11:24:25.480-0500] {dag.py:2742} INFO - Sync 1 DAGs
[2023-08-02T11:24:25.506-0500] {logging_mixin.py:150} INFO - [2023-08-02T11:24:25.506-0500] {dag.py:3504} INFO - Setting next_dagrun for example_task_group_decorator to 2023-08-01T16:24:25.505794+00:00, run_after=2023-08-02T16:24:25.505794+00:00
[2023-08-02T11:24:25.532-0500] {processor.py:179} INFO - Processing /home/joha/anaconda3/lib/python3.10/site-packages/airflow/example_dags/example_task_group_decorator.py took 0.107 seconds
[2023-08-02T11:25:42.212-0500] {processor.py:157} INFO - Started process (PID=108413) to work on /home/joha/anaconda3/lib/python3.10/site-packages/airflow/example_dags/example_task_group_decorator.py
[2023-08-02T11:25:42.220-0500] {processor.py:826} INFO - Processing file /home/joha/anaconda3/lib/python3.10/site-packages/airflow/example_dags/example_task_group_decorator.py for tasks to queue
[2023-08-02T11:25:42.222-0500] {logging_mixin.py:150} INFO - [2023-08-02T11:25:42.221-0500] {dagbag.py:541} INFO - Filling up the DagBag from /home/joha/anaconda3/lib/python3.10/site-packages/airflow/example_dags/example_task_group_decorator.py
[2023-08-02T11:25:42.242-0500] {processor.py:836} INFO - DAG(s) dict_keys(['example_task_group_decorator']) retrieved from /home/joha/anaconda3/lib/python3.10/site-packages/airflow/example_dags/example_task_group_decorator.py
[2023-08-02T11:25:42.265-0500] {logging_mixin.py:150} INFO - [2023-08-02T11:25:42.265-0500] {dag.py:2742} INFO - Sync 1 DAGs
[2023-08-02T11:25:42.286-0500] {logging_mixin.py:150} INFO - [2023-08-02T11:25:42.286-0500] {dag.py:3504} INFO - Setting next_dagrun for example_task_group_decorator to 2023-08-01T16:25:42.285725+00:00, run_after=2023-08-02T16:25:42.285725+00:00
[2023-08-02T11:25:42.307-0500] {processor.py:179} INFO - Processing /home/joha/anaconda3/lib/python3.10/site-packages/airflow/example_dags/example_task_group_decorator.py took 0.103 seconds
