[2023-08-01T20:26:00.243-0500] {processor.py:157} INFO - Started process (PID=99580) to work on /home/joha/anaconda3/lib/python3.10/site-packages/airflow/example_dags/example_trigger_target_dag.py
[2023-08-01T20:26:00.244-0500] {processor.py:826} INFO - Processing file /home/joha/anaconda3/lib/python3.10/site-packages/airflow/example_dags/example_trigger_target_dag.py for tasks to queue
[2023-08-01T20:26:00.245-0500] {logging_mixin.py:150} INFO - [2023-08-01T20:26:00.245-0500] {dagbag.py:541} INFO - Filling up the DagBag from /home/joha/anaconda3/lib/python3.10/site-packages/airflow/example_dags/example_trigger_target_dag.py
[2023-08-01T20:26:00.253-0500] {processor.py:836} INFO - DAG(s) dict_keys(['example_trigger_target_dag']) retrieved from /home/joha/anaconda3/lib/python3.10/site-packages/airflow/example_dags/example_trigger_target_dag.py
[2023-08-01T20:26:00.271-0500] {logging_mixin.py:150} INFO - [2023-08-01T20:26:00.271-0500] {dag.py:2742} INFO - Sync 1 DAGs
[2023-08-01T20:26:00.290-0500] {logging_mixin.py:150} INFO - [2023-08-01T20:26:00.290-0500] {dag.py:3504} INFO - Setting next_dagrun for example_trigger_target_dag to None, run_after=None
[2023-08-01T20:26:00.316-0500] {processor.py:179} INFO - Processing /home/joha/anaconda3/lib/python3.10/site-packages/airflow/example_dags/example_trigger_target_dag.py took 0.077 seconds
[2023-08-02T11:08:30.119-0500] {processor.py:157} INFO - Started process (PID=105219) to work on /home/joha/anaconda3/lib/python3.10/site-packages/airflow/example_dags/example_trigger_target_dag.py
[2023-08-02T11:08:30.132-0500] {processor.py:826} INFO - Processing file /home/joha/anaconda3/lib/python3.10/site-packages/airflow/example_dags/example_trigger_target_dag.py for tasks to queue
[2023-08-02T11:08:30.135-0500] {logging_mixin.py:150} INFO - [2023-08-02T11:08:30.134-0500] {dagbag.py:541} INFO - Filling up the DagBag from /home/joha/anaconda3/lib/python3.10/site-packages/airflow/example_dags/example_trigger_target_dag.py
[2023-08-02T11:08:30.148-0500] {processor.py:836} INFO - DAG(s) dict_keys(['example_trigger_target_dag']) retrieved from /home/joha/anaconda3/lib/python3.10/site-packages/airflow/example_dags/example_trigger_target_dag.py
[2023-08-02T11:08:30.173-0500] {logging_mixin.py:150} INFO - [2023-08-02T11:08:30.173-0500] {dag.py:2742} INFO - Sync 1 DAGs
[2023-08-02T11:08:30.204-0500] {logging_mixin.py:150} INFO - [2023-08-02T11:08:30.203-0500] {dag.py:3504} INFO - Setting next_dagrun for example_trigger_target_dag to None, run_after=None
[2023-08-02T11:08:30.237-0500] {processor.py:179} INFO - Processing /home/joha/anaconda3/lib/python3.10/site-packages/airflow/example_dags/example_trigger_target_dag.py took 0.134 seconds
[2023-08-02T11:09:24.170-0500] {processor.py:157} INFO - Started process (PID=105320) to work on /home/joha/anaconda3/lib/python3.10/site-packages/airflow/example_dags/example_trigger_target_dag.py
[2023-08-02T11:09:24.180-0500] {processor.py:826} INFO - Processing file /home/joha/anaconda3/lib/python3.10/site-packages/airflow/example_dags/example_trigger_target_dag.py for tasks to queue
[2023-08-02T11:09:24.184-0500] {logging_mixin.py:150} INFO - [2023-08-02T11:09:24.183-0500] {dagbag.py:541} INFO - Filling up the DagBag from /home/joha/anaconda3/lib/python3.10/site-packages/airflow/example_dags/example_trigger_target_dag.py
[2023-08-02T11:09:24.212-0500] {processor.py:836} INFO - DAG(s) dict_keys(['example_trigger_target_dag']) retrieved from /home/joha/anaconda3/lib/python3.10/site-packages/airflow/example_dags/example_trigger_target_dag.py
[2023-08-02T11:09:24.264-0500] {logging_mixin.py:150} INFO - [2023-08-02T11:09:24.263-0500] {dag.py:2742} INFO - Sync 1 DAGs
[2023-08-02T11:09:24.290-0500] {logging_mixin.py:150} INFO - [2023-08-02T11:09:24.290-0500] {dag.py:3504} INFO - Setting next_dagrun for example_trigger_target_dag to None, run_after=None
[2023-08-02T11:09:24.319-0500] {processor.py:179} INFO - Processing /home/joha/anaconda3/lib/python3.10/site-packages/airflow/example_dags/example_trigger_target_dag.py took 0.161 seconds
[2023-08-02T11:10:11.595-0500] {processor.py:157} INFO - Started process (PID=105489) to work on /home/joha/anaconda3/lib/python3.10/site-packages/airflow/example_dags/example_trigger_target_dag.py
[2023-08-02T11:10:11.604-0500] {processor.py:826} INFO - Processing file /home/joha/anaconda3/lib/python3.10/site-packages/airflow/example_dags/example_trigger_target_dag.py for tasks to queue
[2023-08-02T11:10:11.608-0500] {logging_mixin.py:150} INFO - [2023-08-02T11:10:11.607-0500] {dagbag.py:541} INFO - Filling up the DagBag from /home/joha/anaconda3/lib/python3.10/site-packages/airflow/example_dags/example_trigger_target_dag.py
[2023-08-02T11:10:11.637-0500] {processor.py:836} INFO - DAG(s) dict_keys(['example_trigger_target_dag']) retrieved from /home/joha/anaconda3/lib/python3.10/site-packages/airflow/example_dags/example_trigger_target_dag.py
[2023-08-02T11:10:11.685-0500] {logging_mixin.py:150} INFO - [2023-08-02T11:10:11.684-0500] {dag.py:2742} INFO - Sync 1 DAGs
[2023-08-02T11:10:11.710-0500] {logging_mixin.py:150} INFO - [2023-08-02T11:10:11.710-0500] {dag.py:3504} INFO - Setting next_dagrun for example_trigger_target_dag to None, run_after=None
[2023-08-02T11:10:11.743-0500] {processor.py:179} INFO - Processing /home/joha/anaconda3/lib/python3.10/site-packages/airflow/example_dags/example_trigger_target_dag.py took 0.151 seconds
[2023-08-02T11:11:03.709-0500] {processor.py:157} INFO - Started process (PID=105617) to work on /home/joha/anaconda3/lib/python3.10/site-packages/airflow/example_dags/example_trigger_target_dag.py
[2023-08-02T11:11:03.716-0500] {processor.py:826} INFO - Processing file /home/joha/anaconda3/lib/python3.10/site-packages/airflow/example_dags/example_trigger_target_dag.py for tasks to queue
[2023-08-02T11:11:03.718-0500] {logging_mixin.py:150} INFO - [2023-08-02T11:11:03.718-0500] {dagbag.py:541} INFO - Filling up the DagBag from /home/joha/anaconda3/lib/python3.10/site-packages/airflow/example_dags/example_trigger_target_dag.py
[2023-08-02T11:11:03.726-0500] {processor.py:836} INFO - DAG(s) dict_keys(['example_trigger_target_dag']) retrieved from /home/joha/anaconda3/lib/python3.10/site-packages/airflow/example_dags/example_trigger_target_dag.py
[2023-08-02T11:11:03.746-0500] {logging_mixin.py:150} INFO - [2023-08-02T11:11:03.745-0500] {dag.py:2742} INFO - Sync 1 DAGs
[2023-08-02T11:11:03.769-0500] {logging_mixin.py:150} INFO - [2023-08-02T11:11:03.768-0500] {dag.py:3504} INFO - Setting next_dagrun for example_trigger_target_dag to None, run_after=None
[2023-08-02T11:11:03.795-0500] {processor.py:179} INFO - Processing /home/joha/anaconda3/lib/python3.10/site-packages/airflow/example_dags/example_trigger_target_dag.py took 0.090 seconds
[2023-08-02T11:11:54.447-0500] {processor.py:157} INFO - Started process (PID=105771) to work on /home/joha/anaconda3/lib/python3.10/site-packages/airflow/example_dags/example_trigger_target_dag.py
[2023-08-02T11:11:54.455-0500] {processor.py:826} INFO - Processing file /home/joha/anaconda3/lib/python3.10/site-packages/airflow/example_dags/example_trigger_target_dag.py for tasks to queue
[2023-08-02T11:11:54.458-0500] {logging_mixin.py:150} INFO - [2023-08-02T11:11:54.457-0500] {dagbag.py:541} INFO - Filling up the DagBag from /home/joha/anaconda3/lib/python3.10/site-packages/airflow/example_dags/example_trigger_target_dag.py
[2023-08-02T11:11:54.471-0500] {processor.py:836} INFO - DAG(s) dict_keys(['example_trigger_target_dag']) retrieved from /home/joha/anaconda3/lib/python3.10/site-packages/airflow/example_dags/example_trigger_target_dag.py
[2023-08-02T11:11:54.490-0500] {logging_mixin.py:150} INFO - [2023-08-02T11:11:54.490-0500] {dag.py:2742} INFO - Sync 1 DAGs
[2023-08-02T11:11:54.509-0500] {logging_mixin.py:150} INFO - [2023-08-02T11:11:54.509-0500] {dag.py:3504} INFO - Setting next_dagrun for example_trigger_target_dag to None, run_after=None
[2023-08-02T11:11:54.529-0500] {processor.py:179} INFO - Processing /home/joha/anaconda3/lib/python3.10/site-packages/airflow/example_dags/example_trigger_target_dag.py took 0.086 seconds
[2023-08-02T11:12:39.780-0500] {processor.py:157} INFO - Started process (PID=105871) to work on /home/joha/anaconda3/lib/python3.10/site-packages/airflow/example_dags/example_trigger_target_dag.py
[2023-08-02T11:12:39.788-0500] {processor.py:826} INFO - Processing file /home/joha/anaconda3/lib/python3.10/site-packages/airflow/example_dags/example_trigger_target_dag.py for tasks to queue
[2023-08-02T11:12:39.789-0500] {logging_mixin.py:150} INFO - [2023-08-02T11:12:39.789-0500] {dagbag.py:541} INFO - Filling up the DagBag from /home/joha/anaconda3/lib/python3.10/site-packages/airflow/example_dags/example_trigger_target_dag.py
[2023-08-02T11:12:39.796-0500] {processor.py:836} INFO - DAG(s) dict_keys(['example_trigger_target_dag']) retrieved from /home/joha/anaconda3/lib/python3.10/site-packages/airflow/example_dags/example_trigger_target_dag.py
[2023-08-02T11:12:39.815-0500] {logging_mixin.py:150} INFO - [2023-08-02T11:12:39.814-0500] {dag.py:2742} INFO - Sync 1 DAGs
[2023-08-02T11:12:39.835-0500] {logging_mixin.py:150} INFO - [2023-08-02T11:12:39.835-0500] {dag.py:3504} INFO - Setting next_dagrun for example_trigger_target_dag to None, run_after=None
[2023-08-02T11:12:39.864-0500] {processor.py:179} INFO - Processing /home/joha/anaconda3/lib/python3.10/site-packages/airflow/example_dags/example_trigger_target_dag.py took 0.087 seconds
[2023-08-02T11:13:26.079-0500] {processor.py:157} INFO - Started process (PID=105965) to work on /home/joha/anaconda3/lib/python3.10/site-packages/airflow/example_dags/example_trigger_target_dag.py
[2023-08-02T11:13:26.087-0500] {processor.py:826} INFO - Processing file /home/joha/anaconda3/lib/python3.10/site-packages/airflow/example_dags/example_trigger_target_dag.py for tasks to queue
[2023-08-02T11:13:26.088-0500] {logging_mixin.py:150} INFO - [2023-08-02T11:13:26.088-0500] {dagbag.py:541} INFO - Filling up the DagBag from /home/joha/anaconda3/lib/python3.10/site-packages/airflow/example_dags/example_trigger_target_dag.py
[2023-08-02T11:13:26.096-0500] {processor.py:836} INFO - DAG(s) dict_keys(['example_trigger_target_dag']) retrieved from /home/joha/anaconda3/lib/python3.10/site-packages/airflow/example_dags/example_trigger_target_dag.py
[2023-08-02T11:13:26.115-0500] {logging_mixin.py:150} INFO - [2023-08-02T11:13:26.115-0500] {dag.py:2742} INFO - Sync 1 DAGs
[2023-08-02T11:13:26.139-0500] {logging_mixin.py:150} INFO - [2023-08-02T11:13:26.138-0500] {dag.py:3504} INFO - Setting next_dagrun for example_trigger_target_dag to None, run_after=None
[2023-08-02T11:13:26.160-0500] {processor.py:179} INFO - Processing /home/joha/anaconda3/lib/python3.10/site-packages/airflow/example_dags/example_trigger_target_dag.py took 0.085 seconds
[2023-08-02T11:14:06.642-0500] {processor.py:157} INFO - Started process (PID=106022) to work on /home/joha/anaconda3/lib/python3.10/site-packages/airflow/example_dags/example_trigger_target_dag.py
[2023-08-02T11:14:06.650-0500] {processor.py:826} INFO - Processing file /home/joha/anaconda3/lib/python3.10/site-packages/airflow/example_dags/example_trigger_target_dag.py for tasks to queue
[2023-08-02T11:14:06.650-0500] {logging_mixin.py:150} INFO - [2023-08-02T11:14:06.650-0500] {dagbag.py:541} INFO - Filling up the DagBag from /home/joha/anaconda3/lib/python3.10/site-packages/airflow/example_dags/example_trigger_target_dag.py
[2023-08-02T11:14:06.662-0500] {processor.py:836} INFO - DAG(s) dict_keys(['example_trigger_target_dag']) retrieved from /home/joha/anaconda3/lib/python3.10/site-packages/airflow/example_dags/example_trigger_target_dag.py
[2023-08-02T11:14:06.693-0500] {logging_mixin.py:150} INFO - [2023-08-02T11:14:06.693-0500] {dag.py:2742} INFO - Sync 1 DAGs
[2023-08-02T11:14:06.730-0500] {logging_mixin.py:150} INFO - [2023-08-02T11:14:06.730-0500] {dag.py:3504} INFO - Setting next_dagrun for example_trigger_target_dag to None, run_after=None
[2023-08-02T11:14:06.767-0500] {processor.py:179} INFO - Processing /home/joha/anaconda3/lib/python3.10/site-packages/airflow/example_dags/example_trigger_target_dag.py took 0.131 seconds
[2023-08-02T11:14:49.226-0500] {processor.py:157} INFO - Started process (PID=106084) to work on /home/joha/anaconda3/lib/python3.10/site-packages/airflow/example_dags/example_trigger_target_dag.py
[2023-08-02T11:14:49.234-0500] {processor.py:826} INFO - Processing file /home/joha/anaconda3/lib/python3.10/site-packages/airflow/example_dags/example_trigger_target_dag.py for tasks to queue
[2023-08-02T11:14:49.236-0500] {logging_mixin.py:150} INFO - [2023-08-02T11:14:49.235-0500] {dagbag.py:541} INFO - Filling up the DagBag from /home/joha/anaconda3/lib/python3.10/site-packages/airflow/example_dags/example_trigger_target_dag.py
[2023-08-02T11:14:49.248-0500] {processor.py:836} INFO - DAG(s) dict_keys(['example_trigger_target_dag']) retrieved from /home/joha/anaconda3/lib/python3.10/site-packages/airflow/example_dags/example_trigger_target_dag.py
[2023-08-02T11:14:49.276-0500] {logging_mixin.py:150} INFO - [2023-08-02T11:14:49.276-0500] {dag.py:2742} INFO - Sync 1 DAGs
[2023-08-02T11:14:49.297-0500] {logging_mixin.py:150} INFO - [2023-08-02T11:14:49.296-0500] {dag.py:3504} INFO - Setting next_dagrun for example_trigger_target_dag to None, run_after=None
[2023-08-02T11:14:49.318-0500] {processor.py:179} INFO - Processing /home/joha/anaconda3/lib/python3.10/site-packages/airflow/example_dags/example_trigger_target_dag.py took 0.098 seconds
[2023-08-02T11:15:37.591-0500] {processor.py:157} INFO - Started process (PID=106249) to work on /home/joha/anaconda3/lib/python3.10/site-packages/airflow/example_dags/example_trigger_target_dag.py
[2023-08-02T11:15:37.600-0500] {processor.py:826} INFO - Processing file /home/joha/anaconda3/lib/python3.10/site-packages/airflow/example_dags/example_trigger_target_dag.py for tasks to queue
[2023-08-02T11:15:37.603-0500] {logging_mixin.py:150} INFO - [2023-08-02T11:15:37.601-0500] {dagbag.py:541} INFO - Filling up the DagBag from /home/joha/anaconda3/lib/python3.10/site-packages/airflow/example_dags/example_trigger_target_dag.py
[2023-08-02T11:15:37.623-0500] {processor.py:836} INFO - DAG(s) dict_keys(['example_trigger_target_dag']) retrieved from /home/joha/anaconda3/lib/python3.10/site-packages/airflow/example_dags/example_trigger_target_dag.py
[2023-08-02T11:15:37.643-0500] {logging_mixin.py:150} INFO - [2023-08-02T11:15:37.643-0500] {dag.py:2742} INFO - Sync 1 DAGs
[2023-08-02T11:15:37.662-0500] {logging_mixin.py:150} INFO - [2023-08-02T11:15:37.662-0500] {dag.py:3504} INFO - Setting next_dagrun for example_trigger_target_dag to None, run_after=None
[2023-08-02T11:15:37.683-0500] {processor.py:179} INFO - Processing /home/joha/anaconda3/lib/python3.10/site-packages/airflow/example_dags/example_trigger_target_dag.py took 0.097 seconds
[2023-08-02T11:16:27.415-0500] {processor.py:157} INFO - Started process (PID=106384) to work on /home/joha/anaconda3/lib/python3.10/site-packages/airflow/example_dags/example_trigger_target_dag.py
[2023-08-02T11:16:27.424-0500] {processor.py:826} INFO - Processing file /home/joha/anaconda3/lib/python3.10/site-packages/airflow/example_dags/example_trigger_target_dag.py for tasks to queue
[2023-08-02T11:16:27.427-0500] {logging_mixin.py:150} INFO - [2023-08-02T11:16:27.426-0500] {dagbag.py:541} INFO - Filling up the DagBag from /home/joha/anaconda3/lib/python3.10/site-packages/airflow/example_dags/example_trigger_target_dag.py
[2023-08-02T11:16:27.446-0500] {processor.py:836} INFO - DAG(s) dict_keys(['example_trigger_target_dag']) retrieved from /home/joha/anaconda3/lib/python3.10/site-packages/airflow/example_dags/example_trigger_target_dag.py
[2023-08-02T11:16:27.466-0500] {logging_mixin.py:150} INFO - [2023-08-02T11:16:27.466-0500] {dag.py:2742} INFO - Sync 1 DAGs
[2023-08-02T11:16:27.485-0500] {logging_mixin.py:150} INFO - [2023-08-02T11:16:27.484-0500] {dag.py:3504} INFO - Setting next_dagrun for example_trigger_target_dag to None, run_after=None
[2023-08-02T11:16:27.504-0500] {processor.py:179} INFO - Processing /home/joha/anaconda3/lib/python3.10/site-packages/airflow/example_dags/example_trigger_target_dag.py took 0.093 seconds
[2023-08-02T11:17:13.561-0500] {processor.py:157} INFO - Started process (PID=106500) to work on /home/joha/anaconda3/lib/python3.10/site-packages/airflow/example_dags/example_trigger_target_dag.py
[2023-08-02T11:17:13.571-0500] {processor.py:826} INFO - Processing file /home/joha/anaconda3/lib/python3.10/site-packages/airflow/example_dags/example_trigger_target_dag.py for tasks to queue
[2023-08-02T11:17:13.576-0500] {logging_mixin.py:150} INFO - [2023-08-02T11:17:13.574-0500] {dagbag.py:541} INFO - Filling up the DagBag from /home/joha/anaconda3/lib/python3.10/site-packages/airflow/example_dags/example_trigger_target_dag.py
[2023-08-02T11:17:13.604-0500] {processor.py:836} INFO - DAG(s) dict_keys(['example_trigger_target_dag']) retrieved from /home/joha/anaconda3/lib/python3.10/site-packages/airflow/example_dags/example_trigger_target_dag.py
[2023-08-02T11:17:13.654-0500] {logging_mixin.py:150} INFO - [2023-08-02T11:17:13.654-0500] {dag.py:2742} INFO - Sync 1 DAGs
[2023-08-02T11:17:13.678-0500] {logging_mixin.py:150} INFO - [2023-08-02T11:17:13.678-0500] {dag.py:3504} INFO - Setting next_dagrun for example_trigger_target_dag to None, run_after=None
[2023-08-02T11:17:13.703-0500] {processor.py:179} INFO - Processing /home/joha/anaconda3/lib/python3.10/site-packages/airflow/example_dags/example_trigger_target_dag.py took 0.154 seconds
[2023-08-02T11:17:55.936-0500] {processor.py:157} INFO - Started process (PID=106643) to work on /home/joha/anaconda3/lib/python3.10/site-packages/airflow/example_dags/example_trigger_target_dag.py
[2023-08-02T11:17:55.946-0500] {processor.py:826} INFO - Processing file /home/joha/anaconda3/lib/python3.10/site-packages/airflow/example_dags/example_trigger_target_dag.py for tasks to queue
[2023-08-02T11:17:55.949-0500] {logging_mixin.py:150} INFO - [2023-08-02T11:17:55.947-0500] {dagbag.py:541} INFO - Filling up the DagBag from /home/joha/anaconda3/lib/python3.10/site-packages/airflow/example_dags/example_trigger_target_dag.py
[2023-08-02T11:17:55.964-0500] {processor.py:836} INFO - DAG(s) dict_keys(['example_trigger_target_dag']) retrieved from /home/joha/anaconda3/lib/python3.10/site-packages/airflow/example_dags/example_trigger_target_dag.py
[2023-08-02T11:17:55.984-0500] {logging_mixin.py:150} INFO - [2023-08-02T11:17:55.983-0500] {dag.py:2742} INFO - Sync 1 DAGs
[2023-08-02T11:17:56.006-0500] {logging_mixin.py:150} INFO - [2023-08-02T11:17:56.005-0500] {dag.py:3504} INFO - Setting next_dagrun for example_trigger_target_dag to None, run_after=None
[2023-08-02T11:17:56.027-0500] {processor.py:179} INFO - Processing /home/joha/anaconda3/lib/python3.10/site-packages/airflow/example_dags/example_trigger_target_dag.py took 0.100 seconds
[2023-08-02T11:18:40.308-0500] {processor.py:157} INFO - Started process (PID=106759) to work on /home/joha/anaconda3/lib/python3.10/site-packages/airflow/example_dags/example_trigger_target_dag.py
[2023-08-02T11:18:40.318-0500] {processor.py:826} INFO - Processing file /home/joha/anaconda3/lib/python3.10/site-packages/airflow/example_dags/example_trigger_target_dag.py for tasks to queue
[2023-08-02T11:18:40.321-0500] {logging_mixin.py:150} INFO - [2023-08-02T11:18:40.320-0500] {dagbag.py:541} INFO - Filling up the DagBag from /home/joha/anaconda3/lib/python3.10/site-packages/airflow/example_dags/example_trigger_target_dag.py
[2023-08-02T11:18:40.337-0500] {processor.py:836} INFO - DAG(s) dict_keys(['example_trigger_target_dag']) retrieved from /home/joha/anaconda3/lib/python3.10/site-packages/airflow/example_dags/example_trigger_target_dag.py
[2023-08-02T11:18:40.355-0500] {logging_mixin.py:150} INFO - [2023-08-02T11:18:40.355-0500] {dag.py:2742} INFO - Sync 1 DAGs
[2023-08-02T11:18:40.374-0500] {logging_mixin.py:150} INFO - [2023-08-02T11:18:40.373-0500] {dag.py:3504} INFO - Setting next_dagrun for example_trigger_target_dag to None, run_after=None
[2023-08-02T11:18:40.394-0500] {processor.py:179} INFO - Processing /home/joha/anaconda3/lib/python3.10/site-packages/airflow/example_dags/example_trigger_target_dag.py took 0.097 seconds
[2023-08-02T11:19:27.734-0500] {processor.py:157} INFO - Started process (PID=106869) to work on /home/joha/anaconda3/lib/python3.10/site-packages/airflow/example_dags/example_trigger_target_dag.py
[2023-08-02T11:19:27.741-0500] {processor.py:826} INFO - Processing file /home/joha/anaconda3/lib/python3.10/site-packages/airflow/example_dags/example_trigger_target_dag.py for tasks to queue
[2023-08-02T11:19:27.743-0500] {logging_mixin.py:150} INFO - [2023-08-02T11:19:27.742-0500] {dagbag.py:541} INFO - Filling up the DagBag from /home/joha/anaconda3/lib/python3.10/site-packages/airflow/example_dags/example_trigger_target_dag.py
[2023-08-02T11:19:27.757-0500] {processor.py:836} INFO - DAG(s) dict_keys(['example_trigger_target_dag']) retrieved from /home/joha/anaconda3/lib/python3.10/site-packages/airflow/example_dags/example_trigger_target_dag.py
[2023-08-02T11:19:27.782-0500] {logging_mixin.py:150} INFO - [2023-08-02T11:19:27.782-0500] {dag.py:2742} INFO - Sync 1 DAGs
[2023-08-02T11:19:27.802-0500] {logging_mixin.py:150} INFO - [2023-08-02T11:19:27.802-0500] {dag.py:3504} INFO - Setting next_dagrun for example_trigger_target_dag to None, run_after=None
[2023-08-02T11:19:27.821-0500] {processor.py:179} INFO - Processing /home/joha/anaconda3/lib/python3.10/site-packages/airflow/example_dags/example_trigger_target_dag.py took 0.092 seconds
[2023-08-02T11:20:16.769-0500] {processor.py:157} INFO - Started process (PID=106959) to work on /home/joha/anaconda3/lib/python3.10/site-packages/airflow/example_dags/example_trigger_target_dag.py
[2023-08-02T11:20:16.777-0500] {processor.py:826} INFO - Processing file /home/joha/anaconda3/lib/python3.10/site-packages/airflow/example_dags/example_trigger_target_dag.py for tasks to queue
[2023-08-02T11:20:16.778-0500] {logging_mixin.py:150} INFO - [2023-08-02T11:20:16.778-0500] {dagbag.py:541} INFO - Filling up the DagBag from /home/joha/anaconda3/lib/python3.10/site-packages/airflow/example_dags/example_trigger_target_dag.py
[2023-08-02T11:20:16.787-0500] {processor.py:836} INFO - DAG(s) dict_keys(['example_trigger_target_dag']) retrieved from /home/joha/anaconda3/lib/python3.10/site-packages/airflow/example_dags/example_trigger_target_dag.py
[2023-08-02T11:20:16.818-0500] {logging_mixin.py:150} INFO - [2023-08-02T11:20:16.818-0500] {dag.py:2742} INFO - Sync 1 DAGs
[2023-08-02T11:20:16.853-0500] {logging_mixin.py:150} INFO - [2023-08-02T11:20:16.853-0500] {dag.py:3504} INFO - Setting next_dagrun for example_trigger_target_dag to None, run_after=None
[2023-08-02T11:20:16.898-0500] {processor.py:179} INFO - Processing /home/joha/anaconda3/lib/python3.10/site-packages/airflow/example_dags/example_trigger_target_dag.py took 0.134 seconds
[2023-08-02T11:21:14.057-0500] {processor.py:157} INFO - Started process (PID=107111) to work on /home/joha/anaconda3/lib/python3.10/site-packages/airflow/example_dags/example_trigger_target_dag.py
[2023-08-02T11:21:14.065-0500] {processor.py:826} INFO - Processing file /home/joha/anaconda3/lib/python3.10/site-packages/airflow/example_dags/example_trigger_target_dag.py for tasks to queue
[2023-08-02T11:21:14.068-0500] {logging_mixin.py:150} INFO - [2023-08-02T11:21:14.066-0500] {dagbag.py:541} INFO - Filling up the DagBag from /home/joha/anaconda3/lib/python3.10/site-packages/airflow/example_dags/example_trigger_target_dag.py
[2023-08-02T11:21:14.086-0500] {processor.py:836} INFO - DAG(s) dict_keys(['example_trigger_target_dag']) retrieved from /home/joha/anaconda3/lib/python3.10/site-packages/airflow/example_dags/example_trigger_target_dag.py
[2023-08-02T11:21:14.109-0500] {logging_mixin.py:150} INFO - [2023-08-02T11:21:14.109-0500] {dag.py:2742} INFO - Sync 1 DAGs
[2023-08-02T11:21:14.130-0500] {logging_mixin.py:150} INFO - [2023-08-02T11:21:14.130-0500] {dag.py:3504} INFO - Setting next_dagrun for example_trigger_target_dag to None, run_after=None
[2023-08-02T11:21:14.151-0500] {processor.py:179} INFO - Processing /home/joha/anaconda3/lib/python3.10/site-packages/airflow/example_dags/example_trigger_target_dag.py took 0.098 seconds
[2023-08-02T11:22:13.089-0500] {processor.py:157} INFO - Started process (PID=107425) to work on /home/joha/anaconda3/lib/python3.10/site-packages/airflow/example_dags/example_trigger_target_dag.py
[2023-08-02T11:22:13.100-0500] {processor.py:826} INFO - Processing file /home/joha/anaconda3/lib/python3.10/site-packages/airflow/example_dags/example_trigger_target_dag.py for tasks to queue
[2023-08-02T11:22:13.104-0500] {logging_mixin.py:150} INFO - [2023-08-02T11:22:13.103-0500] {dagbag.py:541} INFO - Filling up the DagBag from /home/joha/anaconda3/lib/python3.10/site-packages/airflow/example_dags/example_trigger_target_dag.py
[2023-08-02T11:22:13.138-0500] {processor.py:836} INFO - DAG(s) dict_keys(['example_trigger_target_dag']) retrieved from /home/joha/anaconda3/lib/python3.10/site-packages/airflow/example_dags/example_trigger_target_dag.py
[2023-08-02T11:22:13.182-0500] {logging_mixin.py:150} INFO - [2023-08-02T11:22:13.182-0500] {dag.py:2742} INFO - Sync 1 DAGs
[2023-08-02T11:22:13.203-0500] {logging_mixin.py:150} INFO - [2023-08-02T11:22:13.203-0500] {dag.py:3504} INFO - Setting next_dagrun for example_trigger_target_dag to None, run_after=None
[2023-08-02T11:22:13.224-0500] {processor.py:179} INFO - Processing /home/joha/anaconda3/lib/python3.10/site-packages/airflow/example_dags/example_trigger_target_dag.py took 0.150 seconds
[2023-08-02T11:23:36.073-0500] {processor.py:157} INFO - Started process (PID=108125) to work on /home/joha/anaconda3/lib/python3.10/site-packages/airflow/example_dags/example_trigger_target_dag.py
[2023-08-02T11:23:36.077-0500] {processor.py:826} INFO - Processing file /home/joha/anaconda3/lib/python3.10/site-packages/airflow/example_dags/example_trigger_target_dag.py for tasks to queue
[2023-08-02T11:23:36.078-0500] {logging_mixin.py:150} INFO - [2023-08-02T11:23:36.078-0500] {dagbag.py:541} INFO - Filling up the DagBag from /home/joha/anaconda3/lib/python3.10/site-packages/airflow/example_dags/example_trigger_target_dag.py
[2023-08-02T11:23:36.087-0500] {processor.py:836} INFO - DAG(s) dict_keys(['example_trigger_target_dag']) retrieved from /home/joha/anaconda3/lib/python3.10/site-packages/airflow/example_dags/example_trigger_target_dag.py
[2023-08-02T11:23:36.109-0500] {logging_mixin.py:150} INFO - [2023-08-02T11:23:36.108-0500] {dag.py:2742} INFO - Sync 1 DAGs
[2023-08-02T11:23:36.138-0500] {logging_mixin.py:150} INFO - [2023-08-02T11:23:36.138-0500] {dag.py:3504} INFO - Setting next_dagrun for example_trigger_target_dag to None, run_after=None
[2023-08-02T11:23:36.401-0500] {processor.py:179} INFO - Processing /home/joha/anaconda3/lib/python3.10/site-packages/airflow/example_dags/example_trigger_target_dag.py took 0.332 seconds
[2023-08-02T11:25:06.773-0500] {processor.py:157} INFO - Started process (PID=108355) to work on /home/joha/anaconda3/lib/python3.10/site-packages/airflow/example_dags/example_trigger_target_dag.py
[2023-08-02T11:25:06.781-0500] {processor.py:826} INFO - Processing file /home/joha/anaconda3/lib/python3.10/site-packages/airflow/example_dags/example_trigger_target_dag.py for tasks to queue
[2023-08-02T11:25:06.782-0500] {logging_mixin.py:150} INFO - [2023-08-02T11:25:06.782-0500] {dagbag.py:541} INFO - Filling up the DagBag from /home/joha/anaconda3/lib/python3.10/site-packages/airflow/example_dags/example_trigger_target_dag.py
[2023-08-02T11:25:06.791-0500] {processor.py:836} INFO - DAG(s) dict_keys(['example_trigger_target_dag']) retrieved from /home/joha/anaconda3/lib/python3.10/site-packages/airflow/example_dags/example_trigger_target_dag.py
[2023-08-02T11:25:06.812-0500] {logging_mixin.py:150} INFO - [2023-08-02T11:25:06.811-0500] {dag.py:2742} INFO - Sync 1 DAGs
[2023-08-02T11:25:06.837-0500] {logging_mixin.py:150} INFO - [2023-08-02T11:25:06.836-0500] {dag.py:3504} INFO - Setting next_dagrun for example_trigger_target_dag to None, run_after=None
[2023-08-02T11:25:06.990-0500] {processor.py:179} INFO - Processing /home/joha/anaconda3/lib/python3.10/site-packages/airflow/example_dags/example_trigger_target_dag.py took 0.219 seconds
[2023-08-02T11:26:04.337-0500] {processor.py:157} INFO - Started process (PID=108448) to work on /home/joha/anaconda3/lib/python3.10/site-packages/airflow/example_dags/example_trigger_target_dag.py
[2023-08-02T11:26:04.345-0500] {processor.py:826} INFO - Processing file /home/joha/anaconda3/lib/python3.10/site-packages/airflow/example_dags/example_trigger_target_dag.py for tasks to queue
[2023-08-02T11:26:04.346-0500] {logging_mixin.py:150} INFO - [2023-08-02T11:26:04.345-0500] {dagbag.py:541} INFO - Filling up the DagBag from /home/joha/anaconda3/lib/python3.10/site-packages/airflow/example_dags/example_trigger_target_dag.py
[2023-08-02T11:26:04.354-0500] {processor.py:836} INFO - DAG(s) dict_keys(['example_trigger_target_dag']) retrieved from /home/joha/anaconda3/lib/python3.10/site-packages/airflow/example_dags/example_trigger_target_dag.py
[2023-08-02T11:26:04.374-0500] {logging_mixin.py:150} INFO - [2023-08-02T11:26:04.374-0500] {dag.py:2742} INFO - Sync 1 DAGs
[2023-08-02T11:26:04.398-0500] {logging_mixin.py:150} INFO - [2023-08-02T11:26:04.398-0500] {dag.py:3504} INFO - Setting next_dagrun for example_trigger_target_dag to None, run_after=None
[2023-08-02T11:26:04.426-0500] {processor.py:179} INFO - Processing /home/joha/anaconda3/lib/python3.10/site-packages/airflow/example_dags/example_trigger_target_dag.py took 0.093 seconds
