[2023-08-01T20:25:56.305-0500] {processor.py:157} INFO - Started process (PID=99576) to work on /home/joha/anaconda3/lib/python3.10/site-packages/airflow/example_dags/example_time_delta_sensor_async.py
[2023-08-01T20:25:56.308-0500] {processor.py:826} INFO - Processing file /home/joha/anaconda3/lib/python3.10/site-packages/airflow/example_dags/example_time_delta_sensor_async.py for tasks to queue
[2023-08-01T20:25:56.310-0500] {logging_mixin.py:150} INFO - [2023-08-01T20:25:56.309-0500] {dagbag.py:541} INFO - Filling up the DagBag from /home/joha/anaconda3/lib/python3.10/site-packages/airflow/example_dags/example_time_delta_sensor_async.py
[2023-08-01T20:25:56.322-0500] {processor.py:836} INFO - DAG(s) dict_keys(['example_time_delta_sensor_async']) retrieved from /home/joha/anaconda3/lib/python3.10/site-packages/airflow/example_dags/example_time_delta_sensor_async.py
[2023-08-01T20:25:56.343-0500] {logging_mixin.py:150} INFO - [2023-08-01T20:25:56.343-0500] {dag.py:2742} INFO - Sync 1 DAGs
[2023-08-01T20:25:56.362-0500] {logging_mixin.py:150} INFO - [2023-08-01T20:25:56.362-0500] {dag.py:3504} INFO - Setting next_dagrun for example_time_delta_sensor_async to None, run_after=None
[2023-08-01T20:25:56.391-0500] {processor.py:179} INFO - Processing /home/joha/anaconda3/lib/python3.10/site-packages/airflow/example_dags/example_time_delta_sensor_async.py took 0.097 seconds
[2023-08-02T11:08:25.134-0500] {processor.py:157} INFO - Started process (PID=105209) to work on /home/joha/anaconda3/lib/python3.10/site-packages/airflow/example_dags/example_time_delta_sensor_async.py
[2023-08-02T11:08:25.143-0500] {processor.py:826} INFO - Processing file /home/joha/anaconda3/lib/python3.10/site-packages/airflow/example_dags/example_time_delta_sensor_async.py for tasks to queue
[2023-08-02T11:08:25.146-0500] {logging_mixin.py:150} INFO - [2023-08-02T11:08:25.145-0500] {dagbag.py:541} INFO - Filling up the DagBag from /home/joha/anaconda3/lib/python3.10/site-packages/airflow/example_dags/example_time_delta_sensor_async.py
[2023-08-02T11:08:25.179-0500] {processor.py:836} INFO - DAG(s) dict_keys(['example_time_delta_sensor_async']) retrieved from /home/joha/anaconda3/lib/python3.10/site-packages/airflow/example_dags/example_time_delta_sensor_async.py
[2023-08-02T11:08:25.214-0500] {logging_mixin.py:150} INFO - [2023-08-02T11:08:25.214-0500] {dag.py:2742} INFO - Sync 1 DAGs
[2023-08-02T11:08:25.235-0500] {logging_mixin.py:150} INFO - [2023-08-02T11:08:25.235-0500] {dag.py:3504} INFO - Setting next_dagrun for example_time_delta_sensor_async to None, run_after=None
[2023-08-02T11:08:25.257-0500] {processor.py:179} INFO - Processing /home/joha/anaconda3/lib/python3.10/site-packages/airflow/example_dags/example_time_delta_sensor_async.py took 0.135 seconds
[2023-08-02T11:09:19.150-0500] {processor.py:157} INFO - Started process (PID=105310) to work on /home/joha/anaconda3/lib/python3.10/site-packages/airflow/example_dags/example_time_delta_sensor_async.py
[2023-08-02T11:09:19.160-0500] {processor.py:826} INFO - Processing file /home/joha/anaconda3/lib/python3.10/site-packages/airflow/example_dags/example_time_delta_sensor_async.py for tasks to queue
[2023-08-02T11:09:19.165-0500] {logging_mixin.py:150} INFO - [2023-08-02T11:09:19.162-0500] {dagbag.py:541} INFO - Filling up the DagBag from /home/joha/anaconda3/lib/python3.10/site-packages/airflow/example_dags/example_time_delta_sensor_async.py
[2023-08-02T11:09:19.187-0500] {processor.py:836} INFO - DAG(s) dict_keys(['example_time_delta_sensor_async']) retrieved from /home/joha/anaconda3/lib/python3.10/site-packages/airflow/example_dags/example_time_delta_sensor_async.py
[2023-08-02T11:09:19.229-0500] {logging_mixin.py:150} INFO - [2023-08-02T11:09:19.228-0500] {dag.py:2742} INFO - Sync 1 DAGs
[2023-08-02T11:09:19.249-0500] {logging_mixin.py:150} INFO - [2023-08-02T11:09:19.249-0500] {dag.py:3504} INFO - Setting next_dagrun for example_time_delta_sensor_async to None, run_after=None
[2023-08-02T11:09:19.270-0500] {processor.py:179} INFO - Processing /home/joha/anaconda3/lib/python3.10/site-packages/airflow/example_dags/example_time_delta_sensor_async.py took 0.131 seconds
[2023-08-02T11:10:07.915-0500] {processor.py:157} INFO - Started process (PID=105469) to work on /home/joha/anaconda3/lib/python3.10/site-packages/airflow/example_dags/example_time_delta_sensor_async.py
[2023-08-02T11:10:07.923-0500] {processor.py:826} INFO - Processing file /home/joha/anaconda3/lib/python3.10/site-packages/airflow/example_dags/example_time_delta_sensor_async.py for tasks to queue
[2023-08-02T11:10:07.925-0500] {logging_mixin.py:150} INFO - [2023-08-02T11:10:07.924-0500] {dagbag.py:541} INFO - Filling up the DagBag from /home/joha/anaconda3/lib/python3.10/site-packages/airflow/example_dags/example_time_delta_sensor_async.py
[2023-08-02T11:10:07.934-0500] {processor.py:836} INFO - DAG(s) dict_keys(['example_time_delta_sensor_async']) retrieved from /home/joha/anaconda3/lib/python3.10/site-packages/airflow/example_dags/example_time_delta_sensor_async.py
[2023-08-02T11:10:07.962-0500] {logging_mixin.py:150} INFO - [2023-08-02T11:10:07.962-0500] {dag.py:2742} INFO - Sync 1 DAGs
[2023-08-02T11:10:07.987-0500] {logging_mixin.py:150} INFO - [2023-08-02T11:10:07.987-0500] {dag.py:3504} INFO - Setting next_dagrun for example_time_delta_sensor_async to None, run_after=None
[2023-08-02T11:10:08.013-0500] {processor.py:179} INFO - Processing /home/joha/anaconda3/lib/python3.10/site-packages/airflow/example_dags/example_time_delta_sensor_async.py took 0.104 seconds
[2023-08-02T11:10:53.554-0500] {processor.py:157} INFO - Started process (PID=105607) to work on /home/joha/anaconda3/lib/python3.10/site-packages/airflow/example_dags/example_time_delta_sensor_async.py
[2023-08-02T11:10:53.561-0500] {processor.py:826} INFO - Processing file /home/joha/anaconda3/lib/python3.10/site-packages/airflow/example_dags/example_time_delta_sensor_async.py for tasks to queue
[2023-08-02T11:10:53.562-0500] {logging_mixin.py:150} INFO - [2023-08-02T11:10:53.562-0500] {dagbag.py:541} INFO - Filling up the DagBag from /home/joha/anaconda3/lib/python3.10/site-packages/airflow/example_dags/example_time_delta_sensor_async.py
[2023-08-02T11:10:53.571-0500] {processor.py:836} INFO - DAG(s) dict_keys(['example_time_delta_sensor_async']) retrieved from /home/joha/anaconda3/lib/python3.10/site-packages/airflow/example_dags/example_time_delta_sensor_async.py
[2023-08-02T11:10:53.593-0500] {logging_mixin.py:150} INFO - [2023-08-02T11:10:53.593-0500] {dag.py:2742} INFO - Sync 1 DAGs
[2023-08-02T11:10:53.619-0500] {logging_mixin.py:150} INFO - [2023-08-02T11:10:53.618-0500] {dag.py:3504} INFO - Setting next_dagrun for example_time_delta_sensor_async to None, run_after=None
[2023-08-02T11:10:53.642-0500] {processor.py:179} INFO - Processing /home/joha/anaconda3/lib/python3.10/site-packages/airflow/example_dags/example_time_delta_sensor_async.py took 0.093 seconds
[2023-08-02T11:11:41.718-0500] {processor.py:157} INFO - Started process (PID=105726) to work on /home/joha/anaconda3/lib/python3.10/site-packages/airflow/example_dags/example_time_delta_sensor_async.py
[2023-08-02T11:11:41.727-0500] {processor.py:826} INFO - Processing file /home/joha/anaconda3/lib/python3.10/site-packages/airflow/example_dags/example_time_delta_sensor_async.py for tasks to queue
[2023-08-02T11:11:41.730-0500] {logging_mixin.py:150} INFO - [2023-08-02T11:11:41.729-0500] {dagbag.py:541} INFO - Filling up the DagBag from /home/joha/anaconda3/lib/python3.10/site-packages/airflow/example_dags/example_time_delta_sensor_async.py
[2023-08-02T11:11:41.748-0500] {processor.py:836} INFO - DAG(s) dict_keys(['example_time_delta_sensor_async']) retrieved from /home/joha/anaconda3/lib/python3.10/site-packages/airflow/example_dags/example_time_delta_sensor_async.py
[2023-08-02T11:11:41.769-0500] {logging_mixin.py:150} INFO - [2023-08-02T11:11:41.769-0500] {dag.py:2742} INFO - Sync 1 DAGs
[2023-08-02T11:11:41.788-0500] {logging_mixin.py:150} INFO - [2023-08-02T11:11:41.788-0500] {dag.py:3504} INFO - Setting next_dagrun for example_time_delta_sensor_async to None, run_after=None
[2023-08-02T11:11:41.808-0500] {processor.py:179} INFO - Processing /home/joha/anaconda3/lib/python3.10/site-packages/airflow/example_dags/example_time_delta_sensor_async.py took 0.096 seconds
[2023-08-02T11:12:31.673-0500] {processor.py:157} INFO - Started process (PID=105859) to work on /home/joha/anaconda3/lib/python3.10/site-packages/airflow/example_dags/example_time_delta_sensor_async.py
[2023-08-02T11:12:31.680-0500] {processor.py:826} INFO - Processing file /home/joha/anaconda3/lib/python3.10/site-packages/airflow/example_dags/example_time_delta_sensor_async.py for tasks to queue
[2023-08-02T11:12:31.681-0500] {logging_mixin.py:150} INFO - [2023-08-02T11:12:31.681-0500] {dagbag.py:541} INFO - Filling up the DagBag from /home/joha/anaconda3/lib/python3.10/site-packages/airflow/example_dags/example_time_delta_sensor_async.py
[2023-08-02T11:12:31.692-0500] {processor.py:836} INFO - DAG(s) dict_keys(['example_time_delta_sensor_async']) retrieved from /home/joha/anaconda3/lib/python3.10/site-packages/airflow/example_dags/example_time_delta_sensor_async.py
[2023-08-02T11:12:31.711-0500] {logging_mixin.py:150} INFO - [2023-08-02T11:12:31.711-0500] {dag.py:2742} INFO - Sync 1 DAGs
[2023-08-02T11:12:31.732-0500] {logging_mixin.py:150} INFO - [2023-08-02T11:12:31.732-0500] {dag.py:3504} INFO - Setting next_dagrun for example_time_delta_sensor_async to None, run_after=None
[2023-08-02T11:12:31.760-0500] {processor.py:179} INFO - Processing /home/joha/anaconda3/lib/python3.10/site-packages/airflow/example_dags/example_time_delta_sensor_async.py took 0.092 seconds
[2023-08-02T11:13:21.325-0500] {processor.py:157} INFO - Started process (PID=105960) to work on /home/joha/anaconda3/lib/python3.10/site-packages/airflow/example_dags/example_time_delta_sensor_async.py
[2023-08-02T11:13:21.335-0500] {processor.py:826} INFO - Processing file /home/joha/anaconda3/lib/python3.10/site-packages/airflow/example_dags/example_time_delta_sensor_async.py for tasks to queue
[2023-08-02T11:13:21.337-0500] {logging_mixin.py:150} INFO - [2023-08-02T11:13:21.336-0500] {dagbag.py:541} INFO - Filling up the DagBag from /home/joha/anaconda3/lib/python3.10/site-packages/airflow/example_dags/example_time_delta_sensor_async.py
[2023-08-02T11:13:21.350-0500] {processor.py:836} INFO - DAG(s) dict_keys(['example_time_delta_sensor_async']) retrieved from /home/joha/anaconda3/lib/python3.10/site-packages/airflow/example_dags/example_time_delta_sensor_async.py
[2023-08-02T11:13:21.376-0500] {logging_mixin.py:150} INFO - [2023-08-02T11:13:21.376-0500] {dag.py:2742} INFO - Sync 1 DAGs
[2023-08-02T11:13:21.398-0500] {logging_mixin.py:150} INFO - [2023-08-02T11:13:21.397-0500] {dag.py:3504} INFO - Setting next_dagrun for example_time_delta_sensor_async to None, run_after=None
[2023-08-02T11:13:21.423-0500] {processor.py:179} INFO - Processing /home/joha/anaconda3/lib/python3.10/site-packages/airflow/example_dags/example_time_delta_sensor_async.py took 0.102 seconds
[2023-08-02T11:14:02.695-0500] {processor.py:157} INFO - Started process (PID=106015) to work on /home/joha/anaconda3/lib/python3.10/site-packages/airflow/example_dags/example_time_delta_sensor_async.py
[2023-08-02T11:14:02.704-0500] {processor.py:826} INFO - Processing file /home/joha/anaconda3/lib/python3.10/site-packages/airflow/example_dags/example_time_delta_sensor_async.py for tasks to queue
[2023-08-02T11:14:02.710-0500] {logging_mixin.py:150} INFO - [2023-08-02T11:14:02.708-0500] {dagbag.py:541} INFO - Filling up the DagBag from /home/joha/anaconda3/lib/python3.10/site-packages/airflow/example_dags/example_time_delta_sensor_async.py
[2023-08-02T11:14:02.721-0500] {processor.py:836} INFO - DAG(s) dict_keys(['example_time_delta_sensor_async']) retrieved from /home/joha/anaconda3/lib/python3.10/site-packages/airflow/example_dags/example_time_delta_sensor_async.py
[2023-08-02T11:14:02.745-0500] {logging_mixin.py:150} INFO - [2023-08-02T11:14:02.744-0500] {dag.py:2742} INFO - Sync 1 DAGs
[2023-08-02T11:14:02.769-0500] {logging_mixin.py:150} INFO - [2023-08-02T11:14:02.769-0500] {dag.py:3504} INFO - Setting next_dagrun for example_time_delta_sensor_async to None, run_after=None
[2023-08-02T11:14:02.796-0500] {processor.py:179} INFO - Processing /home/joha/anaconda3/lib/python3.10/site-packages/airflow/example_dags/example_time_delta_sensor_async.py took 0.104 seconds
[2023-08-02T11:14:44.947-0500] {processor.py:157} INFO - Started process (PID=106071) to work on /home/joha/anaconda3/lib/python3.10/site-packages/airflow/example_dags/example_time_delta_sensor_async.py
[2023-08-02T11:14:44.954-0500] {processor.py:826} INFO - Processing file /home/joha/anaconda3/lib/python3.10/site-packages/airflow/example_dags/example_time_delta_sensor_async.py for tasks to queue
[2023-08-02T11:14:44.956-0500] {logging_mixin.py:150} INFO - [2023-08-02T11:14:44.955-0500] {dagbag.py:541} INFO - Filling up the DagBag from /home/joha/anaconda3/lib/python3.10/site-packages/airflow/example_dags/example_time_delta_sensor_async.py
[2023-08-02T11:14:44.962-0500] {processor.py:836} INFO - DAG(s) dict_keys(['example_time_delta_sensor_async']) retrieved from /home/joha/anaconda3/lib/python3.10/site-packages/airflow/example_dags/example_time_delta_sensor_async.py
[2023-08-02T11:14:44.983-0500] {logging_mixin.py:150} INFO - [2023-08-02T11:14:44.983-0500] {dag.py:2742} INFO - Sync 1 DAGs
[2023-08-02T11:14:45.007-0500] {logging_mixin.py:150} INFO - [2023-08-02T11:14:45.007-0500] {dag.py:3504} INFO - Setting next_dagrun for example_time_delta_sensor_async to None, run_after=None
[2023-08-02T11:14:45.030-0500] {processor.py:179} INFO - Processing /home/joha/anaconda3/lib/python3.10/site-packages/airflow/example_dags/example_time_delta_sensor_async.py took 0.086 seconds
[2023-08-02T11:15:33.609-0500] {processor.py:157} INFO - Started process (PID=106243) to work on /home/joha/anaconda3/lib/python3.10/site-packages/airflow/example_dags/example_time_delta_sensor_async.py
[2023-08-02T11:15:33.619-0500] {processor.py:826} INFO - Processing file /home/joha/anaconda3/lib/python3.10/site-packages/airflow/example_dags/example_time_delta_sensor_async.py for tasks to queue
[2023-08-02T11:15:33.621-0500] {logging_mixin.py:150} INFO - [2023-08-02T11:15:33.620-0500] {dagbag.py:541} INFO - Filling up the DagBag from /home/joha/anaconda3/lib/python3.10/site-packages/airflow/example_dags/example_time_delta_sensor_async.py
[2023-08-02T11:15:33.642-0500] {processor.py:836} INFO - DAG(s) dict_keys(['example_time_delta_sensor_async']) retrieved from /home/joha/anaconda3/lib/python3.10/site-packages/airflow/example_dags/example_time_delta_sensor_async.py
[2023-08-02T11:15:33.667-0500] {logging_mixin.py:150} INFO - [2023-08-02T11:15:33.666-0500] {dag.py:2742} INFO - Sync 1 DAGs
[2023-08-02T11:15:33.686-0500] {logging_mixin.py:150} INFO - [2023-08-02T11:15:33.686-0500] {dag.py:3504} INFO - Setting next_dagrun for example_time_delta_sensor_async to None, run_after=None
[2023-08-02T11:15:33.707-0500] {processor.py:179} INFO - Processing /home/joha/anaconda3/lib/python3.10/site-packages/airflow/example_dags/example_time_delta_sensor_async.py took 0.109 seconds
[2023-08-02T11:16:22.492-0500] {processor.py:157} INFO - Started process (PID=106373) to work on /home/joha/anaconda3/lib/python3.10/site-packages/airflow/example_dags/example_time_delta_sensor_async.py
[2023-08-02T11:16:22.500-0500] {processor.py:826} INFO - Processing file /home/joha/anaconda3/lib/python3.10/site-packages/airflow/example_dags/example_time_delta_sensor_async.py for tasks to queue
[2023-08-02T11:16:22.502-0500] {logging_mixin.py:150} INFO - [2023-08-02T11:16:22.502-0500] {dagbag.py:541} INFO - Filling up the DagBag from /home/joha/anaconda3/lib/python3.10/site-packages/airflow/example_dags/example_time_delta_sensor_async.py
[2023-08-02T11:16:22.514-0500] {processor.py:836} INFO - DAG(s) dict_keys(['example_time_delta_sensor_async']) retrieved from /home/joha/anaconda3/lib/python3.10/site-packages/airflow/example_dags/example_time_delta_sensor_async.py
[2023-08-02T11:16:22.532-0500] {logging_mixin.py:150} INFO - [2023-08-02T11:16:22.532-0500] {dag.py:2742} INFO - Sync 1 DAGs
[2023-08-02T11:16:22.552-0500] {logging_mixin.py:150} INFO - [2023-08-02T11:16:22.552-0500] {dag.py:3504} INFO - Setting next_dagrun for example_time_delta_sensor_async to None, run_after=None
[2023-08-02T11:16:22.574-0500] {processor.py:179} INFO - Processing /home/joha/anaconda3/lib/python3.10/site-packages/airflow/example_dags/example_time_delta_sensor_async.py took 0.089 seconds
[2023-08-02T11:17:10.685-0500] {processor.py:157} INFO - Started process (PID=106493) to work on /home/joha/anaconda3/lib/python3.10/site-packages/airflow/example_dags/example_time_delta_sensor_async.py
[2023-08-02T11:17:10.695-0500] {processor.py:826} INFO - Processing file /home/joha/anaconda3/lib/python3.10/site-packages/airflow/example_dags/example_time_delta_sensor_async.py for tasks to queue
[2023-08-02T11:17:10.697-0500] {logging_mixin.py:150} INFO - [2023-08-02T11:17:10.696-0500] {dagbag.py:541} INFO - Filling up the DagBag from /home/joha/anaconda3/lib/python3.10/site-packages/airflow/example_dags/example_time_delta_sensor_async.py
[2023-08-02T11:17:10.718-0500] {processor.py:836} INFO - DAG(s) dict_keys(['example_time_delta_sensor_async']) retrieved from /home/joha/anaconda3/lib/python3.10/site-packages/airflow/example_dags/example_time_delta_sensor_async.py
[2023-08-02T11:17:10.752-0500] {logging_mixin.py:150} INFO - [2023-08-02T11:17:10.751-0500] {dag.py:2742} INFO - Sync 1 DAGs
[2023-08-02T11:17:10.771-0500] {logging_mixin.py:150} INFO - [2023-08-02T11:17:10.771-0500] {dag.py:3504} INFO - Setting next_dagrun for example_time_delta_sensor_async to None, run_after=None
[2023-08-02T11:17:10.794-0500] {processor.py:179} INFO - Processing /home/joha/anaconda3/lib/python3.10/site-packages/airflow/example_dags/example_time_delta_sensor_async.py took 0.122 seconds
[2023-08-02T11:17:51.898-0500] {processor.py:157} INFO - Started process (PID=106615) to work on /home/joha/anaconda3/lib/python3.10/site-packages/airflow/example_dags/example_time_delta_sensor_async.py
[2023-08-02T11:17:51.906-0500] {processor.py:826} INFO - Processing file /home/joha/anaconda3/lib/python3.10/site-packages/airflow/example_dags/example_time_delta_sensor_async.py for tasks to queue
[2023-08-02T11:17:51.910-0500] {logging_mixin.py:150} INFO - [2023-08-02T11:17:51.908-0500] {dagbag.py:541} INFO - Filling up the DagBag from /home/joha/anaconda3/lib/python3.10/site-packages/airflow/example_dags/example_time_delta_sensor_async.py
[2023-08-02T11:17:51.933-0500] {processor.py:836} INFO - DAG(s) dict_keys(['example_time_delta_sensor_async']) retrieved from /home/joha/anaconda3/lib/python3.10/site-packages/airflow/example_dags/example_time_delta_sensor_async.py
[2023-08-02T11:17:51.968-0500] {logging_mixin.py:150} INFO - [2023-08-02T11:17:51.967-0500] {dag.py:2742} INFO - Sync 1 DAGs
[2023-08-02T11:17:51.988-0500] {logging_mixin.py:150} INFO - [2023-08-02T11:17:51.988-0500] {dag.py:3504} INFO - Setting next_dagrun for example_time_delta_sensor_async to None, run_after=None
[2023-08-02T11:17:52.008-0500] {processor.py:179} INFO - Processing /home/joha/anaconda3/lib/python3.10/site-packages/airflow/example_dags/example_time_delta_sensor_async.py took 0.115 seconds
[2023-08-02T11:18:35.662-0500] {processor.py:157} INFO - Started process (PID=106749) to work on /home/joha/anaconda3/lib/python3.10/site-packages/airflow/example_dags/example_time_delta_sensor_async.py
[2023-08-02T11:18:35.664-0500] {processor.py:826} INFO - Processing file /home/joha/anaconda3/lib/python3.10/site-packages/airflow/example_dags/example_time_delta_sensor_async.py for tasks to queue
[2023-08-02T11:18:35.666-0500] {logging_mixin.py:150} INFO - [2023-08-02T11:18:35.665-0500] {dagbag.py:541} INFO - Filling up the DagBag from /home/joha/anaconda3/lib/python3.10/site-packages/airflow/example_dags/example_time_delta_sensor_async.py
[2023-08-02T11:18:35.675-0500] {processor.py:836} INFO - DAG(s) dict_keys(['example_time_delta_sensor_async']) retrieved from /home/joha/anaconda3/lib/python3.10/site-packages/airflow/example_dags/example_time_delta_sensor_async.py
[2023-08-02T11:18:35.699-0500] {logging_mixin.py:150} INFO - [2023-08-02T11:18:35.698-0500] {dag.py:2742} INFO - Sync 1 DAGs
[2023-08-02T11:18:35.727-0500] {logging_mixin.py:150} INFO - [2023-08-02T11:18:35.726-0500] {dag.py:3504} INFO - Setting next_dagrun for example_time_delta_sensor_async to None, run_after=None
[2023-08-02T11:18:35.752-0500] {processor.py:179} INFO - Processing /home/joha/anaconda3/lib/python3.10/site-packages/airflow/example_dags/example_time_delta_sensor_async.py took 0.098 seconds
[2023-08-02T11:19:23.566-0500] {processor.py:157} INFO - Started process (PID=106858) to work on /home/joha/anaconda3/lib/python3.10/site-packages/airflow/example_dags/example_time_delta_sensor_async.py
[2023-08-02T11:19:23.573-0500] {processor.py:826} INFO - Processing file /home/joha/anaconda3/lib/python3.10/site-packages/airflow/example_dags/example_time_delta_sensor_async.py for tasks to queue
[2023-08-02T11:19:23.574-0500] {logging_mixin.py:150} INFO - [2023-08-02T11:19:23.574-0500] {dagbag.py:541} INFO - Filling up the DagBag from /home/joha/anaconda3/lib/python3.10/site-packages/airflow/example_dags/example_time_delta_sensor_async.py
[2023-08-02T11:19:23.582-0500] {processor.py:836} INFO - DAG(s) dict_keys(['example_time_delta_sensor_async']) retrieved from /home/joha/anaconda3/lib/python3.10/site-packages/airflow/example_dags/example_time_delta_sensor_async.py
[2023-08-02T11:19:23.601-0500] {logging_mixin.py:150} INFO - [2023-08-02T11:19:23.601-0500] {dag.py:2742} INFO - Sync 1 DAGs
[2023-08-02T11:19:23.620-0500] {logging_mixin.py:150} INFO - [2023-08-02T11:19:23.620-0500] {dag.py:3504} INFO - Setting next_dagrun for example_time_delta_sensor_async to None, run_after=None
[2023-08-02T11:19:23.641-0500] {processor.py:179} INFO - Processing /home/joha/anaconda3/lib/python3.10/site-packages/airflow/example_dags/example_time_delta_sensor_async.py took 0.078 seconds
[2023-08-02T11:20:12.582-0500] {processor.py:157} INFO - Started process (PID=106948) to work on /home/joha/anaconda3/lib/python3.10/site-packages/airflow/example_dags/example_time_delta_sensor_async.py
[2023-08-02T11:20:12.592-0500] {processor.py:826} INFO - Processing file /home/joha/anaconda3/lib/python3.10/site-packages/airflow/example_dags/example_time_delta_sensor_async.py for tasks to queue
[2023-08-02T11:20:12.595-0500] {logging_mixin.py:150} INFO - [2023-08-02T11:20:12.594-0500] {dagbag.py:541} INFO - Filling up the DagBag from /home/joha/anaconda3/lib/python3.10/site-packages/airflow/example_dags/example_time_delta_sensor_async.py
[2023-08-02T11:20:12.616-0500] {processor.py:836} INFO - DAG(s) dict_keys(['example_time_delta_sensor_async']) retrieved from /home/joha/anaconda3/lib/python3.10/site-packages/airflow/example_dags/example_time_delta_sensor_async.py
[2023-08-02T11:20:12.665-0500] {logging_mixin.py:150} INFO - [2023-08-02T11:20:12.665-0500] {dag.py:2742} INFO - Sync 1 DAGs
[2023-08-02T11:20:12.687-0500] {logging_mixin.py:150} INFO - [2023-08-02T11:20:12.687-0500] {dag.py:3504} INFO - Setting next_dagrun for example_time_delta_sensor_async to None, run_after=None
[2023-08-02T11:20:12.707-0500] {processor.py:179} INFO - Processing /home/joha/anaconda3/lib/python3.10/site-packages/airflow/example_dags/example_time_delta_sensor_async.py took 0.138 seconds
[2023-08-02T11:21:09.177-0500] {processor.py:157} INFO - Started process (PID=107107) to work on /home/joha/anaconda3/lib/python3.10/site-packages/airflow/example_dags/example_time_delta_sensor_async.py
[2023-08-02T11:21:09.183-0500] {processor.py:826} INFO - Processing file /home/joha/anaconda3/lib/python3.10/site-packages/airflow/example_dags/example_time_delta_sensor_async.py for tasks to queue
[2023-08-02T11:21:09.185-0500] {logging_mixin.py:150} INFO - [2023-08-02T11:21:09.184-0500] {dagbag.py:541} INFO - Filling up the DagBag from /home/joha/anaconda3/lib/python3.10/site-packages/airflow/example_dags/example_time_delta_sensor_async.py
[2023-08-02T11:21:09.197-0500] {processor.py:836} INFO - DAG(s) dict_keys(['example_time_delta_sensor_async']) retrieved from /home/joha/anaconda3/lib/python3.10/site-packages/airflow/example_dags/example_time_delta_sensor_async.py
[2023-08-02T11:21:09.217-0500] {logging_mixin.py:150} INFO - [2023-08-02T11:21:09.217-0500] {dag.py:2742} INFO - Sync 1 DAGs
[2023-08-02T11:21:09.238-0500] {logging_mixin.py:150} INFO - [2023-08-02T11:21:09.238-0500] {dag.py:3504} INFO - Setting next_dagrun for example_time_delta_sensor_async to None, run_after=None
[2023-08-02T11:21:09.258-0500] {processor.py:179} INFO - Processing /home/joha/anaconda3/lib/python3.10/site-packages/airflow/example_dags/example_time_delta_sensor_async.py took 0.090 seconds
[2023-08-02T11:21:55.084-0500] {processor.py:157} INFO - Started process (PID=107369) to work on /home/joha/anaconda3/lib/python3.10/site-packages/airflow/example_dags/example_time_delta_sensor_async.py
[2023-08-02T11:21:55.091-0500] {processor.py:826} INFO - Processing file /home/joha/anaconda3/lib/python3.10/site-packages/airflow/example_dags/example_time_delta_sensor_async.py for tasks to queue
[2023-08-02T11:21:55.093-0500] {logging_mixin.py:150} INFO - [2023-08-02T11:21:55.092-0500] {dagbag.py:541} INFO - Filling up the DagBag from /home/joha/anaconda3/lib/python3.10/site-packages/airflow/example_dags/example_time_delta_sensor_async.py
[2023-08-02T11:21:55.102-0500] {processor.py:836} INFO - DAG(s) dict_keys(['example_time_delta_sensor_async']) retrieved from /home/joha/anaconda3/lib/python3.10/site-packages/airflow/example_dags/example_time_delta_sensor_async.py
[2023-08-02T11:21:55.128-0500] {logging_mixin.py:150} INFO - [2023-08-02T11:21:55.127-0500] {dag.py:2742} INFO - Sync 1 DAGs
[2023-08-02T11:21:55.159-0500] {logging_mixin.py:150} INFO - [2023-08-02T11:21:55.159-0500] {dag.py:3504} INFO - Setting next_dagrun for example_time_delta_sensor_async to None, run_after=None
[2023-08-02T11:21:55.186-0500] {processor.py:179} INFO - Processing /home/joha/anaconda3/lib/python3.10/site-packages/airflow/example_dags/example_time_delta_sensor_async.py took 0.107 seconds
[2023-08-02T11:22:59.879-0500] {processor.py:157} INFO - Started process (PID=107599) to work on /home/joha/anaconda3/lib/python3.10/site-packages/airflow/example_dags/example_time_delta_sensor_async.py
[2023-08-02T11:22:59.889-0500] {processor.py:826} INFO - Processing file /home/joha/anaconda3/lib/python3.10/site-packages/airflow/example_dags/example_time_delta_sensor_async.py for tasks to queue
[2023-08-02T11:22:59.891-0500] {logging_mixin.py:150} INFO - [2023-08-02T11:22:59.890-0500] {dagbag.py:541} INFO - Filling up the DagBag from /home/joha/anaconda3/lib/python3.10/site-packages/airflow/example_dags/example_time_delta_sensor_async.py
[2023-08-02T11:22:59.913-0500] {processor.py:836} INFO - DAG(s) dict_keys(['example_time_delta_sensor_async']) retrieved from /home/joha/anaconda3/lib/python3.10/site-packages/airflow/example_dags/example_time_delta_sensor_async.py
[2023-08-02T11:22:59.953-0500] {logging_mixin.py:150} INFO - [2023-08-02T11:22:59.953-0500] {dag.py:2742} INFO - Sync 1 DAGs
[2023-08-02T11:22:59.977-0500] {logging_mixin.py:150} INFO - [2023-08-02T11:22:59.977-0500] {dag.py:3504} INFO - Setting next_dagrun for example_time_delta_sensor_async to None, run_after=None
[2023-08-02T11:23:00.107-0500] {processor.py:179} INFO - Processing /home/joha/anaconda3/lib/python3.10/site-packages/airflow/example_dags/example_time_delta_sensor_async.py took 0.238 seconds
[2023-08-02T11:24:30.468-0500] {processor.py:157} INFO - Started process (PID=108269) to work on /home/joha/anaconda3/lib/python3.10/site-packages/airflow/example_dags/example_time_delta_sensor_async.py
[2023-08-02T11:24:30.478-0500] {processor.py:826} INFO - Processing file /home/joha/anaconda3/lib/python3.10/site-packages/airflow/example_dags/example_time_delta_sensor_async.py for tasks to queue
[2023-08-02T11:24:30.482-0500] {logging_mixin.py:150} INFO - [2023-08-02T11:24:30.480-0500] {dagbag.py:541} INFO - Filling up the DagBag from /home/joha/anaconda3/lib/python3.10/site-packages/airflow/example_dags/example_time_delta_sensor_async.py
[2023-08-02T11:24:30.506-0500] {processor.py:836} INFO - DAG(s) dict_keys(['example_time_delta_sensor_async']) retrieved from /home/joha/anaconda3/lib/python3.10/site-packages/airflow/example_dags/example_time_delta_sensor_async.py
[2023-08-02T11:24:30.535-0500] {logging_mixin.py:150} INFO - [2023-08-02T11:24:30.535-0500] {dag.py:2742} INFO - Sync 1 DAGs
[2023-08-02T11:24:30.565-0500] {logging_mixin.py:150} INFO - [2023-08-02T11:24:30.564-0500] {dag.py:3504} INFO - Setting next_dagrun for example_time_delta_sensor_async to None, run_after=None
[2023-08-02T11:24:30.591-0500] {processor.py:179} INFO - Processing /home/joha/anaconda3/lib/python3.10/site-packages/airflow/example_dags/example_time_delta_sensor_async.py took 0.134 seconds
[2023-08-02T11:25:44.820-0500] {processor.py:157} INFO - Started process (PID=108415) to work on /home/joha/anaconda3/lib/python3.10/site-packages/airflow/example_dags/example_time_delta_sensor_async.py
[2023-08-02T11:25:44.828-0500] {processor.py:826} INFO - Processing file /home/joha/anaconda3/lib/python3.10/site-packages/airflow/example_dags/example_time_delta_sensor_async.py for tasks to queue
[2023-08-02T11:25:44.830-0500] {logging_mixin.py:150} INFO - [2023-08-02T11:25:44.830-0500] {dagbag.py:541} INFO - Filling up the DagBag from /home/joha/anaconda3/lib/python3.10/site-packages/airflow/example_dags/example_time_delta_sensor_async.py
[2023-08-02T11:25:44.842-0500] {processor.py:836} INFO - DAG(s) dict_keys(['example_time_delta_sensor_async']) retrieved from /home/joha/anaconda3/lib/python3.10/site-packages/airflow/example_dags/example_time_delta_sensor_async.py
[2023-08-02T11:25:44.874-0500] {logging_mixin.py:150} INFO - [2023-08-02T11:25:44.873-0500] {dag.py:2742} INFO - Sync 1 DAGs
[2023-08-02T11:25:44.900-0500] {logging_mixin.py:150} INFO - [2023-08-02T11:25:44.899-0500] {dag.py:3504} INFO - Setting next_dagrun for example_time_delta_sensor_async to None, run_after=None
[2023-08-02T11:25:44.926-0500] {processor.py:179} INFO - Processing /home/joha/anaconda3/lib/python3.10/site-packages/airflow/example_dags/example_time_delta_sensor_async.py took 0.113 seconds
