[2023-08-01T20:25:55.128-0500] {processor.py:157} INFO - Started process (PID=99575) to work on /home/joha/anaconda3/lib/python3.10/site-packages/airflow/example_dags/example_short_circuit_operator.py
[2023-08-01T20:25:55.129-0500] {processor.py:826} INFO - Processing file /home/joha/anaconda3/lib/python3.10/site-packages/airflow/example_dags/example_short_circuit_operator.py for tasks to queue
[2023-08-01T20:25:55.130-0500] {logging_mixin.py:150} INFO - [2023-08-01T20:25:55.130-0500] {dagbag.py:541} INFO - Filling up the DagBag from /home/joha/anaconda3/lib/python3.10/site-packages/airflow/example_dags/example_short_circuit_operator.py
[2023-08-01T20:25:55.144-0500] {processor.py:836} INFO - DAG(s) dict_keys(['example_short_circuit_operator']) retrieved from /home/joha/anaconda3/lib/python3.10/site-packages/airflow/example_dags/example_short_circuit_operator.py
[2023-08-01T20:25:55.165-0500] {logging_mixin.py:150} INFO - [2023-08-01T20:25:55.165-0500] {dag.py:2742} INFO - Sync 1 DAGs
[2023-08-01T20:25:55.186-0500] {logging_mixin.py:150} INFO - [2023-08-01T20:25:55.185-0500] {dag.py:3504} INFO - Setting next_dagrun for example_short_circuit_operator to 2023-08-01T01:25:55.185747+00:00, run_after=2023-08-02T01:25:55.185747+00:00
[2023-08-01T20:25:55.211-0500] {processor.py:179} INFO - Processing /home/joha/anaconda3/lib/python3.10/site-packages/airflow/example_dags/example_short_circuit_operator.py took 0.089 seconds
[2023-08-02T11:08:24.014-0500] {processor.py:157} INFO - Started process (PID=105208) to work on /home/joha/anaconda3/lib/python3.10/site-packages/airflow/example_dags/example_short_circuit_operator.py
[2023-08-02T11:08:24.022-0500] {processor.py:826} INFO - Processing file /home/joha/anaconda3/lib/python3.10/site-packages/airflow/example_dags/example_short_circuit_operator.py for tasks to queue
[2023-08-02T11:08:24.023-0500] {logging_mixin.py:150} INFO - [2023-08-02T11:08:24.023-0500] {dagbag.py:541} INFO - Filling up the DagBag from /home/joha/anaconda3/lib/python3.10/site-packages/airflow/example_dags/example_short_circuit_operator.py
[2023-08-02T11:08:24.036-0500] {processor.py:836} INFO - DAG(s) dict_keys(['example_short_circuit_operator']) retrieved from /home/joha/anaconda3/lib/python3.10/site-packages/airflow/example_dags/example_short_circuit_operator.py
[2023-08-02T11:08:24.058-0500] {logging_mixin.py:150} INFO - [2023-08-02T11:08:24.058-0500] {dag.py:2742} INFO - Sync 1 DAGs
[2023-08-02T11:08:24.078-0500] {logging_mixin.py:150} INFO - [2023-08-02T11:08:24.078-0500] {dag.py:3504} INFO - Setting next_dagrun for example_short_circuit_operator to 2023-08-01T16:08:24.078110+00:00, run_after=2023-08-02T16:08:24.078110+00:00
[2023-08-02T11:08:24.103-0500] {processor.py:179} INFO - Processing /home/joha/anaconda3/lib/python3.10/site-packages/airflow/example_dags/example_short_circuit_operator.py took 0.094 seconds
[2023-08-02T11:09:17.884-0500] {processor.py:157} INFO - Started process (PID=105305) to work on /home/joha/anaconda3/lib/python3.10/site-packages/airflow/example_dags/example_short_circuit_operator.py
[2023-08-02T11:09:17.895-0500] {processor.py:826} INFO - Processing file /home/joha/anaconda3/lib/python3.10/site-packages/airflow/example_dags/example_short_circuit_operator.py for tasks to queue
[2023-08-02T11:09:17.900-0500] {logging_mixin.py:150} INFO - [2023-08-02T11:09:17.897-0500] {dagbag.py:541} INFO - Filling up the DagBag from /home/joha/anaconda3/lib/python3.10/site-packages/airflow/example_dags/example_short_circuit_operator.py
[2023-08-02T11:09:17.932-0500] {processor.py:836} INFO - DAG(s) dict_keys(['example_short_circuit_operator']) retrieved from /home/joha/anaconda3/lib/python3.10/site-packages/airflow/example_dags/example_short_circuit_operator.py
[2023-08-02T11:09:17.966-0500] {logging_mixin.py:150} INFO - [2023-08-02T11:09:17.966-0500] {dag.py:2742} INFO - Sync 1 DAGs
[2023-08-02T11:09:17.990-0500] {logging_mixin.py:150} INFO - [2023-08-02T11:09:17.990-0500] {dag.py:3504} INFO - Setting next_dagrun for example_short_circuit_operator to 2023-08-01T16:09:17.990277+00:00, run_after=2023-08-02T16:09:17.990277+00:00
[2023-08-02T11:09:18.027-0500] {processor.py:179} INFO - Processing /home/joha/anaconda3/lib/python3.10/site-packages/airflow/example_dags/example_short_circuit_operator.py took 0.154 seconds
[2023-08-02T11:10:06.659-0500] {processor.py:157} INFO - Started process (PID=105460) to work on /home/joha/anaconda3/lib/python3.10/site-packages/airflow/example_dags/example_short_circuit_operator.py
[2023-08-02T11:10:06.667-0500] {processor.py:826} INFO - Processing file /home/joha/anaconda3/lib/python3.10/site-packages/airflow/example_dags/example_short_circuit_operator.py for tasks to queue
[2023-08-02T11:10:06.669-0500] {logging_mixin.py:150} INFO - [2023-08-02T11:10:06.668-0500] {dagbag.py:541} INFO - Filling up the DagBag from /home/joha/anaconda3/lib/python3.10/site-packages/airflow/example_dags/example_short_circuit_operator.py
[2023-08-02T11:10:06.680-0500] {processor.py:836} INFO - DAG(s) dict_keys(['example_short_circuit_operator']) retrieved from /home/joha/anaconda3/lib/python3.10/site-packages/airflow/example_dags/example_short_circuit_operator.py
[2023-08-02T11:10:06.712-0500] {logging_mixin.py:150} INFO - [2023-08-02T11:10:06.712-0500] {dag.py:2742} INFO - Sync 1 DAGs
[2023-08-02T11:10:06.735-0500] {logging_mixin.py:150} INFO - [2023-08-02T11:10:06.735-0500] {dag.py:3504} INFO - Setting next_dagrun for example_short_circuit_operator to 2023-08-01T16:10:06.735082+00:00, run_after=2023-08-02T16:10:06.735082+00:00
[2023-08-02T11:10:06.758-0500] {processor.py:179} INFO - Processing /home/joha/anaconda3/lib/python3.10/site-packages/airflow/example_dags/example_short_circuit_operator.py took 0.103 seconds
[2023-08-02T11:10:53.280-0500] {processor.py:157} INFO - Started process (PID=105606) to work on /home/joha/anaconda3/lib/python3.10/site-packages/airflow/example_dags/example_short_circuit_operator.py
[2023-08-02T11:10:53.288-0500] {processor.py:826} INFO - Processing file /home/joha/anaconda3/lib/python3.10/site-packages/airflow/example_dags/example_short_circuit_operator.py for tasks to queue
[2023-08-02T11:10:53.289-0500] {logging_mixin.py:150} INFO - [2023-08-02T11:10:53.289-0500] {dagbag.py:541} INFO - Filling up the DagBag from /home/joha/anaconda3/lib/python3.10/site-packages/airflow/example_dags/example_short_circuit_operator.py
[2023-08-02T11:10:53.298-0500] {processor.py:836} INFO - DAG(s) dict_keys(['example_short_circuit_operator']) retrieved from /home/joha/anaconda3/lib/python3.10/site-packages/airflow/example_dags/example_short_circuit_operator.py
[2023-08-02T11:10:53.328-0500] {logging_mixin.py:150} INFO - [2023-08-02T11:10:53.328-0500] {dag.py:2742} INFO - Sync 1 DAGs
[2023-08-02T11:10:53.352-0500] {logging_mixin.py:150} INFO - [2023-08-02T11:10:53.351-0500] {dag.py:3504} INFO - Setting next_dagrun for example_short_circuit_operator to 2023-08-01T16:10:53.351424+00:00, run_after=2023-08-02T16:10:53.351424+00:00
[2023-08-02T11:10:53.374-0500] {processor.py:179} INFO - Processing /home/joha/anaconda3/lib/python3.10/site-packages/airflow/example_dags/example_short_circuit_operator.py took 0.096 seconds
[2023-08-02T11:11:40.430-0500] {processor.py:157} INFO - Started process (PID=105724) to work on /home/joha/anaconda3/lib/python3.10/site-packages/airflow/example_dags/example_short_circuit_operator.py
[2023-08-02T11:11:40.439-0500] {processor.py:826} INFO - Processing file /home/joha/anaconda3/lib/python3.10/site-packages/airflow/example_dags/example_short_circuit_operator.py for tasks to queue
[2023-08-02T11:11:40.442-0500] {logging_mixin.py:150} INFO - [2023-08-02T11:11:40.441-0500] {dagbag.py:541} INFO - Filling up the DagBag from /home/joha/anaconda3/lib/python3.10/site-packages/airflow/example_dags/example_short_circuit_operator.py
[2023-08-02T11:11:40.464-0500] {processor.py:836} INFO - DAG(s) dict_keys(['example_short_circuit_operator']) retrieved from /home/joha/anaconda3/lib/python3.10/site-packages/airflow/example_dags/example_short_circuit_operator.py
[2023-08-02T11:11:40.488-0500] {logging_mixin.py:150} INFO - [2023-08-02T11:11:40.488-0500] {dag.py:2742} INFO - Sync 1 DAGs
[2023-08-02T11:11:40.507-0500] {logging_mixin.py:150} INFO - [2023-08-02T11:11:40.507-0500] {dag.py:3504} INFO - Setting next_dagrun for example_short_circuit_operator to 2023-08-01T16:11:40.507186+00:00, run_after=2023-08-02T16:11:40.507186+00:00
[2023-08-02T11:11:40.526-0500] {processor.py:179} INFO - Processing /home/joha/anaconda3/lib/python3.10/site-packages/airflow/example_dags/example_short_circuit_operator.py took 0.100 seconds
[2023-08-02T11:12:30.521-0500] {processor.py:157} INFO - Started process (PID=105858) to work on /home/joha/anaconda3/lib/python3.10/site-packages/airflow/example_dags/example_short_circuit_operator.py
[2023-08-02T11:12:30.528-0500] {processor.py:826} INFO - Processing file /home/joha/anaconda3/lib/python3.10/site-packages/airflow/example_dags/example_short_circuit_operator.py for tasks to queue
[2023-08-02T11:12:30.529-0500] {logging_mixin.py:150} INFO - [2023-08-02T11:12:30.528-0500] {dagbag.py:541} INFO - Filling up the DagBag from /home/joha/anaconda3/lib/python3.10/site-packages/airflow/example_dags/example_short_circuit_operator.py
[2023-08-02T11:12:30.540-0500] {processor.py:836} INFO - DAG(s) dict_keys(['example_short_circuit_operator']) retrieved from /home/joha/anaconda3/lib/python3.10/site-packages/airflow/example_dags/example_short_circuit_operator.py
[2023-08-02T11:12:30.565-0500] {logging_mixin.py:150} INFO - [2023-08-02T11:12:30.565-0500] {dag.py:2742} INFO - Sync 1 DAGs
[2023-08-02T11:12:30.588-0500] {logging_mixin.py:150} INFO - [2023-08-02T11:12:30.588-0500] {dag.py:3504} INFO - Setting next_dagrun for example_short_circuit_operator to 2023-08-01T16:12:30.587970+00:00, run_after=2023-08-02T16:12:30.587970+00:00
[2023-08-02T11:12:30.611-0500] {processor.py:179} INFO - Processing /home/joha/anaconda3/lib/python3.10/site-packages/airflow/example_dags/example_short_circuit_operator.py took 0.094 seconds
[2023-08-02T11:13:11.211-0500] {processor.py:157} INFO - Started process (PID=105944) to work on /home/joha/anaconda3/lib/python3.10/site-packages/airflow/example_dags/example_short_circuit_operator.py
[2023-08-02T11:13:11.219-0500] {processor.py:826} INFO - Processing file /home/joha/anaconda3/lib/python3.10/site-packages/airflow/example_dags/example_short_circuit_operator.py for tasks to queue
[2023-08-02T11:13:11.221-0500] {logging_mixin.py:150} INFO - [2023-08-02T11:13:11.220-0500] {dagbag.py:541} INFO - Filling up the DagBag from /home/joha/anaconda3/lib/python3.10/site-packages/airflow/example_dags/example_short_circuit_operator.py
[2023-08-02T11:13:11.229-0500] {processor.py:836} INFO - DAG(s) dict_keys(['example_short_circuit_operator']) retrieved from /home/joha/anaconda3/lib/python3.10/site-packages/airflow/example_dags/example_short_circuit_operator.py
[2023-08-02T11:13:11.253-0500] {logging_mixin.py:150} INFO - [2023-08-02T11:13:11.253-0500] {dag.py:2742} INFO - Sync 1 DAGs
[2023-08-02T11:13:11.276-0500] {logging_mixin.py:150} INFO - [2023-08-02T11:13:11.275-0500] {dag.py:3504} INFO - Setting next_dagrun for example_short_circuit_operator to 2023-08-01T16:13:11.275725+00:00, run_after=2023-08-02T16:13:11.275725+00:00
[2023-08-02T11:13:11.298-0500] {processor.py:179} INFO - Processing /home/joha/anaconda3/lib/python3.10/site-packages/airflow/example_dags/example_short_circuit_operator.py took 0.091 seconds
[2023-08-02T11:13:52.648-0500] {processor.py:157} INFO - Started process (PID=106003) to work on /home/joha/anaconda3/lib/python3.10/site-packages/airflow/example_dags/example_short_circuit_operator.py
[2023-08-02T11:13:52.655-0500] {processor.py:826} INFO - Processing file /home/joha/anaconda3/lib/python3.10/site-packages/airflow/example_dags/example_short_circuit_operator.py for tasks to queue
[2023-08-02T11:13:52.656-0500] {logging_mixin.py:150} INFO - [2023-08-02T11:13:52.656-0500] {dagbag.py:541} INFO - Filling up the DagBag from /home/joha/anaconda3/lib/python3.10/site-packages/airflow/example_dags/example_short_circuit_operator.py
[2023-08-02T11:13:52.665-0500] {processor.py:836} INFO - DAG(s) dict_keys(['example_short_circuit_operator']) retrieved from /home/joha/anaconda3/lib/python3.10/site-packages/airflow/example_dags/example_short_circuit_operator.py
[2023-08-02T11:13:52.688-0500] {logging_mixin.py:150} INFO - [2023-08-02T11:13:52.688-0500] {dag.py:2742} INFO - Sync 1 DAGs
[2023-08-02T11:13:52.710-0500] {logging_mixin.py:150} INFO - [2023-08-02T11:13:52.710-0500] {dag.py:3504} INFO - Setting next_dagrun for example_short_circuit_operator to 2023-08-01T16:13:52.710226+00:00, run_after=2023-08-02T16:13:52.710226+00:00
[2023-08-02T11:13:52.732-0500] {processor.py:179} INFO - Processing /home/joha/anaconda3/lib/python3.10/site-packages/airflow/example_dags/example_short_circuit_operator.py took 0.088 seconds
[2023-08-02T11:14:35.488-0500] {processor.py:157} INFO - Started process (PID=106062) to work on /home/joha/anaconda3/lib/python3.10/site-packages/airflow/example_dags/example_short_circuit_operator.py
[2023-08-02T11:14:35.497-0500] {processor.py:826} INFO - Processing file /home/joha/anaconda3/lib/python3.10/site-packages/airflow/example_dags/example_short_circuit_operator.py for tasks to queue
[2023-08-02T11:14:35.499-0500] {logging_mixin.py:150} INFO - [2023-08-02T11:14:35.498-0500] {dagbag.py:541} INFO - Filling up the DagBag from /home/joha/anaconda3/lib/python3.10/site-packages/airflow/example_dags/example_short_circuit_operator.py
[2023-08-02T11:14:35.513-0500] {processor.py:836} INFO - DAG(s) dict_keys(['example_short_circuit_operator']) retrieved from /home/joha/anaconda3/lib/python3.10/site-packages/airflow/example_dags/example_short_circuit_operator.py
[2023-08-02T11:14:35.542-0500] {logging_mixin.py:150} INFO - [2023-08-02T11:14:35.542-0500] {dag.py:2742} INFO - Sync 1 DAGs
[2023-08-02T11:14:35.565-0500] {logging_mixin.py:150} INFO - [2023-08-02T11:14:35.565-0500] {dag.py:3504} INFO - Setting next_dagrun for example_short_circuit_operator to 2023-08-01T16:14:35.565276+00:00, run_after=2023-08-02T16:14:35.565276+00:00
[2023-08-02T11:14:35.590-0500] {processor.py:179} INFO - Processing /home/joha/anaconda3/lib/python3.10/site-packages/airflow/example_dags/example_short_circuit_operator.py took 0.107 seconds
[2023-08-02T11:15:21.781-0500] {processor.py:157} INFO - Started process (PID=106214) to work on /home/joha/anaconda3/lib/python3.10/site-packages/airflow/example_dags/example_short_circuit_operator.py
[2023-08-02T11:15:21.797-0500] {processor.py:826} INFO - Processing file /home/joha/anaconda3/lib/python3.10/site-packages/airflow/example_dags/example_short_circuit_operator.py for tasks to queue
[2023-08-02T11:15:21.798-0500] {logging_mixin.py:150} INFO - [2023-08-02T11:15:21.798-0500] {dagbag.py:541} INFO - Filling up the DagBag from /home/joha/anaconda3/lib/python3.10/site-packages/airflow/example_dags/example_short_circuit_operator.py
[2023-08-02T11:15:21.807-0500] {processor.py:836} INFO - DAG(s) dict_keys(['example_short_circuit_operator']) retrieved from /home/joha/anaconda3/lib/python3.10/site-packages/airflow/example_dags/example_short_circuit_operator.py
[2023-08-02T11:15:21.827-0500] {logging_mixin.py:150} INFO - [2023-08-02T11:15:21.827-0500] {dag.py:2742} INFO - Sync 1 DAGs
[2023-08-02T11:15:21.846-0500] {logging_mixin.py:150} INFO - [2023-08-02T11:15:21.845-0500] {dag.py:3504} INFO - Setting next_dagrun for example_short_circuit_operator to 2023-08-01T16:15:21.845496+00:00, run_after=2023-08-02T16:15:21.845496+00:00
[2023-08-02T11:15:21.868-0500] {processor.py:179} INFO - Processing /home/joha/anaconda3/lib/python3.10/site-packages/airflow/example_dags/example_short_circuit_operator.py took 0.091 seconds
[2023-08-02T11:16:11.043-0500] {processor.py:157} INFO - Started process (PID=106347) to work on /home/joha/anaconda3/lib/python3.10/site-packages/airflow/example_dags/example_short_circuit_operator.py
[2023-08-02T11:16:11.044-0500] {processor.py:826} INFO - Processing file /home/joha/anaconda3/lib/python3.10/site-packages/airflow/example_dags/example_short_circuit_operator.py for tasks to queue
[2023-08-02T11:16:11.045-0500] {logging_mixin.py:150} INFO - [2023-08-02T11:16:11.044-0500] {dagbag.py:541} INFO - Filling up the DagBag from /home/joha/anaconda3/lib/python3.10/site-packages/airflow/example_dags/example_short_circuit_operator.py
[2023-08-02T11:16:11.057-0500] {processor.py:836} INFO - DAG(s) dict_keys(['example_short_circuit_operator']) retrieved from /home/joha/anaconda3/lib/python3.10/site-packages/airflow/example_dags/example_short_circuit_operator.py
[2023-08-02T11:16:11.080-0500] {logging_mixin.py:150} INFO - [2023-08-02T11:16:11.080-0500] {dag.py:2742} INFO - Sync 1 DAGs
[2023-08-02T11:16:11.100-0500] {logging_mixin.py:150} INFO - [2023-08-02T11:16:11.100-0500] {dag.py:3504} INFO - Setting next_dagrun for example_short_circuit_operator to 2023-08-01T16:16:11.099840+00:00, run_after=2023-08-02T16:16:11.099840+00:00
[2023-08-02T11:16:11.119-0500] {processor.py:179} INFO - Processing /home/joha/anaconda3/lib/python3.10/site-packages/airflow/example_dags/example_short_circuit_operator.py took 0.080 seconds
[2023-08-02T11:16:57.755-0500] {processor.py:157} INFO - Started process (PID=106464) to work on /home/joha/anaconda3/lib/python3.10/site-packages/airflow/example_dags/example_short_circuit_operator.py
[2023-08-02T11:16:57.763-0500] {processor.py:826} INFO - Processing file /home/joha/anaconda3/lib/python3.10/site-packages/airflow/example_dags/example_short_circuit_operator.py for tasks to queue
[2023-08-02T11:16:57.765-0500] {logging_mixin.py:150} INFO - [2023-08-02T11:16:57.765-0500] {dagbag.py:541} INFO - Filling up the DagBag from /home/joha/anaconda3/lib/python3.10/site-packages/airflow/example_dags/example_short_circuit_operator.py
[2023-08-02T11:16:57.783-0500] {processor.py:836} INFO - DAG(s) dict_keys(['example_short_circuit_operator']) retrieved from /home/joha/anaconda3/lib/python3.10/site-packages/airflow/example_dags/example_short_circuit_operator.py
[2023-08-02T11:16:57.815-0500] {logging_mixin.py:150} INFO - [2023-08-02T11:16:57.814-0500] {dag.py:2742} INFO - Sync 1 DAGs
[2023-08-02T11:16:57.833-0500] {logging_mixin.py:150} INFO - [2023-08-02T11:16:57.833-0500] {dag.py:3504} INFO - Setting next_dagrun for example_short_circuit_operator to 2023-08-01T16:16:57.833246+00:00, run_after=2023-08-02T16:16:57.833246+00:00
[2023-08-02T11:16:57.854-0500] {processor.py:179} INFO - Processing /home/joha/anaconda3/lib/python3.10/site-packages/airflow/example_dags/example_short_circuit_operator.py took 0.106 seconds
[2023-08-02T11:17:43.030-0500] {processor.py:157} INFO - Started process (PID=106591) to work on /home/joha/anaconda3/lib/python3.10/site-packages/airflow/example_dags/example_short_circuit_operator.py
[2023-08-02T11:17:43.037-0500] {processor.py:826} INFO - Processing file /home/joha/anaconda3/lib/python3.10/site-packages/airflow/example_dags/example_short_circuit_operator.py for tasks to queue
[2023-08-02T11:17:43.038-0500] {logging_mixin.py:150} INFO - [2023-08-02T11:17:43.038-0500] {dagbag.py:541} INFO - Filling up the DagBag from /home/joha/anaconda3/lib/python3.10/site-packages/airflow/example_dags/example_short_circuit_operator.py
[2023-08-02T11:17:43.047-0500] {processor.py:836} INFO - DAG(s) dict_keys(['example_short_circuit_operator']) retrieved from /home/joha/anaconda3/lib/python3.10/site-packages/airflow/example_dags/example_short_circuit_operator.py
[2023-08-02T11:17:43.067-0500] {logging_mixin.py:150} INFO - [2023-08-02T11:17:43.067-0500] {dag.py:2742} INFO - Sync 1 DAGs
[2023-08-02T11:17:43.086-0500] {logging_mixin.py:150} INFO - [2023-08-02T11:17:43.086-0500] {dag.py:3504} INFO - Setting next_dagrun for example_short_circuit_operator to 2023-08-01T16:17:43.086163+00:00, run_after=2023-08-02T16:17:43.086163+00:00
[2023-08-02T11:17:43.106-0500] {processor.py:179} INFO - Processing /home/joha/anaconda3/lib/python3.10/site-packages/airflow/example_dags/example_short_circuit_operator.py took 0.081 seconds
[2023-08-02T11:18:25.982-0500] {processor.py:157} INFO - Started process (PID=106730) to work on /home/joha/anaconda3/lib/python3.10/site-packages/airflow/example_dags/example_short_circuit_operator.py
[2023-08-02T11:18:25.990-0500] {processor.py:826} INFO - Processing file /home/joha/anaconda3/lib/python3.10/site-packages/airflow/example_dags/example_short_circuit_operator.py for tasks to queue
[2023-08-02T11:18:25.991-0500] {logging_mixin.py:150} INFO - [2023-08-02T11:18:25.991-0500] {dagbag.py:541} INFO - Filling up the DagBag from /home/joha/anaconda3/lib/python3.10/site-packages/airflow/example_dags/example_short_circuit_operator.py
[2023-08-02T11:18:26.004-0500] {processor.py:836} INFO - DAG(s) dict_keys(['example_short_circuit_operator']) retrieved from /home/joha/anaconda3/lib/python3.10/site-packages/airflow/example_dags/example_short_circuit_operator.py
[2023-08-02T11:18:26.032-0500] {logging_mixin.py:150} INFO - [2023-08-02T11:18:26.032-0500] {dag.py:2742} INFO - Sync 1 DAGs
[2023-08-02T11:18:26.061-0500] {logging_mixin.py:150} INFO - [2023-08-02T11:18:26.061-0500] {dag.py:3504} INFO - Setting next_dagrun for example_short_circuit_operator to 2023-08-01T16:18:26.061030+00:00, run_after=2023-08-02T16:18:26.061030+00:00
[2023-08-02T11:18:26.089-0500] {processor.py:179} INFO - Processing /home/joha/anaconda3/lib/python3.10/site-packages/airflow/example_dags/example_short_circuit_operator.py took 0.110 seconds
[2023-08-02T11:19:11.558-0500] {processor.py:157} INFO - Started process (PID=106826) to work on /home/joha/anaconda3/lib/python3.10/site-packages/airflow/example_dags/example_short_circuit_operator.py
[2023-08-02T11:19:11.569-0500] {processor.py:826} INFO - Processing file /home/joha/anaconda3/lib/python3.10/site-packages/airflow/example_dags/example_short_circuit_operator.py for tasks to queue
[2023-08-02T11:19:11.570-0500] {logging_mixin.py:150} INFO - [2023-08-02T11:19:11.570-0500] {dagbag.py:541} INFO - Filling up the DagBag from /home/joha/anaconda3/lib/python3.10/site-packages/airflow/example_dags/example_short_circuit_operator.py
[2023-08-02T11:19:11.591-0500] {processor.py:836} INFO - DAG(s) dict_keys(['example_short_circuit_operator']) retrieved from /home/joha/anaconda3/lib/python3.10/site-packages/airflow/example_dags/example_short_circuit_operator.py
[2023-08-02T11:19:11.636-0500] {logging_mixin.py:150} INFO - [2023-08-02T11:19:11.636-0500] {dag.py:2742} INFO - Sync 1 DAGs
[2023-08-02T11:19:11.662-0500] {logging_mixin.py:150} INFO - [2023-08-02T11:19:11.662-0500] {dag.py:3504} INFO - Setting next_dagrun for example_short_circuit_operator to 2023-08-01T16:19:11.662086+00:00, run_after=2023-08-02T16:19:11.662086+00:00
[2023-08-02T11:19:11.685-0500] {processor.py:179} INFO - Processing /home/joha/anaconda3/lib/python3.10/site-packages/airflow/example_dags/example_short_circuit_operator.py took 0.133 seconds
[2023-08-02T11:19:59.791-0500] {processor.py:157} INFO - Started process (PID=106926) to work on /home/joha/anaconda3/lib/python3.10/site-packages/airflow/example_dags/example_short_circuit_operator.py
[2023-08-02T11:19:59.799-0500] {processor.py:826} INFO - Processing file /home/joha/anaconda3/lib/python3.10/site-packages/airflow/example_dags/example_short_circuit_operator.py for tasks to queue
[2023-08-02T11:19:59.800-0500] {logging_mixin.py:150} INFO - [2023-08-02T11:19:59.800-0500] {dagbag.py:541} INFO - Filling up the DagBag from /home/joha/anaconda3/lib/python3.10/site-packages/airflow/example_dags/example_short_circuit_operator.py
[2023-08-02T11:19:59.816-0500] {processor.py:836} INFO - DAG(s) dict_keys(['example_short_circuit_operator']) retrieved from /home/joha/anaconda3/lib/python3.10/site-packages/airflow/example_dags/example_short_circuit_operator.py
[2023-08-02T11:19:59.850-0500] {logging_mixin.py:150} INFO - [2023-08-02T11:19:59.850-0500] {dag.py:2742} INFO - Sync 1 DAGs
[2023-08-02T11:19:59.879-0500] {logging_mixin.py:150} INFO - [2023-08-02T11:19:59.879-0500] {dag.py:3504} INFO - Setting next_dagrun for example_short_circuit_operator to 2023-08-01T16:19:59.879272+00:00, run_after=2023-08-02T16:19:59.879272+00:00
[2023-08-02T11:19:59.911-0500] {processor.py:179} INFO - Processing /home/joha/anaconda3/lib/python3.10/site-packages/airflow/example_dags/example_short_circuit_operator.py took 0.125 seconds
[2023-08-02T11:20:50.088-0500] {processor.py:157} INFO - Started process (PID=107063) to work on /home/joha/anaconda3/lib/python3.10/site-packages/airflow/example_dags/example_short_circuit_operator.py
[2023-08-02T11:20:50.094-0500] {processor.py:826} INFO - Processing file /home/joha/anaconda3/lib/python3.10/site-packages/airflow/example_dags/example_short_circuit_operator.py for tasks to queue
[2023-08-02T11:20:50.095-0500] {logging_mixin.py:150} INFO - [2023-08-02T11:20:50.094-0500] {dagbag.py:541} INFO - Filling up the DagBag from /home/joha/anaconda3/lib/python3.10/site-packages/airflow/example_dags/example_short_circuit_operator.py
[2023-08-02T11:20:50.103-0500] {processor.py:836} INFO - DAG(s) dict_keys(['example_short_circuit_operator']) retrieved from /home/joha/anaconda3/lib/python3.10/site-packages/airflow/example_dags/example_short_circuit_operator.py
[2023-08-02T11:20:50.123-0500] {logging_mixin.py:150} INFO - [2023-08-02T11:20:50.123-0500] {dag.py:2742} INFO - Sync 1 DAGs
[2023-08-02T11:20:50.143-0500] {logging_mixin.py:150} INFO - [2023-08-02T11:20:50.143-0500] {dag.py:3504} INFO - Setting next_dagrun for example_short_circuit_operator to 2023-08-01T16:20:50.143382+00:00, run_after=2023-08-02T16:20:50.143382+00:00
[2023-08-02T11:20:50.170-0500] {processor.py:179} INFO - Processing /home/joha/anaconda3/lib/python3.10/site-packages/airflow/example_dags/example_short_circuit_operator.py took 0.086 seconds
[2023-08-02T11:21:53.665-0500] {processor.py:157} INFO - Started process (PID=107361) to work on /home/joha/anaconda3/lib/python3.10/site-packages/airflow/example_dags/example_short_circuit_operator.py
[2023-08-02T11:21:53.673-0500] {processor.py:826} INFO - Processing file /home/joha/anaconda3/lib/python3.10/site-packages/airflow/example_dags/example_short_circuit_operator.py for tasks to queue
[2023-08-02T11:21:53.674-0500] {logging_mixin.py:150} INFO - [2023-08-02T11:21:53.674-0500] {dagbag.py:541} INFO - Filling up the DagBag from /home/joha/anaconda3/lib/python3.10/site-packages/airflow/example_dags/example_short_circuit_operator.py
[2023-08-02T11:21:53.687-0500] {processor.py:836} INFO - DAG(s) dict_keys(['example_short_circuit_operator']) retrieved from /home/joha/anaconda3/lib/python3.10/site-packages/airflow/example_dags/example_short_circuit_operator.py
[2023-08-02T11:21:53.718-0500] {logging_mixin.py:150} INFO - [2023-08-02T11:21:53.718-0500] {dag.py:2742} INFO - Sync 1 DAGs
[2023-08-02T11:21:53.745-0500] {logging_mixin.py:150} INFO - [2023-08-02T11:21:53.745-0500] {dag.py:3504} INFO - Setting next_dagrun for example_short_circuit_operator to 2023-08-01T16:21:53.745049+00:00, run_after=2023-08-02T16:21:53.745049+00:00
[2023-08-02T11:21:53.777-0500] {processor.py:179} INFO - Processing /home/joha/anaconda3/lib/python3.10/site-packages/airflow/example_dags/example_short_circuit_operator.py took 0.117 seconds
[2023-08-02T11:22:59.096-0500] {processor.py:157} INFO - Started process (PID=107598) to work on /home/joha/anaconda3/lib/python3.10/site-packages/airflow/example_dags/example_short_circuit_operator.py
[2023-08-02T11:22:59.106-0500] {processor.py:826} INFO - Processing file /home/joha/anaconda3/lib/python3.10/site-packages/airflow/example_dags/example_short_circuit_operator.py for tasks to queue
[2023-08-02T11:22:59.109-0500] {logging_mixin.py:150} INFO - [2023-08-02T11:22:59.108-0500] {dagbag.py:541} INFO - Filling up the DagBag from /home/joha/anaconda3/lib/python3.10/site-packages/airflow/example_dags/example_short_circuit_operator.py
[2023-08-02T11:22:59.137-0500] {processor.py:836} INFO - DAG(s) dict_keys(['example_short_circuit_operator']) retrieved from /home/joha/anaconda3/lib/python3.10/site-packages/airflow/example_dags/example_short_circuit_operator.py
[2023-08-02T11:22:59.168-0500] {logging_mixin.py:150} INFO - [2023-08-02T11:22:59.168-0500] {dag.py:2742} INFO - Sync 1 DAGs
[2023-08-02T11:22:59.189-0500] {logging_mixin.py:150} INFO - [2023-08-02T11:22:59.188-0500] {dag.py:3504} INFO - Setting next_dagrun for example_short_circuit_operator to 2023-08-01T16:22:59.188758+00:00, run_after=2023-08-02T16:22:59.188758+00:00
[2023-08-02T11:22:59.317-0500] {processor.py:179} INFO - Processing /home/joha/anaconda3/lib/python3.10/site-packages/airflow/example_dags/example_short_circuit_operator.py took 0.230 seconds
[2023-08-02T11:24:29.803-0500] {processor.py:157} INFO - Started process (PID=108260) to work on /home/joha/anaconda3/lib/python3.10/site-packages/airflow/example_dags/example_short_circuit_operator.py
[2023-08-02T11:24:29.810-0500] {processor.py:826} INFO - Processing file /home/joha/anaconda3/lib/python3.10/site-packages/airflow/example_dags/example_short_circuit_operator.py for tasks to queue
[2023-08-02T11:24:29.811-0500] {logging_mixin.py:150} INFO - [2023-08-02T11:24:29.810-0500] {dagbag.py:541} INFO - Filling up the DagBag from /home/joha/anaconda3/lib/python3.10/site-packages/airflow/example_dags/example_short_circuit_operator.py
[2023-08-02T11:24:29.823-0500] {processor.py:836} INFO - DAG(s) dict_keys(['example_short_circuit_operator']) retrieved from /home/joha/anaconda3/lib/python3.10/site-packages/airflow/example_dags/example_short_circuit_operator.py
[2023-08-02T11:24:29.849-0500] {logging_mixin.py:150} INFO - [2023-08-02T11:24:29.848-0500] {dag.py:2742} INFO - Sync 1 DAGs
[2023-08-02T11:24:29.876-0500] {logging_mixin.py:150} INFO - [2023-08-02T11:24:29.876-0500] {dag.py:3504} INFO - Setting next_dagrun for example_short_circuit_operator to 2023-08-01T16:24:29.875983+00:00, run_after=2023-08-02T16:24:29.875983+00:00
[2023-08-02T11:24:29.907-0500] {processor.py:179} INFO - Processing /home/joha/anaconda3/lib/python3.10/site-packages/airflow/example_dags/example_short_circuit_operator.py took 0.109 seconds
[2023-08-02T11:25:43.521-0500] {processor.py:157} INFO - Started process (PID=108414) to work on /home/joha/anaconda3/lib/python3.10/site-packages/airflow/example_dags/example_short_circuit_operator.py
[2023-08-02T11:25:43.531-0500] {processor.py:826} INFO - Processing file /home/joha/anaconda3/lib/python3.10/site-packages/airflow/example_dags/example_short_circuit_operator.py for tasks to queue
[2023-08-02T11:25:43.534-0500] {logging_mixin.py:150} INFO - [2023-08-02T11:25:43.533-0500] {dagbag.py:541} INFO - Filling up the DagBag from /home/joha/anaconda3/lib/python3.10/site-packages/airflow/example_dags/example_short_circuit_operator.py
[2023-08-02T11:25:43.561-0500] {processor.py:836} INFO - DAG(s) dict_keys(['example_short_circuit_operator']) retrieved from /home/joha/anaconda3/lib/python3.10/site-packages/airflow/example_dags/example_short_circuit_operator.py
[2023-08-02T11:25:43.590-0500] {logging_mixin.py:150} INFO - [2023-08-02T11:25:43.590-0500] {dag.py:2742} INFO - Sync 1 DAGs
[2023-08-02T11:25:43.610-0500] {logging_mixin.py:150} INFO - [2023-08-02T11:25:43.609-0500] {dag.py:3504} INFO - Setting next_dagrun for example_short_circuit_operator to 2023-08-01T16:25:43.609641+00:00, run_after=2023-08-02T16:25:43.609641+00:00
[2023-08-02T11:25:43.629-0500] {processor.py:179} INFO - Processing /home/joha/anaconda3/lib/python3.10/site-packages/airflow/example_dags/example_short_circuit_operator.py took 0.119 seconds
