[2023-08-01T20:25:51.085-0500] {processor.py:157} INFO - Started process (PID=99571) to work on /home/joha/anaconda3/lib/python3.10/site-packages/airflow/example_dags/example_external_task_marker_dag.py
[2023-08-01T20:25:51.086-0500] {processor.py:826} INFO - Processing file /home/joha/anaconda3/lib/python3.10/site-packages/airflow/example_dags/example_external_task_marker_dag.py for tasks to queue
[2023-08-01T20:25:51.087-0500] {logging_mixin.py:150} INFO - [2023-08-01T20:25:51.087-0500] {dagbag.py:541} INFO - Filling up the DagBag from /home/joha/anaconda3/lib/python3.10/site-packages/airflow/example_dags/example_external_task_marker_dag.py
[2023-08-01T20:25:51.094-0500] {processor.py:836} INFO - DAG(s) dict_keys(['example_external_task_marker_child', 'example_external_task_marker_parent']) retrieved from /home/joha/anaconda3/lib/python3.10/site-packages/airflow/example_dags/example_external_task_marker_dag.py
[2023-08-01T20:25:51.114-0500] {logging_mixin.py:150} INFO - [2023-08-01T20:25:51.114-0500] {dag.py:2742} INFO - Sync 2 DAGs
[2023-08-01T20:25:51.134-0500] {logging_mixin.py:150} INFO - [2023-08-01T20:25:51.134-0500] {dag.py:3504} INFO - Setting next_dagrun for example_external_task_marker_child to None, run_after=None
[2023-08-01T20:25:51.137-0500] {logging_mixin.py:150} INFO - [2023-08-01T20:25:51.137-0500] {dag.py:3504} INFO - Setting next_dagrun for example_external_task_marker_parent to None, run_after=None
[2023-08-01T20:25:51.161-0500] {processor.py:179} INFO - Processing /home/joha/anaconda3/lib/python3.10/site-packages/airflow/example_dags/example_external_task_marker_dag.py took 0.080 seconds
[2023-08-02T11:08:58.632-0500] {processor.py:157} INFO - Started process (PID=105269) to work on /home/joha/anaconda3/lib/python3.10/site-packages/airflow/example_dags/example_external_task_marker_dag.py
[2023-08-02T11:08:58.640-0500] {processor.py:826} INFO - Processing file /home/joha/anaconda3/lib/python3.10/site-packages/airflow/example_dags/example_external_task_marker_dag.py for tasks to queue
[2023-08-02T11:08:58.641-0500] {logging_mixin.py:150} INFO - [2023-08-02T11:08:58.641-0500] {dagbag.py:541} INFO - Filling up the DagBag from /home/joha/anaconda3/lib/python3.10/site-packages/airflow/example_dags/example_external_task_marker_dag.py
[2023-08-02T11:08:58.650-0500] {processor.py:836} INFO - DAG(s) dict_keys(['example_external_task_marker_child', 'example_external_task_marker_parent']) retrieved from /home/joha/anaconda3/lib/python3.10/site-packages/airflow/example_dags/example_external_task_marker_dag.py
[2023-08-02T11:08:58.676-0500] {logging_mixin.py:150} INFO - [2023-08-02T11:08:58.676-0500] {dag.py:2742} INFO - Sync 2 DAGs
[2023-08-02T11:08:58.700-0500] {logging_mixin.py:150} INFO - [2023-08-02T11:08:58.700-0500] {dag.py:3504} INFO - Setting next_dagrun for example_external_task_marker_child to None, run_after=None
[2023-08-02T11:08:58.703-0500] {logging_mixin.py:150} INFO - [2023-08-02T11:08:58.703-0500] {dag.py:3504} INFO - Setting next_dagrun for example_external_task_marker_parent to None, run_after=None
[2023-08-02T11:08:58.723-0500] {processor.py:179} INFO - Processing /home/joha/anaconda3/lib/python3.10/site-packages/airflow/example_dags/example_external_task_marker_dag.py took 0.095 seconds
[2023-08-02T11:09:53.660-0500] {processor.py:157} INFO - Started process (PID=105403) to work on /home/joha/anaconda3/lib/python3.10/site-packages/airflow/example_dags/example_external_task_marker_dag.py
[2023-08-02T11:09:53.668-0500] {processor.py:826} INFO - Processing file /home/joha/anaconda3/lib/python3.10/site-packages/airflow/example_dags/example_external_task_marker_dag.py for tasks to queue
[2023-08-02T11:09:53.669-0500] {logging_mixin.py:150} INFO - [2023-08-02T11:09:53.668-0500] {dagbag.py:541} INFO - Filling up the DagBag from /home/joha/anaconda3/lib/python3.10/site-packages/airflow/example_dags/example_external_task_marker_dag.py
[2023-08-02T11:09:53.677-0500] {processor.py:836} INFO - DAG(s) dict_keys(['example_external_task_marker_parent', 'example_external_task_marker_child']) retrieved from /home/joha/anaconda3/lib/python3.10/site-packages/airflow/example_dags/example_external_task_marker_dag.py
[2023-08-02T11:09:53.705-0500] {logging_mixin.py:150} INFO - [2023-08-02T11:09:53.705-0500] {dag.py:2742} INFO - Sync 2 DAGs
[2023-08-02T11:09:53.725-0500] {logging_mixin.py:150} INFO - [2023-08-02T11:09:53.724-0500] {dag.py:3504} INFO - Setting next_dagrun for example_external_task_marker_child to None, run_after=None
[2023-08-02T11:09:53.727-0500] {logging_mixin.py:150} INFO - [2023-08-02T11:09:53.727-0500] {dag.py:3504} INFO - Setting next_dagrun for example_external_task_marker_parent to None, run_after=None
[2023-08-02T11:09:53.745-0500] {processor.py:179} INFO - Processing /home/joha/anaconda3/lib/python3.10/site-packages/airflow/example_dags/example_external_task_marker_dag.py took 0.090 seconds
[2023-08-02T11:11:02.569-0500] {processor.py:157} INFO - Started process (PID=105616) to work on /home/joha/anaconda3/lib/python3.10/site-packages/airflow/example_dags/example_external_task_marker_dag.py
[2023-08-02T11:11:02.576-0500] {processor.py:826} INFO - Processing file /home/joha/anaconda3/lib/python3.10/site-packages/airflow/example_dags/example_external_task_marker_dag.py for tasks to queue
[2023-08-02T11:11:02.577-0500] {logging_mixin.py:150} INFO - [2023-08-02T11:11:02.577-0500] {dagbag.py:541} INFO - Filling up the DagBag from /home/joha/anaconda3/lib/python3.10/site-packages/airflow/example_dags/example_external_task_marker_dag.py
[2023-08-02T11:11:02.588-0500] {processor.py:836} INFO - DAG(s) dict_keys(['example_external_task_marker_child', 'example_external_task_marker_parent']) retrieved from /home/joha/anaconda3/lib/python3.10/site-packages/airflow/example_dags/example_external_task_marker_dag.py
[2023-08-02T11:11:02.613-0500] {logging_mixin.py:150} INFO - [2023-08-02T11:11:02.613-0500] {dag.py:2742} INFO - Sync 2 DAGs
[2023-08-02T11:11:02.635-0500] {logging_mixin.py:150} INFO - [2023-08-02T11:11:02.634-0500] {dag.py:3504} INFO - Setting next_dagrun for example_external_task_marker_child to None, run_after=None
[2023-08-02T11:11:02.638-0500] {logging_mixin.py:150} INFO - [2023-08-02T11:11:02.638-0500] {dag.py:3504} INFO - Setting next_dagrun for example_external_task_marker_parent to None, run_after=None
[2023-08-02T11:11:02.662-0500] {processor.py:179} INFO - Processing /home/joha/anaconda3/lib/python3.10/site-packages/airflow/example_dags/example_external_task_marker_dag.py took 0.097 seconds
[2023-08-02T11:12:13.304-0500] {processor.py:157} INFO - Started process (PID=105825) to work on /home/joha/anaconda3/lib/python3.10/site-packages/airflow/example_dags/example_external_task_marker_dag.py
[2023-08-02T11:12:13.311-0500] {processor.py:826} INFO - Processing file /home/joha/anaconda3/lib/python3.10/site-packages/airflow/example_dags/example_external_task_marker_dag.py for tasks to queue
[2023-08-02T11:12:13.312-0500] {logging_mixin.py:150} INFO - [2023-08-02T11:12:13.312-0500] {dagbag.py:541} INFO - Filling up the DagBag from /home/joha/anaconda3/lib/python3.10/site-packages/airflow/example_dags/example_external_task_marker_dag.py
[2023-08-02T11:12:13.320-0500] {processor.py:836} INFO - DAG(s) dict_keys(['example_external_task_marker_parent', 'example_external_task_marker_child']) retrieved from /home/joha/anaconda3/lib/python3.10/site-packages/airflow/example_dags/example_external_task_marker_dag.py
[2023-08-02T11:12:13.340-0500] {logging_mixin.py:150} INFO - [2023-08-02T11:12:13.340-0500] {dag.py:2742} INFO - Sync 2 DAGs
[2023-08-02T11:12:13.362-0500] {logging_mixin.py:150} INFO - [2023-08-02T11:12:13.362-0500] {dag.py:3504} INFO - Setting next_dagrun for example_external_task_marker_child to None, run_after=None
[2023-08-02T11:12:13.365-0500] {logging_mixin.py:150} INFO - [2023-08-02T11:12:13.365-0500] {dag.py:3504} INFO - Setting next_dagrun for example_external_task_marker_parent to None, run_after=None
[2023-08-02T11:12:13.394-0500] {processor.py:179} INFO - Processing /home/joha/anaconda3/lib/python3.10/site-packages/airflow/example_dags/example_external_task_marker_dag.py took 0.094 seconds
[2023-08-02T11:13:16.373-0500] {processor.py:157} INFO - Started process (PID=105950) to work on /home/joha/anaconda3/lib/python3.10/site-packages/airflow/example_dags/example_external_task_marker_dag.py
[2023-08-02T11:13:16.374-0500] {processor.py:826} INFO - Processing file /home/joha/anaconda3/lib/python3.10/site-packages/airflow/example_dags/example_external_task_marker_dag.py for tasks to queue
[2023-08-02T11:13:16.376-0500] {logging_mixin.py:150} INFO - [2023-08-02T11:13:16.375-0500] {dagbag.py:541} INFO - Filling up the DagBag from /home/joha/anaconda3/lib/python3.10/site-packages/airflow/example_dags/example_external_task_marker_dag.py
[2023-08-02T11:13:16.385-0500] {processor.py:836} INFO - DAG(s) dict_keys(['example_external_task_marker_child', 'example_external_task_marker_parent']) retrieved from /home/joha/anaconda3/lib/python3.10/site-packages/airflow/example_dags/example_external_task_marker_dag.py
[2023-08-02T11:13:16.409-0500] {logging_mixin.py:150} INFO - [2023-08-02T11:13:16.409-0500] {dag.py:2742} INFO - Sync 2 DAGs
[2023-08-02T11:13:16.434-0500] {logging_mixin.py:150} INFO - [2023-08-02T11:13:16.433-0500] {dag.py:3504} INFO - Setting next_dagrun for example_external_task_marker_child to None, run_after=None
[2023-08-02T11:13:16.438-0500] {logging_mixin.py:150} INFO - [2023-08-02T11:13:16.438-0500] {dag.py:3504} INFO - Setting next_dagrun for example_external_task_marker_parent to None, run_after=None
[2023-08-02T11:13:16.457-0500] {processor.py:179} INFO - Processing /home/joha/anaconda3/lib/python3.10/site-packages/airflow/example_dags/example_external_task_marker_dag.py took 0.090 seconds
[2023-08-02T11:14:18.474-0500] {processor.py:157} INFO - Started process (PID=106044) to work on /home/joha/anaconda3/lib/python3.10/site-packages/airflow/example_dags/example_external_task_marker_dag.py
[2023-08-02T11:14:18.482-0500] {processor.py:826} INFO - Processing file /home/joha/anaconda3/lib/python3.10/site-packages/airflow/example_dags/example_external_task_marker_dag.py for tasks to queue
[2023-08-02T11:14:18.483-0500] {logging_mixin.py:150} INFO - [2023-08-02T11:14:18.482-0500] {dagbag.py:541} INFO - Filling up the DagBag from /home/joha/anaconda3/lib/python3.10/site-packages/airflow/example_dags/example_external_task_marker_dag.py
[2023-08-02T11:14:18.492-0500] {processor.py:836} INFO - DAG(s) dict_keys(['example_external_task_marker_parent', 'example_external_task_marker_child']) retrieved from /home/joha/anaconda3/lib/python3.10/site-packages/airflow/example_dags/example_external_task_marker_dag.py
[2023-08-02T11:14:18.517-0500] {logging_mixin.py:150} INFO - [2023-08-02T11:14:18.517-0500] {dag.py:2742} INFO - Sync 2 DAGs
[2023-08-02T11:14:18.544-0500] {logging_mixin.py:150} INFO - [2023-08-02T11:14:18.544-0500] {dag.py:3504} INFO - Setting next_dagrun for example_external_task_marker_child to None, run_after=None
[2023-08-02T11:14:18.548-0500] {logging_mixin.py:150} INFO - [2023-08-02T11:14:18.548-0500] {dag.py:3504} INFO - Setting next_dagrun for example_external_task_marker_parent to None, run_after=None
[2023-08-02T11:14:18.571-0500] {processor.py:179} INFO - Processing /home/joha/anaconda3/lib/python3.10/site-packages/airflow/example_dags/example_external_task_marker_dag.py took 0.101 seconds
[2023-08-02T11:15:28.747-0500] {processor.py:157} INFO - Started process (PID=106228) to work on /home/joha/anaconda3/lib/python3.10/site-packages/airflow/example_dags/example_external_task_marker_dag.py
[2023-08-02T11:15:28.756-0500] {processor.py:826} INFO - Processing file /home/joha/anaconda3/lib/python3.10/site-packages/airflow/example_dags/example_external_task_marker_dag.py for tasks to queue
[2023-08-02T11:15:28.757-0500] {logging_mixin.py:150} INFO - [2023-08-02T11:15:28.757-0500] {dagbag.py:541} INFO - Filling up the DagBag from /home/joha/anaconda3/lib/python3.10/site-packages/airflow/example_dags/example_external_task_marker_dag.py
[2023-08-02T11:15:28.767-0500] {processor.py:836} INFO - DAG(s) dict_keys(['example_external_task_marker_child', 'example_external_task_marker_parent']) retrieved from /home/joha/anaconda3/lib/python3.10/site-packages/airflow/example_dags/example_external_task_marker_dag.py
[2023-08-02T11:15:28.790-0500] {logging_mixin.py:150} INFO - [2023-08-02T11:15:28.790-0500] {dag.py:2742} INFO - Sync 2 DAGs
[2023-08-02T11:15:28.809-0500] {logging_mixin.py:150} INFO - [2023-08-02T11:15:28.809-0500] {dag.py:3504} INFO - Setting next_dagrun for example_external_task_marker_child to None, run_after=None
[2023-08-02T11:15:28.811-0500] {logging_mixin.py:150} INFO - [2023-08-02T11:15:28.811-0500] {dag.py:3504} INFO - Setting next_dagrun for example_external_task_marker_parent to None, run_after=None
[2023-08-02T11:15:28.830-0500] {processor.py:179} INFO - Processing /home/joha/anaconda3/lib/python3.10/site-packages/airflow/example_dags/example_external_task_marker_dag.py took 0.089 seconds
[2023-08-02T11:16:41.851-0500] {processor.py:157} INFO - Started process (PID=106418) to work on /home/joha/anaconda3/lib/python3.10/site-packages/airflow/example_dags/example_external_task_marker_dag.py
[2023-08-02T11:16:41.861-0500] {processor.py:826} INFO - Processing file /home/joha/anaconda3/lib/python3.10/site-packages/airflow/example_dags/example_external_task_marker_dag.py for tasks to queue
[2023-08-02T11:16:41.864-0500] {logging_mixin.py:150} INFO - [2023-08-02T11:16:41.862-0500] {dagbag.py:541} INFO - Filling up the DagBag from /home/joha/anaconda3/lib/python3.10/site-packages/airflow/example_dags/example_external_task_marker_dag.py
[2023-08-02T11:16:41.889-0500] {processor.py:836} INFO - DAG(s) dict_keys(['example_external_task_marker_parent', 'example_external_task_marker_child']) retrieved from /home/joha/anaconda3/lib/python3.10/site-packages/airflow/example_dags/example_external_task_marker_dag.py
[2023-08-02T11:16:41.928-0500] {logging_mixin.py:150} INFO - [2023-08-02T11:16:41.928-0500] {dag.py:2742} INFO - Sync 2 DAGs
[2023-08-02T11:16:41.948-0500] {logging_mixin.py:150} INFO - [2023-08-02T11:16:41.948-0500] {dag.py:3504} INFO - Setting next_dagrun for example_external_task_marker_child to None, run_after=None
[2023-08-02T11:16:41.951-0500] {logging_mixin.py:150} INFO - [2023-08-02T11:16:41.951-0500] {dag.py:3504} INFO - Setting next_dagrun for example_external_task_marker_parent to None, run_after=None
[2023-08-02T11:16:41.971-0500] {processor.py:179} INFO - Processing /home/joha/anaconda3/lib/python3.10/site-packages/airflow/example_dags/example_external_task_marker_dag.py took 0.130 seconds
[2023-08-02T11:17:47.913-0500] {processor.py:157} INFO - Started process (PID=106600) to work on /home/joha/anaconda3/lib/python3.10/site-packages/airflow/example_dags/example_external_task_marker_dag.py
[2023-08-02T11:17:47.922-0500] {processor.py:826} INFO - Processing file /home/joha/anaconda3/lib/python3.10/site-packages/airflow/example_dags/example_external_task_marker_dag.py for tasks to queue
[2023-08-02T11:17:47.926-0500] {logging_mixin.py:150} INFO - [2023-08-02T11:17:47.923-0500] {dagbag.py:541} INFO - Filling up the DagBag from /home/joha/anaconda3/lib/python3.10/site-packages/airflow/example_dags/example_external_task_marker_dag.py
[2023-08-02T11:17:47.949-0500] {processor.py:836} INFO - DAG(s) dict_keys(['example_external_task_marker_parent', 'example_external_task_marker_child']) retrieved from /home/joha/anaconda3/lib/python3.10/site-packages/airflow/example_dags/example_external_task_marker_dag.py
[2023-08-02T11:17:47.976-0500] {logging_mixin.py:150} INFO - [2023-08-02T11:17:47.976-0500] {dag.py:2742} INFO - Sync 2 DAGs
[2023-08-02T11:17:47.996-0500] {logging_mixin.py:150} INFO - [2023-08-02T11:17:47.995-0500] {dag.py:3504} INFO - Setting next_dagrun for example_external_task_marker_child to None, run_after=None
[2023-08-02T11:17:47.998-0500] {logging_mixin.py:150} INFO - [2023-08-02T11:17:47.998-0500] {dag.py:3504} INFO - Setting next_dagrun for example_external_task_marker_parent to None, run_after=None
[2023-08-02T11:17:48.025-0500] {processor.py:179} INFO - Processing /home/joha/anaconda3/lib/python3.10/site-packages/airflow/example_dags/example_external_task_marker_dag.py took 0.118 seconds
[2023-08-02T11:18:54.459-0500] {processor.py:157} INFO - Started process (PID=106794) to work on /home/joha/anaconda3/lib/python3.10/site-packages/airflow/example_dags/example_external_task_marker_dag.py
[2023-08-02T11:18:54.468-0500] {processor.py:826} INFO - Processing file /home/joha/anaconda3/lib/python3.10/site-packages/airflow/example_dags/example_external_task_marker_dag.py for tasks to queue
[2023-08-02T11:18:54.471-0500] {logging_mixin.py:150} INFO - [2023-08-02T11:18:54.470-0500] {dagbag.py:541} INFO - Filling up the DagBag from /home/joha/anaconda3/lib/python3.10/site-packages/airflow/example_dags/example_external_task_marker_dag.py
[2023-08-02T11:18:54.488-0500] {processor.py:836} INFO - DAG(s) dict_keys(['example_external_task_marker_child', 'example_external_task_marker_parent']) retrieved from /home/joha/anaconda3/lib/python3.10/site-packages/airflow/example_dags/example_external_task_marker_dag.py
[2023-08-02T11:18:54.514-0500] {logging_mixin.py:150} INFO - [2023-08-02T11:18:54.514-0500] {dag.py:2742} INFO - Sync 2 DAGs
[2023-08-02T11:18:54.535-0500] {logging_mixin.py:150} INFO - [2023-08-02T11:18:54.535-0500] {dag.py:3504} INFO - Setting next_dagrun for example_external_task_marker_child to None, run_after=None
[2023-08-02T11:18:54.538-0500] {logging_mixin.py:150} INFO - [2023-08-02T11:18:54.538-0500] {dag.py:3504} INFO - Setting next_dagrun for example_external_task_marker_parent to None, run_after=None
[2023-08-02T11:18:54.559-0500] {processor.py:179} INFO - Processing /home/joha/anaconda3/lib/python3.10/site-packages/airflow/example_dags/example_external_task_marker_dag.py took 0.106 seconds
[2023-08-02T11:20:08.234-0500] {processor.py:157} INFO - Started process (PID=106940) to work on /home/joha/anaconda3/lib/python3.10/site-packages/airflow/example_dags/example_external_task_marker_dag.py
[2023-08-02T11:20:08.241-0500] {processor.py:826} INFO - Processing file /home/joha/anaconda3/lib/python3.10/site-packages/airflow/example_dags/example_external_task_marker_dag.py for tasks to queue
[2023-08-02T11:20:08.242-0500] {logging_mixin.py:150} INFO - [2023-08-02T11:20:08.242-0500] {dagbag.py:541} INFO - Filling up the DagBag from /home/joha/anaconda3/lib/python3.10/site-packages/airflow/example_dags/example_external_task_marker_dag.py
[2023-08-02T11:20:08.251-0500] {processor.py:836} INFO - DAG(s) dict_keys(['example_external_task_marker_child', 'example_external_task_marker_parent']) retrieved from /home/joha/anaconda3/lib/python3.10/site-packages/airflow/example_dags/example_external_task_marker_dag.py
[2023-08-02T11:20:08.276-0500] {logging_mixin.py:150} INFO - [2023-08-02T11:20:08.276-0500] {dag.py:2742} INFO - Sync 2 DAGs
[2023-08-02T11:20:08.299-0500] {logging_mixin.py:150} INFO - [2023-08-02T11:20:08.298-0500] {dag.py:3504} INFO - Setting next_dagrun for example_external_task_marker_child to None, run_after=None
[2023-08-02T11:20:08.302-0500] {logging_mixin.py:150} INFO - [2023-08-02T11:20:08.302-0500] {dag.py:3504} INFO - Setting next_dagrun for example_external_task_marker_parent to None, run_after=None
[2023-08-02T11:20:08.325-0500] {processor.py:179} INFO - Processing /home/joha/anaconda3/lib/python3.10/site-packages/airflow/example_dags/example_external_task_marker_dag.py took 0.095 seconds
[2023-08-02T11:21:32.543-0500] {processor.py:157} INFO - Started process (PID=107144) to work on /home/joha/anaconda3/lib/python3.10/site-packages/airflow/example_dags/example_external_task_marker_dag.py
[2023-08-02T11:21:32.556-0500] {processor.py:826} INFO - Processing file /home/joha/anaconda3/lib/python3.10/site-packages/airflow/example_dags/example_external_task_marker_dag.py for tasks to queue
[2023-08-02T11:21:32.561-0500] {logging_mixin.py:150} INFO - [2023-08-02T11:21:32.559-0500] {dagbag.py:541} INFO - Filling up the DagBag from /home/joha/anaconda3/lib/python3.10/site-packages/airflow/example_dags/example_external_task_marker_dag.py
[2023-08-02T11:21:32.584-0500] {processor.py:836} INFO - DAG(s) dict_keys(['example_external_task_marker_child', 'example_external_task_marker_parent']) retrieved from /home/joha/anaconda3/lib/python3.10/site-packages/airflow/example_dags/example_external_task_marker_dag.py
[2023-08-02T11:21:32.613-0500] {logging_mixin.py:150} INFO - [2023-08-02T11:21:32.613-0500] {dag.py:2742} INFO - Sync 2 DAGs
[2023-08-02T11:21:32.635-0500] {logging_mixin.py:150} INFO - [2023-08-02T11:21:32.635-0500] {dag.py:3504} INFO - Setting next_dagrun for example_external_task_marker_child to None, run_after=None
[2023-08-02T11:21:32.638-0500] {logging_mixin.py:150} INFO - [2023-08-02T11:21:32.638-0500] {dag.py:3504} INFO - Setting next_dagrun for example_external_task_marker_parent to None, run_after=None
[2023-08-02T11:21:32.659-0500] {processor.py:179} INFO - Processing /home/joha/anaconda3/lib/python3.10/site-packages/airflow/example_dags/example_external_task_marker_dag.py took 0.129 seconds
[2023-08-02T11:22:34.430-0500] {processor.py:157} INFO - Started process (PID=107522) to work on /home/joha/anaconda3/lib/python3.10/site-packages/airflow/example_dags/example_external_task_marker_dag.py
[2023-08-02T11:22:34.483-0500] {processor.py:826} INFO - Processing file /home/joha/anaconda3/lib/python3.10/site-packages/airflow/example_dags/example_external_task_marker_dag.py for tasks to queue
[2023-08-02T11:22:34.486-0500] {logging_mixin.py:150} INFO - [2023-08-02T11:22:34.485-0500] {dagbag.py:541} INFO - Filling up the DagBag from /home/joha/anaconda3/lib/python3.10/site-packages/airflow/example_dags/example_external_task_marker_dag.py
[2023-08-02T11:22:34.508-0500] {processor.py:836} INFO - DAG(s) dict_keys(['example_external_task_marker_child', 'example_external_task_marker_parent']) retrieved from /home/joha/anaconda3/lib/python3.10/site-packages/airflow/example_dags/example_external_task_marker_dag.py
[2023-08-02T11:22:34.553-0500] {logging_mixin.py:150} INFO - [2023-08-02T11:22:34.553-0500] {dag.py:2742} INFO - Sync 2 DAGs
[2023-08-02T11:22:34.581-0500] {logging_mixin.py:150} INFO - [2023-08-02T11:22:34.581-0500] {dag.py:3504} INFO - Setting next_dagrun for example_external_task_marker_child to None, run_after=None
[2023-08-02T11:22:34.585-0500] {logging_mixin.py:150} INFO - [2023-08-02T11:22:34.585-0500] {dag.py:3504} INFO - Setting next_dagrun for example_external_task_marker_parent to None, run_after=None
[2023-08-02T11:22:35.155-0500] {processor.py:179} INFO - Processing /home/joha/anaconda3/lib/python3.10/site-packages/airflow/example_dags/example_external_task_marker_dag.py took 0.729 seconds
[2023-08-02T11:23:54.062-0500] {processor.py:157} INFO - Started process (PID=108155) to work on /home/joha/anaconda3/lib/python3.10/site-packages/airflow/example_dags/example_external_task_marker_dag.py
[2023-08-02T11:23:54.082-0500] {processor.py:826} INFO - Processing file /home/joha/anaconda3/lib/python3.10/site-packages/airflow/example_dags/example_external_task_marker_dag.py for tasks to queue
[2023-08-02T11:23:54.084-0500] {logging_mixin.py:150} INFO - [2023-08-02T11:23:54.083-0500] {dagbag.py:541} INFO - Filling up the DagBag from /home/joha/anaconda3/lib/python3.10/site-packages/airflow/example_dags/example_external_task_marker_dag.py
[2023-08-02T11:23:54.099-0500] {processor.py:836} INFO - DAG(s) dict_keys(['example_external_task_marker_child', 'example_external_task_marker_parent']) retrieved from /home/joha/anaconda3/lib/python3.10/site-packages/airflow/example_dags/example_external_task_marker_dag.py
[2023-08-02T11:23:54.134-0500] {logging_mixin.py:150} INFO - [2023-08-02T11:23:54.134-0500] {dag.py:2742} INFO - Sync 2 DAGs
[2023-08-02T11:23:54.157-0500] {logging_mixin.py:150} INFO - [2023-08-02T11:23:54.157-0500] {dag.py:3504} INFO - Setting next_dagrun for example_external_task_marker_child to None, run_after=None
[2023-08-02T11:23:54.161-0500] {logging_mixin.py:150} INFO - [2023-08-02T11:23:54.161-0500] {dag.py:3504} INFO - Setting next_dagrun for example_external_task_marker_parent to None, run_after=None
[2023-08-02T11:23:54.181-0500] {processor.py:179} INFO - Processing /home/joha/anaconda3/lib/python3.10/site-packages/airflow/example_dags/example_external_task_marker_dag.py took 0.124 seconds
[2023-08-02T11:25:26.302-0500] {processor.py:157} INFO - Started process (PID=108389) to work on /home/joha/anaconda3/lib/python3.10/site-packages/airflow/example_dags/example_external_task_marker_dag.py
[2023-08-02T11:25:26.310-0500] {processor.py:826} INFO - Processing file /home/joha/anaconda3/lib/python3.10/site-packages/airflow/example_dags/example_external_task_marker_dag.py for tasks to queue
[2023-08-02T11:25:26.311-0500] {logging_mixin.py:150} INFO - [2023-08-02T11:25:26.311-0500] {dagbag.py:541} INFO - Filling up the DagBag from /home/joha/anaconda3/lib/python3.10/site-packages/airflow/example_dags/example_external_task_marker_dag.py
[2023-08-02T11:25:26.321-0500] {processor.py:836} INFO - DAG(s) dict_keys(['example_external_task_marker_parent', 'example_external_task_marker_child']) retrieved from /home/joha/anaconda3/lib/python3.10/site-packages/airflow/example_dags/example_external_task_marker_dag.py
[2023-08-02T11:25:26.346-0500] {logging_mixin.py:150} INFO - [2023-08-02T11:25:26.345-0500] {dag.py:2742} INFO - Sync 2 DAGs
[2023-08-02T11:25:26.370-0500] {logging_mixin.py:150} INFO - [2023-08-02T11:25:26.370-0500] {dag.py:3504} INFO - Setting next_dagrun for example_external_task_marker_child to None, run_after=None
[2023-08-02T11:25:26.374-0500] {logging_mixin.py:150} INFO - [2023-08-02T11:25:26.374-0500] {dag.py:3504} INFO - Setting next_dagrun for example_external_task_marker_parent to None, run_after=None
[2023-08-02T11:25:26.397-0500] {processor.py:179} INFO - Processing /home/joha/anaconda3/lib/python3.10/site-packages/airflow/example_dags/example_external_task_marker_dag.py took 0.099 seconds
[2023-08-02T11:26:33.681-0500] {processor.py:157} INFO - Started process (PID=108512) to work on /home/joha/anaconda3/lib/python3.10/site-packages/airflow/example_dags/example_external_task_marker_dag.py
[2023-08-02T11:26:33.690-0500] {processor.py:826} INFO - Processing file /home/joha/anaconda3/lib/python3.10/site-packages/airflow/example_dags/example_external_task_marker_dag.py for tasks to queue
[2023-08-02T11:26:33.691-0500] {logging_mixin.py:150} INFO - [2023-08-02T11:26:33.691-0500] {dagbag.py:541} INFO - Filling up the DagBag from /home/joha/anaconda3/lib/python3.10/site-packages/airflow/example_dags/example_external_task_marker_dag.py
[2023-08-02T11:26:33.700-0500] {processor.py:836} INFO - DAG(s) dict_keys(['example_external_task_marker_child', 'example_external_task_marker_parent']) retrieved from /home/joha/anaconda3/lib/python3.10/site-packages/airflow/example_dags/example_external_task_marker_dag.py
[2023-08-02T11:26:33.729-0500] {logging_mixin.py:150} INFO - [2023-08-02T11:26:33.729-0500] {dag.py:2742} INFO - Sync 2 DAGs
[2023-08-02T11:26:33.756-0500] {logging_mixin.py:150} INFO - [2023-08-02T11:26:33.756-0500] {dag.py:3504} INFO - Setting next_dagrun for example_external_task_marker_child to None, run_after=None
[2023-08-02T11:26:33.759-0500] {logging_mixin.py:150} INFO - [2023-08-02T11:26:33.759-0500] {dag.py:3504} INFO - Setting next_dagrun for example_external_task_marker_parent to None, run_after=None
[2023-08-02T11:26:33.788-0500] {processor.py:179} INFO - Processing /home/joha/anaconda3/lib/python3.10/site-packages/airflow/example_dags/example_external_task_marker_dag.py took 0.110 seconds
