[2023-08-01T20:25:33.929-0500] {processor.py:157} INFO - Started process (PID=99521) to work on /home/joha/anaconda3/lib/python3.10/site-packages/airflow/example_dags/example_trigger_controller_dag.py
[2023-08-01T20:25:33.931-0500] {processor.py:826} INFO - Processing file /home/joha/anaconda3/lib/python3.10/site-packages/airflow/example_dags/example_trigger_controller_dag.py for tasks to queue
[2023-08-01T20:25:33.933-0500] {logging_mixin.py:150} INFO - [2023-08-01T20:25:33.932-0500] {dagbag.py:541} INFO - Filling up the DagBag from /home/joha/anaconda3/lib/python3.10/site-packages/airflow/example_dags/example_trigger_controller_dag.py
[2023-08-01T20:25:33.944-0500] {processor.py:836} INFO - DAG(s) dict_keys(['example_trigger_controller_dag']) retrieved from /home/joha/anaconda3/lib/python3.10/site-packages/airflow/example_dags/example_trigger_controller_dag.py
[2023-08-01T20:25:33.966-0500] {logging_mixin.py:150} INFO - [2023-08-01T20:25:33.966-0500] {dag.py:2742} INFO - Sync 1 DAGs
[2023-08-01T20:25:33.985-0500] {logging_mixin.py:150} INFO - [2023-08-01T20:25:33.985-0500] {dag.py:3504} INFO - Setting next_dagrun for example_trigger_controller_dag to 2021-01-01T00:00:00+00:00, run_after=2021-01-01T00:00:00+00:00
[2023-08-01T20:25:34.011-0500] {processor.py:179} INFO - Processing /home/joha/anaconda3/lib/python3.10/site-packages/airflow/example_dags/example_trigger_controller_dag.py took 0.089 seconds
[2023-08-01T20:26:24.944-0500] {processor.py:157} INFO - Started process (PID=99685) to work on /home/joha/anaconda3/lib/python3.10/site-packages/airflow/example_dags/example_trigger_controller_dag.py
[2023-08-01T20:26:24.953-0500] {processor.py:826} INFO - Processing file /home/joha/anaconda3/lib/python3.10/site-packages/airflow/example_dags/example_trigger_controller_dag.py for tasks to queue
[2023-08-01T20:26:24.955-0500] {logging_mixin.py:150} INFO - [2023-08-01T20:26:24.955-0500] {dagbag.py:541} INFO - Filling up the DagBag from /home/joha/anaconda3/lib/python3.10/site-packages/airflow/example_dags/example_trigger_controller_dag.py
[2023-08-01T20:26:24.964-0500] {processor.py:836} INFO - DAG(s) dict_keys(['example_trigger_controller_dag']) retrieved from /home/joha/anaconda3/lib/python3.10/site-packages/airflow/example_dags/example_trigger_controller_dag.py
[2023-08-01T20:26:24.984-0500] {logging_mixin.py:150} INFO - [2023-08-01T20:26:24.984-0500] {dag.py:2742} INFO - Sync 1 DAGs
[2023-08-01T20:26:25.006-0500] {logging_mixin.py:150} INFO - [2023-08-01T20:26:25.005-0500] {dag.py:3504} INFO - Setting next_dagrun for example_trigger_controller_dag to 2021-01-01T00:00:00+00:00, run_after=2021-01-01T00:00:00+00:00
[2023-08-01T20:26:25.027-0500] {processor.py:179} INFO - Processing /home/joha/anaconda3/lib/python3.10/site-packages/airflow/example_dags/example_trigger_controller_dag.py took 0.086 seconds
[2023-08-02T11:08:18.917-0500] {processor.py:157} INFO - Started process (PID=105202) to work on /home/joha/anaconda3/lib/python3.10/site-packages/airflow/example_dags/example_trigger_controller_dag.py
[2023-08-02T11:08:18.925-0500] {processor.py:826} INFO - Processing file /home/joha/anaconda3/lib/python3.10/site-packages/airflow/example_dags/example_trigger_controller_dag.py for tasks to queue
[2023-08-02T11:08:18.927-0500] {logging_mixin.py:150} INFO - [2023-08-02T11:08:18.927-0500] {dagbag.py:541} INFO - Filling up the DagBag from /home/joha/anaconda3/lib/python3.10/site-packages/airflow/example_dags/example_trigger_controller_dag.py
[2023-08-02T11:08:18.938-0500] {processor.py:836} INFO - DAG(s) dict_keys(['example_trigger_controller_dag']) retrieved from /home/joha/anaconda3/lib/python3.10/site-packages/airflow/example_dags/example_trigger_controller_dag.py
[2023-08-02T11:08:18.965-0500] {logging_mixin.py:150} INFO - [2023-08-02T11:08:18.965-0500] {dag.py:2742} INFO - Sync 1 DAGs
[2023-08-02T11:08:18.985-0500] {logging_mixin.py:150} INFO - [2023-08-02T11:08:18.985-0500] {dag.py:3504} INFO - Setting next_dagrun for example_trigger_controller_dag to 2021-01-01T00:00:00+00:00, run_after=2021-01-01T00:00:00+00:00
[2023-08-02T11:08:19.007-0500] {processor.py:179} INFO - Processing /home/joha/anaconda3/lib/python3.10/site-packages/airflow/example_dags/example_trigger_controller_dag.py took 0.095 seconds
[2023-08-02T11:09:12.861-0500] {processor.py:157} INFO - Started process (PID=105297) to work on /home/joha/anaconda3/lib/python3.10/site-packages/airflow/example_dags/example_trigger_controller_dag.py
[2023-08-02T11:09:12.870-0500] {processor.py:826} INFO - Processing file /home/joha/anaconda3/lib/python3.10/site-packages/airflow/example_dags/example_trigger_controller_dag.py for tasks to queue
[2023-08-02T11:09:12.875-0500] {logging_mixin.py:150} INFO - [2023-08-02T11:09:12.873-0500] {dagbag.py:541} INFO - Filling up the DagBag from /home/joha/anaconda3/lib/python3.10/site-packages/airflow/example_dags/example_trigger_controller_dag.py
[2023-08-02T11:09:12.896-0500] {processor.py:836} INFO - DAG(s) dict_keys(['example_trigger_controller_dag']) retrieved from /home/joha/anaconda3/lib/python3.10/site-packages/airflow/example_dags/example_trigger_controller_dag.py
[2023-08-02T11:09:12.960-0500] {logging_mixin.py:150} INFO - [2023-08-02T11:09:12.959-0500] {dag.py:2742} INFO - Sync 1 DAGs
[2023-08-02T11:09:12.988-0500] {logging_mixin.py:150} INFO - [2023-08-02T11:09:12.987-0500] {dag.py:3504} INFO - Setting next_dagrun for example_trigger_controller_dag to 2021-01-01T00:00:00+00:00, run_after=2021-01-01T00:00:00+00:00
[2023-08-02T11:09:13.032-0500] {processor.py:179} INFO - Processing /home/joha/anaconda3/lib/python3.10/site-packages/airflow/example_dags/example_trigger_controller_dag.py took 0.183 seconds
[2023-08-02T11:10:02.636-0500] {processor.py:157} INFO - Started process (PID=105436) to work on /home/joha/anaconda3/lib/python3.10/site-packages/airflow/example_dags/example_trigger_controller_dag.py
[2023-08-02T11:10:02.644-0500] {processor.py:826} INFO - Processing file /home/joha/anaconda3/lib/python3.10/site-packages/airflow/example_dags/example_trigger_controller_dag.py for tasks to queue
[2023-08-02T11:10:02.645-0500] {logging_mixin.py:150} INFO - [2023-08-02T11:10:02.644-0500] {dagbag.py:541} INFO - Filling up the DagBag from /home/joha/anaconda3/lib/python3.10/site-packages/airflow/example_dags/example_trigger_controller_dag.py
[2023-08-02T11:10:02.653-0500] {processor.py:836} INFO - DAG(s) dict_keys(['example_trigger_controller_dag']) retrieved from /home/joha/anaconda3/lib/python3.10/site-packages/airflow/example_dags/example_trigger_controller_dag.py
[2023-08-02T11:10:02.674-0500] {logging_mixin.py:150} INFO - [2023-08-02T11:10:02.674-0500] {dag.py:2742} INFO - Sync 1 DAGs
[2023-08-02T11:10:02.700-0500] {logging_mixin.py:150} INFO - [2023-08-02T11:10:02.700-0500] {dag.py:3504} INFO - Setting next_dagrun for example_trigger_controller_dag to 2021-01-01T00:00:00+00:00, run_after=2021-01-01T00:00:00+00:00
[2023-08-02T11:10:02.723-0500] {processor.py:179} INFO - Processing /home/joha/anaconda3/lib/python3.10/site-packages/airflow/example_dags/example_trigger_controller_dag.py took 0.091 seconds
[2023-08-02T11:10:49.402-0500] {processor.py:157} INFO - Started process (PID=105601) to work on /home/joha/anaconda3/lib/python3.10/site-packages/airflow/example_dags/example_trigger_controller_dag.py
[2023-08-02T11:10:49.409-0500] {processor.py:826} INFO - Processing file /home/joha/anaconda3/lib/python3.10/site-packages/airflow/example_dags/example_trigger_controller_dag.py for tasks to queue
[2023-08-02T11:10:49.410-0500] {logging_mixin.py:150} INFO - [2023-08-02T11:10:49.410-0500] {dagbag.py:541} INFO - Filling up the DagBag from /home/joha/anaconda3/lib/python3.10/site-packages/airflow/example_dags/example_trigger_controller_dag.py
[2023-08-02T11:10:49.415-0500] {processor.py:836} INFO - DAG(s) dict_keys(['example_trigger_controller_dag']) retrieved from /home/joha/anaconda3/lib/python3.10/site-packages/airflow/example_dags/example_trigger_controller_dag.py
[2023-08-02T11:10:49.437-0500] {logging_mixin.py:150} INFO - [2023-08-02T11:10:49.437-0500] {dag.py:2742} INFO - Sync 1 DAGs
[2023-08-02T11:10:49.457-0500] {logging_mixin.py:150} INFO - [2023-08-02T11:10:49.457-0500] {dag.py:3504} INFO - Setting next_dagrun for example_trigger_controller_dag to 2021-01-01T00:00:00+00:00, run_after=2021-01-01T00:00:00+00:00
[2023-08-02T11:10:49.479-0500] {processor.py:179} INFO - Processing /home/joha/anaconda3/lib/python3.10/site-packages/airflow/example_dags/example_trigger_controller_dag.py took 0.081 seconds
[2023-08-02T11:11:35.491-0500] {processor.py:157} INFO - Started process (PID=105715) to work on /home/joha/anaconda3/lib/python3.10/site-packages/airflow/example_dags/example_trigger_controller_dag.py
[2023-08-02T11:11:35.498-0500] {processor.py:826} INFO - Processing file /home/joha/anaconda3/lib/python3.10/site-packages/airflow/example_dags/example_trigger_controller_dag.py for tasks to queue
[2023-08-02T11:11:35.499-0500] {logging_mixin.py:150} INFO - [2023-08-02T11:11:35.499-0500] {dagbag.py:541} INFO - Filling up the DagBag from /home/joha/anaconda3/lib/python3.10/site-packages/airflow/example_dags/example_trigger_controller_dag.py
[2023-08-02T11:11:35.504-0500] {processor.py:836} INFO - DAG(s) dict_keys(['example_trigger_controller_dag']) retrieved from /home/joha/anaconda3/lib/python3.10/site-packages/airflow/example_dags/example_trigger_controller_dag.py
[2023-08-02T11:11:35.527-0500] {logging_mixin.py:150} INFO - [2023-08-02T11:11:35.527-0500] {dag.py:2742} INFO - Sync 1 DAGs
[2023-08-02T11:11:35.547-0500] {logging_mixin.py:150} INFO - [2023-08-02T11:11:35.547-0500] {dag.py:3504} INFO - Setting next_dagrun for example_trigger_controller_dag to 2021-01-01T00:00:00+00:00, run_after=2021-01-01T00:00:00+00:00
[2023-08-02T11:11:35.567-0500] {processor.py:179} INFO - Processing /home/joha/anaconda3/lib/python3.10/site-packages/airflow/example_dags/example_trigger_controller_dag.py took 0.080 seconds
[2023-08-02T11:12:26.364-0500] {processor.py:157} INFO - Started process (PID=105854) to work on /home/joha/anaconda3/lib/python3.10/site-packages/airflow/example_dags/example_trigger_controller_dag.py
[2023-08-02T11:12:26.372-0500] {processor.py:826} INFO - Processing file /home/joha/anaconda3/lib/python3.10/site-packages/airflow/example_dags/example_trigger_controller_dag.py for tasks to queue
[2023-08-02T11:12:26.373-0500] {logging_mixin.py:150} INFO - [2023-08-02T11:12:26.373-0500] {dagbag.py:541} INFO - Filling up the DagBag from /home/joha/anaconda3/lib/python3.10/site-packages/airflow/example_dags/example_trigger_controller_dag.py
[2023-08-02T11:12:26.379-0500] {processor.py:836} INFO - DAG(s) dict_keys(['example_trigger_controller_dag']) retrieved from /home/joha/anaconda3/lib/python3.10/site-packages/airflow/example_dags/example_trigger_controller_dag.py
[2023-08-02T11:12:26.400-0500] {logging_mixin.py:150} INFO - [2023-08-02T11:12:26.399-0500] {dag.py:2742} INFO - Sync 1 DAGs
[2023-08-02T11:12:26.425-0500] {logging_mixin.py:150} INFO - [2023-08-02T11:12:26.425-0500] {dag.py:3504} INFO - Setting next_dagrun for example_trigger_controller_dag to 2021-01-01T00:00:00+00:00, run_after=2021-01-01T00:00:00+00:00
[2023-08-02T11:12:26.448-0500] {processor.py:179} INFO - Processing /home/joha/anaconda3/lib/python3.10/site-packages/airflow/example_dags/example_trigger_controller_dag.py took 0.087 seconds
[2023-08-02T11:13:08.368-0500] {processor.py:157} INFO - Started process (PID=105940) to work on /home/joha/anaconda3/lib/python3.10/site-packages/airflow/example_dags/example_trigger_controller_dag.py
[2023-08-02T11:13:08.375-0500] {processor.py:826} INFO - Processing file /home/joha/anaconda3/lib/python3.10/site-packages/airflow/example_dags/example_trigger_controller_dag.py for tasks to queue
[2023-08-02T11:13:08.377-0500] {logging_mixin.py:150} INFO - [2023-08-02T11:13:08.376-0500] {dagbag.py:541} INFO - Filling up the DagBag from /home/joha/anaconda3/lib/python3.10/site-packages/airflow/example_dags/example_trigger_controller_dag.py
[2023-08-02T11:13:08.381-0500] {processor.py:836} INFO - DAG(s) dict_keys(['example_trigger_controller_dag']) retrieved from /home/joha/anaconda3/lib/python3.10/site-packages/airflow/example_dags/example_trigger_controller_dag.py
[2023-08-02T11:13:08.407-0500] {logging_mixin.py:150} INFO - [2023-08-02T11:13:08.407-0500] {dag.py:2742} INFO - Sync 1 DAGs
[2023-08-02T11:13:08.429-0500] {logging_mixin.py:150} INFO - [2023-08-02T11:13:08.429-0500] {dag.py:3504} INFO - Setting next_dagrun for example_trigger_controller_dag to 2021-01-01T00:00:00+00:00, run_after=2021-01-01T00:00:00+00:00
[2023-08-02T11:13:08.454-0500] {processor.py:179} INFO - Processing /home/joha/anaconda3/lib/python3.10/site-packages/airflow/example_dags/example_trigger_controller_dag.py took 0.089 seconds
[2023-08-02T11:13:48.650-0500] {processor.py:157} INFO - Started process (PID=105999) to work on /home/joha/anaconda3/lib/python3.10/site-packages/airflow/example_dags/example_trigger_controller_dag.py
[2023-08-02T11:13:48.658-0500] {processor.py:826} INFO - Processing file /home/joha/anaconda3/lib/python3.10/site-packages/airflow/example_dags/example_trigger_controller_dag.py for tasks to queue
[2023-08-02T11:13:48.659-0500] {logging_mixin.py:150} INFO - [2023-08-02T11:13:48.658-0500] {dagbag.py:541} INFO - Filling up the DagBag from /home/joha/anaconda3/lib/python3.10/site-packages/airflow/example_dags/example_trigger_controller_dag.py
[2023-08-02T11:13:48.663-0500] {processor.py:836} INFO - DAG(s) dict_keys(['example_trigger_controller_dag']) retrieved from /home/joha/anaconda3/lib/python3.10/site-packages/airflow/example_dags/example_trigger_controller_dag.py
[2023-08-02T11:13:48.685-0500] {logging_mixin.py:150} INFO - [2023-08-02T11:13:48.684-0500] {dag.py:2742} INFO - Sync 1 DAGs
[2023-08-02T11:13:48.707-0500] {logging_mixin.py:150} INFO - [2023-08-02T11:13:48.707-0500] {dag.py:3504} INFO - Setting next_dagrun for example_trigger_controller_dag to 2021-01-01T00:00:00+00:00, run_after=2021-01-01T00:00:00+00:00
[2023-08-02T11:13:48.731-0500] {processor.py:179} INFO - Processing /home/joha/anaconda3/lib/python3.10/site-packages/airflow/example_dags/example_trigger_controller_dag.py took 0.084 seconds
[2023-08-02T11:14:30.713-0500] {processor.py:157} INFO - Started process (PID=106057) to work on /home/joha/anaconda3/lib/python3.10/site-packages/airflow/example_dags/example_trigger_controller_dag.py
[2023-08-02T11:14:30.723-0500] {processor.py:826} INFO - Processing file /home/joha/anaconda3/lib/python3.10/site-packages/airflow/example_dags/example_trigger_controller_dag.py for tasks to queue
[2023-08-02T11:14:30.725-0500] {logging_mixin.py:150} INFO - [2023-08-02T11:14:30.724-0500] {dagbag.py:541} INFO - Filling up the DagBag from /home/joha/anaconda3/lib/python3.10/site-packages/airflow/example_dags/example_trigger_controller_dag.py
[2023-08-02T11:14:30.731-0500] {processor.py:836} INFO - DAG(s) dict_keys(['example_trigger_controller_dag']) retrieved from /home/joha/anaconda3/lib/python3.10/site-packages/airflow/example_dags/example_trigger_controller_dag.py
[2023-08-02T11:14:30.757-0500] {logging_mixin.py:150} INFO - [2023-08-02T11:14:30.757-0500] {dag.py:2742} INFO - Sync 1 DAGs
[2023-08-02T11:14:30.780-0500] {logging_mixin.py:150} INFO - [2023-08-02T11:14:30.780-0500] {dag.py:3504} INFO - Setting next_dagrun for example_trigger_controller_dag to 2021-01-01T00:00:00+00:00, run_after=2021-01-01T00:00:00+00:00
[2023-08-02T11:14:30.807-0500] {processor.py:179} INFO - Processing /home/joha/anaconda3/lib/python3.10/site-packages/airflow/example_dags/example_trigger_controller_dag.py took 0.098 seconds
[2023-08-02T11:15:17.834-0500] {processor.py:157} INFO - Started process (PID=106201) to work on /home/joha/anaconda3/lib/python3.10/site-packages/airflow/example_dags/example_trigger_controller_dag.py
[2023-08-02T11:15:17.842-0500] {processor.py:826} INFO - Processing file /home/joha/anaconda3/lib/python3.10/site-packages/airflow/example_dags/example_trigger_controller_dag.py for tasks to queue
[2023-08-02T11:15:17.844-0500] {logging_mixin.py:150} INFO - [2023-08-02T11:15:17.843-0500] {dagbag.py:541} INFO - Filling up the DagBag from /home/joha/anaconda3/lib/python3.10/site-packages/airflow/example_dags/example_trigger_controller_dag.py
[2023-08-02T11:15:17.854-0500] {processor.py:836} INFO - DAG(s) dict_keys(['example_trigger_controller_dag']) retrieved from /home/joha/anaconda3/lib/python3.10/site-packages/airflow/example_dags/example_trigger_controller_dag.py
[2023-08-02T11:15:17.881-0500] {logging_mixin.py:150} INFO - [2023-08-02T11:15:17.881-0500] {dag.py:2742} INFO - Sync 1 DAGs
[2023-08-02T11:15:17.900-0500] {logging_mixin.py:150} INFO - [2023-08-02T11:15:17.900-0500] {dag.py:3504} INFO - Setting next_dagrun for example_trigger_controller_dag to 2021-01-01T00:00:00+00:00, run_after=2021-01-01T00:00:00+00:00
[2023-08-02T11:15:17.920-0500] {processor.py:179} INFO - Processing /home/joha/anaconda3/lib/python3.10/site-packages/airflow/example_dags/example_trigger_controller_dag.py took 0.095 seconds
[2023-08-02T11:16:07.606-0500] {processor.py:157} INFO - Started process (PID=106337) to work on /home/joha/anaconda3/lib/python3.10/site-packages/airflow/example_dags/example_trigger_controller_dag.py
[2023-08-02T11:16:07.616-0500] {processor.py:826} INFO - Processing file /home/joha/anaconda3/lib/python3.10/site-packages/airflow/example_dags/example_trigger_controller_dag.py for tasks to queue
[2023-08-02T11:16:07.619-0500] {logging_mixin.py:150} INFO - [2023-08-02T11:16:07.618-0500] {dagbag.py:541} INFO - Filling up the DagBag from /home/joha/anaconda3/lib/python3.10/site-packages/airflow/example_dags/example_trigger_controller_dag.py
[2023-08-02T11:16:07.635-0500] {processor.py:836} INFO - DAG(s) dict_keys(['example_trigger_controller_dag']) retrieved from /home/joha/anaconda3/lib/python3.10/site-packages/airflow/example_dags/example_trigger_controller_dag.py
[2023-08-02T11:16:07.662-0500] {logging_mixin.py:150} INFO - [2023-08-02T11:16:07.662-0500] {dag.py:2742} INFO - Sync 1 DAGs
[2023-08-02T11:16:07.681-0500] {logging_mixin.py:150} INFO - [2023-08-02T11:16:07.681-0500] {dag.py:3504} INFO - Setting next_dagrun for example_trigger_controller_dag to 2021-01-01T00:00:00+00:00, run_after=2021-01-01T00:00:00+00:00
[2023-08-02T11:16:07.702-0500] {processor.py:179} INFO - Processing /home/joha/anaconda3/lib/python3.10/site-packages/airflow/example_dags/example_trigger_controller_dag.py took 0.106 seconds
[2023-08-02T11:16:53.760-0500] {processor.py:157} INFO - Started process (PID=106452) to work on /home/joha/anaconda3/lib/python3.10/site-packages/airflow/example_dags/example_trigger_controller_dag.py
[2023-08-02T11:16:53.770-0500] {processor.py:826} INFO - Processing file /home/joha/anaconda3/lib/python3.10/site-packages/airflow/example_dags/example_trigger_controller_dag.py for tasks to queue
[2023-08-02T11:16:53.773-0500] {logging_mixin.py:150} INFO - [2023-08-02T11:16:53.772-0500] {dagbag.py:541} INFO - Filling up the DagBag from /home/joha/anaconda3/lib/python3.10/site-packages/airflow/example_dags/example_trigger_controller_dag.py
[2023-08-02T11:16:53.792-0500] {processor.py:836} INFO - DAG(s) dict_keys(['example_trigger_controller_dag']) retrieved from /home/joha/anaconda3/lib/python3.10/site-packages/airflow/example_dags/example_trigger_controller_dag.py
[2023-08-02T11:16:53.838-0500] {logging_mixin.py:150} INFO - [2023-08-02T11:16:53.837-0500] {dag.py:2742} INFO - Sync 1 DAGs
[2023-08-02T11:16:53.860-0500] {logging_mixin.py:150} INFO - [2023-08-02T11:16:53.860-0500] {dag.py:3504} INFO - Setting next_dagrun for example_trigger_controller_dag to 2021-01-01T00:00:00+00:00, run_after=2021-01-01T00:00:00+00:00
[2023-08-02T11:16:53.882-0500] {processor.py:179} INFO - Processing /home/joha/anaconda3/lib/python3.10/site-packages/airflow/example_dags/example_trigger_controller_dag.py took 0.136 seconds
[2023-08-02T11:17:38.821-0500] {processor.py:157} INFO - Started process (PID=106582) to work on /home/joha/anaconda3/lib/python3.10/site-packages/airflow/example_dags/example_trigger_controller_dag.py
[2023-08-02T11:17:38.828-0500] {processor.py:826} INFO - Processing file /home/joha/anaconda3/lib/python3.10/site-packages/airflow/example_dags/example_trigger_controller_dag.py for tasks to queue
[2023-08-02T11:17:38.830-0500] {logging_mixin.py:150} INFO - [2023-08-02T11:17:38.829-0500] {dagbag.py:541} INFO - Filling up the DagBag from /home/joha/anaconda3/lib/python3.10/site-packages/airflow/example_dags/example_trigger_controller_dag.py
[2023-08-02T11:17:38.835-0500] {processor.py:836} INFO - DAG(s) dict_keys(['example_trigger_controller_dag']) retrieved from /home/joha/anaconda3/lib/python3.10/site-packages/airflow/example_dags/example_trigger_controller_dag.py
[2023-08-02T11:17:38.854-0500] {logging_mixin.py:150} INFO - [2023-08-02T11:17:38.854-0500] {dag.py:2742} INFO - Sync 1 DAGs
[2023-08-02T11:17:38.877-0500] {logging_mixin.py:150} INFO - [2023-08-02T11:17:38.876-0500] {dag.py:3504} INFO - Setting next_dagrun for example_trigger_controller_dag to 2021-01-01T00:00:00+00:00, run_after=2021-01-01T00:00:00+00:00
[2023-08-02T11:17:38.899-0500] {processor.py:179} INFO - Processing /home/joha/anaconda3/lib/python3.10/site-packages/airflow/example_dags/example_trigger_controller_dag.py took 0.082 seconds
[2023-08-02T11:18:21.980-0500] {processor.py:157} INFO - Started process (PID=106720) to work on /home/joha/anaconda3/lib/python3.10/site-packages/airflow/example_dags/example_trigger_controller_dag.py
[2023-08-02T11:18:21.988-0500] {processor.py:826} INFO - Processing file /home/joha/anaconda3/lib/python3.10/site-packages/airflow/example_dags/example_trigger_controller_dag.py for tasks to queue
[2023-08-02T11:18:21.988-0500] {logging_mixin.py:150} INFO - [2023-08-02T11:18:21.988-0500] {dagbag.py:541} INFO - Filling up the DagBag from /home/joha/anaconda3/lib/python3.10/site-packages/airflow/example_dags/example_trigger_controller_dag.py
[2023-08-02T11:18:21.994-0500] {processor.py:836} INFO - DAG(s) dict_keys(['example_trigger_controller_dag']) retrieved from /home/joha/anaconda3/lib/python3.10/site-packages/airflow/example_dags/example_trigger_controller_dag.py
[2023-08-02T11:18:22.016-0500] {logging_mixin.py:150} INFO - [2023-08-02T11:18:22.016-0500] {dag.py:2742} INFO - Sync 1 DAGs
[2023-08-02T11:18:22.037-0500] {logging_mixin.py:150} INFO - [2023-08-02T11:18:22.037-0500] {dag.py:3504} INFO - Setting next_dagrun for example_trigger_controller_dag to 2021-01-01T00:00:00+00:00, run_after=2021-01-01T00:00:00+00:00
[2023-08-02T11:18:22.065-0500] {processor.py:179} INFO - Processing /home/joha/anaconda3/lib/python3.10/site-packages/airflow/example_dags/example_trigger_controller_dag.py took 0.088 seconds
[2023-08-02T11:19:07.077-0500] {processor.py:157} INFO - Started process (PID=106814) to work on /home/joha/anaconda3/lib/python3.10/site-packages/airflow/example_dags/example_trigger_controller_dag.py
[2023-08-02T11:19:07.085-0500] {processor.py:826} INFO - Processing file /home/joha/anaconda3/lib/python3.10/site-packages/airflow/example_dags/example_trigger_controller_dag.py for tasks to queue
[2023-08-02T11:19:07.086-0500] {logging_mixin.py:150} INFO - [2023-08-02T11:19:07.086-0500] {dagbag.py:541} INFO - Filling up the DagBag from /home/joha/anaconda3/lib/python3.10/site-packages/airflow/example_dags/example_trigger_controller_dag.py
[2023-08-02T11:19:07.092-0500] {processor.py:836} INFO - DAG(s) dict_keys(['example_trigger_controller_dag']) retrieved from /home/joha/anaconda3/lib/python3.10/site-packages/airflow/example_dags/example_trigger_controller_dag.py
[2023-08-02T11:19:07.117-0500] {logging_mixin.py:150} INFO - [2023-08-02T11:19:07.117-0500] {dag.py:2742} INFO - Sync 1 DAGs
[2023-08-02T11:19:07.138-0500] {logging_mixin.py:150} INFO - [2023-08-02T11:19:07.138-0500] {dag.py:3504} INFO - Setting next_dagrun for example_trigger_controller_dag to 2021-01-01T00:00:00+00:00, run_after=2021-01-01T00:00:00+00:00
[2023-08-02T11:19:07.163-0500] {processor.py:179} INFO - Processing /home/joha/anaconda3/lib/python3.10/site-packages/airflow/example_dags/example_trigger_controller_dag.py took 0.090 seconds
[2023-08-02T11:19:55.792-0500] {processor.py:157} INFO - Started process (PID=106922) to work on /home/joha/anaconda3/lib/python3.10/site-packages/airflow/example_dags/example_trigger_controller_dag.py
[2023-08-02T11:19:55.799-0500] {processor.py:826} INFO - Processing file /home/joha/anaconda3/lib/python3.10/site-packages/airflow/example_dags/example_trigger_controller_dag.py for tasks to queue
[2023-08-02T11:19:55.800-0500] {logging_mixin.py:150} INFO - [2023-08-02T11:19:55.800-0500] {dagbag.py:541} INFO - Filling up the DagBag from /home/joha/anaconda3/lib/python3.10/site-packages/airflow/example_dags/example_trigger_controller_dag.py
[2023-08-02T11:19:55.806-0500] {processor.py:836} INFO - DAG(s) dict_keys(['example_trigger_controller_dag']) retrieved from /home/joha/anaconda3/lib/python3.10/site-packages/airflow/example_dags/example_trigger_controller_dag.py
[2023-08-02T11:19:55.829-0500] {logging_mixin.py:150} INFO - [2023-08-02T11:19:55.829-0500] {dag.py:2742} INFO - Sync 1 DAGs
[2023-08-02T11:19:55.852-0500] {logging_mixin.py:150} INFO - [2023-08-02T11:19:55.852-0500] {dag.py:3504} INFO - Setting next_dagrun for example_trigger_controller_dag to 2021-01-01T00:00:00+00:00, run_after=2021-01-01T00:00:00+00:00
[2023-08-02T11:19:55.877-0500] {processor.py:179} INFO - Processing /home/joha/anaconda3/lib/python3.10/site-packages/airflow/example_dags/example_trigger_controller_dag.py took 0.089 seconds
[2023-08-02T11:20:45.456-0500] {processor.py:157} INFO - Started process (PID=107054) to work on /home/joha/anaconda3/lib/python3.10/site-packages/airflow/example_dags/example_trigger_controller_dag.py
[2023-08-02T11:20:45.465-0500] {processor.py:826} INFO - Processing file /home/joha/anaconda3/lib/python3.10/site-packages/airflow/example_dags/example_trigger_controller_dag.py for tasks to queue
[2023-08-02T11:20:45.466-0500] {logging_mixin.py:150} INFO - [2023-08-02T11:20:45.466-0500] {dagbag.py:541} INFO - Filling up the DagBag from /home/joha/anaconda3/lib/python3.10/site-packages/airflow/example_dags/example_trigger_controller_dag.py
[2023-08-02T11:20:45.471-0500] {processor.py:836} INFO - DAG(s) dict_keys(['example_trigger_controller_dag']) retrieved from /home/joha/anaconda3/lib/python3.10/site-packages/airflow/example_dags/example_trigger_controller_dag.py
[2023-08-02T11:20:45.492-0500] {logging_mixin.py:150} INFO - [2023-08-02T11:20:45.492-0500] {dag.py:2742} INFO - Sync 1 DAGs
[2023-08-02T11:20:45.515-0500] {logging_mixin.py:150} INFO - [2023-08-02T11:20:45.514-0500] {dag.py:3504} INFO - Setting next_dagrun for example_trigger_controller_dag to 2021-01-01T00:00:00+00:00, run_after=2021-01-01T00:00:00+00:00
[2023-08-02T11:20:45.540-0500] {processor.py:179} INFO - Processing /home/joha/anaconda3/lib/python3.10/site-packages/airflow/example_dags/example_trigger_controller_dag.py took 0.087 seconds
[2023-08-02T11:21:48.852-0500] {processor.py:157} INFO - Started process (PID=107352) to work on /home/joha/anaconda3/lib/python3.10/site-packages/airflow/example_dags/example_trigger_controller_dag.py
[2023-08-02T11:21:48.863-0500] {processor.py:826} INFO - Processing file /home/joha/anaconda3/lib/python3.10/site-packages/airflow/example_dags/example_trigger_controller_dag.py for tasks to queue
[2023-08-02T11:21:48.867-0500] {logging_mixin.py:150} INFO - [2023-08-02T11:21:48.865-0500] {dagbag.py:541} INFO - Filling up the DagBag from /home/joha/anaconda3/lib/python3.10/site-packages/airflow/example_dags/example_trigger_controller_dag.py
[2023-08-02T11:21:48.887-0500] {processor.py:836} INFO - DAG(s) dict_keys(['example_trigger_controller_dag']) retrieved from /home/joha/anaconda3/lib/python3.10/site-packages/airflow/example_dags/example_trigger_controller_dag.py
[2023-08-02T11:21:48.941-0500] {logging_mixin.py:150} INFO - [2023-08-02T11:21:48.941-0500] {dag.py:2742} INFO - Sync 1 DAGs
[2023-08-02T11:21:48.964-0500] {logging_mixin.py:150} INFO - [2023-08-02T11:21:48.963-0500] {dag.py:3504} INFO - Setting next_dagrun for example_trigger_controller_dag to 2021-01-01T00:00:00+00:00, run_after=2021-01-01T00:00:00+00:00
[2023-08-02T11:21:48.992-0500] {processor.py:179} INFO - Processing /home/joha/anaconda3/lib/python3.10/site-packages/airflow/example_dags/example_trigger_controller_dag.py took 0.152 seconds
[2023-08-02T11:22:53.608-0500] {processor.py:157} INFO - Started process (PID=107590) to work on /home/joha/anaconda3/lib/python3.10/site-packages/airflow/example_dags/example_trigger_controller_dag.py
[2023-08-02T11:22:53.620-0500] {processor.py:826} INFO - Processing file /home/joha/anaconda3/lib/python3.10/site-packages/airflow/example_dags/example_trigger_controller_dag.py for tasks to queue
[2023-08-02T11:22:53.623-0500] {logging_mixin.py:150} INFO - [2023-08-02T11:22:53.622-0500] {dagbag.py:541} INFO - Filling up the DagBag from /home/joha/anaconda3/lib/python3.10/site-packages/airflow/example_dags/example_trigger_controller_dag.py
[2023-08-02T11:22:53.639-0500] {processor.py:836} INFO - DAG(s) dict_keys(['example_trigger_controller_dag']) retrieved from /home/joha/anaconda3/lib/python3.10/site-packages/airflow/example_dags/example_trigger_controller_dag.py
[2023-08-02T11:22:53.701-0500] {logging_mixin.py:150} INFO - [2023-08-02T11:22:53.701-0500] {dag.py:2742} INFO - Sync 1 DAGs
[2023-08-02T11:22:53.726-0500] {logging_mixin.py:150} INFO - [2023-08-02T11:22:53.726-0500] {dag.py:3504} INFO - Setting next_dagrun for example_trigger_controller_dag to 2021-01-01T00:00:00+00:00, run_after=2021-01-01T00:00:00+00:00
[2023-08-02T11:22:53.853-0500] {processor.py:179} INFO - Processing /home/joha/anaconda3/lib/python3.10/site-packages/airflow/example_dags/example_trigger_controller_dag.py took 0.258 seconds
[2023-08-02T11:24:15.958-0500] {processor.py:157} INFO - Started process (PID=108220) to work on /home/joha/anaconda3/lib/python3.10/site-packages/airflow/example_dags/example_trigger_controller_dag.py
[2023-08-02T11:24:15.964-0500] {processor.py:826} INFO - Processing file /home/joha/anaconda3/lib/python3.10/site-packages/airflow/example_dags/example_trigger_controller_dag.py for tasks to queue
[2023-08-02T11:24:15.968-0500] {logging_mixin.py:150} INFO - [2023-08-02T11:24:15.967-0500] {dagbag.py:541} INFO - Filling up the DagBag from /home/joha/anaconda3/lib/python3.10/site-packages/airflow/example_dags/example_trigger_controller_dag.py
[2023-08-02T11:24:15.984-0500] {processor.py:836} INFO - DAG(s) dict_keys(['example_trigger_controller_dag']) retrieved from /home/joha/anaconda3/lib/python3.10/site-packages/airflow/example_dags/example_trigger_controller_dag.py
[2023-08-02T11:24:16.021-0500] {logging_mixin.py:150} INFO - [2023-08-02T11:24:16.021-0500] {dag.py:2742} INFO - Sync 1 DAGs
[2023-08-02T11:24:16.042-0500] {logging_mixin.py:150} INFO - [2023-08-02T11:24:16.042-0500] {dag.py:3504} INFO - Setting next_dagrun for example_trigger_controller_dag to 2021-01-01T00:00:00+00:00, run_after=2021-01-01T00:00:00+00:00
[2023-08-02T11:24:16.065-0500] {processor.py:179} INFO - Processing /home/joha/anaconda3/lib/python3.10/site-packages/airflow/example_dags/example_trigger_controller_dag.py took 0.111 seconds
[2023-08-02T11:25:03.295-0500] {processor.py:157} INFO - Started process (PID=108351) to work on /home/joha/anaconda3/lib/python3.10/site-packages/airflow/example_dags/example_trigger_controller_dag.py
[2023-08-02T11:25:03.303-0500] {processor.py:826} INFO - Processing file /home/joha/anaconda3/lib/python3.10/site-packages/airflow/example_dags/example_trigger_controller_dag.py for tasks to queue
[2023-08-02T11:25:03.304-0500] {logging_mixin.py:150} INFO - [2023-08-02T11:25:03.304-0500] {dagbag.py:541} INFO - Filling up the DagBag from /home/joha/anaconda3/lib/python3.10/site-packages/airflow/example_dags/example_trigger_controller_dag.py
[2023-08-02T11:25:03.312-0500] {processor.py:836} INFO - DAG(s) dict_keys(['example_trigger_controller_dag']) retrieved from /home/joha/anaconda3/lib/python3.10/site-packages/airflow/example_dags/example_trigger_controller_dag.py
[2023-08-02T11:25:03.336-0500] {logging_mixin.py:150} INFO - [2023-08-02T11:25:03.336-0500] {dag.py:2742} INFO - Sync 1 DAGs
[2023-08-02T11:25:03.361-0500] {logging_mixin.py:150} INFO - [2023-08-02T11:25:03.360-0500] {dag.py:3504} INFO - Setting next_dagrun for example_trigger_controller_dag to 2021-01-01T00:00:00+00:00, run_after=2021-01-01T00:00:00+00:00
[2023-08-02T11:25:03.522-0500] {processor.py:179} INFO - Processing /home/joha/anaconda3/lib/python3.10/site-packages/airflow/example_dags/example_trigger_controller_dag.py took 0.233 seconds
[2023-08-02T11:26:01.375-0500] {processor.py:157} INFO - Started process (PID=108440) to work on /home/joha/anaconda3/lib/python3.10/site-packages/airflow/example_dags/example_trigger_controller_dag.py
[2023-08-02T11:26:01.377-0500] {processor.py:826} INFO - Processing file /home/joha/anaconda3/lib/python3.10/site-packages/airflow/example_dags/example_trigger_controller_dag.py for tasks to queue
[2023-08-02T11:26:01.379-0500] {logging_mixin.py:150} INFO - [2023-08-02T11:26:01.378-0500] {dagbag.py:541} INFO - Filling up the DagBag from /home/joha/anaconda3/lib/python3.10/site-packages/airflow/example_dags/example_trigger_controller_dag.py
[2023-08-02T11:26:01.388-0500] {processor.py:836} INFO - DAG(s) dict_keys(['example_trigger_controller_dag']) retrieved from /home/joha/anaconda3/lib/python3.10/site-packages/airflow/example_dags/example_trigger_controller_dag.py
[2023-08-02T11:26:01.411-0500] {logging_mixin.py:150} INFO - [2023-08-02T11:26:01.410-0500] {dag.py:2742} INFO - Sync 1 DAGs
[2023-08-02T11:26:01.430-0500] {logging_mixin.py:150} INFO - [2023-08-02T11:26:01.430-0500] {dag.py:3504} INFO - Setting next_dagrun for example_trigger_controller_dag to 2021-01-01T00:00:00+00:00, run_after=2021-01-01T00:00:00+00:00
[2023-08-02T11:26:01.451-0500] {processor.py:179} INFO - Processing /home/joha/anaconda3/lib/python3.10/site-packages/airflow/example_dags/example_trigger_controller_dag.py took 0.086 seconds
[2023-08-02T11:27:17.406-0500] {processor.py:157} INFO - Started process (PID=108629) to work on /home/joha/anaconda3/lib/python3.10/site-packages/airflow/example_dags/example_trigger_controller_dag.py
[2023-08-02T11:27:17.412-0500] {processor.py:826} INFO - Processing file /home/joha/anaconda3/lib/python3.10/site-packages/airflow/example_dags/example_trigger_controller_dag.py for tasks to queue
[2023-08-02T11:27:17.414-0500] {logging_mixin.py:150} INFO - [2023-08-02T11:27:17.413-0500] {dagbag.py:541} INFO - Filling up the DagBag from /home/joha/anaconda3/lib/python3.10/site-packages/airflow/example_dags/example_trigger_controller_dag.py
[2023-08-02T11:27:17.419-0500] {processor.py:836} INFO - DAG(s) dict_keys(['example_trigger_controller_dag']) retrieved from /home/joha/anaconda3/lib/python3.10/site-packages/airflow/example_dags/example_trigger_controller_dag.py
[2023-08-02T11:27:17.439-0500] {logging_mixin.py:150} INFO - [2023-08-02T11:27:17.438-0500] {dag.py:2742} INFO - Sync 1 DAGs
[2023-08-02T11:27:17.460-0500] {logging_mixin.py:150} INFO - [2023-08-02T11:27:17.460-0500] {dag.py:3504} INFO - Setting next_dagrun for example_trigger_controller_dag to 2021-01-01T00:00:00+00:00, run_after=2021-01-01T00:00:00+00:00
[2023-08-02T11:27:17.481-0500] {processor.py:179} INFO - Processing /home/joha/anaconda3/lib/python3.10/site-packages/airflow/example_dags/example_trigger_controller_dag.py took 0.079 seconds
