[2023-08-01T20:25:47.013-0500] {processor.py:157} INFO - Started process (PID=99566) to work on /home/joha/anaconda3/lib/python3.10/site-packages/airflow/example_dags/example_latest_only_with_trigger.py
[2023-08-01T20:25:47.015-0500] {processor.py:826} INFO - Processing file /home/joha/anaconda3/lib/python3.10/site-packages/airflow/example_dags/example_latest_only_with_trigger.py for tasks to queue
[2023-08-01T20:25:47.016-0500] {logging_mixin.py:150} INFO - [2023-08-01T20:25:47.015-0500] {dagbag.py:541} INFO - Filling up the DagBag from /home/joha/anaconda3/lib/python3.10/site-packages/airflow/example_dags/example_latest_only_with_trigger.py
[2023-08-01T20:25:47.028-0500] {processor.py:836} INFO - DAG(s) dict_keys(['latest_only_with_trigger']) retrieved from /home/joha/anaconda3/lib/python3.10/site-packages/airflow/example_dags/example_latest_only_with_trigger.py
[2023-08-01T20:25:47.052-0500] {logging_mixin.py:150} INFO - [2023-08-01T20:25:47.052-0500] {dag.py:2742} INFO - Sync 1 DAGs
[2023-08-01T20:25:47.073-0500] {logging_mixin.py:150} INFO - [2023-08-01T20:25:47.073-0500] {dag.py:3504} INFO - Setting next_dagrun for latest_only_with_trigger to 2023-08-01T21:25:47.072909+00:00, run_after=2023-08-02T01:25:47.072909+00:00
[2023-08-01T20:25:47.103-0500] {processor.py:179} INFO - Processing /home/joha/anaconda3/lib/python3.10/site-packages/airflow/example_dags/example_latest_only_with_trigger.py took 0.096 seconds
[2023-08-01T20:26:37.716-0500] {processor.py:157} INFO - Started process (PID=99705) to work on /home/joha/anaconda3/lib/python3.10/site-packages/airflow/example_dags/example_latest_only_with_trigger.py
[2023-08-01T20:26:37.723-0500] {processor.py:826} INFO - Processing file /home/joha/anaconda3/lib/python3.10/site-packages/airflow/example_dags/example_latest_only_with_trigger.py for tasks to queue
[2023-08-01T20:26:37.724-0500] {logging_mixin.py:150} INFO - [2023-08-01T20:26:37.724-0500] {dagbag.py:541} INFO - Filling up the DagBag from /home/joha/anaconda3/lib/python3.10/site-packages/airflow/example_dags/example_latest_only_with_trigger.py
[2023-08-01T20:26:37.731-0500] {processor.py:836} INFO - DAG(s) dict_keys(['latest_only_with_trigger']) retrieved from /home/joha/anaconda3/lib/python3.10/site-packages/airflow/example_dags/example_latest_only_with_trigger.py
[2023-08-01T20:26:37.750-0500] {logging_mixin.py:150} INFO - [2023-08-01T20:26:37.750-0500] {dag.py:2742} INFO - Sync 1 DAGs
[2023-08-01T20:26:37.771-0500] {logging_mixin.py:150} INFO - [2023-08-01T20:26:37.771-0500] {dag.py:3504} INFO - Setting next_dagrun for latest_only_with_trigger to 2023-08-01T21:26:37.770735+00:00, run_after=2023-08-02T01:26:37.770735+00:00
[2023-08-01T20:26:37.793-0500] {processor.py:179} INFO - Processing /home/joha/anaconda3/lib/python3.10/site-packages/airflow/example_dags/example_latest_only_with_trigger.py took 0.081 seconds
[2023-08-02T11:08:54.633-0500] {processor.py:157} INFO - Started process (PID=105265) to work on /home/joha/anaconda3/lib/python3.10/site-packages/airflow/example_dags/example_latest_only_with_trigger.py
[2023-08-02T11:08:54.642-0500] {processor.py:826} INFO - Processing file /home/joha/anaconda3/lib/python3.10/site-packages/airflow/example_dags/example_latest_only_with_trigger.py for tasks to queue
[2023-08-02T11:08:54.645-0500] {logging_mixin.py:150} INFO - [2023-08-02T11:08:54.644-0500] {dagbag.py:541} INFO - Filling up the DagBag from /home/joha/anaconda3/lib/python3.10/site-packages/airflow/example_dags/example_latest_only_with_trigger.py
[2023-08-02T11:08:54.659-0500] {processor.py:836} INFO - DAG(s) dict_keys(['latest_only_with_trigger']) retrieved from /home/joha/anaconda3/lib/python3.10/site-packages/airflow/example_dags/example_latest_only_with_trigger.py
[2023-08-02T11:08:54.688-0500] {logging_mixin.py:150} INFO - [2023-08-02T11:08:54.687-0500] {dag.py:2742} INFO - Sync 1 DAGs
[2023-08-02T11:08:54.710-0500] {logging_mixin.py:150} INFO - [2023-08-02T11:08:54.710-0500] {dag.py:3504} INFO - Setting next_dagrun for latest_only_with_trigger to 2023-08-02T12:08:54.709973+00:00, run_after=2023-08-02T16:08:54.709973+00:00
[2023-08-02T11:08:54.734-0500] {processor.py:179} INFO - Processing /home/joha/anaconda3/lib/python3.10/site-packages/airflow/example_dags/example_latest_only_with_trigger.py took 0.104 seconds
[2023-08-02T11:09:49.671-0500] {processor.py:157} INFO - Started process (PID=105389) to work on /home/joha/anaconda3/lib/python3.10/site-packages/airflow/example_dags/example_latest_only_with_trigger.py
[2023-08-02T11:09:49.680-0500] {processor.py:826} INFO - Processing file /home/joha/anaconda3/lib/python3.10/site-packages/airflow/example_dags/example_latest_only_with_trigger.py for tasks to queue
[2023-08-02T11:09:49.685-0500] {logging_mixin.py:150} INFO - [2023-08-02T11:09:49.683-0500] {dagbag.py:541} INFO - Filling up the DagBag from /home/joha/anaconda3/lib/python3.10/site-packages/airflow/example_dags/example_latest_only_with_trigger.py
[2023-08-02T11:09:49.706-0500] {processor.py:836} INFO - DAG(s) dict_keys(['latest_only_with_trigger']) retrieved from /home/joha/anaconda3/lib/python3.10/site-packages/airflow/example_dags/example_latest_only_with_trigger.py
[2023-08-02T11:09:49.749-0500] {logging_mixin.py:150} INFO - [2023-08-02T11:09:49.749-0500] {dag.py:2742} INFO - Sync 1 DAGs
[2023-08-02T11:09:49.771-0500] {logging_mixin.py:150} INFO - [2023-08-02T11:09:49.771-0500] {dag.py:3504} INFO - Setting next_dagrun for latest_only_with_trigger to 2023-08-02T12:09:49.771512+00:00, run_after=2023-08-02T16:09:49.771512+00:00
[2023-08-02T11:09:49.792-0500] {processor.py:179} INFO - Processing /home/joha/anaconda3/lib/python3.10/site-packages/airflow/example_dags/example_latest_only_with_trigger.py took 0.132 seconds
[2023-08-02T11:10:58.555-0500] {processor.py:157} INFO - Started process (PID=105612) to work on /home/joha/anaconda3/lib/python3.10/site-packages/airflow/example_dags/example_latest_only_with_trigger.py
[2023-08-02T11:10:58.562-0500] {processor.py:826} INFO - Processing file /home/joha/anaconda3/lib/python3.10/site-packages/airflow/example_dags/example_latest_only_with_trigger.py for tasks to queue
[2023-08-02T11:10:58.563-0500] {logging_mixin.py:150} INFO - [2023-08-02T11:10:58.563-0500] {dagbag.py:541} INFO - Filling up the DagBag from /home/joha/anaconda3/lib/python3.10/site-packages/airflow/example_dags/example_latest_only_with_trigger.py
[2023-08-02T11:10:58.572-0500] {processor.py:836} INFO - DAG(s) dict_keys(['latest_only_with_trigger']) retrieved from /home/joha/anaconda3/lib/python3.10/site-packages/airflow/example_dags/example_latest_only_with_trigger.py
[2023-08-02T11:10:58.594-0500] {logging_mixin.py:150} INFO - [2023-08-02T11:10:58.594-0500] {dag.py:2742} INFO - Sync 1 DAGs
[2023-08-02T11:10:58.618-0500] {logging_mixin.py:150} INFO - [2023-08-02T11:10:58.617-0500] {dag.py:3504} INFO - Setting next_dagrun for latest_only_with_trigger to 2023-08-02T12:10:58.617665+00:00, run_after=2023-08-02T16:10:58.617665+00:00
[2023-08-02T11:10:58.645-0500] {processor.py:179} INFO - Processing /home/joha/anaconda3/lib/python3.10/site-packages/airflow/example_dags/example_latest_only_with_trigger.py took 0.094 seconds
[2023-08-02T11:12:10.365-0500] {processor.py:157} INFO - Started process (PID=105817) to work on /home/joha/anaconda3/lib/python3.10/site-packages/airflow/example_dags/example_latest_only_with_trigger.py
[2023-08-02T11:12:10.373-0500] {processor.py:826} INFO - Processing file /home/joha/anaconda3/lib/python3.10/site-packages/airflow/example_dags/example_latest_only_with_trigger.py for tasks to queue
[2023-08-02T11:12:10.375-0500] {logging_mixin.py:150} INFO - [2023-08-02T11:12:10.374-0500] {dagbag.py:541} INFO - Filling up the DagBag from /home/joha/anaconda3/lib/python3.10/site-packages/airflow/example_dags/example_latest_only_with_trigger.py
[2023-08-02T11:12:10.386-0500] {processor.py:836} INFO - DAG(s) dict_keys(['latest_only_with_trigger']) retrieved from /home/joha/anaconda3/lib/python3.10/site-packages/airflow/example_dags/example_latest_only_with_trigger.py
[2023-08-02T11:12:10.407-0500] {logging_mixin.py:150} INFO - [2023-08-02T11:12:10.407-0500] {dag.py:2742} INFO - Sync 1 DAGs
[2023-08-02T11:12:10.427-0500] {logging_mixin.py:150} INFO - [2023-08-02T11:12:10.427-0500] {dag.py:3504} INFO - Setting next_dagrun for latest_only_with_trigger to 2023-08-02T12:12:10.426874+00:00, run_after=2023-08-02T16:12:10.426874+00:00
[2023-08-02T11:12:10.448-0500] {processor.py:179} INFO - Processing /home/joha/anaconda3/lib/python3.10/site-packages/airflow/example_dags/example_latest_only_with_trigger.py took 0.088 seconds
[2023-08-02T11:13:13.644-0500] {processor.py:157} INFO - Started process (PID=105946) to work on /home/joha/anaconda3/lib/python3.10/site-packages/airflow/example_dags/example_latest_only_with_trigger.py
[2023-08-02T11:13:13.653-0500] {processor.py:826} INFO - Processing file /home/joha/anaconda3/lib/python3.10/site-packages/airflow/example_dags/example_latest_only_with_trigger.py for tasks to queue
[2023-08-02T11:13:13.657-0500] {logging_mixin.py:150} INFO - [2023-08-02T11:13:13.655-0500] {dagbag.py:541} INFO - Filling up the DagBag from /home/joha/anaconda3/lib/python3.10/site-packages/airflow/example_dags/example_latest_only_with_trigger.py
[2023-08-02T11:13:13.672-0500] {processor.py:836} INFO - DAG(s) dict_keys(['latest_only_with_trigger']) retrieved from /home/joha/anaconda3/lib/python3.10/site-packages/airflow/example_dags/example_latest_only_with_trigger.py
[2023-08-02T11:13:13.695-0500] {logging_mixin.py:150} INFO - [2023-08-02T11:13:13.694-0500] {dag.py:2742} INFO - Sync 1 DAGs
[2023-08-02T11:13:13.720-0500] {logging_mixin.py:150} INFO - [2023-08-02T11:13:13.720-0500] {dag.py:3504} INFO - Setting next_dagrun for latest_only_with_trigger to 2023-08-02T12:13:13.720094+00:00, run_after=2023-08-02T16:13:13.720094+00:00
[2023-08-02T11:13:13.744-0500] {processor.py:179} INFO - Processing /home/joha/anaconda3/lib/python3.10/site-packages/airflow/example_dags/example_latest_only_with_trigger.py took 0.104 seconds
[2023-08-02T11:14:14.684-0500] {processor.py:157} INFO - Started process (PID=106040) to work on /home/joha/anaconda3/lib/python3.10/site-packages/airflow/example_dags/example_latest_only_with_trigger.py
[2023-08-02T11:14:14.692-0500] {processor.py:826} INFO - Processing file /home/joha/anaconda3/lib/python3.10/site-packages/airflow/example_dags/example_latest_only_with_trigger.py for tasks to queue
[2023-08-02T11:14:14.693-0500] {logging_mixin.py:150} INFO - [2023-08-02T11:14:14.693-0500] {dagbag.py:541} INFO - Filling up the DagBag from /home/joha/anaconda3/lib/python3.10/site-packages/airflow/example_dags/example_latest_only_with_trigger.py
[2023-08-02T11:14:14.701-0500] {processor.py:836} INFO - DAG(s) dict_keys(['latest_only_with_trigger']) retrieved from /home/joha/anaconda3/lib/python3.10/site-packages/airflow/example_dags/example_latest_only_with_trigger.py
[2023-08-02T11:14:14.723-0500] {logging_mixin.py:150} INFO - [2023-08-02T11:14:14.723-0500] {dag.py:2742} INFO - Sync 1 DAGs
[2023-08-02T11:14:14.744-0500] {logging_mixin.py:150} INFO - [2023-08-02T11:14:14.744-0500] {dag.py:3504} INFO - Setting next_dagrun for latest_only_with_trigger to 2023-08-02T12:14:14.744038+00:00, run_after=2023-08-02T16:14:14.744038+00:00
[2023-08-02T11:14:14.768-0500] {processor.py:179} INFO - Processing /home/joha/anaconda3/lib/python3.10/site-packages/airflow/example_dags/example_latest_only_with_trigger.py took 0.089 seconds
[2023-08-02T11:15:08.409-0500] {processor.py:157} INFO - Started process (PID=106172) to work on /home/joha/anaconda3/lib/python3.10/site-packages/airflow/example_dags/example_latest_only_with_trigger.py
[2023-08-02T11:15:08.417-0500] {processor.py:826} INFO - Processing file /home/joha/anaconda3/lib/python3.10/site-packages/airflow/example_dags/example_latest_only_with_trigger.py for tasks to queue
[2023-08-02T11:15:08.418-0500] {logging_mixin.py:150} INFO - [2023-08-02T11:15:08.418-0500] {dagbag.py:541} INFO - Filling up the DagBag from /home/joha/anaconda3/lib/python3.10/site-packages/airflow/example_dags/example_latest_only_with_trigger.py
[2023-08-02T11:15:08.428-0500] {processor.py:836} INFO - DAG(s) dict_keys(['latest_only_with_trigger']) retrieved from /home/joha/anaconda3/lib/python3.10/site-packages/airflow/example_dags/example_latest_only_with_trigger.py
[2023-08-02T11:15:08.447-0500] {logging_mixin.py:150} INFO - [2023-08-02T11:15:08.447-0500] {dag.py:2742} INFO - Sync 1 DAGs
[2023-08-02T11:15:08.466-0500] {logging_mixin.py:150} INFO - [2023-08-02T11:15:08.465-0500] {dag.py:3504} INFO - Setting next_dagrun for latest_only_with_trigger to 2023-08-02T12:15:08.465675+00:00, run_after=2023-08-02T16:15:08.465675+00:00
[2023-08-02T11:15:08.492-0500] {processor.py:179} INFO - Processing /home/joha/anaconda3/lib/python3.10/site-packages/airflow/example_dags/example_latest_only_with_trigger.py took 0.090 seconds
[2023-08-02T11:16:18.425-0500] {processor.py:157} INFO - Started process (PID=106363) to work on /home/joha/anaconda3/lib/python3.10/site-packages/airflow/example_dags/example_latest_only_with_trigger.py
[2023-08-02T11:16:18.433-0500] {processor.py:826} INFO - Processing file /home/joha/anaconda3/lib/python3.10/site-packages/airflow/example_dags/example_latest_only_with_trigger.py for tasks to queue
[2023-08-02T11:16:18.434-0500] {logging_mixin.py:150} INFO - [2023-08-02T11:16:18.434-0500] {dagbag.py:541} INFO - Filling up the DagBag from /home/joha/anaconda3/lib/python3.10/site-packages/airflow/example_dags/example_latest_only_with_trigger.py
[2023-08-02T11:16:18.446-0500] {processor.py:836} INFO - DAG(s) dict_keys(['latest_only_with_trigger']) retrieved from /home/joha/anaconda3/lib/python3.10/site-packages/airflow/example_dags/example_latest_only_with_trigger.py
[2023-08-02T11:16:18.468-0500] {logging_mixin.py:150} INFO - [2023-08-02T11:16:18.468-0500] {dag.py:2742} INFO - Sync 1 DAGs
[2023-08-02T11:16:18.491-0500] {logging_mixin.py:150} INFO - [2023-08-02T11:16:18.491-0500] {dag.py:3504} INFO - Setting next_dagrun for latest_only_with_trigger to 2023-08-02T12:16:18.490955+00:00, run_after=2023-08-02T16:16:18.490955+00:00
[2023-08-02T11:16:18.512-0500] {processor.py:179} INFO - Processing /home/joha/anaconda3/lib/python3.10/site-packages/airflow/example_dags/example_latest_only_with_trigger.py took 0.093 seconds
[2023-08-02T11:17:26.935-0500] {processor.py:157} INFO - Started process (PID=106550) to work on /home/joha/anaconda3/lib/python3.10/site-packages/airflow/example_dags/example_latest_only_with_trigger.py
[2023-08-02T11:17:26.939-0500] {processor.py:826} INFO - Processing file /home/joha/anaconda3/lib/python3.10/site-packages/airflow/example_dags/example_latest_only_with_trigger.py for tasks to queue
[2023-08-02T11:17:26.943-0500] {logging_mixin.py:150} INFO - [2023-08-02T11:17:26.942-0500] {dagbag.py:541} INFO - Filling up the DagBag from /home/joha/anaconda3/lib/python3.10/site-packages/airflow/example_dags/example_latest_only_with_trigger.py
[2023-08-02T11:17:26.954-0500] {processor.py:836} INFO - DAG(s) dict_keys(['latest_only_with_trigger']) retrieved from /home/joha/anaconda3/lib/python3.10/site-packages/airflow/example_dags/example_latest_only_with_trigger.py
[2023-08-02T11:17:26.978-0500] {logging_mixin.py:150} INFO - [2023-08-02T11:17:26.977-0500] {dag.py:2742} INFO - Sync 1 DAGs
[2023-08-02T11:17:26.997-0500] {logging_mixin.py:150} INFO - [2023-08-02T11:17:26.997-0500] {dag.py:3504} INFO - Setting next_dagrun for latest_only_with_trigger to 2023-08-02T12:17:26.996803+00:00, run_after=2023-08-02T16:17:26.996803+00:00
[2023-08-02T11:17:27.018-0500] {processor.py:179} INFO - Processing /home/joha/anaconda3/lib/python3.10/site-packages/airflow/example_dags/example_latest_only_with_trigger.py took 0.096 seconds
[2023-08-02T11:18:31.346-0500] {processor.py:157} INFO - Started process (PID=106740) to work on /home/joha/anaconda3/lib/python3.10/site-packages/airflow/example_dags/example_latest_only_with_trigger.py
[2023-08-02T11:18:31.350-0500] {processor.py:826} INFO - Processing file /home/joha/anaconda3/lib/python3.10/site-packages/airflow/example_dags/example_latest_only_with_trigger.py for tasks to queue
[2023-08-02T11:18:31.354-0500] {logging_mixin.py:150} INFO - [2023-08-02T11:18:31.353-0500] {dagbag.py:541} INFO - Filling up the DagBag from /home/joha/anaconda3/lib/python3.10/site-packages/airflow/example_dags/example_latest_only_with_trigger.py
[2023-08-02T11:18:31.383-0500] {processor.py:836} INFO - DAG(s) dict_keys(['latest_only_with_trigger']) retrieved from /home/joha/anaconda3/lib/python3.10/site-packages/airflow/example_dags/example_latest_only_with_trigger.py
[2023-08-02T11:18:31.414-0500] {logging_mixin.py:150} INFO - [2023-08-02T11:18:31.414-0500] {dag.py:2742} INFO - Sync 1 DAGs
[2023-08-02T11:18:31.434-0500] {logging_mixin.py:150} INFO - [2023-08-02T11:18:31.434-0500] {dag.py:3504} INFO - Setting next_dagrun for latest_only_with_trigger to 2023-08-02T12:18:31.434314+00:00, run_after=2023-08-02T16:18:31.434314+00:00
[2023-08-02T11:18:31.461-0500] {processor.py:179} INFO - Processing /home/joha/anaconda3/lib/python3.10/site-packages/airflow/example_dags/example_latest_only_with_trigger.py took 0.127 seconds
[2023-08-02T11:19:44.062-0500] {processor.py:157} INFO - Started process (PID=106905) to work on /home/joha/anaconda3/lib/python3.10/site-packages/airflow/example_dags/example_latest_only_with_trigger.py
[2023-08-02T11:19:44.065-0500] {processor.py:826} INFO - Processing file /home/joha/anaconda3/lib/python3.10/site-packages/airflow/example_dags/example_latest_only_with_trigger.py for tasks to queue
[2023-08-02T11:19:44.068-0500] {logging_mixin.py:150} INFO - [2023-08-02T11:19:44.067-0500] {dagbag.py:541} INFO - Filling up the DagBag from /home/joha/anaconda3/lib/python3.10/site-packages/airflow/example_dags/example_latest_only_with_trigger.py
[2023-08-02T11:19:44.093-0500] {processor.py:836} INFO - DAG(s) dict_keys(['latest_only_with_trigger']) retrieved from /home/joha/anaconda3/lib/python3.10/site-packages/airflow/example_dags/example_latest_only_with_trigger.py
[2023-08-02T11:19:44.125-0500] {logging_mixin.py:150} INFO - [2023-08-02T11:19:44.124-0500] {dag.py:2742} INFO - Sync 1 DAGs
[2023-08-02T11:19:44.146-0500] {logging_mixin.py:150} INFO - [2023-08-02T11:19:44.145-0500] {dag.py:3504} INFO - Setting next_dagrun for latest_only_with_trigger to 2023-08-02T12:19:44.145593+00:00, run_after=2023-08-02T16:19:44.145593+00:00
[2023-08-02T11:19:44.167-0500] {processor.py:179} INFO - Processing /home/joha/anaconda3/lib/python3.10/site-packages/airflow/example_dags/example_latest_only_with_trigger.py took 0.116 seconds
[2023-08-02T11:21:01.978-0500] {processor.py:157} INFO - Started process (PID=107101) to work on /home/joha/anaconda3/lib/python3.10/site-packages/airflow/example_dags/example_latest_only_with_trigger.py
[2023-08-02T11:21:01.983-0500] {processor.py:826} INFO - Processing file /home/joha/anaconda3/lib/python3.10/site-packages/airflow/example_dags/example_latest_only_with_trigger.py for tasks to queue
[2023-08-02T11:21:01.984-0500] {logging_mixin.py:150} INFO - [2023-08-02T11:21:01.984-0500] {dagbag.py:541} INFO - Filling up the DagBag from /home/joha/anaconda3/lib/python3.10/site-packages/airflow/example_dags/example_latest_only_with_trigger.py
[2023-08-02T11:21:01.992-0500] {processor.py:836} INFO - DAG(s) dict_keys(['latest_only_with_trigger']) retrieved from /home/joha/anaconda3/lib/python3.10/site-packages/airflow/example_dags/example_latest_only_with_trigger.py
[2023-08-02T11:21:02.018-0500] {logging_mixin.py:150} INFO - [2023-08-02T11:21:02.018-0500] {dag.py:2742} INFO - Sync 1 DAGs
[2023-08-02T11:21:02.048-0500] {logging_mixin.py:150} INFO - [2023-08-02T11:21:02.048-0500] {dag.py:3504} INFO - Setting next_dagrun for latest_only_with_trigger to 2023-08-02T12:21:02.047737+00:00, run_after=2023-08-02T16:21:02.047737+00:00
[2023-08-02T11:21:02.456-0500] {processor.py:179} INFO - Processing /home/joha/anaconda3/lib/python3.10/site-packages/airflow/example_dags/example_latest_only_with_trigger.py took 0.483 seconds
[2023-08-02T11:22:05.343-0500] {processor.py:157} INFO - Started process (PID=107384) to work on /home/joha/anaconda3/lib/python3.10/site-packages/airflow/example_dags/example_latest_only_with_trigger.py
[2023-08-02T11:22:05.346-0500] {processor.py:826} INFO - Processing file /home/joha/anaconda3/lib/python3.10/site-packages/airflow/example_dags/example_latest_only_with_trigger.py for tasks to queue
[2023-08-02T11:22:05.351-0500] {logging_mixin.py:150} INFO - [2023-08-02T11:22:05.351-0500] {dagbag.py:541} INFO - Filling up the DagBag from /home/joha/anaconda3/lib/python3.10/site-packages/airflow/example_dags/example_latest_only_with_trigger.py
[2023-08-02T11:22:05.368-0500] {processor.py:836} INFO - DAG(s) dict_keys(['latest_only_with_trigger']) retrieved from /home/joha/anaconda3/lib/python3.10/site-packages/airflow/example_dags/example_latest_only_with_trigger.py
[2023-08-02T11:22:05.402-0500] {logging_mixin.py:150} INFO - [2023-08-02T11:22:05.402-0500] {dag.py:2742} INFO - Sync 1 DAGs
[2023-08-02T11:22:05.426-0500] {logging_mixin.py:150} INFO - [2023-08-02T11:22:05.426-0500] {dag.py:3504} INFO - Setting next_dagrun for latest_only_with_trigger to 2023-08-02T12:22:05.426429+00:00, run_after=2023-08-02T16:22:05.426429+00:00
[2023-08-02T11:22:05.452-0500] {processor.py:179} INFO - Processing /home/joha/anaconda3/lib/python3.10/site-packages/airflow/example_dags/example_latest_only_with_trigger.py took 0.122 seconds
[2023-08-02T11:23:17.452-0500] {processor.py:157} INFO - Started process (PID=108022) to work on /home/joha/anaconda3/lib/python3.10/site-packages/airflow/example_dags/example_latest_only_with_trigger.py
[2023-08-02T11:23:17.461-0500] {processor.py:826} INFO - Processing file /home/joha/anaconda3/lib/python3.10/site-packages/airflow/example_dags/example_latest_only_with_trigger.py for tasks to queue
[2023-08-02T11:23:17.463-0500] {logging_mixin.py:150} INFO - [2023-08-02T11:23:17.462-0500] {dagbag.py:541} INFO - Filling up the DagBag from /home/joha/anaconda3/lib/python3.10/site-packages/airflow/example_dags/example_latest_only_with_trigger.py
[2023-08-02T11:23:17.476-0500] {processor.py:836} INFO - DAG(s) dict_keys(['latest_only_with_trigger']) retrieved from /home/joha/anaconda3/lib/python3.10/site-packages/airflow/example_dags/example_latest_only_with_trigger.py
[2023-08-02T11:23:17.564-0500] {logging_mixin.py:150} INFO - [2023-08-02T11:23:17.560-0500] {dag.py:2742} INFO - Sync 1 DAGs
[2023-08-02T11:23:17.616-0500] {logging_mixin.py:150} INFO - [2023-08-02T11:23:17.614-0500] {dag.py:3504} INFO - Setting next_dagrun for latest_only_with_trigger to 2023-08-02T12:23:17.614066+00:00, run_after=2023-08-02T16:23:17.614066+00:00
[2023-08-02T11:23:17.679-0500] {processor.py:179} INFO - Processing /home/joha/anaconda3/lib/python3.10/site-packages/airflow/example_dags/example_latest_only_with_trigger.py took 0.233 seconds
[2023-08-02T11:24:48.435-0500] {processor.py:157} INFO - Started process (PID=108309) to work on /home/joha/anaconda3/lib/python3.10/site-packages/airflow/example_dags/example_latest_only_with_trigger.py
[2023-08-02T11:24:48.444-0500] {processor.py:826} INFO - Processing file /home/joha/anaconda3/lib/python3.10/site-packages/airflow/example_dags/example_latest_only_with_trigger.py for tasks to queue
[2023-08-02T11:24:48.446-0500] {logging_mixin.py:150} INFO - [2023-08-02T11:24:48.445-0500] {dagbag.py:541} INFO - Filling up the DagBag from /home/joha/anaconda3/lib/python3.10/site-packages/airflow/example_dags/example_latest_only_with_trigger.py
[2023-08-02T11:24:48.459-0500] {processor.py:836} INFO - DAG(s) dict_keys(['latest_only_with_trigger']) retrieved from /home/joha/anaconda3/lib/python3.10/site-packages/airflow/example_dags/example_latest_only_with_trigger.py
[2023-08-02T11:24:48.495-0500] {logging_mixin.py:150} INFO - [2023-08-02T11:24:48.494-0500] {dag.py:2742} INFO - Sync 1 DAGs
[2023-08-02T11:24:48.522-0500] {logging_mixin.py:150} INFO - [2023-08-02T11:24:48.522-0500] {dag.py:3504} INFO - Setting next_dagrun for latest_only_with_trigger to 2023-08-02T12:24:48.521954+00:00, run_after=2023-08-02T16:24:48.521954+00:00
[2023-08-02T11:24:48.548-0500] {processor.py:179} INFO - Processing /home/joha/anaconda3/lib/python3.10/site-packages/airflow/example_dags/example_latest_only_with_trigger.py took 0.119 seconds
[2023-08-02T11:25:57.617-0500] {processor.py:157} INFO - Started process (PID=108430) to work on /home/joha/anaconda3/lib/python3.10/site-packages/airflow/example_dags/example_latest_only_with_trigger.py
[2023-08-02T11:25:57.626-0500] {processor.py:826} INFO - Processing file /home/joha/anaconda3/lib/python3.10/site-packages/airflow/example_dags/example_latest_only_with_trigger.py for tasks to queue
[2023-08-02T11:25:57.627-0500] {logging_mixin.py:150} INFO - [2023-08-02T11:25:57.627-0500] {dagbag.py:541} INFO - Filling up the DagBag from /home/joha/anaconda3/lib/python3.10/site-packages/airflow/example_dags/example_latest_only_with_trigger.py
[2023-08-02T11:25:57.638-0500] {processor.py:836} INFO - DAG(s) dict_keys(['latest_only_with_trigger']) retrieved from /home/joha/anaconda3/lib/python3.10/site-packages/airflow/example_dags/example_latest_only_with_trigger.py
[2023-08-02T11:25:57.660-0500] {logging_mixin.py:150} INFO - [2023-08-02T11:25:57.660-0500] {dag.py:2742} INFO - Sync 1 DAGs
[2023-08-02T11:25:57.679-0500] {logging_mixin.py:150} INFO - [2023-08-02T11:25:57.679-0500] {dag.py:3504} INFO - Setting next_dagrun for latest_only_with_trigger to 2023-08-02T12:25:57.678830+00:00, run_after=2023-08-02T16:25:57.678830+00:00
[2023-08-02T11:25:57.699-0500] {processor.py:179} INFO - Processing /home/joha/anaconda3/lib/python3.10/site-packages/airflow/example_dags/example_latest_only_with_trigger.py took 0.087 seconds
