[2023-08-01T20:25:43.431-0500] {processor.py:157} INFO - Started process (PID=99563) to work on /home/joha/anaconda3/lib/python3.10/site-packages/airflow/example_dags/example_dynamic_task_mapping_with_no_taskflow_operators.py
[2023-08-01T20:25:43.432-0500] {processor.py:826} INFO - Processing file /home/joha/anaconda3/lib/python3.10/site-packages/airflow/example_dags/example_dynamic_task_mapping_with_no_taskflow_operators.py for tasks to queue
[2023-08-01T20:25:43.433-0500] {logging_mixin.py:150} INFO - [2023-08-01T20:25:43.433-0500] {dagbag.py:541} INFO - Filling up the DagBag from /home/joha/anaconda3/lib/python3.10/site-packages/airflow/example_dags/example_dynamic_task_mapping_with_no_taskflow_operators.py
[2023-08-01T20:25:43.445-0500] {processor.py:836} INFO - DAG(s) dict_keys(['example_dynamic_task_mapping_with_no_taskflow_operators']) retrieved from /home/joha/anaconda3/lib/python3.10/site-packages/airflow/example_dags/example_dynamic_task_mapping_with_no_taskflow_operators.py
[2023-08-01T20:25:43.464-0500] {logging_mixin.py:150} INFO - [2023-08-01T20:25:43.464-0500] {dag.py:2742} INFO - Sync 1 DAGs
[2023-08-01T20:25:43.485-0500] {logging_mixin.py:150} INFO - [2023-08-01T20:25:43.485-0500] {dag.py:3504} INFO - Setting next_dagrun for example_dynamic_task_mapping_with_no_taskflow_operators to 2023-08-01T01:25:43.485121+00:00, run_after=2023-08-02T01:25:43.485121+00:00
[2023-08-01T20:25:43.514-0500] {processor.py:179} INFO - Processing /home/joha/anaconda3/lib/python3.10/site-packages/airflow/example_dags/example_dynamic_task_mapping_with_no_taskflow_operators.py took 0.088 seconds
[2023-08-01T20:26:34.155-0500] {processor.py:157} INFO - Started process (PID=99702) to work on /home/joha/anaconda3/lib/python3.10/site-packages/airflow/example_dags/example_dynamic_task_mapping_with_no_taskflow_operators.py
[2023-08-01T20:26:34.163-0500] {processor.py:826} INFO - Processing file /home/joha/anaconda3/lib/python3.10/site-packages/airflow/example_dags/example_dynamic_task_mapping_with_no_taskflow_operators.py for tasks to queue
[2023-08-01T20:26:34.164-0500] {logging_mixin.py:150} INFO - [2023-08-01T20:26:34.164-0500] {dagbag.py:541} INFO - Filling up the DagBag from /home/joha/anaconda3/lib/python3.10/site-packages/airflow/example_dags/example_dynamic_task_mapping_with_no_taskflow_operators.py
[2023-08-01T20:26:34.174-0500] {processor.py:836} INFO - DAG(s) dict_keys(['example_dynamic_task_mapping_with_no_taskflow_operators']) retrieved from /home/joha/anaconda3/lib/python3.10/site-packages/airflow/example_dags/example_dynamic_task_mapping_with_no_taskflow_operators.py
[2023-08-01T20:26:34.195-0500] {logging_mixin.py:150} INFO - [2023-08-01T20:26:34.195-0500] {dag.py:2742} INFO - Sync 1 DAGs
[2023-08-01T20:26:34.219-0500] {logging_mixin.py:150} INFO - [2023-08-01T20:26:34.219-0500] {dag.py:3504} INFO - Setting next_dagrun for example_dynamic_task_mapping_with_no_taskflow_operators to 2023-08-01T01:26:34.219359+00:00, run_after=2023-08-02T01:26:34.219359+00:00
[2023-08-01T20:26:34.242-0500] {processor.py:179} INFO - Processing /home/joha/anaconda3/lib/python3.10/site-packages/airflow/example_dags/example_dynamic_task_mapping_with_no_taskflow_operators.py took 0.091 seconds
[2023-08-02T11:08:50.626-0500] {processor.py:157} INFO - Started process (PID=105256) to work on /home/joha/anaconda3/lib/python3.10/site-packages/airflow/example_dags/example_dynamic_task_mapping_with_no_taskflow_operators.py
[2023-08-02T11:08:50.633-0500] {processor.py:826} INFO - Processing file /home/joha/anaconda3/lib/python3.10/site-packages/airflow/example_dags/example_dynamic_task_mapping_with_no_taskflow_operators.py for tasks to queue
[2023-08-02T11:08:50.634-0500] {logging_mixin.py:150} INFO - [2023-08-02T11:08:50.634-0500] {dagbag.py:541} INFO - Filling up the DagBag from /home/joha/anaconda3/lib/python3.10/site-packages/airflow/example_dags/example_dynamic_task_mapping_with_no_taskflow_operators.py
[2023-08-02T11:08:50.642-0500] {processor.py:836} INFO - DAG(s) dict_keys(['example_dynamic_task_mapping_with_no_taskflow_operators']) retrieved from /home/joha/anaconda3/lib/python3.10/site-packages/airflow/example_dags/example_dynamic_task_mapping_with_no_taskflow_operators.py
[2023-08-02T11:08:50.662-0500] {logging_mixin.py:150} INFO - [2023-08-02T11:08:50.662-0500] {dag.py:2742} INFO - Sync 1 DAGs
[2023-08-02T11:08:50.683-0500] {logging_mixin.py:150} INFO - [2023-08-02T11:08:50.683-0500] {dag.py:3504} INFO - Setting next_dagrun for example_dynamic_task_mapping_with_no_taskflow_operators to 2023-08-01T16:08:50.683506+00:00, run_after=2023-08-02T16:08:50.683506+00:00
[2023-08-02T11:08:50.708-0500] {processor.py:179} INFO - Processing /home/joha/anaconda3/lib/python3.10/site-packages/airflow/example_dags/example_dynamic_task_mapping_with_no_taskflow_operators.py took 0.086 seconds
[2023-08-02T11:09:44.760-0500] {processor.py:157} INFO - Started process (PID=105364) to work on /home/joha/anaconda3/lib/python3.10/site-packages/airflow/example_dags/example_dynamic_task_mapping_with_no_taskflow_operators.py
[2023-08-02T11:09:44.770-0500] {processor.py:826} INFO - Processing file /home/joha/anaconda3/lib/python3.10/site-packages/airflow/example_dags/example_dynamic_task_mapping_with_no_taskflow_operators.py for tasks to queue
[2023-08-02T11:09:44.775-0500] {logging_mixin.py:150} INFO - [2023-08-02T11:09:44.774-0500] {dagbag.py:541} INFO - Filling up the DagBag from /home/joha/anaconda3/lib/python3.10/site-packages/airflow/example_dags/example_dynamic_task_mapping_with_no_taskflow_operators.py
[2023-08-02T11:09:44.804-0500] {processor.py:836} INFO - DAG(s) dict_keys(['example_dynamic_task_mapping_with_no_taskflow_operators']) retrieved from /home/joha/anaconda3/lib/python3.10/site-packages/airflow/example_dags/example_dynamic_task_mapping_with_no_taskflow_operators.py
[2023-08-02T11:09:44.829-0500] {logging_mixin.py:150} INFO - [2023-08-02T11:09:44.829-0500] {dag.py:2742} INFO - Sync 1 DAGs
[2023-08-02T11:09:44.851-0500] {logging_mixin.py:150} INFO - [2023-08-02T11:09:44.851-0500] {dag.py:3504} INFO - Setting next_dagrun for example_dynamic_task_mapping_with_no_taskflow_operators to 2023-08-01T16:09:44.850829+00:00, run_after=2023-08-02T16:09:44.850829+00:00
[2023-08-02T11:09:44.871-0500] {processor.py:179} INFO - Processing /home/joha/anaconda3/lib/python3.10/site-packages/airflow/example_dags/example_dynamic_task_mapping_with_no_taskflow_operators.py took 0.126 seconds
[2023-08-02T11:10:37.939-0500] {processor.py:157} INFO - Started process (PID=105563) to work on /home/joha/anaconda3/lib/python3.10/site-packages/airflow/example_dags/example_dynamic_task_mapping_with_no_taskflow_operators.py
[2023-08-02T11:10:37.947-0500] {processor.py:826} INFO - Processing file /home/joha/anaconda3/lib/python3.10/site-packages/airflow/example_dags/example_dynamic_task_mapping_with_no_taskflow_operators.py for tasks to queue
[2023-08-02T11:10:37.948-0500] {logging_mixin.py:150} INFO - [2023-08-02T11:10:37.947-0500] {dagbag.py:541} INFO - Filling up the DagBag from /home/joha/anaconda3/lib/python3.10/site-packages/airflow/example_dags/example_dynamic_task_mapping_with_no_taskflow_operators.py
[2023-08-02T11:10:37.957-0500] {processor.py:836} INFO - DAG(s) dict_keys(['example_dynamic_task_mapping_with_no_taskflow_operators']) retrieved from /home/joha/anaconda3/lib/python3.10/site-packages/airflow/example_dags/example_dynamic_task_mapping_with_no_taskflow_operators.py
[2023-08-02T11:10:37.978-0500] {logging_mixin.py:150} INFO - [2023-08-02T11:10:37.978-0500] {dag.py:2742} INFO - Sync 1 DAGs
[2023-08-02T11:10:37.999-0500] {logging_mixin.py:150} INFO - [2023-08-02T11:10:37.999-0500] {dag.py:3504} INFO - Setting next_dagrun for example_dynamic_task_mapping_with_no_taskflow_operators to 2023-08-01T16:10:37.999282+00:00, run_after=2023-08-02T16:10:37.999282+00:00
[2023-08-02T11:10:38.022-0500] {processor.py:179} INFO - Processing /home/joha/anaconda3/lib/python3.10/site-packages/airflow/example_dags/example_dynamic_task_mapping_with_no_taskflow_operators.py took 0.086 seconds
[2023-08-02T11:11:49.530-0500] {processor.py:157} INFO - Started process (PID=105753) to work on /home/joha/anaconda3/lib/python3.10/site-packages/airflow/example_dags/example_dynamic_task_mapping_with_no_taskflow_operators.py
[2023-08-02T11:11:49.540-0500] {processor.py:826} INFO - Processing file /home/joha/anaconda3/lib/python3.10/site-packages/airflow/example_dags/example_dynamic_task_mapping_with_no_taskflow_operators.py for tasks to queue
[2023-08-02T11:11:49.543-0500] {logging_mixin.py:150} INFO - [2023-08-02T11:11:49.542-0500] {dagbag.py:541} INFO - Filling up the DagBag from /home/joha/anaconda3/lib/python3.10/site-packages/airflow/example_dags/example_dynamic_task_mapping_with_no_taskflow_operators.py
[2023-08-02T11:11:49.569-0500] {processor.py:836} INFO - DAG(s) dict_keys(['example_dynamic_task_mapping_with_no_taskflow_operators']) retrieved from /home/joha/anaconda3/lib/python3.10/site-packages/airflow/example_dags/example_dynamic_task_mapping_with_no_taskflow_operators.py
[2023-08-02T11:11:49.596-0500] {logging_mixin.py:150} INFO - [2023-08-02T11:11:49.596-0500] {dag.py:2742} INFO - Sync 1 DAGs
[2023-08-02T11:11:49.617-0500] {logging_mixin.py:150} INFO - [2023-08-02T11:11:49.617-0500] {dag.py:3504} INFO - Setting next_dagrun for example_dynamic_task_mapping_with_no_taskflow_operators to 2023-08-01T16:11:49.616785+00:00, run_after=2023-08-02T16:11:49.616785+00:00
[2023-08-02T11:11:49.640-0500] {processor.py:179} INFO - Processing /home/joha/anaconda3/lib/python3.10/site-packages/airflow/example_dags/example_dynamic_task_mapping_with_no_taskflow_operators.py took 0.120 seconds
[2023-08-02T11:12:56.775-0500] {processor.py:157} INFO - Started process (PID=105916) to work on /home/joha/anaconda3/lib/python3.10/site-packages/airflow/example_dags/example_dynamic_task_mapping_with_no_taskflow_operators.py
[2023-08-02T11:12:56.783-0500] {processor.py:826} INFO - Processing file /home/joha/anaconda3/lib/python3.10/site-packages/airflow/example_dags/example_dynamic_task_mapping_with_no_taskflow_operators.py for tasks to queue
[2023-08-02T11:12:56.787-0500] {logging_mixin.py:150} INFO - [2023-08-02T11:12:56.785-0500] {dagbag.py:541} INFO - Filling up the DagBag from /home/joha/anaconda3/lib/python3.10/site-packages/airflow/example_dags/example_dynamic_task_mapping_with_no_taskflow_operators.py
[2023-08-02T11:12:56.816-0500] {processor.py:836} INFO - DAG(s) dict_keys(['example_dynamic_task_mapping_with_no_taskflow_operators']) retrieved from /home/joha/anaconda3/lib/python3.10/site-packages/airflow/example_dags/example_dynamic_task_mapping_with_no_taskflow_operators.py
[2023-08-02T11:12:56.846-0500] {logging_mixin.py:150} INFO - [2023-08-02T11:12:56.846-0500] {dag.py:2742} INFO - Sync 1 DAGs
[2023-08-02T11:12:56.871-0500] {logging_mixin.py:150} INFO - [2023-08-02T11:12:56.871-0500] {dag.py:3504} INFO - Setting next_dagrun for example_dynamic_task_mapping_with_no_taskflow_operators to 2023-08-01T16:12:56.871072+00:00, run_after=2023-08-02T16:12:56.871072+00:00
[2023-08-02T11:12:56.892-0500] {processor.py:179} INFO - Processing /home/joha/anaconda3/lib/python3.10/site-packages/airflow/example_dags/example_dynamic_task_mapping_with_no_taskflow_operators.py took 0.120 seconds
[2023-08-02T11:13:59.068-0500] {processor.py:157} INFO - Started process (PID=106009) to work on /home/joha/anaconda3/lib/python3.10/site-packages/airflow/example_dags/example_dynamic_task_mapping_with_no_taskflow_operators.py
[2023-08-02T11:13:59.070-0500] {processor.py:826} INFO - Processing file /home/joha/anaconda3/lib/python3.10/site-packages/airflow/example_dags/example_dynamic_task_mapping_with_no_taskflow_operators.py for tasks to queue
[2023-08-02T11:13:59.072-0500] {logging_mixin.py:150} INFO - [2023-08-02T11:13:59.072-0500] {dagbag.py:541} INFO - Filling up the DagBag from /home/joha/anaconda3/lib/python3.10/site-packages/airflow/example_dags/example_dynamic_task_mapping_with_no_taskflow_operators.py
[2023-08-02T11:13:59.081-0500] {processor.py:836} INFO - DAG(s) dict_keys(['example_dynamic_task_mapping_with_no_taskflow_operators']) retrieved from /home/joha/anaconda3/lib/python3.10/site-packages/airflow/example_dags/example_dynamic_task_mapping_with_no_taskflow_operators.py
[2023-08-02T11:13:59.099-0500] {logging_mixin.py:150} INFO - [2023-08-02T11:13:59.099-0500] {dag.py:2742} INFO - Sync 1 DAGs
[2023-08-02T11:13:59.123-0500] {logging_mixin.py:150} INFO - [2023-08-02T11:13:59.123-0500] {dag.py:3504} INFO - Setting next_dagrun for example_dynamic_task_mapping_with_no_taskflow_operators to 2023-08-01T16:13:59.123239+00:00, run_after=2023-08-02T16:13:59.123239+00:00
[2023-08-02T11:13:59.149-0500] {processor.py:179} INFO - Processing /home/joha/anaconda3/lib/python3.10/site-packages/airflow/example_dags/example_dynamic_task_mapping_with_no_taskflow_operators.py took 0.084 seconds
[2023-08-02T11:15:03.521-0500] {processor.py:157} INFO - Started process (PID=106159) to work on /home/joha/anaconda3/lib/python3.10/site-packages/airflow/example_dags/example_dynamic_task_mapping_with_no_taskflow_operators.py
[2023-08-02T11:15:03.529-0500] {processor.py:826} INFO - Processing file /home/joha/anaconda3/lib/python3.10/site-packages/airflow/example_dags/example_dynamic_task_mapping_with_no_taskflow_operators.py for tasks to queue
[2023-08-02T11:15:03.530-0500] {logging_mixin.py:150} INFO - [2023-08-02T11:15:03.530-0500] {dagbag.py:541} INFO - Filling up the DagBag from /home/joha/anaconda3/lib/python3.10/site-packages/airflow/example_dags/example_dynamic_task_mapping_with_no_taskflow_operators.py
[2023-08-02T11:15:03.537-0500] {processor.py:836} INFO - DAG(s) dict_keys(['example_dynamic_task_mapping_with_no_taskflow_operators']) retrieved from /home/joha/anaconda3/lib/python3.10/site-packages/airflow/example_dags/example_dynamic_task_mapping_with_no_taskflow_operators.py
[2023-08-02T11:15:03.554-0500] {logging_mixin.py:150} INFO - [2023-08-02T11:15:03.554-0500] {dag.py:2742} INFO - Sync 1 DAGs
[2023-08-02T11:15:03.574-0500] {logging_mixin.py:150} INFO - [2023-08-02T11:15:03.574-0500] {dag.py:3504} INFO - Setting next_dagrun for example_dynamic_task_mapping_with_no_taskflow_operators to 2023-08-01T16:15:03.573720+00:00, run_after=2023-08-02T16:15:03.573720+00:00
[2023-08-02T11:15:03.594-0500] {processor.py:179} INFO - Processing /home/joha/anaconda3/lib/python3.10/site-packages/airflow/example_dags/example_dynamic_task_mapping_with_no_taskflow_operators.py took 0.076 seconds
[2023-08-02T11:16:14.450-0500] {processor.py:157} INFO - Started process (PID=106354) to work on /home/joha/anaconda3/lib/python3.10/site-packages/airflow/example_dags/example_dynamic_task_mapping_with_no_taskflow_operators.py
[2023-08-02T11:16:14.458-0500] {processor.py:826} INFO - Processing file /home/joha/anaconda3/lib/python3.10/site-packages/airflow/example_dags/example_dynamic_task_mapping_with_no_taskflow_operators.py for tasks to queue
[2023-08-02T11:16:14.460-0500] {logging_mixin.py:150} INFO - [2023-08-02T11:16:14.459-0500] {dagbag.py:541} INFO - Filling up the DagBag from /home/joha/anaconda3/lib/python3.10/site-packages/airflow/example_dags/example_dynamic_task_mapping_with_no_taskflow_operators.py
[2023-08-02T11:16:14.471-0500] {processor.py:836} INFO - DAG(s) dict_keys(['example_dynamic_task_mapping_with_no_taskflow_operators']) retrieved from /home/joha/anaconda3/lib/python3.10/site-packages/airflow/example_dags/example_dynamic_task_mapping_with_no_taskflow_operators.py
[2023-08-02T11:16:14.489-0500] {logging_mixin.py:150} INFO - [2023-08-02T11:16:14.489-0500] {dag.py:2742} INFO - Sync 1 DAGs
[2023-08-02T11:16:14.509-0500] {logging_mixin.py:150} INFO - [2023-08-02T11:16:14.509-0500] {dag.py:3504} INFO - Setting next_dagrun for example_dynamic_task_mapping_with_no_taskflow_operators to 2023-08-01T16:16:14.508996+00:00, run_after=2023-08-02T16:16:14.508996+00:00
[2023-08-02T11:16:14.530-0500] {processor.py:179} INFO - Processing /home/joha/anaconda3/lib/python3.10/site-packages/airflow/example_dags/example_dynamic_task_mapping_with_no_taskflow_operators.py took 0.090 seconds
[2023-08-02T11:17:06.692-0500] {processor.py:157} INFO - Started process (PID=106485) to work on /home/joha/anaconda3/lib/python3.10/site-packages/airflow/example_dags/example_dynamic_task_mapping_with_no_taskflow_operators.py
[2023-08-02T11:17:06.699-0500] {processor.py:826} INFO - Processing file /home/joha/anaconda3/lib/python3.10/site-packages/airflow/example_dags/example_dynamic_task_mapping_with_no_taskflow_operators.py for tasks to queue
[2023-08-02T11:17:06.701-0500] {logging_mixin.py:150} INFO - [2023-08-02T11:17:06.700-0500] {dagbag.py:541} INFO - Filling up the DagBag from /home/joha/anaconda3/lib/python3.10/site-packages/airflow/example_dags/example_dynamic_task_mapping_with_no_taskflow_operators.py
[2023-08-02T11:17:06.710-0500] {processor.py:836} INFO - DAG(s) dict_keys(['example_dynamic_task_mapping_with_no_taskflow_operators']) retrieved from /home/joha/anaconda3/lib/python3.10/site-packages/airflow/example_dags/example_dynamic_task_mapping_with_no_taskflow_operators.py
[2023-08-02T11:17:06.734-0500] {logging_mixin.py:150} INFO - [2023-08-02T11:17:06.733-0500] {dag.py:2742} INFO - Sync 1 DAGs
[2023-08-02T11:17:06.754-0500] {logging_mixin.py:150} INFO - [2023-08-02T11:17:06.754-0500] {dag.py:3504} INFO - Setting next_dagrun for example_dynamic_task_mapping_with_no_taskflow_operators to 2023-08-01T16:17:06.753958+00:00, run_after=2023-08-02T16:17:06.753958+00:00
[2023-08-02T11:17:06.776-0500] {processor.py:179} INFO - Processing /home/joha/anaconda3/lib/python3.10/site-packages/airflow/example_dags/example_dynamic_task_mapping_with_no_taskflow_operators.py took 0.089 seconds
[2023-08-02T11:18:10.499-0500] {processor.py:157} INFO - Started process (PID=106682) to work on /home/joha/anaconda3/lib/python3.10/site-packages/airflow/example_dags/example_dynamic_task_mapping_with_no_taskflow_operators.py
[2023-08-02T11:18:10.503-0500] {processor.py:826} INFO - Processing file /home/joha/anaconda3/lib/python3.10/site-packages/airflow/example_dags/example_dynamic_task_mapping_with_no_taskflow_operators.py for tasks to queue
[2023-08-02T11:18:10.505-0500] {logging_mixin.py:150} INFO - [2023-08-02T11:18:10.504-0500] {dagbag.py:541} INFO - Filling up the DagBag from /home/joha/anaconda3/lib/python3.10/site-packages/airflow/example_dags/example_dynamic_task_mapping_with_no_taskflow_operators.py
[2023-08-02T11:18:10.513-0500] {processor.py:836} INFO - DAG(s) dict_keys(['example_dynamic_task_mapping_with_no_taskflow_operators']) retrieved from /home/joha/anaconda3/lib/python3.10/site-packages/airflow/example_dags/example_dynamic_task_mapping_with_no_taskflow_operators.py
[2023-08-02T11:18:10.531-0500] {logging_mixin.py:150} INFO - [2023-08-02T11:18:10.531-0500] {dag.py:2742} INFO - Sync 1 DAGs
[2023-08-02T11:18:10.551-0500] {logging_mixin.py:150} INFO - [2023-08-02T11:18:10.551-0500] {dag.py:3504} INFO - Setting next_dagrun for example_dynamic_task_mapping_with_no_taskflow_operators to 2023-08-01T16:18:10.551072+00:00, run_after=2023-08-02T16:18:10.551072+00:00
[2023-08-02T11:18:10.571-0500] {processor.py:179} INFO - Processing /home/joha/anaconda3/lib/python3.10/site-packages/airflow/example_dags/example_dynamic_task_mapping_with_no_taskflow_operators.py took 0.077 seconds
[2023-08-02T11:19:19.689-0500] {processor.py:157} INFO - Started process (PID=106845) to work on /home/joha/anaconda3/lib/python3.10/site-packages/airflow/example_dags/example_dynamic_task_mapping_with_no_taskflow_operators.py
[2023-08-02T11:19:19.697-0500] {processor.py:826} INFO - Processing file /home/joha/anaconda3/lib/python3.10/site-packages/airflow/example_dags/example_dynamic_task_mapping_with_no_taskflow_operators.py for tasks to queue
[2023-08-02T11:19:19.698-0500] {logging_mixin.py:150} INFO - [2023-08-02T11:19:19.698-0500] {dagbag.py:541} INFO - Filling up the DagBag from /home/joha/anaconda3/lib/python3.10/site-packages/airflow/example_dags/example_dynamic_task_mapping_with_no_taskflow_operators.py
[2023-08-02T11:19:19.710-0500] {processor.py:836} INFO - DAG(s) dict_keys(['example_dynamic_task_mapping_with_no_taskflow_operators']) retrieved from /home/joha/anaconda3/lib/python3.10/site-packages/airflow/example_dags/example_dynamic_task_mapping_with_no_taskflow_operators.py
[2023-08-02T11:19:19.729-0500] {logging_mixin.py:150} INFO - [2023-08-02T11:19:19.729-0500] {dag.py:2742} INFO - Sync 1 DAGs
[2023-08-02T11:19:19.749-0500] {logging_mixin.py:150} INFO - [2023-08-02T11:19:19.749-0500] {dag.py:3504} INFO - Setting next_dagrun for example_dynamic_task_mapping_with_no_taskflow_operators to 2023-08-01T16:19:19.749061+00:00, run_after=2023-08-02T16:19:19.749061+00:00
[2023-08-02T11:19:19.769-0500] {processor.py:179} INFO - Processing /home/joha/anaconda3/lib/python3.10/site-packages/airflow/example_dags/example_dynamic_task_mapping_with_no_taskflow_operators.py took 0.086 seconds
[2023-08-02T11:20:31.539-0500] {processor.py:157} INFO - Started process (PID=107014) to work on /home/joha/anaconda3/lib/python3.10/site-packages/airflow/example_dags/example_dynamic_task_mapping_with_no_taskflow_operators.py
[2023-08-02T11:20:31.548-0500] {processor.py:826} INFO - Processing file /home/joha/anaconda3/lib/python3.10/site-packages/airflow/example_dags/example_dynamic_task_mapping_with_no_taskflow_operators.py for tasks to queue
[2023-08-02T11:20:31.551-0500] {logging_mixin.py:150} INFO - [2023-08-02T11:20:31.550-0500] {dagbag.py:541} INFO - Filling up the DagBag from /home/joha/anaconda3/lib/python3.10/site-packages/airflow/example_dags/example_dynamic_task_mapping_with_no_taskflow_operators.py
[2023-08-02T11:20:31.572-0500] {processor.py:836} INFO - DAG(s) dict_keys(['example_dynamic_task_mapping_with_no_taskflow_operators']) retrieved from /home/joha/anaconda3/lib/python3.10/site-packages/airflow/example_dags/example_dynamic_task_mapping_with_no_taskflow_operators.py
[2023-08-02T11:20:31.597-0500] {logging_mixin.py:150} INFO - [2023-08-02T11:20:31.597-0500] {dag.py:2742} INFO - Sync 1 DAGs
[2023-08-02T11:20:31.619-0500] {logging_mixin.py:150} INFO - [2023-08-02T11:20:31.618-0500] {dag.py:3504} INFO - Setting next_dagrun for example_dynamic_task_mapping_with_no_taskflow_operators to 2023-08-01T16:20:31.618412+00:00, run_after=2023-08-02T16:20:31.618412+00:00
[2023-08-02T11:20:31.639-0500] {processor.py:179} INFO - Processing /home/joha/anaconda3/lib/python3.10/site-packages/airflow/example_dags/example_dynamic_task_mapping_with_no_taskflow_operators.py took 0.108 seconds
[2023-08-02T11:21:29.602-0500] {processor.py:157} INFO - Started process (PID=107138) to work on /home/joha/anaconda3/lib/python3.10/site-packages/airflow/example_dags/example_dynamic_task_mapping_with_no_taskflow_operators.py
[2023-08-02T11:21:29.610-0500] {processor.py:826} INFO - Processing file /home/joha/anaconda3/lib/python3.10/site-packages/airflow/example_dags/example_dynamic_task_mapping_with_no_taskflow_operators.py for tasks to queue
[2023-08-02T11:21:29.614-0500] {logging_mixin.py:150} INFO - [2023-08-02T11:21:29.612-0500] {dagbag.py:541} INFO - Filling up the DagBag from /home/joha/anaconda3/lib/python3.10/site-packages/airflow/example_dags/example_dynamic_task_mapping_with_no_taskflow_operators.py
[2023-08-02T11:21:29.631-0500] {processor.py:836} INFO - DAG(s) dict_keys(['example_dynamic_task_mapping_with_no_taskflow_operators']) retrieved from /home/joha/anaconda3/lib/python3.10/site-packages/airflow/example_dags/example_dynamic_task_mapping_with_no_taskflow_operators.py
[2023-08-02T11:21:29.650-0500] {logging_mixin.py:150} INFO - [2023-08-02T11:21:29.649-0500] {dag.py:2742} INFO - Sync 1 DAGs
[2023-08-02T11:21:29.671-0500] {logging_mixin.py:150} INFO - [2023-08-02T11:21:29.671-0500] {dag.py:3504} INFO - Setting next_dagrun for example_dynamic_task_mapping_with_no_taskflow_operators to 2023-08-01T16:21:29.671076+00:00, run_after=2023-08-02T16:21:29.671076+00:00
[2023-08-02T11:21:29.692-0500] {processor.py:179} INFO - Processing /home/joha/anaconda3/lib/python3.10/site-packages/airflow/example_dags/example_dynamic_task_mapping_with_no_taskflow_operators.py took 0.093 seconds
[2023-08-02T11:22:28.923-0500] {processor.py:157} INFO - Started process (PID=107500) to work on /home/joha/anaconda3/lib/python3.10/site-packages/airflow/example_dags/example_dynamic_task_mapping_with_no_taskflow_operators.py
[2023-08-02T11:22:28.925-0500] {processor.py:826} INFO - Processing file /home/joha/anaconda3/lib/python3.10/site-packages/airflow/example_dags/example_dynamic_task_mapping_with_no_taskflow_operators.py for tasks to queue
[2023-08-02T11:22:28.926-0500] {logging_mixin.py:150} INFO - [2023-08-02T11:22:28.926-0500] {dagbag.py:541} INFO - Filling up the DagBag from /home/joha/anaconda3/lib/python3.10/site-packages/airflow/example_dags/example_dynamic_task_mapping_with_no_taskflow_operators.py
[2023-08-02T11:22:28.939-0500] {processor.py:836} INFO - DAG(s) dict_keys(['example_dynamic_task_mapping_with_no_taskflow_operators']) retrieved from /home/joha/anaconda3/lib/python3.10/site-packages/airflow/example_dags/example_dynamic_task_mapping_with_no_taskflow_operators.py
[2023-08-02T11:22:28.982-0500] {logging_mixin.py:150} INFO - [2023-08-02T11:22:28.979-0500] {dag.py:2742} INFO - Sync 1 DAGs
[2023-08-02T11:22:29.029-0500] {logging_mixin.py:150} INFO - [2023-08-02T11:22:29.029-0500] {dag.py:3504} INFO - Setting next_dagrun for example_dynamic_task_mapping_with_no_taskflow_operators to 2023-08-01T16:22:29.028662+00:00, run_after=2023-08-02T16:22:29.028662+00:00
[2023-08-02T11:22:29.083-0500] {processor.py:179} INFO - Processing /home/joha/anaconda3/lib/python3.10/site-packages/airflow/example_dags/example_dynamic_task_mapping_with_no_taskflow_operators.py took 0.164 seconds
[2023-08-02T11:23:51.599-0500] {processor.py:157} INFO - Started process (PID=108152) to work on /home/joha/anaconda3/lib/python3.10/site-packages/airflow/example_dags/example_dynamic_task_mapping_with_no_taskflow_operators.py
[2023-08-02T11:23:51.608-0500] {processor.py:826} INFO - Processing file /home/joha/anaconda3/lib/python3.10/site-packages/airflow/example_dags/example_dynamic_task_mapping_with_no_taskflow_operators.py for tasks to queue
[2023-08-02T11:23:51.610-0500] {logging_mixin.py:150} INFO - [2023-08-02T11:23:51.609-0500] {dagbag.py:541} INFO - Filling up the DagBag from /home/joha/anaconda3/lib/python3.10/site-packages/airflow/example_dags/example_dynamic_task_mapping_with_no_taskflow_operators.py
[2023-08-02T11:23:51.621-0500] {processor.py:836} INFO - DAG(s) dict_keys(['example_dynamic_task_mapping_with_no_taskflow_operators']) retrieved from /home/joha/anaconda3/lib/python3.10/site-packages/airflow/example_dags/example_dynamic_task_mapping_with_no_taskflow_operators.py
[2023-08-02T11:23:51.641-0500] {logging_mixin.py:150} INFO - [2023-08-02T11:23:51.640-0500] {dag.py:2742} INFO - Sync 1 DAGs
[2023-08-02T11:23:51.664-0500] {logging_mixin.py:150} INFO - [2023-08-02T11:23:51.663-0500] {dag.py:3504} INFO - Setting next_dagrun for example_dynamic_task_mapping_with_no_taskflow_operators to 2023-08-01T16:23:51.663494+00:00, run_after=2023-08-02T16:23:51.663494+00:00
[2023-08-02T11:23:51.691-0500] {processor.py:179} INFO - Processing /home/joha/anaconda3/lib/python3.10/site-packages/airflow/example_dags/example_dynamic_task_mapping_with_no_taskflow_operators.py took 0.099 seconds
[2023-08-02T11:25:23.589-0500] {processor.py:157} INFO - Started process (PID=108384) to work on /home/joha/anaconda3/lib/python3.10/site-packages/airflow/example_dags/example_dynamic_task_mapping_with_no_taskflow_operators.py
[2023-08-02T11:25:23.596-0500] {processor.py:826} INFO - Processing file /home/joha/anaconda3/lib/python3.10/site-packages/airflow/example_dags/example_dynamic_task_mapping_with_no_taskflow_operators.py for tasks to queue
[2023-08-02T11:25:23.597-0500] {logging_mixin.py:150} INFO - [2023-08-02T11:25:23.597-0500] {dagbag.py:541} INFO - Filling up the DagBag from /home/joha/anaconda3/lib/python3.10/site-packages/airflow/example_dags/example_dynamic_task_mapping_with_no_taskflow_operators.py
[2023-08-02T11:25:23.607-0500] {processor.py:836} INFO - DAG(s) dict_keys(['example_dynamic_task_mapping_with_no_taskflow_operators']) retrieved from /home/joha/anaconda3/lib/python3.10/site-packages/airflow/example_dags/example_dynamic_task_mapping_with_no_taskflow_operators.py
[2023-08-02T11:25:23.626-0500] {logging_mixin.py:150} INFO - [2023-08-02T11:25:23.625-0500] {dag.py:2742} INFO - Sync 1 DAGs
[2023-08-02T11:25:23.652-0500] {logging_mixin.py:150} INFO - [2023-08-02T11:25:23.652-0500] {dag.py:3504} INFO - Setting next_dagrun for example_dynamic_task_mapping_with_no_taskflow_operators to 2023-08-01T16:25:23.652198+00:00, run_after=2023-08-02T16:25:23.652198+00:00
[2023-08-02T11:25:23.677-0500] {processor.py:179} INFO - Processing /home/joha/anaconda3/lib/python3.10/site-packages/airflow/example_dags/example_dynamic_task_mapping_with_no_taskflow_operators.py took 0.091 seconds
[2023-08-02T11:26:24.558-0500] {processor.py:157} INFO - Started process (PID=108489) to work on /home/joha/anaconda3/lib/python3.10/site-packages/airflow/example_dags/example_dynamic_task_mapping_with_no_taskflow_operators.py
[2023-08-02T11:26:24.569-0500] {processor.py:826} INFO - Processing file /home/joha/anaconda3/lib/python3.10/site-packages/airflow/example_dags/example_dynamic_task_mapping_with_no_taskflow_operators.py for tasks to queue
[2023-08-02T11:26:24.572-0500] {logging_mixin.py:150} INFO - [2023-08-02T11:26:24.571-0500] {dagbag.py:541} INFO - Filling up the DagBag from /home/joha/anaconda3/lib/python3.10/site-packages/airflow/example_dags/example_dynamic_task_mapping_with_no_taskflow_operators.py
[2023-08-02T11:26:24.589-0500] {processor.py:836} INFO - DAG(s) dict_keys(['example_dynamic_task_mapping_with_no_taskflow_operators']) retrieved from /home/joha/anaconda3/lib/python3.10/site-packages/airflow/example_dags/example_dynamic_task_mapping_with_no_taskflow_operators.py
[2023-08-02T11:26:24.610-0500] {logging_mixin.py:150} INFO - [2023-08-02T11:26:24.609-0500] {dag.py:2742} INFO - Sync 1 DAGs
[2023-08-02T11:26:24.629-0500] {logging_mixin.py:150} INFO - [2023-08-02T11:26:24.629-0500] {dag.py:3504} INFO - Setting next_dagrun for example_dynamic_task_mapping_with_no_taskflow_operators to 2023-08-01T16:26:24.629100+00:00, run_after=2023-08-02T16:26:24.629100+00:00
[2023-08-02T11:26:24.652-0500] {processor.py:179} INFO - Processing /home/joha/anaconda3/lib/python3.10/site-packages/airflow/example_dags/example_dynamic_task_mapping_with_no_taskflow_operators.py took 0.097 seconds
