[2023-08-01T20:26:14.519-0500] {processor.py:157} INFO - Started process (PID=99595) to work on /home/joha/anaconda3/lib/python3.10/site-packages/airflow/example_dags/example_bash_operator.py
[2023-08-01T20:26:14.520-0500] {processor.py:826} INFO - Processing file /home/joha/anaconda3/lib/python3.10/site-packages/airflow/example_dags/example_bash_operator.py for tasks to queue
[2023-08-01T20:26:14.521-0500] {logging_mixin.py:150} INFO - [2023-08-01T20:26:14.521-0500] {dagbag.py:541} INFO - Filling up the DagBag from /home/joha/anaconda3/lib/python3.10/site-packages/airflow/example_dags/example_bash_operator.py
[2023-08-01T20:26:14.540-0500] {processor.py:836} INFO - DAG(s) dict_keys(['example_bash_operator']) retrieved from /home/joha/anaconda3/lib/python3.10/site-packages/airflow/example_dags/example_bash_operator.py
[2023-08-01T20:26:14.571-0500] {logging_mixin.py:150} INFO - [2023-08-01T20:26:14.571-0500] {dag.py:2742} INFO - Sync 1 DAGs
[2023-08-01T20:26:14.592-0500] {logging_mixin.py:150} INFO - [2023-08-01T20:26:14.592-0500] {dag.py:3504} INFO - Setting next_dagrun for example_bash_operator to 2023-08-01T00:00:00+00:00, run_after=2023-08-02T00:00:00+00:00
[2023-08-01T20:26:14.619-0500] {processor.py:179} INFO - Processing /home/joha/anaconda3/lib/python3.10/site-packages/airflow/example_dags/example_bash_operator.py took 0.104 seconds
[2023-08-02T11:09:01.024-0500] {processor.py:157} INFO - Started process (PID=105271) to work on /home/joha/anaconda3/lib/python3.10/site-packages/airflow/example_dags/example_bash_operator.py
[2023-08-02T11:09:01.033-0500] {processor.py:826} INFO - Processing file /home/joha/anaconda3/lib/python3.10/site-packages/airflow/example_dags/example_bash_operator.py for tasks to queue
[2023-08-02T11:09:01.037-0500] {logging_mixin.py:150} INFO - [2023-08-02T11:09:01.035-0500] {dagbag.py:541} INFO - Filling up the DagBag from /home/joha/anaconda3/lib/python3.10/site-packages/airflow/example_dags/example_bash_operator.py
[2023-08-02T11:09:01.063-0500] {processor.py:836} INFO - DAG(s) dict_keys(['example_bash_operator']) retrieved from /home/joha/anaconda3/lib/python3.10/site-packages/airflow/example_dags/example_bash_operator.py
[2023-08-02T11:09:01.103-0500] {logging_mixin.py:150} INFO - [2023-08-02T11:09:01.102-0500] {dag.py:2742} INFO - Sync 1 DAGs
[2023-08-02T11:09:01.128-0500] {logging_mixin.py:150} INFO - [2023-08-02T11:09:01.128-0500] {dag.py:3504} INFO - Setting next_dagrun for example_bash_operator to 2023-08-01T00:00:00+00:00, run_after=2023-08-02T00:00:00+00:00
[2023-08-02T11:09:01.152-0500] {processor.py:179} INFO - Processing /home/joha/anaconda3/lib/python3.10/site-packages/airflow/example_dags/example_bash_operator.py took 0.132 seconds
[2023-08-02T11:10:13.175-0500] {processor.py:157} INFO - Started process (PID=105492) to work on /home/joha/anaconda3/lib/python3.10/site-packages/airflow/example_dags/example_bash_operator.py
[2023-08-02T11:10:13.176-0500] {processor.py:826} INFO - Processing file /home/joha/anaconda3/lib/python3.10/site-packages/airflow/example_dags/example_bash_operator.py for tasks to queue
[2023-08-02T11:10:13.177-0500] {logging_mixin.py:150} INFO - [2023-08-02T11:10:13.177-0500] {dagbag.py:541} INFO - Filling up the DagBag from /home/joha/anaconda3/lib/python3.10/site-packages/airflow/example_dags/example_bash_operator.py
[2023-08-02T11:10:13.193-0500] {processor.py:836} INFO - DAG(s) dict_keys(['example_bash_operator']) retrieved from /home/joha/anaconda3/lib/python3.10/site-packages/airflow/example_dags/example_bash_operator.py
[2023-08-02T11:10:13.235-0500] {logging_mixin.py:150} INFO - [2023-08-02T11:10:13.234-0500] {dag.py:2742} INFO - Sync 1 DAGs
[2023-08-02T11:10:13.262-0500] {logging_mixin.py:150} INFO - [2023-08-02T11:10:13.262-0500] {dag.py:3504} INFO - Setting next_dagrun for example_bash_operator to 2023-08-01T00:00:00+00:00, run_after=2023-08-02T00:00:00+00:00
[2023-08-02T11:10:13.287-0500] {processor.py:179} INFO - Processing /home/joha/anaconda3/lib/python3.10/site-packages/airflow/example_dags/example_bash_operator.py took 0.115 seconds
[2023-08-02T11:11:23.656-0500] {processor.py:157} INFO - Started process (PID=105685) to work on /home/joha/anaconda3/lib/python3.10/site-packages/airflow/example_dags/example_bash_operator.py
[2023-08-02T11:11:23.665-0500] {processor.py:826} INFO - Processing file /home/joha/anaconda3/lib/python3.10/site-packages/airflow/example_dags/example_bash_operator.py for tasks to queue
[2023-08-02T11:11:23.666-0500] {logging_mixin.py:150} INFO - [2023-08-02T11:11:23.666-0500] {dagbag.py:541} INFO - Filling up the DagBag from /home/joha/anaconda3/lib/python3.10/site-packages/airflow/example_dags/example_bash_operator.py
[2023-08-02T11:11:23.687-0500] {processor.py:836} INFO - DAG(s) dict_keys(['example_bash_operator']) retrieved from /home/joha/anaconda3/lib/python3.10/site-packages/airflow/example_dags/example_bash_operator.py
[2023-08-02T11:11:23.718-0500] {logging_mixin.py:150} INFO - [2023-08-02T11:11:23.718-0500] {dag.py:2742} INFO - Sync 1 DAGs
[2023-08-02T11:11:23.739-0500] {logging_mixin.py:150} INFO - [2023-08-02T11:11:23.738-0500] {dag.py:3504} INFO - Setting next_dagrun for example_bash_operator to 2023-08-01T00:00:00+00:00, run_after=2023-08-02T00:00:00+00:00
[2023-08-02T11:11:23.760-0500] {processor.py:179} INFO - Processing /home/joha/anaconda3/lib/python3.10/site-packages/airflow/example_dags/example_bash_operator.py took 0.111 seconds
[2023-08-02T11:12:14.939-0500] {processor.py:157} INFO - Started process (PID=105828) to work on /home/joha/anaconda3/lib/python3.10/site-packages/airflow/example_dags/example_bash_operator.py
[2023-08-02T11:12:14.946-0500] {processor.py:826} INFO - Processing file /home/joha/anaconda3/lib/python3.10/site-packages/airflow/example_dags/example_bash_operator.py for tasks to queue
[2023-08-02T11:12:14.948-0500] {logging_mixin.py:150} INFO - [2023-08-02T11:12:14.947-0500] {dagbag.py:541} INFO - Filling up the DagBag from /home/joha/anaconda3/lib/python3.10/site-packages/airflow/example_dags/example_bash_operator.py
[2023-08-02T11:12:14.962-0500] {processor.py:836} INFO - DAG(s) dict_keys(['example_bash_operator']) retrieved from /home/joha/anaconda3/lib/python3.10/site-packages/airflow/example_dags/example_bash_operator.py
[2023-08-02T11:12:14.993-0500] {logging_mixin.py:150} INFO - [2023-08-02T11:12:14.993-0500] {dag.py:2742} INFO - Sync 1 DAGs
[2023-08-02T11:12:15.016-0500] {logging_mixin.py:150} INFO - [2023-08-02T11:12:15.016-0500] {dag.py:3504} INFO - Setting next_dagrun for example_bash_operator to 2023-08-01T00:00:00+00:00, run_after=2023-08-02T00:00:00+00:00
[2023-08-02T11:12:15.038-0500] {processor.py:179} INFO - Processing /home/joha/anaconda3/lib/python3.10/site-packages/airflow/example_dags/example_bash_operator.py took 0.104 seconds
[2023-08-02T11:13:18.784-0500] {processor.py:157} INFO - Started process (PID=105958) to work on /home/joha/anaconda3/lib/python3.10/site-packages/airflow/example_dags/example_bash_operator.py
[2023-08-02T11:13:18.791-0500] {processor.py:826} INFO - Processing file /home/joha/anaconda3/lib/python3.10/site-packages/airflow/example_dags/example_bash_operator.py for tasks to queue
[2023-08-02T11:13:18.792-0500] {logging_mixin.py:150} INFO - [2023-08-02T11:13:18.792-0500] {dagbag.py:541} INFO - Filling up the DagBag from /home/joha/anaconda3/lib/python3.10/site-packages/airflow/example_dags/example_bash_operator.py
[2023-08-02T11:13:18.810-0500] {processor.py:836} INFO - DAG(s) dict_keys(['example_bash_operator']) retrieved from /home/joha/anaconda3/lib/python3.10/site-packages/airflow/example_dags/example_bash_operator.py
[2023-08-02T11:13:18.849-0500] {logging_mixin.py:150} INFO - [2023-08-02T11:13:18.849-0500] {dag.py:2742} INFO - Sync 1 DAGs
[2023-08-02T11:13:18.878-0500] {logging_mixin.py:150} INFO - [2023-08-02T11:13:18.878-0500] {dag.py:3504} INFO - Setting next_dagrun for example_bash_operator to 2023-08-01T00:00:00+00:00, run_after=2023-08-02T00:00:00+00:00
[2023-08-02T11:13:18.902-0500] {processor.py:179} INFO - Processing /home/joha/anaconda3/lib/python3.10/site-packages/airflow/example_dags/example_bash_operator.py took 0.122 seconds
[2023-08-02T11:14:21.069-0500] {processor.py:157} INFO - Started process (PID=106046) to work on /home/joha/anaconda3/lib/python3.10/site-packages/airflow/example_dags/example_bash_operator.py
[2023-08-02T11:14:21.076-0500] {processor.py:826} INFO - Processing file /home/joha/anaconda3/lib/python3.10/site-packages/airflow/example_dags/example_bash_operator.py for tasks to queue
[2023-08-02T11:14:21.077-0500] {logging_mixin.py:150} INFO - [2023-08-02T11:14:21.077-0500] {dagbag.py:541} INFO - Filling up the DagBag from /home/joha/anaconda3/lib/python3.10/site-packages/airflow/example_dags/example_bash_operator.py
[2023-08-02T11:14:21.094-0500] {processor.py:836} INFO - DAG(s) dict_keys(['example_bash_operator']) retrieved from /home/joha/anaconda3/lib/python3.10/site-packages/airflow/example_dags/example_bash_operator.py
[2023-08-02T11:14:21.131-0500] {logging_mixin.py:150} INFO - [2023-08-02T11:14:21.131-0500] {dag.py:2742} INFO - Sync 1 DAGs
[2023-08-02T11:14:21.160-0500] {logging_mixin.py:150} INFO - [2023-08-02T11:14:21.159-0500] {dag.py:3504} INFO - Setting next_dagrun for example_bash_operator to 2023-08-01T00:00:00+00:00, run_after=2023-08-02T00:00:00+00:00
[2023-08-02T11:14:21.184-0500] {processor.py:179} INFO - Processing /home/joha/anaconda3/lib/python3.10/site-packages/airflow/example_dags/example_bash_operator.py took 0.119 seconds
[2023-08-02T11:15:31.404-0500] {processor.py:157} INFO - Started process (PID=106236) to work on /home/joha/anaconda3/lib/python3.10/site-packages/airflow/example_dags/example_bash_operator.py
[2023-08-02T11:15:31.412-0500] {processor.py:826} INFO - Processing file /home/joha/anaconda3/lib/python3.10/site-packages/airflow/example_dags/example_bash_operator.py for tasks to queue
[2023-08-02T11:15:31.413-0500] {logging_mixin.py:150} INFO - [2023-08-02T11:15:31.413-0500] {dagbag.py:541} INFO - Filling up the DagBag from /home/joha/anaconda3/lib/python3.10/site-packages/airflow/example_dags/example_bash_operator.py
[2023-08-02T11:15:31.429-0500] {processor.py:836} INFO - DAG(s) dict_keys(['example_bash_operator']) retrieved from /home/joha/anaconda3/lib/python3.10/site-packages/airflow/example_dags/example_bash_operator.py
[2023-08-02T11:15:31.465-0500] {logging_mixin.py:150} INFO - [2023-08-02T11:15:31.464-0500] {dag.py:2742} INFO - Sync 1 DAGs
[2023-08-02T11:15:31.488-0500] {logging_mixin.py:150} INFO - [2023-08-02T11:15:31.488-0500] {dag.py:3504} INFO - Setting next_dagrun for example_bash_operator to 2023-08-01T00:00:00+00:00, run_after=2023-08-02T00:00:00+00:00
[2023-08-02T11:15:31.512-0500] {processor.py:179} INFO - Processing /home/joha/anaconda3/lib/python3.10/site-packages/airflow/example_dags/example_bash_operator.py took 0.113 seconds
[2023-08-02T11:16:44.415-0500] {processor.py:157} INFO - Started process (PID=106423) to work on /home/joha/anaconda3/lib/python3.10/site-packages/airflow/example_dags/example_bash_operator.py
[2023-08-02T11:16:44.426-0500] {processor.py:826} INFO - Processing file /home/joha/anaconda3/lib/python3.10/site-packages/airflow/example_dags/example_bash_operator.py for tasks to queue
[2023-08-02T11:16:44.430-0500] {logging_mixin.py:150} INFO - [2023-08-02T11:16:44.429-0500] {dagbag.py:541} INFO - Filling up the DagBag from /home/joha/anaconda3/lib/python3.10/site-packages/airflow/example_dags/example_bash_operator.py
[2023-08-02T11:16:44.468-0500] {processor.py:836} INFO - DAG(s) dict_keys(['example_bash_operator']) retrieved from /home/joha/anaconda3/lib/python3.10/site-packages/airflow/example_dags/example_bash_operator.py
[2023-08-02T11:16:44.501-0500] {logging_mixin.py:150} INFO - [2023-08-02T11:16:44.500-0500] {dag.py:2742} INFO - Sync 1 DAGs
[2023-08-02T11:16:44.532-0500] {logging_mixin.py:150} INFO - [2023-08-02T11:16:44.532-0500] {dag.py:3504} INFO - Setting next_dagrun for example_bash_operator to 2023-08-01T00:00:00+00:00, run_after=2023-08-02T00:00:00+00:00
[2023-08-02T11:16:44.562-0500] {processor.py:179} INFO - Processing /home/joha/anaconda3/lib/python3.10/site-packages/airflow/example_dags/example_bash_operator.py took 0.161 seconds
[2023-08-02T11:17:49.391-0500] {processor.py:157} INFO - Started process (PID=106603) to work on /home/joha/anaconda3/lib/python3.10/site-packages/airflow/example_dags/example_bash_operator.py
[2023-08-02T11:17:49.399-0500] {processor.py:826} INFO - Processing file /home/joha/anaconda3/lib/python3.10/site-packages/airflow/example_dags/example_bash_operator.py for tasks to queue
[2023-08-02T11:17:49.401-0500] {logging_mixin.py:150} INFO - [2023-08-02T11:17:49.401-0500] {dagbag.py:541} INFO - Filling up the DagBag from /home/joha/anaconda3/lib/python3.10/site-packages/airflow/example_dags/example_bash_operator.py
[2023-08-02T11:17:49.434-0500] {processor.py:836} INFO - DAG(s) dict_keys(['example_bash_operator']) retrieved from /home/joha/anaconda3/lib/python3.10/site-packages/airflow/example_dags/example_bash_operator.py
[2023-08-02T11:17:49.467-0500] {logging_mixin.py:150} INFO - [2023-08-02T11:17:49.467-0500] {dag.py:2742} INFO - Sync 1 DAGs
[2023-08-02T11:17:49.488-0500] {logging_mixin.py:150} INFO - [2023-08-02T11:17:49.488-0500] {dag.py:3504} INFO - Setting next_dagrun for example_bash_operator to 2023-08-01T00:00:00+00:00, run_after=2023-08-02T00:00:00+00:00
[2023-08-02T11:17:49.509-0500] {processor.py:179} INFO - Processing /home/joha/anaconda3/lib/python3.10/site-packages/airflow/example_dags/example_bash_operator.py took 0.125 seconds
[2023-08-02T11:18:57.149-0500] {processor.py:157} INFO - Started process (PID=106796) to work on /home/joha/anaconda3/lib/python3.10/site-packages/airflow/example_dags/example_bash_operator.py
[2023-08-02T11:18:57.155-0500] {processor.py:826} INFO - Processing file /home/joha/anaconda3/lib/python3.10/site-packages/airflow/example_dags/example_bash_operator.py for tasks to queue
[2023-08-02T11:18:57.157-0500] {logging_mixin.py:150} INFO - [2023-08-02T11:18:57.156-0500] {dagbag.py:541} INFO - Filling up the DagBag from /home/joha/anaconda3/lib/python3.10/site-packages/airflow/example_dags/example_bash_operator.py
[2023-08-02T11:18:57.183-0500] {processor.py:836} INFO - DAG(s) dict_keys(['example_bash_operator']) retrieved from /home/joha/anaconda3/lib/python3.10/site-packages/airflow/example_dags/example_bash_operator.py
[2023-08-02T11:18:57.219-0500] {logging_mixin.py:150} INFO - [2023-08-02T11:18:57.219-0500] {dag.py:2742} INFO - Sync 1 DAGs
[2023-08-02T11:18:57.240-0500] {logging_mixin.py:150} INFO - [2023-08-02T11:18:57.240-0500] {dag.py:3504} INFO - Setting next_dagrun for example_bash_operator to 2023-08-01T00:00:00+00:00, run_after=2023-08-02T00:00:00+00:00
[2023-08-02T11:18:57.370-0500] {processor.py:179} INFO - Processing /home/joha/anaconda3/lib/python3.10/site-packages/airflow/example_dags/example_bash_operator.py took 0.228 seconds
[2023-08-02T11:20:10.223-0500] {processor.py:157} INFO - Started process (PID=106942) to work on /home/joha/anaconda3/lib/python3.10/site-packages/airflow/example_dags/example_bash_operator.py
[2023-08-02T11:20:10.231-0500] {processor.py:826} INFO - Processing file /home/joha/anaconda3/lib/python3.10/site-packages/airflow/example_dags/example_bash_operator.py for tasks to queue
[2023-08-02T11:20:10.232-0500] {logging_mixin.py:150} INFO - [2023-08-02T11:20:10.231-0500] {dagbag.py:541} INFO - Filling up the DagBag from /home/joha/anaconda3/lib/python3.10/site-packages/airflow/example_dags/example_bash_operator.py
[2023-08-02T11:20:10.251-0500] {processor.py:836} INFO - DAG(s) dict_keys(['example_bash_operator']) retrieved from /home/joha/anaconda3/lib/python3.10/site-packages/airflow/example_dags/example_bash_operator.py
[2023-08-02T11:20:10.304-0500] {logging_mixin.py:150} INFO - [2023-08-02T11:20:10.304-0500] {dag.py:2742} INFO - Sync 1 DAGs
[2023-08-02T11:20:10.332-0500] {logging_mixin.py:150} INFO - [2023-08-02T11:20:10.332-0500] {dag.py:3504} INFO - Setting next_dagrun for example_bash_operator to 2023-08-01T00:00:00+00:00, run_after=2023-08-02T00:00:00+00:00
[2023-08-02T11:20:10.358-0500] {processor.py:179} INFO - Processing /home/joha/anaconda3/lib/python3.10/site-packages/airflow/example_dags/example_bash_operator.py took 0.139 seconds
[2023-08-02T11:21:35.172-0500] {processor.py:157} INFO - Started process (PID=107165) to work on /home/joha/anaconda3/lib/python3.10/site-packages/airflow/example_dags/example_bash_operator.py
[2023-08-02T11:21:35.180-0500] {processor.py:826} INFO - Processing file /home/joha/anaconda3/lib/python3.10/site-packages/airflow/example_dags/example_bash_operator.py for tasks to queue
[2023-08-02T11:21:35.185-0500] {logging_mixin.py:150} INFO - [2023-08-02T11:21:35.183-0500] {dagbag.py:541} INFO - Filling up the DagBag from /home/joha/anaconda3/lib/python3.10/site-packages/airflow/example_dags/example_bash_operator.py
[2023-08-02T11:21:35.237-0500] {processor.py:836} INFO - DAG(s) dict_keys(['example_bash_operator']) retrieved from /home/joha/anaconda3/lib/python3.10/site-packages/airflow/example_dags/example_bash_operator.py
[2023-08-02T11:21:35.276-0500] {logging_mixin.py:150} INFO - [2023-08-02T11:21:35.276-0500] {dag.py:2742} INFO - Sync 1 DAGs
[2023-08-02T11:21:35.302-0500] {logging_mixin.py:150} INFO - [2023-08-02T11:21:35.302-0500] {dag.py:3504} INFO - Setting next_dagrun for example_bash_operator to 2023-08-01T00:00:00+00:00, run_after=2023-08-02T00:00:00+00:00
[2023-08-02T11:21:35.329-0500] {processor.py:179} INFO - Processing /home/joha/anaconda3/lib/python3.10/site-packages/airflow/example_dags/example_bash_operator.py took 0.160 seconds
[2023-08-02T11:22:38.116-0500] {processor.py:157} INFO - Started process (PID=107534) to work on /home/joha/anaconda3/lib/python3.10/site-packages/airflow/example_dags/example_bash_operator.py
[2023-08-02T11:22:38.123-0500] {processor.py:826} INFO - Processing file /home/joha/anaconda3/lib/python3.10/site-packages/airflow/example_dags/example_bash_operator.py for tasks to queue
[2023-08-02T11:22:38.124-0500] {logging_mixin.py:150} INFO - [2023-08-02T11:22:38.124-0500] {dagbag.py:541} INFO - Filling up the DagBag from /home/joha/anaconda3/lib/python3.10/site-packages/airflow/example_dags/example_bash_operator.py
[2023-08-02T11:22:38.146-0500] {processor.py:836} INFO - DAG(s) dict_keys(['example_bash_operator']) retrieved from /home/joha/anaconda3/lib/python3.10/site-packages/airflow/example_dags/example_bash_operator.py
[2023-08-02T11:22:38.215-0500] {logging_mixin.py:150} INFO - [2023-08-02T11:22:38.214-0500] {dag.py:2742} INFO - Sync 1 DAGs
[2023-08-02T11:22:38.420-0500] {logging_mixin.py:150} INFO - [2023-08-02T11:22:38.420-0500] {dag.py:3504} INFO - Setting next_dagrun for example_bash_operator to 2023-08-01T00:00:00+00:00, run_after=2023-08-02T00:00:00+00:00
[2023-08-02T11:22:38.454-0500] {processor.py:179} INFO - Processing /home/joha/anaconda3/lib/python3.10/site-packages/airflow/example_dags/example_bash_operator.py took 0.343 seconds
[2023-08-02T11:23:56.618-0500] {processor.py:157} INFO - Started process (PID=108181) to work on /home/joha/anaconda3/lib/python3.10/site-packages/airflow/example_dags/example_bash_operator.py
[2023-08-02T11:23:56.626-0500] {processor.py:826} INFO - Processing file /home/joha/anaconda3/lib/python3.10/site-packages/airflow/example_dags/example_bash_operator.py for tasks to queue
[2023-08-02T11:23:56.627-0500] {logging_mixin.py:150} INFO - [2023-08-02T11:23:56.627-0500] {dagbag.py:541} INFO - Filling up the DagBag from /home/joha/anaconda3/lib/python3.10/site-packages/airflow/example_dags/example_bash_operator.py
[2023-08-02T11:23:56.654-0500] {processor.py:836} INFO - DAG(s) dict_keys(['example_bash_operator']) retrieved from /home/joha/anaconda3/lib/python3.10/site-packages/airflow/example_dags/example_bash_operator.py
[2023-08-02T11:23:56.716-0500] {logging_mixin.py:150} INFO - [2023-08-02T11:23:56.714-0500] {dag.py:2742} INFO - Sync 1 DAGs
[2023-08-02T11:23:56.752-0500] {logging_mixin.py:150} INFO - [2023-08-02T11:23:56.752-0500] {dag.py:3504} INFO - Setting next_dagrun for example_bash_operator to 2023-08-01T00:00:00+00:00, run_after=2023-08-02T00:00:00+00:00
[2023-08-02T11:23:56.792-0500] {processor.py:179} INFO - Processing /home/joha/anaconda3/lib/python3.10/site-packages/airflow/example_dags/example_bash_operator.py took 0.180 seconds
[2023-08-02T11:25:28.821-0500] {processor.py:157} INFO - Started process (PID=108391) to work on /home/joha/anaconda3/lib/python3.10/site-packages/airflow/example_dags/example_bash_operator.py
[2023-08-02T11:25:28.833-0500] {processor.py:826} INFO - Processing file /home/joha/anaconda3/lib/python3.10/site-packages/airflow/example_dags/example_bash_operator.py for tasks to queue
[2023-08-02T11:25:28.835-0500] {logging_mixin.py:150} INFO - [2023-08-02T11:25:28.835-0500] {dagbag.py:541} INFO - Filling up the DagBag from /home/joha/anaconda3/lib/python3.10/site-packages/airflow/example_dags/example_bash_operator.py
[2023-08-02T11:25:28.854-0500] {processor.py:836} INFO - DAG(s) dict_keys(['example_bash_operator']) retrieved from /home/joha/anaconda3/lib/python3.10/site-packages/airflow/example_dags/example_bash_operator.py
[2023-08-02T11:25:28.897-0500] {logging_mixin.py:150} INFO - [2023-08-02T11:25:28.897-0500] {dag.py:2742} INFO - Sync 1 DAGs
[2023-08-02T11:25:28.927-0500] {logging_mixin.py:150} INFO - [2023-08-02T11:25:28.926-0500] {dag.py:3504} INFO - Setting next_dagrun for example_bash_operator to 2023-08-01T00:00:00+00:00, run_after=2023-08-02T00:00:00+00:00
[2023-08-02T11:25:28.953-0500] {processor.py:179} INFO - Processing /home/joha/anaconda3/lib/python3.10/site-packages/airflow/example_dags/example_bash_operator.py took 0.137 seconds
[2023-08-02T11:26:41.518-0500] {processor.py:157} INFO - Started process (PID=108537) to work on /home/joha/anaconda3/lib/python3.10/site-packages/airflow/example_dags/example_bash_operator.py
[2023-08-02T11:26:41.524-0500] {processor.py:826} INFO - Processing file /home/joha/anaconda3/lib/python3.10/site-packages/airflow/example_dags/example_bash_operator.py for tasks to queue
[2023-08-02T11:26:41.526-0500] {logging_mixin.py:150} INFO - [2023-08-02T11:26:41.525-0500] {dagbag.py:541} INFO - Filling up the DagBag from /home/joha/anaconda3/lib/python3.10/site-packages/airflow/example_dags/example_bash_operator.py
[2023-08-02T11:26:41.545-0500] {processor.py:836} INFO - DAG(s) dict_keys(['example_bash_operator']) retrieved from /home/joha/anaconda3/lib/python3.10/site-packages/airflow/example_dags/example_bash_operator.py
[2023-08-02T11:26:41.582-0500] {logging_mixin.py:150} INFO - [2023-08-02T11:26:41.582-0500] {dag.py:2742} INFO - Sync 1 DAGs
[2023-08-02T11:26:41.609-0500] {logging_mixin.py:150} INFO - [2023-08-02T11:26:41.609-0500] {dag.py:3504} INFO - Setting next_dagrun for example_bash_operator to 2023-08-01T00:00:00+00:00, run_after=2023-08-02T00:00:00+00:00
[2023-08-02T11:26:41.770-0500] {processor.py:179} INFO - Processing /home/joha/anaconda3/lib/python3.10/site-packages/airflow/example_dags/example_bash_operator.py took 0.255 seconds
