[2023-08-01T20:26:11.844-0500] {processor.py:157} INFO - Started process (PID=99592) to work on /home/joha/anaconda3/lib/python3.10/site-packages/airflow/example_dags/example_branch_python_dop_operator_3.py
[2023-08-01T20:26:11.845-0500] {processor.py:826} INFO - Processing file /home/joha/anaconda3/lib/python3.10/site-packages/airflow/example_dags/example_branch_python_dop_operator_3.py for tasks to queue
[2023-08-01T20:26:11.847-0500] {logging_mixin.py:150} INFO - [2023-08-01T20:26:11.846-0500] {dagbag.py:541} INFO - Filling up the DagBag from /home/joha/anaconda3/lib/python3.10/site-packages/airflow/example_dags/example_branch_python_dop_operator_3.py
[2023-08-01T20:26:11.860-0500] {processor.py:836} INFO - DAG(s) dict_keys(['example_branch_dop_operator_v3']) retrieved from /home/joha/anaconda3/lib/python3.10/site-packages/airflow/example_dags/example_branch_python_dop_operator_3.py
[2023-08-01T20:26:11.879-0500] {logging_mixin.py:150} INFO - [2023-08-01T20:26:11.879-0500] {dag.py:2742} INFO - Sync 1 DAGs
[2023-08-01T20:26:11.903-0500] {logging_mixin.py:150} INFO - [2023-08-01T20:26:11.903-0500] {dag.py:3504} INFO - Setting next_dagrun for example_branch_dop_operator_v3 to 2023-08-02T01:25:00+00:00, run_after=2023-08-02T01:26:00+00:00
[2023-08-01T20:26:11.929-0500] {processor.py:179} INFO - Processing /home/joha/anaconda3/lib/python3.10/site-packages/airflow/example_dags/example_branch_python_dop_operator_3.py took 0.090 seconds
[2023-08-02T11:08:46.000-0500] {processor.py:157} INFO - Started process (PID=105245) to work on /home/joha/anaconda3/lib/python3.10/site-packages/airflow/example_dags/example_branch_python_dop_operator_3.py
[2023-08-02T11:08:46.002-0500] {processor.py:826} INFO - Processing file /home/joha/anaconda3/lib/python3.10/site-packages/airflow/example_dags/example_branch_python_dop_operator_3.py for tasks to queue
[2023-08-02T11:08:46.004-0500] {logging_mixin.py:150} INFO - [2023-08-02T11:08:46.003-0500] {dagbag.py:541} INFO - Filling up the DagBag from /home/joha/anaconda3/lib/python3.10/site-packages/airflow/example_dags/example_branch_python_dop_operator_3.py
[2023-08-02T11:08:46.014-0500] {processor.py:836} INFO - DAG(s) dict_keys(['example_branch_dop_operator_v3']) retrieved from /home/joha/anaconda3/lib/python3.10/site-packages/airflow/example_dags/example_branch_python_dop_operator_3.py
[2023-08-02T11:08:46.037-0500] {logging_mixin.py:150} INFO - [2023-08-02T11:08:46.037-0500] {dag.py:2742} INFO - Sync 1 DAGs
[2023-08-02T11:08:46.061-0500] {logging_mixin.py:150} INFO - [2023-08-02T11:08:46.061-0500] {dag.py:3504} INFO - Setting next_dagrun for example_branch_dop_operator_v3 to 2023-08-02T16:07:00+00:00, run_after=2023-08-02T16:08:00+00:00
[2023-08-02T11:08:46.082-0500] {processor.py:179} INFO - Processing /home/joha/anaconda3/lib/python3.10/site-packages/airflow/example_dags/example_branch_python_dop_operator_3.py took 0.086 seconds
[2023-08-02T11:09:40.921-0500] {processor.py:157} INFO - Started process (PID=105355) to work on /home/joha/anaconda3/lib/python3.10/site-packages/airflow/example_dags/example_branch_python_dop_operator_3.py
[2023-08-02T11:09:40.934-0500] {processor.py:826} INFO - Processing file /home/joha/anaconda3/lib/python3.10/site-packages/airflow/example_dags/example_branch_python_dop_operator_3.py for tasks to queue
[2023-08-02T11:09:40.938-0500] {logging_mixin.py:150} INFO - [2023-08-02T11:09:40.937-0500] {dagbag.py:541} INFO - Filling up the DagBag from /home/joha/anaconda3/lib/python3.10/site-packages/airflow/example_dags/example_branch_python_dop_operator_3.py
[2023-08-02T11:09:40.956-0500] {processor.py:836} INFO - DAG(s) dict_keys(['example_branch_dop_operator_v3']) retrieved from /home/joha/anaconda3/lib/python3.10/site-packages/airflow/example_dags/example_branch_python_dop_operator_3.py
[2023-08-02T11:09:40.978-0500] {logging_mixin.py:150} INFO - [2023-08-02T11:09:40.978-0500] {dag.py:2742} INFO - Sync 1 DAGs
[2023-08-02T11:09:41.005-0500] {logging_mixin.py:150} INFO - [2023-08-02T11:09:41.005-0500] {dag.py:3504} INFO - Setting next_dagrun for example_branch_dop_operator_v3 to 2023-08-02T16:08:00+00:00, run_after=2023-08-02T16:09:00+00:00
[2023-08-02T11:09:41.030-0500] {processor.py:179} INFO - Processing /home/joha/anaconda3/lib/python3.10/site-packages/airflow/example_dags/example_branch_python_dop_operator_3.py took 0.121 seconds
[2023-08-02T11:10:33.232-0500] {processor.py:157} INFO - Started process (PID=105552) to work on /home/joha/anaconda3/lib/python3.10/site-packages/airflow/example_dags/example_branch_python_dop_operator_3.py
[2023-08-02T11:10:33.234-0500] {processor.py:826} INFO - Processing file /home/joha/anaconda3/lib/python3.10/site-packages/airflow/example_dags/example_branch_python_dop_operator_3.py for tasks to queue
[2023-08-02T11:10:33.235-0500] {logging_mixin.py:150} INFO - [2023-08-02T11:10:33.235-0500] {dagbag.py:541} INFO - Filling up the DagBag from /home/joha/anaconda3/lib/python3.10/site-packages/airflow/example_dags/example_branch_python_dop_operator_3.py
[2023-08-02T11:10:33.245-0500] {processor.py:836} INFO - DAG(s) dict_keys(['example_branch_dop_operator_v3']) retrieved from /home/joha/anaconda3/lib/python3.10/site-packages/airflow/example_dags/example_branch_python_dop_operator_3.py
[2023-08-02T11:10:33.268-0500] {logging_mixin.py:150} INFO - [2023-08-02T11:10:33.268-0500] {dag.py:2742} INFO - Sync 1 DAGs
[2023-08-02T11:10:33.294-0500] {logging_mixin.py:150} INFO - [2023-08-02T11:10:33.294-0500] {dag.py:3504} INFO - Setting next_dagrun for example_branch_dop_operator_v3 to 2023-08-02T16:09:00+00:00, run_after=2023-08-02T16:10:00+00:00
[2023-08-02T11:10:33.321-0500] {processor.py:179} INFO - Processing /home/joha/anaconda3/lib/python3.10/site-packages/airflow/example_dags/example_branch_python_dop_operator_3.py took 0.093 seconds
[2023-08-02T11:11:21.081-0500] {processor.py:157} INFO - Started process (PID=105677) to work on /home/joha/anaconda3/lib/python3.10/site-packages/airflow/example_dags/example_branch_python_dop_operator_3.py
[2023-08-02T11:11:21.090-0500] {processor.py:826} INFO - Processing file /home/joha/anaconda3/lib/python3.10/site-packages/airflow/example_dags/example_branch_python_dop_operator_3.py for tasks to queue
[2023-08-02T11:11:21.091-0500] {logging_mixin.py:150} INFO - [2023-08-02T11:11:21.091-0500] {dagbag.py:541} INFO - Filling up the DagBag from /home/joha/anaconda3/lib/python3.10/site-packages/airflow/example_dags/example_branch_python_dop_operator_3.py
[2023-08-02T11:11:21.105-0500] {processor.py:836} INFO - DAG(s) dict_keys(['example_branch_dop_operator_v3']) retrieved from /home/joha/anaconda3/lib/python3.10/site-packages/airflow/example_dags/example_branch_python_dop_operator_3.py
[2023-08-02T11:11:21.129-0500] {logging_mixin.py:150} INFO - [2023-08-02T11:11:21.129-0500] {dag.py:2742} INFO - Sync 1 DAGs
[2023-08-02T11:11:21.157-0500] {logging_mixin.py:150} INFO - [2023-08-02T11:11:21.157-0500] {dag.py:3504} INFO - Setting next_dagrun for example_branch_dop_operator_v3 to 2023-08-02T16:10:00+00:00, run_after=2023-08-02T16:11:00+00:00
[2023-08-02T11:11:21.178-0500] {processor.py:179} INFO - Processing /home/joha/anaconda3/lib/python3.10/site-packages/airflow/example_dags/example_branch_python_dop_operator_3.py took 0.107 seconds
[2023-08-02T11:12:09.658-0500] {processor.py:157} INFO - Started process (PID=105816) to work on /home/joha/anaconda3/lib/python3.10/site-packages/airflow/example_dags/example_branch_python_dop_operator_3.py
[2023-08-02T11:12:09.673-0500] {processor.py:826} INFO - Processing file /home/joha/anaconda3/lib/python3.10/site-packages/airflow/example_dags/example_branch_python_dop_operator_3.py for tasks to queue
[2023-08-02T11:12:09.675-0500] {logging_mixin.py:150} INFO - [2023-08-02T11:12:09.675-0500] {dagbag.py:541} INFO - Filling up the DagBag from /home/joha/anaconda3/lib/python3.10/site-packages/airflow/example_dags/example_branch_python_dop_operator_3.py
[2023-08-02T11:12:09.688-0500] {processor.py:836} INFO - DAG(s) dict_keys(['example_branch_dop_operator_v3']) retrieved from /home/joha/anaconda3/lib/python3.10/site-packages/airflow/example_dags/example_branch_python_dop_operator_3.py
[2023-08-02T11:12:09.710-0500] {logging_mixin.py:150} INFO - [2023-08-02T11:12:09.709-0500] {dag.py:2742} INFO - Sync 1 DAGs
[2023-08-02T11:12:09.736-0500] {logging_mixin.py:150} INFO - [2023-08-02T11:12:09.736-0500] {dag.py:3504} INFO - Setting next_dagrun for example_branch_dop_operator_v3 to 2023-08-02T16:11:00+00:00, run_after=2023-08-02T16:12:00+00:00
[2023-08-02T11:12:09.757-0500] {processor.py:179} INFO - Processing /home/joha/anaconda3/lib/python3.10/site-packages/airflow/example_dags/example_branch_python_dop_operator_3.py took 0.106 seconds
[2023-08-02T11:13:12.379-0500] {processor.py:157} INFO - Started process (PID=105945) to work on /home/joha/anaconda3/lib/python3.10/site-packages/airflow/example_dags/example_branch_python_dop_operator_3.py
[2023-08-02T11:13:12.389-0500] {processor.py:826} INFO - Processing file /home/joha/anaconda3/lib/python3.10/site-packages/airflow/example_dags/example_branch_python_dop_operator_3.py for tasks to queue
[2023-08-02T11:13:12.392-0500] {logging_mixin.py:150} INFO - [2023-08-02T11:13:12.391-0500] {dagbag.py:541} INFO - Filling up the DagBag from /home/joha/anaconda3/lib/python3.10/site-packages/airflow/example_dags/example_branch_python_dop_operator_3.py
[2023-08-02T11:13:12.407-0500] {processor.py:836} INFO - DAG(s) dict_keys(['example_branch_dop_operator_v3']) retrieved from /home/joha/anaconda3/lib/python3.10/site-packages/airflow/example_dags/example_branch_python_dop_operator_3.py
[2023-08-02T11:13:12.428-0500] {logging_mixin.py:150} INFO - [2023-08-02T11:13:12.428-0500] {dag.py:2742} INFO - Sync 1 DAGs
[2023-08-02T11:13:12.457-0500] {logging_mixin.py:150} INFO - [2023-08-02T11:13:12.457-0500] {dag.py:3504} INFO - Setting next_dagrun for example_branch_dop_operator_v3 to 2023-08-02T16:12:00+00:00, run_after=2023-08-02T16:13:00+00:00
[2023-08-02T11:13:12.480-0500] {processor.py:179} INFO - Processing /home/joha/anaconda3/lib/python3.10/site-packages/airflow/example_dags/example_branch_python_dop_operator_3.py took 0.106 seconds
[2023-08-02T11:14:13.409-0500] {processor.py:157} INFO - Started process (PID=106039) to work on /home/joha/anaconda3/lib/python3.10/site-packages/airflow/example_dags/example_branch_python_dop_operator_3.py
[2023-08-02T11:14:13.416-0500] {processor.py:826} INFO - Processing file /home/joha/anaconda3/lib/python3.10/site-packages/airflow/example_dags/example_branch_python_dop_operator_3.py for tasks to queue
[2023-08-02T11:14:13.417-0500] {logging_mixin.py:150} INFO - [2023-08-02T11:14:13.417-0500] {dagbag.py:541} INFO - Filling up the DagBag from /home/joha/anaconda3/lib/python3.10/site-packages/airflow/example_dags/example_branch_python_dop_operator_3.py
[2023-08-02T11:14:13.427-0500] {processor.py:836} INFO - DAG(s) dict_keys(['example_branch_dop_operator_v3']) retrieved from /home/joha/anaconda3/lib/python3.10/site-packages/airflow/example_dags/example_branch_python_dop_operator_3.py
[2023-08-02T11:14:13.450-0500] {logging_mixin.py:150} INFO - [2023-08-02T11:14:13.450-0500] {dag.py:2742} INFO - Sync 1 DAGs
[2023-08-02T11:14:13.485-0500] {logging_mixin.py:150} INFO - [2023-08-02T11:14:13.485-0500] {dag.py:3504} INFO - Setting next_dagrun for example_branch_dop_operator_v3 to 2023-08-02T16:13:00+00:00, run_after=2023-08-02T16:14:00+00:00
[2023-08-02T11:14:13.511-0500] {processor.py:179} INFO - Processing /home/joha/anaconda3/lib/python3.10/site-packages/airflow/example_dags/example_branch_python_dop_operator_3.py took 0.107 seconds
[2023-08-02T11:15:01.142-0500] {processor.py:157} INFO - Started process (PID=106149) to work on /home/joha/anaconda3/lib/python3.10/site-packages/airflow/example_dags/example_branch_python_dop_operator_3.py
[2023-08-02T11:15:01.152-0500] {processor.py:826} INFO - Processing file /home/joha/anaconda3/lib/python3.10/site-packages/airflow/example_dags/example_branch_python_dop_operator_3.py for tasks to queue
[2023-08-02T11:15:01.155-0500] {logging_mixin.py:150} INFO - [2023-08-02T11:15:01.153-0500] {dagbag.py:541} INFO - Filling up the DagBag from /home/joha/anaconda3/lib/python3.10/site-packages/airflow/example_dags/example_branch_python_dop_operator_3.py
[2023-08-02T11:15:01.187-0500] {processor.py:836} INFO - DAG(s) dict_keys(['example_branch_dop_operator_v3']) retrieved from /home/joha/anaconda3/lib/python3.10/site-packages/airflow/example_dags/example_branch_python_dop_operator_3.py
[2023-08-02T11:15:01.225-0500] {logging_mixin.py:150} INFO - [2023-08-02T11:15:01.225-0500] {dag.py:2742} INFO - Sync 1 DAGs
[2023-08-02T11:15:01.249-0500] {logging_mixin.py:150} INFO - [2023-08-02T11:15:01.248-0500] {dag.py:3504} INFO - Setting next_dagrun for example_branch_dop_operator_v3 to 2023-08-02T16:14:00+00:00, run_after=2023-08-02T16:15:00+00:00
[2023-08-02T11:15:01.283-0500] {processor.py:179} INFO - Processing /home/joha/anaconda3/lib/python3.10/site-packages/airflow/example_dags/example_branch_python_dop_operator_3.py took 0.152 seconds
[2023-08-02T11:15:53.079-0500] {processor.py:157} INFO - Started process (PID=106296) to work on /home/joha/anaconda3/lib/python3.10/site-packages/airflow/example_dags/example_branch_python_dop_operator_3.py
[2023-08-02T11:15:53.087-0500] {processor.py:826} INFO - Processing file /home/joha/anaconda3/lib/python3.10/site-packages/airflow/example_dags/example_branch_python_dop_operator_3.py for tasks to queue
[2023-08-02T11:15:53.088-0500] {logging_mixin.py:150} INFO - [2023-08-02T11:15:53.088-0500] {dagbag.py:541} INFO - Filling up the DagBag from /home/joha/anaconda3/lib/python3.10/site-packages/airflow/example_dags/example_branch_python_dop_operator_3.py
[2023-08-02T11:15:53.099-0500] {processor.py:836} INFO - DAG(s) dict_keys(['example_branch_dop_operator_v3']) retrieved from /home/joha/anaconda3/lib/python3.10/site-packages/airflow/example_dags/example_branch_python_dop_operator_3.py
[2023-08-02T11:15:53.118-0500] {logging_mixin.py:150} INFO - [2023-08-02T11:15:53.118-0500] {dag.py:2742} INFO - Sync 1 DAGs
[2023-08-02T11:15:53.143-0500] {logging_mixin.py:150} INFO - [2023-08-02T11:15:53.142-0500] {dag.py:3504} INFO - Setting next_dagrun for example_branch_dop_operator_v3 to 2023-08-02T16:14:00+00:00, run_after=2023-08-02T16:15:00+00:00
[2023-08-02T11:15:53.163-0500] {processor.py:179} INFO - Processing /home/joha/anaconda3/lib/python3.10/site-packages/airflow/example_dags/example_branch_python_dop_operator_3.py took 0.088 seconds
[2023-08-02T11:17:01.749-0500] {processor.py:157} INFO - Started process (PID=106477) to work on /home/joha/anaconda3/lib/python3.10/site-packages/airflow/example_dags/example_branch_python_dop_operator_3.py
[2023-08-02T11:17:01.758-0500] {processor.py:826} INFO - Processing file /home/joha/anaconda3/lib/python3.10/site-packages/airflow/example_dags/example_branch_python_dop_operator_3.py for tasks to queue
[2023-08-02T11:17:01.762-0500] {logging_mixin.py:150} INFO - [2023-08-02T11:17:01.760-0500] {dagbag.py:541} INFO - Filling up the DagBag from /home/joha/anaconda3/lib/python3.10/site-packages/airflow/example_dags/example_branch_python_dop_operator_3.py
[2023-08-02T11:17:01.781-0500] {processor.py:836} INFO - DAG(s) dict_keys(['example_branch_dop_operator_v3']) retrieved from /home/joha/anaconda3/lib/python3.10/site-packages/airflow/example_dags/example_branch_python_dop_operator_3.py
[2023-08-02T11:17:01.802-0500] {logging_mixin.py:150} INFO - [2023-08-02T11:17:01.801-0500] {dag.py:2742} INFO - Sync 1 DAGs
[2023-08-02T11:17:01.825-0500] {logging_mixin.py:150} INFO - [2023-08-02T11:17:01.825-0500] {dag.py:3504} INFO - Setting next_dagrun for example_branch_dop_operator_v3 to 2023-08-02T16:16:00+00:00, run_after=2023-08-02T16:17:00+00:00
[2023-08-02T11:17:01.846-0500] {processor.py:179} INFO - Processing /home/joha/anaconda3/lib/python3.10/site-packages/airflow/example_dags/example_branch_python_dop_operator_3.py took 0.103 seconds
[2023-08-02T11:18:07.782-0500] {processor.py:157} INFO - Started process (PID=106677) to work on /home/joha/anaconda3/lib/python3.10/site-packages/airflow/example_dags/example_branch_python_dop_operator_3.py
[2023-08-02T11:18:07.790-0500] {processor.py:826} INFO - Processing file /home/joha/anaconda3/lib/python3.10/site-packages/airflow/example_dags/example_branch_python_dop_operator_3.py for tasks to queue
[2023-08-02T11:18:07.791-0500] {logging_mixin.py:150} INFO - [2023-08-02T11:18:07.790-0500] {dagbag.py:541} INFO - Filling up the DagBag from /home/joha/anaconda3/lib/python3.10/site-packages/airflow/example_dags/example_branch_python_dop_operator_3.py
[2023-08-02T11:18:07.800-0500] {processor.py:836} INFO - DAG(s) dict_keys(['example_branch_dop_operator_v3']) retrieved from /home/joha/anaconda3/lib/python3.10/site-packages/airflow/example_dags/example_branch_python_dop_operator_3.py
[2023-08-02T11:18:07.819-0500] {logging_mixin.py:150} INFO - [2023-08-02T11:18:07.819-0500] {dag.py:2742} INFO - Sync 1 DAGs
[2023-08-02T11:18:07.843-0500] {logging_mixin.py:150} INFO - [2023-08-02T11:18:07.843-0500] {dag.py:3504} INFO - Setting next_dagrun for example_branch_dop_operator_v3 to 2023-08-02T16:17:00+00:00, run_after=2023-08-02T16:18:00+00:00
[2023-08-02T11:18:07.864-0500] {processor.py:179} INFO - Processing /home/joha/anaconda3/lib/python3.10/site-packages/airflow/example_dags/example_branch_python_dop_operator_3.py took 0.087 seconds
[2023-08-02T11:19:15.054-0500] {processor.py:157} INFO - Started process (PID=106836) to work on /home/joha/anaconda3/lib/python3.10/site-packages/airflow/example_dags/example_branch_python_dop_operator_3.py
[2023-08-02T11:19:15.064-0500] {processor.py:826} INFO - Processing file /home/joha/anaconda3/lib/python3.10/site-packages/airflow/example_dags/example_branch_python_dop_operator_3.py for tasks to queue
[2023-08-02T11:19:15.067-0500] {logging_mixin.py:150} INFO - [2023-08-02T11:19:15.065-0500] {dagbag.py:541} INFO - Filling up the DagBag from /home/joha/anaconda3/lib/python3.10/site-packages/airflow/example_dags/example_branch_python_dop_operator_3.py
[2023-08-02T11:19:15.104-0500] {processor.py:836} INFO - DAG(s) dict_keys(['example_branch_dop_operator_v3']) retrieved from /home/joha/anaconda3/lib/python3.10/site-packages/airflow/example_dags/example_branch_python_dop_operator_3.py
[2023-08-02T11:19:15.146-0500] {logging_mixin.py:150} INFO - [2023-08-02T11:19:15.145-0500] {dag.py:2742} INFO - Sync 1 DAGs
[2023-08-02T11:19:15.169-0500] {logging_mixin.py:150} INFO - [2023-08-02T11:19:15.169-0500] {dag.py:3504} INFO - Setting next_dagrun for example_branch_dop_operator_v3 to 2023-08-02T16:18:00+00:00, run_after=2023-08-02T16:19:00+00:00
[2023-08-02T11:19:15.295-0500] {processor.py:179} INFO - Processing /home/joha/anaconda3/lib/python3.10/site-packages/airflow/example_dags/example_branch_python_dop_operator_3.py took 0.252 seconds
[2023-08-02T11:20:04.496-0500] {processor.py:157} INFO - Started process (PID=106930) to work on /home/joha/anaconda3/lib/python3.10/site-packages/airflow/example_dags/example_branch_python_dop_operator_3.py
[2023-08-02T11:20:04.504-0500] {processor.py:826} INFO - Processing file /home/joha/anaconda3/lib/python3.10/site-packages/airflow/example_dags/example_branch_python_dop_operator_3.py for tasks to queue
[2023-08-02T11:20:04.506-0500] {logging_mixin.py:150} INFO - [2023-08-02T11:20:04.505-0500] {dagbag.py:541} INFO - Filling up the DagBag from /home/joha/anaconda3/lib/python3.10/site-packages/airflow/example_dags/example_branch_python_dop_operator_3.py
[2023-08-02T11:20:04.517-0500] {processor.py:836} INFO - DAG(s) dict_keys(['example_branch_dop_operator_v3']) retrieved from /home/joha/anaconda3/lib/python3.10/site-packages/airflow/example_dags/example_branch_python_dop_operator_3.py
[2023-08-02T11:20:04.543-0500] {logging_mixin.py:150} INFO - [2023-08-02T11:20:04.543-0500] {dag.py:2742} INFO - Sync 1 DAGs
[2023-08-02T11:20:04.575-0500] {logging_mixin.py:150} INFO - [2023-08-02T11:20:04.575-0500] {dag.py:3504} INFO - Setting next_dagrun for example_branch_dop_operator_v3 to 2023-08-02T16:19:00+00:00, run_after=2023-08-02T16:20:00+00:00
[2023-08-02T11:20:04.612-0500] {processor.py:179} INFO - Processing /home/joha/anaconda3/lib/python3.10/site-packages/airflow/example_dags/example_branch_python_dop_operator_3.py took 0.121 seconds
[2023-08-02T11:20:55.615-0500] {processor.py:157} INFO - Started process (PID=107081) to work on /home/joha/anaconda3/lib/python3.10/site-packages/airflow/example_dags/example_branch_python_dop_operator_3.py
[2023-08-02T11:20:55.621-0500] {processor.py:826} INFO - Processing file /home/joha/anaconda3/lib/python3.10/site-packages/airflow/example_dags/example_branch_python_dop_operator_3.py for tasks to queue
[2023-08-02T11:20:55.622-0500] {logging_mixin.py:150} INFO - [2023-08-02T11:20:55.622-0500] {dagbag.py:541} INFO - Filling up the DagBag from /home/joha/anaconda3/lib/python3.10/site-packages/airflow/example_dags/example_branch_python_dop_operator_3.py
[2023-08-02T11:20:55.634-0500] {processor.py:836} INFO - DAG(s) dict_keys(['example_branch_dop_operator_v3']) retrieved from /home/joha/anaconda3/lib/python3.10/site-packages/airflow/example_dags/example_branch_python_dop_operator_3.py
[2023-08-02T11:20:55.659-0500] {logging_mixin.py:150} INFO - [2023-08-02T11:20:55.658-0500] {dag.py:2742} INFO - Sync 1 DAGs
[2023-08-02T11:20:55.693-0500] {logging_mixin.py:150} INFO - [2023-08-02T11:20:55.692-0500] {dag.py:3504} INFO - Setting next_dagrun for example_branch_dop_operator_v3 to 2023-08-02T16:19:00+00:00, run_after=2023-08-02T16:20:00+00:00
[2023-08-02T11:20:55.990-0500] {processor.py:179} INFO - Processing /home/joha/anaconda3/lib/python3.10/site-packages/airflow/example_dags/example_branch_python_dop_operator_3.py took 0.384 seconds
[2023-08-02T11:22:00.357-0500] {processor.py:157} INFO - Started process (PID=107374) to work on /home/joha/anaconda3/lib/python3.10/site-packages/airflow/example_dags/example_branch_python_dop_operator_3.py
[2023-08-02T11:22:00.364-0500] {processor.py:826} INFO - Processing file /home/joha/anaconda3/lib/python3.10/site-packages/airflow/example_dags/example_branch_python_dop_operator_3.py for tasks to queue
[2023-08-02T11:22:00.365-0500] {logging_mixin.py:150} INFO - [2023-08-02T11:22:00.365-0500] {dagbag.py:541} INFO - Filling up the DagBag from /home/joha/anaconda3/lib/python3.10/site-packages/airflow/example_dags/example_branch_python_dop_operator_3.py
[2023-08-02T11:22:00.375-0500] {processor.py:836} INFO - DAG(s) dict_keys(['example_branch_dop_operator_v3']) retrieved from /home/joha/anaconda3/lib/python3.10/site-packages/airflow/example_dags/example_branch_python_dop_operator_3.py
[2023-08-02T11:22:00.395-0500] {logging_mixin.py:150} INFO - [2023-08-02T11:22:00.395-0500] {dag.py:2742} INFO - Sync 1 DAGs
[2023-08-02T11:22:00.425-0500] {logging_mixin.py:150} INFO - [2023-08-02T11:22:00.424-0500] {dag.py:3504} INFO - Setting next_dagrun for example_branch_dop_operator_v3 to 2023-08-02T16:21:00+00:00, run_after=2023-08-02T16:22:00+00:00
[2023-08-02T11:22:00.450-0500] {processor.py:179} INFO - Processing /home/joha/anaconda3/lib/python3.10/site-packages/airflow/example_dags/example_branch_python_dop_operator_3.py took 0.096 seconds
[2023-08-02T11:23:08.526-0500] {processor.py:157} INFO - Started process (PID=107703) to work on /home/joha/anaconda3/lib/python3.10/site-packages/airflow/example_dags/example_branch_python_dop_operator_3.py
[2023-08-02T11:23:08.534-0500] {processor.py:826} INFO - Processing file /home/joha/anaconda3/lib/python3.10/site-packages/airflow/example_dags/example_branch_python_dop_operator_3.py for tasks to queue
[2023-08-02T11:23:08.535-0500] {logging_mixin.py:150} INFO - [2023-08-02T11:23:08.535-0500] {dagbag.py:541} INFO - Filling up the DagBag from /home/joha/anaconda3/lib/python3.10/site-packages/airflow/example_dags/example_branch_python_dop_operator_3.py
[2023-08-02T11:23:08.585-0500] {processor.py:836} INFO - DAG(s) dict_keys(['example_branch_dop_operator_v3']) retrieved from /home/joha/anaconda3/lib/python3.10/site-packages/airflow/example_dags/example_branch_python_dop_operator_3.py
[2023-08-02T11:23:08.616-0500] {logging_mixin.py:150} INFO - [2023-08-02T11:23:08.616-0500] {dag.py:2742} INFO - Sync 1 DAGs
[2023-08-02T11:23:08.661-0500] {logging_mixin.py:150} INFO - [2023-08-02T11:23:08.661-0500] {dag.py:3504} INFO - Setting next_dagrun for example_branch_dop_operator_v3 to 2023-08-02T16:22:00+00:00, run_after=2023-08-02T16:23:00+00:00
[2023-08-02T11:23:08.885-0500] {processor.py:179} INFO - Processing /home/joha/anaconda3/lib/python3.10/site-packages/airflow/example_dags/example_branch_python_dop_operator_3.py took 0.363 seconds
[2023-08-02T11:24:43.835-0500] {processor.py:157} INFO - Started process (PID=108302) to work on /home/joha/anaconda3/lib/python3.10/site-packages/airflow/example_dags/example_branch_python_dop_operator_3.py
[2023-08-02T11:24:43.843-0500] {processor.py:826} INFO - Processing file /home/joha/anaconda3/lib/python3.10/site-packages/airflow/example_dags/example_branch_python_dop_operator_3.py for tasks to queue
[2023-08-02T11:24:43.846-0500] {logging_mixin.py:150} INFO - [2023-08-02T11:24:43.845-0500] {dagbag.py:541} INFO - Filling up the DagBag from /home/joha/anaconda3/lib/python3.10/site-packages/airflow/example_dags/example_branch_python_dop_operator_3.py
[2023-08-02T11:24:43.869-0500] {processor.py:836} INFO - DAG(s) dict_keys(['example_branch_dop_operator_v3']) retrieved from /home/joha/anaconda3/lib/python3.10/site-packages/airflow/example_dags/example_branch_python_dop_operator_3.py
[2023-08-02T11:24:43.896-0500] {logging_mixin.py:150} INFO - [2023-08-02T11:24:43.896-0500] {dag.py:2742} INFO - Sync 1 DAGs
[2023-08-02T11:24:43.926-0500] {logging_mixin.py:150} INFO - [2023-08-02T11:24:43.925-0500] {dag.py:3504} INFO - Setting next_dagrun for example_branch_dop_operator_v3 to 2023-08-02T16:23:00+00:00, run_after=2023-08-02T16:24:00+00:00
[2023-08-02T11:24:43.949-0500] {processor.py:179} INFO - Processing /home/joha/anaconda3/lib/python3.10/site-packages/airflow/example_dags/example_branch_python_dop_operator_3.py took 0.122 seconds
[2023-08-02T11:25:52.707-0500] {processor.py:157} INFO - Started process (PID=108424) to work on /home/joha/anaconda3/lib/python3.10/site-packages/airflow/example_dags/example_branch_python_dop_operator_3.py
[2023-08-02T11:25:52.717-0500] {processor.py:826} INFO - Processing file /home/joha/anaconda3/lib/python3.10/site-packages/airflow/example_dags/example_branch_python_dop_operator_3.py for tasks to queue
[2023-08-02T11:25:52.722-0500] {logging_mixin.py:150} INFO - [2023-08-02T11:25:52.721-0500] {dagbag.py:541} INFO - Filling up the DagBag from /home/joha/anaconda3/lib/python3.10/site-packages/airflow/example_dags/example_branch_python_dop_operator_3.py
[2023-08-02T11:25:52.757-0500] {processor.py:836} INFO - DAG(s) dict_keys(['example_branch_dop_operator_v3']) retrieved from /home/joha/anaconda3/lib/python3.10/site-packages/airflow/example_dags/example_branch_python_dop_operator_3.py
[2023-08-02T11:25:52.792-0500] {logging_mixin.py:150} INFO - [2023-08-02T11:25:52.792-0500] {dag.py:2742} INFO - Sync 1 DAGs
[2023-08-02T11:25:52.820-0500] {logging_mixin.py:150} INFO - [2023-08-02T11:25:52.820-0500] {dag.py:3504} INFO - Setting next_dagrun for example_branch_dop_operator_v3 to 2023-08-02T16:24:00+00:00, run_after=2023-08-02T16:25:00+00:00
[2023-08-02T11:25:52.848-0500] {processor.py:179} INFO - Processing /home/joha/anaconda3/lib/python3.10/site-packages/airflow/example_dags/example_branch_python_dop_operator_3.py took 0.153 seconds
