[2023-08-01T20:26:15.812-0500] {processor.py:157} INFO - Started process (PID=99596) to work on /home/joha/anaconda3/lib/python3.10/site-packages/airflow/example_dags/example_branch_labels.py
[2023-08-01T20:26:15.813-0500] {processor.py:826} INFO - Processing file /home/joha/anaconda3/lib/python3.10/site-packages/airflow/example_dags/example_branch_labels.py for tasks to queue
[2023-08-01T20:26:15.814-0500] {logging_mixin.py:150} INFO - [2023-08-01T20:26:15.814-0500] {dagbag.py:541} INFO - Filling up the DagBag from /home/joha/anaconda3/lib/python3.10/site-packages/airflow/example_dags/example_branch_labels.py
[2023-08-01T20:26:15.823-0500] {processor.py:836} INFO - DAG(s) dict_keys(['example_branch_labels']) retrieved from /home/joha/anaconda3/lib/python3.10/site-packages/airflow/example_dags/example_branch_labels.py
[2023-08-01T20:26:15.842-0500] {logging_mixin.py:150} INFO - [2023-08-01T20:26:15.842-0500] {dag.py:2742} INFO - Sync 1 DAGs
[2023-08-01T20:26:15.862-0500] {logging_mixin.py:150} INFO - [2023-08-01T20:26:15.862-0500] {dag.py:3504} INFO - Setting next_dagrun for example_branch_labels to 2023-08-01T00:00:00+00:00, run_after=2023-08-02T00:00:00+00:00
[2023-08-01T20:26:15.890-0500] {processor.py:179} INFO - Processing /home/joha/anaconda3/lib/python3.10/site-packages/airflow/example_dags/example_branch_labels.py took 0.081 seconds
[2023-08-02T11:09:01.459-0500] {processor.py:157} INFO - Started process (PID=105272) to work on /home/joha/anaconda3/lib/python3.10/site-packages/airflow/example_dags/example_branch_labels.py
[2023-08-02T11:09:01.467-0500] {processor.py:826} INFO - Processing file /home/joha/anaconda3/lib/python3.10/site-packages/airflow/example_dags/example_branch_labels.py for tasks to queue
[2023-08-02T11:09:01.468-0500] {logging_mixin.py:150} INFO - [2023-08-02T11:09:01.467-0500] {dagbag.py:541} INFO - Filling up the DagBag from /home/joha/anaconda3/lib/python3.10/site-packages/airflow/example_dags/example_branch_labels.py
[2023-08-02T11:09:01.476-0500] {processor.py:836} INFO - DAG(s) dict_keys(['example_branch_labels']) retrieved from /home/joha/anaconda3/lib/python3.10/site-packages/airflow/example_dags/example_branch_labels.py
[2023-08-02T11:09:01.500-0500] {logging_mixin.py:150} INFO - [2023-08-02T11:09:01.500-0500] {dag.py:2742} INFO - Sync 1 DAGs
[2023-08-02T11:09:01.525-0500] {logging_mixin.py:150} INFO - [2023-08-02T11:09:01.525-0500] {dag.py:3504} INFO - Setting next_dagrun for example_branch_labels to 2023-08-01T00:00:00+00:00, run_after=2023-08-02T00:00:00+00:00
[2023-08-02T11:09:01.549-0500] {processor.py:179} INFO - Processing /home/joha/anaconda3/lib/python3.10/site-packages/airflow/example_dags/example_branch_labels.py took 0.093 seconds
[2023-08-02T11:10:14.477-0500] {processor.py:157} INFO - Started process (PID=105494) to work on /home/joha/anaconda3/lib/python3.10/site-packages/airflow/example_dags/example_branch_labels.py
[2023-08-02T11:10:14.487-0500] {processor.py:826} INFO - Processing file /home/joha/anaconda3/lib/python3.10/site-packages/airflow/example_dags/example_branch_labels.py for tasks to queue
[2023-08-02T11:10:14.489-0500] {logging_mixin.py:150} INFO - [2023-08-02T11:10:14.488-0500] {dagbag.py:541} INFO - Filling up the DagBag from /home/joha/anaconda3/lib/python3.10/site-packages/airflow/example_dags/example_branch_labels.py
[2023-08-02T11:10:14.516-0500] {processor.py:836} INFO - DAG(s) dict_keys(['example_branch_labels']) retrieved from /home/joha/anaconda3/lib/python3.10/site-packages/airflow/example_dags/example_branch_labels.py
[2023-08-02T11:10:14.545-0500] {logging_mixin.py:150} INFO - [2023-08-02T11:10:14.544-0500] {dag.py:2742} INFO - Sync 1 DAGs
[2023-08-02T11:10:14.567-0500] {logging_mixin.py:150} INFO - [2023-08-02T11:10:14.566-0500] {dag.py:3504} INFO - Setting next_dagrun for example_branch_labels to 2023-08-01T00:00:00+00:00, run_after=2023-08-02T00:00:00+00:00
[2023-08-02T11:10:14.587-0500] {processor.py:179} INFO - Processing /home/joha/anaconda3/lib/python3.10/site-packages/airflow/example_dags/example_branch_labels.py took 0.120 seconds
[2023-08-02T11:11:24.167-0500] {processor.py:157} INFO - Started process (PID=105686) to work on /home/joha/anaconda3/lib/python3.10/site-packages/airflow/example_dags/example_branch_labels.py
[2023-08-02T11:11:24.175-0500] {processor.py:826} INFO - Processing file /home/joha/anaconda3/lib/python3.10/site-packages/airflow/example_dags/example_branch_labels.py for tasks to queue
[2023-08-02T11:11:24.177-0500] {logging_mixin.py:150} INFO - [2023-08-02T11:11:24.176-0500] {dagbag.py:541} INFO - Filling up the DagBag from /home/joha/anaconda3/lib/python3.10/site-packages/airflow/example_dags/example_branch_labels.py
[2023-08-02T11:11:24.187-0500] {processor.py:836} INFO - DAG(s) dict_keys(['example_branch_labels']) retrieved from /home/joha/anaconda3/lib/python3.10/site-packages/airflow/example_dags/example_branch_labels.py
[2023-08-02T11:11:24.209-0500] {logging_mixin.py:150} INFO - [2023-08-02T11:11:24.209-0500] {dag.py:2742} INFO - Sync 1 DAGs
[2023-08-02T11:11:24.232-0500] {logging_mixin.py:150} INFO - [2023-08-02T11:11:24.231-0500] {dag.py:3504} INFO - Setting next_dagrun for example_branch_labels to 2023-08-01T00:00:00+00:00, run_after=2023-08-02T00:00:00+00:00
[2023-08-02T11:11:24.256-0500] {processor.py:179} INFO - Processing /home/joha/anaconda3/lib/python3.10/site-packages/airflow/example_dags/example_branch_labels.py took 0.094 seconds
[2023-08-02T11:12:16.238-0500] {processor.py:157} INFO - Started process (PID=105830) to work on /home/joha/anaconda3/lib/python3.10/site-packages/airflow/example_dags/example_branch_labels.py
[2023-08-02T11:12:16.247-0500] {processor.py:826} INFO - Processing file /home/joha/anaconda3/lib/python3.10/site-packages/airflow/example_dags/example_branch_labels.py for tasks to queue
[2023-08-02T11:12:16.250-0500] {logging_mixin.py:150} INFO - [2023-08-02T11:12:16.249-0500] {dagbag.py:541} INFO - Filling up the DagBag from /home/joha/anaconda3/lib/python3.10/site-packages/airflow/example_dags/example_branch_labels.py
[2023-08-02T11:12:16.277-0500] {processor.py:836} INFO - DAG(s) dict_keys(['example_branch_labels']) retrieved from /home/joha/anaconda3/lib/python3.10/site-packages/airflow/example_dags/example_branch_labels.py
[2023-08-02T11:12:16.306-0500] {logging_mixin.py:150} INFO - [2023-08-02T11:12:16.305-0500] {dag.py:2742} INFO - Sync 1 DAGs
[2023-08-02T11:12:16.327-0500] {logging_mixin.py:150} INFO - [2023-08-02T11:12:16.326-0500] {dag.py:3504} INFO - Setting next_dagrun for example_branch_labels to 2023-08-01T00:00:00+00:00, run_after=2023-08-02T00:00:00+00:00
[2023-08-02T11:12:16.348-0500] {processor.py:179} INFO - Processing /home/joha/anaconda3/lib/python3.10/site-packages/airflow/example_dags/example_branch_labels.py took 0.120 seconds
[2023-08-02T11:13:20.037-0500] {processor.py:157} INFO - Started process (PID=105959) to work on /home/joha/anaconda3/lib/python3.10/site-packages/airflow/example_dags/example_branch_labels.py
[2023-08-02T11:13:20.046-0500] {processor.py:826} INFO - Processing file /home/joha/anaconda3/lib/python3.10/site-packages/airflow/example_dags/example_branch_labels.py for tasks to queue
[2023-08-02T11:13:20.048-0500] {logging_mixin.py:150} INFO - [2023-08-02T11:13:20.047-0500] {dagbag.py:541} INFO - Filling up the DagBag from /home/joha/anaconda3/lib/python3.10/site-packages/airflow/example_dags/example_branch_labels.py
[2023-08-02T11:13:20.070-0500] {processor.py:836} INFO - DAG(s) dict_keys(['example_branch_labels']) retrieved from /home/joha/anaconda3/lib/python3.10/site-packages/airflow/example_dags/example_branch_labels.py
[2023-08-02T11:13:20.101-0500] {logging_mixin.py:150} INFO - [2023-08-02T11:13:20.101-0500] {dag.py:2742} INFO - Sync 1 DAGs
[2023-08-02T11:13:20.128-0500] {logging_mixin.py:150} INFO - [2023-08-02T11:13:20.128-0500] {dag.py:3504} INFO - Setting next_dagrun for example_branch_labels to 2023-08-01T00:00:00+00:00, run_after=2023-08-02T00:00:00+00:00
[2023-08-02T11:13:20.150-0500] {processor.py:179} INFO - Processing /home/joha/anaconda3/lib/python3.10/site-packages/airflow/example_dags/example_branch_labels.py took 0.117 seconds
[2023-08-02T11:14:22.317-0500] {processor.py:157} INFO - Started process (PID=106047) to work on /home/joha/anaconda3/lib/python3.10/site-packages/airflow/example_dags/example_branch_labels.py
[2023-08-02T11:14:22.325-0500] {processor.py:826} INFO - Processing file /home/joha/anaconda3/lib/python3.10/site-packages/airflow/example_dags/example_branch_labels.py for tasks to queue
[2023-08-02T11:14:22.328-0500] {logging_mixin.py:150} INFO - [2023-08-02T11:14:22.327-0500] {dagbag.py:541} INFO - Filling up the DagBag from /home/joha/anaconda3/lib/python3.10/site-packages/airflow/example_dags/example_branch_labels.py
[2023-08-02T11:14:22.343-0500] {processor.py:836} INFO - DAG(s) dict_keys(['example_branch_labels']) retrieved from /home/joha/anaconda3/lib/python3.10/site-packages/airflow/example_dags/example_branch_labels.py
[2023-08-02T11:14:22.366-0500] {logging_mixin.py:150} INFO - [2023-08-02T11:14:22.366-0500] {dag.py:2742} INFO - Sync 1 DAGs
[2023-08-02T11:14:22.392-0500] {logging_mixin.py:150} INFO - [2023-08-02T11:14:22.391-0500] {dag.py:3504} INFO - Setting next_dagrun for example_branch_labels to 2023-08-01T00:00:00+00:00, run_after=2023-08-02T00:00:00+00:00
[2023-08-02T11:14:22.415-0500] {processor.py:179} INFO - Processing /home/joha/anaconda3/lib/python3.10/site-packages/airflow/example_dags/example_branch_labels.py took 0.102 seconds
[2023-08-02T11:15:32.298-0500] {processor.py:157} INFO - Started process (PID=106238) to work on /home/joha/anaconda3/lib/python3.10/site-packages/airflow/example_dags/example_branch_labels.py
[2023-08-02T11:15:32.306-0500] {processor.py:826} INFO - Processing file /home/joha/anaconda3/lib/python3.10/site-packages/airflow/example_dags/example_branch_labels.py for tasks to queue
[2023-08-02T11:15:32.308-0500] {logging_mixin.py:150} INFO - [2023-08-02T11:15:32.308-0500] {dagbag.py:541} INFO - Filling up the DagBag from /home/joha/anaconda3/lib/python3.10/site-packages/airflow/example_dags/example_branch_labels.py
[2023-08-02T11:15:32.328-0500] {processor.py:836} INFO - DAG(s) dict_keys(['example_branch_labels']) retrieved from /home/joha/anaconda3/lib/python3.10/site-packages/airflow/example_dags/example_branch_labels.py
[2023-08-02T11:15:32.352-0500] {logging_mixin.py:150} INFO - [2023-08-02T11:15:32.352-0500] {dag.py:2742} INFO - Sync 1 DAGs
[2023-08-02T11:15:32.381-0500] {logging_mixin.py:150} INFO - [2023-08-02T11:15:32.380-0500] {dag.py:3504} INFO - Setting next_dagrun for example_branch_labels to 2023-08-01T00:00:00+00:00, run_after=2023-08-02T00:00:00+00:00
[2023-08-02T11:15:32.411-0500] {processor.py:179} INFO - Processing /home/joha/anaconda3/lib/python3.10/site-packages/airflow/example_dags/example_branch_labels.py took 0.121 seconds
[2023-08-02T11:16:45.635-0500] {processor.py:157} INFO - Started process (PID=106431) to work on /home/joha/anaconda3/lib/python3.10/site-packages/airflow/example_dags/example_branch_labels.py
[2023-08-02T11:16:45.636-0500] {processor.py:826} INFO - Processing file /home/joha/anaconda3/lib/python3.10/site-packages/airflow/example_dags/example_branch_labels.py for tasks to queue
[2023-08-02T11:16:45.636-0500] {logging_mixin.py:150} INFO - [2023-08-02T11:16:45.636-0500] {dagbag.py:541} INFO - Filling up the DagBag from /home/joha/anaconda3/lib/python3.10/site-packages/airflow/example_dags/example_branch_labels.py
[2023-08-02T11:16:45.646-0500] {processor.py:836} INFO - DAG(s) dict_keys(['example_branch_labels']) retrieved from /home/joha/anaconda3/lib/python3.10/site-packages/airflow/example_dags/example_branch_labels.py
[2023-08-02T11:16:45.670-0500] {logging_mixin.py:150} INFO - [2023-08-02T11:16:45.669-0500] {dag.py:2742} INFO - Sync 1 DAGs
[2023-08-02T11:16:45.698-0500] {logging_mixin.py:150} INFO - [2023-08-02T11:16:45.697-0500] {dag.py:3504} INFO - Setting next_dagrun for example_branch_labels to 2023-08-01T00:00:00+00:00, run_after=2023-08-02T00:00:00+00:00
[2023-08-02T11:16:45.722-0500] {processor.py:179} INFO - Processing /home/joha/anaconda3/lib/python3.10/site-packages/airflow/example_dags/example_branch_labels.py took 0.090 seconds
[2023-08-02T11:17:50.653-0500] {processor.py:157} INFO - Started process (PID=106610) to work on /home/joha/anaconda3/lib/python3.10/site-packages/airflow/example_dags/example_branch_labels.py
[2023-08-02T11:17:50.661-0500] {processor.py:826} INFO - Processing file /home/joha/anaconda3/lib/python3.10/site-packages/airflow/example_dags/example_branch_labels.py for tasks to queue
[2023-08-02T11:17:50.663-0500] {logging_mixin.py:150} INFO - [2023-08-02T11:17:50.662-0500] {dagbag.py:541} INFO - Filling up the DagBag from /home/joha/anaconda3/lib/python3.10/site-packages/airflow/example_dags/example_branch_labels.py
[2023-08-02T11:17:50.678-0500] {processor.py:836} INFO - DAG(s) dict_keys(['example_branch_labels']) retrieved from /home/joha/anaconda3/lib/python3.10/site-packages/airflow/example_dags/example_branch_labels.py
[2023-08-02T11:17:50.704-0500] {logging_mixin.py:150} INFO - [2023-08-02T11:17:50.704-0500] {dag.py:2742} INFO - Sync 1 DAGs
[2023-08-02T11:17:50.727-0500] {logging_mixin.py:150} INFO - [2023-08-02T11:17:50.726-0500] {dag.py:3504} INFO - Setting next_dagrun for example_branch_labels to 2023-08-01T00:00:00+00:00, run_after=2023-08-02T00:00:00+00:00
[2023-08-02T11:17:50.747-0500] {processor.py:179} INFO - Processing /home/joha/anaconda3/lib/python3.10/site-packages/airflow/example_dags/example_branch_labels.py took 0.099 seconds
[2023-08-02T11:18:58.516-0500] {processor.py:157} INFO - Started process (PID=106797) to work on /home/joha/anaconda3/lib/python3.10/site-packages/airflow/example_dags/example_branch_labels.py
[2023-08-02T11:18:58.523-0500] {processor.py:826} INFO - Processing file /home/joha/anaconda3/lib/python3.10/site-packages/airflow/example_dags/example_branch_labels.py for tasks to queue
[2023-08-02T11:18:58.524-0500] {logging_mixin.py:150} INFO - [2023-08-02T11:18:58.524-0500] {dagbag.py:541} INFO - Filling up the DagBag from /home/joha/anaconda3/lib/python3.10/site-packages/airflow/example_dags/example_branch_labels.py
[2023-08-02T11:18:58.534-0500] {processor.py:836} INFO - DAG(s) dict_keys(['example_branch_labels']) retrieved from /home/joha/anaconda3/lib/python3.10/site-packages/airflow/example_dags/example_branch_labels.py
[2023-08-02T11:18:58.555-0500] {logging_mixin.py:150} INFO - [2023-08-02T11:18:58.554-0500] {dag.py:2742} INFO - Sync 1 DAGs
[2023-08-02T11:18:58.575-0500] {logging_mixin.py:150} INFO - [2023-08-02T11:18:58.575-0500] {dag.py:3504} INFO - Setting next_dagrun for example_branch_labels to 2023-08-01T00:00:00+00:00, run_after=2023-08-02T00:00:00+00:00
[2023-08-02T11:18:58.596-0500] {processor.py:179} INFO - Processing /home/joha/anaconda3/lib/python3.10/site-packages/airflow/example_dags/example_branch_labels.py took 0.084 seconds
[2023-08-02T11:20:11.459-0500] {processor.py:157} INFO - Started process (PID=106944) to work on /home/joha/anaconda3/lib/python3.10/site-packages/airflow/example_dags/example_branch_labels.py
[2023-08-02T11:20:11.473-0500] {processor.py:826} INFO - Processing file /home/joha/anaconda3/lib/python3.10/site-packages/airflow/example_dags/example_branch_labels.py for tasks to queue
[2023-08-02T11:20:11.474-0500] {logging_mixin.py:150} INFO - [2023-08-02T11:20:11.473-0500] {dagbag.py:541} INFO - Filling up the DagBag from /home/joha/anaconda3/lib/python3.10/site-packages/airflow/example_dags/example_branch_labels.py
[2023-08-02T11:20:11.483-0500] {processor.py:836} INFO - DAG(s) dict_keys(['example_branch_labels']) retrieved from /home/joha/anaconda3/lib/python3.10/site-packages/airflow/example_dags/example_branch_labels.py
[2023-08-02T11:20:11.511-0500] {logging_mixin.py:150} INFO - [2023-08-02T11:20:11.510-0500] {dag.py:2742} INFO - Sync 1 DAGs
[2023-08-02T11:20:11.536-0500] {logging_mixin.py:150} INFO - [2023-08-02T11:20:11.535-0500] {dag.py:3504} INFO - Setting next_dagrun for example_branch_labels to 2023-08-01T00:00:00+00:00, run_after=2023-08-02T00:00:00+00:00
[2023-08-02T11:20:11.560-0500] {processor.py:179} INFO - Processing /home/joha/anaconda3/lib/python3.10/site-packages/airflow/example_dags/example_branch_labels.py took 0.106 seconds
[2023-08-02T11:21:36.420-0500] {processor.py:157} INFO - Started process (PID=107169) to work on /home/joha/anaconda3/lib/python3.10/site-packages/airflow/example_dags/example_branch_labels.py
[2023-08-02T11:21:36.428-0500] {processor.py:826} INFO - Processing file /home/joha/anaconda3/lib/python3.10/site-packages/airflow/example_dags/example_branch_labels.py for tasks to queue
[2023-08-02T11:21:36.430-0500] {logging_mixin.py:150} INFO - [2023-08-02T11:21:36.429-0500] {dagbag.py:541} INFO - Filling up the DagBag from /home/joha/anaconda3/lib/python3.10/site-packages/airflow/example_dags/example_branch_labels.py
[2023-08-02T11:21:36.439-0500] {processor.py:836} INFO - DAG(s) dict_keys(['example_branch_labels']) retrieved from /home/joha/anaconda3/lib/python3.10/site-packages/airflow/example_dags/example_branch_labels.py
[2023-08-02T11:21:36.469-0500] {logging_mixin.py:150} INFO - [2023-08-02T11:21:36.468-0500] {dag.py:2742} INFO - Sync 1 DAGs
[2023-08-02T11:21:36.500-0500] {logging_mixin.py:150} INFO - [2023-08-02T11:21:36.500-0500] {dag.py:3504} INFO - Setting next_dagrun for example_branch_labels to 2023-08-01T00:00:00+00:00, run_after=2023-08-02T00:00:00+00:00
[2023-08-02T11:21:36.528-0500] {processor.py:179} INFO - Processing /home/joha/anaconda3/lib/python3.10/site-packages/airflow/example_dags/example_branch_labels.py took 0.112 seconds
[2023-08-02T11:22:39.209-0500] {processor.py:157} INFO - Started process (PID=107535) to work on /home/joha/anaconda3/lib/python3.10/site-packages/airflow/example_dags/example_branch_labels.py
[2023-08-02T11:22:39.211-0500] {processor.py:826} INFO - Processing file /home/joha/anaconda3/lib/python3.10/site-packages/airflow/example_dags/example_branch_labels.py for tasks to queue
[2023-08-02T11:22:39.212-0500] {logging_mixin.py:150} INFO - [2023-08-02T11:22:39.212-0500] {dagbag.py:541} INFO - Filling up the DagBag from /home/joha/anaconda3/lib/python3.10/site-packages/airflow/example_dags/example_branch_labels.py
[2023-08-02T11:22:39.226-0500] {processor.py:836} INFO - DAG(s) dict_keys(['example_branch_labels']) retrieved from /home/joha/anaconda3/lib/python3.10/site-packages/airflow/example_dags/example_branch_labels.py
[2023-08-02T11:22:39.254-0500] {logging_mixin.py:150} INFO - [2023-08-02T11:22:39.254-0500] {dag.py:2742} INFO - Sync 1 DAGs
[2023-08-02T11:22:39.282-0500] {logging_mixin.py:150} INFO - [2023-08-02T11:22:39.281-0500] {dag.py:3504} INFO - Setting next_dagrun for example_branch_labels to 2023-08-01T00:00:00+00:00, run_after=2023-08-02T00:00:00+00:00
[2023-08-02T11:22:39.312-0500] {processor.py:179} INFO - Processing /home/joha/anaconda3/lib/python3.10/site-packages/airflow/example_dags/example_branch_labels.py took 0.108 seconds
[2023-08-02T11:23:57.876-0500] {processor.py:157} INFO - Started process (PID=108182) to work on /home/joha/anaconda3/lib/python3.10/site-packages/airflow/example_dags/example_branch_labels.py
[2023-08-02T11:23:57.883-0500] {processor.py:826} INFO - Processing file /home/joha/anaconda3/lib/python3.10/site-packages/airflow/example_dags/example_branch_labels.py for tasks to queue
[2023-08-02T11:23:57.884-0500] {logging_mixin.py:150} INFO - [2023-08-02T11:23:57.883-0500] {dagbag.py:541} INFO - Filling up the DagBag from /home/joha/anaconda3/lib/python3.10/site-packages/airflow/example_dags/example_branch_labels.py
[2023-08-02T11:23:57.897-0500] {processor.py:836} INFO - DAG(s) dict_keys(['example_branch_labels']) retrieved from /home/joha/anaconda3/lib/python3.10/site-packages/airflow/example_dags/example_branch_labels.py
[2023-08-02T11:23:57.920-0500] {logging_mixin.py:150} INFO - [2023-08-02T11:23:57.920-0500] {dag.py:2742} INFO - Sync 1 DAGs
[2023-08-02T11:23:57.942-0500] {logging_mixin.py:150} INFO - [2023-08-02T11:23:57.941-0500] {dag.py:3504} INFO - Setting next_dagrun for example_branch_labels to 2023-08-01T00:00:00+00:00, run_after=2023-08-02T00:00:00+00:00
[2023-08-02T11:23:57.966-0500] {processor.py:179} INFO - Processing /home/joha/anaconda3/lib/python3.10/site-packages/airflow/example_dags/example_branch_labels.py took 0.094 seconds
[2023-08-02T11:25:30.106-0500] {processor.py:157} INFO - Started process (PID=108393) to work on /home/joha/anaconda3/lib/python3.10/site-packages/airflow/example_dags/example_branch_labels.py
[2023-08-02T11:25:30.116-0500] {processor.py:826} INFO - Processing file /home/joha/anaconda3/lib/python3.10/site-packages/airflow/example_dags/example_branch_labels.py for tasks to queue
[2023-08-02T11:25:30.120-0500] {logging_mixin.py:150} INFO - [2023-08-02T11:25:30.118-0500] {dagbag.py:541} INFO - Filling up the DagBag from /home/joha/anaconda3/lib/python3.10/site-packages/airflow/example_dags/example_branch_labels.py
[2023-08-02T11:25:30.150-0500] {processor.py:836} INFO - DAG(s) dict_keys(['example_branch_labels']) retrieved from /home/joha/anaconda3/lib/python3.10/site-packages/airflow/example_dags/example_branch_labels.py
[2023-08-02T11:25:30.193-0500] {logging_mixin.py:150} INFO - [2023-08-02T11:25:30.193-0500] {dag.py:2742} INFO - Sync 1 DAGs
[2023-08-02T11:25:30.217-0500] {logging_mixin.py:150} INFO - [2023-08-02T11:25:30.216-0500] {dag.py:3504} INFO - Setting next_dagrun for example_branch_labels to 2023-08-01T00:00:00+00:00, run_after=2023-08-02T00:00:00+00:00
[2023-08-02T11:25:30.239-0500] {processor.py:179} INFO - Processing /home/joha/anaconda3/lib/python3.10/site-packages/airflow/example_dags/example_branch_labels.py took 0.143 seconds
[2023-08-02T11:26:42.479-0500] {processor.py:157} INFO - Started process (PID=108538) to work on /home/joha/anaconda3/lib/python3.10/site-packages/airflow/example_dags/example_branch_labels.py
[2023-08-02T11:26:42.488-0500] {processor.py:826} INFO - Processing file /home/joha/anaconda3/lib/python3.10/site-packages/airflow/example_dags/example_branch_labels.py for tasks to queue
[2023-08-02T11:26:42.490-0500] {logging_mixin.py:150} INFO - [2023-08-02T11:26:42.489-0500] {dagbag.py:541} INFO - Filling up the DagBag from /home/joha/anaconda3/lib/python3.10/site-packages/airflow/example_dags/example_branch_labels.py
[2023-08-02T11:26:42.501-0500] {processor.py:836} INFO - DAG(s) dict_keys(['example_branch_labels']) retrieved from /home/joha/anaconda3/lib/python3.10/site-packages/airflow/example_dags/example_branch_labels.py
[2023-08-02T11:26:42.529-0500] {logging_mixin.py:150} INFO - [2023-08-02T11:26:42.528-0500] {dag.py:2742} INFO - Sync 1 DAGs
[2023-08-02T11:26:42.556-0500] {logging_mixin.py:150} INFO - [2023-08-02T11:26:42.556-0500] {dag.py:3504} INFO - Setting next_dagrun for example_branch_labels to 2023-08-01T00:00:00+00:00, run_after=2023-08-02T00:00:00+00:00
[2023-08-02T11:26:42.580-0500] {processor.py:179} INFO - Processing /home/joha/anaconda3/lib/python3.10/site-packages/airflow/example_dags/example_branch_labels.py took 0.104 seconds
