[2023-08-01T20:26:05.195-0500] {processor.py:157} INFO - Started process (PID=99585) to work on /home/joha/anaconda3/lib/python3.10/site-packages/airflow/example_dags/example_branch_operator_decorator.py
[2023-08-01T20:26:05.196-0500] {processor.py:826} INFO - Processing file /home/joha/anaconda3/lib/python3.10/site-packages/airflow/example_dags/example_branch_operator_decorator.py for tasks to queue
[2023-08-01T20:26:05.196-0500] {logging_mixin.py:150} INFO - [2023-08-01T20:26:05.196-0500] {dagbag.py:541} INFO - Filling up the DagBag from /home/joha/anaconda3/lib/python3.10/site-packages/airflow/example_dags/example_branch_operator_decorator.py
[2023-08-01T20:26:05.207-0500] {processor.py:836} INFO - DAG(s) dict_keys(['example_branch_python_operator_decorator']) retrieved from /home/joha/anaconda3/lib/python3.10/site-packages/airflow/example_dags/example_branch_operator_decorator.py
[2023-08-01T20:26:05.227-0500] {logging_mixin.py:150} INFO - [2023-08-01T20:26:05.227-0500] {dag.py:2742} INFO - Sync 1 DAGs
[2023-08-01T20:26:05.247-0500] {logging_mixin.py:150} INFO - [2023-08-01T20:26:05.247-0500] {dag.py:3504} INFO - Setting next_dagrun for example_branch_python_operator_decorator to 2023-08-01T00:00:00+00:00, run_after=2023-08-02T00:00:00+00:00
[2023-08-01T20:26:05.275-0500] {processor.py:179} INFO - Processing /home/joha/anaconda3/lib/python3.10/site-packages/airflow/example_dags/example_branch_operator_decorator.py took 0.083 seconds
[2023-08-02T11:08:38.234-0500] {processor.py:157} INFO - Started process (PID=105236) to work on /home/joha/anaconda3/lib/python3.10/site-packages/airflow/example_dags/example_branch_operator_decorator.py
[2023-08-02T11:08:38.243-0500] {processor.py:826} INFO - Processing file /home/joha/anaconda3/lib/python3.10/site-packages/airflow/example_dags/example_branch_operator_decorator.py for tasks to queue
[2023-08-02T11:08:38.246-0500] {logging_mixin.py:150} INFO - [2023-08-02T11:08:38.245-0500] {dagbag.py:541} INFO - Filling up the DagBag from /home/joha/anaconda3/lib/python3.10/site-packages/airflow/example_dags/example_branch_operator_decorator.py
[2023-08-02T11:08:38.274-0500] {processor.py:836} INFO - DAG(s) dict_keys(['example_branch_python_operator_decorator']) retrieved from /home/joha/anaconda3/lib/python3.10/site-packages/airflow/example_dags/example_branch_operator_decorator.py
[2023-08-02T11:08:38.300-0500] {logging_mixin.py:150} INFO - [2023-08-02T11:08:38.300-0500] {dag.py:2742} INFO - Sync 1 DAGs
[2023-08-02T11:08:38.321-0500] {logging_mixin.py:150} INFO - [2023-08-02T11:08:38.321-0500] {dag.py:3504} INFO - Setting next_dagrun for example_branch_python_operator_decorator to 2023-08-01T00:00:00+00:00, run_after=2023-08-02T00:00:00+00:00
[2023-08-02T11:08:38.341-0500] {processor.py:179} INFO - Processing /home/joha/anaconda3/lib/python3.10/site-packages/airflow/example_dags/example_branch_operator_decorator.py took 0.118 seconds
[2023-08-02T11:09:31.907-0500] {processor.py:157} INFO - Started process (PID=105339) to work on /home/joha/anaconda3/lib/python3.10/site-packages/airflow/example_dags/example_branch_operator_decorator.py
[2023-08-02T11:09:31.917-0500] {processor.py:826} INFO - Processing file /home/joha/anaconda3/lib/python3.10/site-packages/airflow/example_dags/example_branch_operator_decorator.py for tasks to queue
[2023-08-02T11:09:31.922-0500] {logging_mixin.py:150} INFO - [2023-08-02T11:09:31.920-0500] {dagbag.py:541} INFO - Filling up the DagBag from /home/joha/anaconda3/lib/python3.10/site-packages/airflow/example_dags/example_branch_operator_decorator.py
[2023-08-02T11:09:31.960-0500] {processor.py:836} INFO - DAG(s) dict_keys(['example_branch_python_operator_decorator']) retrieved from /home/joha/anaconda3/lib/python3.10/site-packages/airflow/example_dags/example_branch_operator_decorator.py
[2023-08-02T11:09:31.990-0500] {logging_mixin.py:150} INFO - [2023-08-02T11:09:31.990-0500] {dag.py:2742} INFO - Sync 1 DAGs
[2023-08-02T11:09:32.011-0500] {logging_mixin.py:150} INFO - [2023-08-02T11:09:32.011-0500] {dag.py:3504} INFO - Setting next_dagrun for example_branch_python_operator_decorator to 2023-08-01T00:00:00+00:00, run_after=2023-08-02T00:00:00+00:00
[2023-08-02T11:09:32.048-0500] {processor.py:179} INFO - Processing /home/joha/anaconda3/lib/python3.10/site-packages/airflow/example_dags/example_branch_operator_decorator.py took 0.155 seconds
[2023-08-02T11:10:24.894-0500] {processor.py:157} INFO - Started process (PID=105527) to work on /home/joha/anaconda3/lib/python3.10/site-packages/airflow/example_dags/example_branch_operator_decorator.py
[2023-08-02T11:10:24.902-0500] {processor.py:826} INFO - Processing file /home/joha/anaconda3/lib/python3.10/site-packages/airflow/example_dags/example_branch_operator_decorator.py for tasks to queue
[2023-08-02T11:10:24.904-0500] {logging_mixin.py:150} INFO - [2023-08-02T11:10:24.903-0500] {dagbag.py:541} INFO - Filling up the DagBag from /home/joha/anaconda3/lib/python3.10/site-packages/airflow/example_dags/example_branch_operator_decorator.py
[2023-08-02T11:10:24.915-0500] {processor.py:836} INFO - DAG(s) dict_keys(['example_branch_python_operator_decorator']) retrieved from /home/joha/anaconda3/lib/python3.10/site-packages/airflow/example_dags/example_branch_operator_decorator.py
[2023-08-02T11:10:24.936-0500] {logging_mixin.py:150} INFO - [2023-08-02T11:10:24.936-0500] {dag.py:2742} INFO - Sync 1 DAGs
[2023-08-02T11:10:24.958-0500] {logging_mixin.py:150} INFO - [2023-08-02T11:10:24.957-0500] {dag.py:3504} INFO - Setting next_dagrun for example_branch_python_operator_decorator to 2023-08-01T00:00:00+00:00, run_after=2023-08-02T00:00:00+00:00
[2023-08-02T11:10:24.977-0500] {processor.py:179} INFO - Processing /home/joha/anaconda3/lib/python3.10/site-packages/airflow/example_dags/example_branch_operator_decorator.py took 0.086 seconds
[2023-08-02T11:11:11.770-0500] {processor.py:157} INFO - Started process (PID=105639) to work on /home/joha/anaconda3/lib/python3.10/site-packages/airflow/example_dags/example_branch_operator_decorator.py
[2023-08-02T11:11:11.777-0500] {processor.py:826} INFO - Processing file /home/joha/anaconda3/lib/python3.10/site-packages/airflow/example_dags/example_branch_operator_decorator.py for tasks to queue
[2023-08-02T11:11:11.778-0500] {logging_mixin.py:150} INFO - [2023-08-02T11:11:11.778-0500] {dagbag.py:541} INFO - Filling up the DagBag from /home/joha/anaconda3/lib/python3.10/site-packages/airflow/example_dags/example_branch_operator_decorator.py
[2023-08-02T11:11:11.789-0500] {processor.py:836} INFO - DAG(s) dict_keys(['example_branch_python_operator_decorator']) retrieved from /home/joha/anaconda3/lib/python3.10/site-packages/airflow/example_dags/example_branch_operator_decorator.py
[2023-08-02T11:11:11.809-0500] {logging_mixin.py:150} INFO - [2023-08-02T11:11:11.809-0500] {dag.py:2742} INFO - Sync 1 DAGs
[2023-08-02T11:11:11.831-0500] {logging_mixin.py:150} INFO - [2023-08-02T11:11:11.830-0500] {dag.py:3504} INFO - Setting next_dagrun for example_branch_python_operator_decorator to 2023-08-01T00:00:00+00:00, run_after=2023-08-02T00:00:00+00:00
[2023-08-02T11:11:11.851-0500] {processor.py:179} INFO - Processing /home/joha/anaconda3/lib/python3.10/site-packages/airflow/example_dags/example_branch_operator_decorator.py took 0.085 seconds
[2023-08-02T11:12:00.658-0500] {processor.py:157} INFO - Started process (PID=105793) to work on /home/joha/anaconda3/lib/python3.10/site-packages/airflow/example_dags/example_branch_operator_decorator.py
[2023-08-02T11:12:00.668-0500] {processor.py:826} INFO - Processing file /home/joha/anaconda3/lib/python3.10/site-packages/airflow/example_dags/example_branch_operator_decorator.py for tasks to queue
[2023-08-02T11:12:00.672-0500] {logging_mixin.py:150} INFO - [2023-08-02T11:12:00.671-0500] {dagbag.py:541} INFO - Filling up the DagBag from /home/joha/anaconda3/lib/python3.10/site-packages/airflow/example_dags/example_branch_operator_decorator.py
[2023-08-02T11:12:00.711-0500] {processor.py:836} INFO - DAG(s) dict_keys(['example_branch_python_operator_decorator']) retrieved from /home/joha/anaconda3/lib/python3.10/site-packages/airflow/example_dags/example_branch_operator_decorator.py
[2023-08-02T11:12:00.743-0500] {logging_mixin.py:150} INFO - [2023-08-02T11:12:00.743-0500] {dag.py:2742} INFO - Sync 1 DAGs
[2023-08-02T11:12:00.769-0500] {logging_mixin.py:150} INFO - [2023-08-02T11:12:00.769-0500] {dag.py:3504} INFO - Setting next_dagrun for example_branch_python_operator_decorator to 2023-08-01T00:00:00+00:00, run_after=2023-08-02T00:00:00+00:00
[2023-08-02T11:12:00.798-0500] {processor.py:179} INFO - Processing /home/joha/anaconda3/lib/python3.10/site-packages/airflow/example_dags/example_branch_operator_decorator.py took 0.153 seconds
[2023-08-02T11:12:46.711-0500] {processor.py:157} INFO - Started process (PID=105893) to work on /home/joha/anaconda3/lib/python3.10/site-packages/airflow/example_dags/example_branch_operator_decorator.py
[2023-08-02T11:12:46.723-0500] {processor.py:826} INFO - Processing file /home/joha/anaconda3/lib/python3.10/site-packages/airflow/example_dags/example_branch_operator_decorator.py for tasks to queue
[2023-08-02T11:12:46.727-0500] {logging_mixin.py:150} INFO - [2023-08-02T11:12:46.725-0500] {dagbag.py:541} INFO - Filling up the DagBag from /home/joha/anaconda3/lib/python3.10/site-packages/airflow/example_dags/example_branch_operator_decorator.py
[2023-08-02T11:12:46.770-0500] {processor.py:836} INFO - DAG(s) dict_keys(['example_branch_python_operator_decorator']) retrieved from /home/joha/anaconda3/lib/python3.10/site-packages/airflow/example_dags/example_branch_operator_decorator.py
[2023-08-02T11:12:46.802-0500] {logging_mixin.py:150} INFO - [2023-08-02T11:12:46.802-0500] {dag.py:2742} INFO - Sync 1 DAGs
[2023-08-02T11:12:46.827-0500] {logging_mixin.py:150} INFO - [2023-08-02T11:12:46.827-0500] {dag.py:3504} INFO - Setting next_dagrun for example_branch_python_operator_decorator to 2023-08-01T00:00:00+00:00, run_after=2023-08-02T00:00:00+00:00
[2023-08-02T11:12:46.857-0500] {processor.py:179} INFO - Processing /home/joha/anaconda3/lib/python3.10/site-packages/airflow/example_dags/example_branch_operator_decorator.py took 0.159 seconds
[2023-08-02T11:13:33.013-0500] {processor.py:157} INFO - Started process (PID=105983) to work on /home/joha/anaconda3/lib/python3.10/site-packages/airflow/example_dags/example_branch_operator_decorator.py
[2023-08-02T11:13:33.014-0500] {processor.py:826} INFO - Processing file /home/joha/anaconda3/lib/python3.10/site-packages/airflow/example_dags/example_branch_operator_decorator.py for tasks to queue
[2023-08-02T11:13:33.015-0500] {logging_mixin.py:150} INFO - [2023-08-02T11:13:33.015-0500] {dagbag.py:541} INFO - Filling up the DagBag from /home/joha/anaconda3/lib/python3.10/site-packages/airflow/example_dags/example_branch_operator_decorator.py
[2023-08-02T11:13:33.027-0500] {processor.py:836} INFO - DAG(s) dict_keys(['example_branch_python_operator_decorator']) retrieved from /home/joha/anaconda3/lib/python3.10/site-packages/airflow/example_dags/example_branch_operator_decorator.py
[2023-08-02T11:13:33.051-0500] {logging_mixin.py:150} INFO - [2023-08-02T11:13:33.050-0500] {dag.py:2742} INFO - Sync 1 DAGs
[2023-08-02T11:13:33.075-0500] {logging_mixin.py:150} INFO - [2023-08-02T11:13:33.075-0500] {dag.py:3504} INFO - Setting next_dagrun for example_branch_python_operator_decorator to 2023-08-01T00:00:00+00:00, run_after=2023-08-02T00:00:00+00:00
[2023-08-02T11:13:33.101-0500] {processor.py:179} INFO - Processing /home/joha/anaconda3/lib/python3.10/site-packages/airflow/example_dags/example_branch_operator_decorator.py took 0.092 seconds
[2023-08-02T11:14:36.753-0500] {processor.py:157} INFO - Started process (PID=106063) to work on /home/joha/anaconda3/lib/python3.10/site-packages/airflow/example_dags/example_branch_operator_decorator.py
[2023-08-02T11:14:36.761-0500] {processor.py:826} INFO - Processing file /home/joha/anaconda3/lib/python3.10/site-packages/airflow/example_dags/example_branch_operator_decorator.py for tasks to queue
[2023-08-02T11:14:36.762-0500] {logging_mixin.py:150} INFO - [2023-08-02T11:14:36.761-0500] {dagbag.py:541} INFO - Filling up the DagBag from /home/joha/anaconda3/lib/python3.10/site-packages/airflow/example_dags/example_branch_operator_decorator.py
[2023-08-02T11:14:36.775-0500] {processor.py:836} INFO - DAG(s) dict_keys(['example_branch_python_operator_decorator']) retrieved from /home/joha/anaconda3/lib/python3.10/site-packages/airflow/example_dags/example_branch_operator_decorator.py
[2023-08-02T11:14:36.800-0500] {logging_mixin.py:150} INFO - [2023-08-02T11:14:36.800-0500] {dag.py:2742} INFO - Sync 1 DAGs
[2023-08-02T11:14:36.828-0500] {logging_mixin.py:150} INFO - [2023-08-02T11:14:36.828-0500] {dag.py:3504} INFO - Setting next_dagrun for example_branch_python_operator_decorator to 2023-08-01T00:00:00+00:00, run_after=2023-08-02T00:00:00+00:00
[2023-08-02T11:14:36.852-0500] {processor.py:179} INFO - Processing /home/joha/anaconda3/lib/python3.10/site-packages/airflow/example_dags/example_branch_operator_decorator.py took 0.102 seconds
[2023-08-02T11:15:22.952-0500] {processor.py:157} INFO - Started process (PID=106216) to work on /home/joha/anaconda3/lib/python3.10/site-packages/airflow/example_dags/example_branch_operator_decorator.py
[2023-08-02T11:15:22.960-0500] {processor.py:826} INFO - Processing file /home/joha/anaconda3/lib/python3.10/site-packages/airflow/example_dags/example_branch_operator_decorator.py for tasks to queue
[2023-08-02T11:15:22.961-0500] {logging_mixin.py:150} INFO - [2023-08-02T11:15:22.960-0500] {dagbag.py:541} INFO - Filling up the DagBag from /home/joha/anaconda3/lib/python3.10/site-packages/airflow/example_dags/example_branch_operator_decorator.py
[2023-08-02T11:15:22.971-0500] {processor.py:836} INFO - DAG(s) dict_keys(['example_branch_python_operator_decorator']) retrieved from /home/joha/anaconda3/lib/python3.10/site-packages/airflow/example_dags/example_branch_operator_decorator.py
[2023-08-02T11:15:22.995-0500] {logging_mixin.py:150} INFO - [2023-08-02T11:15:22.995-0500] {dag.py:2742} INFO - Sync 1 DAGs
[2023-08-02T11:15:23.020-0500] {logging_mixin.py:150} INFO - [2023-08-02T11:15:23.020-0500] {dag.py:3504} INFO - Setting next_dagrun for example_branch_python_operator_decorator to 2023-08-01T00:00:00+00:00, run_after=2023-08-02T00:00:00+00:00
[2023-08-02T11:15:23.040-0500] {processor.py:179} INFO - Processing /home/joha/anaconda3/lib/python3.10/site-packages/airflow/example_dags/example_branch_operator_decorator.py took 0.091 seconds
[2023-08-02T11:16:11.524-0500] {processor.py:157} INFO - Started process (PID=106349) to work on /home/joha/anaconda3/lib/python3.10/site-packages/airflow/example_dags/example_branch_operator_decorator.py
[2023-08-02T11:16:11.533-0500] {processor.py:826} INFO - Processing file /home/joha/anaconda3/lib/python3.10/site-packages/airflow/example_dags/example_branch_operator_decorator.py for tasks to queue
[2023-08-02T11:16:11.534-0500] {logging_mixin.py:150} INFO - [2023-08-02T11:16:11.533-0500] {dagbag.py:541} INFO - Filling up the DagBag from /home/joha/anaconda3/lib/python3.10/site-packages/airflow/example_dags/example_branch_operator_decorator.py
[2023-08-02T11:16:11.547-0500] {processor.py:836} INFO - DAG(s) dict_keys(['example_branch_python_operator_decorator']) retrieved from /home/joha/anaconda3/lib/python3.10/site-packages/airflow/example_dags/example_branch_operator_decorator.py
[2023-08-02T11:16:11.568-0500] {logging_mixin.py:150} INFO - [2023-08-02T11:16:11.567-0500] {dag.py:2742} INFO - Sync 1 DAGs
[2023-08-02T11:16:11.590-0500] {logging_mixin.py:150} INFO - [2023-08-02T11:16:11.590-0500] {dag.py:3504} INFO - Setting next_dagrun for example_branch_python_operator_decorator to 2023-08-01T00:00:00+00:00, run_after=2023-08-02T00:00:00+00:00
[2023-08-02T11:16:11.610-0500] {processor.py:179} INFO - Processing /home/joha/anaconda3/lib/python3.10/site-packages/airflow/example_dags/example_branch_operator_decorator.py took 0.093 seconds
[2023-08-02T11:16:59.052-0500] {processor.py:157} INFO - Started process (PID=106467) to work on /home/joha/anaconda3/lib/python3.10/site-packages/airflow/example_dags/example_branch_operator_decorator.py
[2023-08-02T11:16:59.061-0500] {processor.py:826} INFO - Processing file /home/joha/anaconda3/lib/python3.10/site-packages/airflow/example_dags/example_branch_operator_decorator.py for tasks to queue
[2023-08-02T11:16:59.064-0500] {logging_mixin.py:150} INFO - [2023-08-02T11:16:59.063-0500] {dagbag.py:541} INFO - Filling up the DagBag from /home/joha/anaconda3/lib/python3.10/site-packages/airflow/example_dags/example_branch_operator_decorator.py
[2023-08-02T11:16:59.111-0500] {processor.py:836} INFO - DAG(s) dict_keys(['example_branch_python_operator_decorator']) retrieved from /home/joha/anaconda3/lib/python3.10/site-packages/airflow/example_dags/example_branch_operator_decorator.py
[2023-08-02T11:16:59.159-0500] {logging_mixin.py:150} INFO - [2023-08-02T11:16:59.159-0500] {dag.py:2742} INFO - Sync 1 DAGs
[2023-08-02T11:16:59.181-0500] {logging_mixin.py:150} INFO - [2023-08-02T11:16:59.181-0500] {dag.py:3504} INFO - Setting next_dagrun for example_branch_python_operator_decorator to 2023-08-01T00:00:00+00:00, run_after=2023-08-02T00:00:00+00:00
[2023-08-02T11:16:59.201-0500] {processor.py:179} INFO - Processing /home/joha/anaconda3/lib/python3.10/site-packages/airflow/example_dags/example_branch_operator_decorator.py took 0.161 seconds
[2023-08-02T11:17:44.089-0500] {processor.py:157} INFO - Started process (PID=106592) to work on /home/joha/anaconda3/lib/python3.10/site-packages/airflow/example_dags/example_branch_operator_decorator.py
[2023-08-02T11:17:44.099-0500] {processor.py:826} INFO - Processing file /home/joha/anaconda3/lib/python3.10/site-packages/airflow/example_dags/example_branch_operator_decorator.py for tasks to queue
[2023-08-02T11:17:44.102-0500] {logging_mixin.py:150} INFO - [2023-08-02T11:17:44.100-0500] {dagbag.py:541} INFO - Filling up the DagBag from /home/joha/anaconda3/lib/python3.10/site-packages/airflow/example_dags/example_branch_operator_decorator.py
[2023-08-02T11:17:44.123-0500] {processor.py:836} INFO - DAG(s) dict_keys(['example_branch_python_operator_decorator']) retrieved from /home/joha/anaconda3/lib/python3.10/site-packages/airflow/example_dags/example_branch_operator_decorator.py
[2023-08-02T11:17:44.145-0500] {logging_mixin.py:150} INFO - [2023-08-02T11:17:44.145-0500] {dag.py:2742} INFO - Sync 1 DAGs
[2023-08-02T11:17:44.173-0500] {logging_mixin.py:150} INFO - [2023-08-02T11:17:44.173-0500] {dag.py:3504} INFO - Setting next_dagrun for example_branch_python_operator_decorator to 2023-08-01T00:00:00+00:00, run_after=2023-08-02T00:00:00+00:00
[2023-08-02T11:17:44.233-0500] {processor.py:179} INFO - Processing /home/joha/anaconda3/lib/python3.10/site-packages/airflow/example_dags/example_branch_operator_decorator.py took 0.153 seconds
[2023-08-02T11:18:49.204-0500] {processor.py:157} INFO - Started process (PID=106788) to work on /home/joha/anaconda3/lib/python3.10/site-packages/airflow/example_dags/example_branch_operator_decorator.py
[2023-08-02T11:18:49.212-0500] {processor.py:826} INFO - Processing file /home/joha/anaconda3/lib/python3.10/site-packages/airflow/example_dags/example_branch_operator_decorator.py for tasks to queue
[2023-08-02T11:18:49.213-0500] {logging_mixin.py:150} INFO - [2023-08-02T11:18:49.213-0500] {dagbag.py:541} INFO - Filling up the DagBag from /home/joha/anaconda3/lib/python3.10/site-packages/airflow/example_dags/example_branch_operator_decorator.py
[2023-08-02T11:18:49.230-0500] {processor.py:836} INFO - DAG(s) dict_keys(['example_branch_python_operator_decorator']) retrieved from /home/joha/anaconda3/lib/python3.10/site-packages/airflow/example_dags/example_branch_operator_decorator.py
[2023-08-02T11:18:49.253-0500] {logging_mixin.py:150} INFO - [2023-08-02T11:18:49.252-0500] {dag.py:2742} INFO - Sync 1 DAGs
[2023-08-02T11:18:49.274-0500] {logging_mixin.py:150} INFO - [2023-08-02T11:18:49.274-0500] {dag.py:3504} INFO - Setting next_dagrun for example_branch_python_operator_decorator to 2023-08-01T00:00:00+00:00, run_after=2023-08-02T00:00:00+00:00
[2023-08-02T11:18:49.297-0500] {processor.py:179} INFO - Processing /home/joha/anaconda3/lib/python3.10/site-packages/airflow/example_dags/example_branch_operator_decorator.py took 0.098 seconds
[2023-08-02T11:19:35.083-0500] {processor.py:157} INFO - Started process (PID=106897) to work on /home/joha/anaconda3/lib/python3.10/site-packages/airflow/example_dags/example_branch_operator_decorator.py
[2023-08-02T11:19:35.091-0500] {processor.py:826} INFO - Processing file /home/joha/anaconda3/lib/python3.10/site-packages/airflow/example_dags/example_branch_operator_decorator.py for tasks to queue
[2023-08-02T11:19:35.092-0500] {logging_mixin.py:150} INFO - [2023-08-02T11:19:35.091-0500] {dagbag.py:541} INFO - Filling up the DagBag from /home/joha/anaconda3/lib/python3.10/site-packages/airflow/example_dags/example_branch_operator_decorator.py
[2023-08-02T11:19:35.104-0500] {processor.py:836} INFO - DAG(s) dict_keys(['example_branch_python_operator_decorator']) retrieved from /home/joha/anaconda3/lib/python3.10/site-packages/airflow/example_dags/example_branch_operator_decorator.py
[2023-08-02T11:19:35.126-0500] {logging_mixin.py:150} INFO - [2023-08-02T11:19:35.126-0500] {dag.py:2742} INFO - Sync 1 DAGs
[2023-08-02T11:19:35.150-0500] {logging_mixin.py:150} INFO - [2023-08-02T11:19:35.149-0500] {dag.py:3504} INFO - Setting next_dagrun for example_branch_python_operator_decorator to 2023-08-01T00:00:00+00:00, run_after=2023-08-02T00:00:00+00:00
[2023-08-02T11:19:35.172-0500] {processor.py:179} INFO - Processing /home/joha/anaconda3/lib/python3.10/site-packages/airflow/example_dags/example_branch_operator_decorator.py took 0.092 seconds
[2023-08-02T11:20:24.905-0500] {processor.py:157} INFO - Started process (PID=107006) to work on /home/joha/anaconda3/lib/python3.10/site-packages/airflow/example_dags/example_branch_operator_decorator.py
[2023-08-02T11:20:24.913-0500] {processor.py:826} INFO - Processing file /home/joha/anaconda3/lib/python3.10/site-packages/airflow/example_dags/example_branch_operator_decorator.py for tasks to queue
[2023-08-02T11:20:24.916-0500] {logging_mixin.py:150} INFO - [2023-08-02T11:20:24.915-0500] {dagbag.py:541} INFO - Filling up the DagBag from /home/joha/anaconda3/lib/python3.10/site-packages/airflow/example_dags/example_branch_operator_decorator.py
[2023-08-02T11:20:24.937-0500] {processor.py:836} INFO - DAG(s) dict_keys(['example_branch_python_operator_decorator']) retrieved from /home/joha/anaconda3/lib/python3.10/site-packages/airflow/example_dags/example_branch_operator_decorator.py
[2023-08-02T11:20:24.960-0500] {logging_mixin.py:150} INFO - [2023-08-02T11:20:24.960-0500] {dag.py:2742} INFO - Sync 1 DAGs
[2023-08-02T11:20:24.987-0500] {logging_mixin.py:150} INFO - [2023-08-02T11:20:24.987-0500] {dag.py:3504} INFO - Setting next_dagrun for example_branch_python_operator_decorator to 2023-08-01T00:00:00+00:00, run_after=2023-08-02T00:00:00+00:00
[2023-08-02T11:20:25.014-0500] {processor.py:179} INFO - Processing /home/joha/anaconda3/lib/python3.10/site-packages/airflow/example_dags/example_branch_operator_decorator.py took 0.118 seconds
[2023-08-02T11:21:21.922-0500] {processor.py:157} INFO - Started process (PID=107125) to work on /home/joha/anaconda3/lib/python3.10/site-packages/airflow/example_dags/example_branch_operator_decorator.py
[2023-08-02T11:21:21.932-0500] {processor.py:826} INFO - Processing file /home/joha/anaconda3/lib/python3.10/site-packages/airflow/example_dags/example_branch_operator_decorator.py for tasks to queue
[2023-08-02T11:21:21.935-0500] {logging_mixin.py:150} INFO - [2023-08-02T11:21:21.934-0500] {dagbag.py:541} INFO - Filling up the DagBag from /home/joha/anaconda3/lib/python3.10/site-packages/airflow/example_dags/example_branch_operator_decorator.py
[2023-08-02T11:21:21.955-0500] {processor.py:836} INFO - DAG(s) dict_keys(['example_branch_python_operator_decorator']) retrieved from /home/joha/anaconda3/lib/python3.10/site-packages/airflow/example_dags/example_branch_operator_decorator.py
[2023-08-02T11:21:21.979-0500] {logging_mixin.py:150} INFO - [2023-08-02T11:21:21.978-0500] {dag.py:2742} INFO - Sync 1 DAGs
[2023-08-02T11:21:22.003-0500] {logging_mixin.py:150} INFO - [2023-08-02T11:21:22.002-0500] {dag.py:3504} INFO - Setting next_dagrun for example_branch_python_operator_decorator to 2023-08-01T00:00:00+00:00, run_after=2023-08-02T00:00:00+00:00
[2023-08-02T11:21:22.024-0500] {processor.py:179} INFO - Processing /home/joha/anaconda3/lib/python3.10/site-packages/airflow/example_dags/example_branch_operator_decorator.py took 0.114 seconds
[2023-08-02T11:22:22.356-0500] {processor.py:157} INFO - Started process (PID=107484) to work on /home/joha/anaconda3/lib/python3.10/site-packages/airflow/example_dags/example_branch_operator_decorator.py
[2023-08-02T11:22:22.362-0500] {processor.py:826} INFO - Processing file /home/joha/anaconda3/lib/python3.10/site-packages/airflow/example_dags/example_branch_operator_decorator.py for tasks to queue
[2023-08-02T11:22:22.364-0500] {logging_mixin.py:150} INFO - [2023-08-02T11:22:22.363-0500] {dagbag.py:541} INFO - Filling up the DagBag from /home/joha/anaconda3/lib/python3.10/site-packages/airflow/example_dags/example_branch_operator_decorator.py
[2023-08-02T11:22:22.377-0500] {processor.py:836} INFO - DAG(s) dict_keys(['example_branch_python_operator_decorator']) retrieved from /home/joha/anaconda3/lib/python3.10/site-packages/airflow/example_dags/example_branch_operator_decorator.py
[2023-08-02T11:22:22.403-0500] {logging_mixin.py:150} INFO - [2023-08-02T11:22:22.403-0500] {dag.py:2742} INFO - Sync 1 DAGs
[2023-08-02T11:22:22.431-0500] {logging_mixin.py:150} INFO - [2023-08-02T11:22:22.431-0500] {dag.py:3504} INFO - Setting next_dagrun for example_branch_python_operator_decorator to 2023-08-01T00:00:00+00:00, run_after=2023-08-02T00:00:00+00:00
[2023-08-02T11:22:22.459-0500] {processor.py:179} INFO - Processing /home/joha/anaconda3/lib/python3.10/site-packages/airflow/example_dags/example_branch_operator_decorator.py took 0.106 seconds
[2023-08-02T11:23:43.254-0500] {processor.py:157} INFO - Started process (PID=108141) to work on /home/joha/anaconda3/lib/python3.10/site-packages/airflow/example_dags/example_branch_operator_decorator.py
[2023-08-02T11:23:43.262-0500] {processor.py:826} INFO - Processing file /home/joha/anaconda3/lib/python3.10/site-packages/airflow/example_dags/example_branch_operator_decorator.py for tasks to queue
[2023-08-02T11:23:43.263-0500] {logging_mixin.py:150} INFO - [2023-08-02T11:23:43.263-0500] {dagbag.py:541} INFO - Filling up the DagBag from /home/joha/anaconda3/lib/python3.10/site-packages/airflow/example_dags/example_branch_operator_decorator.py
[2023-08-02T11:23:43.277-0500] {processor.py:836} INFO - DAG(s) dict_keys(['example_branch_python_operator_decorator']) retrieved from /home/joha/anaconda3/lib/python3.10/site-packages/airflow/example_dags/example_branch_operator_decorator.py
[2023-08-02T11:23:43.307-0500] {logging_mixin.py:150} INFO - [2023-08-02T11:23:43.307-0500] {dag.py:2742} INFO - Sync 1 DAGs
[2023-08-02T11:23:43.338-0500] {logging_mixin.py:150} INFO - [2023-08-02T11:23:43.338-0500] {dag.py:3504} INFO - Setting next_dagrun for example_branch_python_operator_decorator to 2023-08-01T00:00:00+00:00, run_after=2023-08-02T00:00:00+00:00
[2023-08-02T11:23:43.364-0500] {processor.py:179} INFO - Processing /home/joha/anaconda3/lib/python3.10/site-packages/airflow/example_dags/example_branch_operator_decorator.py took 0.118 seconds
[2023-08-02T11:25:15.365-0500] {processor.py:157} INFO - Started process (PID=108376) to work on /home/joha/anaconda3/lib/python3.10/site-packages/airflow/example_dags/example_branch_operator_decorator.py
[2023-08-02T11:25:15.373-0500] {processor.py:826} INFO - Processing file /home/joha/anaconda3/lib/python3.10/site-packages/airflow/example_dags/example_branch_operator_decorator.py for tasks to queue
[2023-08-02T11:25:15.375-0500] {logging_mixin.py:150} INFO - [2023-08-02T11:25:15.374-0500] {dagbag.py:541} INFO - Filling up the DagBag from /home/joha/anaconda3/lib/python3.10/site-packages/airflow/example_dags/example_branch_operator_decorator.py
[2023-08-02T11:25:15.419-0500] {processor.py:836} INFO - DAG(s) dict_keys(['example_branch_python_operator_decorator']) retrieved from /home/joha/anaconda3/lib/python3.10/site-packages/airflow/example_dags/example_branch_operator_decorator.py
[2023-08-02T11:25:15.548-0500] {logging_mixin.py:150} INFO - [2023-08-02T11:25:15.548-0500] {dag.py:2742} INFO - Sync 1 DAGs
[2023-08-02T11:25:15.851-0500] {logging_mixin.py:150} INFO - [2023-08-02T11:25:15.851-0500] {dag.py:3504} INFO - Setting next_dagrun for example_branch_python_operator_decorator to 2023-08-01T00:00:00+00:00, run_after=2023-08-02T00:00:00+00:00
[2023-08-02T11:25:15.882-0500] {processor.py:179} INFO - Processing /home/joha/anaconda3/lib/python3.10/site-packages/airflow/example_dags/example_branch_operator_decorator.py took 0.521 seconds
[2023-08-02T11:26:11.960-0500] {processor.py:157} INFO - Started process (PID=108464) to work on /home/joha/anaconda3/lib/python3.10/site-packages/airflow/example_dags/example_branch_operator_decorator.py
[2023-08-02T11:26:11.970-0500] {processor.py:826} INFO - Processing file /home/joha/anaconda3/lib/python3.10/site-packages/airflow/example_dags/example_branch_operator_decorator.py for tasks to queue
[2023-08-02T11:26:11.974-0500] {logging_mixin.py:150} INFO - [2023-08-02T11:26:11.973-0500] {dagbag.py:541} INFO - Filling up the DagBag from /home/joha/anaconda3/lib/python3.10/site-packages/airflow/example_dags/example_branch_operator_decorator.py
[2023-08-02T11:26:12.013-0500] {processor.py:836} INFO - DAG(s) dict_keys(['example_branch_python_operator_decorator']) retrieved from /home/joha/anaconda3/lib/python3.10/site-packages/airflow/example_dags/example_branch_operator_decorator.py
[2023-08-02T11:26:12.042-0500] {logging_mixin.py:150} INFO - [2023-08-02T11:26:12.042-0500] {dag.py:2742} INFO - Sync 1 DAGs
[2023-08-02T11:26:12.064-0500] {logging_mixin.py:150} INFO - [2023-08-02T11:26:12.064-0500] {dag.py:3504} INFO - Setting next_dagrun for example_branch_python_operator_decorator to 2023-08-01T00:00:00+00:00, run_after=2023-08-02T00:00:00+00:00
[2023-08-02T11:26:12.086-0500] {processor.py:179} INFO - Processing /home/joha/anaconda3/lib/python3.10/site-packages/airflow/example_dags/example_branch_operator_decorator.py took 0.138 seconds
