[2023-08-01T20:25:49.891-0500] {processor.py:157} INFO - Started process (PID=99570) to work on /home/joha/anaconda3/lib/python3.10/site-packages/airflow/example_dags/example_setup_teardown_taskflow.py
[2023-08-01T20:25:49.892-0500] {processor.py:826} INFO - Processing file /home/joha/anaconda3/lib/python3.10/site-packages/airflow/example_dags/example_setup_teardown_taskflow.py for tasks to queue
[2023-08-01T20:25:49.893-0500] {logging_mixin.py:150} INFO - [2023-08-01T20:25:49.892-0500] {dagbag.py:541} INFO - Filling up the DagBag from /home/joha/anaconda3/lib/python3.10/site-packages/airflow/example_dags/example_setup_teardown_taskflow.py
[2023-08-01T20:25:49.896-0500] {processor.py:838} WARNING - No viable dags retrieved from /home/joha/anaconda3/lib/python3.10/site-packages/airflow/example_dags/example_setup_teardown_taskflow.py
[2023-08-01T20:25:49.909-0500] {processor.py:179} INFO - Processing /home/joha/anaconda3/lib/python3.10/site-packages/airflow/example_dags/example_setup_teardown_taskflow.py took 0.023 seconds
[2023-08-02T11:08:57.465-0500] {processor.py:157} INFO - Started process (PID=105268) to work on /home/joha/anaconda3/lib/python3.10/site-packages/airflow/example_dags/example_setup_teardown_taskflow.py
[2023-08-02T11:08:57.473-0500] {processor.py:826} INFO - Processing file /home/joha/anaconda3/lib/python3.10/site-packages/airflow/example_dags/example_setup_teardown_taskflow.py for tasks to queue
[2023-08-02T11:08:57.474-0500] {logging_mixin.py:150} INFO - [2023-08-02T11:08:57.474-0500] {dagbag.py:541} INFO - Filling up the DagBag from /home/joha/anaconda3/lib/python3.10/site-packages/airflow/example_dags/example_setup_teardown_taskflow.py
[2023-08-02T11:08:57.477-0500] {processor.py:838} WARNING - No viable dags retrieved from /home/joha/anaconda3/lib/python3.10/site-packages/airflow/example_dags/example_setup_teardown_taskflow.py
[2023-08-02T11:08:57.489-0500] {processor.py:179} INFO - Processing /home/joha/anaconda3/lib/python3.10/site-packages/airflow/example_dags/example_setup_teardown_taskflow.py took 0.029 seconds
[2023-08-02T11:09:52.481-0500] {processor.py:157} INFO - Started process (PID=105400) to work on /home/joha/anaconda3/lib/python3.10/site-packages/airflow/example_dags/example_setup_teardown_taskflow.py
[2023-08-02T11:09:52.491-0500] {processor.py:826} INFO - Processing file /home/joha/anaconda3/lib/python3.10/site-packages/airflow/example_dags/example_setup_teardown_taskflow.py for tasks to queue
[2023-08-02T11:09:52.494-0500] {logging_mixin.py:150} INFO - [2023-08-02T11:09:52.493-0500] {dagbag.py:541} INFO - Filling up the DagBag from /home/joha/anaconda3/lib/python3.10/site-packages/airflow/example_dags/example_setup_teardown_taskflow.py
[2023-08-02T11:09:52.501-0500] {processor.py:838} WARNING - No viable dags retrieved from /home/joha/anaconda3/lib/python3.10/site-packages/airflow/example_dags/example_setup_teardown_taskflow.py
[2023-08-02T11:09:52.529-0500] {processor.py:179} INFO - Processing /home/joha/anaconda3/lib/python3.10/site-packages/airflow/example_dags/example_setup_teardown_taskflow.py took 0.057 seconds
[2023-08-02T11:11:01.419-0500] {processor.py:157} INFO - Started process (PID=105615) to work on /home/joha/anaconda3/lib/python3.10/site-packages/airflow/example_dags/example_setup_teardown_taskflow.py
[2023-08-02T11:11:01.427-0500] {processor.py:826} INFO - Processing file /home/joha/anaconda3/lib/python3.10/site-packages/airflow/example_dags/example_setup_teardown_taskflow.py for tasks to queue
[2023-08-02T11:11:01.427-0500] {logging_mixin.py:150} INFO - [2023-08-02T11:11:01.427-0500] {dagbag.py:541} INFO - Filling up the DagBag from /home/joha/anaconda3/lib/python3.10/site-packages/airflow/example_dags/example_setup_teardown_taskflow.py
[2023-08-02T11:11:01.430-0500] {processor.py:838} WARNING - No viable dags retrieved from /home/joha/anaconda3/lib/python3.10/site-packages/airflow/example_dags/example_setup_teardown_taskflow.py
[2023-08-02T11:11:01.441-0500] {processor.py:179} INFO - Processing /home/joha/anaconda3/lib/python3.10/site-packages/airflow/example_dags/example_setup_teardown_taskflow.py took 0.026 seconds
[2023-08-02T11:12:13.109-0500] {processor.py:157} INFO - Started process (PID=105824) to work on /home/joha/anaconda3/lib/python3.10/site-packages/airflow/example_dags/example_setup_teardown_taskflow.py
[2023-08-02T11:12:13.118-0500] {processor.py:826} INFO - Processing file /home/joha/anaconda3/lib/python3.10/site-packages/airflow/example_dags/example_setup_teardown_taskflow.py for tasks to queue
[2023-08-02T11:12:13.120-0500] {logging_mixin.py:150} INFO - [2023-08-02T11:12:13.119-0500] {dagbag.py:541} INFO - Filling up the DagBag from /home/joha/anaconda3/lib/python3.10/site-packages/airflow/example_dags/example_setup_teardown_taskflow.py
[2023-08-02T11:12:13.123-0500] {processor.py:838} WARNING - No viable dags retrieved from /home/joha/anaconda3/lib/python3.10/site-packages/airflow/example_dags/example_setup_teardown_taskflow.py
[2023-08-02T11:12:13.138-0500] {processor.py:179} INFO - Processing /home/joha/anaconda3/lib/python3.10/site-packages/airflow/example_dags/example_setup_teardown_taskflow.py took 0.034 seconds
[2023-08-02T11:13:15.931-0500] {processor.py:157} INFO - Started process (PID=105949) to work on /home/joha/anaconda3/lib/python3.10/site-packages/airflow/example_dags/example_setup_teardown_taskflow.py
[2023-08-02T11:13:15.938-0500] {processor.py:826} INFO - Processing file /home/joha/anaconda3/lib/python3.10/site-packages/airflow/example_dags/example_setup_teardown_taskflow.py for tasks to queue
[2023-08-02T11:13:15.939-0500] {logging_mixin.py:150} INFO - [2023-08-02T11:13:15.939-0500] {dagbag.py:541} INFO - Filling up the DagBag from /home/joha/anaconda3/lib/python3.10/site-packages/airflow/example_dags/example_setup_teardown_taskflow.py
[2023-08-02T11:13:15.941-0500] {processor.py:838} WARNING - No viable dags retrieved from /home/joha/anaconda3/lib/python3.10/site-packages/airflow/example_dags/example_setup_teardown_taskflow.py
[2023-08-02T11:13:15.951-0500] {processor.py:179} INFO - Processing /home/joha/anaconda3/lib/python3.10/site-packages/airflow/example_dags/example_setup_teardown_taskflow.py took 0.023 seconds
[2023-08-02T11:14:17.322-0500] {processor.py:157} INFO - Started process (PID=106043) to work on /home/joha/anaconda3/lib/python3.10/site-packages/airflow/example_dags/example_setup_teardown_taskflow.py
[2023-08-02T11:14:17.330-0500] {processor.py:826} INFO - Processing file /home/joha/anaconda3/lib/python3.10/site-packages/airflow/example_dags/example_setup_teardown_taskflow.py for tasks to queue
[2023-08-02T11:14:17.331-0500] {logging_mixin.py:150} INFO - [2023-08-02T11:14:17.330-0500] {dagbag.py:541} INFO - Filling up the DagBag from /home/joha/anaconda3/lib/python3.10/site-packages/airflow/example_dags/example_setup_teardown_taskflow.py
[2023-08-02T11:14:17.333-0500] {processor.py:838} WARNING - No viable dags retrieved from /home/joha/anaconda3/lib/python3.10/site-packages/airflow/example_dags/example_setup_teardown_taskflow.py
[2023-08-02T11:14:17.344-0500] {processor.py:179} INFO - Processing /home/joha/anaconda3/lib/python3.10/site-packages/airflow/example_dags/example_setup_teardown_taskflow.py took 0.026 seconds
[2023-08-02T11:15:28.292-0500] {processor.py:157} INFO - Started process (PID=106227) to work on /home/joha/anaconda3/lib/python3.10/site-packages/airflow/example_dags/example_setup_teardown_taskflow.py
[2023-08-02T11:15:28.300-0500] {processor.py:826} INFO - Processing file /home/joha/anaconda3/lib/python3.10/site-packages/airflow/example_dags/example_setup_teardown_taskflow.py for tasks to queue
[2023-08-02T11:15:28.301-0500] {logging_mixin.py:150} INFO - [2023-08-02T11:15:28.300-0500] {dagbag.py:541} INFO - Filling up the DagBag from /home/joha/anaconda3/lib/python3.10/site-packages/airflow/example_dags/example_setup_teardown_taskflow.py
[2023-08-02T11:15:28.303-0500] {processor.py:838} WARNING - No viable dags retrieved from /home/joha/anaconda3/lib/python3.10/site-packages/airflow/example_dags/example_setup_teardown_taskflow.py
[2023-08-02T11:15:28.316-0500] {processor.py:179} INFO - Processing /home/joha/anaconda3/lib/python3.10/site-packages/airflow/example_dags/example_setup_teardown_taskflow.py took 0.028 seconds
[2023-08-02T11:16:21.293-0500] {processor.py:157} INFO - Started process (PID=106372) to work on /home/joha/anaconda3/lib/python3.10/site-packages/airflow/example_dags/example_setup_teardown_taskflow.py
[2023-08-02T11:16:21.300-0500] {processor.py:826} INFO - Processing file /home/joha/anaconda3/lib/python3.10/site-packages/airflow/example_dags/example_setup_teardown_taskflow.py for tasks to queue
[2023-08-02T11:16:21.301-0500] {logging_mixin.py:150} INFO - [2023-08-02T11:16:21.301-0500] {dagbag.py:541} INFO - Filling up the DagBag from /home/joha/anaconda3/lib/python3.10/site-packages/airflow/example_dags/example_setup_teardown_taskflow.py
[2023-08-02T11:16:21.303-0500] {processor.py:838} WARNING - No viable dags retrieved from /home/joha/anaconda3/lib/python3.10/site-packages/airflow/example_dags/example_setup_teardown_taskflow.py
[2023-08-02T11:16:21.313-0500] {processor.py:179} INFO - Processing /home/joha/anaconda3/lib/python3.10/site-packages/airflow/example_dags/example_setup_teardown_taskflow.py took 0.023 seconds
[2023-08-02T11:17:29.653-0500] {processor.py:157} INFO - Started process (PID=106554) to work on /home/joha/anaconda3/lib/python3.10/site-packages/airflow/example_dags/example_setup_teardown_taskflow.py
[2023-08-02T11:17:29.662-0500] {processor.py:826} INFO - Processing file /home/joha/anaconda3/lib/python3.10/site-packages/airflow/example_dags/example_setup_teardown_taskflow.py for tasks to queue
[2023-08-02T11:17:29.665-0500] {logging_mixin.py:150} INFO - [2023-08-02T11:17:29.664-0500] {dagbag.py:541} INFO - Filling up the DagBag from /home/joha/anaconda3/lib/python3.10/site-packages/airflow/example_dags/example_setup_teardown_taskflow.py
[2023-08-02T11:17:29.672-0500] {processor.py:838} WARNING - No viable dags retrieved from /home/joha/anaconda3/lib/python3.10/site-packages/airflow/example_dags/example_setup_teardown_taskflow.py
[2023-08-02T11:17:29.688-0500] {processor.py:179} INFO - Processing /home/joha/anaconda3/lib/python3.10/site-packages/airflow/example_dags/example_setup_teardown_taskflow.py took 0.044 seconds
[2023-08-02T11:18:34.448-0500] {processor.py:157} INFO - Started process (PID=106747) to work on /home/joha/anaconda3/lib/python3.10/site-packages/airflow/example_dags/example_setup_teardown_taskflow.py
[2023-08-02T11:18:34.455-0500] {processor.py:826} INFO - Processing file /home/joha/anaconda3/lib/python3.10/site-packages/airflow/example_dags/example_setup_teardown_taskflow.py for tasks to queue
[2023-08-02T11:18:34.457-0500] {logging_mixin.py:150} INFO - [2023-08-02T11:18:34.456-0500] {dagbag.py:541} INFO - Filling up the DagBag from /home/joha/anaconda3/lib/python3.10/site-packages/airflow/example_dags/example_setup_teardown_taskflow.py
[2023-08-02T11:18:34.463-0500] {processor.py:838} WARNING - No viable dags retrieved from /home/joha/anaconda3/lib/python3.10/site-packages/airflow/example_dags/example_setup_teardown_taskflow.py
[2023-08-02T11:18:34.472-0500] {processor.py:179} INFO - Processing /home/joha/anaconda3/lib/python3.10/site-packages/airflow/example_dags/example_setup_teardown_taskflow.py took 0.028 seconds
[2023-08-02T11:19:47.763-0500] {processor.py:157} INFO - Started process (PID=106909) to work on /home/joha/anaconda3/lib/python3.10/site-packages/airflow/example_dags/example_setup_teardown_taskflow.py
[2023-08-02T11:19:47.775-0500] {processor.py:826} INFO - Processing file /home/joha/anaconda3/lib/python3.10/site-packages/airflow/example_dags/example_setup_teardown_taskflow.py for tasks to queue
[2023-08-02T11:19:47.776-0500] {logging_mixin.py:150} INFO - [2023-08-02T11:19:47.776-0500] {dagbag.py:541} INFO - Filling up the DagBag from /home/joha/anaconda3/lib/python3.10/site-packages/airflow/example_dags/example_setup_teardown_taskflow.py
[2023-08-02T11:19:47.779-0500] {processor.py:838} WARNING - No viable dags retrieved from /home/joha/anaconda3/lib/python3.10/site-packages/airflow/example_dags/example_setup_teardown_taskflow.py
[2023-08-02T11:19:47.789-0500] {processor.py:179} INFO - Processing /home/joha/anaconda3/lib/python3.10/site-packages/airflow/example_dags/example_setup_teardown_taskflow.py took 0.030 seconds
[2023-08-02T11:21:06.618-0500] {processor.py:157} INFO - Started process (PID=107105) to work on /home/joha/anaconda3/lib/python3.10/site-packages/airflow/example_dags/example_setup_teardown_taskflow.py
[2023-08-02T11:21:06.620-0500] {processor.py:826} INFO - Processing file /home/joha/anaconda3/lib/python3.10/site-packages/airflow/example_dags/example_setup_teardown_taskflow.py for tasks to queue
[2023-08-02T11:21:06.621-0500] {logging_mixin.py:150} INFO - [2023-08-02T11:21:06.620-0500] {dagbag.py:541} INFO - Filling up the DagBag from /home/joha/anaconda3/lib/python3.10/site-packages/airflow/example_dags/example_setup_teardown_taskflow.py
[2023-08-02T11:21:06.624-0500] {processor.py:838} WARNING - No viable dags retrieved from /home/joha/anaconda3/lib/python3.10/site-packages/airflow/example_dags/example_setup_teardown_taskflow.py
[2023-08-02T11:21:06.809-0500] {processor.py:179} INFO - Processing /home/joha/anaconda3/lib/python3.10/site-packages/airflow/example_dags/example_setup_teardown_taskflow.py took 0.196 seconds
[2023-08-02T11:22:08.005-0500] {processor.py:157} INFO - Started process (PID=107414) to work on /home/joha/anaconda3/lib/python3.10/site-packages/airflow/example_dags/example_setup_teardown_taskflow.py
[2023-08-02T11:22:08.013-0500] {processor.py:826} INFO - Processing file /home/joha/anaconda3/lib/python3.10/site-packages/airflow/example_dags/example_setup_teardown_taskflow.py for tasks to queue
[2023-08-02T11:22:08.015-0500] {logging_mixin.py:150} INFO - [2023-08-02T11:22:08.014-0500] {dagbag.py:541} INFO - Filling up the DagBag from /home/joha/anaconda3/lib/python3.10/site-packages/airflow/example_dags/example_setup_teardown_taskflow.py
[2023-08-02T11:22:08.017-0500] {processor.py:838} WARNING - No viable dags retrieved from /home/joha/anaconda3/lib/python3.10/site-packages/airflow/example_dags/example_setup_teardown_taskflow.py
[2023-08-02T11:22:08.028-0500] {processor.py:179} INFO - Processing /home/joha/anaconda3/lib/python3.10/site-packages/airflow/example_dags/example_setup_teardown_taskflow.py took 0.026 seconds
[2023-08-02T11:23:21.282-0500] {processor.py:157} INFO - Started process (PID=108038) to work on /home/joha/anaconda3/lib/python3.10/site-packages/airflow/example_dags/example_setup_teardown_taskflow.py
[2023-08-02T11:23:21.344-0500] {processor.py:826} INFO - Processing file /home/joha/anaconda3/lib/python3.10/site-packages/airflow/example_dags/example_setup_teardown_taskflow.py for tasks to queue
[2023-08-02T11:23:21.355-0500] {logging_mixin.py:150} INFO - [2023-08-02T11:23:21.352-0500] {dagbag.py:541} INFO - Filling up the DagBag from /home/joha/anaconda3/lib/python3.10/site-packages/airflow/example_dags/example_setup_teardown_taskflow.py
[2023-08-02T11:23:21.397-0500] {processor.py:838} WARNING - No viable dags retrieved from /home/joha/anaconda3/lib/python3.10/site-packages/airflow/example_dags/example_setup_teardown_taskflow.py
[2023-08-02T11:23:21.494-0500] {processor.py:179} INFO - Processing /home/joha/anaconda3/lib/python3.10/site-packages/airflow/example_dags/example_setup_teardown_taskflow.py took 0.223 seconds
[2023-08-02T11:24:51.529-0500] {processor.py:157} INFO - Started process (PID=108319) to work on /home/joha/anaconda3/lib/python3.10/site-packages/airflow/example_dags/example_setup_teardown_taskflow.py
[2023-08-02T11:24:51.537-0500] {processor.py:826} INFO - Processing file /home/joha/anaconda3/lib/python3.10/site-packages/airflow/example_dags/example_setup_teardown_taskflow.py for tasks to queue
[2023-08-02T11:24:51.540-0500] {logging_mixin.py:150} INFO - [2023-08-02T11:24:51.539-0500] {dagbag.py:541} INFO - Filling up the DagBag from /home/joha/anaconda3/lib/python3.10/site-packages/airflow/example_dags/example_setup_teardown_taskflow.py
[2023-08-02T11:24:51.543-0500] {processor.py:838} WARNING - No viable dags retrieved from /home/joha/anaconda3/lib/python3.10/site-packages/airflow/example_dags/example_setup_teardown_taskflow.py
[2023-08-02T11:24:51.558-0500] {processor.py:179} INFO - Processing /home/joha/anaconda3/lib/python3.10/site-packages/airflow/example_dags/example_setup_teardown_taskflow.py took 0.034 seconds
[2023-08-02T11:26:00.629-0500] {processor.py:157} INFO - Started process (PID=108439) to work on /home/joha/anaconda3/lib/python3.10/site-packages/airflow/example_dags/example_setup_teardown_taskflow.py
[2023-08-02T11:26:00.637-0500] {processor.py:826} INFO - Processing file /home/joha/anaconda3/lib/python3.10/site-packages/airflow/example_dags/example_setup_teardown_taskflow.py for tasks to queue
[2023-08-02T11:26:00.639-0500] {logging_mixin.py:150} INFO - [2023-08-02T11:26:00.639-0500] {dagbag.py:541} INFO - Filling up the DagBag from /home/joha/anaconda3/lib/python3.10/site-packages/airflow/example_dags/example_setup_teardown_taskflow.py
[2023-08-02T11:26:00.644-0500] {processor.py:838} WARNING - No viable dags retrieved from /home/joha/anaconda3/lib/python3.10/site-packages/airflow/example_dags/example_setup_teardown_taskflow.py
[2023-08-02T11:26:00.667-0500] {processor.py:179} INFO - Processing /home/joha/anaconda3/lib/python3.10/site-packages/airflow/example_dags/example_setup_teardown_taskflow.py took 0.044 seconds
