[2023-08-01T20:26:16.975-0500] {processor.py:157} INFO - Started process (PID=99607) to work on /home/joha/anaconda3/lib/python3.10/site-packages/airflow/example_dags/example_branch_datetime_operator.py
[2023-08-01T20:26:16.976-0500] {processor.py:826} INFO - Processing file /home/joha/anaconda3/lib/python3.10/site-packages/airflow/example_dags/example_branch_datetime_operator.py for tasks to queue
[2023-08-01T20:26:16.977-0500] {logging_mixin.py:150} INFO - [2023-08-01T20:26:16.977-0500] {dagbag.py:541} INFO - Filling up the DagBag from /home/joha/anaconda3/lib/python3.10/site-packages/airflow/example_dags/example_branch_datetime_operator.py
[2023-08-01T20:26:16.990-0500] {processor.py:836} INFO - DAG(s) dict_keys(['example_branch_datetime_operator', 'example_branch_datetime_operator_3', 'example_branch_datetime_operator_2']) retrieved from /home/joha/anaconda3/lib/python3.10/site-packages/airflow/example_dags/example_branch_datetime_operator.py
[2023-08-01T20:26:17.016-0500] {logging_mixin.py:150} INFO - [2023-08-01T20:26:17.016-0500] {dag.py:2742} INFO - Sync 3 DAGs
[2023-08-01T20:26:17.039-0500] {logging_mixin.py:150} INFO - [2023-08-01T20:26:17.039-0500] {dag.py:3504} INFO - Setting next_dagrun for example_branch_datetime_operator to 2023-08-01T00:00:00+00:00, run_after=2023-08-02T00:00:00+00:00
[2023-08-01T20:26:17.043-0500] {logging_mixin.py:150} INFO - [2023-08-01T20:26:17.043-0500] {dag.py:3504} INFO - Setting next_dagrun for example_branch_datetime_operator_2 to 2023-08-01T00:00:00+00:00, run_after=2023-08-02T00:00:00+00:00
[2023-08-01T20:26:17.045-0500] {logging_mixin.py:150} INFO - [2023-08-01T20:26:17.045-0500] {dag.py:3504} INFO - Setting next_dagrun for example_branch_datetime_operator_3 to 2023-08-01T00:00:00+00:00, run_after=2023-08-02T00:00:00+00:00
[2023-08-01T20:26:17.071-0500] {processor.py:179} INFO - Processing /home/joha/anaconda3/lib/python3.10/site-packages/airflow/example_dags/example_branch_datetime_operator.py took 0.099 seconds
[2023-08-02T11:09:02.627-0500] {processor.py:157} INFO - Started process (PID=105273) to work on /home/joha/anaconda3/lib/python3.10/site-packages/airflow/example_dags/example_branch_datetime_operator.py
[2023-08-02T11:09:02.635-0500] {processor.py:826} INFO - Processing file /home/joha/anaconda3/lib/python3.10/site-packages/airflow/example_dags/example_branch_datetime_operator.py for tasks to queue
[2023-08-02T11:09:02.638-0500] {logging_mixin.py:150} INFO - [2023-08-02T11:09:02.637-0500] {dagbag.py:541} INFO - Filling up the DagBag from /home/joha/anaconda3/lib/python3.10/site-packages/airflow/example_dags/example_branch_datetime_operator.py
[2023-08-02T11:09:02.657-0500] {processor.py:836} INFO - DAG(s) dict_keys(['example_branch_datetime_operator_3', 'example_branch_datetime_operator_2', 'example_branch_datetime_operator']) retrieved from /home/joha/anaconda3/lib/python3.10/site-packages/airflow/example_dags/example_branch_datetime_operator.py
[2023-08-02T11:09:02.687-0500] {logging_mixin.py:150} INFO - [2023-08-02T11:09:02.687-0500] {dag.py:2742} INFO - Sync 3 DAGs
[2023-08-02T11:09:02.711-0500] {logging_mixin.py:150} INFO - [2023-08-02T11:09:02.710-0500] {dag.py:3504} INFO - Setting next_dagrun for example_branch_datetime_operator to 2023-08-01T00:00:00+00:00, run_after=2023-08-02T00:00:00+00:00
[2023-08-02T11:09:02.717-0500] {logging_mixin.py:150} INFO - [2023-08-02T11:09:02.717-0500] {dag.py:3504} INFO - Setting next_dagrun for example_branch_datetime_operator_2 to 2023-08-01T00:00:00+00:00, run_after=2023-08-02T00:00:00+00:00
[2023-08-02T11:09:02.720-0500] {logging_mixin.py:150} INFO - [2023-08-02T11:09:02.720-0500] {dag.py:3504} INFO - Setting next_dagrun for example_branch_datetime_operator_3 to 2023-08-01T00:00:00+00:00, run_after=2023-08-02T00:00:00+00:00
[2023-08-02T11:09:02.741-0500] {processor.py:179} INFO - Processing /home/joha/anaconda3/lib/python3.10/site-packages/airflow/example_dags/example_branch_datetime_operator.py took 0.118 seconds
[2023-08-02T11:10:15.732-0500] {processor.py:157} INFO - Started process (PID=105498) to work on /home/joha/anaconda3/lib/python3.10/site-packages/airflow/example_dags/example_branch_datetime_operator.py
[2023-08-02T11:10:15.740-0500] {processor.py:826} INFO - Processing file /home/joha/anaconda3/lib/python3.10/site-packages/airflow/example_dags/example_branch_datetime_operator.py for tasks to queue
[2023-08-02T11:10:15.743-0500] {logging_mixin.py:150} INFO - [2023-08-02T11:10:15.742-0500] {dagbag.py:541} INFO - Filling up the DagBag from /home/joha/anaconda3/lib/python3.10/site-packages/airflow/example_dags/example_branch_datetime_operator.py
[2023-08-02T11:10:15.788-0500] {processor.py:836} INFO - DAG(s) dict_keys(['example_branch_datetime_operator_3', 'example_branch_datetime_operator', 'example_branch_datetime_operator_2']) retrieved from /home/joha/anaconda3/lib/python3.10/site-packages/airflow/example_dags/example_branch_datetime_operator.py
[2023-08-02T11:10:15.881-0500] {logging_mixin.py:150} INFO - [2023-08-02T11:10:15.880-0500] {dag.py:2742} INFO - Sync 3 DAGs
[2023-08-02T11:10:15.911-0500] {logging_mixin.py:150} INFO - [2023-08-02T11:10:15.910-0500] {dag.py:3504} INFO - Setting next_dagrun for example_branch_datetime_operator to 2023-08-01T00:00:00+00:00, run_after=2023-08-02T00:00:00+00:00
[2023-08-02T11:10:15.916-0500] {logging_mixin.py:150} INFO - [2023-08-02T11:10:15.915-0500] {dag.py:3504} INFO - Setting next_dagrun for example_branch_datetime_operator_2 to 2023-08-01T00:00:00+00:00, run_after=2023-08-02T00:00:00+00:00
[2023-08-02T11:10:15.919-0500] {logging_mixin.py:150} INFO - [2023-08-02T11:10:15.919-0500] {dag.py:3504} INFO - Setting next_dagrun for example_branch_datetime_operator_3 to 2023-08-01T00:00:00+00:00, run_after=2023-08-02T00:00:00+00:00
[2023-08-02T11:10:15.945-0500] {processor.py:179} INFO - Processing /home/joha/anaconda3/lib/python3.10/site-packages/airflow/example_dags/example_branch_datetime_operator.py took 0.217 seconds
[2023-08-02T11:11:25.333-0500] {processor.py:157} INFO - Started process (PID=105688) to work on /home/joha/anaconda3/lib/python3.10/site-packages/airflow/example_dags/example_branch_datetime_operator.py
[2023-08-02T11:11:25.341-0500] {processor.py:826} INFO - Processing file /home/joha/anaconda3/lib/python3.10/site-packages/airflow/example_dags/example_branch_datetime_operator.py for tasks to queue
[2023-08-02T11:11:25.344-0500] {logging_mixin.py:150} INFO - [2023-08-02T11:11:25.343-0500] {dagbag.py:541} INFO - Filling up the DagBag from /home/joha/anaconda3/lib/python3.10/site-packages/airflow/example_dags/example_branch_datetime_operator.py
[2023-08-02T11:11:25.379-0500] {processor.py:836} INFO - DAG(s) dict_keys(['example_branch_datetime_operator_2', 'example_branch_datetime_operator', 'example_branch_datetime_operator_3']) retrieved from /home/joha/anaconda3/lib/python3.10/site-packages/airflow/example_dags/example_branch_datetime_operator.py
[2023-08-02T11:11:25.409-0500] {logging_mixin.py:150} INFO - [2023-08-02T11:11:25.409-0500] {dag.py:2742} INFO - Sync 3 DAGs
[2023-08-02T11:11:25.431-0500] {logging_mixin.py:150} INFO - [2023-08-02T11:11:25.431-0500] {dag.py:3504} INFO - Setting next_dagrun for example_branch_datetime_operator to 2023-08-01T00:00:00+00:00, run_after=2023-08-02T00:00:00+00:00
[2023-08-02T11:11:25.438-0500] {logging_mixin.py:150} INFO - [2023-08-02T11:11:25.437-0500] {dag.py:3504} INFO - Setting next_dagrun for example_branch_datetime_operator_2 to 2023-08-01T00:00:00+00:00, run_after=2023-08-02T00:00:00+00:00
[2023-08-02T11:11:25.441-0500] {logging_mixin.py:150} INFO - [2023-08-02T11:11:25.441-0500] {dag.py:3504} INFO - Setting next_dagrun for example_branch_datetime_operator_3 to 2023-08-01T00:00:00+00:00, run_after=2023-08-02T00:00:00+00:00
[2023-08-02T11:11:25.472-0500] {processor.py:179} INFO - Processing /home/joha/anaconda3/lib/python3.10/site-packages/airflow/example_dags/example_branch_datetime_operator.py took 0.144 seconds
[2023-08-02T11:12:37.764-0500] {processor.py:157} INFO - Started process (PID=105866) to work on /home/joha/anaconda3/lib/python3.10/site-packages/airflow/example_dags/example_branch_datetime_operator.py
[2023-08-02T11:12:37.772-0500] {processor.py:826} INFO - Processing file /home/joha/anaconda3/lib/python3.10/site-packages/airflow/example_dags/example_branch_datetime_operator.py for tasks to queue
[2023-08-02T11:12:37.773-0500] {logging_mixin.py:150} INFO - [2023-08-02T11:12:37.772-0500] {dagbag.py:541} INFO - Filling up the DagBag from /home/joha/anaconda3/lib/python3.10/site-packages/airflow/example_dags/example_branch_datetime_operator.py
[2023-08-02T11:12:37.782-0500] {processor.py:836} INFO - DAG(s) dict_keys(['example_branch_datetime_operator_3', 'example_branch_datetime_operator_2', 'example_branch_datetime_operator']) retrieved from /home/joha/anaconda3/lib/python3.10/site-packages/airflow/example_dags/example_branch_datetime_operator.py
[2023-08-02T11:12:37.813-0500] {logging_mixin.py:150} INFO - [2023-08-02T11:12:37.813-0500] {dag.py:2742} INFO - Sync 3 DAGs
[2023-08-02T11:12:37.841-0500] {logging_mixin.py:150} INFO - [2023-08-02T11:12:37.841-0500] {dag.py:3504} INFO - Setting next_dagrun for example_branch_datetime_operator to 2023-08-01T00:00:00+00:00, run_after=2023-08-02T00:00:00+00:00
[2023-08-02T11:12:37.845-0500] {logging_mixin.py:150} INFO - [2023-08-02T11:12:37.845-0500] {dag.py:3504} INFO - Setting next_dagrun for example_branch_datetime_operator_2 to 2023-08-01T00:00:00+00:00, run_after=2023-08-02T00:00:00+00:00
[2023-08-02T11:12:37.849-0500] {logging_mixin.py:150} INFO - [2023-08-02T11:12:37.849-0500] {dag.py:3504} INFO - Setting next_dagrun for example_branch_datetime_operator_3 to 2023-08-01T00:00:00+00:00, run_after=2023-08-02T00:00:00+00:00
[2023-08-02T11:12:37.883-0500] {processor.py:179} INFO - Processing /home/joha/anaconda3/lib/python3.10/site-packages/airflow/example_dags/example_branch_datetime_operator.py took 0.121 seconds
[2023-08-02T11:13:39.332-0500] {processor.py:157} INFO - Started process (PID=105989) to work on /home/joha/anaconda3/lib/python3.10/site-packages/airflow/example_dags/example_branch_datetime_operator.py
[2023-08-02T11:13:39.340-0500] {processor.py:826} INFO - Processing file /home/joha/anaconda3/lib/python3.10/site-packages/airflow/example_dags/example_branch_datetime_operator.py for tasks to queue
[2023-08-02T11:13:39.341-0500] {logging_mixin.py:150} INFO - [2023-08-02T11:13:39.340-0500] {dagbag.py:541} INFO - Filling up the DagBag from /home/joha/anaconda3/lib/python3.10/site-packages/airflow/example_dags/example_branch_datetime_operator.py
[2023-08-02T11:13:39.351-0500] {processor.py:836} INFO - DAG(s) dict_keys(['example_branch_datetime_operator_2', 'example_branch_datetime_operator', 'example_branch_datetime_operator_3']) retrieved from /home/joha/anaconda3/lib/python3.10/site-packages/airflow/example_dags/example_branch_datetime_operator.py
[2023-08-02T11:13:39.382-0500] {logging_mixin.py:150} INFO - [2023-08-02T11:13:39.382-0500] {dag.py:2742} INFO - Sync 3 DAGs
[2023-08-02T11:13:39.406-0500] {logging_mixin.py:150} INFO - [2023-08-02T11:13:39.406-0500] {dag.py:3504} INFO - Setting next_dagrun for example_branch_datetime_operator to 2023-08-01T00:00:00+00:00, run_after=2023-08-02T00:00:00+00:00
[2023-08-02T11:13:39.411-0500] {logging_mixin.py:150} INFO - [2023-08-02T11:13:39.411-0500] {dag.py:3504} INFO - Setting next_dagrun for example_branch_datetime_operator_2 to 2023-08-01T00:00:00+00:00, run_after=2023-08-02T00:00:00+00:00
[2023-08-02T11:13:39.414-0500] {logging_mixin.py:150} INFO - [2023-08-02T11:13:39.414-0500] {dag.py:3504} INFO - Setting next_dagrun for example_branch_datetime_operator_3 to 2023-08-01T00:00:00+00:00, run_after=2023-08-02T00:00:00+00:00
[2023-08-02T11:13:39.436-0500] {processor.py:179} INFO - Processing /home/joha/anaconda3/lib/python3.10/site-packages/airflow/example_dags/example_branch_datetime_operator.py took 0.108 seconds
[2023-08-02T11:14:43.249-0500] {processor.py:157} INFO - Started process (PID=106069) to work on /home/joha/anaconda3/lib/python3.10/site-packages/airflow/example_dags/example_branch_datetime_operator.py
[2023-08-02T11:14:43.256-0500] {processor.py:826} INFO - Processing file /home/joha/anaconda3/lib/python3.10/site-packages/airflow/example_dags/example_branch_datetime_operator.py for tasks to queue
[2023-08-02T11:14:43.258-0500] {logging_mixin.py:150} INFO - [2023-08-02T11:14:43.257-0500] {dagbag.py:541} INFO - Filling up the DagBag from /home/joha/anaconda3/lib/python3.10/site-packages/airflow/example_dags/example_branch_datetime_operator.py
[2023-08-02T11:14:43.271-0500] {processor.py:836} INFO - DAG(s) dict_keys(['example_branch_datetime_operator_3', 'example_branch_datetime_operator', 'example_branch_datetime_operator_2']) retrieved from /home/joha/anaconda3/lib/python3.10/site-packages/airflow/example_dags/example_branch_datetime_operator.py
[2023-08-02T11:14:43.304-0500] {logging_mixin.py:150} INFO - [2023-08-02T11:14:43.303-0500] {dag.py:2742} INFO - Sync 3 DAGs
[2023-08-02T11:14:43.328-0500] {logging_mixin.py:150} INFO - [2023-08-02T11:14:43.328-0500] {dag.py:3504} INFO - Setting next_dagrun for example_branch_datetime_operator to 2023-08-01T00:00:00+00:00, run_after=2023-08-02T00:00:00+00:00
[2023-08-02T11:14:43.333-0500] {logging_mixin.py:150} INFO - [2023-08-02T11:14:43.333-0500] {dag.py:3504} INFO - Setting next_dagrun for example_branch_datetime_operator_2 to 2023-08-01T00:00:00+00:00, run_after=2023-08-02T00:00:00+00:00
[2023-08-02T11:14:43.335-0500] {logging_mixin.py:150} INFO - [2023-08-02T11:14:43.335-0500] {dag.py:3504} INFO - Setting next_dagrun for example_branch_datetime_operator_3 to 2023-08-01T00:00:00+00:00, run_after=2023-08-02T00:00:00+00:00
[2023-08-02T11:14:43.358-0500] {processor.py:179} INFO - Processing /home/joha/anaconda3/lib/python3.10/site-packages/airflow/example_dags/example_branch_datetime_operator.py took 0.113 seconds
[2023-08-02T11:15:57.045-0500] {processor.py:157} INFO - Started process (PID=106306) to work on /home/joha/anaconda3/lib/python3.10/site-packages/airflow/example_dags/example_branch_datetime_operator.py
[2023-08-02T11:15:57.047-0500] {processor.py:826} INFO - Processing file /home/joha/anaconda3/lib/python3.10/site-packages/airflow/example_dags/example_branch_datetime_operator.py for tasks to queue
[2023-08-02T11:15:57.048-0500] {logging_mixin.py:150} INFO - [2023-08-02T11:15:57.048-0500] {dagbag.py:541} INFO - Filling up the DagBag from /home/joha/anaconda3/lib/python3.10/site-packages/airflow/example_dags/example_branch_datetime_operator.py
[2023-08-02T11:15:57.061-0500] {processor.py:836} INFO - DAG(s) dict_keys(['example_branch_datetime_operator_2', 'example_branch_datetime_operator', 'example_branch_datetime_operator_3']) retrieved from /home/joha/anaconda3/lib/python3.10/site-packages/airflow/example_dags/example_branch_datetime_operator.py
[2023-08-02T11:15:57.085-0500] {logging_mixin.py:150} INFO - [2023-08-02T11:15:57.085-0500] {dag.py:2742} INFO - Sync 3 DAGs
[2023-08-02T11:15:57.106-0500] {logging_mixin.py:150} INFO - [2023-08-02T11:15:57.105-0500] {dag.py:3504} INFO - Setting next_dagrun for example_branch_datetime_operator to 2023-08-01T00:00:00+00:00, run_after=2023-08-02T00:00:00+00:00
[2023-08-02T11:15:57.111-0500] {logging_mixin.py:150} INFO - [2023-08-02T11:15:57.111-0500] {dag.py:3504} INFO - Setting next_dagrun for example_branch_datetime_operator_2 to 2023-08-01T00:00:00+00:00, run_after=2023-08-02T00:00:00+00:00
[2023-08-02T11:15:57.113-0500] {logging_mixin.py:150} INFO - [2023-08-02T11:15:57.113-0500] {dag.py:3504} INFO - Setting next_dagrun for example_branch_datetime_operator_3 to 2023-08-01T00:00:00+00:00, run_after=2023-08-02T00:00:00+00:00
[2023-08-02T11:15:57.132-0500] {processor.py:179} INFO - Processing /home/joha/anaconda3/lib/python3.10/site-packages/airflow/example_dags/example_branch_datetime_operator.py took 0.090 seconds
[2023-08-02T11:17:08.251-0500] {processor.py:157} INFO - Started process (PID=106488) to work on /home/joha/anaconda3/lib/python3.10/site-packages/airflow/example_dags/example_branch_datetime_operator.py
[2023-08-02T11:17:08.260-0500] {processor.py:826} INFO - Processing file /home/joha/anaconda3/lib/python3.10/site-packages/airflow/example_dags/example_branch_datetime_operator.py for tasks to queue
[2023-08-02T11:17:08.263-0500] {logging_mixin.py:150} INFO - [2023-08-02T11:17:08.262-0500] {dagbag.py:541} INFO - Filling up the DagBag from /home/joha/anaconda3/lib/python3.10/site-packages/airflow/example_dags/example_branch_datetime_operator.py
[2023-08-02T11:17:08.304-0500] {processor.py:836} INFO - DAG(s) dict_keys(['example_branch_datetime_operator_3', 'example_branch_datetime_operator_2', 'example_branch_datetime_operator']) retrieved from /home/joha/anaconda3/lib/python3.10/site-packages/airflow/example_dags/example_branch_datetime_operator.py
[2023-08-02T11:17:08.348-0500] {logging_mixin.py:150} INFO - [2023-08-02T11:17:08.348-0500] {dag.py:2742} INFO - Sync 3 DAGs
[2023-08-02T11:17:08.375-0500] {logging_mixin.py:150} INFO - [2023-08-02T11:17:08.374-0500] {dag.py:3504} INFO - Setting next_dagrun for example_branch_datetime_operator to 2023-08-01T00:00:00+00:00, run_after=2023-08-02T00:00:00+00:00
[2023-08-02T11:17:08.381-0500] {logging_mixin.py:150} INFO - [2023-08-02T11:17:08.380-0500] {dag.py:3504} INFO - Setting next_dagrun for example_branch_datetime_operator_2 to 2023-08-01T00:00:00+00:00, run_after=2023-08-02T00:00:00+00:00
[2023-08-02T11:17:08.384-0500] {logging_mixin.py:150} INFO - [2023-08-02T11:17:08.384-0500] {dag.py:3504} INFO - Setting next_dagrun for example_branch_datetime_operator_3 to 2023-08-01T00:00:00+00:00, run_after=2023-08-02T00:00:00+00:00
[2023-08-02T11:17:08.410-0500] {processor.py:179} INFO - Processing /home/joha/anaconda3/lib/python3.10/site-packages/airflow/example_dags/example_branch_datetime_operator.py took 0.170 seconds
[2023-08-02T11:18:11.999-0500] {processor.py:157} INFO - Started process (PID=106691) to work on /home/joha/anaconda3/lib/python3.10/site-packages/airflow/example_dags/example_branch_datetime_operator.py
[2023-08-02T11:18:12.002-0500] {processor.py:826} INFO - Processing file /home/joha/anaconda3/lib/python3.10/site-packages/airflow/example_dags/example_branch_datetime_operator.py for tasks to queue
[2023-08-02T11:18:12.005-0500] {logging_mixin.py:150} INFO - [2023-08-02T11:18:12.004-0500] {dagbag.py:541} INFO - Filling up the DagBag from /home/joha/anaconda3/lib/python3.10/site-packages/airflow/example_dags/example_branch_datetime_operator.py
[2023-08-02T11:18:12.045-0500] {processor.py:836} INFO - DAG(s) dict_keys(['example_branch_datetime_operator_3', 'example_branch_datetime_operator_2', 'example_branch_datetime_operator']) retrieved from /home/joha/anaconda3/lib/python3.10/site-packages/airflow/example_dags/example_branch_datetime_operator.py
[2023-08-02T11:18:12.097-0500] {logging_mixin.py:150} INFO - [2023-08-02T11:18:12.097-0500] {dag.py:2742} INFO - Sync 3 DAGs
[2023-08-02T11:18:12.131-0500] {logging_mixin.py:150} INFO - [2023-08-02T11:18:12.131-0500] {dag.py:3504} INFO - Setting next_dagrun for example_branch_datetime_operator to 2023-08-01T00:00:00+00:00, run_after=2023-08-02T00:00:00+00:00
[2023-08-02T11:18:12.138-0500] {logging_mixin.py:150} INFO - [2023-08-02T11:18:12.138-0500] {dag.py:3504} INFO - Setting next_dagrun for example_branch_datetime_operator_2 to 2023-08-01T00:00:00+00:00, run_after=2023-08-02T00:00:00+00:00
[2023-08-02T11:18:12.142-0500] {logging_mixin.py:150} INFO - [2023-08-02T11:18:12.142-0500] {dag.py:3504} INFO - Setting next_dagrun for example_branch_datetime_operator_3 to 2023-08-01T00:00:00+00:00, run_after=2023-08-02T00:00:00+00:00
[2023-08-02T11:18:12.165-0500] {processor.py:179} INFO - Processing /home/joha/anaconda3/lib/python3.10/site-packages/airflow/example_dags/example_branch_datetime_operator.py took 0.177 seconds
[2023-08-02T11:19:21.114-0500] {processor.py:157} INFO - Started process (PID=106847) to work on /home/joha/anaconda3/lib/python3.10/site-packages/airflow/example_dags/example_branch_datetime_operator.py
[2023-08-02T11:19:21.116-0500] {processor.py:826} INFO - Processing file /home/joha/anaconda3/lib/python3.10/site-packages/airflow/example_dags/example_branch_datetime_operator.py for tasks to queue
[2023-08-02T11:19:21.117-0500] {logging_mixin.py:150} INFO - [2023-08-02T11:19:21.117-0500] {dagbag.py:541} INFO - Filling up the DagBag from /home/joha/anaconda3/lib/python3.10/site-packages/airflow/example_dags/example_branch_datetime_operator.py
[2023-08-02T11:19:21.131-0500] {processor.py:836} INFO - DAG(s) dict_keys(['example_branch_datetime_operator', 'example_branch_datetime_operator_2', 'example_branch_datetime_operator_3']) retrieved from /home/joha/anaconda3/lib/python3.10/site-packages/airflow/example_dags/example_branch_datetime_operator.py
[2023-08-02T11:19:21.155-0500] {logging_mixin.py:150} INFO - [2023-08-02T11:19:21.155-0500] {dag.py:2742} INFO - Sync 3 DAGs
[2023-08-02T11:19:21.176-0500] {logging_mixin.py:150} INFO - [2023-08-02T11:19:21.176-0500] {dag.py:3504} INFO - Setting next_dagrun for example_branch_datetime_operator to 2023-08-01T00:00:00+00:00, run_after=2023-08-02T00:00:00+00:00
[2023-08-02T11:19:21.181-0500] {logging_mixin.py:150} INFO - [2023-08-02T11:19:21.181-0500] {dag.py:3504} INFO - Setting next_dagrun for example_branch_datetime_operator_2 to 2023-08-01T00:00:00+00:00, run_after=2023-08-02T00:00:00+00:00
[2023-08-02T11:19:21.183-0500] {logging_mixin.py:150} INFO - [2023-08-02T11:19:21.183-0500] {dag.py:3504} INFO - Setting next_dagrun for example_branch_datetime_operator_3 to 2023-08-01T00:00:00+00:00, run_after=2023-08-02T00:00:00+00:00
[2023-08-02T11:19:21.202-0500] {processor.py:179} INFO - Processing /home/joha/anaconda3/lib/python3.10/site-packages/airflow/example_dags/example_branch_datetime_operator.py took 0.092 seconds
[2023-08-02T11:20:35.191-0500] {processor.py:157} INFO - Started process (PID=107036) to work on /home/joha/anaconda3/lib/python3.10/site-packages/airflow/example_dags/example_branch_datetime_operator.py
[2023-08-02T11:20:35.202-0500] {processor.py:826} INFO - Processing file /home/joha/anaconda3/lib/python3.10/site-packages/airflow/example_dags/example_branch_datetime_operator.py for tasks to queue
[2023-08-02T11:20:35.205-0500] {logging_mixin.py:150} INFO - [2023-08-02T11:20:35.205-0500] {dagbag.py:541} INFO - Filling up the DagBag from /home/joha/anaconda3/lib/python3.10/site-packages/airflow/example_dags/example_branch_datetime_operator.py
[2023-08-02T11:20:35.223-0500] {processor.py:836} INFO - DAG(s) dict_keys(['example_branch_datetime_operator_3', 'example_branch_datetime_operator_2', 'example_branch_datetime_operator']) retrieved from /home/joha/anaconda3/lib/python3.10/site-packages/airflow/example_dags/example_branch_datetime_operator.py
[2023-08-02T11:20:35.262-0500] {logging_mixin.py:150} INFO - [2023-08-02T11:20:35.262-0500] {dag.py:2742} INFO - Sync 3 DAGs
[2023-08-02T11:20:35.295-0500] {logging_mixin.py:150} INFO - [2023-08-02T11:20:35.295-0500] {dag.py:3504} INFO - Setting next_dagrun for example_branch_datetime_operator to 2023-08-01T00:00:00+00:00, run_after=2023-08-02T00:00:00+00:00
[2023-08-02T11:20:35.303-0500] {logging_mixin.py:150} INFO - [2023-08-02T11:20:35.302-0500] {dag.py:3504} INFO - Setting next_dagrun for example_branch_datetime_operator_2 to 2023-08-01T00:00:00+00:00, run_after=2023-08-02T00:00:00+00:00
[2023-08-02T11:20:35.307-0500] {logging_mixin.py:150} INFO - [2023-08-02T11:20:35.306-0500] {dag.py:3504} INFO - Setting next_dagrun for example_branch_datetime_operator_3 to 2023-08-01T00:00:00+00:00, run_after=2023-08-02T00:00:00+00:00
[2023-08-02T11:20:35.341-0500] {processor.py:179} INFO - Processing /home/joha/anaconda3/lib/python3.10/site-packages/airflow/example_dags/example_branch_datetime_operator.py took 0.154 seconds
[2023-08-02T11:21:37.203-0500] {processor.py:157} INFO - Started process (PID=107175) to work on /home/joha/anaconda3/lib/python3.10/site-packages/airflow/example_dags/example_branch_datetime_operator.py
[2023-08-02T11:21:37.215-0500] {processor.py:826} INFO - Processing file /home/joha/anaconda3/lib/python3.10/site-packages/airflow/example_dags/example_branch_datetime_operator.py for tasks to queue
[2023-08-02T11:21:37.217-0500] {logging_mixin.py:150} INFO - [2023-08-02T11:21:37.216-0500] {dagbag.py:541} INFO - Filling up the DagBag from /home/joha/anaconda3/lib/python3.10/site-packages/airflow/example_dags/example_branch_datetime_operator.py
[2023-08-02T11:21:37.234-0500] {processor.py:836} INFO - DAG(s) dict_keys(['example_branch_datetime_operator_3', 'example_branch_datetime_operator_2', 'example_branch_datetime_operator']) retrieved from /home/joha/anaconda3/lib/python3.10/site-packages/airflow/example_dags/example_branch_datetime_operator.py
[2023-08-02T11:21:37.266-0500] {logging_mixin.py:150} INFO - [2023-08-02T11:21:37.266-0500] {dag.py:2742} INFO - Sync 3 DAGs
[2023-08-02T11:21:37.288-0500] {logging_mixin.py:150} INFO - [2023-08-02T11:21:37.288-0500] {dag.py:3504} INFO - Setting next_dagrun for example_branch_datetime_operator to 2023-08-01T00:00:00+00:00, run_after=2023-08-02T00:00:00+00:00
[2023-08-02T11:21:37.293-0500] {logging_mixin.py:150} INFO - [2023-08-02T11:21:37.292-0500] {dag.py:3504} INFO - Setting next_dagrun for example_branch_datetime_operator_2 to 2023-08-01T00:00:00+00:00, run_after=2023-08-02T00:00:00+00:00
[2023-08-02T11:21:37.296-0500] {logging_mixin.py:150} INFO - [2023-08-02T11:21:37.296-0500] {dag.py:3504} INFO - Setting next_dagrun for example_branch_datetime_operator_3 to 2023-08-01T00:00:00+00:00, run_after=2023-08-02T00:00:00+00:00
[2023-08-02T11:21:37.316-0500] {processor.py:179} INFO - Processing /home/joha/anaconda3/lib/python3.10/site-packages/airflow/example_dags/example_branch_datetime_operator.py took 0.116 seconds
[2023-08-02T11:22:40.469-0500] {processor.py:157} INFO - Started process (PID=107549) to work on /home/joha/anaconda3/lib/python3.10/site-packages/airflow/example_dags/example_branch_datetime_operator.py
[2023-08-02T11:22:40.475-0500] {processor.py:826} INFO - Processing file /home/joha/anaconda3/lib/python3.10/site-packages/airflow/example_dags/example_branch_datetime_operator.py for tasks to queue
[2023-08-02T11:22:40.477-0500] {logging_mixin.py:150} INFO - [2023-08-02T11:22:40.476-0500] {dagbag.py:541} INFO - Filling up the DagBag from /home/joha/anaconda3/lib/python3.10/site-packages/airflow/example_dags/example_branch_datetime_operator.py
[2023-08-02T11:22:40.492-0500] {processor.py:836} INFO - DAG(s) dict_keys(['example_branch_datetime_operator_2', 'example_branch_datetime_operator_3', 'example_branch_datetime_operator']) retrieved from /home/joha/anaconda3/lib/python3.10/site-packages/airflow/example_dags/example_branch_datetime_operator.py
[2023-08-02T11:22:40.528-0500] {logging_mixin.py:150} INFO - [2023-08-02T11:22:40.528-0500] {dag.py:2742} INFO - Sync 3 DAGs
[2023-08-02T11:22:40.554-0500] {logging_mixin.py:150} INFO - [2023-08-02T11:22:40.554-0500] {dag.py:3504} INFO - Setting next_dagrun for example_branch_datetime_operator to 2023-08-01T00:00:00+00:00, run_after=2023-08-02T00:00:00+00:00
[2023-08-02T11:22:40.561-0500] {logging_mixin.py:150} INFO - [2023-08-02T11:22:40.561-0500] {dag.py:3504} INFO - Setting next_dagrun for example_branch_datetime_operator_2 to 2023-08-01T00:00:00+00:00, run_after=2023-08-02T00:00:00+00:00
[2023-08-02T11:22:40.564-0500] {logging_mixin.py:150} INFO - [2023-08-02T11:22:40.564-0500] {dag.py:3504} INFO - Setting next_dagrun for example_branch_datetime_operator_3 to 2023-08-01T00:00:00+00:00, run_after=2023-08-02T00:00:00+00:00
[2023-08-02T11:22:40.708-0500] {processor.py:179} INFO - Processing /home/joha/anaconda3/lib/python3.10/site-packages/airflow/example_dags/example_branch_datetime_operator.py took 0.244 seconds
[2023-08-02T11:23:58.043-0500] {processor.py:157} INFO - Started process (PID=108183) to work on /home/joha/anaconda3/lib/python3.10/site-packages/airflow/example_dags/example_branch_datetime_operator.py
[2023-08-02T11:23:58.049-0500] {processor.py:826} INFO - Processing file /home/joha/anaconda3/lib/python3.10/site-packages/airflow/example_dags/example_branch_datetime_operator.py for tasks to queue
[2023-08-02T11:23:58.050-0500] {logging_mixin.py:150} INFO - [2023-08-02T11:23:58.050-0500] {dagbag.py:541} INFO - Filling up the DagBag from /home/joha/anaconda3/lib/python3.10/site-packages/airflow/example_dags/example_branch_datetime_operator.py
[2023-08-02T11:23:58.060-0500] {processor.py:836} INFO - DAG(s) dict_keys(['example_branch_datetime_operator_3', 'example_branch_datetime_operator', 'example_branch_datetime_operator_2']) retrieved from /home/joha/anaconda3/lib/python3.10/site-packages/airflow/example_dags/example_branch_datetime_operator.py
[2023-08-02T11:23:58.087-0500] {logging_mixin.py:150} INFO - [2023-08-02T11:23:58.087-0500] {dag.py:2742} INFO - Sync 3 DAGs
[2023-08-02T11:23:58.110-0500] {logging_mixin.py:150} INFO - [2023-08-02T11:23:58.109-0500] {dag.py:3504} INFO - Setting next_dagrun for example_branch_datetime_operator to 2023-08-01T00:00:00+00:00, run_after=2023-08-02T00:00:00+00:00
[2023-08-02T11:23:58.114-0500] {logging_mixin.py:150} INFO - [2023-08-02T11:23:58.114-0500] {dag.py:3504} INFO - Setting next_dagrun for example_branch_datetime_operator_2 to 2023-08-01T00:00:00+00:00, run_after=2023-08-02T00:00:00+00:00
[2023-08-02T11:23:58.117-0500] {logging_mixin.py:150} INFO - [2023-08-02T11:23:58.117-0500] {dag.py:3504} INFO - Setting next_dagrun for example_branch_datetime_operator_3 to 2023-08-01T00:00:00+00:00, run_after=2023-08-02T00:00:00+00:00
[2023-08-02T11:23:58.139-0500] {processor.py:179} INFO - Processing /home/joha/anaconda3/lib/python3.10/site-packages/airflow/example_dags/example_branch_datetime_operator.py took 0.099 seconds
[2023-08-02T11:25:31.079-0500] {processor.py:157} INFO - Started process (PID=108395) to work on /home/joha/anaconda3/lib/python3.10/site-packages/airflow/example_dags/example_branch_datetime_operator.py
[2023-08-02T11:25:31.089-0500] {processor.py:826} INFO - Processing file /home/joha/anaconda3/lib/python3.10/site-packages/airflow/example_dags/example_branch_datetime_operator.py for tasks to queue
[2023-08-02T11:25:31.092-0500] {logging_mixin.py:150} INFO - [2023-08-02T11:25:31.091-0500] {dagbag.py:541} INFO - Filling up the DagBag from /home/joha/anaconda3/lib/python3.10/site-packages/airflow/example_dags/example_branch_datetime_operator.py
[2023-08-02T11:25:31.131-0500] {processor.py:836} INFO - DAG(s) dict_keys(['example_branch_datetime_operator', 'example_branch_datetime_operator_2', 'example_branch_datetime_operator_3']) retrieved from /home/joha/anaconda3/lib/python3.10/site-packages/airflow/example_dags/example_branch_datetime_operator.py
[2023-08-02T11:25:31.168-0500] {logging_mixin.py:150} INFO - [2023-08-02T11:25:31.168-0500] {dag.py:2742} INFO - Sync 3 DAGs
[2023-08-02T11:25:31.190-0500] {logging_mixin.py:150} INFO - [2023-08-02T11:25:31.190-0500] {dag.py:3504} INFO - Setting next_dagrun for example_branch_datetime_operator to 2023-08-01T00:00:00+00:00, run_after=2023-08-02T00:00:00+00:00
[2023-08-02T11:25:31.196-0500] {logging_mixin.py:150} INFO - [2023-08-02T11:25:31.196-0500] {dag.py:3504} INFO - Setting next_dagrun for example_branch_datetime_operator_2 to 2023-08-01T00:00:00+00:00, run_after=2023-08-02T00:00:00+00:00
[2023-08-02T11:25:31.200-0500] {logging_mixin.py:150} INFO - [2023-08-02T11:25:31.199-0500] {dag.py:3504} INFO - Setting next_dagrun for example_branch_datetime_operator_3 to 2023-08-01T00:00:00+00:00, run_after=2023-08-02T00:00:00+00:00
[2023-08-02T11:25:31.220-0500] {processor.py:179} INFO - Processing /home/joha/anaconda3/lib/python3.10/site-packages/airflow/example_dags/example_branch_datetime_operator.py took 0.154 seconds
[2023-08-02T11:26:46.460-0500] {processor.py:157} INFO - Started process (PID=108548) to work on /home/joha/anaconda3/lib/python3.10/site-packages/airflow/example_dags/example_branch_datetime_operator.py
[2023-08-02T11:26:46.473-0500] {processor.py:826} INFO - Processing file /home/joha/anaconda3/lib/python3.10/site-packages/airflow/example_dags/example_branch_datetime_operator.py for tasks to queue
[2023-08-02T11:26:46.474-0500] {logging_mixin.py:150} INFO - [2023-08-02T11:26:46.473-0500] {dagbag.py:541} INFO - Filling up the DagBag from /home/joha/anaconda3/lib/python3.10/site-packages/airflow/example_dags/example_branch_datetime_operator.py
[2023-08-02T11:26:46.484-0500] {processor.py:836} INFO - DAG(s) dict_keys(['example_branch_datetime_operator', 'example_branch_datetime_operator_3', 'example_branch_datetime_operator_2']) retrieved from /home/joha/anaconda3/lib/python3.10/site-packages/airflow/example_dags/example_branch_datetime_operator.py
[2023-08-02T11:26:46.513-0500] {logging_mixin.py:150} INFO - [2023-08-02T11:26:46.513-0500] {dag.py:2742} INFO - Sync 3 DAGs
[2023-08-02T11:26:46.539-0500] {logging_mixin.py:150} INFO - [2023-08-02T11:26:46.539-0500] {dag.py:3504} INFO - Setting next_dagrun for example_branch_datetime_operator to 2023-08-01T00:00:00+00:00, run_after=2023-08-02T00:00:00+00:00
[2023-08-02T11:26:46.544-0500] {logging_mixin.py:150} INFO - [2023-08-02T11:26:46.544-0500] {dag.py:3504} INFO - Setting next_dagrun for example_branch_datetime_operator_2 to 2023-08-01T00:00:00+00:00, run_after=2023-08-02T00:00:00+00:00
[2023-08-02T11:26:46.547-0500] {logging_mixin.py:150} INFO - [2023-08-02T11:26:46.547-0500] {dag.py:3504} INFO - Setting next_dagrun for example_branch_datetime_operator_3 to 2023-08-01T00:00:00+00:00, run_after=2023-08-02T00:00:00+00:00
[2023-08-02T11:26:46.575-0500] {processor.py:179} INFO - Processing /home/joha/anaconda3/lib/python3.10/site-packages/airflow/example_dags/example_branch_datetime_operator.py took 0.118 seconds
