[2023-08-01T20:26:11.598-0500] {processor.py:157} INFO - Started process (PID=99591) to work on /home/joha/anaconda3/lib/python3.10/site-packages/airflow/example_dags/example_sensor_decorator.py
[2023-08-01T20:26:11.599-0500] {processor.py:826} INFO - Processing file /home/joha/anaconda3/lib/python3.10/site-packages/airflow/example_dags/example_sensor_decorator.py for tasks to queue
[2023-08-01T20:26:11.600-0500] {logging_mixin.py:150} INFO - [2023-08-01T20:26:11.600-0500] {dagbag.py:541} INFO - Filling up the DagBag from /home/joha/anaconda3/lib/python3.10/site-packages/airflow/example_dags/example_sensor_decorator.py
[2023-08-01T20:26:11.609-0500] {processor.py:836} INFO - DAG(s) dict_keys(['example_sensor_decorator']) retrieved from /home/joha/anaconda3/lib/python3.10/site-packages/airflow/example_dags/example_sensor_decorator.py
[2023-08-01T20:26:11.627-0500] {logging_mixin.py:150} INFO - [2023-08-01T20:26:11.627-0500] {dag.py:2742} INFO - Sync 1 DAGs
[2023-08-01T20:26:11.647-0500] {logging_mixin.py:150} INFO - [2023-08-01T20:26:11.647-0500] {dag.py:3504} INFO - Setting next_dagrun for example_sensor_decorator to None, run_after=None
[2023-08-01T20:26:11.674-0500] {processor.py:179} INFO - Processing /home/joha/anaconda3/lib/python3.10/site-packages/airflow/example_dags/example_sensor_decorator.py took 0.079 seconds
[2023-08-02T11:08:44.461-0500] {processor.py:157} INFO - Started process (PID=105242) to work on /home/joha/anaconda3/lib/python3.10/site-packages/airflow/example_dags/example_sensor_decorator.py
[2023-08-02T11:08:44.469-0500] {processor.py:826} INFO - Processing file /home/joha/anaconda3/lib/python3.10/site-packages/airflow/example_dags/example_sensor_decorator.py for tasks to queue
[2023-08-02T11:08:44.471-0500] {logging_mixin.py:150} INFO - [2023-08-02T11:08:44.470-0500] {dagbag.py:541} INFO - Filling up the DagBag from /home/joha/anaconda3/lib/python3.10/site-packages/airflow/example_dags/example_sensor_decorator.py
[2023-08-02T11:08:44.481-0500] {processor.py:836} INFO - DAG(s) dict_keys(['example_sensor_decorator']) retrieved from /home/joha/anaconda3/lib/python3.10/site-packages/airflow/example_dags/example_sensor_decorator.py
[2023-08-02T11:08:44.502-0500] {logging_mixin.py:150} INFO - [2023-08-02T11:08:44.502-0500] {dag.py:2742} INFO - Sync 1 DAGs
[2023-08-02T11:08:44.524-0500] {logging_mixin.py:150} INFO - [2023-08-02T11:08:44.524-0500] {dag.py:3504} INFO - Setting next_dagrun for example_sensor_decorator to None, run_after=None
[2023-08-02T11:08:44.545-0500] {processor.py:179} INFO - Processing /home/joha/anaconda3/lib/python3.10/site-packages/airflow/example_dags/example_sensor_decorator.py took 0.087 seconds
[2023-08-02T11:09:38.414-0500] {processor.py:157} INFO - Started process (PID=105353) to work on /home/joha/anaconda3/lib/python3.10/site-packages/airflow/example_dags/example_sensor_decorator.py
[2023-08-02T11:09:38.422-0500] {processor.py:826} INFO - Processing file /home/joha/anaconda3/lib/python3.10/site-packages/airflow/example_dags/example_sensor_decorator.py for tasks to queue
[2023-08-02T11:09:38.423-0500] {logging_mixin.py:150} INFO - [2023-08-02T11:09:38.423-0500] {dagbag.py:541} INFO - Filling up the DagBag from /home/joha/anaconda3/lib/python3.10/site-packages/airflow/example_dags/example_sensor_decorator.py
[2023-08-02T11:09:38.432-0500] {processor.py:836} INFO - DAG(s) dict_keys(['example_sensor_decorator']) retrieved from /home/joha/anaconda3/lib/python3.10/site-packages/airflow/example_dags/example_sensor_decorator.py
[2023-08-02T11:09:38.451-0500] {logging_mixin.py:150} INFO - [2023-08-02T11:09:38.450-0500] {dag.py:2742} INFO - Sync 1 DAGs
[2023-08-02T11:09:38.473-0500] {logging_mixin.py:150} INFO - [2023-08-02T11:09:38.472-0500] {dag.py:3504} INFO - Setting next_dagrun for example_sensor_decorator to None, run_after=None
[2023-08-02T11:09:38.505-0500] {processor.py:179} INFO - Processing /home/joha/anaconda3/lib/python3.10/site-packages/airflow/example_dags/example_sensor_decorator.py took 0.094 seconds
[2023-08-02T11:10:31.566-0500] {processor.py:157} INFO - Started process (PID=105544) to work on /home/joha/anaconda3/lib/python3.10/site-packages/airflow/example_dags/example_sensor_decorator.py
[2023-08-02T11:10:31.576-0500] {processor.py:826} INFO - Processing file /home/joha/anaconda3/lib/python3.10/site-packages/airflow/example_dags/example_sensor_decorator.py for tasks to queue
[2023-08-02T11:10:31.579-0500] {logging_mixin.py:150} INFO - [2023-08-02T11:10:31.578-0500] {dagbag.py:541} INFO - Filling up the DagBag from /home/joha/anaconda3/lib/python3.10/site-packages/airflow/example_dags/example_sensor_decorator.py
[2023-08-02T11:10:31.603-0500] {processor.py:836} INFO - DAG(s) dict_keys(['example_sensor_decorator']) retrieved from /home/joha/anaconda3/lib/python3.10/site-packages/airflow/example_dags/example_sensor_decorator.py
[2023-08-02T11:10:31.639-0500] {logging_mixin.py:150} INFO - [2023-08-02T11:10:31.639-0500] {dag.py:2742} INFO - Sync 1 DAGs
[2023-08-02T11:10:31.661-0500] {logging_mixin.py:150} INFO - [2023-08-02T11:10:31.661-0500] {dag.py:3504} INFO - Setting next_dagrun for example_sensor_decorator to None, run_after=None
[2023-08-02T11:10:31.684-0500] {processor.py:179} INFO - Processing /home/joha/anaconda3/lib/python3.10/site-packages/airflow/example_dags/example_sensor_decorator.py took 0.126 seconds
[2023-08-02T11:11:18.369-0500] {processor.py:157} INFO - Started process (PID=105671) to work on /home/joha/anaconda3/lib/python3.10/site-packages/airflow/example_dags/example_sensor_decorator.py
[2023-08-02T11:11:18.373-0500] {processor.py:826} INFO - Processing file /home/joha/anaconda3/lib/python3.10/site-packages/airflow/example_dags/example_sensor_decorator.py for tasks to queue
[2023-08-02T11:11:18.376-0500] {logging_mixin.py:150} INFO - [2023-08-02T11:11:18.375-0500] {dagbag.py:541} INFO - Filling up the DagBag from /home/joha/anaconda3/lib/python3.10/site-packages/airflow/example_dags/example_sensor_decorator.py
[2023-08-02T11:11:18.403-0500] {processor.py:836} INFO - DAG(s) dict_keys(['example_sensor_decorator']) retrieved from /home/joha/anaconda3/lib/python3.10/site-packages/airflow/example_dags/example_sensor_decorator.py
[2023-08-02T11:11:18.450-0500] {logging_mixin.py:150} INFO - [2023-08-02T11:11:18.449-0500] {dag.py:2742} INFO - Sync 1 DAGs
[2023-08-02T11:11:18.482-0500] {logging_mixin.py:150} INFO - [2023-08-02T11:11:18.482-0500] {dag.py:3504} INFO - Setting next_dagrun for example_sensor_decorator to None, run_after=None
[2023-08-02T11:11:18.506-0500] {processor.py:179} INFO - Processing /home/joha/anaconda3/lib/python3.10/site-packages/airflow/example_dags/example_sensor_decorator.py took 0.147 seconds
[2023-08-02T11:12:07.353-0500] {processor.py:157} INFO - Started process (PID=105806) to work on /home/joha/anaconda3/lib/python3.10/site-packages/airflow/example_dags/example_sensor_decorator.py
[2023-08-02T11:12:07.361-0500] {processor.py:826} INFO - Processing file /home/joha/anaconda3/lib/python3.10/site-packages/airflow/example_dags/example_sensor_decorator.py for tasks to queue
[2023-08-02T11:12:07.363-0500] {logging_mixin.py:150} INFO - [2023-08-02T11:12:07.362-0500] {dagbag.py:541} INFO - Filling up the DagBag from /home/joha/anaconda3/lib/python3.10/site-packages/airflow/example_dags/example_sensor_decorator.py
[2023-08-02T11:12:07.375-0500] {processor.py:836} INFO - DAG(s) dict_keys(['example_sensor_decorator']) retrieved from /home/joha/anaconda3/lib/python3.10/site-packages/airflow/example_dags/example_sensor_decorator.py
[2023-08-02T11:12:07.395-0500] {logging_mixin.py:150} INFO - [2023-08-02T11:12:07.394-0500] {dag.py:2742} INFO - Sync 1 DAGs
[2023-08-02T11:12:07.414-0500] {logging_mixin.py:150} INFO - [2023-08-02T11:12:07.414-0500] {dag.py:3504} INFO - Setting next_dagrun for example_sensor_decorator to None, run_after=None
[2023-08-02T11:12:07.445-0500] {processor.py:179} INFO - Processing /home/joha/anaconda3/lib/python3.10/site-packages/airflow/example_dags/example_sensor_decorator.py took 0.097 seconds
[2023-08-02T11:12:53.993-0500] {processor.py:157} INFO - Started process (PID=105904) to work on /home/joha/anaconda3/lib/python3.10/site-packages/airflow/example_dags/example_sensor_decorator.py
[2023-08-02T11:12:54.002-0500] {processor.py:826} INFO - Processing file /home/joha/anaconda3/lib/python3.10/site-packages/airflow/example_dags/example_sensor_decorator.py for tasks to queue
[2023-08-02T11:12:54.005-0500] {logging_mixin.py:150} INFO - [2023-08-02T11:12:54.004-0500] {dagbag.py:541} INFO - Filling up the DagBag from /home/joha/anaconda3/lib/python3.10/site-packages/airflow/example_dags/example_sensor_decorator.py
[2023-08-02T11:12:54.020-0500] {processor.py:836} INFO - DAG(s) dict_keys(['example_sensor_decorator']) retrieved from /home/joha/anaconda3/lib/python3.10/site-packages/airflow/example_dags/example_sensor_decorator.py
[2023-08-02T11:12:54.040-0500] {logging_mixin.py:150} INFO - [2023-08-02T11:12:54.039-0500] {dag.py:2742} INFO - Sync 1 DAGs
[2023-08-02T11:12:54.059-0500] {logging_mixin.py:150} INFO - [2023-08-02T11:12:54.059-0500] {dag.py:3504} INFO - Setting next_dagrun for example_sensor_decorator to None, run_after=None
[2023-08-02T11:12:54.078-0500] {processor.py:179} INFO - Processing /home/joha/anaconda3/lib/python3.10/site-packages/airflow/example_dags/example_sensor_decorator.py took 0.093 seconds
[2023-08-02T11:13:56.309-0500] {processor.py:157} INFO - Started process (PID=106006) to work on /home/joha/anaconda3/lib/python3.10/site-packages/airflow/example_dags/example_sensor_decorator.py
[2023-08-02T11:13:56.317-0500] {processor.py:826} INFO - Processing file /home/joha/anaconda3/lib/python3.10/site-packages/airflow/example_dags/example_sensor_decorator.py for tasks to queue
[2023-08-02T11:13:56.318-0500] {logging_mixin.py:150} INFO - [2023-08-02T11:13:56.318-0500] {dagbag.py:541} INFO - Filling up the DagBag from /home/joha/anaconda3/lib/python3.10/site-packages/airflow/example_dags/example_sensor_decorator.py
[2023-08-02T11:13:56.329-0500] {processor.py:836} INFO - DAG(s) dict_keys(['example_sensor_decorator']) retrieved from /home/joha/anaconda3/lib/python3.10/site-packages/airflow/example_dags/example_sensor_decorator.py
[2023-08-02T11:13:56.348-0500] {logging_mixin.py:150} INFO - [2023-08-02T11:13:56.348-0500] {dag.py:2742} INFO - Sync 1 DAGs
[2023-08-02T11:13:56.372-0500] {logging_mixin.py:150} INFO - [2023-08-02T11:13:56.371-0500] {dag.py:3504} INFO - Setting next_dagrun for example_sensor_decorator to None, run_after=None
[2023-08-02T11:13:56.395-0500] {processor.py:179} INFO - Processing /home/joha/anaconda3/lib/python3.10/site-packages/airflow/example_dags/example_sensor_decorator.py took 0.089 seconds
[2023-08-02T11:14:59.410-0500] {processor.py:157} INFO - Started process (PID=106143) to work on /home/joha/anaconda3/lib/python3.10/site-packages/airflow/example_dags/example_sensor_decorator.py
[2023-08-02T11:14:59.411-0500] {processor.py:826} INFO - Processing file /home/joha/anaconda3/lib/python3.10/site-packages/airflow/example_dags/example_sensor_decorator.py for tasks to queue
[2023-08-02T11:14:59.412-0500] {logging_mixin.py:150} INFO - [2023-08-02T11:14:59.412-0500] {dagbag.py:541} INFO - Filling up the DagBag from /home/joha/anaconda3/lib/python3.10/site-packages/airflow/example_dags/example_sensor_decorator.py
[2023-08-02T11:14:59.420-0500] {processor.py:836} INFO - DAG(s) dict_keys(['example_sensor_decorator']) retrieved from /home/joha/anaconda3/lib/python3.10/site-packages/airflow/example_dags/example_sensor_decorator.py
[2023-08-02T11:14:59.438-0500] {logging_mixin.py:150} INFO - [2023-08-02T11:14:59.438-0500] {dag.py:2742} INFO - Sync 1 DAGs
[2023-08-02T11:14:59.458-0500] {logging_mixin.py:150} INFO - [2023-08-02T11:14:59.458-0500] {dag.py:3504} INFO - Setting next_dagrun for example_sensor_decorator to None, run_after=None
[2023-08-02T11:14:59.479-0500] {processor.py:179} INFO - Processing /home/joha/anaconda3/lib/python3.10/site-packages/airflow/example_dags/example_sensor_decorator.py took 0.073 seconds
[2023-08-02T11:15:50.501-0500] {processor.py:157} INFO - Started process (PID=106290) to work on /home/joha/anaconda3/lib/python3.10/site-packages/airflow/example_dags/example_sensor_decorator.py
[2023-08-02T11:15:50.508-0500] {processor.py:826} INFO - Processing file /home/joha/anaconda3/lib/python3.10/site-packages/airflow/example_dags/example_sensor_decorator.py for tasks to queue
[2023-08-02T11:15:50.509-0500] {logging_mixin.py:150} INFO - [2023-08-02T11:15:50.509-0500] {dagbag.py:541} INFO - Filling up the DagBag from /home/joha/anaconda3/lib/python3.10/site-packages/airflow/example_dags/example_sensor_decorator.py
[2023-08-02T11:15:50.516-0500] {processor.py:836} INFO - DAG(s) dict_keys(['example_sensor_decorator']) retrieved from /home/joha/anaconda3/lib/python3.10/site-packages/airflow/example_dags/example_sensor_decorator.py
[2023-08-02T11:15:50.534-0500] {logging_mixin.py:150} INFO - [2023-08-02T11:15:50.534-0500] {dag.py:2742} INFO - Sync 1 DAGs
[2023-08-02T11:15:50.557-0500] {logging_mixin.py:150} INFO - [2023-08-02T11:15:50.557-0500] {dag.py:3504} INFO - Setting next_dagrun for example_sensor_decorator to None, run_after=None
[2023-08-02T11:15:50.578-0500] {processor.py:179} INFO - Processing /home/joha/anaconda3/lib/python3.10/site-packages/airflow/example_dags/example_sensor_decorator.py took 0.081 seconds
[2023-08-02T11:16:39.070-0500] {processor.py:157} INFO - Started process (PID=106411) to work on /home/joha/anaconda3/lib/python3.10/site-packages/airflow/example_dags/example_sensor_decorator.py
[2023-08-02T11:16:39.073-0500] {processor.py:826} INFO - Processing file /home/joha/anaconda3/lib/python3.10/site-packages/airflow/example_dags/example_sensor_decorator.py for tasks to queue
[2023-08-02T11:16:39.077-0500] {logging_mixin.py:150} INFO - [2023-08-02T11:16:39.075-0500] {dagbag.py:541} INFO - Filling up the DagBag from /home/joha/anaconda3/lib/python3.10/site-packages/airflow/example_dags/example_sensor_decorator.py
[2023-08-02T11:16:39.100-0500] {processor.py:836} INFO - DAG(s) dict_keys(['example_sensor_decorator']) retrieved from /home/joha/anaconda3/lib/python3.10/site-packages/airflow/example_dags/example_sensor_decorator.py
[2023-08-02T11:16:39.136-0500] {logging_mixin.py:150} INFO - [2023-08-02T11:16:39.135-0500] {dag.py:2742} INFO - Sync 1 DAGs
[2023-08-02T11:16:39.155-0500] {logging_mixin.py:150} INFO - [2023-08-02T11:16:39.155-0500] {dag.py:3504} INFO - Setting next_dagrun for example_sensor_decorator to None, run_after=None
[2023-08-02T11:16:39.178-0500] {processor.py:179} INFO - Processing /home/joha/anaconda3/lib/python3.10/site-packages/airflow/example_dags/example_sensor_decorator.py took 0.118 seconds
[2023-08-02T11:17:23.126-0500] {processor.py:157} INFO - Started process (PID=106539) to work on /home/joha/anaconda3/lib/python3.10/site-packages/airflow/example_dags/example_sensor_decorator.py
[2023-08-02T11:17:23.134-0500] {processor.py:826} INFO - Processing file /home/joha/anaconda3/lib/python3.10/site-packages/airflow/example_dags/example_sensor_decorator.py for tasks to queue
[2023-08-02T11:17:23.136-0500] {logging_mixin.py:150} INFO - [2023-08-02T11:17:23.135-0500] {dagbag.py:541} INFO - Filling up the DagBag from /home/joha/anaconda3/lib/python3.10/site-packages/airflow/example_dags/example_sensor_decorator.py
[2023-08-02T11:17:23.147-0500] {processor.py:836} INFO - DAG(s) dict_keys(['example_sensor_decorator']) retrieved from /home/joha/anaconda3/lib/python3.10/site-packages/airflow/example_dags/example_sensor_decorator.py
[2023-08-02T11:17:23.169-0500] {logging_mixin.py:150} INFO - [2023-08-02T11:17:23.168-0500] {dag.py:2742} INFO - Sync 1 DAGs
[2023-08-02T11:17:23.196-0500] {logging_mixin.py:150} INFO - [2023-08-02T11:17:23.196-0500] {dag.py:3504} INFO - Setting next_dagrun for example_sensor_decorator to None, run_after=None
[2023-08-02T11:17:23.220-0500] {processor.py:179} INFO - Processing /home/joha/anaconda3/lib/python3.10/site-packages/airflow/example_dags/example_sensor_decorator.py took 0.101 seconds
[2023-08-02T11:18:28.612-0500] {processor.py:157} INFO - Started process (PID=106735) to work on /home/joha/anaconda3/lib/python3.10/site-packages/airflow/example_dags/example_sensor_decorator.py
[2023-08-02T11:18:28.619-0500] {processor.py:826} INFO - Processing file /home/joha/anaconda3/lib/python3.10/site-packages/airflow/example_dags/example_sensor_decorator.py for tasks to queue
[2023-08-02T11:18:28.620-0500] {logging_mixin.py:150} INFO - [2023-08-02T11:18:28.620-0500] {dagbag.py:541} INFO - Filling up the DagBag from /home/joha/anaconda3/lib/python3.10/site-packages/airflow/example_dags/example_sensor_decorator.py
[2023-08-02T11:18:28.629-0500] {processor.py:836} INFO - DAG(s) dict_keys(['example_sensor_decorator']) retrieved from /home/joha/anaconda3/lib/python3.10/site-packages/airflow/example_dags/example_sensor_decorator.py
[2023-08-02T11:18:28.648-0500] {logging_mixin.py:150} INFO - [2023-08-02T11:18:28.648-0500] {dag.py:2742} INFO - Sync 1 DAGs
[2023-08-02T11:18:28.670-0500] {logging_mixin.py:150} INFO - [2023-08-02T11:18:28.670-0500] {dag.py:3504} INFO - Setting next_dagrun for example_sensor_decorator to None, run_after=None
[2023-08-02T11:18:28.700-0500] {processor.py:179} INFO - Processing /home/joha/anaconda3/lib/python3.10/site-packages/airflow/example_dags/example_sensor_decorator.py took 0.093 seconds
[2023-08-02T11:19:13.640-0500] {processor.py:157} INFO - Started process (PID=106832) to work on /home/joha/anaconda3/lib/python3.10/site-packages/airflow/example_dags/example_sensor_decorator.py
[2023-08-02T11:19:13.648-0500] {processor.py:826} INFO - Processing file /home/joha/anaconda3/lib/python3.10/site-packages/airflow/example_dags/example_sensor_decorator.py for tasks to queue
[2023-08-02T11:19:13.649-0500] {logging_mixin.py:150} INFO - [2023-08-02T11:19:13.649-0500] {dagbag.py:541} INFO - Filling up the DagBag from /home/joha/anaconda3/lib/python3.10/site-packages/airflow/example_dags/example_sensor_decorator.py
[2023-08-02T11:19:13.658-0500] {processor.py:836} INFO - DAG(s) dict_keys(['example_sensor_decorator']) retrieved from /home/joha/anaconda3/lib/python3.10/site-packages/airflow/example_dags/example_sensor_decorator.py
[2023-08-02T11:19:13.677-0500] {logging_mixin.py:150} INFO - [2023-08-02T11:19:13.677-0500] {dag.py:2742} INFO - Sync 1 DAGs
[2023-08-02T11:19:13.704-0500] {logging_mixin.py:150} INFO - [2023-08-02T11:19:13.704-0500] {dag.py:3504} INFO - Setting next_dagrun for example_sensor_decorator to None, run_after=None
[2023-08-02T11:19:13.833-0500] {processor.py:179} INFO - Processing /home/joha/anaconda3/lib/python3.10/site-packages/airflow/example_dags/example_sensor_decorator.py took 0.199 seconds
[2023-08-02T11:20:03.640-0500] {processor.py:157} INFO - Started process (PID=106929) to work on /home/joha/anaconda3/lib/python3.10/site-packages/airflow/example_dags/example_sensor_decorator.py
[2023-08-02T11:20:03.649-0500] {processor.py:826} INFO - Processing file /home/joha/anaconda3/lib/python3.10/site-packages/airflow/example_dags/example_sensor_decorator.py for tasks to queue
[2023-08-02T11:20:03.651-0500] {logging_mixin.py:150} INFO - [2023-08-02T11:20:03.650-0500] {dagbag.py:541} INFO - Filling up the DagBag from /home/joha/anaconda3/lib/python3.10/site-packages/airflow/example_dags/example_sensor_decorator.py
[2023-08-02T11:20:03.662-0500] {processor.py:836} INFO - DAG(s) dict_keys(['example_sensor_decorator']) retrieved from /home/joha/anaconda3/lib/python3.10/site-packages/airflow/example_dags/example_sensor_decorator.py
[2023-08-02T11:20:03.694-0500] {logging_mixin.py:150} INFO - [2023-08-02T11:20:03.694-0500] {dag.py:2742} INFO - Sync 1 DAGs
[2023-08-02T11:20:03.735-0500] {logging_mixin.py:150} INFO - [2023-08-02T11:20:03.734-0500] {dag.py:3504} INFO - Setting next_dagrun for example_sensor_decorator to None, run_after=None
[2023-08-02T11:20:03.771-0500] {processor.py:179} INFO - Processing /home/joha/anaconda3/lib/python3.10/site-packages/airflow/example_dags/example_sensor_decorator.py took 0.135 seconds
[2023-08-02T11:20:54.637-0500] {processor.py:157} INFO - Started process (PID=107072) to work on /home/joha/anaconda3/lib/python3.10/site-packages/airflow/example_dags/example_sensor_decorator.py
[2023-08-02T11:20:54.646-0500] {processor.py:826} INFO - Processing file /home/joha/anaconda3/lib/python3.10/site-packages/airflow/example_dags/example_sensor_decorator.py for tasks to queue
[2023-08-02T11:20:54.647-0500] {logging_mixin.py:150} INFO - [2023-08-02T11:20:54.647-0500] {dagbag.py:541} INFO - Filling up the DagBag from /home/joha/anaconda3/lib/python3.10/site-packages/airflow/example_dags/example_sensor_decorator.py
[2023-08-02T11:20:54.657-0500] {processor.py:836} INFO - DAG(s) dict_keys(['example_sensor_decorator']) retrieved from /home/joha/anaconda3/lib/python3.10/site-packages/airflow/example_dags/example_sensor_decorator.py
[2023-08-02T11:20:54.681-0500] {logging_mixin.py:150} INFO - [2023-08-02T11:20:54.681-0500] {dag.py:2742} INFO - Sync 1 DAGs
[2023-08-02T11:20:54.711-0500] {logging_mixin.py:150} INFO - [2023-08-02T11:20:54.711-0500] {dag.py:3504} INFO - Setting next_dagrun for example_sensor_decorator to None, run_after=None
[2023-08-02T11:20:55.147-0500] {processor.py:179} INFO - Processing /home/joha/anaconda3/lib/python3.10/site-packages/airflow/example_dags/example_sensor_decorator.py took 0.513 seconds
[2023-08-02T11:21:59.054-0500] {processor.py:157} INFO - Started process (PID=107373) to work on /home/joha/anaconda3/lib/python3.10/site-packages/airflow/example_dags/example_sensor_decorator.py
[2023-08-02T11:21:59.062-0500] {processor.py:826} INFO - Processing file /home/joha/anaconda3/lib/python3.10/site-packages/airflow/example_dags/example_sensor_decorator.py for tasks to queue
[2023-08-02T11:21:59.065-0500] {logging_mixin.py:150} INFO - [2023-08-02T11:21:59.064-0500] {dagbag.py:541} INFO - Filling up the DagBag from /home/joha/anaconda3/lib/python3.10/site-packages/airflow/example_dags/example_sensor_decorator.py
[2023-08-02T11:21:59.083-0500] {processor.py:836} INFO - DAG(s) dict_keys(['example_sensor_decorator']) retrieved from /home/joha/anaconda3/lib/python3.10/site-packages/airflow/example_dags/example_sensor_decorator.py
[2023-08-02T11:21:59.110-0500] {logging_mixin.py:150} INFO - [2023-08-02T11:21:59.110-0500] {dag.py:2742} INFO - Sync 1 DAGs
[2023-08-02T11:21:59.131-0500] {logging_mixin.py:150} INFO - [2023-08-02T11:21:59.131-0500] {dag.py:3504} INFO - Setting next_dagrun for example_sensor_decorator to None, run_after=None
[2023-08-02T11:21:59.154-0500] {processor.py:179} INFO - Processing /home/joha/anaconda3/lib/python3.10/site-packages/airflow/example_dags/example_sensor_decorator.py took 0.109 seconds
[2023-08-02T11:23:07.196-0500] {processor.py:157} INFO - Started process (PID=107614) to work on /home/joha/anaconda3/lib/python3.10/site-packages/airflow/example_dags/example_sensor_decorator.py
[2023-08-02T11:23:07.203-0500] {processor.py:826} INFO - Processing file /home/joha/anaconda3/lib/python3.10/site-packages/airflow/example_dags/example_sensor_decorator.py for tasks to queue
[2023-08-02T11:23:07.204-0500] {logging_mixin.py:150} INFO - [2023-08-02T11:23:07.204-0500] {dagbag.py:541} INFO - Filling up the DagBag from /home/joha/anaconda3/lib/python3.10/site-packages/airflow/example_dags/example_sensor_decorator.py
[2023-08-02T11:23:07.212-0500] {processor.py:836} INFO - DAG(s) dict_keys(['example_sensor_decorator']) retrieved from /home/joha/anaconda3/lib/python3.10/site-packages/airflow/example_dags/example_sensor_decorator.py
[2023-08-02T11:23:07.231-0500] {logging_mixin.py:150} INFO - [2023-08-02T11:23:07.231-0500] {dag.py:2742} INFO - Sync 1 DAGs
[2023-08-02T11:23:07.256-0500] {logging_mixin.py:150} INFO - [2023-08-02T11:23:07.255-0500] {dag.py:3504} INFO - Setting next_dagrun for example_sensor_decorator to None, run_after=None
[2023-08-02T11:23:07.396-0500] {processor.py:179} INFO - Processing /home/joha/anaconda3/lib/python3.10/site-packages/airflow/example_dags/example_sensor_decorator.py took 0.204 seconds
[2023-08-02T11:24:42.533-0500] {processor.py:157} INFO - Started process (PID=108300) to work on /home/joha/anaconda3/lib/python3.10/site-packages/airflow/example_dags/example_sensor_decorator.py
[2023-08-02T11:24:42.543-0500] {processor.py:826} INFO - Processing file /home/joha/anaconda3/lib/python3.10/site-packages/airflow/example_dags/example_sensor_decorator.py for tasks to queue
[2023-08-02T11:24:42.546-0500] {logging_mixin.py:150} INFO - [2023-08-02T11:24:42.545-0500] {dagbag.py:541} INFO - Filling up the DagBag from /home/joha/anaconda3/lib/python3.10/site-packages/airflow/example_dags/example_sensor_decorator.py
[2023-08-02T11:24:42.575-0500] {processor.py:836} INFO - DAG(s) dict_keys(['example_sensor_decorator']) retrieved from /home/joha/anaconda3/lib/python3.10/site-packages/airflow/example_dags/example_sensor_decorator.py
[2023-08-02T11:24:42.615-0500] {logging_mixin.py:150} INFO - [2023-08-02T11:24:42.615-0500] {dag.py:2742} INFO - Sync 1 DAGs
[2023-08-02T11:24:42.642-0500] {logging_mixin.py:150} INFO - [2023-08-02T11:24:42.641-0500] {dag.py:3504} INFO - Setting next_dagrun for example_sensor_decorator to None, run_after=None
[2023-08-02T11:24:42.666-0500] {processor.py:179} INFO - Processing /home/joha/anaconda3/lib/python3.10/site-packages/airflow/example_dags/example_sensor_decorator.py took 0.144 seconds
[2023-08-02T11:25:51.587-0500] {processor.py:157} INFO - Started process (PID=108423) to work on /home/joha/anaconda3/lib/python3.10/site-packages/airflow/example_dags/example_sensor_decorator.py
[2023-08-02T11:25:51.589-0500] {processor.py:826} INFO - Processing file /home/joha/anaconda3/lib/python3.10/site-packages/airflow/example_dags/example_sensor_decorator.py for tasks to queue
[2023-08-02T11:25:51.590-0500] {logging_mixin.py:150} INFO - [2023-08-02T11:25:51.589-0500] {dagbag.py:541} INFO - Filling up the DagBag from /home/joha/anaconda3/lib/python3.10/site-packages/airflow/example_dags/example_sensor_decorator.py
[2023-08-02T11:25:51.600-0500] {processor.py:836} INFO - DAG(s) dict_keys(['example_sensor_decorator']) retrieved from /home/joha/anaconda3/lib/python3.10/site-packages/airflow/example_dags/example_sensor_decorator.py
[2023-08-02T11:25:51.626-0500] {logging_mixin.py:150} INFO - [2023-08-02T11:25:51.626-0500] {dag.py:2742} INFO - Sync 1 DAGs
[2023-08-02T11:25:51.650-0500] {logging_mixin.py:150} INFO - [2023-08-02T11:25:51.650-0500] {dag.py:3504} INFO - Setting next_dagrun for example_sensor_decorator to None, run_after=None
[2023-08-02T11:25:51.676-0500] {processor.py:179} INFO - Processing /home/joha/anaconda3/lib/python3.10/site-packages/airflow/example_dags/example_sensor_decorator.py took 0.094 seconds
