[2023-08-01T20:26:06.361-0500] {processor.py:157} INFO - Started process (PID=99586) to work on /home/joha/anaconda3/lib/python3.10/site-packages/airflow/example_dags/example_latest_only.py
[2023-08-01T20:26:06.362-0500] {processor.py:826} INFO - Processing file /home/joha/anaconda3/lib/python3.10/site-packages/airflow/example_dags/example_latest_only.py for tasks to queue
[2023-08-01T20:26:06.363-0500] {logging_mixin.py:150} INFO - [2023-08-01T20:26:06.363-0500] {dagbag.py:541} INFO - Filling up the DagBag from /home/joha/anaconda3/lib/python3.10/site-packages/airflow/example_dags/example_latest_only.py
[2023-08-01T20:26:06.372-0500] {processor.py:836} INFO - DAG(s) dict_keys(['latest_only']) retrieved from /home/joha/anaconda3/lib/python3.10/site-packages/airflow/example_dags/example_latest_only.py
[2023-08-01T20:26:06.391-0500] {logging_mixin.py:150} INFO - [2023-08-01T20:26:06.391-0500] {dag.py:2742} INFO - Sync 1 DAGs
[2023-08-01T20:26:06.411-0500] {logging_mixin.py:150} INFO - [2023-08-01T20:26:06.410-0500] {dag.py:3504} INFO - Setting next_dagrun for latest_only to 2023-08-01T21:26:06.410749+00:00, run_after=2023-08-02T01:26:06.410749+00:00
[2023-08-01T20:26:06.438-0500] {processor.py:179} INFO - Processing /home/joha/anaconda3/lib/python3.10/site-packages/airflow/example_dags/example_latest_only.py took 0.081 seconds
[2023-08-02T11:08:39.517-0500] {processor.py:157} INFO - Started process (PID=105237) to work on /home/joha/anaconda3/lib/python3.10/site-packages/airflow/example_dags/example_latest_only.py
[2023-08-02T11:08:39.525-0500] {processor.py:826} INFO - Processing file /home/joha/anaconda3/lib/python3.10/site-packages/airflow/example_dags/example_latest_only.py for tasks to queue
[2023-08-02T11:08:39.527-0500] {logging_mixin.py:150} INFO - [2023-08-02T11:08:39.526-0500] {dagbag.py:541} INFO - Filling up the DagBag from /home/joha/anaconda3/lib/python3.10/site-packages/airflow/example_dags/example_latest_only.py
[2023-08-02T11:08:39.537-0500] {processor.py:836} INFO - DAG(s) dict_keys(['latest_only']) retrieved from /home/joha/anaconda3/lib/python3.10/site-packages/airflow/example_dags/example_latest_only.py
[2023-08-02T11:08:39.560-0500] {logging_mixin.py:150} INFO - [2023-08-02T11:08:39.560-0500] {dag.py:2742} INFO - Sync 1 DAGs
[2023-08-02T11:08:39.581-0500] {logging_mixin.py:150} INFO - [2023-08-02T11:08:39.581-0500] {dag.py:3504} INFO - Setting next_dagrun for latest_only to 2023-08-02T12:08:39.581364+00:00, run_after=2023-08-02T16:08:39.581364+00:00
[2023-08-02T11:08:39.602-0500] {processor.py:179} INFO - Processing /home/joha/anaconda3/lib/python3.10/site-packages/airflow/example_dags/example_latest_only.py took 0.090 seconds
[2023-08-02T11:09:33.157-0500] {processor.py:157} INFO - Started process (PID=105341) to work on /home/joha/anaconda3/lib/python3.10/site-packages/airflow/example_dags/example_latest_only.py
[2023-08-02T11:09:33.159-0500] {processor.py:826} INFO - Processing file /home/joha/anaconda3/lib/python3.10/site-packages/airflow/example_dags/example_latest_only.py for tasks to queue
[2023-08-02T11:09:33.160-0500] {logging_mixin.py:150} INFO - [2023-08-02T11:09:33.160-0500] {dagbag.py:541} INFO - Filling up the DagBag from /home/joha/anaconda3/lib/python3.10/site-packages/airflow/example_dags/example_latest_only.py
[2023-08-02T11:09:33.171-0500] {processor.py:836} INFO - DAG(s) dict_keys(['latest_only']) retrieved from /home/joha/anaconda3/lib/python3.10/site-packages/airflow/example_dags/example_latest_only.py
[2023-08-02T11:09:33.192-0500] {logging_mixin.py:150} INFO - [2023-08-02T11:09:33.192-0500] {dag.py:2742} INFO - Sync 1 DAGs
[2023-08-02T11:09:33.216-0500] {logging_mixin.py:150} INFO - [2023-08-02T11:09:33.216-0500] {dag.py:3504} INFO - Setting next_dagrun for latest_only to 2023-08-02T12:09:33.216164+00:00, run_after=2023-08-02T16:09:33.216164+00:00
[2023-08-02T11:09:33.236-0500] {processor.py:179} INFO - Processing /home/joha/anaconda3/lib/python3.10/site-packages/airflow/example_dags/example_latest_only.py took 0.084 seconds
[2023-08-02T11:10:26.075-0500] {processor.py:157} INFO - Started process (PID=105528) to work on /home/joha/anaconda3/lib/python3.10/site-packages/airflow/example_dags/example_latest_only.py
[2023-08-02T11:10:26.085-0500] {processor.py:826} INFO - Processing file /home/joha/anaconda3/lib/python3.10/site-packages/airflow/example_dags/example_latest_only.py for tasks to queue
[2023-08-02T11:10:26.089-0500] {logging_mixin.py:150} INFO - [2023-08-02T11:10:26.087-0500] {dagbag.py:541} INFO - Filling up the DagBag from /home/joha/anaconda3/lib/python3.10/site-packages/airflow/example_dags/example_latest_only.py
[2023-08-02T11:10:26.111-0500] {processor.py:836} INFO - DAG(s) dict_keys(['latest_only']) retrieved from /home/joha/anaconda3/lib/python3.10/site-packages/airflow/example_dags/example_latest_only.py
[2023-08-02T11:10:26.143-0500] {logging_mixin.py:150} INFO - [2023-08-02T11:10:26.143-0500] {dag.py:2742} INFO - Sync 1 DAGs
[2023-08-02T11:10:26.177-0500] {logging_mixin.py:150} INFO - [2023-08-02T11:10:26.177-0500] {dag.py:3504} INFO - Setting next_dagrun for latest_only to 2023-08-02T12:10:26.176958+00:00, run_after=2023-08-02T16:10:26.176958+00:00
[2023-08-02T11:10:26.231-0500] {processor.py:179} INFO - Processing /home/joha/anaconda3/lib/python3.10/site-packages/airflow/example_dags/example_latest_only.py took 0.168 seconds
[2023-08-02T11:11:12.582-0500] {processor.py:157} INFO - Started process (PID=105640) to work on /home/joha/anaconda3/lib/python3.10/site-packages/airflow/example_dags/example_latest_only.py
[2023-08-02T11:11:12.591-0500] {processor.py:826} INFO - Processing file /home/joha/anaconda3/lib/python3.10/site-packages/airflow/example_dags/example_latest_only.py for tasks to queue
[2023-08-02T11:11:12.592-0500] {logging_mixin.py:150} INFO - [2023-08-02T11:11:12.591-0500] {dagbag.py:541} INFO - Filling up the DagBag from /home/joha/anaconda3/lib/python3.10/site-packages/airflow/example_dags/example_latest_only.py
[2023-08-02T11:11:12.603-0500] {processor.py:836} INFO - DAG(s) dict_keys(['latest_only']) retrieved from /home/joha/anaconda3/lib/python3.10/site-packages/airflow/example_dags/example_latest_only.py
[2023-08-02T11:11:12.624-0500] {logging_mixin.py:150} INFO - [2023-08-02T11:11:12.624-0500] {dag.py:2742} INFO - Sync 1 DAGs
[2023-08-02T11:11:12.643-0500] {logging_mixin.py:150} INFO - [2023-08-02T11:11:12.643-0500] {dag.py:3504} INFO - Setting next_dagrun for latest_only to 2023-08-02T12:11:12.643395+00:00, run_after=2023-08-02T16:11:12.643395+00:00
[2023-08-02T11:11:12.665-0500] {processor.py:179} INFO - Processing /home/joha/anaconda3/lib/python3.10/site-packages/airflow/example_dags/example_latest_only.py took 0.088 seconds
[2023-08-02T11:12:01.956-0500] {processor.py:157} INFO - Started process (PID=105795) to work on /home/joha/anaconda3/lib/python3.10/site-packages/airflow/example_dags/example_latest_only.py
[2023-08-02T11:12:01.966-0500] {processor.py:826} INFO - Processing file /home/joha/anaconda3/lib/python3.10/site-packages/airflow/example_dags/example_latest_only.py for tasks to queue
[2023-08-02T11:12:01.970-0500] {logging_mixin.py:150} INFO - [2023-08-02T11:12:01.968-0500] {dagbag.py:541} INFO - Filling up the DagBag from /home/joha/anaconda3/lib/python3.10/site-packages/airflow/example_dags/example_latest_only.py
[2023-08-02T11:12:01.992-0500] {processor.py:836} INFO - DAG(s) dict_keys(['latest_only']) retrieved from /home/joha/anaconda3/lib/python3.10/site-packages/airflow/example_dags/example_latest_only.py
[2023-08-02T11:12:02.037-0500] {logging_mixin.py:150} INFO - [2023-08-02T11:12:02.037-0500] {dag.py:2742} INFO - Sync 1 DAGs
[2023-08-02T11:12:02.060-0500] {logging_mixin.py:150} INFO - [2023-08-02T11:12:02.060-0500] {dag.py:3504} INFO - Setting next_dagrun for latest_only to 2023-08-02T12:12:02.060459+00:00, run_after=2023-08-02T16:12:02.060459+00:00
[2023-08-02T11:12:02.096-0500] {processor.py:179} INFO - Processing /home/joha/anaconda3/lib/python3.10/site-packages/airflow/example_dags/example_latest_only.py took 0.153 seconds
[2023-08-02T11:12:48.002-0500] {processor.py:157} INFO - Started process (PID=105896) to work on /home/joha/anaconda3/lib/python3.10/site-packages/airflow/example_dags/example_latest_only.py
[2023-08-02T11:12:48.012-0500] {processor.py:826} INFO - Processing file /home/joha/anaconda3/lib/python3.10/site-packages/airflow/example_dags/example_latest_only.py for tasks to queue
[2023-08-02T11:12:48.014-0500] {logging_mixin.py:150} INFO - [2023-08-02T11:12:48.013-0500] {dagbag.py:541} INFO - Filling up the DagBag from /home/joha/anaconda3/lib/python3.10/site-packages/airflow/example_dags/example_latest_only.py
[2023-08-02T11:12:48.035-0500] {processor.py:836} INFO - DAG(s) dict_keys(['latest_only']) retrieved from /home/joha/anaconda3/lib/python3.10/site-packages/airflow/example_dags/example_latest_only.py
[2023-08-02T11:12:48.070-0500] {logging_mixin.py:150} INFO - [2023-08-02T11:12:48.070-0500] {dag.py:2742} INFO - Sync 1 DAGs
[2023-08-02T11:12:48.090-0500] {logging_mixin.py:150} INFO - [2023-08-02T11:12:48.090-0500] {dag.py:3504} INFO - Setting next_dagrun for latest_only to 2023-08-02T12:12:48.090325+00:00, run_after=2023-08-02T16:12:48.090325+00:00
[2023-08-02T11:12:48.117-0500] {processor.py:179} INFO - Processing /home/joha/anaconda3/lib/python3.10/site-packages/airflow/example_dags/example_latest_only.py took 0.126 seconds
[2023-08-02T11:13:34.175-0500] {processor.py:157} INFO - Started process (PID=105984) to work on /home/joha/anaconda3/lib/python3.10/site-packages/airflow/example_dags/example_latest_only.py
[2023-08-02T11:13:34.183-0500] {processor.py:826} INFO - Processing file /home/joha/anaconda3/lib/python3.10/site-packages/airflow/example_dags/example_latest_only.py for tasks to queue
[2023-08-02T11:13:34.184-0500] {logging_mixin.py:150} INFO - [2023-08-02T11:13:34.183-0500] {dagbag.py:541} INFO - Filling up the DagBag from /home/joha/anaconda3/lib/python3.10/site-packages/airflow/example_dags/example_latest_only.py
[2023-08-02T11:13:34.191-0500] {processor.py:836} INFO - DAG(s) dict_keys(['latest_only']) retrieved from /home/joha/anaconda3/lib/python3.10/site-packages/airflow/example_dags/example_latest_only.py
[2023-08-02T11:13:34.211-0500] {logging_mixin.py:150} INFO - [2023-08-02T11:13:34.210-0500] {dag.py:2742} INFO - Sync 1 DAGs
[2023-08-02T11:13:34.232-0500] {logging_mixin.py:150} INFO - [2023-08-02T11:13:34.232-0500] {dag.py:3504} INFO - Setting next_dagrun for latest_only to 2023-08-02T12:13:34.232017+00:00, run_after=2023-08-02T16:13:34.232017+00:00
[2023-08-02T11:13:34.258-0500] {processor.py:179} INFO - Processing /home/joha/anaconda3/lib/python3.10/site-packages/airflow/example_dags/example_latest_only.py took 0.087 seconds
[2023-08-02T11:14:37.626-0500] {processor.py:157} INFO - Started process (PID=106064) to work on /home/joha/anaconda3/lib/python3.10/site-packages/airflow/example_dags/example_latest_only.py
[2023-08-02T11:14:37.634-0500] {processor.py:826} INFO - Processing file /home/joha/anaconda3/lib/python3.10/site-packages/airflow/example_dags/example_latest_only.py for tasks to queue
[2023-08-02T11:14:37.637-0500] {logging_mixin.py:150} INFO - [2023-08-02T11:14:37.636-0500] {dagbag.py:541} INFO - Filling up the DagBag from /home/joha/anaconda3/lib/python3.10/site-packages/airflow/example_dags/example_latest_only.py
[2023-08-02T11:14:37.654-0500] {processor.py:836} INFO - DAG(s) dict_keys(['latest_only']) retrieved from /home/joha/anaconda3/lib/python3.10/site-packages/airflow/example_dags/example_latest_only.py
[2023-08-02T11:14:37.682-0500] {logging_mixin.py:150} INFO - [2023-08-02T11:14:37.681-0500] {dag.py:2742} INFO - Sync 1 DAGs
[2023-08-02T11:14:37.707-0500] {logging_mixin.py:150} INFO - [2023-08-02T11:14:37.706-0500] {dag.py:3504} INFO - Setting next_dagrun for latest_only to 2023-08-02T12:14:37.706768+00:00, run_after=2023-08-02T16:14:37.706768+00:00
[2023-08-02T11:14:37.731-0500] {processor.py:179} INFO - Processing /home/joha/anaconda3/lib/python3.10/site-packages/airflow/example_dags/example_latest_only.py took 0.109 seconds
[2023-08-02T11:15:24.118-0500] {processor.py:157} INFO - Started process (PID=106217) to work on /home/joha/anaconda3/lib/python3.10/site-packages/airflow/example_dags/example_latest_only.py
[2023-08-02T11:15:24.126-0500] {processor.py:826} INFO - Processing file /home/joha/anaconda3/lib/python3.10/site-packages/airflow/example_dags/example_latest_only.py for tasks to queue
[2023-08-02T11:15:24.127-0500] {logging_mixin.py:150} INFO - [2023-08-02T11:15:24.127-0500] {dagbag.py:541} INFO - Filling up the DagBag from /home/joha/anaconda3/lib/python3.10/site-packages/airflow/example_dags/example_latest_only.py
[2023-08-02T11:15:24.134-0500] {processor.py:836} INFO - DAG(s) dict_keys(['latest_only']) retrieved from /home/joha/anaconda3/lib/python3.10/site-packages/airflow/example_dags/example_latest_only.py
[2023-08-02T11:15:24.152-0500] {logging_mixin.py:150} INFO - [2023-08-02T11:15:24.152-0500] {dag.py:2742} INFO - Sync 1 DAGs
[2023-08-02T11:15:24.172-0500] {logging_mixin.py:150} INFO - [2023-08-02T11:15:24.172-0500] {dag.py:3504} INFO - Setting next_dagrun for latest_only to 2023-08-02T12:15:24.171966+00:00, run_after=2023-08-02T16:15:24.171966+00:00
[2023-08-02T11:15:24.194-0500] {processor.py:179} INFO - Processing /home/joha/anaconda3/lib/python3.10/site-packages/airflow/example_dags/example_latest_only.py took 0.080 seconds
[2023-08-02T11:16:12.831-0500] {processor.py:157} INFO - Started process (PID=106350) to work on /home/joha/anaconda3/lib/python3.10/site-packages/airflow/example_dags/example_latest_only.py
[2023-08-02T11:16:12.840-0500] {processor.py:826} INFO - Processing file /home/joha/anaconda3/lib/python3.10/site-packages/airflow/example_dags/example_latest_only.py for tasks to queue
[2023-08-02T11:16:12.843-0500] {logging_mixin.py:150} INFO - [2023-08-02T11:16:12.842-0500] {dagbag.py:541} INFO - Filling up the DagBag from /home/joha/anaconda3/lib/python3.10/site-packages/airflow/example_dags/example_latest_only.py
[2023-08-02T11:16:12.859-0500] {processor.py:836} INFO - DAG(s) dict_keys(['latest_only']) retrieved from /home/joha/anaconda3/lib/python3.10/site-packages/airflow/example_dags/example_latest_only.py
[2023-08-02T11:16:12.880-0500] {logging_mixin.py:150} INFO - [2023-08-02T11:16:12.880-0500] {dag.py:2742} INFO - Sync 1 DAGs
[2023-08-02T11:16:12.899-0500] {logging_mixin.py:150} INFO - [2023-08-02T11:16:12.899-0500] {dag.py:3504} INFO - Setting next_dagrun for latest_only to 2023-08-02T12:16:12.899245+00:00, run_after=2023-08-02T16:16:12.899245+00:00
[2023-08-02T11:16:12.919-0500] {processor.py:179} INFO - Processing /home/joha/anaconda3/lib/python3.10/site-packages/airflow/example_dags/example_latest_only.py took 0.094 seconds
[2023-08-02T11:17:00.342-0500] {processor.py:157} INFO - Started process (PID=106468) to work on /home/joha/anaconda3/lib/python3.10/site-packages/airflow/example_dags/example_latest_only.py
[2023-08-02T11:17:00.354-0500] {processor.py:826} INFO - Processing file /home/joha/anaconda3/lib/python3.10/site-packages/airflow/example_dags/example_latest_only.py for tasks to queue
[2023-08-02T11:17:00.356-0500] {logging_mixin.py:150} INFO - [2023-08-02T11:17:00.355-0500] {dagbag.py:541} INFO - Filling up the DagBag from /home/joha/anaconda3/lib/python3.10/site-packages/airflow/example_dags/example_latest_only.py
[2023-08-02T11:17:00.368-0500] {processor.py:836} INFO - DAG(s) dict_keys(['latest_only']) retrieved from /home/joha/anaconda3/lib/python3.10/site-packages/airflow/example_dags/example_latest_only.py
[2023-08-02T11:17:00.399-0500] {logging_mixin.py:150} INFO - [2023-08-02T11:17:00.398-0500] {dag.py:2742} INFO - Sync 1 DAGs
[2023-08-02T11:17:00.424-0500] {logging_mixin.py:150} INFO - [2023-08-02T11:17:00.424-0500] {dag.py:3504} INFO - Setting next_dagrun for latest_only to 2023-08-02T12:17:00.423764+00:00, run_after=2023-08-02T16:17:00.423764+00:00
[2023-08-02T11:17:00.461-0500] {processor.py:179} INFO - Processing /home/joha/anaconda3/lib/python3.10/site-packages/airflow/example_dags/example_latest_only.py took 0.133 seconds
[2023-08-02T11:17:45.364-0500] {processor.py:157} INFO - Started process (PID=106596) to work on /home/joha/anaconda3/lib/python3.10/site-packages/airflow/example_dags/example_latest_only.py
[2023-08-02T11:17:45.372-0500] {processor.py:826} INFO - Processing file /home/joha/anaconda3/lib/python3.10/site-packages/airflow/example_dags/example_latest_only.py for tasks to queue
[2023-08-02T11:17:45.374-0500] {logging_mixin.py:150} INFO - [2023-08-02T11:17:45.373-0500] {dagbag.py:541} INFO - Filling up the DagBag from /home/joha/anaconda3/lib/python3.10/site-packages/airflow/example_dags/example_latest_only.py
[2023-08-02T11:17:45.385-0500] {processor.py:836} INFO - DAG(s) dict_keys(['latest_only']) retrieved from /home/joha/anaconda3/lib/python3.10/site-packages/airflow/example_dags/example_latest_only.py
[2023-08-02T11:17:45.410-0500] {logging_mixin.py:150} INFO - [2023-08-02T11:17:45.409-0500] {dag.py:2742} INFO - Sync 1 DAGs
[2023-08-02T11:17:45.431-0500] {logging_mixin.py:150} INFO - [2023-08-02T11:17:45.431-0500] {dag.py:3504} INFO - Setting next_dagrun for latest_only to 2023-08-02T12:17:45.430917+00:00, run_after=2023-08-02T16:17:45.430917+00:00
[2023-08-02T11:17:45.455-0500] {processor.py:179} INFO - Processing /home/joha/anaconda3/lib/python3.10/site-packages/airflow/example_dags/example_latest_only.py took 0.095 seconds
[2023-08-02T11:18:49.631-0500] {processor.py:157} INFO - Started process (PID=106789) to work on /home/joha/anaconda3/lib/python3.10/site-packages/airflow/example_dags/example_latest_only.py
[2023-08-02T11:18:49.639-0500] {processor.py:826} INFO - Processing file /home/joha/anaconda3/lib/python3.10/site-packages/airflow/example_dags/example_latest_only.py for tasks to queue
[2023-08-02T11:18:49.642-0500] {logging_mixin.py:150} INFO - [2023-08-02T11:18:49.641-0500] {dagbag.py:541} INFO - Filling up the DagBag from /home/joha/anaconda3/lib/python3.10/site-packages/airflow/example_dags/example_latest_only.py
[2023-08-02T11:18:49.657-0500] {processor.py:836} INFO - DAG(s) dict_keys(['latest_only']) retrieved from /home/joha/anaconda3/lib/python3.10/site-packages/airflow/example_dags/example_latest_only.py
[2023-08-02T11:18:49.678-0500] {logging_mixin.py:150} INFO - [2023-08-02T11:18:49.678-0500] {dag.py:2742} INFO - Sync 1 DAGs
[2023-08-02T11:18:49.698-0500] {logging_mixin.py:150} INFO - [2023-08-02T11:18:49.698-0500] {dag.py:3504} INFO - Setting next_dagrun for latest_only to 2023-08-02T12:18:49.698031+00:00, run_after=2023-08-02T16:18:49.698031+00:00
[2023-08-02T11:18:49.719-0500] {processor.py:179} INFO - Processing /home/joha/anaconda3/lib/python3.10/site-packages/airflow/example_dags/example_latest_only.py took 0.093 seconds
[2023-08-02T11:19:36.236-0500] {processor.py:157} INFO - Started process (PID=106898) to work on /home/joha/anaconda3/lib/python3.10/site-packages/airflow/example_dags/example_latest_only.py
[2023-08-02T11:19:36.244-0500] {processor.py:826} INFO - Processing file /home/joha/anaconda3/lib/python3.10/site-packages/airflow/example_dags/example_latest_only.py for tasks to queue
[2023-08-02T11:19:36.245-0500] {logging_mixin.py:150} INFO - [2023-08-02T11:19:36.245-0500] {dagbag.py:541} INFO - Filling up the DagBag from /home/joha/anaconda3/lib/python3.10/site-packages/airflow/example_dags/example_latest_only.py
[2023-08-02T11:19:36.252-0500] {processor.py:836} INFO - DAG(s) dict_keys(['latest_only']) retrieved from /home/joha/anaconda3/lib/python3.10/site-packages/airflow/example_dags/example_latest_only.py
[2023-08-02T11:19:36.275-0500] {logging_mixin.py:150} INFO - [2023-08-02T11:19:36.275-0500] {dag.py:2742} INFO - Sync 1 DAGs
[2023-08-02T11:19:36.300-0500] {logging_mixin.py:150} INFO - [2023-08-02T11:19:36.300-0500] {dag.py:3504} INFO - Setting next_dagrun for latest_only to 2023-08-02T12:19:36.300126+00:00, run_after=2023-08-02T16:19:36.300126+00:00
[2023-08-02T11:19:36.331-0500] {processor.py:179} INFO - Processing /home/joha/anaconda3/lib/python3.10/site-packages/airflow/example_dags/example_latest_only.py took 0.098 seconds
[2023-08-02T11:20:26.252-0500] {processor.py:157} INFO - Started process (PID=107007) to work on /home/joha/anaconda3/lib/python3.10/site-packages/airflow/example_dags/example_latest_only.py
[2023-08-02T11:20:26.262-0500] {processor.py:826} INFO - Processing file /home/joha/anaconda3/lib/python3.10/site-packages/airflow/example_dags/example_latest_only.py for tasks to queue
[2023-08-02T11:20:26.266-0500] {logging_mixin.py:150} INFO - [2023-08-02T11:20:26.265-0500] {dagbag.py:541} INFO - Filling up the DagBag from /home/joha/anaconda3/lib/python3.10/site-packages/airflow/example_dags/example_latest_only.py
[2023-08-02T11:20:26.291-0500] {processor.py:836} INFO - DAG(s) dict_keys(['latest_only']) retrieved from /home/joha/anaconda3/lib/python3.10/site-packages/airflow/example_dags/example_latest_only.py
[2023-08-02T11:20:26.337-0500] {logging_mixin.py:150} INFO - [2023-08-02T11:20:26.337-0500] {dag.py:2742} INFO - Sync 1 DAGs
[2023-08-02T11:20:26.363-0500] {logging_mixin.py:150} INFO - [2023-08-02T11:20:26.363-0500] {dag.py:3504} INFO - Setting next_dagrun for latest_only to 2023-08-02T12:20:26.362804+00:00, run_after=2023-08-02T16:20:26.362804+00:00
[2023-08-02T11:20:26.386-0500] {processor.py:179} INFO - Processing /home/joha/anaconda3/lib/python3.10/site-packages/airflow/example_dags/example_latest_only.py took 0.146 seconds
[2023-08-02T11:21:23.205-0500] {processor.py:157} INFO - Started process (PID=107126) to work on /home/joha/anaconda3/lib/python3.10/site-packages/airflow/example_dags/example_latest_only.py
[2023-08-02T11:21:23.213-0500] {processor.py:826} INFO - Processing file /home/joha/anaconda3/lib/python3.10/site-packages/airflow/example_dags/example_latest_only.py for tasks to queue
[2023-08-02T11:21:23.214-0500] {logging_mixin.py:150} INFO - [2023-08-02T11:21:23.214-0500] {dagbag.py:541} INFO - Filling up the DagBag from /home/joha/anaconda3/lib/python3.10/site-packages/airflow/example_dags/example_latest_only.py
[2023-08-02T11:21:23.223-0500] {processor.py:836} INFO - DAG(s) dict_keys(['latest_only']) retrieved from /home/joha/anaconda3/lib/python3.10/site-packages/airflow/example_dags/example_latest_only.py
[2023-08-02T11:21:23.245-0500] {logging_mixin.py:150} INFO - [2023-08-02T11:21:23.245-0500] {dag.py:2742} INFO - Sync 1 DAGs
[2023-08-02T11:21:23.271-0500] {logging_mixin.py:150} INFO - [2023-08-02T11:21:23.271-0500] {dag.py:3504} INFO - Setting next_dagrun for latest_only to 2023-08-02T12:21:23.271265+00:00, run_after=2023-08-02T16:21:23.271265+00:00
[2023-08-02T11:21:23.295-0500] {processor.py:179} INFO - Processing /home/joha/anaconda3/lib/python3.10/site-packages/airflow/example_dags/example_latest_only.py took 0.094 seconds
[2023-08-02T11:22:22.918-0500] {processor.py:157} INFO - Started process (PID=107485) to work on /home/joha/anaconda3/lib/python3.10/site-packages/airflow/example_dags/example_latest_only.py
[2023-08-02T11:22:22.926-0500] {processor.py:826} INFO - Processing file /home/joha/anaconda3/lib/python3.10/site-packages/airflow/example_dags/example_latest_only.py for tasks to queue
[2023-08-02T11:22:22.927-0500] {logging_mixin.py:150} INFO - [2023-08-02T11:22:22.927-0500] {dagbag.py:541} INFO - Filling up the DagBag from /home/joha/anaconda3/lib/python3.10/site-packages/airflow/example_dags/example_latest_only.py
[2023-08-02T11:22:22.936-0500] {processor.py:836} INFO - DAG(s) dict_keys(['latest_only']) retrieved from /home/joha/anaconda3/lib/python3.10/site-packages/airflow/example_dags/example_latest_only.py
[2023-08-02T11:22:22.958-0500] {logging_mixin.py:150} INFO - [2023-08-02T11:22:22.958-0500] {dag.py:2742} INFO - Sync 1 DAGs
[2023-08-02T11:22:22.989-0500] {logging_mixin.py:150} INFO - [2023-08-02T11:22:22.988-0500] {dag.py:3504} INFO - Setting next_dagrun for latest_only to 2023-08-02T12:22:22.988617+00:00, run_after=2023-08-02T16:22:22.988617+00:00
[2023-08-02T11:22:23.020-0500] {processor.py:179} INFO - Processing /home/joha/anaconda3/lib/python3.10/site-packages/airflow/example_dags/example_latest_only.py took 0.105 seconds
[2023-08-02T11:23:44.505-0500] {processor.py:157} INFO - Started process (PID=108142) to work on /home/joha/anaconda3/lib/python3.10/site-packages/airflow/example_dags/example_latest_only.py
[2023-08-02T11:23:44.512-0500] {processor.py:826} INFO - Processing file /home/joha/anaconda3/lib/python3.10/site-packages/airflow/example_dags/example_latest_only.py for tasks to queue
[2023-08-02T11:23:44.513-0500] {logging_mixin.py:150} INFO - [2023-08-02T11:23:44.513-0500] {dagbag.py:541} INFO - Filling up the DagBag from /home/joha/anaconda3/lib/python3.10/site-packages/airflow/example_dags/example_latest_only.py
[2023-08-02T11:23:44.522-0500] {processor.py:836} INFO - DAG(s) dict_keys(['latest_only']) retrieved from /home/joha/anaconda3/lib/python3.10/site-packages/airflow/example_dags/example_latest_only.py
[2023-08-02T11:23:44.544-0500] {logging_mixin.py:150} INFO - [2023-08-02T11:23:44.543-0500] {dag.py:2742} INFO - Sync 1 DAGs
[2023-08-02T11:23:44.570-0500] {logging_mixin.py:150} INFO - [2023-08-02T11:23:44.569-0500] {dag.py:3504} INFO - Setting next_dagrun for latest_only to 2023-08-02T12:23:44.569628+00:00, run_after=2023-08-02T16:23:44.569628+00:00
[2023-08-02T11:23:44.601-0500] {processor.py:179} INFO - Processing /home/joha/anaconda3/lib/python3.10/site-packages/airflow/example_dags/example_latest_only.py took 0.100 seconds
[2023-08-02T11:25:17.084-0500] {processor.py:157} INFO - Started process (PID=108378) to work on /home/joha/anaconda3/lib/python3.10/site-packages/airflow/example_dags/example_latest_only.py
[2023-08-02T11:25:17.091-0500] {processor.py:826} INFO - Processing file /home/joha/anaconda3/lib/python3.10/site-packages/airflow/example_dags/example_latest_only.py for tasks to queue
[2023-08-02T11:25:17.093-0500] {logging_mixin.py:150} INFO - [2023-08-02T11:25:17.092-0500] {dagbag.py:541} INFO - Filling up the DagBag from /home/joha/anaconda3/lib/python3.10/site-packages/airflow/example_dags/example_latest_only.py
[2023-08-02T11:25:17.099-0500] {processor.py:836} INFO - DAG(s) dict_keys(['latest_only']) retrieved from /home/joha/anaconda3/lib/python3.10/site-packages/airflow/example_dags/example_latest_only.py
[2023-08-02T11:25:17.122-0500] {logging_mixin.py:150} INFO - [2023-08-02T11:25:17.122-0500] {dag.py:2742} INFO - Sync 1 DAGs
[2023-08-02T11:25:17.268-0500] {logging_mixin.py:150} INFO - [2023-08-02T11:25:17.267-0500] {dag.py:3504} INFO - Setting next_dagrun for latest_only to 2023-08-02T12:25:17.267441+00:00, run_after=2023-08-02T16:25:17.267441+00:00
[2023-08-02T11:25:17.296-0500] {processor.py:179} INFO - Processing /home/joha/anaconda3/lib/python3.10/site-packages/airflow/example_dags/example_latest_only.py took 0.217 seconds
[2023-08-02T11:26:13.290-0500] {processor.py:157} INFO - Started process (PID=108465) to work on /home/joha/anaconda3/lib/python3.10/site-packages/airflow/example_dags/example_latest_only.py
[2023-08-02T11:26:13.299-0500] {processor.py:826} INFO - Processing file /home/joha/anaconda3/lib/python3.10/site-packages/airflow/example_dags/example_latest_only.py for tasks to queue
[2023-08-02T11:26:13.301-0500] {logging_mixin.py:150} INFO - [2023-08-02T11:26:13.300-0500] {dagbag.py:541} INFO - Filling up the DagBag from /home/joha/anaconda3/lib/python3.10/site-packages/airflow/example_dags/example_latest_only.py
[2023-08-02T11:26:13.312-0500] {processor.py:836} INFO - DAG(s) dict_keys(['latest_only']) retrieved from /home/joha/anaconda3/lib/python3.10/site-packages/airflow/example_dags/example_latest_only.py
[2023-08-02T11:26:13.339-0500] {logging_mixin.py:150} INFO - [2023-08-02T11:26:13.339-0500] {dag.py:2742} INFO - Sync 1 DAGs
[2023-08-02T11:26:13.360-0500] {logging_mixin.py:150} INFO - [2023-08-02T11:26:13.360-0500] {dag.py:3504} INFO - Setting next_dagrun for latest_only to 2023-08-02T12:26:13.360435+00:00, run_after=2023-08-02T16:26:13.360435+00:00
[2023-08-02T11:26:13.387-0500] {processor.py:179} INFO - Processing /home/joha/anaconda3/lib/python3.10/site-packages/airflow/example_dags/example_latest_only.py took 0.102 seconds
