[2023-08-01T20:26:13.213-0500] {processor.py:157} INFO - Started process (PID=99594) to work on /home/joha/anaconda3/lib/python3.10/site-packages/airflow/example_dags/example_datasets.py
[2023-08-01T20:26:13.213-0500] {processor.py:826} INFO - Processing file /home/joha/anaconda3/lib/python3.10/site-packages/airflow/example_dags/example_datasets.py for tasks to queue
[2023-08-01T20:26:13.214-0500] {logging_mixin.py:150} INFO - [2023-08-01T20:26:13.214-0500] {dagbag.py:541} INFO - Filling up the DagBag from /home/joha/anaconda3/lib/python3.10/site-packages/airflow/example_dags/example_datasets.py
[2023-08-01T20:26:13.226-0500] {processor.py:836} INFO - DAG(s) dict_keys(['dataset_produces_2', 'dataset_consumes_1', 'dataset_produces_1', 'dataset_consumes_1_never_scheduled', 'dataset_consumes_unknown_never_scheduled', 'dataset_consumes_1_and_2']) retrieved from /home/joha/anaconda3/lib/python3.10/site-packages/airflow/example_dags/example_datasets.py
[2023-08-01T20:26:13.254-0500] {logging_mixin.py:150} INFO - [2023-08-01T20:26:13.254-0500] {dag.py:2742} INFO - Sync 6 DAGs
[2023-08-01T20:26:13.276-0500] {logging_mixin.py:150} INFO - [2023-08-01T20:26:13.276-0500] {dag.py:3504} INFO - Setting next_dagrun for dataset_consumes_1 to None, run_after=None
[2023-08-01T20:26:13.279-0500] {logging_mixin.py:150} INFO - [2023-08-01T20:26:13.279-0500] {dag.py:3504} INFO - Setting next_dagrun for dataset_consumes_1_and_2 to None, run_after=None
[2023-08-01T20:26:13.280-0500] {logging_mixin.py:150} INFO - [2023-08-01T20:26:13.279-0500] {dag.py:3504} INFO - Setting next_dagrun for dataset_consumes_1_never_scheduled to None, run_after=None
[2023-08-01T20:26:13.280-0500] {logging_mixin.py:150} INFO - [2023-08-01T20:26:13.280-0500] {dag.py:3504} INFO - Setting next_dagrun for dataset_consumes_unknown_never_scheduled to None, run_after=None
[2023-08-01T20:26:13.283-0500] {logging_mixin.py:150} INFO - [2023-08-01T20:26:13.282-0500] {dag.py:3504} INFO - Setting next_dagrun for dataset_produces_1 to 2023-08-01T00:00:00+00:00, run_after=2023-08-02T00:00:00+00:00
[2023-08-01T20:26:13.283-0500] {logging_mixin.py:150} INFO - [2023-08-01T20:26:13.283-0500] {dag.py:3504} INFO - Setting next_dagrun for dataset_produces_2 to None, run_after=None
[2023-08-01T20:26:13.319-0500] {processor.py:179} INFO - Processing /home/joha/anaconda3/lib/python3.10/site-packages/airflow/example_dags/example_datasets.py took 0.110 seconds
[2023-08-02T11:08:59.779-0500] {processor.py:157} INFO - Started process (PID=105270) to work on /home/joha/anaconda3/lib/python3.10/site-packages/airflow/example_dags/example_datasets.py
[2023-08-02T11:08:59.786-0500] {processor.py:826} INFO - Processing file /home/joha/anaconda3/lib/python3.10/site-packages/airflow/example_dags/example_datasets.py for tasks to queue
[2023-08-02T11:08:59.787-0500] {logging_mixin.py:150} INFO - [2023-08-02T11:08:59.787-0500] {dagbag.py:541} INFO - Filling up the DagBag from /home/joha/anaconda3/lib/python3.10/site-packages/airflow/example_dags/example_datasets.py
[2023-08-02T11:08:59.800-0500] {processor.py:836} INFO - DAG(s) dict_keys(['dataset_consumes_unknown_never_scheduled', 'dataset_produces_1', 'dataset_produces_2', 'dataset_consumes_1', 'dataset_consumes_1_and_2', 'dataset_consumes_1_never_scheduled']) retrieved from /home/joha/anaconda3/lib/python3.10/site-packages/airflow/example_dags/example_datasets.py
[2023-08-02T11:08:59.835-0500] {logging_mixin.py:150} INFO - [2023-08-02T11:08:59.834-0500] {dag.py:2742} INFO - Sync 6 DAGs
[2023-08-02T11:08:59.857-0500] {logging_mixin.py:150} INFO - [2023-08-02T11:08:59.857-0500] {dag.py:3504} INFO - Setting next_dagrun for dataset_consumes_1 to None, run_after=None
[2023-08-02T11:08:59.860-0500] {logging_mixin.py:150} INFO - [2023-08-02T11:08:59.860-0500] {dag.py:3504} INFO - Setting next_dagrun for dataset_consumes_1_and_2 to None, run_after=None
[2023-08-02T11:08:59.862-0500] {logging_mixin.py:150} INFO - [2023-08-02T11:08:59.861-0500] {dag.py:3504} INFO - Setting next_dagrun for dataset_consumes_1_never_scheduled to None, run_after=None
[2023-08-02T11:08:59.863-0500] {logging_mixin.py:150} INFO - [2023-08-02T11:08:59.862-0500] {dag.py:3504} INFO - Setting next_dagrun for dataset_consumes_unknown_never_scheduled to None, run_after=None
[2023-08-02T11:08:59.867-0500] {logging_mixin.py:150} INFO - [2023-08-02T11:08:59.867-0500] {dag.py:3504} INFO - Setting next_dagrun for dataset_produces_1 to 2023-08-01T00:00:00+00:00, run_after=2023-08-02T00:00:00+00:00
[2023-08-02T11:08:59.869-0500] {logging_mixin.py:150} INFO - [2023-08-02T11:08:59.869-0500] {dag.py:3504} INFO - Setting next_dagrun for dataset_produces_2 to None, run_after=None
[2023-08-02T11:08:59.922-0500] {processor.py:179} INFO - Processing /home/joha/anaconda3/lib/python3.10/site-packages/airflow/example_dags/example_datasets.py took 0.146 seconds
[2023-08-02T11:10:12.789-0500] {processor.py:157} INFO - Started process (PID=105491) to work on /home/joha/anaconda3/lib/python3.10/site-packages/airflow/example_dags/example_datasets.py
[2023-08-02T11:10:12.790-0500] {processor.py:826} INFO - Processing file /home/joha/anaconda3/lib/python3.10/site-packages/airflow/example_dags/example_datasets.py for tasks to queue
[2023-08-02T11:10:12.791-0500] {logging_mixin.py:150} INFO - [2023-08-02T11:10:12.791-0500] {dagbag.py:541} INFO - Filling up the DagBag from /home/joha/anaconda3/lib/python3.10/site-packages/airflow/example_dags/example_datasets.py
[2023-08-02T11:10:12.805-0500] {processor.py:836} INFO - DAG(s) dict_keys(['dataset_consumes_unknown_never_scheduled', 'dataset_produces_2', 'dataset_consumes_1_and_2', 'dataset_consumes_1_never_scheduled', 'dataset_consumes_1', 'dataset_produces_1']) retrieved from /home/joha/anaconda3/lib/python3.10/site-packages/airflow/example_dags/example_datasets.py
[2023-08-02T11:10:12.837-0500] {logging_mixin.py:150} INFO - [2023-08-02T11:10:12.837-0500] {dag.py:2742} INFO - Sync 6 DAGs
[2023-08-02T11:10:12.860-0500] {logging_mixin.py:150} INFO - [2023-08-02T11:10:12.860-0500] {dag.py:3504} INFO - Setting next_dagrun for dataset_consumes_1 to None, run_after=None
[2023-08-02T11:10:12.863-0500] {logging_mixin.py:150} INFO - [2023-08-02T11:10:12.863-0500] {dag.py:3504} INFO - Setting next_dagrun for dataset_consumes_1_and_2 to None, run_after=None
[2023-08-02T11:10:12.864-0500] {logging_mixin.py:150} INFO - [2023-08-02T11:10:12.864-0500] {dag.py:3504} INFO - Setting next_dagrun for dataset_consumes_1_never_scheduled to None, run_after=None
[2023-08-02T11:10:12.865-0500] {logging_mixin.py:150} INFO - [2023-08-02T11:10:12.865-0500] {dag.py:3504} INFO - Setting next_dagrun for dataset_consumes_unknown_never_scheduled to None, run_after=None
[2023-08-02T11:10:12.868-0500] {logging_mixin.py:150} INFO - [2023-08-02T11:10:12.868-0500] {dag.py:3504} INFO - Setting next_dagrun for dataset_produces_1 to 2023-08-01T00:00:00+00:00, run_after=2023-08-02T00:00:00+00:00
[2023-08-02T11:10:12.869-0500] {logging_mixin.py:150} INFO - [2023-08-02T11:10:12.869-0500] {dag.py:3504} INFO - Setting next_dagrun for dataset_produces_2 to None, run_after=None
[2023-08-02T11:10:12.908-0500] {processor.py:179} INFO - Processing /home/joha/anaconda3/lib/python3.10/site-packages/airflow/example_dags/example_datasets.py took 0.123 seconds
[2023-08-02T11:11:22.387-0500] {processor.py:157} INFO - Started process (PID=105682) to work on /home/joha/anaconda3/lib/python3.10/site-packages/airflow/example_dags/example_datasets.py
[2023-08-02T11:11:22.396-0500] {processor.py:826} INFO - Processing file /home/joha/anaconda3/lib/python3.10/site-packages/airflow/example_dags/example_datasets.py for tasks to queue
[2023-08-02T11:11:22.400-0500] {logging_mixin.py:150} INFO - [2023-08-02T11:11:22.399-0500] {dagbag.py:541} INFO - Filling up the DagBag from /home/joha/anaconda3/lib/python3.10/site-packages/airflow/example_dags/example_datasets.py
[2023-08-02T11:11:22.444-0500] {processor.py:836} INFO - DAG(s) dict_keys(['dataset_produces_1', 'dataset_consumes_1_and_2', 'dataset_produces_2', 'dataset_consumes_1_never_scheduled', 'dataset_consumes_1', 'dataset_consumes_unknown_never_scheduled']) retrieved from /home/joha/anaconda3/lib/python3.10/site-packages/airflow/example_dags/example_datasets.py
[2023-08-02T11:11:22.494-0500] {logging_mixin.py:150} INFO - [2023-08-02T11:11:22.493-0500] {dag.py:2742} INFO - Sync 6 DAGs
[2023-08-02T11:11:22.518-0500] {logging_mixin.py:150} INFO - [2023-08-02T11:11:22.518-0500] {dag.py:3504} INFO - Setting next_dagrun for dataset_consumes_1 to None, run_after=None
[2023-08-02T11:11:22.522-0500] {logging_mixin.py:150} INFO - [2023-08-02T11:11:22.522-0500] {dag.py:3504} INFO - Setting next_dagrun for dataset_consumes_1_and_2 to None, run_after=None
[2023-08-02T11:11:22.523-0500] {logging_mixin.py:150} INFO - [2023-08-02T11:11:22.523-0500] {dag.py:3504} INFO - Setting next_dagrun for dataset_consumes_1_never_scheduled to None, run_after=None
[2023-08-02T11:11:22.523-0500] {logging_mixin.py:150} INFO - [2023-08-02T11:11:22.523-0500] {dag.py:3504} INFO - Setting next_dagrun for dataset_consumes_unknown_never_scheduled to None, run_after=None
[2023-08-02T11:11:22.526-0500] {logging_mixin.py:150} INFO - [2023-08-02T11:11:22.526-0500] {dag.py:3504} INFO - Setting next_dagrun for dataset_produces_1 to 2023-08-01T00:00:00+00:00, run_after=2023-08-02T00:00:00+00:00
[2023-08-02T11:11:22.527-0500] {logging_mixin.py:150} INFO - [2023-08-02T11:11:22.526-0500] {dag.py:3504} INFO - Setting next_dagrun for dataset_produces_2 to None, run_after=None
[2023-08-02T11:11:22.562-0500] {processor.py:179} INFO - Processing /home/joha/anaconda3/lib/python3.10/site-packages/airflow/example_dags/example_datasets.py took 0.186 seconds
[2023-08-02T11:12:13.662-0500] {processor.py:157} INFO - Started process (PID=105827) to work on /home/joha/anaconda3/lib/python3.10/site-packages/airflow/example_dags/example_datasets.py
[2023-08-02T11:12:13.671-0500] {processor.py:826} INFO - Processing file /home/joha/anaconda3/lib/python3.10/site-packages/airflow/example_dags/example_datasets.py for tasks to queue
[2023-08-02T11:12:13.674-0500] {logging_mixin.py:150} INFO - [2023-08-02T11:12:13.673-0500] {dagbag.py:541} INFO - Filling up the DagBag from /home/joha/anaconda3/lib/python3.10/site-packages/airflow/example_dags/example_datasets.py
[2023-08-02T11:12:13.712-0500] {processor.py:836} INFO - DAG(s) dict_keys(['dataset_produces_2', 'dataset_consumes_unknown_never_scheduled', 'dataset_consumes_1_never_scheduled', 'dataset_produces_1', 'dataset_consumes_1_and_2', 'dataset_consumes_1']) retrieved from /home/joha/anaconda3/lib/python3.10/site-packages/airflow/example_dags/example_datasets.py
[2023-08-02T11:12:13.759-0500] {logging_mixin.py:150} INFO - [2023-08-02T11:12:13.759-0500] {dag.py:2742} INFO - Sync 6 DAGs
[2023-08-02T11:12:13.779-0500] {logging_mixin.py:150} INFO - [2023-08-02T11:12:13.779-0500] {dag.py:3504} INFO - Setting next_dagrun for dataset_consumes_1 to None, run_after=None
[2023-08-02T11:12:13.782-0500] {logging_mixin.py:150} INFO - [2023-08-02T11:12:13.782-0500] {dag.py:3504} INFO - Setting next_dagrun for dataset_consumes_1_and_2 to None, run_after=None
[2023-08-02T11:12:13.783-0500] {logging_mixin.py:150} INFO - [2023-08-02T11:12:13.783-0500] {dag.py:3504} INFO - Setting next_dagrun for dataset_consumes_1_never_scheduled to None, run_after=None
[2023-08-02T11:12:13.784-0500] {logging_mixin.py:150} INFO - [2023-08-02T11:12:13.784-0500] {dag.py:3504} INFO - Setting next_dagrun for dataset_consumes_unknown_never_scheduled to None, run_after=None
[2023-08-02T11:12:13.787-0500] {logging_mixin.py:150} INFO - [2023-08-02T11:12:13.786-0500] {dag.py:3504} INFO - Setting next_dagrun for dataset_produces_1 to 2023-08-01T00:00:00+00:00, run_after=2023-08-02T00:00:00+00:00
[2023-08-02T11:12:13.787-0500] {logging_mixin.py:150} INFO - [2023-08-02T11:12:13.787-0500] {dag.py:3504} INFO - Setting next_dagrun for dataset_produces_2 to None, run_after=None
[2023-08-02T11:12:13.824-0500] {processor.py:179} INFO - Processing /home/joha/anaconda3/lib/python3.10/site-packages/airflow/example_dags/example_datasets.py took 0.174 seconds
[2023-08-02T11:13:17.530-0500] {processor.py:157} INFO - Started process (PID=105953) to work on /home/joha/anaconda3/lib/python3.10/site-packages/airflow/example_dags/example_datasets.py
[2023-08-02T11:13:17.538-0500] {processor.py:826} INFO - Processing file /home/joha/anaconda3/lib/python3.10/site-packages/airflow/example_dags/example_datasets.py for tasks to queue
[2023-08-02T11:13:17.539-0500] {logging_mixin.py:150} INFO - [2023-08-02T11:13:17.538-0500] {dagbag.py:541} INFO - Filling up the DagBag from /home/joha/anaconda3/lib/python3.10/site-packages/airflow/example_dags/example_datasets.py
[2023-08-02T11:13:17.551-0500] {processor.py:836} INFO - DAG(s) dict_keys(['dataset_produces_1', 'dataset_consumes_1', 'dataset_consumes_unknown_never_scheduled', 'dataset_consumes_1_never_scheduled', 'dataset_consumes_1_and_2', 'dataset_produces_2']) retrieved from /home/joha/anaconda3/lib/python3.10/site-packages/airflow/example_dags/example_datasets.py
[2023-08-02T11:13:17.589-0500] {logging_mixin.py:150} INFO - [2023-08-02T11:13:17.589-0500] {dag.py:2742} INFO - Sync 6 DAGs
[2023-08-02T11:13:17.613-0500] {logging_mixin.py:150} INFO - [2023-08-02T11:13:17.612-0500] {dag.py:3504} INFO - Setting next_dagrun for dataset_consumes_1 to None, run_after=None
[2023-08-02T11:13:17.616-0500] {logging_mixin.py:150} INFO - [2023-08-02T11:13:17.616-0500] {dag.py:3504} INFO - Setting next_dagrun for dataset_consumes_1_and_2 to None, run_after=None
[2023-08-02T11:13:17.617-0500] {logging_mixin.py:150} INFO - [2023-08-02T11:13:17.617-0500] {dag.py:3504} INFO - Setting next_dagrun for dataset_consumes_1_never_scheduled to None, run_after=None
[2023-08-02T11:13:17.618-0500] {logging_mixin.py:150} INFO - [2023-08-02T11:13:17.617-0500] {dag.py:3504} INFO - Setting next_dagrun for dataset_consumes_unknown_never_scheduled to None, run_after=None
[2023-08-02T11:13:17.622-0500] {logging_mixin.py:150} INFO - [2023-08-02T11:13:17.622-0500] {dag.py:3504} INFO - Setting next_dagrun for dataset_produces_1 to 2023-08-01T00:00:00+00:00, run_after=2023-08-02T00:00:00+00:00
[2023-08-02T11:13:17.623-0500] {logging_mixin.py:150} INFO - [2023-08-02T11:13:17.623-0500] {dag.py:3504} INFO - Setting next_dagrun for dataset_produces_2 to None, run_after=None
[2023-08-02T11:13:17.672-0500] {processor.py:179} INFO - Processing /home/joha/anaconda3/lib/python3.10/site-packages/airflow/example_dags/example_datasets.py took 0.146 seconds
[2023-08-02T11:14:19.782-0500] {processor.py:157} INFO - Started process (PID=106045) to work on /home/joha/anaconda3/lib/python3.10/site-packages/airflow/example_dags/example_datasets.py
[2023-08-02T11:14:19.790-0500] {processor.py:826} INFO - Processing file /home/joha/anaconda3/lib/python3.10/site-packages/airflow/example_dags/example_datasets.py for tasks to queue
[2023-08-02T11:14:19.791-0500] {logging_mixin.py:150} INFO - [2023-08-02T11:14:19.790-0500] {dagbag.py:541} INFO - Filling up the DagBag from /home/joha/anaconda3/lib/python3.10/site-packages/airflow/example_dags/example_datasets.py
[2023-08-02T11:14:19.802-0500] {processor.py:836} INFO - DAG(s) dict_keys(['dataset_consumes_1', 'dataset_produces_1', 'dataset_produces_2', 'dataset_consumes_1_never_scheduled', 'dataset_consumes_unknown_never_scheduled', 'dataset_consumes_1_and_2']) retrieved from /home/joha/anaconda3/lib/python3.10/site-packages/airflow/example_dags/example_datasets.py
[2023-08-02T11:14:19.850-0500] {logging_mixin.py:150} INFO - [2023-08-02T11:14:19.850-0500] {dag.py:2742} INFO - Sync 6 DAGs
[2023-08-02T11:14:19.877-0500] {logging_mixin.py:150} INFO - [2023-08-02T11:14:19.877-0500] {dag.py:3504} INFO - Setting next_dagrun for dataset_consumes_1 to None, run_after=None
[2023-08-02T11:14:19.882-0500] {logging_mixin.py:150} INFO - [2023-08-02T11:14:19.881-0500] {dag.py:3504} INFO - Setting next_dagrun for dataset_consumes_1_and_2 to None, run_after=None
[2023-08-02T11:14:19.883-0500] {logging_mixin.py:150} INFO - [2023-08-02T11:14:19.883-0500] {dag.py:3504} INFO - Setting next_dagrun for dataset_consumes_1_never_scheduled to None, run_after=None
[2023-08-02T11:14:19.884-0500] {logging_mixin.py:150} INFO - [2023-08-02T11:14:19.884-0500] {dag.py:3504} INFO - Setting next_dagrun for dataset_consumes_unknown_never_scheduled to None, run_after=None
[2023-08-02T11:14:19.887-0500] {logging_mixin.py:150} INFO - [2023-08-02T11:14:19.886-0500] {dag.py:3504} INFO - Setting next_dagrun for dataset_produces_1 to 2023-08-01T00:00:00+00:00, run_after=2023-08-02T00:00:00+00:00
[2023-08-02T11:14:19.889-0500] {logging_mixin.py:150} INFO - [2023-08-02T11:14:19.889-0500] {dag.py:3504} INFO - Setting next_dagrun for dataset_produces_2 to None, run_after=None
[2023-08-02T11:14:19.933-0500] {processor.py:179} INFO - Processing /home/joha/anaconda3/lib/python3.10/site-packages/airflow/example_dags/example_datasets.py took 0.154 seconds
[2023-08-02T11:15:29.932-0500] {processor.py:157} INFO - Started process (PID=106234) to work on /home/joha/anaconda3/lib/python3.10/site-packages/airflow/example_dags/example_datasets.py
[2023-08-02T11:15:29.942-0500] {processor.py:826} INFO - Processing file /home/joha/anaconda3/lib/python3.10/site-packages/airflow/example_dags/example_datasets.py for tasks to queue
[2023-08-02T11:15:29.944-0500] {logging_mixin.py:150} INFO - [2023-08-02T11:15:29.943-0500] {dagbag.py:541} INFO - Filling up the DagBag from /home/joha/anaconda3/lib/python3.10/site-packages/airflow/example_dags/example_datasets.py
[2023-08-02T11:15:29.982-0500] {processor.py:836} INFO - DAG(s) dict_keys(['dataset_produces_2', 'dataset_consumes_1', 'dataset_consumes_unknown_never_scheduled', 'dataset_produces_1', 'dataset_consumes_1_never_scheduled', 'dataset_consumes_1_and_2']) retrieved from /home/joha/anaconda3/lib/python3.10/site-packages/airflow/example_dags/example_datasets.py
[2023-08-02T11:15:30.037-0500] {logging_mixin.py:150} INFO - [2023-08-02T11:15:30.036-0500] {dag.py:2742} INFO - Sync 6 DAGs
[2023-08-02T11:15:30.069-0500] {logging_mixin.py:150} INFO - [2023-08-02T11:15:30.069-0500] {dag.py:3504} INFO - Setting next_dagrun for dataset_consumes_1 to None, run_after=None
[2023-08-02T11:15:30.074-0500] {logging_mixin.py:150} INFO - [2023-08-02T11:15:30.073-0500] {dag.py:3504} INFO - Setting next_dagrun for dataset_consumes_1_and_2 to None, run_after=None
[2023-08-02T11:15:30.075-0500] {logging_mixin.py:150} INFO - [2023-08-02T11:15:30.075-0500] {dag.py:3504} INFO - Setting next_dagrun for dataset_consumes_1_never_scheduled to None, run_after=None
[2023-08-02T11:15:30.076-0500] {logging_mixin.py:150} INFO - [2023-08-02T11:15:30.076-0500] {dag.py:3504} INFO - Setting next_dagrun for dataset_consumes_unknown_never_scheduled to None, run_after=None
[2023-08-02T11:15:30.081-0500] {logging_mixin.py:150} INFO - [2023-08-02T11:15:30.080-0500] {dag.py:3504} INFO - Setting next_dagrun for dataset_produces_1 to 2023-08-01T00:00:00+00:00, run_after=2023-08-02T00:00:00+00:00
[2023-08-02T11:15:30.082-0500] {logging_mixin.py:150} INFO - [2023-08-02T11:15:30.082-0500] {dag.py:3504} INFO - Setting next_dagrun for dataset_produces_2 to None, run_after=None
[2023-08-02T11:15:30.242-0500] {processor.py:179} INFO - Processing /home/joha/anaconda3/lib/python3.10/site-packages/airflow/example_dags/example_datasets.py took 0.320 seconds
[2023-08-02T11:16:43.121-0500] {processor.py:157} INFO - Started process (PID=106419) to work on /home/joha/anaconda3/lib/python3.10/site-packages/airflow/example_dags/example_datasets.py
[2023-08-02T11:16:43.131-0500] {processor.py:826} INFO - Processing file /home/joha/anaconda3/lib/python3.10/site-packages/airflow/example_dags/example_datasets.py for tasks to queue
[2023-08-02T11:16:43.133-0500] {logging_mixin.py:150} INFO - [2023-08-02T11:16:43.132-0500] {dagbag.py:541} INFO - Filling up the DagBag from /home/joha/anaconda3/lib/python3.10/site-packages/airflow/example_dags/example_datasets.py
[2023-08-02T11:16:43.170-0500] {processor.py:836} INFO - DAG(s) dict_keys(['dataset_produces_1', 'dataset_consumes_1_and_2', 'dataset_consumes_1_never_scheduled', 'dataset_produces_2', 'dataset_consumes_unknown_never_scheduled', 'dataset_consumes_1']) retrieved from /home/joha/anaconda3/lib/python3.10/site-packages/airflow/example_dags/example_datasets.py
[2023-08-02T11:16:43.210-0500] {logging_mixin.py:150} INFO - [2023-08-02T11:16:43.209-0500] {dag.py:2742} INFO - Sync 6 DAGs
[2023-08-02T11:16:43.230-0500] {logging_mixin.py:150} INFO - [2023-08-02T11:16:43.230-0500] {dag.py:3504} INFO - Setting next_dagrun for dataset_consumes_1 to None, run_after=None
[2023-08-02T11:16:43.233-0500] {logging_mixin.py:150} INFO - [2023-08-02T11:16:43.233-0500] {dag.py:3504} INFO - Setting next_dagrun for dataset_consumes_1_and_2 to None, run_after=None
[2023-08-02T11:16:43.234-0500] {logging_mixin.py:150} INFO - [2023-08-02T11:16:43.234-0500] {dag.py:3504} INFO - Setting next_dagrun for dataset_consumes_1_never_scheduled to None, run_after=None
[2023-08-02T11:16:43.235-0500] {logging_mixin.py:150} INFO - [2023-08-02T11:16:43.235-0500] {dag.py:3504} INFO - Setting next_dagrun for dataset_consumes_unknown_never_scheduled to None, run_after=None
[2023-08-02T11:16:43.237-0500] {logging_mixin.py:150} INFO - [2023-08-02T11:16:43.237-0500] {dag.py:3504} INFO - Setting next_dagrun for dataset_produces_1 to 2023-08-01T00:00:00+00:00, run_after=2023-08-02T00:00:00+00:00
[2023-08-02T11:16:43.238-0500] {logging_mixin.py:150} INFO - [2023-08-02T11:16:43.238-0500] {dag.py:3504} INFO - Setting next_dagrun for dataset_produces_2 to None, run_after=None
[2023-08-02T11:16:43.275-0500] {processor.py:179} INFO - Processing /home/joha/anaconda3/lib/python3.10/site-packages/airflow/example_dags/example_datasets.py took 0.164 seconds
[2023-08-02T11:17:48.602-0500] {processor.py:157} INFO - Started process (PID=106601) to work on /home/joha/anaconda3/lib/python3.10/site-packages/airflow/example_dags/example_datasets.py
[2023-08-02T11:17:48.619-0500] {processor.py:826} INFO - Processing file /home/joha/anaconda3/lib/python3.10/site-packages/airflow/example_dags/example_datasets.py for tasks to queue
[2023-08-02T11:17:48.622-0500] {logging_mixin.py:150} INFO - [2023-08-02T11:17:48.621-0500] {dagbag.py:541} INFO - Filling up the DagBag from /home/joha/anaconda3/lib/python3.10/site-packages/airflow/example_dags/example_datasets.py
[2023-08-02T11:17:48.650-0500] {processor.py:836} INFO - DAG(s) dict_keys(['dataset_produces_2', 'dataset_consumes_1_and_2', 'dataset_consumes_unknown_never_scheduled', 'dataset_produces_1', 'dataset_consumes_1_never_scheduled', 'dataset_consumes_1']) retrieved from /home/joha/anaconda3/lib/python3.10/site-packages/airflow/example_dags/example_datasets.py
[2023-08-02T11:17:48.680-0500] {logging_mixin.py:150} INFO - [2023-08-02T11:17:48.680-0500] {dag.py:2742} INFO - Sync 6 DAGs
[2023-08-02T11:17:48.700-0500] {logging_mixin.py:150} INFO - [2023-08-02T11:17:48.700-0500] {dag.py:3504} INFO - Setting next_dagrun for dataset_consumes_1 to None, run_after=None
[2023-08-02T11:17:48.703-0500] {logging_mixin.py:150} INFO - [2023-08-02T11:17:48.703-0500] {dag.py:3504} INFO - Setting next_dagrun for dataset_consumes_1_and_2 to None, run_after=None
[2023-08-02T11:17:48.704-0500] {logging_mixin.py:150} INFO - [2023-08-02T11:17:48.703-0500] {dag.py:3504} INFO - Setting next_dagrun for dataset_consumes_1_never_scheduled to None, run_after=None
[2023-08-02T11:17:48.704-0500] {logging_mixin.py:150} INFO - [2023-08-02T11:17:48.704-0500] {dag.py:3504} INFO - Setting next_dagrun for dataset_consumes_unknown_never_scheduled to None, run_after=None
[2023-08-02T11:17:48.707-0500] {logging_mixin.py:150} INFO - [2023-08-02T11:17:48.706-0500] {dag.py:3504} INFO - Setting next_dagrun for dataset_produces_1 to 2023-08-01T00:00:00+00:00, run_after=2023-08-02T00:00:00+00:00
[2023-08-02T11:17:48.708-0500] {logging_mixin.py:150} INFO - [2023-08-02T11:17:48.707-0500] {dag.py:3504} INFO - Setting next_dagrun for dataset_produces_2 to None, run_after=None
[2023-08-02T11:17:48.738-0500] {processor.py:179} INFO - Processing /home/joha/anaconda3/lib/python3.10/site-packages/airflow/example_dags/example_datasets.py took 0.142 seconds
[2023-08-02T11:18:55.740-0500] {processor.py:157} INFO - Started process (PID=106795) to work on /home/joha/anaconda3/lib/python3.10/site-packages/airflow/example_dags/example_datasets.py
[2023-08-02T11:18:55.748-0500] {processor.py:826} INFO - Processing file /home/joha/anaconda3/lib/python3.10/site-packages/airflow/example_dags/example_datasets.py for tasks to queue
[2023-08-02T11:18:55.749-0500] {logging_mixin.py:150} INFO - [2023-08-02T11:18:55.748-0500] {dagbag.py:541} INFO - Filling up the DagBag from /home/joha/anaconda3/lib/python3.10/site-packages/airflow/example_dags/example_datasets.py
[2023-08-02T11:18:55.763-0500] {processor.py:836} INFO - DAG(s) dict_keys(['dataset_consumes_unknown_never_scheduled', 'dataset_consumes_1', 'dataset_consumes_1_and_2', 'dataset_consumes_1_never_scheduled', 'dataset_produces_1', 'dataset_produces_2']) retrieved from /home/joha/anaconda3/lib/python3.10/site-packages/airflow/example_dags/example_datasets.py
[2023-08-02T11:18:55.792-0500] {logging_mixin.py:150} INFO - [2023-08-02T11:18:55.791-0500] {dag.py:2742} INFO - Sync 6 DAGs
[2023-08-02T11:18:55.813-0500] {logging_mixin.py:150} INFO - [2023-08-02T11:18:55.813-0500] {dag.py:3504} INFO - Setting next_dagrun for dataset_consumes_1 to None, run_after=None
[2023-08-02T11:18:55.817-0500] {logging_mixin.py:150} INFO - [2023-08-02T11:18:55.817-0500] {dag.py:3504} INFO - Setting next_dagrun for dataset_consumes_1_and_2 to None, run_after=None
[2023-08-02T11:18:55.818-0500] {logging_mixin.py:150} INFO - [2023-08-02T11:18:55.817-0500] {dag.py:3504} INFO - Setting next_dagrun for dataset_consumes_1_never_scheduled to None, run_after=None
[2023-08-02T11:18:55.818-0500] {logging_mixin.py:150} INFO - [2023-08-02T11:18:55.818-0500] {dag.py:3504} INFO - Setting next_dagrun for dataset_consumes_unknown_never_scheduled to None, run_after=None
[2023-08-02T11:18:55.821-0500] {logging_mixin.py:150} INFO - [2023-08-02T11:18:55.820-0500] {dag.py:3504} INFO - Setting next_dagrun for dataset_produces_1 to 2023-08-01T00:00:00+00:00, run_after=2023-08-02T00:00:00+00:00
[2023-08-02T11:18:55.821-0500] {logging_mixin.py:150} INFO - [2023-08-02T11:18:55.821-0500] {dag.py:3504} INFO - Setting next_dagrun for dataset_produces_2 to None, run_after=None
[2023-08-02T11:18:55.963-0500] {processor.py:179} INFO - Processing /home/joha/anaconda3/lib/python3.10/site-packages/airflow/example_dags/example_datasets.py took 0.227 seconds
[2023-08-02T11:20:09.422-0500] {processor.py:157} INFO - Started process (PID=106941) to work on /home/joha/anaconda3/lib/python3.10/site-packages/airflow/example_dags/example_datasets.py
[2023-08-02T11:20:09.431-0500] {processor.py:826} INFO - Processing file /home/joha/anaconda3/lib/python3.10/site-packages/airflow/example_dags/example_datasets.py for tasks to queue
[2023-08-02T11:20:09.434-0500] {logging_mixin.py:150} INFO - [2023-08-02T11:20:09.433-0500] {dagbag.py:541} INFO - Filling up the DagBag from /home/joha/anaconda3/lib/python3.10/site-packages/airflow/example_dags/example_datasets.py
[2023-08-02T11:20:09.470-0500] {processor.py:836} INFO - DAG(s) dict_keys(['dataset_consumes_1', 'dataset_consumes_1_and_2', 'dataset_consumes_unknown_never_scheduled', 'dataset_consumes_1_never_scheduled', 'dataset_produces_2', 'dataset_produces_1']) retrieved from /home/joha/anaconda3/lib/python3.10/site-packages/airflow/example_dags/example_datasets.py
[2023-08-02T11:20:09.508-0500] {logging_mixin.py:150} INFO - [2023-08-02T11:20:09.508-0500] {dag.py:2742} INFO - Sync 6 DAGs
[2023-08-02T11:20:09.528-0500] {logging_mixin.py:150} INFO - [2023-08-02T11:20:09.527-0500] {dag.py:3504} INFO - Setting next_dagrun for dataset_consumes_1 to None, run_after=None
[2023-08-02T11:20:09.531-0500] {logging_mixin.py:150} INFO - [2023-08-02T11:20:09.531-0500] {dag.py:3504} INFO - Setting next_dagrun for dataset_consumes_1_and_2 to None, run_after=None
[2023-08-02T11:20:09.531-0500] {logging_mixin.py:150} INFO - [2023-08-02T11:20:09.531-0500] {dag.py:3504} INFO - Setting next_dagrun for dataset_consumes_1_never_scheduled to None, run_after=None
[2023-08-02T11:20:09.532-0500] {logging_mixin.py:150} INFO - [2023-08-02T11:20:09.532-0500] {dag.py:3504} INFO - Setting next_dagrun for dataset_consumes_unknown_never_scheduled to None, run_after=None
[2023-08-02T11:20:09.535-0500] {logging_mixin.py:150} INFO - [2023-08-02T11:20:09.535-0500] {dag.py:3504} INFO - Setting next_dagrun for dataset_produces_1 to 2023-08-01T00:00:00+00:00, run_after=2023-08-02T00:00:00+00:00
[2023-08-02T11:20:09.536-0500] {logging_mixin.py:150} INFO - [2023-08-02T11:20:09.536-0500] {dag.py:3504} INFO - Setting next_dagrun for dataset_produces_2 to None, run_after=None
[2023-08-02T11:20:09.571-0500] {processor.py:179} INFO - Processing /home/joha/anaconda3/lib/python3.10/site-packages/airflow/example_dags/example_datasets.py took 0.160 seconds
[2023-08-02T11:21:33.879-0500] {processor.py:157} INFO - Started process (PID=107147) to work on /home/joha/anaconda3/lib/python3.10/site-packages/airflow/example_dags/example_datasets.py
[2023-08-02T11:21:33.887-0500] {processor.py:826} INFO - Processing file /home/joha/anaconda3/lib/python3.10/site-packages/airflow/example_dags/example_datasets.py for tasks to queue
[2023-08-02T11:21:33.888-0500] {logging_mixin.py:150} INFO - [2023-08-02T11:21:33.888-0500] {dagbag.py:541} INFO - Filling up the DagBag from /home/joha/anaconda3/lib/python3.10/site-packages/airflow/example_dags/example_datasets.py
[2023-08-02T11:21:33.906-0500] {processor.py:836} INFO - DAG(s) dict_keys(['dataset_produces_2', 'dataset_consumes_unknown_never_scheduled', 'dataset_consumes_1_and_2', 'dataset_consumes_1', 'dataset_consumes_1_never_scheduled', 'dataset_produces_1']) retrieved from /home/joha/anaconda3/lib/python3.10/site-packages/airflow/example_dags/example_datasets.py
[2023-08-02T11:21:33.949-0500] {logging_mixin.py:150} INFO - [2023-08-02T11:21:33.948-0500] {dag.py:2742} INFO - Sync 6 DAGs
[2023-08-02T11:21:33.970-0500] {logging_mixin.py:150} INFO - [2023-08-02T11:21:33.970-0500] {dag.py:3504} INFO - Setting next_dagrun for dataset_consumes_1 to None, run_after=None
[2023-08-02T11:21:33.975-0500] {logging_mixin.py:150} INFO - [2023-08-02T11:21:33.974-0500] {dag.py:3504} INFO - Setting next_dagrun for dataset_consumes_1_and_2 to None, run_after=None
[2023-08-02T11:21:33.976-0500] {logging_mixin.py:150} INFO - [2023-08-02T11:21:33.976-0500] {dag.py:3504} INFO - Setting next_dagrun for dataset_consumes_1_never_scheduled to None, run_after=None
[2023-08-02T11:21:33.978-0500] {logging_mixin.py:150} INFO - [2023-08-02T11:21:33.977-0500] {dag.py:3504} INFO - Setting next_dagrun for dataset_consumes_unknown_never_scheduled to None, run_after=None
[2023-08-02T11:21:33.982-0500] {logging_mixin.py:150} INFO - [2023-08-02T11:21:33.982-0500] {dag.py:3504} INFO - Setting next_dagrun for dataset_produces_1 to 2023-08-01T00:00:00+00:00, run_after=2023-08-02T00:00:00+00:00
[2023-08-02T11:21:33.983-0500] {logging_mixin.py:150} INFO - [2023-08-02T11:21:33.983-0500] {dag.py:3504} INFO - Setting next_dagrun for dataset_produces_2 to None, run_after=None
[2023-08-02T11:21:34.022-0500] {processor.py:179} INFO - Processing /home/joha/anaconda3/lib/python3.10/site-packages/airflow/example_dags/example_datasets.py took 0.150 seconds
[2023-08-02T11:22:36.655-0500] {processor.py:157} INFO - Started process (PID=107523) to work on /home/joha/anaconda3/lib/python3.10/site-packages/airflow/example_dags/example_datasets.py
[2023-08-02T11:22:36.658-0500] {processor.py:826} INFO - Processing file /home/joha/anaconda3/lib/python3.10/site-packages/airflow/example_dags/example_datasets.py for tasks to queue
[2023-08-02T11:22:36.660-0500] {logging_mixin.py:150} INFO - [2023-08-02T11:22:36.659-0500] {dagbag.py:541} INFO - Filling up the DagBag from /home/joha/anaconda3/lib/python3.10/site-packages/airflow/example_dags/example_datasets.py
[2023-08-02T11:22:36.691-0500] {processor.py:836} INFO - DAG(s) dict_keys(['dataset_consumes_unknown_never_scheduled', 'dataset_produces_1', 'dataset_produces_2', 'dataset_consumes_1_and_2', 'dataset_consumes_1', 'dataset_consumes_1_never_scheduled']) retrieved from /home/joha/anaconda3/lib/python3.10/site-packages/airflow/example_dags/example_datasets.py
[2023-08-02T11:22:36.788-0500] {logging_mixin.py:150} INFO - [2023-08-02T11:22:36.788-0500] {dag.py:2742} INFO - Sync 6 DAGs
[2023-08-02T11:22:36.824-0500] {logging_mixin.py:150} INFO - [2023-08-02T11:22:36.824-0500] {dag.py:3504} INFO - Setting next_dagrun for dataset_consumes_1 to None, run_after=None
[2023-08-02T11:22:36.829-0500] {logging_mixin.py:150} INFO - [2023-08-02T11:22:36.829-0500] {dag.py:3504} INFO - Setting next_dagrun for dataset_consumes_1_and_2 to None, run_after=None
[2023-08-02T11:22:36.831-0500] {logging_mixin.py:150} INFO - [2023-08-02T11:22:36.830-0500] {dag.py:3504} INFO - Setting next_dagrun for dataset_consumes_1_never_scheduled to None, run_after=None
[2023-08-02T11:22:36.833-0500] {logging_mixin.py:150} INFO - [2023-08-02T11:22:36.833-0500] {dag.py:3504} INFO - Setting next_dagrun for dataset_consumes_unknown_never_scheduled to None, run_after=None
[2023-08-02T11:22:36.838-0500] {logging_mixin.py:150} INFO - [2023-08-02T11:22:36.837-0500] {dag.py:3504} INFO - Setting next_dagrun for dataset_produces_1 to 2023-08-01T00:00:00+00:00, run_after=2023-08-02T00:00:00+00:00
[2023-08-02T11:22:36.839-0500] {logging_mixin.py:150} INFO - [2023-08-02T11:22:36.839-0500] {dag.py:3504} INFO - Setting next_dagrun for dataset_produces_2 to None, run_after=None
[2023-08-02T11:22:37.031-0500] {processor.py:179} INFO - Processing /home/joha/anaconda3/lib/python3.10/site-packages/airflow/example_dags/example_datasets.py took 0.381 seconds
[2023-08-02T11:23:55.331-0500] {processor.py:157} INFO - Started process (PID=108180) to work on /home/joha/anaconda3/lib/python3.10/site-packages/airflow/example_dags/example_datasets.py
[2023-08-02T11:23:55.341-0500] {processor.py:826} INFO - Processing file /home/joha/anaconda3/lib/python3.10/site-packages/airflow/example_dags/example_datasets.py for tasks to queue
[2023-08-02T11:23:55.342-0500] {logging_mixin.py:150} INFO - [2023-08-02T11:23:55.342-0500] {dagbag.py:541} INFO - Filling up the DagBag from /home/joha/anaconda3/lib/python3.10/site-packages/airflow/example_dags/example_datasets.py
[2023-08-02T11:23:55.359-0500] {processor.py:836} INFO - DAG(s) dict_keys(['dataset_produces_2', 'dataset_produces_1', 'dataset_consumes_1_and_2', 'dataset_consumes_1', 'dataset_consumes_unknown_never_scheduled', 'dataset_consumes_1_never_scheduled']) retrieved from /home/joha/anaconda3/lib/python3.10/site-packages/airflow/example_dags/example_datasets.py
[2023-08-02T11:23:55.400-0500] {logging_mixin.py:150} INFO - [2023-08-02T11:23:55.400-0500] {dag.py:2742} INFO - Sync 6 DAGs
[2023-08-02T11:23:55.434-0500] {logging_mixin.py:150} INFO - [2023-08-02T11:23:55.434-0500] {dag.py:3504} INFO - Setting next_dagrun for dataset_consumes_1 to None, run_after=None
[2023-08-02T11:23:55.439-0500] {logging_mixin.py:150} INFO - [2023-08-02T11:23:55.438-0500] {dag.py:3504} INFO - Setting next_dagrun for dataset_consumes_1_and_2 to None, run_after=None
[2023-08-02T11:23:55.441-0500] {logging_mixin.py:150} INFO - [2023-08-02T11:23:55.440-0500] {dag.py:3504} INFO - Setting next_dagrun for dataset_consumes_1_never_scheduled to None, run_after=None
[2023-08-02T11:23:55.443-0500] {logging_mixin.py:150} INFO - [2023-08-02T11:23:55.442-0500] {dag.py:3504} INFO - Setting next_dagrun for dataset_consumes_unknown_never_scheduled to None, run_after=None
[2023-08-02T11:23:55.447-0500] {logging_mixin.py:150} INFO - [2023-08-02T11:23:55.447-0500] {dag.py:3504} INFO - Setting next_dagrun for dataset_produces_1 to 2023-08-01T00:00:00+00:00, run_after=2023-08-02T00:00:00+00:00
[2023-08-02T11:23:55.449-0500] {logging_mixin.py:150} INFO - [2023-08-02T11:23:55.449-0500] {dag.py:3504} INFO - Setting next_dagrun for dataset_produces_2 to None, run_after=None
[2023-08-02T11:23:55.508-0500] {processor.py:179} INFO - Processing /home/joha/anaconda3/lib/python3.10/site-packages/airflow/example_dags/example_datasets.py took 0.182 seconds
[2023-08-02T11:25:27.560-0500] {processor.py:157} INFO - Started process (PID=108390) to work on /home/joha/anaconda3/lib/python3.10/site-packages/airflow/example_dags/example_datasets.py
[2023-08-02T11:25:27.570-0500] {processor.py:826} INFO - Processing file /home/joha/anaconda3/lib/python3.10/site-packages/airflow/example_dags/example_datasets.py for tasks to queue
[2023-08-02T11:25:27.573-0500] {logging_mixin.py:150} INFO - [2023-08-02T11:25:27.573-0500] {dagbag.py:541} INFO - Filling up the DagBag from /home/joha/anaconda3/lib/python3.10/site-packages/airflow/example_dags/example_datasets.py
[2023-08-02T11:25:27.591-0500] {processor.py:836} INFO - DAG(s) dict_keys(['dataset_produces_2', 'dataset_produces_1', 'dataset_consumes_unknown_never_scheduled', 'dataset_consumes_1_never_scheduled', 'dataset_consumes_1_and_2', 'dataset_consumes_1']) retrieved from /home/joha/anaconda3/lib/python3.10/site-packages/airflow/example_dags/example_datasets.py
[2023-08-02T11:25:27.628-0500] {logging_mixin.py:150} INFO - [2023-08-02T11:25:27.628-0500] {dag.py:2742} INFO - Sync 6 DAGs
[2023-08-02T11:25:27.654-0500] {logging_mixin.py:150} INFO - [2023-08-02T11:25:27.654-0500] {dag.py:3504} INFO - Setting next_dagrun for dataset_consumes_1 to None, run_after=None
[2023-08-02T11:25:27.658-0500] {logging_mixin.py:150} INFO - [2023-08-02T11:25:27.658-0500] {dag.py:3504} INFO - Setting next_dagrun for dataset_consumes_1_and_2 to None, run_after=None
[2023-08-02T11:25:27.659-0500] {logging_mixin.py:150} INFO - [2023-08-02T11:25:27.659-0500] {dag.py:3504} INFO - Setting next_dagrun for dataset_consumes_1_never_scheduled to None, run_after=None
[2023-08-02T11:25:27.660-0500] {logging_mixin.py:150} INFO - [2023-08-02T11:25:27.660-0500] {dag.py:3504} INFO - Setting next_dagrun for dataset_consumes_unknown_never_scheduled to None, run_after=None
[2023-08-02T11:25:27.664-0500] {logging_mixin.py:150} INFO - [2023-08-02T11:25:27.663-0500] {dag.py:3504} INFO - Setting next_dagrun for dataset_produces_1 to 2023-08-01T00:00:00+00:00, run_after=2023-08-02T00:00:00+00:00
[2023-08-02T11:25:27.665-0500] {logging_mixin.py:150} INFO - [2023-08-02T11:25:27.665-0500] {dag.py:3504} INFO - Setting next_dagrun for dataset_produces_2 to None, run_after=None
[2023-08-02T11:25:27.698-0500] {processor.py:179} INFO - Processing /home/joha/anaconda3/lib/python3.10/site-packages/airflow/example_dags/example_datasets.py took 0.142 seconds
[2023-08-02T11:26:37.475-0500] {processor.py:157} INFO - Started process (PID=108522) to work on /home/joha/anaconda3/lib/python3.10/site-packages/airflow/example_dags/example_datasets.py
[2023-08-02T11:26:37.482-0500] {processor.py:826} INFO - Processing file /home/joha/anaconda3/lib/python3.10/site-packages/airflow/example_dags/example_datasets.py for tasks to queue
[2023-08-02T11:26:37.483-0500] {logging_mixin.py:150} INFO - [2023-08-02T11:26:37.483-0500] {dagbag.py:541} INFO - Filling up the DagBag from /home/joha/anaconda3/lib/python3.10/site-packages/airflow/example_dags/example_datasets.py
[2023-08-02T11:26:37.494-0500] {processor.py:836} INFO - DAG(s) dict_keys(['dataset_consumes_1_never_scheduled', 'dataset_consumes_1_and_2', 'dataset_consumes_1', 'dataset_consumes_unknown_never_scheduled', 'dataset_produces_2', 'dataset_produces_1']) retrieved from /home/joha/anaconda3/lib/python3.10/site-packages/airflow/example_dags/example_datasets.py
[2023-08-02T11:26:37.522-0500] {logging_mixin.py:150} INFO - [2023-08-02T11:26:37.521-0500] {dag.py:2742} INFO - Sync 6 DAGs
[2023-08-02T11:26:37.541-0500] {logging_mixin.py:150} INFO - [2023-08-02T11:26:37.541-0500] {dag.py:3504} INFO - Setting next_dagrun for dataset_consumes_1 to None, run_after=None
[2023-08-02T11:26:37.544-0500] {logging_mixin.py:150} INFO - [2023-08-02T11:26:37.544-0500] {dag.py:3504} INFO - Setting next_dagrun for dataset_consumes_1_and_2 to None, run_after=None
[2023-08-02T11:26:37.545-0500] {logging_mixin.py:150} INFO - [2023-08-02T11:26:37.545-0500] {dag.py:3504} INFO - Setting next_dagrun for dataset_consumes_1_never_scheduled to None, run_after=None
[2023-08-02T11:26:37.546-0500] {logging_mixin.py:150} INFO - [2023-08-02T11:26:37.545-0500] {dag.py:3504} INFO - Setting next_dagrun for dataset_consumes_unknown_never_scheduled to None, run_after=None
[2023-08-02T11:26:37.548-0500] {logging_mixin.py:150} INFO - [2023-08-02T11:26:37.548-0500] {dag.py:3504} INFO - Setting next_dagrun for dataset_produces_1 to 2023-08-01T00:00:00+00:00, run_after=2023-08-02T00:00:00+00:00
[2023-08-02T11:26:37.549-0500] {logging_mixin.py:150} INFO - [2023-08-02T11:26:37.549-0500] {dag.py:3504} INFO - Setting next_dagrun for dataset_produces_2 to None, run_after=None
[2023-08-02T11:26:37.680-0500] {processor.py:179} INFO - Processing /home/joha/anaconda3/lib/python3.10/site-packages/airflow/example_dags/example_datasets.py took 0.208 seconds
