[2023-08-01T20:25:35.088-0500] {processor.py:157} INFO - Started process (PID=99522) to work on /home/joha/anaconda3/lib/python3.10/site-packages/airflow/example_dags/example_xcom.py
[2023-08-01T20:25:35.089-0500] {processor.py:826} INFO - Processing file /home/joha/anaconda3/lib/python3.10/site-packages/airflow/example_dags/example_xcom.py for tasks to queue
[2023-08-01T20:25:35.090-0500] {logging_mixin.py:150} INFO - [2023-08-01T20:25:35.090-0500] {dagbag.py:541} INFO - Filling up the DagBag from /home/joha/anaconda3/lib/python3.10/site-packages/airflow/example_dags/example_xcom.py
[2023-08-01T20:25:35.103-0500] {processor.py:836} INFO - DAG(s) dict_keys(['example_xcom']) retrieved from /home/joha/anaconda3/lib/python3.10/site-packages/airflow/example_dags/example_xcom.py
[2023-08-01T20:25:35.123-0500] {logging_mixin.py:150} INFO - [2023-08-01T20:25:35.123-0500] {dag.py:2742} INFO - Sync 1 DAGs
[2023-08-01T20:25:35.141-0500] {logging_mixin.py:150} INFO - [2023-08-01T20:25:35.141-0500] {dag.py:3504} INFO - Setting next_dagrun for example_xcom to 2021-01-01T00:00:00+00:00, run_after=2021-01-01T00:00:00+00:00
[2023-08-01T20:25:35.172-0500] {processor.py:179} INFO - Processing /home/joha/anaconda3/lib/python3.10/site-packages/airflow/example_dags/example_xcom.py took 0.090 seconds
[2023-08-01T20:26:26.115-0500] {processor.py:157} INFO - Started process (PID=99686) to work on /home/joha/anaconda3/lib/python3.10/site-packages/airflow/example_dags/example_xcom.py
[2023-08-01T20:26:26.122-0500] {processor.py:826} INFO - Processing file /home/joha/anaconda3/lib/python3.10/site-packages/airflow/example_dags/example_xcom.py for tasks to queue
[2023-08-01T20:26:26.123-0500] {logging_mixin.py:150} INFO - [2023-08-01T20:26:26.123-0500] {dagbag.py:541} INFO - Filling up the DagBag from /home/joha/anaconda3/lib/python3.10/site-packages/airflow/example_dags/example_xcom.py
[2023-08-01T20:26:26.131-0500] {processor.py:836} INFO - DAG(s) dict_keys(['example_xcom']) retrieved from /home/joha/anaconda3/lib/python3.10/site-packages/airflow/example_dags/example_xcom.py
[2023-08-01T20:26:26.150-0500] {logging_mixin.py:150} INFO - [2023-08-01T20:26:26.150-0500] {dag.py:2742} INFO - Sync 1 DAGs
[2023-08-01T20:26:26.171-0500] {logging_mixin.py:150} INFO - [2023-08-01T20:26:26.171-0500] {dag.py:3504} INFO - Setting next_dagrun for example_xcom to 2021-01-01T00:00:00+00:00, run_after=2021-01-01T00:00:00+00:00
[2023-08-01T20:26:26.192-0500] {processor.py:179} INFO - Processing /home/joha/anaconda3/lib/python3.10/site-packages/airflow/example_dags/example_xcom.py took 0.081 seconds
[2023-08-02T11:08:20.120-0500] {processor.py:157} INFO - Started process (PID=105203) to work on /home/joha/anaconda3/lib/python3.10/site-packages/airflow/example_dags/example_xcom.py
[2023-08-02T11:08:20.128-0500] {processor.py:826} INFO - Processing file /home/joha/anaconda3/lib/python3.10/site-packages/airflow/example_dags/example_xcom.py for tasks to queue
[2023-08-02T11:08:20.131-0500] {logging_mixin.py:150} INFO - [2023-08-02T11:08:20.130-0500] {dagbag.py:541} INFO - Filling up the DagBag from /home/joha/anaconda3/lib/python3.10/site-packages/airflow/example_dags/example_xcom.py
[2023-08-02T11:08:20.154-0500] {processor.py:836} INFO - DAG(s) dict_keys(['example_xcom']) retrieved from /home/joha/anaconda3/lib/python3.10/site-packages/airflow/example_dags/example_xcom.py
[2023-08-02T11:08:20.181-0500] {logging_mixin.py:150} INFO - [2023-08-02T11:08:20.181-0500] {dag.py:2742} INFO - Sync 1 DAGs
[2023-08-02T11:08:20.201-0500] {logging_mixin.py:150} INFO - [2023-08-02T11:08:20.201-0500] {dag.py:3504} INFO - Setting next_dagrun for example_xcom to 2021-01-01T00:00:00+00:00, run_after=2021-01-01T00:00:00+00:00
[2023-08-02T11:08:20.224-0500] {processor.py:179} INFO - Processing /home/joha/anaconda3/lib/python3.10/site-packages/airflow/example_dags/example_xcom.py took 0.107 seconds
[2023-08-02T11:09:14.143-0500] {processor.py:157} INFO - Started process (PID=105301) to work on /home/joha/anaconda3/lib/python3.10/site-packages/airflow/example_dags/example_xcom.py
[2023-08-02T11:09:14.152-0500] {processor.py:826} INFO - Processing file /home/joha/anaconda3/lib/python3.10/site-packages/airflow/example_dags/example_xcom.py for tasks to queue
[2023-08-02T11:09:14.156-0500] {logging_mixin.py:150} INFO - [2023-08-02T11:09:14.155-0500] {dagbag.py:541} INFO - Filling up the DagBag from /home/joha/anaconda3/lib/python3.10/site-packages/airflow/example_dags/example_xcom.py
[2023-08-02T11:09:14.185-0500] {processor.py:836} INFO - DAG(s) dict_keys(['example_xcom']) retrieved from /home/joha/anaconda3/lib/python3.10/site-packages/airflow/example_dags/example_xcom.py
[2023-08-02T11:09:14.222-0500] {logging_mixin.py:150} INFO - [2023-08-02T11:09:14.222-0500] {dag.py:2742} INFO - Sync 1 DAGs
[2023-08-02T11:09:14.242-0500] {logging_mixin.py:150} INFO - [2023-08-02T11:09:14.242-0500] {dag.py:3504} INFO - Setting next_dagrun for example_xcom to 2021-01-01T00:00:00+00:00, run_after=2021-01-01T00:00:00+00:00
[2023-08-02T11:09:14.266-0500] {processor.py:179} INFO - Processing /home/joha/anaconda3/lib/python3.10/site-packages/airflow/example_dags/example_xcom.py took 0.133 seconds
[2023-08-02T11:10:02.862-0500] {processor.py:157} INFO - Started process (PID=105439) to work on /home/joha/anaconda3/lib/python3.10/site-packages/airflow/example_dags/example_xcom.py
[2023-08-02T11:10:02.870-0500] {processor.py:826} INFO - Processing file /home/joha/anaconda3/lib/python3.10/site-packages/airflow/example_dags/example_xcom.py for tasks to queue
[2023-08-02T11:10:02.871-0500] {logging_mixin.py:150} INFO - [2023-08-02T11:10:02.871-0500] {dagbag.py:541} INFO - Filling up the DagBag from /home/joha/anaconda3/lib/python3.10/site-packages/airflow/example_dags/example_xcom.py
[2023-08-02T11:10:02.880-0500] {processor.py:836} INFO - DAG(s) dict_keys(['example_xcom']) retrieved from /home/joha/anaconda3/lib/python3.10/site-packages/airflow/example_dags/example_xcom.py
[2023-08-02T11:10:02.907-0500] {logging_mixin.py:150} INFO - [2023-08-02T11:10:02.907-0500] {dag.py:2742} INFO - Sync 1 DAGs
[2023-08-02T11:10:02.929-0500] {logging_mixin.py:150} INFO - [2023-08-02T11:10:02.928-0500] {dag.py:3504} INFO - Setting next_dagrun for example_xcom to 2021-01-01T00:00:00+00:00, run_after=2021-01-01T00:00:00+00:00
[2023-08-02T11:10:02.952-0500] {processor.py:179} INFO - Processing /home/joha/anaconda3/lib/python3.10/site-packages/airflow/example_dags/example_xcom.py took 0.095 seconds
[2023-08-02T11:10:49.728-0500] {processor.py:157} INFO - Started process (PID=105602) to work on /home/joha/anaconda3/lib/python3.10/site-packages/airflow/example_dags/example_xcom.py
[2023-08-02T11:10:49.735-0500] {processor.py:826} INFO - Processing file /home/joha/anaconda3/lib/python3.10/site-packages/airflow/example_dags/example_xcom.py for tasks to queue
[2023-08-02T11:10:49.736-0500] {logging_mixin.py:150} INFO - [2023-08-02T11:10:49.736-0500] {dagbag.py:541} INFO - Filling up the DagBag from /home/joha/anaconda3/lib/python3.10/site-packages/airflow/example_dags/example_xcom.py
[2023-08-02T11:10:49.743-0500] {processor.py:836} INFO - DAG(s) dict_keys(['example_xcom']) retrieved from /home/joha/anaconda3/lib/python3.10/site-packages/airflow/example_dags/example_xcom.py
[2023-08-02T11:10:49.762-0500] {logging_mixin.py:150} INFO - [2023-08-02T11:10:49.762-0500] {dag.py:2742} INFO - Sync 1 DAGs
[2023-08-02T11:10:49.782-0500] {logging_mixin.py:150} INFO - [2023-08-02T11:10:49.782-0500] {dag.py:3504} INFO - Setting next_dagrun for example_xcom to 2021-01-01T00:00:00+00:00, run_after=2021-01-01T00:00:00+00:00
[2023-08-02T11:10:49.803-0500] {processor.py:179} INFO - Processing /home/joha/anaconda3/lib/python3.10/site-packages/airflow/example_dags/example_xcom.py took 0.079 seconds
[2023-08-02T11:11:36.662-0500] {processor.py:157} INFO - Started process (PID=105718) to work on /home/joha/anaconda3/lib/python3.10/site-packages/airflow/example_dags/example_xcom.py
[2023-08-02T11:11:36.670-0500] {processor.py:826} INFO - Processing file /home/joha/anaconda3/lib/python3.10/site-packages/airflow/example_dags/example_xcom.py for tasks to queue
[2023-08-02T11:11:36.671-0500] {logging_mixin.py:150} INFO - [2023-08-02T11:11:36.671-0500] {dagbag.py:541} INFO - Filling up the DagBag from /home/joha/anaconda3/lib/python3.10/site-packages/airflow/example_dags/example_xcom.py
[2023-08-02T11:11:36.684-0500] {processor.py:836} INFO - DAG(s) dict_keys(['example_xcom']) retrieved from /home/joha/anaconda3/lib/python3.10/site-packages/airflow/example_dags/example_xcom.py
[2023-08-02T11:11:36.711-0500] {logging_mixin.py:150} INFO - [2023-08-02T11:11:36.710-0500] {dag.py:2742} INFO - Sync 1 DAGs
[2023-08-02T11:11:36.731-0500] {logging_mixin.py:150} INFO - [2023-08-02T11:11:36.731-0500] {dag.py:3504} INFO - Setting next_dagrun for example_xcom to 2021-01-01T00:00:00+00:00, run_after=2021-01-01T00:00:00+00:00
[2023-08-02T11:11:36.754-0500] {processor.py:179} INFO - Processing /home/joha/anaconda3/lib/python3.10/site-packages/airflow/example_dags/example_xcom.py took 0.099 seconds
[2023-08-02T11:12:27.513-0500] {processor.py:157} INFO - Started process (PID=105855) to work on /home/joha/anaconda3/lib/python3.10/site-packages/airflow/example_dags/example_xcom.py
[2023-08-02T11:12:27.521-0500] {processor.py:826} INFO - Processing file /home/joha/anaconda3/lib/python3.10/site-packages/airflow/example_dags/example_xcom.py for tasks to queue
[2023-08-02T11:12:27.522-0500] {logging_mixin.py:150} INFO - [2023-08-02T11:12:27.522-0500] {dagbag.py:541} INFO - Filling up the DagBag from /home/joha/anaconda3/lib/python3.10/site-packages/airflow/example_dags/example_xcom.py
[2023-08-02T11:12:27.531-0500] {processor.py:836} INFO - DAG(s) dict_keys(['example_xcom']) retrieved from /home/joha/anaconda3/lib/python3.10/site-packages/airflow/example_dags/example_xcom.py
[2023-08-02T11:12:27.553-0500] {logging_mixin.py:150} INFO - [2023-08-02T11:12:27.553-0500] {dag.py:2742} INFO - Sync 1 DAGs
[2023-08-02T11:12:27.577-0500] {logging_mixin.py:150} INFO - [2023-08-02T11:12:27.577-0500] {dag.py:3504} INFO - Setting next_dagrun for example_xcom to 2021-01-01T00:00:00+00:00, run_after=2021-01-01T00:00:00+00:00
[2023-08-02T11:12:27.606-0500] {processor.py:179} INFO - Processing /home/joha/anaconda3/lib/python3.10/site-packages/airflow/example_dags/example_xcom.py took 0.097 seconds
[2023-08-02T11:13:09.532-0500] {processor.py:157} INFO - Started process (PID=105941) to work on /home/joha/anaconda3/lib/python3.10/site-packages/airflow/example_dags/example_xcom.py
[2023-08-02T11:13:09.541-0500] {processor.py:826} INFO - Processing file /home/joha/anaconda3/lib/python3.10/site-packages/airflow/example_dags/example_xcom.py for tasks to queue
[2023-08-02T11:13:09.544-0500] {logging_mixin.py:150} INFO - [2023-08-02T11:13:09.542-0500] {dagbag.py:541} INFO - Filling up the DagBag from /home/joha/anaconda3/lib/python3.10/site-packages/airflow/example_dags/example_xcom.py
[2023-08-02T11:13:09.557-0500] {processor.py:836} INFO - DAG(s) dict_keys(['example_xcom']) retrieved from /home/joha/anaconda3/lib/python3.10/site-packages/airflow/example_dags/example_xcom.py
[2023-08-02T11:13:09.581-0500] {logging_mixin.py:150} INFO - [2023-08-02T11:13:09.581-0500] {dag.py:2742} INFO - Sync 1 DAGs
[2023-08-02T11:13:09.607-0500] {logging_mixin.py:150} INFO - [2023-08-02T11:13:09.607-0500] {dag.py:3504} INFO - Setting next_dagrun for example_xcom to 2021-01-01T00:00:00+00:00, run_after=2021-01-01T00:00:00+00:00
[2023-08-02T11:13:09.630-0500] {processor.py:179} INFO - Processing /home/joha/anaconda3/lib/python3.10/site-packages/airflow/example_dags/example_xcom.py took 0.102 seconds
[2023-08-02T11:13:49.798-0500] {processor.py:157} INFO - Started process (PID=106000) to work on /home/joha/anaconda3/lib/python3.10/site-packages/airflow/example_dags/example_xcom.py
[2023-08-02T11:13:49.805-0500] {processor.py:826} INFO - Processing file /home/joha/anaconda3/lib/python3.10/site-packages/airflow/example_dags/example_xcom.py for tasks to queue
[2023-08-02T11:13:49.806-0500] {logging_mixin.py:150} INFO - [2023-08-02T11:13:49.806-0500] {dagbag.py:541} INFO - Filling up the DagBag from /home/joha/anaconda3/lib/python3.10/site-packages/airflow/example_dags/example_xcom.py
[2023-08-02T11:13:49.813-0500] {processor.py:836} INFO - DAG(s) dict_keys(['example_xcom']) retrieved from /home/joha/anaconda3/lib/python3.10/site-packages/airflow/example_dags/example_xcom.py
[2023-08-02T11:13:49.836-0500] {logging_mixin.py:150} INFO - [2023-08-02T11:13:49.836-0500] {dag.py:2742} INFO - Sync 1 DAGs
[2023-08-02T11:13:49.860-0500] {logging_mixin.py:150} INFO - [2023-08-02T11:13:49.860-0500] {dag.py:3504} INFO - Setting next_dagrun for example_xcom to 2021-01-01T00:00:00+00:00, run_after=2021-01-01T00:00:00+00:00
[2023-08-02T11:13:49.884-0500] {processor.py:179} INFO - Processing /home/joha/anaconda3/lib/python3.10/site-packages/airflow/example_dags/example_xcom.py took 0.090 seconds
[2023-08-02T11:14:31.964-0500] {processor.py:157} INFO - Started process (PID=106058) to work on /home/joha/anaconda3/lib/python3.10/site-packages/airflow/example_dags/example_xcom.py
[2023-08-02T11:14:31.973-0500] {processor.py:826} INFO - Processing file /home/joha/anaconda3/lib/python3.10/site-packages/airflow/example_dags/example_xcom.py for tasks to queue
[2023-08-02T11:14:31.975-0500] {logging_mixin.py:150} INFO - [2023-08-02T11:14:31.974-0500] {dagbag.py:541} INFO - Filling up the DagBag from /home/joha/anaconda3/lib/python3.10/site-packages/airflow/example_dags/example_xcom.py
[2023-08-02T11:14:31.984-0500] {processor.py:836} INFO - DAG(s) dict_keys(['example_xcom']) retrieved from /home/joha/anaconda3/lib/python3.10/site-packages/airflow/example_dags/example_xcom.py
[2023-08-02T11:14:32.008-0500] {logging_mixin.py:150} INFO - [2023-08-02T11:14:32.008-0500] {dag.py:2742} INFO - Sync 1 DAGs
[2023-08-02T11:14:32.032-0500] {logging_mixin.py:150} INFO - [2023-08-02T11:14:32.032-0500] {dag.py:3504} INFO - Setting next_dagrun for example_xcom to 2021-01-01T00:00:00+00:00, run_after=2021-01-01T00:00:00+00:00
[2023-08-02T11:14:32.059-0500] {processor.py:179} INFO - Processing /home/joha/anaconda3/lib/python3.10/site-packages/airflow/example_dags/example_xcom.py took 0.098 seconds
[2023-08-02T11:15:18.568-0500] {processor.py:157} INFO - Started process (PID=106203) to work on /home/joha/anaconda3/lib/python3.10/site-packages/airflow/example_dags/example_xcom.py
[2023-08-02T11:15:18.575-0500] {processor.py:826} INFO - Processing file /home/joha/anaconda3/lib/python3.10/site-packages/airflow/example_dags/example_xcom.py for tasks to queue
[2023-08-02T11:15:18.577-0500] {logging_mixin.py:150} INFO - [2023-08-02T11:15:18.576-0500] {dagbag.py:541} INFO - Filling up the DagBag from /home/joha/anaconda3/lib/python3.10/site-packages/airflow/example_dags/example_xcom.py
[2023-08-02T11:15:18.586-0500] {processor.py:836} INFO - DAG(s) dict_keys(['example_xcom']) retrieved from /home/joha/anaconda3/lib/python3.10/site-packages/airflow/example_dags/example_xcom.py
[2023-08-02T11:15:18.605-0500] {logging_mixin.py:150} INFO - [2023-08-02T11:15:18.605-0500] {dag.py:2742} INFO - Sync 1 DAGs
[2023-08-02T11:15:18.626-0500] {logging_mixin.py:150} INFO - [2023-08-02T11:15:18.626-0500] {dag.py:3504} INFO - Setting next_dagrun for example_xcom to 2021-01-01T00:00:00+00:00, run_after=2021-01-01T00:00:00+00:00
[2023-08-02T11:15:18.648-0500] {processor.py:179} INFO - Processing /home/joha/anaconda3/lib/python3.10/site-packages/airflow/example_dags/example_xcom.py took 0.084 seconds
[2023-08-02T11:16:08.883-0500] {processor.py:157} INFO - Started process (PID=106338) to work on /home/joha/anaconda3/lib/python3.10/site-packages/airflow/example_dags/example_xcom.py
[2023-08-02T11:16:08.891-0500] {processor.py:826} INFO - Processing file /home/joha/anaconda3/lib/python3.10/site-packages/airflow/example_dags/example_xcom.py for tasks to queue
[2023-08-02T11:16:08.893-0500] {logging_mixin.py:150} INFO - [2023-08-02T11:16:08.892-0500] {dagbag.py:541} INFO - Filling up the DagBag from /home/joha/anaconda3/lib/python3.10/site-packages/airflow/example_dags/example_xcom.py
[2023-08-02T11:16:08.904-0500] {processor.py:836} INFO - DAG(s) dict_keys(['example_xcom']) retrieved from /home/joha/anaconda3/lib/python3.10/site-packages/airflow/example_dags/example_xcom.py
[2023-08-02T11:16:08.923-0500] {logging_mixin.py:150} INFO - [2023-08-02T11:16:08.923-0500] {dag.py:2742} INFO - Sync 1 DAGs
[2023-08-02T11:16:08.944-0500] {logging_mixin.py:150} INFO - [2023-08-02T11:16:08.944-0500] {dag.py:3504} INFO - Setting next_dagrun for example_xcom to 2021-01-01T00:00:00+00:00, run_after=2021-01-01T00:00:00+00:00
[2023-08-02T11:16:08.968-0500] {processor.py:179} INFO - Processing /home/joha/anaconda3/lib/python3.10/site-packages/airflow/example_dags/example_xcom.py took 0.089 seconds
[2023-08-02T11:16:55.014-0500] {processor.py:157} INFO - Started process (PID=106456) to work on /home/joha/anaconda3/lib/python3.10/site-packages/airflow/example_dags/example_xcom.py
[2023-08-02T11:16:55.021-0500] {processor.py:826} INFO - Processing file /home/joha/anaconda3/lib/python3.10/site-packages/airflow/example_dags/example_xcom.py for tasks to queue
[2023-08-02T11:16:55.022-0500] {logging_mixin.py:150} INFO - [2023-08-02T11:16:55.022-0500] {dagbag.py:541} INFO - Filling up the DagBag from /home/joha/anaconda3/lib/python3.10/site-packages/airflow/example_dags/example_xcom.py
[2023-08-02T11:16:55.031-0500] {processor.py:836} INFO - DAG(s) dict_keys(['example_xcom']) retrieved from /home/joha/anaconda3/lib/python3.10/site-packages/airflow/example_dags/example_xcom.py
[2023-08-02T11:16:55.050-0500] {logging_mixin.py:150} INFO - [2023-08-02T11:16:55.050-0500] {dag.py:2742} INFO - Sync 1 DAGs
[2023-08-02T11:16:55.068-0500] {logging_mixin.py:150} INFO - [2023-08-02T11:16:55.068-0500] {dag.py:3504} INFO - Setting next_dagrun for example_xcom to 2021-01-01T00:00:00+00:00, run_after=2021-01-01T00:00:00+00:00
[2023-08-02T11:16:55.089-0500] {processor.py:179} INFO - Processing /home/joha/anaconda3/lib/python3.10/site-packages/airflow/example_dags/example_xcom.py took 0.079 seconds
[2023-08-02T11:17:40.092-0500] {processor.py:157} INFO - Started process (PID=106583) to work on /home/joha/anaconda3/lib/python3.10/site-packages/airflow/example_dags/example_xcom.py
[2023-08-02T11:17:40.102-0500] {processor.py:826} INFO - Processing file /home/joha/anaconda3/lib/python3.10/site-packages/airflow/example_dags/example_xcom.py for tasks to queue
[2023-08-02T11:17:40.104-0500] {logging_mixin.py:150} INFO - [2023-08-02T11:17:40.104-0500] {dagbag.py:541} INFO - Filling up the DagBag from /home/joha/anaconda3/lib/python3.10/site-packages/airflow/example_dags/example_xcom.py
[2023-08-02T11:17:40.112-0500] {processor.py:836} INFO - DAG(s) dict_keys(['example_xcom']) retrieved from /home/joha/anaconda3/lib/python3.10/site-packages/airflow/example_dags/example_xcom.py
[2023-08-02T11:17:40.131-0500] {logging_mixin.py:150} INFO - [2023-08-02T11:17:40.131-0500] {dag.py:2742} INFO - Sync 1 DAGs
[2023-08-02T11:17:40.150-0500] {logging_mixin.py:150} INFO - [2023-08-02T11:17:40.150-0500] {dag.py:3504} INFO - Setting next_dagrun for example_xcom to 2021-01-01T00:00:00+00:00, run_after=2021-01-01T00:00:00+00:00
[2023-08-02T11:17:40.168-0500] {processor.py:179} INFO - Processing /home/joha/anaconda3/lib/python3.10/site-packages/airflow/example_dags/example_xcom.py took 0.086 seconds
[2023-08-02T11:18:22.679-0500] {processor.py:157} INFO - Started process (PID=106724) to work on /home/joha/anaconda3/lib/python3.10/site-packages/airflow/example_dags/example_xcom.py
[2023-08-02T11:18:22.687-0500] {processor.py:826} INFO - Processing file /home/joha/anaconda3/lib/python3.10/site-packages/airflow/example_dags/example_xcom.py for tasks to queue
[2023-08-02T11:18:22.688-0500] {logging_mixin.py:150} INFO - [2023-08-02T11:18:22.688-0500] {dagbag.py:541} INFO - Filling up the DagBag from /home/joha/anaconda3/lib/python3.10/site-packages/airflow/example_dags/example_xcom.py
[2023-08-02T11:18:22.707-0500] {processor.py:836} INFO - DAG(s) dict_keys(['example_xcom']) retrieved from /home/joha/anaconda3/lib/python3.10/site-packages/airflow/example_dags/example_xcom.py
[2023-08-02T11:18:22.731-0500] {logging_mixin.py:150} INFO - [2023-08-02T11:18:22.731-0500] {dag.py:2742} INFO - Sync 1 DAGs
[2023-08-02T11:18:22.756-0500] {logging_mixin.py:150} INFO - [2023-08-02T11:18:22.756-0500] {dag.py:3504} INFO - Setting next_dagrun for example_xcom to 2021-01-01T00:00:00+00:00, run_after=2021-01-01T00:00:00+00:00
[2023-08-02T11:18:22.782-0500] {processor.py:179} INFO - Processing /home/joha/anaconda3/lib/python3.10/site-packages/airflow/example_dags/example_xcom.py took 0.108 seconds
[2023-08-02T11:19:07.714-0500] {processor.py:157} INFO - Started process (PID=106815) to work on /home/joha/anaconda3/lib/python3.10/site-packages/airflow/example_dags/example_xcom.py
[2023-08-02T11:19:07.722-0500] {processor.py:826} INFO - Processing file /home/joha/anaconda3/lib/python3.10/site-packages/airflow/example_dags/example_xcom.py for tasks to queue
[2023-08-02T11:19:07.723-0500] {logging_mixin.py:150} INFO - [2023-08-02T11:19:07.722-0500] {dagbag.py:541} INFO - Filling up the DagBag from /home/joha/anaconda3/lib/python3.10/site-packages/airflow/example_dags/example_xcom.py
[2023-08-02T11:19:07.732-0500] {processor.py:836} INFO - DAG(s) dict_keys(['example_xcom']) retrieved from /home/joha/anaconda3/lib/python3.10/site-packages/airflow/example_dags/example_xcom.py
[2023-08-02T11:19:07.755-0500] {logging_mixin.py:150} INFO - [2023-08-02T11:19:07.755-0500] {dag.py:2742} INFO - Sync 1 DAGs
[2023-08-02T11:19:07.787-0500] {logging_mixin.py:150} INFO - [2023-08-02T11:19:07.787-0500] {dag.py:3504} INFO - Setting next_dagrun for example_xcom to 2021-01-01T00:00:00+00:00, run_after=2021-01-01T00:00:00+00:00
[2023-08-02T11:19:07.816-0500] {processor.py:179} INFO - Processing /home/joha/anaconda3/lib/python3.10/site-packages/airflow/example_dags/example_xcom.py took 0.107 seconds
[2023-08-02T11:19:56.947-0500] {processor.py:157} INFO - Started process (PID=106923) to work on /home/joha/anaconda3/lib/python3.10/site-packages/airflow/example_dags/example_xcom.py
[2023-08-02T11:19:56.955-0500] {processor.py:826} INFO - Processing file /home/joha/anaconda3/lib/python3.10/site-packages/airflow/example_dags/example_xcom.py for tasks to queue
[2023-08-02T11:19:56.956-0500] {logging_mixin.py:150} INFO - [2023-08-02T11:19:56.956-0500] {dagbag.py:541} INFO - Filling up the DagBag from /home/joha/anaconda3/lib/python3.10/site-packages/airflow/example_dags/example_xcom.py
[2023-08-02T11:19:56.972-0500] {processor.py:836} INFO - DAG(s) dict_keys(['example_xcom']) retrieved from /home/joha/anaconda3/lib/python3.10/site-packages/airflow/example_dags/example_xcom.py
[2023-08-02T11:19:57.003-0500] {logging_mixin.py:150} INFO - [2023-08-02T11:19:57.002-0500] {dag.py:2742} INFO - Sync 1 DAGs
[2023-08-02T11:19:57.033-0500] {logging_mixin.py:150} INFO - [2023-08-02T11:19:57.032-0500] {dag.py:3504} INFO - Setting next_dagrun for example_xcom to 2021-01-01T00:00:00+00:00, run_after=2021-01-01T00:00:00+00:00
[2023-08-02T11:19:57.063-0500] {processor.py:179} INFO - Processing /home/joha/anaconda3/lib/python3.10/site-packages/airflow/example_dags/example_xcom.py took 0.120 seconds
[2023-08-02T11:20:46.612-0500] {processor.py:157} INFO - Started process (PID=107055) to work on /home/joha/anaconda3/lib/python3.10/site-packages/airflow/example_dags/example_xcom.py
[2023-08-02T11:20:46.620-0500] {processor.py:826} INFO - Processing file /home/joha/anaconda3/lib/python3.10/site-packages/airflow/example_dags/example_xcom.py for tasks to queue
[2023-08-02T11:20:46.622-0500] {logging_mixin.py:150} INFO - [2023-08-02T11:20:46.621-0500] {dagbag.py:541} INFO - Filling up the DagBag from /home/joha/anaconda3/lib/python3.10/site-packages/airflow/example_dags/example_xcom.py
[2023-08-02T11:20:46.633-0500] {processor.py:836} INFO - DAG(s) dict_keys(['example_xcom']) retrieved from /home/joha/anaconda3/lib/python3.10/site-packages/airflow/example_dags/example_xcom.py
[2023-08-02T11:20:46.662-0500] {logging_mixin.py:150} INFO - [2023-08-02T11:20:46.661-0500] {dag.py:2742} INFO - Sync 1 DAGs
[2023-08-02T11:20:46.689-0500] {logging_mixin.py:150} INFO - [2023-08-02T11:20:46.689-0500] {dag.py:3504} INFO - Setting next_dagrun for example_xcom to 2021-01-01T00:00:00+00:00, run_after=2021-01-01T00:00:00+00:00
[2023-08-02T11:20:46.714-0500] {processor.py:179} INFO - Processing /home/joha/anaconda3/lib/python3.10/site-packages/airflow/example_dags/example_xcom.py took 0.107 seconds
[2023-08-02T11:21:50.124-0500] {processor.py:157} INFO - Started process (PID=107353) to work on /home/joha/anaconda3/lib/python3.10/site-packages/airflow/example_dags/example_xcom.py
[2023-08-02T11:21:50.134-0500] {processor.py:826} INFO - Processing file /home/joha/anaconda3/lib/python3.10/site-packages/airflow/example_dags/example_xcom.py for tasks to queue
[2023-08-02T11:21:50.138-0500] {logging_mixin.py:150} INFO - [2023-08-02T11:21:50.137-0500] {dagbag.py:541} INFO - Filling up the DagBag from /home/joha/anaconda3/lib/python3.10/site-packages/airflow/example_dags/example_xcom.py
[2023-08-02T11:21:50.173-0500] {processor.py:836} INFO - DAG(s) dict_keys(['example_xcom']) retrieved from /home/joha/anaconda3/lib/python3.10/site-packages/airflow/example_dags/example_xcom.py
[2023-08-02T11:21:50.201-0500] {logging_mixin.py:150} INFO - [2023-08-02T11:21:50.201-0500] {dag.py:2742} INFO - Sync 1 DAGs
[2023-08-02T11:21:50.230-0500] {logging_mixin.py:150} INFO - [2023-08-02T11:21:50.230-0500] {dag.py:3504} INFO - Setting next_dagrun for example_xcom to 2021-01-01T00:00:00+00:00, run_after=2021-01-01T00:00:00+00:00
[2023-08-02T11:21:50.253-0500] {processor.py:179} INFO - Processing /home/joha/anaconda3/lib/python3.10/site-packages/airflow/example_dags/example_xcom.py took 0.142 seconds
[2023-08-02T11:22:54.948-0500] {processor.py:157} INFO - Started process (PID=107591) to work on /home/joha/anaconda3/lib/python3.10/site-packages/airflow/example_dags/example_xcom.py
[2023-08-02T11:22:54.956-0500] {processor.py:826} INFO - Processing file /home/joha/anaconda3/lib/python3.10/site-packages/airflow/example_dags/example_xcom.py for tasks to queue
[2023-08-02T11:22:54.957-0500] {logging_mixin.py:150} INFO - [2023-08-02T11:22:54.957-0500] {dagbag.py:541} INFO - Filling up the DagBag from /home/joha/anaconda3/lib/python3.10/site-packages/airflow/example_dags/example_xcom.py
[2023-08-02T11:22:54.969-0500] {processor.py:836} INFO - DAG(s) dict_keys(['example_xcom']) retrieved from /home/joha/anaconda3/lib/python3.10/site-packages/airflow/example_dags/example_xcom.py
[2023-08-02T11:22:54.997-0500] {logging_mixin.py:150} INFO - [2023-08-02T11:22:54.997-0500] {dag.py:2742} INFO - Sync 1 DAGs
[2023-08-02T11:22:55.030-0500] {logging_mixin.py:150} INFO - [2023-08-02T11:22:55.030-0500] {dag.py:3504} INFO - Setting next_dagrun for example_xcom to 2021-01-01T00:00:00+00:00, run_after=2021-01-01T00:00:00+00:00
[2023-08-02T11:22:55.184-0500] {processor.py:179} INFO - Processing /home/joha/anaconda3/lib/python3.10/site-packages/airflow/example_dags/example_xcom.py took 0.240 seconds
[2023-08-02T11:24:20.569-0500] {processor.py:157} INFO - Started process (PID=108235) to work on /home/joha/anaconda3/lib/python3.10/site-packages/airflow/example_dags/example_xcom.py
[2023-08-02T11:24:20.577-0500] {processor.py:826} INFO - Processing file /home/joha/anaconda3/lib/python3.10/site-packages/airflow/example_dags/example_xcom.py for tasks to queue
[2023-08-02T11:24:20.578-0500] {logging_mixin.py:150} INFO - [2023-08-02T11:24:20.578-0500] {dagbag.py:541} INFO - Filling up the DagBag from /home/joha/anaconda3/lib/python3.10/site-packages/airflow/example_dags/example_xcom.py
[2023-08-02T11:24:20.592-0500] {processor.py:836} INFO - DAG(s) dict_keys(['example_xcom']) retrieved from /home/joha/anaconda3/lib/python3.10/site-packages/airflow/example_dags/example_xcom.py
[2023-08-02T11:24:20.621-0500] {logging_mixin.py:150} INFO - [2023-08-02T11:24:20.621-0500] {dag.py:2742} INFO - Sync 1 DAGs
[2023-08-02T11:24:20.644-0500] {logging_mixin.py:150} INFO - [2023-08-02T11:24:20.644-0500] {dag.py:3504} INFO - Setting next_dagrun for example_xcom to 2021-01-01T00:00:00+00:00, run_after=2021-01-01T00:00:00+00:00
[2023-08-02T11:24:20.671-0500] {processor.py:179} INFO - Processing /home/joha/anaconda3/lib/python3.10/site-packages/airflow/example_dags/example_xcom.py took 0.107 seconds
[2023-08-02T11:25:04.645-0500] {processor.py:157} INFO - Started process (PID=108353) to work on /home/joha/anaconda3/lib/python3.10/site-packages/airflow/example_dags/example_xcom.py
[2023-08-02T11:25:04.654-0500] {processor.py:826} INFO - Processing file /home/joha/anaconda3/lib/python3.10/site-packages/airflow/example_dags/example_xcom.py for tasks to queue
[2023-08-02T11:25:04.656-0500] {logging_mixin.py:150} INFO - [2023-08-02T11:25:04.655-0500] {dagbag.py:541} INFO - Filling up the DagBag from /home/joha/anaconda3/lib/python3.10/site-packages/airflow/example_dags/example_xcom.py
[2023-08-02T11:25:04.669-0500] {processor.py:836} INFO - DAG(s) dict_keys(['example_xcom']) retrieved from /home/joha/anaconda3/lib/python3.10/site-packages/airflow/example_dags/example_xcom.py
[2023-08-02T11:25:04.693-0500] {logging_mixin.py:150} INFO - [2023-08-02T11:25:04.692-0500] {dag.py:2742} INFO - Sync 1 DAGs
[2023-08-02T11:25:04.715-0500] {logging_mixin.py:150} INFO - [2023-08-02T11:25:04.715-0500] {dag.py:3504} INFO - Setting next_dagrun for example_xcom to 2021-01-01T00:00:00+00:00, run_after=2021-01-01T00:00:00+00:00
[2023-08-02T11:25:04.894-0500] {processor.py:179} INFO - Processing /home/joha/anaconda3/lib/python3.10/site-packages/airflow/example_dags/example_xcom.py took 0.252 seconds
[2023-08-02T11:26:01.758-0500] {processor.py:157} INFO - Started process (PID=108441) to work on /home/joha/anaconda3/lib/python3.10/site-packages/airflow/example_dags/example_xcom.py
[2023-08-02T11:26:01.767-0500] {processor.py:826} INFO - Processing file /home/joha/anaconda3/lib/python3.10/site-packages/airflow/example_dags/example_xcom.py for tasks to queue
[2023-08-02T11:26:01.771-0500] {logging_mixin.py:150} INFO - [2023-08-02T11:26:01.769-0500] {dagbag.py:541} INFO - Filling up the DagBag from /home/joha/anaconda3/lib/python3.10/site-packages/airflow/example_dags/example_xcom.py
[2023-08-02T11:26:01.786-0500] {processor.py:836} INFO - DAG(s) dict_keys(['example_xcom']) retrieved from /home/joha/anaconda3/lib/python3.10/site-packages/airflow/example_dags/example_xcom.py
[2023-08-02T11:26:01.807-0500] {logging_mixin.py:150} INFO - [2023-08-02T11:26:01.807-0500] {dag.py:2742} INFO - Sync 1 DAGs
[2023-08-02T11:26:01.826-0500] {logging_mixin.py:150} INFO - [2023-08-02T11:26:01.826-0500] {dag.py:3504} INFO - Setting next_dagrun for example_xcom to 2021-01-01T00:00:00+00:00, run_after=2021-01-01T00:00:00+00:00
[2023-08-02T11:26:01.850-0500] {processor.py:179} INFO - Processing /home/joha/anaconda3/lib/python3.10/site-packages/airflow/example_dags/example_xcom.py took 0.095 seconds
[2023-08-02T11:27:20.852-0500] {processor.py:157} INFO - Started process (PID=108639) to work on /home/joha/anaconda3/lib/python3.10/site-packages/airflow/example_dags/example_xcom.py
[2023-08-02T11:27:20.859-0500] {processor.py:826} INFO - Processing file /home/joha/anaconda3/lib/python3.10/site-packages/airflow/example_dags/example_xcom.py for tasks to queue
[2023-08-02T11:27:20.862-0500] {logging_mixin.py:150} INFO - [2023-08-02T11:27:20.861-0500] {dagbag.py:541} INFO - Filling up the DagBag from /home/joha/anaconda3/lib/python3.10/site-packages/airflow/example_dags/example_xcom.py
[2023-08-02T11:27:20.876-0500] {processor.py:836} INFO - DAG(s) dict_keys(['example_xcom']) retrieved from /home/joha/anaconda3/lib/python3.10/site-packages/airflow/example_dags/example_xcom.py
[2023-08-02T11:27:20.898-0500] {logging_mixin.py:150} INFO - [2023-08-02T11:27:20.897-0500] {dag.py:2742} INFO - Sync 1 DAGs
[2023-08-02T11:27:20.918-0500] {logging_mixin.py:150} INFO - [2023-08-02T11:27:20.918-0500] {dag.py:3504} INFO - Setting next_dagrun for example_xcom to 2021-01-01T00:00:00+00:00, run_after=2021-01-01T00:00:00+00:00
[2023-08-02T11:27:20.941-0500] {processor.py:179} INFO - Processing /home/joha/anaconda3/lib/python3.10/site-packages/airflow/example_dags/example_xcom.py took 0.092 seconds
