[2023-08-01T20:25:32.665-0500] {processor.py:157} INFO - Started process (PID=99517) to work on /home/joha/anaconda3/lib/python3.10/site-packages/airflow/example_dags/example_task_group.py
[2023-08-01T20:25:32.667-0500] {processor.py:826} INFO - Processing file /home/joha/anaconda3/lib/python3.10/site-packages/airflow/example_dags/example_task_group.py for tasks to queue
[2023-08-01T20:25:32.671-0500] {logging_mixin.py:150} INFO - [2023-08-01T20:25:32.670-0500] {dagbag.py:541} INFO - Filling up the DagBag from /home/joha/anaconda3/lib/python3.10/site-packages/airflow/example_dags/example_task_group.py
[2023-08-01T20:25:32.701-0500] {processor.py:836} INFO - DAG(s) dict_keys(['example_task_group']) retrieved from /home/joha/anaconda3/lib/python3.10/site-packages/airflow/example_dags/example_task_group.py
[2023-08-01T20:25:32.728-0500] {logging_mixin.py:150} INFO - [2023-08-01T20:25:32.728-0500] {dag.py:2742} INFO - Sync 1 DAGs
[2023-08-01T20:25:32.747-0500] {logging_mixin.py:150} INFO - [2023-08-01T20:25:32.747-0500] {dag.py:3504} INFO - Setting next_dagrun for example_task_group to 2023-08-01T01:25:32.746906+00:00, run_after=2023-08-02T01:25:32.746906+00:00
[2023-08-01T20:25:32.777-0500] {processor.py:179} INFO - Processing /home/joha/anaconda3/lib/python3.10/site-packages/airflow/example_dags/example_task_group.py took 0.123 seconds
[2023-08-01T20:26:23.664-0500] {processor.py:157} INFO - Started process (PID=99681) to work on /home/joha/anaconda3/lib/python3.10/site-packages/airflow/example_dags/example_task_group.py
[2023-08-01T20:26:23.665-0500] {processor.py:826} INFO - Processing file /home/joha/anaconda3/lib/python3.10/site-packages/airflow/example_dags/example_task_group.py for tasks to queue
[2023-08-01T20:26:23.666-0500] {logging_mixin.py:150} INFO - [2023-08-01T20:26:23.666-0500] {dagbag.py:541} INFO - Filling up the DagBag from /home/joha/anaconda3/lib/python3.10/site-packages/airflow/example_dags/example_task_group.py
[2023-08-01T20:26:23.679-0500] {processor.py:836} INFO - DAG(s) dict_keys(['example_task_group']) retrieved from /home/joha/anaconda3/lib/python3.10/site-packages/airflow/example_dags/example_task_group.py
[2023-08-01T20:26:23.706-0500] {logging_mixin.py:150} INFO - [2023-08-01T20:26:23.706-0500] {dag.py:2742} INFO - Sync 1 DAGs
[2023-08-01T20:26:23.739-0500] {logging_mixin.py:150} INFO - [2023-08-01T20:26:23.739-0500] {dag.py:3504} INFO - Setting next_dagrun for example_task_group to 2023-08-01T01:26:23.739147+00:00, run_after=2023-08-02T01:26:23.739147+00:00
[2023-08-01T20:26:23.770-0500] {processor.py:179} INFO - Processing /home/joha/anaconda3/lib/python3.10/site-packages/airflow/example_dags/example_task_group.py took 0.110 seconds
[2023-08-02T11:08:17.636-0500] {processor.py:157} INFO - Started process (PID=105200) to work on /home/joha/anaconda3/lib/python3.10/site-packages/airflow/example_dags/example_task_group.py
[2023-08-02T11:08:17.646-0500] {processor.py:826} INFO - Processing file /home/joha/anaconda3/lib/python3.10/site-packages/airflow/example_dags/example_task_group.py for tasks to queue
[2023-08-02T11:08:17.651-0500] {logging_mixin.py:150} INFO - [2023-08-02T11:08:17.649-0500] {dagbag.py:541} INFO - Filling up the DagBag from /home/joha/anaconda3/lib/python3.10/site-packages/airflow/example_dags/example_task_group.py
[2023-08-02T11:08:17.700-0500] {processor.py:836} INFO - DAG(s) dict_keys(['example_task_group']) retrieved from /home/joha/anaconda3/lib/python3.10/site-packages/airflow/example_dags/example_task_group.py
[2023-08-02T11:08:17.727-0500] {logging_mixin.py:150} INFO - [2023-08-02T11:08:17.727-0500] {dag.py:2742} INFO - Sync 1 DAGs
[2023-08-02T11:08:17.747-0500] {logging_mixin.py:150} INFO - [2023-08-02T11:08:17.746-0500] {dag.py:3504} INFO - Setting next_dagrun for example_task_group to 2023-08-01T16:08:17.746596+00:00, run_after=2023-08-02T16:08:17.746596+00:00
[2023-08-02T11:08:17.777-0500] {processor.py:179} INFO - Processing /home/joha/anaconda3/lib/python3.10/site-packages/airflow/example_dags/example_task_group.py took 0.154 seconds
[2023-08-02T11:09:11.663-0500] {processor.py:157} INFO - Started process (PID=105295) to work on /home/joha/anaconda3/lib/python3.10/site-packages/airflow/example_dags/example_task_group.py
[2023-08-02T11:09:11.671-0500] {processor.py:826} INFO - Processing file /home/joha/anaconda3/lib/python3.10/site-packages/airflow/example_dags/example_task_group.py for tasks to queue
[2023-08-02T11:09:11.672-0500] {logging_mixin.py:150} INFO - [2023-08-02T11:09:11.671-0500] {dagbag.py:541} INFO - Filling up the DagBag from /home/joha/anaconda3/lib/python3.10/site-packages/airflow/example_dags/example_task_group.py
[2023-08-02T11:09:11.680-0500] {processor.py:836} INFO - DAG(s) dict_keys(['example_task_group']) retrieved from /home/joha/anaconda3/lib/python3.10/site-packages/airflow/example_dags/example_task_group.py
[2023-08-02T11:09:11.700-0500] {logging_mixin.py:150} INFO - [2023-08-02T11:09:11.699-0500] {dag.py:2742} INFO - Sync 1 DAGs
[2023-08-02T11:09:11.718-0500] {logging_mixin.py:150} INFO - [2023-08-02T11:09:11.718-0500] {dag.py:3504} INFO - Setting next_dagrun for example_task_group to 2023-08-01T16:09:11.718337+00:00, run_after=2023-08-02T16:09:11.718337+00:00
[2023-08-02T11:09:11.738-0500] {processor.py:179} INFO - Processing /home/joha/anaconda3/lib/python3.10/site-packages/airflow/example_dags/example_task_group.py took 0.080 seconds
[2023-08-02T11:10:02.296-0500] {processor.py:157} INFO - Started process (PID=105434) to work on /home/joha/anaconda3/lib/python3.10/site-packages/airflow/example_dags/example_task_group.py
[2023-08-02T11:10:02.304-0500] {processor.py:826} INFO - Processing file /home/joha/anaconda3/lib/python3.10/site-packages/airflow/example_dags/example_task_group.py for tasks to queue
[2023-08-02T11:10:02.305-0500] {logging_mixin.py:150} INFO - [2023-08-02T11:10:02.304-0500] {dagbag.py:541} INFO - Filling up the DagBag from /home/joha/anaconda3/lib/python3.10/site-packages/airflow/example_dags/example_task_group.py
[2023-08-02T11:10:02.320-0500] {processor.py:836} INFO - DAG(s) dict_keys(['example_task_group']) retrieved from /home/joha/anaconda3/lib/python3.10/site-packages/airflow/example_dags/example_task_group.py
[2023-08-02T11:10:02.348-0500] {logging_mixin.py:150} INFO - [2023-08-02T11:10:02.348-0500] {dag.py:2742} INFO - Sync 1 DAGs
[2023-08-02T11:10:02.371-0500] {logging_mixin.py:150} INFO - [2023-08-02T11:10:02.371-0500] {dag.py:3504} INFO - Setting next_dagrun for example_task_group to 2023-08-01T16:10:02.370845+00:00, run_after=2023-08-02T16:10:02.370845+00:00
[2023-08-02T11:10:02.394-0500] {processor.py:179} INFO - Processing /home/joha/anaconda3/lib/python3.10/site-packages/airflow/example_dags/example_task_group.py took 0.102 seconds
[2023-08-02T11:10:48.170-0500] {processor.py:157} INFO - Started process (PID=105597) to work on /home/joha/anaconda3/lib/python3.10/site-packages/airflow/example_dags/example_task_group.py
[2023-08-02T11:10:48.180-0500] {processor.py:826} INFO - Processing file /home/joha/anaconda3/lib/python3.10/site-packages/airflow/example_dags/example_task_group.py for tasks to queue
[2023-08-02T11:10:48.183-0500] {logging_mixin.py:150} INFO - [2023-08-02T11:10:48.182-0500] {dagbag.py:541} INFO - Filling up the DagBag from /home/joha/anaconda3/lib/python3.10/site-packages/airflow/example_dags/example_task_group.py
[2023-08-02T11:10:48.205-0500] {processor.py:836} INFO - DAG(s) dict_keys(['example_task_group']) retrieved from /home/joha/anaconda3/lib/python3.10/site-packages/airflow/example_dags/example_task_group.py
[2023-08-02T11:10:48.227-0500] {logging_mixin.py:150} INFO - [2023-08-02T11:10:48.226-0500] {dag.py:2742} INFO - Sync 1 DAGs
[2023-08-02T11:10:48.245-0500] {logging_mixin.py:150} INFO - [2023-08-02T11:10:48.245-0500] {dag.py:3504} INFO - Setting next_dagrun for example_task_group to 2023-08-01T16:10:48.245574+00:00, run_after=2023-08-02T16:10:48.245574+00:00
[2023-08-02T11:10:48.267-0500] {processor.py:179} INFO - Processing /home/joha/anaconda3/lib/python3.10/site-packages/airflow/example_dags/example_task_group.py took 0.109 seconds
[2023-08-02T11:11:34.312-0500] {processor.py:157} INFO - Started process (PID=105713) to work on /home/joha/anaconda3/lib/python3.10/site-packages/airflow/example_dags/example_task_group.py
[2023-08-02T11:11:34.323-0500] {processor.py:826} INFO - Processing file /home/joha/anaconda3/lib/python3.10/site-packages/airflow/example_dags/example_task_group.py for tasks to queue
[2023-08-02T11:11:34.325-0500] {logging_mixin.py:150} INFO - [2023-08-02T11:11:34.325-0500] {dagbag.py:541} INFO - Filling up the DagBag from /home/joha/anaconda3/lib/python3.10/site-packages/airflow/example_dags/example_task_group.py
[2023-08-02T11:11:34.339-0500] {processor.py:836} INFO - DAG(s) dict_keys(['example_task_group']) retrieved from /home/joha/anaconda3/lib/python3.10/site-packages/airflow/example_dags/example_task_group.py
[2023-08-02T11:11:34.359-0500] {logging_mixin.py:150} INFO - [2023-08-02T11:11:34.359-0500] {dag.py:2742} INFO - Sync 1 DAGs
[2023-08-02T11:11:34.379-0500] {logging_mixin.py:150} INFO - [2023-08-02T11:11:34.379-0500] {dag.py:3504} INFO - Setting next_dagrun for example_task_group to 2023-08-01T16:11:34.379017+00:00, run_after=2023-08-02T16:11:34.379017+00:00
[2023-08-02T11:11:34.399-0500] {processor.py:179} INFO - Processing /home/joha/anaconda3/lib/python3.10/site-packages/airflow/example_dags/example_task_group.py took 0.091 seconds
[2023-08-02T11:12:25.207-0500] {processor.py:157} INFO - Started process (PID=105852) to work on /home/joha/anaconda3/lib/python3.10/site-packages/airflow/example_dags/example_task_group.py
[2023-08-02T11:12:25.208-0500] {processor.py:826} INFO - Processing file /home/joha/anaconda3/lib/python3.10/site-packages/airflow/example_dags/example_task_group.py for tasks to queue
[2023-08-02T11:12:25.210-0500] {logging_mixin.py:150} INFO - [2023-08-02T11:12:25.209-0500] {dagbag.py:541} INFO - Filling up the DagBag from /home/joha/anaconda3/lib/python3.10/site-packages/airflow/example_dags/example_task_group.py
[2023-08-02T11:12:25.220-0500] {processor.py:836} INFO - DAG(s) dict_keys(['example_task_group']) retrieved from /home/joha/anaconda3/lib/python3.10/site-packages/airflow/example_dags/example_task_group.py
[2023-08-02T11:12:25.243-0500] {logging_mixin.py:150} INFO - [2023-08-02T11:12:25.243-0500] {dag.py:2742} INFO - Sync 1 DAGs
[2023-08-02T11:12:25.266-0500] {logging_mixin.py:150} INFO - [2023-08-02T11:12:25.266-0500] {dag.py:3504} INFO - Setting next_dagrun for example_task_group to 2023-08-01T16:12:25.265886+00:00, run_after=2023-08-02T16:12:25.265886+00:00
[2023-08-02T11:12:25.292-0500] {processor.py:179} INFO - Processing /home/joha/anaconda3/lib/python3.10/site-packages/airflow/example_dags/example_task_group.py took 0.088 seconds
[2023-08-02T11:13:07.218-0500] {processor.py:157} INFO - Started process (PID=105939) to work on /home/joha/anaconda3/lib/python3.10/site-packages/airflow/example_dags/example_task_group.py
[2023-08-02T11:13:07.225-0500] {processor.py:826} INFO - Processing file /home/joha/anaconda3/lib/python3.10/site-packages/airflow/example_dags/example_task_group.py for tasks to queue
[2023-08-02T11:13:07.226-0500] {logging_mixin.py:150} INFO - [2023-08-02T11:13:07.226-0500] {dagbag.py:541} INFO - Filling up the DagBag from /home/joha/anaconda3/lib/python3.10/site-packages/airflow/example_dags/example_task_group.py
[2023-08-02T11:13:07.235-0500] {processor.py:836} INFO - DAG(s) dict_keys(['example_task_group']) retrieved from /home/joha/anaconda3/lib/python3.10/site-packages/airflow/example_dags/example_task_group.py
[2023-08-02T11:13:07.258-0500] {logging_mixin.py:150} INFO - [2023-08-02T11:13:07.258-0500] {dag.py:2742} INFO - Sync 1 DAGs
[2023-08-02T11:13:07.282-0500] {logging_mixin.py:150} INFO - [2023-08-02T11:13:07.282-0500] {dag.py:3504} INFO - Setting next_dagrun for example_task_group to 2023-08-01T16:13:07.282049+00:00, run_after=2023-08-02T16:13:07.282049+00:00
[2023-08-02T11:13:07.307-0500] {processor.py:179} INFO - Processing /home/joha/anaconda3/lib/python3.10/site-packages/airflow/example_dags/example_task_group.py took 0.094 seconds
[2023-08-02T11:13:47.348-0500] {processor.py:157} INFO - Started process (PID=105998) to work on /home/joha/anaconda3/lib/python3.10/site-packages/airflow/example_dags/example_task_group.py
[2023-08-02T11:13:47.357-0500] {processor.py:826} INFO - Processing file /home/joha/anaconda3/lib/python3.10/site-packages/airflow/example_dags/example_task_group.py for tasks to queue
[2023-08-02T11:13:47.360-0500] {logging_mixin.py:150} INFO - [2023-08-02T11:13:47.359-0500] {dagbag.py:541} INFO - Filling up the DagBag from /home/joha/anaconda3/lib/python3.10/site-packages/airflow/example_dags/example_task_group.py
[2023-08-02T11:13:47.375-0500] {processor.py:836} INFO - DAG(s) dict_keys(['example_task_group']) retrieved from /home/joha/anaconda3/lib/python3.10/site-packages/airflow/example_dags/example_task_group.py
[2023-08-02T11:13:47.397-0500] {logging_mixin.py:150} INFO - [2023-08-02T11:13:47.397-0500] {dag.py:2742} INFO - Sync 1 DAGs
[2023-08-02T11:13:47.424-0500] {logging_mixin.py:150} INFO - [2023-08-02T11:13:47.424-0500] {dag.py:3504} INFO - Setting next_dagrun for example_task_group to 2023-08-01T16:13:47.423764+00:00, run_after=2023-08-02T16:13:47.423764+00:00
[2023-08-02T11:13:47.447-0500] {processor.py:179} INFO - Processing /home/joha/anaconda3/lib/python3.10/site-packages/airflow/example_dags/example_task_group.py took 0.104 seconds
[2023-08-02T11:14:30.242-0500] {processor.py:157} INFO - Started process (PID=106056) to work on /home/joha/anaconda3/lib/python3.10/site-packages/airflow/example_dags/example_task_group.py
[2023-08-02T11:14:30.249-0500] {processor.py:826} INFO - Processing file /home/joha/anaconda3/lib/python3.10/site-packages/airflow/example_dags/example_task_group.py for tasks to queue
[2023-08-02T11:14:30.250-0500] {logging_mixin.py:150} INFO - [2023-08-02T11:14:30.250-0500] {dagbag.py:541} INFO - Filling up the DagBag from /home/joha/anaconda3/lib/python3.10/site-packages/airflow/example_dags/example_task_group.py
[2023-08-02T11:14:30.262-0500] {processor.py:836} INFO - DAG(s) dict_keys(['example_task_group']) retrieved from /home/joha/anaconda3/lib/python3.10/site-packages/airflow/example_dags/example_task_group.py
[2023-08-02T11:14:30.282-0500] {logging_mixin.py:150} INFO - [2023-08-02T11:14:30.282-0500] {dag.py:2742} INFO - Sync 1 DAGs
[2023-08-02T11:14:30.306-0500] {logging_mixin.py:150} INFO - [2023-08-02T11:14:30.305-0500] {dag.py:3504} INFO - Setting next_dagrun for example_task_group to 2023-08-01T16:14:30.305566+00:00, run_after=2023-08-02T16:14:30.305566+00:00
[2023-08-02T11:14:30.329-0500] {processor.py:179} INFO - Processing /home/joha/anaconda3/lib/python3.10/site-packages/airflow/example_dags/example_task_group.py took 0.091 seconds
[2023-08-02T11:15:16.537-0500] {processor.py:157} INFO - Started process (PID=106191) to work on /home/joha/anaconda3/lib/python3.10/site-packages/airflow/example_dags/example_task_group.py
[2023-08-02T11:15:16.545-0500] {processor.py:826} INFO - Processing file /home/joha/anaconda3/lib/python3.10/site-packages/airflow/example_dags/example_task_group.py for tasks to queue
[2023-08-02T11:15:16.546-0500] {logging_mixin.py:150} INFO - [2023-08-02T11:15:16.546-0500] {dagbag.py:541} INFO - Filling up the DagBag from /home/joha/anaconda3/lib/python3.10/site-packages/airflow/example_dags/example_task_group.py
[2023-08-02T11:15:16.560-0500] {processor.py:836} INFO - DAG(s) dict_keys(['example_task_group']) retrieved from /home/joha/anaconda3/lib/python3.10/site-packages/airflow/example_dags/example_task_group.py
[2023-08-02T11:15:16.590-0500] {logging_mixin.py:150} INFO - [2023-08-02T11:15:16.590-0500] {dag.py:2742} INFO - Sync 1 DAGs
[2023-08-02T11:15:16.620-0500] {logging_mixin.py:150} INFO - [2023-08-02T11:15:16.620-0500] {dag.py:3504} INFO - Setting next_dagrun for example_task_group to 2023-08-01T16:15:16.620039+00:00, run_after=2023-08-02T16:15:16.620039+00:00
[2023-08-02T11:15:16.649-0500] {processor.py:179} INFO - Processing /home/joha/anaconda3/lib/python3.10/site-packages/airflow/example_dags/example_task_group.py took 0.124 seconds
[2023-08-02T11:16:06.305-0500] {processor.py:157} INFO - Started process (PID=106336) to work on /home/joha/anaconda3/lib/python3.10/site-packages/airflow/example_dags/example_task_group.py
[2023-08-02T11:16:06.308-0500] {processor.py:826} INFO - Processing file /home/joha/anaconda3/lib/python3.10/site-packages/airflow/example_dags/example_task_group.py for tasks to queue
[2023-08-02T11:16:06.310-0500] {logging_mixin.py:150} INFO - [2023-08-02T11:16:06.309-0500] {dagbag.py:541} INFO - Filling up the DagBag from /home/joha/anaconda3/lib/python3.10/site-packages/airflow/example_dags/example_task_group.py
[2023-08-02T11:16:06.325-0500] {processor.py:836} INFO - DAG(s) dict_keys(['example_task_group']) retrieved from /home/joha/anaconda3/lib/python3.10/site-packages/airflow/example_dags/example_task_group.py
[2023-08-02T11:16:06.351-0500] {logging_mixin.py:150} INFO - [2023-08-02T11:16:06.350-0500] {dag.py:2742} INFO - Sync 1 DAGs
[2023-08-02T11:16:06.372-0500] {logging_mixin.py:150} INFO - [2023-08-02T11:16:06.372-0500] {dag.py:3504} INFO - Setting next_dagrun for example_task_group to 2023-08-01T16:16:06.372216+00:00, run_after=2023-08-02T16:16:06.372216+00:00
[2023-08-02T11:16:06.393-0500] {processor.py:179} INFO - Processing /home/joha/anaconda3/lib/python3.10/site-packages/airflow/example_dags/example_task_group.py took 0.098 seconds
[2023-08-02T11:16:52.452-0500] {processor.py:157} INFO - Started process (PID=106449) to work on /home/joha/anaconda3/lib/python3.10/site-packages/airflow/example_dags/example_task_group.py
[2023-08-02T11:16:52.461-0500] {processor.py:826} INFO - Processing file /home/joha/anaconda3/lib/python3.10/site-packages/airflow/example_dags/example_task_group.py for tasks to queue
[2023-08-02T11:16:52.464-0500] {logging_mixin.py:150} INFO - [2023-08-02T11:16:52.463-0500] {dagbag.py:541} INFO - Filling up the DagBag from /home/joha/anaconda3/lib/python3.10/site-packages/airflow/example_dags/example_task_group.py
[2023-08-02T11:16:52.482-0500] {processor.py:836} INFO - DAG(s) dict_keys(['example_task_group']) retrieved from /home/joha/anaconda3/lib/python3.10/site-packages/airflow/example_dags/example_task_group.py
[2023-08-02T11:16:52.503-0500] {logging_mixin.py:150} INFO - [2023-08-02T11:16:52.503-0500] {dag.py:2742} INFO - Sync 1 DAGs
[2023-08-02T11:16:52.522-0500] {logging_mixin.py:150} INFO - [2023-08-02T11:16:52.522-0500] {dag.py:3504} INFO - Setting next_dagrun for example_task_group to 2023-08-01T16:16:52.522020+00:00, run_after=2023-08-02T16:16:52.522020+00:00
[2023-08-02T11:16:52.543-0500] {processor.py:179} INFO - Processing /home/joha/anaconda3/lib/python3.10/site-packages/airflow/example_dags/example_task_group.py took 0.101 seconds
[2023-08-02T11:17:37.468-0500] {processor.py:157} INFO - Started process (PID=106581) to work on /home/joha/anaconda3/lib/python3.10/site-packages/airflow/example_dags/example_task_group.py
[2023-08-02T11:17:37.483-0500] {processor.py:826} INFO - Processing file /home/joha/anaconda3/lib/python3.10/site-packages/airflow/example_dags/example_task_group.py for tasks to queue
[2023-08-02T11:17:37.486-0500] {logging_mixin.py:150} INFO - [2023-08-02T11:17:37.485-0500] {dagbag.py:541} INFO - Filling up the DagBag from /home/joha/anaconda3/lib/python3.10/site-packages/airflow/example_dags/example_task_group.py
[2023-08-02T11:17:37.522-0500] {processor.py:836} INFO - DAG(s) dict_keys(['example_task_group']) retrieved from /home/joha/anaconda3/lib/python3.10/site-packages/airflow/example_dags/example_task_group.py
[2023-08-02T11:17:37.595-0500] {logging_mixin.py:150} INFO - [2023-08-02T11:17:37.595-0500] {dag.py:2742} INFO - Sync 1 DAGs
[2023-08-02T11:17:37.629-0500] {logging_mixin.py:150} INFO - [2023-08-02T11:17:37.629-0500] {dag.py:3504} INFO - Setting next_dagrun for example_task_group to 2023-08-01T16:17:37.629373+00:00, run_after=2023-08-02T16:17:37.629373+00:00
[2023-08-02T11:17:37.660-0500] {processor.py:179} INFO - Processing /home/joha/anaconda3/lib/python3.10/site-packages/airflow/example_dags/example_task_group.py took 0.201 seconds
[2023-08-02T11:18:20.819-0500] {processor.py:157} INFO - Started process (PID=106718) to work on /home/joha/anaconda3/lib/python3.10/site-packages/airflow/example_dags/example_task_group.py
[2023-08-02T11:18:20.826-0500] {processor.py:826} INFO - Processing file /home/joha/anaconda3/lib/python3.10/site-packages/airflow/example_dags/example_task_group.py for tasks to queue
[2023-08-02T11:18:20.827-0500] {logging_mixin.py:150} INFO - [2023-08-02T11:18:20.827-0500] {dagbag.py:541} INFO - Filling up the DagBag from /home/joha/anaconda3/lib/python3.10/site-packages/airflow/example_dags/example_task_group.py
[2023-08-02T11:18:20.836-0500] {processor.py:836} INFO - DAG(s) dict_keys(['example_task_group']) retrieved from /home/joha/anaconda3/lib/python3.10/site-packages/airflow/example_dags/example_task_group.py
[2023-08-02T11:18:20.859-0500] {logging_mixin.py:150} INFO - [2023-08-02T11:18:20.858-0500] {dag.py:2742} INFO - Sync 1 DAGs
[2023-08-02T11:18:20.885-0500] {logging_mixin.py:150} INFO - [2023-08-02T11:18:20.885-0500] {dag.py:3504} INFO - Setting next_dagrun for example_task_group to 2023-08-01T16:18:20.885032+00:00, run_after=2023-08-02T16:18:20.885032+00:00
[2023-08-02T11:18:20.911-0500] {processor.py:179} INFO - Processing /home/joha/anaconda3/lib/python3.10/site-packages/airflow/example_dags/example_task_group.py took 0.096 seconds
[2023-08-02T11:19:05.919-0500] {processor.py:157} INFO - Started process (PID=106813) to work on /home/joha/anaconda3/lib/python3.10/site-packages/airflow/example_dags/example_task_group.py
[2023-08-02T11:19:05.927-0500] {processor.py:826} INFO - Processing file /home/joha/anaconda3/lib/python3.10/site-packages/airflow/example_dags/example_task_group.py for tasks to queue
[2023-08-02T11:19:05.929-0500] {logging_mixin.py:150} INFO - [2023-08-02T11:19:05.928-0500] {dagbag.py:541} INFO - Filling up the DagBag from /home/joha/anaconda3/lib/python3.10/site-packages/airflow/example_dags/example_task_group.py
[2023-08-02T11:19:05.938-0500] {processor.py:836} INFO - DAG(s) dict_keys(['example_task_group']) retrieved from /home/joha/anaconda3/lib/python3.10/site-packages/airflow/example_dags/example_task_group.py
[2023-08-02T11:19:05.959-0500] {logging_mixin.py:150} INFO - [2023-08-02T11:19:05.958-0500] {dag.py:2742} INFO - Sync 1 DAGs
[2023-08-02T11:19:05.983-0500] {logging_mixin.py:150} INFO - [2023-08-02T11:19:05.982-0500] {dag.py:3504} INFO - Setting next_dagrun for example_task_group to 2023-08-01T16:19:05.982711+00:00, run_after=2023-08-02T16:19:05.982711+00:00
[2023-08-02T11:19:06.012-0500] {processor.py:179} INFO - Processing /home/joha/anaconda3/lib/python3.10/site-packages/airflow/example_dags/example_task_group.py took 0.096 seconds
[2023-08-02T11:19:54.542-0500] {processor.py:157} INFO - Started process (PID=106921) to work on /home/joha/anaconda3/lib/python3.10/site-packages/airflow/example_dags/example_task_group.py
[2023-08-02T11:19:54.550-0500] {processor.py:826} INFO - Processing file /home/joha/anaconda3/lib/python3.10/site-packages/airflow/example_dags/example_task_group.py for tasks to queue
[2023-08-02T11:19:54.551-0500] {logging_mixin.py:150} INFO - [2023-08-02T11:19:54.551-0500] {dagbag.py:541} INFO - Filling up the DagBag from /home/joha/anaconda3/lib/python3.10/site-packages/airflow/example_dags/example_task_group.py
[2023-08-02T11:19:54.564-0500] {processor.py:836} INFO - DAG(s) dict_keys(['example_task_group']) retrieved from /home/joha/anaconda3/lib/python3.10/site-packages/airflow/example_dags/example_task_group.py
[2023-08-02T11:19:54.588-0500] {logging_mixin.py:150} INFO - [2023-08-02T11:19:54.588-0500] {dag.py:2742} INFO - Sync 1 DAGs
[2023-08-02T11:19:54.618-0500] {logging_mixin.py:150} INFO - [2023-08-02T11:19:54.618-0500] {dag.py:3504} INFO - Setting next_dagrun for example_task_group to 2023-08-01T16:19:54.618289+00:00, run_after=2023-08-02T16:19:54.618289+00:00
[2023-08-02T11:19:54.644-0500] {processor.py:179} INFO - Processing /home/joha/anaconda3/lib/python3.10/site-packages/airflow/example_dags/example_task_group.py took 0.113 seconds
[2023-08-02T11:20:44.686-0500] {processor.py:157} INFO - Started process (PID=107052) to work on /home/joha/anaconda3/lib/python3.10/site-packages/airflow/example_dags/example_task_group.py
[2023-08-02T11:20:44.696-0500] {processor.py:826} INFO - Processing file /home/joha/anaconda3/lib/python3.10/site-packages/airflow/example_dags/example_task_group.py for tasks to queue
[2023-08-02T11:20:44.700-0500] {logging_mixin.py:150} INFO - [2023-08-02T11:20:44.699-0500] {dagbag.py:541} INFO - Filling up the DagBag from /home/joha/anaconda3/lib/python3.10/site-packages/airflow/example_dags/example_task_group.py
[2023-08-02T11:20:44.728-0500] {processor.py:836} INFO - DAG(s) dict_keys(['example_task_group']) retrieved from /home/joha/anaconda3/lib/python3.10/site-packages/airflow/example_dags/example_task_group.py
[2023-08-02T11:20:44.760-0500] {logging_mixin.py:150} INFO - [2023-08-02T11:20:44.760-0500] {dag.py:2742} INFO - Sync 1 DAGs
[2023-08-02T11:20:44.782-0500] {logging_mixin.py:150} INFO - [2023-08-02T11:20:44.782-0500] {dag.py:3504} INFO - Setting next_dagrun for example_task_group to 2023-08-01T16:20:44.782315+00:00, run_after=2023-08-02T16:20:44.782315+00:00
[2023-08-02T11:20:44.808-0500] {processor.py:179} INFO - Processing /home/joha/anaconda3/lib/python3.10/site-packages/airflow/example_dags/example_task_group.py took 0.136 seconds
[2023-08-02T11:21:47.497-0500] {processor.py:157} INFO - Started process (PID=107351) to work on /home/joha/anaconda3/lib/python3.10/site-packages/airflow/example_dags/example_task_group.py
[2023-08-02T11:21:47.505-0500] {processor.py:826} INFO - Processing file /home/joha/anaconda3/lib/python3.10/site-packages/airflow/example_dags/example_task_group.py for tasks to queue
[2023-08-02T11:21:47.506-0500] {logging_mixin.py:150} INFO - [2023-08-02T11:21:47.505-0500] {dagbag.py:541} INFO - Filling up the DagBag from /home/joha/anaconda3/lib/python3.10/site-packages/airflow/example_dags/example_task_group.py
[2023-08-02T11:21:47.516-0500] {processor.py:836} INFO - DAG(s) dict_keys(['example_task_group']) retrieved from /home/joha/anaconda3/lib/python3.10/site-packages/airflow/example_dags/example_task_group.py
[2023-08-02T11:21:47.541-0500] {logging_mixin.py:150} INFO - [2023-08-02T11:21:47.541-0500] {dag.py:2742} INFO - Sync 1 DAGs
[2023-08-02T11:21:47.567-0500] {logging_mixin.py:150} INFO - [2023-08-02T11:21:47.567-0500] {dag.py:3504} INFO - Setting next_dagrun for example_task_group to 2023-08-01T16:21:47.566825+00:00, run_after=2023-08-02T16:21:47.566825+00:00
[2023-08-02T11:21:47.591-0500] {processor.py:179} INFO - Processing /home/joha/anaconda3/lib/python3.10/site-packages/airflow/example_dags/example_task_group.py took 0.101 seconds
[2023-08-02T11:22:52.256-0500] {processor.py:157} INFO - Started process (PID=107588) to work on /home/joha/anaconda3/lib/python3.10/site-packages/airflow/example_dags/example_task_group.py
[2023-08-02T11:22:52.268-0500] {processor.py:826} INFO - Processing file /home/joha/anaconda3/lib/python3.10/site-packages/airflow/example_dags/example_task_group.py for tasks to queue
[2023-08-02T11:22:52.270-0500] {logging_mixin.py:150} INFO - [2023-08-02T11:22:52.270-0500] {dagbag.py:541} INFO - Filling up the DagBag from /home/joha/anaconda3/lib/python3.10/site-packages/airflow/example_dags/example_task_group.py
[2023-08-02T11:22:52.287-0500] {processor.py:836} INFO - DAG(s) dict_keys(['example_task_group']) retrieved from /home/joha/anaconda3/lib/python3.10/site-packages/airflow/example_dags/example_task_group.py
[2023-08-02T11:22:52.327-0500] {logging_mixin.py:150} INFO - [2023-08-02T11:22:52.327-0500] {dag.py:2742} INFO - Sync 1 DAGs
[2023-08-02T11:22:52.359-0500] {logging_mixin.py:150} INFO - [2023-08-02T11:22:52.359-0500] {dag.py:3504} INFO - Setting next_dagrun for example_task_group to 2023-08-01T16:22:52.358885+00:00, run_after=2023-08-02T16:22:52.358885+00:00
[2023-08-02T11:22:52.528-0500] {processor.py:179} INFO - Processing /home/joha/anaconda3/lib/python3.10/site-packages/airflow/example_dags/example_task_group.py took 0.276 seconds
[2023-08-02T11:23:34.419-0500] {processor.py:157} INFO - Started process (PID=108124) to work on /home/joha/anaconda3/lib/python3.10/site-packages/airflow/example_dags/example_task_group.py
[2023-08-02T11:23:34.469-0500] {processor.py:826} INFO - Processing file /home/joha/anaconda3/lib/python3.10/site-packages/airflow/example_dags/example_task_group.py for tasks to queue
[2023-08-02T11:23:34.470-0500] {logging_mixin.py:150} INFO - [2023-08-02T11:23:34.470-0500] {dagbag.py:541} INFO - Filling up the DagBag from /home/joha/anaconda3/lib/python3.10/site-packages/airflow/example_dags/example_task_group.py
[2023-08-02T11:23:34.483-0500] {processor.py:836} INFO - DAG(s) dict_keys(['example_task_group']) retrieved from /home/joha/anaconda3/lib/python3.10/site-packages/airflow/example_dags/example_task_group.py
[2023-08-02T11:23:34.509-0500] {logging_mixin.py:150} INFO - [2023-08-02T11:23:34.509-0500] {dag.py:2742} INFO - Sync 1 DAGs
[2023-08-02T11:23:34.535-0500] {logging_mixin.py:150} INFO - [2023-08-02T11:23:34.534-0500] {dag.py:3504} INFO - Setting next_dagrun for example_task_group to 2023-08-01T16:23:34.534576+00:00, run_after=2023-08-02T16:23:34.534576+00:00
[2023-08-02T11:23:34.920-0500] {processor.py:179} INFO - Processing /home/joha/anaconda3/lib/python3.10/site-packages/airflow/example_dags/example_task_group.py took 0.506 seconds
[2023-08-02T11:25:01.859-0500] {processor.py:157} INFO - Started process (PID=108350) to work on /home/joha/anaconda3/lib/python3.10/site-packages/airflow/example_dags/example_task_group.py
[2023-08-02T11:25:01.868-0500] {processor.py:826} INFO - Processing file /home/joha/anaconda3/lib/python3.10/site-packages/airflow/example_dags/example_task_group.py for tasks to queue
[2023-08-02T11:25:01.870-0500] {logging_mixin.py:150} INFO - [2023-08-02T11:25:01.869-0500] {dagbag.py:541} INFO - Filling up the DagBag from /home/joha/anaconda3/lib/python3.10/site-packages/airflow/example_dags/example_task_group.py
[2023-08-02T11:25:01.881-0500] {processor.py:836} INFO - DAG(s) dict_keys(['example_task_group']) retrieved from /home/joha/anaconda3/lib/python3.10/site-packages/airflow/example_dags/example_task_group.py
[2023-08-02T11:25:01.906-0500] {logging_mixin.py:150} INFO - [2023-08-02T11:25:01.906-0500] {dag.py:2742} INFO - Sync 1 DAGs
[2023-08-02T11:25:01.930-0500] {logging_mixin.py:150} INFO - [2023-08-02T11:25:01.930-0500] {dag.py:3504} INFO - Setting next_dagrun for example_task_group to 2023-08-01T16:25:01.929884+00:00, run_after=2023-08-02T16:25:01.929884+00:00
[2023-08-02T11:25:02.097-0500] {processor.py:179} INFO - Processing /home/joha/anaconda3/lib/python3.10/site-packages/airflow/example_dags/example_task_group.py took 0.241 seconds
[2023-08-02T11:25:41.354-0500] {processor.py:157} INFO - Started process (PID=108412) to work on /home/joha/anaconda3/lib/python3.10/site-packages/airflow/example_dags/example_task_group.py
[2023-08-02T11:25:41.366-0500] {processor.py:826} INFO - Processing file /home/joha/anaconda3/lib/python3.10/site-packages/airflow/example_dags/example_task_group.py for tasks to queue
[2023-08-02T11:25:41.371-0500] {logging_mixin.py:150} INFO - [2023-08-02T11:25:41.369-0500] {dagbag.py:541} INFO - Filling up the DagBag from /home/joha/anaconda3/lib/python3.10/site-packages/airflow/example_dags/example_task_group.py
[2023-08-02T11:25:41.424-0500] {processor.py:836} INFO - DAG(s) dict_keys(['example_task_group']) retrieved from /home/joha/anaconda3/lib/python3.10/site-packages/airflow/example_dags/example_task_group.py
[2023-08-02T11:25:41.469-0500] {logging_mixin.py:150} INFO - [2023-08-02T11:25:41.469-0500] {dag.py:2742} INFO - Sync 1 DAGs
[2023-08-02T11:25:41.494-0500] {logging_mixin.py:150} INFO - [2023-08-02T11:25:41.494-0500] {dag.py:3504} INFO - Setting next_dagrun for example_task_group to 2023-08-01T16:25:41.493923+00:00, run_after=2023-08-02T16:25:41.493923+00:00
[2023-08-02T11:25:41.517-0500] {processor.py:179} INFO - Processing /home/joha/anaconda3/lib/python3.10/site-packages/airflow/example_dags/example_task_group.py took 0.177 seconds
[2023-08-02T11:27:13.559-0500] {processor.py:157} INFO - Started process (PID=108619) to work on /home/joha/anaconda3/lib/python3.10/site-packages/airflow/example_dags/example_task_group.py
[2023-08-02T11:27:13.567-0500] {processor.py:826} INFO - Processing file /home/joha/anaconda3/lib/python3.10/site-packages/airflow/example_dags/example_task_group.py for tasks to queue
[2023-08-02T11:27:13.568-0500] {logging_mixin.py:150} INFO - [2023-08-02T11:27:13.567-0500] {dagbag.py:541} INFO - Filling up the DagBag from /home/joha/anaconda3/lib/python3.10/site-packages/airflow/example_dags/example_task_group.py
[2023-08-02T11:27:13.579-0500] {processor.py:836} INFO - DAG(s) dict_keys(['example_task_group']) retrieved from /home/joha/anaconda3/lib/python3.10/site-packages/airflow/example_dags/example_task_group.py
[2023-08-02T11:27:13.599-0500] {logging_mixin.py:150} INFO - [2023-08-02T11:27:13.598-0500] {dag.py:2742} INFO - Sync 1 DAGs
[2023-08-02T11:27:13.620-0500] {logging_mixin.py:150} INFO - [2023-08-02T11:27:13.620-0500] {dag.py:3504} INFO - Setting next_dagrun for example_task_group to 2023-08-01T16:27:13.620035+00:00, run_after=2023-08-02T16:27:13.620035+00:00
[2023-08-02T11:27:13.756-0500] {processor.py:179} INFO - Processing /home/joha/anaconda3/lib/python3.10/site-packages/airflow/example_dags/example_task_group.py took 0.201 seconds
