[2023-08-01T20:25:41.242-0500] {processor.py:157} INFO - Started process (PID=99555) to work on /home/joha/anaconda3/lib/python3.10/site-packages/airflow/example_dags/example_python_operator.py
[2023-08-01T20:25:41.243-0500] {processor.py:826} INFO - Processing file /home/joha/anaconda3/lib/python3.10/site-packages/airflow/example_dags/example_python_operator.py for tasks to queue
[2023-08-01T20:25:41.245-0500] {logging_mixin.py:150} INFO - [2023-08-01T20:25:41.244-0500] {dagbag.py:541} INFO - Filling up the DagBag from /home/joha/anaconda3/lib/python3.10/site-packages/airflow/example_dags/example_python_operator.py
[2023-08-01T20:25:41.260-0500] {logging_mixin.py:150} INFO - [2023-08-01T20:25:41.260-0500] {example_python_operator.py:90} WARNING - The virtalenv_python example task requires virtualenv, please install it.
[2023-08-01T20:25:41.261-0500] {processor.py:836} INFO - DAG(s) dict_keys(['example_python_operator']) retrieved from /home/joha/anaconda3/lib/python3.10/site-packages/airflow/example_dags/example_python_operator.py
[2023-08-01T20:25:41.284-0500] {logging_mixin.py:150} INFO - [2023-08-01T20:25:41.283-0500] {dag.py:2742} INFO - Sync 1 DAGs
[2023-08-01T20:25:41.311-0500] {logging_mixin.py:150} INFO - [2023-08-01T20:25:41.311-0500] {dag.py:3504} INFO - Setting next_dagrun for example_python_operator to None, run_after=None
[2023-08-01T20:25:41.342-0500] {processor.py:179} INFO - Processing /home/joha/anaconda3/lib/python3.10/site-packages/airflow/example_dags/example_python_operator.py took 0.107 seconds
[2023-08-01T20:26:32.280-0500] {processor.py:157} INFO - Started process (PID=99699) to work on /home/joha/anaconda3/lib/python3.10/site-packages/airflow/example_dags/example_python_operator.py
[2023-08-01T20:26:32.288-0500] {processor.py:826} INFO - Processing file /home/joha/anaconda3/lib/python3.10/site-packages/airflow/example_dags/example_python_operator.py for tasks to queue
[2023-08-01T20:26:32.289-0500] {logging_mixin.py:150} INFO - [2023-08-01T20:26:32.288-0500] {dagbag.py:541} INFO - Filling up the DagBag from /home/joha/anaconda3/lib/python3.10/site-packages/airflow/example_dags/example_python_operator.py
[2023-08-01T20:26:32.298-0500] {logging_mixin.py:150} INFO - [2023-08-01T20:26:32.298-0500] {example_python_operator.py:90} WARNING - The virtalenv_python example task requires virtualenv, please install it.
[2023-08-01T20:26:32.299-0500] {processor.py:836} INFO - DAG(s) dict_keys(['example_python_operator']) retrieved from /home/joha/anaconda3/lib/python3.10/site-packages/airflow/example_dags/example_python_operator.py
[2023-08-01T20:26:32.318-0500] {logging_mixin.py:150} INFO - [2023-08-01T20:26:32.318-0500] {dag.py:2742} INFO - Sync 1 DAGs
[2023-08-01T20:26:32.339-0500] {logging_mixin.py:150} INFO - [2023-08-01T20:26:32.338-0500] {dag.py:3504} INFO - Setting next_dagrun for example_python_operator to None, run_after=None
[2023-08-01T20:26:32.360-0500] {processor.py:179} INFO - Processing /home/joha/anaconda3/lib/python3.10/site-packages/airflow/example_dags/example_python_operator.py took 0.083 seconds
[2023-08-02T11:08:48.331-0500] {processor.py:157} INFO - Started process (PID=105247) to work on /home/joha/anaconda3/lib/python3.10/site-packages/airflow/example_dags/example_python_operator.py
[2023-08-02T11:08:48.340-0500] {processor.py:826} INFO - Processing file /home/joha/anaconda3/lib/python3.10/site-packages/airflow/example_dags/example_python_operator.py for tasks to queue
[2023-08-02T11:08:48.341-0500] {logging_mixin.py:150} INFO - [2023-08-02T11:08:48.340-0500] {dagbag.py:541} INFO - Filling up the DagBag from /home/joha/anaconda3/lib/python3.10/site-packages/airflow/example_dags/example_python_operator.py
[2023-08-02T11:08:48.350-0500] {logging_mixin.py:150} INFO - [2023-08-02T11:08:48.350-0500] {example_python_operator.py:90} WARNING - The virtalenv_python example task requires virtualenv, please install it.
[2023-08-02T11:08:48.351-0500] {processor.py:836} INFO - DAG(s) dict_keys(['example_python_operator']) retrieved from /home/joha/anaconda3/lib/python3.10/site-packages/airflow/example_dags/example_python_operator.py
[2023-08-02T11:08:48.371-0500] {logging_mixin.py:150} INFO - [2023-08-02T11:08:48.370-0500] {dag.py:2742} INFO - Sync 1 DAGs
[2023-08-02T11:08:48.390-0500] {logging_mixin.py:150} INFO - [2023-08-02T11:08:48.389-0500] {dag.py:3504} INFO - Setting next_dagrun for example_python_operator to None, run_after=None
[2023-08-02T11:08:48.410-0500] {processor.py:179} INFO - Processing /home/joha/anaconda3/lib/python3.10/site-packages/airflow/example_dags/example_python_operator.py took 0.082 seconds
[2023-08-02T11:09:42.206-0500] {processor.py:157} INFO - Started process (PID=105358) to work on /home/joha/anaconda3/lib/python3.10/site-packages/airflow/example_dags/example_python_operator.py
[2023-08-02T11:09:42.216-0500] {processor.py:826} INFO - Processing file /home/joha/anaconda3/lib/python3.10/site-packages/airflow/example_dags/example_python_operator.py for tasks to queue
[2023-08-02T11:09:42.220-0500] {logging_mixin.py:150} INFO - [2023-08-02T11:09:42.218-0500] {dagbag.py:541} INFO - Filling up the DagBag from /home/joha/anaconda3/lib/python3.10/site-packages/airflow/example_dags/example_python_operator.py
[2023-08-02T11:09:42.254-0500] {logging_mixin.py:150} INFO - [2023-08-02T11:09:42.253-0500] {example_python_operator.py:90} WARNING - The virtalenv_python example task requires virtualenv, please install it.
[2023-08-02T11:09:42.255-0500] {processor.py:836} INFO - DAG(s) dict_keys(['example_python_operator']) retrieved from /home/joha/anaconda3/lib/python3.10/site-packages/airflow/example_dags/example_python_operator.py
[2023-08-02T11:09:42.296-0500] {logging_mixin.py:150} INFO - [2023-08-02T11:09:42.296-0500] {dag.py:2742} INFO - Sync 1 DAGs
[2023-08-02T11:09:42.320-0500] {logging_mixin.py:150} INFO - [2023-08-02T11:09:42.320-0500] {dag.py:3504} INFO - Setting next_dagrun for example_python_operator to None, run_after=None
[2023-08-02T11:09:42.349-0500] {processor.py:179} INFO - Processing /home/joha/anaconda3/lib/python3.10/site-packages/airflow/example_dags/example_python_operator.py took 0.154 seconds
[2023-08-02T11:10:35.441-0500] {processor.py:157} INFO - Started process (PID=105555) to work on /home/joha/anaconda3/lib/python3.10/site-packages/airflow/example_dags/example_python_operator.py
[2023-08-02T11:10:35.448-0500] {processor.py:826} INFO - Processing file /home/joha/anaconda3/lib/python3.10/site-packages/airflow/example_dags/example_python_operator.py for tasks to queue
[2023-08-02T11:10:35.450-0500] {logging_mixin.py:150} INFO - [2023-08-02T11:10:35.450-0500] {dagbag.py:541} INFO - Filling up the DagBag from /home/joha/anaconda3/lib/python3.10/site-packages/airflow/example_dags/example_python_operator.py
[2023-08-02T11:10:35.464-0500] {logging_mixin.py:150} INFO - [2023-08-02T11:10:35.464-0500] {example_python_operator.py:90} WARNING - The virtalenv_python example task requires virtualenv, please install it.
[2023-08-02T11:10:35.464-0500] {processor.py:836} INFO - DAG(s) dict_keys(['example_python_operator']) retrieved from /home/joha/anaconda3/lib/python3.10/site-packages/airflow/example_dags/example_python_operator.py
[2023-08-02T11:10:35.493-0500] {logging_mixin.py:150} INFO - [2023-08-02T11:10:35.493-0500] {dag.py:2742} INFO - Sync 1 DAGs
[2023-08-02T11:10:35.518-0500] {logging_mixin.py:150} INFO - [2023-08-02T11:10:35.518-0500] {dag.py:3504} INFO - Setting next_dagrun for example_python_operator to None, run_after=None
[2023-08-02T11:10:35.543-0500] {processor.py:179} INFO - Processing /home/joha/anaconda3/lib/python3.10/site-packages/airflow/example_dags/example_python_operator.py took 0.107 seconds
[2023-08-02T11:11:46.929-0500] {processor.py:157} INFO - Started process (PID=105746) to work on /home/joha/anaconda3/lib/python3.10/site-packages/airflow/example_dags/example_python_operator.py
[2023-08-02T11:11:46.938-0500] {processor.py:826} INFO - Processing file /home/joha/anaconda3/lib/python3.10/site-packages/airflow/example_dags/example_python_operator.py for tasks to queue
[2023-08-02T11:11:46.941-0500] {logging_mixin.py:150} INFO - [2023-08-02T11:11:46.940-0500] {dagbag.py:541} INFO - Filling up the DagBag from /home/joha/anaconda3/lib/python3.10/site-packages/airflow/example_dags/example_python_operator.py
[2023-08-02T11:11:46.959-0500] {logging_mixin.py:150} INFO - [2023-08-02T11:11:46.958-0500] {example_python_operator.py:90} WARNING - The virtalenv_python example task requires virtualenv, please install it.
[2023-08-02T11:11:46.959-0500] {processor.py:836} INFO - DAG(s) dict_keys(['example_python_operator']) retrieved from /home/joha/anaconda3/lib/python3.10/site-packages/airflow/example_dags/example_python_operator.py
[2023-08-02T11:11:46.980-0500] {logging_mixin.py:150} INFO - [2023-08-02T11:11:46.980-0500] {dag.py:2742} INFO - Sync 1 DAGs
[2023-08-02T11:11:47.001-0500] {logging_mixin.py:150} INFO - [2023-08-02T11:11:47.001-0500] {dag.py:3504} INFO - Setting next_dagrun for example_python_operator to None, run_after=None
[2023-08-02T11:11:47.032-0500] {processor.py:179} INFO - Processing /home/joha/anaconda3/lib/python3.10/site-packages/airflow/example_dags/example_python_operator.py took 0.115 seconds
[2023-08-02T11:12:36.518-0500] {processor.py:157} INFO - Started process (PID=105865) to work on /home/joha/anaconda3/lib/python3.10/site-packages/airflow/example_dags/example_python_operator.py
[2023-08-02T11:12:36.525-0500] {processor.py:826} INFO - Processing file /home/joha/anaconda3/lib/python3.10/site-packages/airflow/example_dags/example_python_operator.py for tasks to queue
[2023-08-02T11:12:36.526-0500] {logging_mixin.py:150} INFO - [2023-08-02T11:12:36.526-0500] {dagbag.py:541} INFO - Filling up the DagBag from /home/joha/anaconda3/lib/python3.10/site-packages/airflow/example_dags/example_python_operator.py
[2023-08-02T11:12:36.539-0500] {logging_mixin.py:150} INFO - [2023-08-02T11:12:36.539-0500] {example_python_operator.py:90} WARNING - The virtalenv_python example task requires virtualenv, please install it.
[2023-08-02T11:12:36.540-0500] {processor.py:836} INFO - DAG(s) dict_keys(['example_python_operator']) retrieved from /home/joha/anaconda3/lib/python3.10/site-packages/airflow/example_dags/example_python_operator.py
[2023-08-02T11:12:36.565-0500] {logging_mixin.py:150} INFO - [2023-08-02T11:12:36.565-0500] {dag.py:2742} INFO - Sync 1 DAGs
[2023-08-02T11:12:36.589-0500] {logging_mixin.py:150} INFO - [2023-08-02T11:12:36.588-0500] {dag.py:3504} INFO - Setting next_dagrun for example_python_operator to None, run_after=None
[2023-08-02T11:12:36.612-0500] {processor.py:179} INFO - Processing /home/joha/anaconda3/lib/python3.10/site-packages/airflow/example_dags/example_python_operator.py took 0.099 seconds
[2023-08-02T11:13:38.182-0500] {processor.py:157} INFO - Started process (PID=105988) to work on /home/joha/anaconda3/lib/python3.10/site-packages/airflow/example_dags/example_python_operator.py
[2023-08-02T11:13:38.189-0500] {processor.py:826} INFO - Processing file /home/joha/anaconda3/lib/python3.10/site-packages/airflow/example_dags/example_python_operator.py for tasks to queue
[2023-08-02T11:13:38.190-0500] {logging_mixin.py:150} INFO - [2023-08-02T11:13:38.190-0500] {dagbag.py:541} INFO - Filling up the DagBag from /home/joha/anaconda3/lib/python3.10/site-packages/airflow/example_dags/example_python_operator.py
[2023-08-02T11:13:38.200-0500] {logging_mixin.py:150} INFO - [2023-08-02T11:13:38.200-0500] {example_python_operator.py:90} WARNING - The virtalenv_python example task requires virtualenv, please install it.
[2023-08-02T11:13:38.200-0500] {processor.py:836} INFO - DAG(s) dict_keys(['example_python_operator']) retrieved from /home/joha/anaconda3/lib/python3.10/site-packages/airflow/example_dags/example_python_operator.py
[2023-08-02T11:13:38.224-0500] {logging_mixin.py:150} INFO - [2023-08-02T11:13:38.224-0500] {dag.py:2742} INFO - Sync 1 DAGs
[2023-08-02T11:13:38.246-0500] {logging_mixin.py:150} INFO - [2023-08-02T11:13:38.246-0500] {dag.py:3504} INFO - Setting next_dagrun for example_python_operator to None, run_after=None
[2023-08-02T11:13:38.271-0500] {processor.py:179} INFO - Processing /home/joha/anaconda3/lib/python3.10/site-packages/airflow/example_dags/example_python_operator.py took 0.093 seconds
[2023-08-02T11:14:42.097-0500] {processor.py:157} INFO - Started process (PID=106068) to work on /home/joha/anaconda3/lib/python3.10/site-packages/airflow/example_dags/example_python_operator.py
[2023-08-02T11:14:42.105-0500] {processor.py:826} INFO - Processing file /home/joha/anaconda3/lib/python3.10/site-packages/airflow/example_dags/example_python_operator.py for tasks to queue
[2023-08-02T11:14:42.106-0500] {logging_mixin.py:150} INFO - [2023-08-02T11:14:42.106-0500] {dagbag.py:541} INFO - Filling up the DagBag from /home/joha/anaconda3/lib/python3.10/site-packages/airflow/example_dags/example_python_operator.py
[2023-08-02T11:14:42.116-0500] {logging_mixin.py:150} INFO - [2023-08-02T11:14:42.116-0500] {example_python_operator.py:90} WARNING - The virtalenv_python example task requires virtualenv, please install it.
[2023-08-02T11:14:42.116-0500] {processor.py:836} INFO - DAG(s) dict_keys(['example_python_operator']) retrieved from /home/joha/anaconda3/lib/python3.10/site-packages/airflow/example_dags/example_python_operator.py
[2023-08-02T11:14:42.139-0500] {logging_mixin.py:150} INFO - [2023-08-02T11:14:42.138-0500] {dag.py:2742} INFO - Sync 1 DAGs
[2023-08-02T11:14:42.162-0500] {logging_mixin.py:150} INFO - [2023-08-02T11:14:42.162-0500] {dag.py:3504} INFO - Setting next_dagrun for example_python_operator to None, run_after=None
[2023-08-02T11:14:42.185-0500] {processor.py:179} INFO - Processing /home/joha/anaconda3/lib/python3.10/site-packages/airflow/example_dags/example_python_operator.py took 0.092 seconds
[2023-08-02T11:15:54.644-0500] {processor.py:157} INFO - Started process (PID=106302) to work on /home/joha/anaconda3/lib/python3.10/site-packages/airflow/example_dags/example_python_operator.py
[2023-08-02T11:15:54.645-0500] {processor.py:826} INFO - Processing file /home/joha/anaconda3/lib/python3.10/site-packages/airflow/example_dags/example_python_operator.py for tasks to queue
[2023-08-02T11:15:54.646-0500] {logging_mixin.py:150} INFO - [2023-08-02T11:15:54.646-0500] {dagbag.py:541} INFO - Filling up the DagBag from /home/joha/anaconda3/lib/python3.10/site-packages/airflow/example_dags/example_python_operator.py
[2023-08-02T11:15:54.657-0500] {logging_mixin.py:150} INFO - [2023-08-02T11:15:54.657-0500] {example_python_operator.py:90} WARNING - The virtalenv_python example task requires virtualenv, please install it.
[2023-08-02T11:15:54.657-0500] {processor.py:836} INFO - DAG(s) dict_keys(['example_python_operator']) retrieved from /home/joha/anaconda3/lib/python3.10/site-packages/airflow/example_dags/example_python_operator.py
[2023-08-02T11:15:54.677-0500] {logging_mixin.py:150} INFO - [2023-08-02T11:15:54.677-0500] {dag.py:2742} INFO - Sync 1 DAGs
[2023-08-02T11:15:54.696-0500] {logging_mixin.py:150} INFO - [2023-08-02T11:15:54.696-0500] {dag.py:3504} INFO - Setting next_dagrun for example_python_operator to None, run_after=None
[2023-08-02T11:15:54.717-0500] {processor.py:179} INFO - Processing /home/joha/anaconda3/lib/python3.10/site-packages/airflow/example_dags/example_python_operator.py took 0.076 seconds
[2023-08-02T11:17:04.154-0500] {processor.py:157} INFO - Started process (PID=106479) to work on /home/joha/anaconda3/lib/python3.10/site-packages/airflow/example_dags/example_python_operator.py
[2023-08-02T11:17:04.158-0500] {processor.py:826} INFO - Processing file /home/joha/anaconda3/lib/python3.10/site-packages/airflow/example_dags/example_python_operator.py for tasks to queue
[2023-08-02T11:17:04.161-0500] {logging_mixin.py:150} INFO - [2023-08-02T11:17:04.160-0500] {dagbag.py:541} INFO - Filling up the DagBag from /home/joha/anaconda3/lib/python3.10/site-packages/airflow/example_dags/example_python_operator.py
[2023-08-02T11:17:04.181-0500] {logging_mixin.py:150} INFO - [2023-08-02T11:17:04.181-0500] {example_python_operator.py:90} WARNING - The virtalenv_python example task requires virtualenv, please install it.
[2023-08-02T11:17:04.182-0500] {processor.py:836} INFO - DAG(s) dict_keys(['example_python_operator']) retrieved from /home/joha/anaconda3/lib/python3.10/site-packages/airflow/example_dags/example_python_operator.py
[2023-08-02T11:17:04.201-0500] {logging_mixin.py:150} INFO - [2023-08-02T11:17:04.201-0500] {dag.py:2742} INFO - Sync 1 DAGs
[2023-08-02T11:17:04.220-0500] {logging_mixin.py:150} INFO - [2023-08-02T11:17:04.220-0500] {dag.py:3504} INFO - Setting next_dagrun for example_python_operator to None, run_after=None
[2023-08-02T11:17:04.240-0500] {processor.py:179} INFO - Processing /home/joha/anaconda3/lib/python3.10/site-packages/airflow/example_dags/example_python_operator.py took 0.096 seconds
[2023-08-02T11:18:10.119-0500] {processor.py:157} INFO - Started process (PID=106680) to work on /home/joha/anaconda3/lib/python3.10/site-packages/airflow/example_dags/example_python_operator.py
[2023-08-02T11:18:10.125-0500] {processor.py:826} INFO - Processing file /home/joha/anaconda3/lib/python3.10/site-packages/airflow/example_dags/example_python_operator.py for tasks to queue
[2023-08-02T11:18:10.127-0500] {logging_mixin.py:150} INFO - [2023-08-02T11:18:10.127-0500] {dagbag.py:541} INFO - Filling up the DagBag from /home/joha/anaconda3/lib/python3.10/site-packages/airflow/example_dags/example_python_operator.py
[2023-08-02T11:18:10.139-0500] {logging_mixin.py:150} INFO - [2023-08-02T11:18:10.139-0500] {example_python_operator.py:90} WARNING - The virtalenv_python example task requires virtualenv, please install it.
[2023-08-02T11:18:10.140-0500] {processor.py:836} INFO - DAG(s) dict_keys(['example_python_operator']) retrieved from /home/joha/anaconda3/lib/python3.10/site-packages/airflow/example_dags/example_python_operator.py
[2023-08-02T11:18:10.164-0500] {logging_mixin.py:150} INFO - [2023-08-02T11:18:10.164-0500] {dag.py:2742} INFO - Sync 1 DAGs
[2023-08-02T11:18:10.184-0500] {logging_mixin.py:150} INFO - [2023-08-02T11:18:10.183-0500] {dag.py:3504} INFO - Setting next_dagrun for example_python_operator to None, run_after=None
[2023-08-02T11:18:10.204-0500] {processor.py:179} INFO - Processing /home/joha/anaconda3/lib/python3.10/site-packages/airflow/example_dags/example_python_operator.py took 0.088 seconds
[2023-08-02T11:19:17.602-0500] {processor.py:157} INFO - Started process (PID=106843) to work on /home/joha/anaconda3/lib/python3.10/site-packages/airflow/example_dags/example_python_operator.py
[2023-08-02T11:19:17.611-0500] {processor.py:826} INFO - Processing file /home/joha/anaconda3/lib/python3.10/site-packages/airflow/example_dags/example_python_operator.py for tasks to queue
[2023-08-02T11:19:17.615-0500] {logging_mixin.py:150} INFO - [2023-08-02T11:19:17.614-0500] {dagbag.py:541} INFO - Filling up the DagBag from /home/joha/anaconda3/lib/python3.10/site-packages/airflow/example_dags/example_python_operator.py
[2023-08-02T11:19:17.639-0500] {logging_mixin.py:150} INFO - [2023-08-02T11:19:17.639-0500] {example_python_operator.py:90} WARNING - The virtalenv_python example task requires virtualenv, please install it.
[2023-08-02T11:19:17.640-0500] {processor.py:836} INFO - DAG(s) dict_keys(['example_python_operator']) retrieved from /home/joha/anaconda3/lib/python3.10/site-packages/airflow/example_dags/example_python_operator.py
[2023-08-02T11:19:17.661-0500] {logging_mixin.py:150} INFO - [2023-08-02T11:19:17.661-0500] {dag.py:2742} INFO - Sync 1 DAGs
[2023-08-02T11:19:17.682-0500] {logging_mixin.py:150} INFO - [2023-08-02T11:19:17.682-0500] {dag.py:3504} INFO - Setting next_dagrun for example_python_operator to None, run_after=None
[2023-08-02T11:19:17.703-0500] {processor.py:179} INFO - Processing /home/joha/anaconda3/lib/python3.10/site-packages/airflow/example_dags/example_python_operator.py took 0.112 seconds
[2023-08-02T11:20:05.649-0500] {processor.py:157} INFO - Started process (PID=106932) to work on /home/joha/anaconda3/lib/python3.10/site-packages/airflow/example_dags/example_python_operator.py
[2023-08-02T11:20:05.657-0500] {processor.py:826} INFO - Processing file /home/joha/anaconda3/lib/python3.10/site-packages/airflow/example_dags/example_python_operator.py for tasks to queue
[2023-08-02T11:20:05.658-0500] {logging_mixin.py:150} INFO - [2023-08-02T11:20:05.657-0500] {dagbag.py:541} INFO - Filling up the DagBag from /home/joha/anaconda3/lib/python3.10/site-packages/airflow/example_dags/example_python_operator.py
[2023-08-02T11:20:05.672-0500] {logging_mixin.py:150} INFO - [2023-08-02T11:20:05.672-0500] {example_python_operator.py:90} WARNING - The virtalenv_python example task requires virtualenv, please install it.
[2023-08-02T11:20:05.673-0500] {processor.py:836} INFO - DAG(s) dict_keys(['example_python_operator']) retrieved from /home/joha/anaconda3/lib/python3.10/site-packages/airflow/example_dags/example_python_operator.py
[2023-08-02T11:20:05.695-0500] {logging_mixin.py:150} INFO - [2023-08-02T11:20:05.695-0500] {dag.py:2742} INFO - Sync 1 DAGs
[2023-08-02T11:20:05.718-0500] {logging_mixin.py:150} INFO - [2023-08-02T11:20:05.718-0500] {dag.py:3504} INFO - Setting next_dagrun for example_python_operator to None, run_after=None
[2023-08-02T11:20:05.743-0500] {processor.py:179} INFO - Processing /home/joha/anaconda3/lib/python3.10/site-packages/airflow/example_dags/example_python_operator.py took 0.103 seconds
[2023-08-02T11:20:58.307-0500] {processor.py:157} INFO - Started process (PID=107099) to work on /home/joha/anaconda3/lib/python3.10/site-packages/airflow/example_dags/example_python_operator.py
[2023-08-02T11:20:58.315-0500] {processor.py:826} INFO - Processing file /home/joha/anaconda3/lib/python3.10/site-packages/airflow/example_dags/example_python_operator.py for tasks to queue
[2023-08-02T11:20:58.316-0500] {logging_mixin.py:150} INFO - [2023-08-02T11:20:58.316-0500] {dagbag.py:541} INFO - Filling up the DagBag from /home/joha/anaconda3/lib/python3.10/site-packages/airflow/example_dags/example_python_operator.py
[2023-08-02T11:20:58.329-0500] {logging_mixin.py:150} INFO - [2023-08-02T11:20:58.329-0500] {example_python_operator.py:90} WARNING - The virtalenv_python example task requires virtualenv, please install it.
[2023-08-02T11:20:58.330-0500] {processor.py:836} INFO - DAG(s) dict_keys(['example_python_operator']) retrieved from /home/joha/anaconda3/lib/python3.10/site-packages/airflow/example_dags/example_python_operator.py
[2023-08-02T11:20:58.356-0500] {logging_mixin.py:150} INFO - [2023-08-02T11:20:58.356-0500] {dag.py:2742} INFO - Sync 1 DAGs
[2023-08-02T11:20:58.382-0500] {logging_mixin.py:150} INFO - [2023-08-02T11:20:58.382-0500] {dag.py:3504} INFO - Setting next_dagrun for example_python_operator to None, run_after=None
[2023-08-02T11:20:58.907-0500] {processor.py:179} INFO - Processing /home/joha/anaconda3/lib/python3.10/site-packages/airflow/example_dags/example_python_operator.py took 0.604 seconds
[2023-08-02T11:22:02.800-0500] {processor.py:157} INFO - Started process (PID=107379) to work on /home/joha/anaconda3/lib/python3.10/site-packages/airflow/example_dags/example_python_operator.py
[2023-08-02T11:22:02.804-0500] {processor.py:826} INFO - Processing file /home/joha/anaconda3/lib/python3.10/site-packages/airflow/example_dags/example_python_operator.py for tasks to queue
[2023-08-02T11:22:02.807-0500] {logging_mixin.py:150} INFO - [2023-08-02T11:22:02.805-0500] {dagbag.py:541} INFO - Filling up the DagBag from /home/joha/anaconda3/lib/python3.10/site-packages/airflow/example_dags/example_python_operator.py
[2023-08-02T11:22:02.824-0500] {logging_mixin.py:150} INFO - [2023-08-02T11:22:02.824-0500] {example_python_operator.py:90} WARNING - The virtalenv_python example task requires virtualenv, please install it.
[2023-08-02T11:22:02.825-0500] {processor.py:836} INFO - DAG(s) dict_keys(['example_python_operator']) retrieved from /home/joha/anaconda3/lib/python3.10/site-packages/airflow/example_dags/example_python_operator.py
[2023-08-02T11:22:02.849-0500] {logging_mixin.py:150} INFO - [2023-08-02T11:22:02.849-0500] {dag.py:2742} INFO - Sync 1 DAGs
[2023-08-02T11:22:02.871-0500] {logging_mixin.py:150} INFO - [2023-08-02T11:22:02.871-0500] {dag.py:3504} INFO - Setting next_dagrun for example_python_operator to None, run_after=None
[2023-08-02T11:22:02.893-0500] {processor.py:179} INFO - Processing /home/joha/anaconda3/lib/python3.10/site-packages/airflow/example_dags/example_python_operator.py took 0.104 seconds
[2023-08-02T11:23:14.302-0500] {processor.py:157} INFO - Started process (PID=107971) to work on /home/joha/anaconda3/lib/python3.10/site-packages/airflow/example_dags/example_python_operator.py
[2023-08-02T11:23:14.313-0500] {processor.py:826} INFO - Processing file /home/joha/anaconda3/lib/python3.10/site-packages/airflow/example_dags/example_python_operator.py for tasks to queue
[2023-08-02T11:23:14.323-0500] {logging_mixin.py:150} INFO - [2023-08-02T11:23:14.323-0500] {dagbag.py:541} INFO - Filling up the DagBag from /home/joha/anaconda3/lib/python3.10/site-packages/airflow/example_dags/example_python_operator.py
[2023-08-02T11:23:14.392-0500] {logging_mixin.py:150} INFO - [2023-08-02T11:23:14.391-0500] {example_python_operator.py:90} WARNING - The virtalenv_python example task requires virtualenv, please install it.
[2023-08-02T11:23:14.393-0500] {processor.py:836} INFO - DAG(s) dict_keys(['example_python_operator']) retrieved from /home/joha/anaconda3/lib/python3.10/site-packages/airflow/example_dags/example_python_operator.py
[2023-08-02T11:23:14.432-0500] {logging_mixin.py:150} INFO - [2023-08-02T11:23:14.432-0500] {dag.py:2742} INFO - Sync 1 DAGs
[2023-08-02T11:23:14.470-0500] {logging_mixin.py:150} INFO - [2023-08-02T11:23:14.470-0500] {dag.py:3504} INFO - Setting next_dagrun for example_python_operator to None, run_after=None
[2023-08-02T11:23:14.616-0500] {processor.py:179} INFO - Processing /home/joha/anaconda3/lib/python3.10/site-packages/airflow/example_dags/example_python_operator.py took 0.337 seconds
[2023-08-02T11:24:45.955-0500] {processor.py:157} INFO - Started process (PID=108304) to work on /home/joha/anaconda3/lib/python3.10/site-packages/airflow/example_dags/example_python_operator.py
[2023-08-02T11:24:45.965-0500] {processor.py:826} INFO - Processing file /home/joha/anaconda3/lib/python3.10/site-packages/airflow/example_dags/example_python_operator.py for tasks to queue
[2023-08-02T11:24:45.969-0500] {logging_mixin.py:150} INFO - [2023-08-02T11:24:45.968-0500] {dagbag.py:541} INFO - Filling up the DagBag from /home/joha/anaconda3/lib/python3.10/site-packages/airflow/example_dags/example_python_operator.py
[2023-08-02T11:24:46.002-0500] {logging_mixin.py:150} INFO - [2023-08-02T11:24:46.001-0500] {example_python_operator.py:90} WARNING - The virtalenv_python example task requires virtualenv, please install it.
[2023-08-02T11:24:46.004-0500] {processor.py:836} INFO - DAG(s) dict_keys(['example_python_operator']) retrieved from /home/joha/anaconda3/lib/python3.10/site-packages/airflow/example_dags/example_python_operator.py
[2023-08-02T11:24:46.049-0500] {logging_mixin.py:150} INFO - [2023-08-02T11:24:46.049-0500] {dag.py:2742} INFO - Sync 1 DAGs
[2023-08-02T11:24:46.071-0500] {logging_mixin.py:150} INFO - [2023-08-02T11:24:46.071-0500] {dag.py:3504} INFO - Setting next_dagrun for example_python_operator to None, run_after=None
[2023-08-02T11:24:46.098-0500] {processor.py:179} INFO - Processing /home/joha/anaconda3/lib/python3.10/site-packages/airflow/example_dags/example_python_operator.py took 0.155 seconds
[2023-08-02T11:25:55.175-0500] {processor.py:157} INFO - Started process (PID=108426) to work on /home/joha/anaconda3/lib/python3.10/site-packages/airflow/example_dags/example_python_operator.py
[2023-08-02T11:25:55.190-0500] {processor.py:826} INFO - Processing file /home/joha/anaconda3/lib/python3.10/site-packages/airflow/example_dags/example_python_operator.py for tasks to queue
[2023-08-02T11:25:55.191-0500] {logging_mixin.py:150} INFO - [2023-08-02T11:25:55.191-0500] {dagbag.py:541} INFO - Filling up the DagBag from /home/joha/anaconda3/lib/python3.10/site-packages/airflow/example_dags/example_python_operator.py
[2023-08-02T11:25:55.209-0500] {logging_mixin.py:150} INFO - [2023-08-02T11:25:55.208-0500] {example_python_operator.py:90} WARNING - The virtalenv_python example task requires virtualenv, please install it.
[2023-08-02T11:25:55.210-0500] {processor.py:836} INFO - DAG(s) dict_keys(['example_python_operator']) retrieved from /home/joha/anaconda3/lib/python3.10/site-packages/airflow/example_dags/example_python_operator.py
[2023-08-02T11:25:55.237-0500] {logging_mixin.py:150} INFO - [2023-08-02T11:25:55.237-0500] {dag.py:2742} INFO - Sync 1 DAGs
[2023-08-02T11:25:55.258-0500] {logging_mixin.py:150} INFO - [2023-08-02T11:25:55.258-0500] {dag.py:3504} INFO - Setting next_dagrun for example_python_operator to None, run_after=None
[2023-08-02T11:25:55.282-0500] {processor.py:179} INFO - Processing /home/joha/anaconda3/lib/python3.10/site-packages/airflow/example_dags/example_python_operator.py took 0.118 seconds
