[2023-08-01T20:26:04.053-0500] {processor.py:157} INFO - Started process (PID=99584) to work on /home/joha/anaconda3/lib/python3.10/site-packages/airflow/example_dags/example_short_circuit_decorator.py
[2023-08-01T20:26:04.055-0500] {processor.py:826} INFO - Processing file /home/joha/anaconda3/lib/python3.10/site-packages/airflow/example_dags/example_short_circuit_decorator.py for tasks to queue
[2023-08-01T20:26:04.056-0500] {logging_mixin.py:150} INFO - [2023-08-01T20:26:04.055-0500] {dagbag.py:541} INFO - Filling up the DagBag from /home/joha/anaconda3/lib/python3.10/site-packages/airflow/example_dags/example_short_circuit_decorator.py
[2023-08-01T20:26:04.071-0500] {processor.py:836} INFO - DAG(s) dict_keys(['example_short_circuit_decorator']) retrieved from /home/joha/anaconda3/lib/python3.10/site-packages/airflow/example_dags/example_short_circuit_decorator.py
[2023-08-01T20:26:04.093-0500] {logging_mixin.py:150} INFO - [2023-08-01T20:26:04.093-0500] {dag.py:2742} INFO - Sync 1 DAGs
[2023-08-01T20:26:04.113-0500] {logging_mixin.py:150} INFO - [2023-08-01T20:26:04.112-0500] {dag.py:3504} INFO - Setting next_dagrun for example_short_circuit_decorator to 2023-08-01T01:26:04.112741+00:00, run_after=2023-08-02T01:26:04.112741+00:00
[2023-08-01T20:26:04.141-0500] {processor.py:179} INFO - Processing /home/joha/anaconda3/lib/python3.10/site-packages/airflow/example_dags/example_short_circuit_decorator.py took 0.093 seconds
[2023-08-02T11:08:36.943-0500] {processor.py:157} INFO - Started process (PID=105235) to work on /home/joha/anaconda3/lib/python3.10/site-packages/airflow/example_dags/example_short_circuit_decorator.py
[2023-08-02T11:08:36.952-0500] {processor.py:826} INFO - Processing file /home/joha/anaconda3/lib/python3.10/site-packages/airflow/example_dags/example_short_circuit_decorator.py for tasks to queue
[2023-08-02T11:08:36.955-0500] {logging_mixin.py:150} INFO - [2023-08-02T11:08:36.954-0500] {dagbag.py:541} INFO - Filling up the DagBag from /home/joha/anaconda3/lib/python3.10/site-packages/airflow/example_dags/example_short_circuit_decorator.py
[2023-08-02T11:08:36.974-0500] {processor.py:836} INFO - DAG(s) dict_keys(['example_short_circuit_decorator']) retrieved from /home/joha/anaconda3/lib/python3.10/site-packages/airflow/example_dags/example_short_circuit_decorator.py
[2023-08-02T11:08:36.996-0500] {logging_mixin.py:150} INFO - [2023-08-02T11:08:36.996-0500] {dag.py:2742} INFO - Sync 1 DAGs
[2023-08-02T11:08:37.018-0500] {logging_mixin.py:150} INFO - [2023-08-02T11:08:37.018-0500] {dag.py:3504} INFO - Setting next_dagrun for example_short_circuit_decorator to 2023-08-01T16:08:37.017804+00:00, run_after=2023-08-02T16:08:37.017804+00:00
[2023-08-02T11:08:37.038-0500] {processor.py:179} INFO - Processing /home/joha/anaconda3/lib/python3.10/site-packages/airflow/example_dags/example_short_circuit_decorator.py took 0.099 seconds
[2023-08-02T11:09:30.946-0500] {processor.py:157} INFO - Started process (PID=105337) to work on /home/joha/anaconda3/lib/python3.10/site-packages/airflow/example_dags/example_short_circuit_decorator.py
[2023-08-02T11:09:30.954-0500] {processor.py:826} INFO - Processing file /home/joha/anaconda3/lib/python3.10/site-packages/airflow/example_dags/example_short_circuit_decorator.py for tasks to queue
[2023-08-02T11:09:30.955-0500] {logging_mixin.py:150} INFO - [2023-08-02T11:09:30.954-0500] {dagbag.py:541} INFO - Filling up the DagBag from /home/joha/anaconda3/lib/python3.10/site-packages/airflow/example_dags/example_short_circuit_decorator.py
[2023-08-02T11:09:30.968-0500] {processor.py:836} INFO - DAG(s) dict_keys(['example_short_circuit_decorator']) retrieved from /home/joha/anaconda3/lib/python3.10/site-packages/airflow/example_dags/example_short_circuit_decorator.py
[2023-08-02T11:09:30.997-0500] {logging_mixin.py:150} INFO - [2023-08-02T11:09:30.996-0500] {dag.py:2742} INFO - Sync 1 DAGs
[2023-08-02T11:09:31.016-0500] {logging_mixin.py:150} INFO - [2023-08-02T11:09:31.016-0500] {dag.py:3504} INFO - Setting next_dagrun for example_short_circuit_decorator to 2023-08-01T16:09:31.015842+00:00, run_after=2023-08-02T16:09:31.015842+00:00
[2023-08-02T11:09:31.036-0500] {processor.py:179} INFO - Processing /home/joha/anaconda3/lib/python3.10/site-packages/airflow/example_dags/example_short_circuit_decorator.py took 0.095 seconds
[2023-08-02T11:10:23.625-0500] {processor.py:157} INFO - Started process (PID=105526) to work on /home/joha/anaconda3/lib/python3.10/site-packages/airflow/example_dags/example_short_circuit_decorator.py
[2023-08-02T11:10:23.633-0500] {processor.py:826} INFO - Processing file /home/joha/anaconda3/lib/python3.10/site-packages/airflow/example_dags/example_short_circuit_decorator.py for tasks to queue
[2023-08-02T11:10:23.635-0500] {logging_mixin.py:150} INFO - [2023-08-02T11:10:23.634-0500] {dagbag.py:541} INFO - Filling up the DagBag from /home/joha/anaconda3/lib/python3.10/site-packages/airflow/example_dags/example_short_circuit_decorator.py
[2023-08-02T11:10:23.647-0500] {processor.py:836} INFO - DAG(s) dict_keys(['example_short_circuit_decorator']) retrieved from /home/joha/anaconda3/lib/python3.10/site-packages/airflow/example_dags/example_short_circuit_decorator.py
[2023-08-02T11:10:23.674-0500] {logging_mixin.py:150} INFO - [2023-08-02T11:10:23.674-0500] {dag.py:2742} INFO - Sync 1 DAGs
[2023-08-02T11:10:23.704-0500] {logging_mixin.py:150} INFO - [2023-08-02T11:10:23.704-0500] {dag.py:3504} INFO - Setting next_dagrun for example_short_circuit_decorator to 2023-08-01T16:10:23.703744+00:00, run_after=2023-08-02T16:10:23.703744+00:00
[2023-08-02T11:10:23.744-0500] {processor.py:179} INFO - Processing /home/joha/anaconda3/lib/python3.10/site-packages/airflow/example_dags/example_short_circuit_decorator.py took 0.131 seconds
[2023-08-02T11:11:10.609-0500] {processor.py:157} INFO - Started process (PID=105634) to work on /home/joha/anaconda3/lib/python3.10/site-packages/airflow/example_dags/example_short_circuit_decorator.py
[2023-08-02T11:11:10.617-0500] {processor.py:826} INFO - Processing file /home/joha/anaconda3/lib/python3.10/site-packages/airflow/example_dags/example_short_circuit_decorator.py for tasks to queue
[2023-08-02T11:11:10.618-0500] {logging_mixin.py:150} INFO - [2023-08-02T11:11:10.618-0500] {dagbag.py:541} INFO - Filling up the DagBag from /home/joha/anaconda3/lib/python3.10/site-packages/airflow/example_dags/example_short_circuit_decorator.py
[2023-08-02T11:11:10.631-0500] {processor.py:836} INFO - DAG(s) dict_keys(['example_short_circuit_decorator']) retrieved from /home/joha/anaconda3/lib/python3.10/site-packages/airflow/example_dags/example_short_circuit_decorator.py
[2023-08-02T11:11:10.653-0500] {logging_mixin.py:150} INFO - [2023-08-02T11:11:10.653-0500] {dag.py:2742} INFO - Sync 1 DAGs
[2023-08-02T11:11:10.673-0500] {logging_mixin.py:150} INFO - [2023-08-02T11:11:10.673-0500] {dag.py:3504} INFO - Setting next_dagrun for example_short_circuit_decorator to 2023-08-01T16:11:10.673428+00:00, run_after=2023-08-02T16:11:10.673428+00:00
[2023-08-02T11:11:10.697-0500] {processor.py:179} INFO - Processing /home/joha/anaconda3/lib/python3.10/site-packages/airflow/example_dags/example_short_circuit_decorator.py took 0.092 seconds
[2023-08-02T11:11:59.325-0500] {processor.py:157} INFO - Started process (PID=105788) to work on /home/joha/anaconda3/lib/python3.10/site-packages/airflow/example_dags/example_short_circuit_decorator.py
[2023-08-02T11:11:59.333-0500] {processor.py:826} INFO - Processing file /home/joha/anaconda3/lib/python3.10/site-packages/airflow/example_dags/example_short_circuit_decorator.py for tasks to queue
[2023-08-02T11:11:59.334-0500] {logging_mixin.py:150} INFO - [2023-08-02T11:11:59.333-0500] {dagbag.py:541} INFO - Filling up the DagBag from /home/joha/anaconda3/lib/python3.10/site-packages/airflow/example_dags/example_short_circuit_decorator.py
[2023-08-02T11:11:59.347-0500] {processor.py:836} INFO - DAG(s) dict_keys(['example_short_circuit_decorator']) retrieved from /home/joha/anaconda3/lib/python3.10/site-packages/airflow/example_dags/example_short_circuit_decorator.py
[2023-08-02T11:11:59.369-0500] {logging_mixin.py:150} INFO - [2023-08-02T11:11:59.369-0500] {dag.py:2742} INFO - Sync 1 DAGs
[2023-08-02T11:11:59.390-0500] {logging_mixin.py:150} INFO - [2023-08-02T11:11:59.390-0500] {dag.py:3504} INFO - Setting next_dagrun for example_short_circuit_decorator to 2023-08-01T16:11:59.389813+00:00, run_after=2023-08-02T16:11:59.389813+00:00
[2023-08-02T11:11:59.411-0500] {processor.py:179} INFO - Processing /home/joha/anaconda3/lib/python3.10/site-packages/airflow/example_dags/example_short_circuit_decorator.py took 0.091 seconds
[2023-08-02T11:12:45.514-0500] {processor.py:157} INFO - Started process (PID=105889) to work on /home/joha/anaconda3/lib/python3.10/site-packages/airflow/example_dags/example_short_circuit_decorator.py
[2023-08-02T11:12:45.521-0500] {processor.py:826} INFO - Processing file /home/joha/anaconda3/lib/python3.10/site-packages/airflow/example_dags/example_short_circuit_decorator.py for tasks to queue
[2023-08-02T11:12:45.522-0500] {logging_mixin.py:150} INFO - [2023-08-02T11:12:45.522-0500] {dagbag.py:541} INFO - Filling up the DagBag from /home/joha/anaconda3/lib/python3.10/site-packages/airflow/example_dags/example_short_circuit_decorator.py
[2023-08-02T11:12:45.534-0500] {processor.py:836} INFO - DAG(s) dict_keys(['example_short_circuit_decorator']) retrieved from /home/joha/anaconda3/lib/python3.10/site-packages/airflow/example_dags/example_short_circuit_decorator.py
[2023-08-02T11:12:45.555-0500] {logging_mixin.py:150} INFO - [2023-08-02T11:12:45.554-0500] {dag.py:2742} INFO - Sync 1 DAGs
[2023-08-02T11:12:45.579-0500] {logging_mixin.py:150} INFO - [2023-08-02T11:12:45.579-0500] {dag.py:3504} INFO - Setting next_dagrun for example_short_circuit_decorator to 2023-08-01T16:12:45.578808+00:00, run_after=2023-08-02T16:12:45.578808+00:00
[2023-08-02T11:12:45.602-0500] {processor.py:179} INFO - Processing /home/joha/anaconda3/lib/python3.10/site-packages/airflow/example_dags/example_short_circuit_decorator.py took 0.091 seconds
[2023-08-02T11:13:31.745-0500] {processor.py:157} INFO - Started process (PID=105981) to work on /home/joha/anaconda3/lib/python3.10/site-packages/airflow/example_dags/example_short_circuit_decorator.py
[2023-08-02T11:13:31.753-0500] {processor.py:826} INFO - Processing file /home/joha/anaconda3/lib/python3.10/site-packages/airflow/example_dags/example_short_circuit_decorator.py for tasks to queue
[2023-08-02T11:13:31.756-0500] {logging_mixin.py:150} INFO - [2023-08-02T11:13:31.754-0500] {dagbag.py:541} INFO - Filling up the DagBag from /home/joha/anaconda3/lib/python3.10/site-packages/airflow/example_dags/example_short_circuit_decorator.py
[2023-08-02T11:13:31.775-0500] {processor.py:836} INFO - DAG(s) dict_keys(['example_short_circuit_decorator']) retrieved from /home/joha/anaconda3/lib/python3.10/site-packages/airflow/example_dags/example_short_circuit_decorator.py
[2023-08-02T11:13:31.799-0500] {logging_mixin.py:150} INFO - [2023-08-02T11:13:31.798-0500] {dag.py:2742} INFO - Sync 1 DAGs
[2023-08-02T11:13:31.822-0500] {logging_mixin.py:150} INFO - [2023-08-02T11:13:31.821-0500] {dag.py:3504} INFO - Setting next_dagrun for example_short_circuit_decorator to 2023-08-01T16:13:31.821640+00:00, run_after=2023-08-02T16:13:31.821640+00:00
[2023-08-02T11:13:31.845-0500] {processor.py:179} INFO - Processing /home/joha/anaconda3/lib/python3.10/site-packages/airflow/example_dags/example_short_circuit_decorator.py took 0.103 seconds
[2023-08-02T11:14:12.349-0500] {processor.py:157} INFO - Started process (PID=106038) to work on /home/joha/anaconda3/lib/python3.10/site-packages/airflow/example_dags/example_short_circuit_decorator.py
[2023-08-02T11:14:12.357-0500] {processor.py:826} INFO - Processing file /home/joha/anaconda3/lib/python3.10/site-packages/airflow/example_dags/example_short_circuit_decorator.py for tasks to queue
[2023-08-02T11:14:12.358-0500] {logging_mixin.py:150} INFO - [2023-08-02T11:14:12.357-0500] {dagbag.py:541} INFO - Filling up the DagBag from /home/joha/anaconda3/lib/python3.10/site-packages/airflow/example_dags/example_short_circuit_decorator.py
[2023-08-02T11:14:12.368-0500] {processor.py:836} INFO - DAG(s) dict_keys(['example_short_circuit_decorator']) retrieved from /home/joha/anaconda3/lib/python3.10/site-packages/airflow/example_dags/example_short_circuit_decorator.py
[2023-08-02T11:14:12.392-0500] {logging_mixin.py:150} INFO - [2023-08-02T11:14:12.392-0500] {dag.py:2742} INFO - Sync 1 DAGs
[2023-08-02T11:14:12.415-0500] {logging_mixin.py:150} INFO - [2023-08-02T11:14:12.415-0500] {dag.py:3504} INFO - Setting next_dagrun for example_short_circuit_decorator to 2023-08-01T16:14:12.415543+00:00, run_after=2023-08-02T16:14:12.415543+00:00
[2023-08-02T11:14:12.443-0500] {processor.py:179} INFO - Processing /home/joha/anaconda3/lib/python3.10/site-packages/airflow/example_dags/example_short_circuit_decorator.py took 0.097 seconds
[2023-08-02T11:14:56.588-0500] {processor.py:157} INFO - Started process (PID=106131) to work on /home/joha/anaconda3/lib/python3.10/site-packages/airflow/example_dags/example_short_circuit_decorator.py
[2023-08-02T11:14:56.597-0500] {processor.py:826} INFO - Processing file /home/joha/anaconda3/lib/python3.10/site-packages/airflow/example_dags/example_short_circuit_decorator.py for tasks to queue
[2023-08-02T11:14:56.598-0500] {logging_mixin.py:150} INFO - [2023-08-02T11:14:56.598-0500] {dagbag.py:541} INFO - Filling up the DagBag from /home/joha/anaconda3/lib/python3.10/site-packages/airflow/example_dags/example_short_circuit_decorator.py
[2023-08-02T11:14:56.613-0500] {processor.py:836} INFO - DAG(s) dict_keys(['example_short_circuit_decorator']) retrieved from /home/joha/anaconda3/lib/python3.10/site-packages/airflow/example_dags/example_short_circuit_decorator.py
[2023-08-02T11:14:56.637-0500] {logging_mixin.py:150} INFO - [2023-08-02T11:14:56.636-0500] {dag.py:2742} INFO - Sync 1 DAGs
[2023-08-02T11:14:56.659-0500] {logging_mixin.py:150} INFO - [2023-08-02T11:14:56.659-0500] {dag.py:3504} INFO - Setting next_dagrun for example_short_circuit_decorator to 2023-08-01T16:14:56.658801+00:00, run_after=2023-08-02T16:14:56.658801+00:00
[2023-08-02T11:14:56.681-0500] {processor.py:179} INFO - Processing /home/joha/anaconda3/lib/python3.10/site-packages/airflow/example_dags/example_short_circuit_decorator.py took 0.101 seconds
[2023-08-02T11:15:45.510-0500] {processor.py:157} INFO - Started process (PID=106279) to work on /home/joha/anaconda3/lib/python3.10/site-packages/airflow/example_dags/example_short_circuit_decorator.py
[2023-08-02T11:15:45.518-0500] {processor.py:826} INFO - Processing file /home/joha/anaconda3/lib/python3.10/site-packages/airflow/example_dags/example_short_circuit_decorator.py for tasks to queue
[2023-08-02T11:15:45.519-0500] {logging_mixin.py:150} INFO - [2023-08-02T11:15:45.518-0500] {dagbag.py:541} INFO - Filling up the DagBag from /home/joha/anaconda3/lib/python3.10/site-packages/airflow/example_dags/example_short_circuit_decorator.py
[2023-08-02T11:15:45.528-0500] {processor.py:836} INFO - DAG(s) dict_keys(['example_short_circuit_decorator']) retrieved from /home/joha/anaconda3/lib/python3.10/site-packages/airflow/example_dags/example_short_circuit_decorator.py
[2023-08-02T11:15:45.548-0500] {logging_mixin.py:150} INFO - [2023-08-02T11:15:45.548-0500] {dag.py:2742} INFO - Sync 1 DAGs
[2023-08-02T11:15:45.567-0500] {logging_mixin.py:150} INFO - [2023-08-02T11:15:45.567-0500] {dag.py:3504} INFO - Setting next_dagrun for example_short_circuit_decorator to 2023-08-01T16:15:45.567240+00:00, run_after=2023-08-02T16:15:45.567240+00:00
[2023-08-02T11:15:45.588-0500] {processor.py:179} INFO - Processing /home/joha/anaconda3/lib/python3.10/site-packages/airflow/example_dags/example_short_circuit_decorator.py took 0.081 seconds
[2023-08-02T11:16:33.628-0500] {processor.py:157} INFO - Started process (PID=106403) to work on /home/joha/anaconda3/lib/python3.10/site-packages/airflow/example_dags/example_short_circuit_decorator.py
[2023-08-02T11:16:33.637-0500] {processor.py:826} INFO - Processing file /home/joha/anaconda3/lib/python3.10/site-packages/airflow/example_dags/example_short_circuit_decorator.py for tasks to queue
[2023-08-02T11:16:33.641-0500] {logging_mixin.py:150} INFO - [2023-08-02T11:16:33.639-0500] {dagbag.py:541} INFO - Filling up the DagBag from /home/joha/anaconda3/lib/python3.10/site-packages/airflow/example_dags/example_short_circuit_decorator.py
[2023-08-02T11:16:33.672-0500] {processor.py:836} INFO - DAG(s) dict_keys(['example_short_circuit_decorator']) retrieved from /home/joha/anaconda3/lib/python3.10/site-packages/airflow/example_dags/example_short_circuit_decorator.py
[2023-08-02T11:16:33.704-0500] {logging_mixin.py:150} INFO - [2023-08-02T11:16:33.704-0500] {dag.py:2742} INFO - Sync 1 DAGs
[2023-08-02T11:16:33.730-0500] {logging_mixin.py:150} INFO - [2023-08-02T11:16:33.730-0500] {dag.py:3504} INFO - Setting next_dagrun for example_short_circuit_decorator to 2023-08-01T16:16:33.730302+00:00, run_after=2023-08-02T16:16:33.730302+00:00
[2023-08-02T11:16:33.771-0500] {processor.py:179} INFO - Processing /home/joha/anaconda3/lib/python3.10/site-packages/airflow/example_dags/example_short_circuit_decorator.py took 0.150 seconds
[2023-08-02T11:17:19.321-0500] {processor.py:157} INFO - Started process (PID=106522) to work on /home/joha/anaconda3/lib/python3.10/site-packages/airflow/example_dags/example_short_circuit_decorator.py
[2023-08-02T11:17:19.337-0500] {processor.py:826} INFO - Processing file /home/joha/anaconda3/lib/python3.10/site-packages/airflow/example_dags/example_short_circuit_decorator.py for tasks to queue
[2023-08-02T11:17:19.340-0500] {logging_mixin.py:150} INFO - [2023-08-02T11:17:19.338-0500] {dagbag.py:541} INFO - Filling up the DagBag from /home/joha/anaconda3/lib/python3.10/site-packages/airflow/example_dags/example_short_circuit_decorator.py
[2023-08-02T11:17:19.373-0500] {processor.py:836} INFO - DAG(s) dict_keys(['example_short_circuit_decorator']) retrieved from /home/joha/anaconda3/lib/python3.10/site-packages/airflow/example_dags/example_short_circuit_decorator.py
[2023-08-02T11:17:19.401-0500] {logging_mixin.py:150} INFO - [2023-08-02T11:17:19.400-0500] {dag.py:2742} INFO - Sync 1 DAGs
[2023-08-02T11:17:19.420-0500] {logging_mixin.py:150} INFO - [2023-08-02T11:17:19.420-0500] {dag.py:3504} INFO - Setting next_dagrun for example_short_circuit_decorator to 2023-08-01T16:17:19.420090+00:00, run_after=2023-08-02T16:17:19.420090+00:00
[2023-08-02T11:17:19.441-0500] {processor.py:179} INFO - Processing /home/joha/anaconda3/lib/python3.10/site-packages/airflow/example_dags/example_short_circuit_decorator.py took 0.130 seconds
[2023-08-02T11:18:03.387-0500] {processor.py:157} INFO - Started process (PID=106663) to work on /home/joha/anaconda3/lib/python3.10/site-packages/airflow/example_dags/example_short_circuit_decorator.py
[2023-08-02T11:18:03.390-0500] {processor.py:826} INFO - Processing file /home/joha/anaconda3/lib/python3.10/site-packages/airflow/example_dags/example_short_circuit_decorator.py for tasks to queue
[2023-08-02T11:18:03.395-0500] {logging_mixin.py:150} INFO - [2023-08-02T11:18:03.393-0500] {dagbag.py:541} INFO - Filling up the DagBag from /home/joha/anaconda3/lib/python3.10/site-packages/airflow/example_dags/example_short_circuit_decorator.py
[2023-08-02T11:18:03.421-0500] {processor.py:836} INFO - DAG(s) dict_keys(['example_short_circuit_decorator']) retrieved from /home/joha/anaconda3/lib/python3.10/site-packages/airflow/example_dags/example_short_circuit_decorator.py
[2023-08-02T11:18:03.456-0500] {logging_mixin.py:150} INFO - [2023-08-02T11:18:03.455-0500] {dag.py:2742} INFO - Sync 1 DAGs
[2023-08-02T11:18:03.478-0500] {logging_mixin.py:150} INFO - [2023-08-02T11:18:03.477-0500] {dag.py:3504} INFO - Setting next_dagrun for example_short_circuit_decorator to 2023-08-01T16:18:03.477635+00:00, run_after=2023-08-02T16:18:03.477635+00:00
[2023-08-02T11:18:03.501-0500] {processor.py:179} INFO - Processing /home/joha/anaconda3/lib/python3.10/site-packages/airflow/example_dags/example_short_circuit_decorator.py took 0.125 seconds
[2023-08-02T11:18:48.033-0500] {processor.py:157} INFO - Started process (PID=106787) to work on /home/joha/anaconda3/lib/python3.10/site-packages/airflow/example_dags/example_short_circuit_decorator.py
[2023-08-02T11:18:48.041-0500] {processor.py:826} INFO - Processing file /home/joha/anaconda3/lib/python3.10/site-packages/airflow/example_dags/example_short_circuit_decorator.py for tasks to queue
[2023-08-02T11:18:48.043-0500] {logging_mixin.py:150} INFO - [2023-08-02T11:18:48.042-0500] {dagbag.py:541} INFO - Filling up the DagBag from /home/joha/anaconda3/lib/python3.10/site-packages/airflow/example_dags/example_short_circuit_decorator.py
[2023-08-02T11:18:48.060-0500] {processor.py:836} INFO - DAG(s) dict_keys(['example_short_circuit_decorator']) retrieved from /home/joha/anaconda3/lib/python3.10/site-packages/airflow/example_dags/example_short_circuit_decorator.py
[2023-08-02T11:18:48.081-0500] {logging_mixin.py:150} INFO - [2023-08-02T11:18:48.081-0500] {dag.py:2742} INFO - Sync 1 DAGs
[2023-08-02T11:18:48.100-0500] {logging_mixin.py:150} INFO - [2023-08-02T11:18:48.100-0500] {dag.py:3504} INFO - Setting next_dagrun for example_short_circuit_decorator to 2023-08-01T16:18:48.100338+00:00, run_after=2023-08-02T16:18:48.100338+00:00
[2023-08-02T11:18:48.121-0500] {processor.py:179} INFO - Processing /home/joha/anaconda3/lib/python3.10/site-packages/airflow/example_dags/example_short_circuit_decorator.py took 0.094 seconds
[2023-08-02T11:19:34.171-0500] {processor.py:157} INFO - Started process (PID=106896) to work on /home/joha/anaconda3/lib/python3.10/site-packages/airflow/example_dags/example_short_circuit_decorator.py
[2023-08-02T11:19:34.180-0500] {processor.py:826} INFO - Processing file /home/joha/anaconda3/lib/python3.10/site-packages/airflow/example_dags/example_short_circuit_decorator.py for tasks to queue
[2023-08-02T11:19:34.181-0500] {logging_mixin.py:150} INFO - [2023-08-02T11:19:34.181-0500] {dagbag.py:541} INFO - Filling up the DagBag from /home/joha/anaconda3/lib/python3.10/site-packages/airflow/example_dags/example_short_circuit_decorator.py
[2023-08-02T11:19:34.192-0500] {processor.py:836} INFO - DAG(s) dict_keys(['example_short_circuit_decorator']) retrieved from /home/joha/anaconda3/lib/python3.10/site-packages/airflow/example_dags/example_short_circuit_decorator.py
[2023-08-02T11:19:34.214-0500] {logging_mixin.py:150} INFO - [2023-08-02T11:19:34.214-0500] {dag.py:2742} INFO - Sync 1 DAGs
[2023-08-02T11:19:34.236-0500] {logging_mixin.py:150} INFO - [2023-08-02T11:19:34.235-0500] {dag.py:3504} INFO - Setting next_dagrun for example_short_circuit_decorator to 2023-08-01T16:19:34.235694+00:00, run_after=2023-08-02T16:19:34.235694+00:00
[2023-08-02T11:19:34.257-0500] {processor.py:179} INFO - Processing /home/joha/anaconda3/lib/python3.10/site-packages/airflow/example_dags/example_short_circuit_decorator.py took 0.089 seconds
[2023-08-02T11:20:23.605-0500] {processor.py:157} INFO - Started process (PID=107005) to work on /home/joha/anaconda3/lib/python3.10/site-packages/airflow/example_dags/example_short_circuit_decorator.py
[2023-08-02T11:20:23.612-0500] {processor.py:826} INFO - Processing file /home/joha/anaconda3/lib/python3.10/site-packages/airflow/example_dags/example_short_circuit_decorator.py for tasks to queue
[2023-08-02T11:20:23.614-0500] {logging_mixin.py:150} INFO - [2023-08-02T11:20:23.613-0500] {dagbag.py:541} INFO - Filling up the DagBag from /home/joha/anaconda3/lib/python3.10/site-packages/airflow/example_dags/example_short_circuit_decorator.py
[2023-08-02T11:20:23.628-0500] {processor.py:836} INFO - DAG(s) dict_keys(['example_short_circuit_decorator']) retrieved from /home/joha/anaconda3/lib/python3.10/site-packages/airflow/example_dags/example_short_circuit_decorator.py
[2023-08-02T11:20:23.661-0500] {logging_mixin.py:150} INFO - [2023-08-02T11:20:23.660-0500] {dag.py:2742} INFO - Sync 1 DAGs
[2023-08-02T11:20:23.690-0500] {logging_mixin.py:150} INFO - [2023-08-02T11:20:23.690-0500] {dag.py:3504} INFO - Setting next_dagrun for example_short_circuit_decorator to 2023-08-01T16:20:23.690085+00:00, run_after=2023-08-02T16:20:23.690085+00:00
[2023-08-02T11:20:23.717-0500] {processor.py:179} INFO - Processing /home/joha/anaconda3/lib/python3.10/site-packages/airflow/example_dags/example_short_circuit_decorator.py took 0.118 seconds
[2023-08-02T11:21:20.719-0500] {processor.py:157} INFO - Started process (PID=107124) to work on /home/joha/anaconda3/lib/python3.10/site-packages/airflow/example_dags/example_short_circuit_decorator.py
[2023-08-02T11:21:20.728-0500] {processor.py:826} INFO - Processing file /home/joha/anaconda3/lib/python3.10/site-packages/airflow/example_dags/example_short_circuit_decorator.py for tasks to queue
[2023-08-02T11:21:20.730-0500] {logging_mixin.py:150} INFO - [2023-08-02T11:21:20.729-0500] {dagbag.py:541} INFO - Filling up the DagBag from /home/joha/anaconda3/lib/python3.10/site-packages/airflow/example_dags/example_short_circuit_decorator.py
[2023-08-02T11:21:20.744-0500] {processor.py:836} INFO - DAG(s) dict_keys(['example_short_circuit_decorator']) retrieved from /home/joha/anaconda3/lib/python3.10/site-packages/airflow/example_dags/example_short_circuit_decorator.py
[2023-08-02T11:21:20.765-0500] {logging_mixin.py:150} INFO - [2023-08-02T11:21:20.765-0500] {dag.py:2742} INFO - Sync 1 DAGs
[2023-08-02T11:21:20.786-0500] {logging_mixin.py:150} INFO - [2023-08-02T11:21:20.786-0500] {dag.py:3504} INFO - Setting next_dagrun for example_short_circuit_decorator to 2023-08-01T16:21:20.785892+00:00, run_after=2023-08-02T16:21:20.785892+00:00
[2023-08-02T11:21:20.813-0500] {processor.py:179} INFO - Processing /home/joha/anaconda3/lib/python3.10/site-packages/airflow/example_dags/example_short_circuit_decorator.py took 0.103 seconds
[2023-08-02T11:22:21.101-0500] {processor.py:157} INFO - Started process (PID=107483) to work on /home/joha/anaconda3/lib/python3.10/site-packages/airflow/example_dags/example_short_circuit_decorator.py
[2023-08-02T11:22:21.109-0500] {processor.py:826} INFO - Processing file /home/joha/anaconda3/lib/python3.10/site-packages/airflow/example_dags/example_short_circuit_decorator.py for tasks to queue
[2023-08-02T11:22:21.110-0500] {logging_mixin.py:150} INFO - [2023-08-02T11:22:21.109-0500] {dagbag.py:541} INFO - Filling up the DagBag from /home/joha/anaconda3/lib/python3.10/site-packages/airflow/example_dags/example_short_circuit_decorator.py
[2023-08-02T11:22:21.125-0500] {processor.py:836} INFO - DAG(s) dict_keys(['example_short_circuit_decorator']) retrieved from /home/joha/anaconda3/lib/python3.10/site-packages/airflow/example_dags/example_short_circuit_decorator.py
[2023-08-02T11:22:21.154-0500] {logging_mixin.py:150} INFO - [2023-08-02T11:22:21.154-0500] {dag.py:2742} INFO - Sync 1 DAGs
[2023-08-02T11:22:21.183-0500] {logging_mixin.py:150} INFO - [2023-08-02T11:22:21.182-0500] {dag.py:3504} INFO - Setting next_dagrun for example_short_circuit_decorator to 2023-08-01T16:22:21.182529+00:00, run_after=2023-08-02T16:22:21.182529+00:00
[2023-08-02T11:22:21.215-0500] {processor.py:179} INFO - Processing /home/joha/anaconda3/lib/python3.10/site-packages/airflow/example_dags/example_short_circuit_decorator.py took 0.120 seconds
[2023-08-02T11:23:41.989-0500] {processor.py:157} INFO - Started process (PID=108138) to work on /home/joha/anaconda3/lib/python3.10/site-packages/airflow/example_dags/example_short_circuit_decorator.py
[2023-08-02T11:23:41.993-0500] {processor.py:826} INFO - Processing file /home/joha/anaconda3/lib/python3.10/site-packages/airflow/example_dags/example_short_circuit_decorator.py for tasks to queue
[2023-08-02T11:23:41.995-0500] {logging_mixin.py:150} INFO - [2023-08-02T11:23:41.994-0500] {dagbag.py:541} INFO - Filling up the DagBag from /home/joha/anaconda3/lib/python3.10/site-packages/airflow/example_dags/example_short_circuit_decorator.py
[2023-08-02T11:23:42.028-0500] {processor.py:836} INFO - DAG(s) dict_keys(['example_short_circuit_decorator']) retrieved from /home/joha/anaconda3/lib/python3.10/site-packages/airflow/example_dags/example_short_circuit_decorator.py
[2023-08-02T11:23:42.078-0500] {logging_mixin.py:150} INFO - [2023-08-02T11:23:42.075-0500] {dag.py:2742} INFO - Sync 1 DAGs
[2023-08-02T11:23:42.122-0500] {logging_mixin.py:150} INFO - [2023-08-02T11:23:42.121-0500] {dag.py:3504} INFO - Setting next_dagrun for example_short_circuit_decorator to 2023-08-01T16:23:42.121162+00:00, run_after=2023-08-02T16:23:42.121162+00:00
[2023-08-02T11:23:42.164-0500] {processor.py:179} INFO - Processing /home/joha/anaconda3/lib/python3.10/site-packages/airflow/example_dags/example_short_circuit_decorator.py took 0.184 seconds
[2023-08-02T11:25:14.825-0500] {processor.py:157} INFO - Started process (PID=108374) to work on /home/joha/anaconda3/lib/python3.10/site-packages/airflow/example_dags/example_short_circuit_decorator.py
[2023-08-02T11:25:14.827-0500] {processor.py:826} INFO - Processing file /home/joha/anaconda3/lib/python3.10/site-packages/airflow/example_dags/example_short_circuit_decorator.py for tasks to queue
[2023-08-02T11:25:14.828-0500] {logging_mixin.py:150} INFO - [2023-08-02T11:25:14.827-0500] {dagbag.py:541} INFO - Filling up the DagBag from /home/joha/anaconda3/lib/python3.10/site-packages/airflow/example_dags/example_short_circuit_decorator.py
[2023-08-02T11:25:14.841-0500] {processor.py:836} INFO - DAG(s) dict_keys(['example_short_circuit_decorator']) retrieved from /home/joha/anaconda3/lib/python3.10/site-packages/airflow/example_dags/example_short_circuit_decorator.py
[2023-08-02T11:25:14.867-0500] {logging_mixin.py:150} INFO - [2023-08-02T11:25:14.867-0500] {dag.py:2742} INFO - Sync 1 DAGs
[2023-08-02T11:25:15.027-0500] {logging_mixin.py:150} INFO - [2023-08-02T11:25:15.027-0500] {dag.py:3504} INFO - Setting next_dagrun for example_short_circuit_decorator to 2023-08-01T16:25:15.026801+00:00, run_after=2023-08-02T16:25:15.026801+00:00
[2023-08-02T11:25:15.062-0500] {processor.py:179} INFO - Processing /home/joha/anaconda3/lib/python3.10/site-packages/airflow/example_dags/example_short_circuit_decorator.py took 0.242 seconds
[2023-08-02T11:26:11.222-0500] {processor.py:157} INFO - Started process (PID=108462) to work on /home/joha/anaconda3/lib/python3.10/site-packages/airflow/example_dags/example_short_circuit_decorator.py
[2023-08-02T11:26:11.230-0500] {processor.py:826} INFO - Processing file /home/joha/anaconda3/lib/python3.10/site-packages/airflow/example_dags/example_short_circuit_decorator.py for tasks to queue
[2023-08-02T11:26:11.231-0500] {logging_mixin.py:150} INFO - [2023-08-02T11:26:11.231-0500] {dagbag.py:541} INFO - Filling up the DagBag from /home/joha/anaconda3/lib/python3.10/site-packages/airflow/example_dags/example_short_circuit_decorator.py
[2023-08-02T11:26:11.244-0500] {processor.py:836} INFO - DAG(s) dict_keys(['example_short_circuit_decorator']) retrieved from /home/joha/anaconda3/lib/python3.10/site-packages/airflow/example_dags/example_short_circuit_decorator.py
[2023-08-02T11:26:11.270-0500] {logging_mixin.py:150} INFO - [2023-08-02T11:26:11.269-0500] {dag.py:2742} INFO - Sync 1 DAGs
[2023-08-02T11:26:11.294-0500] {logging_mixin.py:150} INFO - [2023-08-02T11:26:11.294-0500] {dag.py:3504} INFO - Setting next_dagrun for example_short_circuit_decorator to 2023-08-01T16:26:11.294109+00:00, run_after=2023-08-02T16:26:11.294109+00:00
[2023-08-02T11:26:11.322-0500] {processor.py:179} INFO - Processing /home/joha/anaconda3/lib/python3.10/site-packages/airflow/example_dags/example_short_circuit_decorator.py took 0.105 seconds
