[2023-08-01T20:26:01.386-0500] {processor.py:157} INFO - Started process (PID=99581) to work on /home/joha/anaconda3/lib/python3.10/site-packages/airflow/example_dags/tutorial.py
[2023-08-01T20:26:01.387-0500] {processor.py:826} INFO - Processing file /home/joha/anaconda3/lib/python3.10/site-packages/airflow/example_dags/tutorial.py for tasks to queue
[2023-08-01T20:26:01.388-0500] {logging_mixin.py:150} INFO - [2023-08-01T20:26:01.388-0500] {dagbag.py:541} INFO - Filling up the DagBag from /home/joha/anaconda3/lib/python3.10/site-packages/airflow/example_dags/tutorial.py
[2023-08-01T20:26:01.398-0500] {processor.py:836} INFO - DAG(s) dict_keys(['tutorial']) retrieved from /home/joha/anaconda3/lib/python3.10/site-packages/airflow/example_dags/tutorial.py
[2023-08-01T20:26:01.418-0500] {logging_mixin.py:150} INFO - [2023-08-01T20:26:01.418-0500] {dag.py:2742} INFO - Sync 1 DAGs
[2023-08-01T20:26:01.438-0500] {logging_mixin.py:150} INFO - [2023-08-01T20:26:01.438-0500] {dag.py:3504} INFO - Setting next_dagrun for tutorial to 2023-08-01T01:26:01.438250+00:00, run_after=2023-08-02T01:26:01.438250+00:00
[2023-08-01T20:26:01.458-0500] {processor.py:179} INFO - Processing /home/joha/anaconda3/lib/python3.10/site-packages/airflow/example_dags/tutorial.py took 0.077 seconds
[2023-08-02T11:08:30.434-0500] {processor.py:157} INFO - Started process (PID=105220) to work on /home/joha/anaconda3/lib/python3.10/site-packages/airflow/example_dags/tutorial.py
[2023-08-02T11:08:30.444-0500] {processor.py:826} INFO - Processing file /home/joha/anaconda3/lib/python3.10/site-packages/airflow/example_dags/tutorial.py for tasks to queue
[2023-08-02T11:08:30.449-0500] {logging_mixin.py:150} INFO - [2023-08-02T11:08:30.447-0500] {dagbag.py:541} INFO - Filling up the DagBag from /home/joha/anaconda3/lib/python3.10/site-packages/airflow/example_dags/tutorial.py
[2023-08-02T11:08:30.484-0500] {processor.py:836} INFO - DAG(s) dict_keys(['tutorial']) retrieved from /home/joha/anaconda3/lib/python3.10/site-packages/airflow/example_dags/tutorial.py
[2023-08-02T11:08:30.529-0500] {logging_mixin.py:150} INFO - [2023-08-02T11:08:30.529-0500] {dag.py:2742} INFO - Sync 1 DAGs
[2023-08-02T11:08:30.552-0500] {logging_mixin.py:150} INFO - [2023-08-02T11:08:30.552-0500] {dag.py:3504} INFO - Setting next_dagrun for tutorial to 2023-08-01T16:08:30.551893+00:00, run_after=2023-08-02T16:08:30.551893+00:00
[2023-08-02T11:08:30.582-0500] {processor.py:179} INFO - Processing /home/joha/anaconda3/lib/python3.10/site-packages/airflow/example_dags/tutorial.py took 0.160 seconds
[2023-08-02T11:09:25.451-0500] {processor.py:157} INFO - Started process (PID=105321) to work on /home/joha/anaconda3/lib/python3.10/site-packages/airflow/example_dags/tutorial.py
[2023-08-02T11:09:25.462-0500] {processor.py:826} INFO - Processing file /home/joha/anaconda3/lib/python3.10/site-packages/airflow/example_dags/tutorial.py for tasks to queue
[2023-08-02T11:09:25.469-0500] {logging_mixin.py:150} INFO - [2023-08-02T11:09:25.467-0500] {dagbag.py:541} INFO - Filling up the DagBag from /home/joha/anaconda3/lib/python3.10/site-packages/airflow/example_dags/tutorial.py
[2023-08-02T11:09:25.509-0500] {processor.py:836} INFO - DAG(s) dict_keys(['tutorial']) retrieved from /home/joha/anaconda3/lib/python3.10/site-packages/airflow/example_dags/tutorial.py
[2023-08-02T11:09:25.546-0500] {logging_mixin.py:150} INFO - [2023-08-02T11:09:25.546-0500] {dag.py:2742} INFO - Sync 1 DAGs
[2023-08-02T11:09:25.567-0500] {logging_mixin.py:150} INFO - [2023-08-02T11:09:25.567-0500] {dag.py:3504} INFO - Setting next_dagrun for tutorial to 2023-08-01T16:09:25.567470+00:00, run_after=2023-08-02T16:09:25.567470+00:00
[2023-08-02T11:09:25.595-0500] {processor.py:179} INFO - Processing /home/joha/anaconda3/lib/python3.10/site-packages/airflow/example_dags/tutorial.py took 0.157 seconds
[2023-08-02T11:10:18.412-0500] {processor.py:157} INFO - Started process (PID=105502) to work on /home/joha/anaconda3/lib/python3.10/site-packages/airflow/example_dags/tutorial.py
[2023-08-02T11:10:18.420-0500] {processor.py:826} INFO - Processing file /home/joha/anaconda3/lib/python3.10/site-packages/airflow/example_dags/tutorial.py for tasks to queue
[2023-08-02T11:10:18.421-0500] {logging_mixin.py:150} INFO - [2023-08-02T11:10:18.420-0500] {dagbag.py:541} INFO - Filling up the DagBag from /home/joha/anaconda3/lib/python3.10/site-packages/airflow/example_dags/tutorial.py
[2023-08-02T11:10:18.432-0500] {processor.py:836} INFO - DAG(s) dict_keys(['tutorial']) retrieved from /home/joha/anaconda3/lib/python3.10/site-packages/airflow/example_dags/tutorial.py
[2023-08-02T11:10:18.456-0500] {logging_mixin.py:150} INFO - [2023-08-02T11:10:18.456-0500] {dag.py:2742} INFO - Sync 1 DAGs
[2023-08-02T11:10:18.476-0500] {logging_mixin.py:150} INFO - [2023-08-02T11:10:18.476-0500] {dag.py:3504} INFO - Setting next_dagrun for tutorial to 2023-08-01T16:10:18.475873+00:00, run_after=2023-08-02T16:10:18.475873+00:00
[2023-08-02T11:10:18.496-0500] {processor.py:179} INFO - Processing /home/joha/anaconda3/lib/python3.10/site-packages/airflow/example_dags/tutorial.py took 0.088 seconds
[2023-08-02T11:11:04.860-0500] {processor.py:157} INFO - Started process (PID=105618) to work on /home/joha/anaconda3/lib/python3.10/site-packages/airflow/example_dags/tutorial.py
[2023-08-02T11:11:04.868-0500] {processor.py:826} INFO - Processing file /home/joha/anaconda3/lib/python3.10/site-packages/airflow/example_dags/tutorial.py for tasks to queue
[2023-08-02T11:11:04.869-0500] {logging_mixin.py:150} INFO - [2023-08-02T11:11:04.868-0500] {dagbag.py:541} INFO - Filling up the DagBag from /home/joha/anaconda3/lib/python3.10/site-packages/airflow/example_dags/tutorial.py
[2023-08-02T11:11:04.876-0500] {processor.py:836} INFO - DAG(s) dict_keys(['tutorial']) retrieved from /home/joha/anaconda3/lib/python3.10/site-packages/airflow/example_dags/tutorial.py
[2023-08-02T11:11:04.896-0500] {logging_mixin.py:150} INFO - [2023-08-02T11:11:04.896-0500] {dag.py:2742} INFO - Sync 1 DAGs
[2023-08-02T11:11:04.922-0500] {logging_mixin.py:150} INFO - [2023-08-02T11:11:04.921-0500] {dag.py:3504} INFO - Setting next_dagrun for tutorial to 2023-08-01T16:11:04.921733+00:00, run_after=2023-08-02T16:11:04.921733+00:00
[2023-08-02T11:11:04.948-0500] {processor.py:179} INFO - Processing /home/joha/anaconda3/lib/python3.10/site-packages/airflow/example_dags/tutorial.py took 0.091 seconds
[2023-08-02T11:11:54.739-0500] {processor.py:157} INFO - Started process (PID=105772) to work on /home/joha/anaconda3/lib/python3.10/site-packages/airflow/example_dags/tutorial.py
[2023-08-02T11:11:54.747-0500] {processor.py:826} INFO - Processing file /home/joha/anaconda3/lib/python3.10/site-packages/airflow/example_dags/tutorial.py for tasks to queue
[2023-08-02T11:11:54.748-0500] {logging_mixin.py:150} INFO - [2023-08-02T11:11:54.748-0500] {dagbag.py:541} INFO - Filling up the DagBag from /home/joha/anaconda3/lib/python3.10/site-packages/airflow/example_dags/tutorial.py
[2023-08-02T11:11:54.756-0500] {processor.py:836} INFO - DAG(s) dict_keys(['tutorial']) retrieved from /home/joha/anaconda3/lib/python3.10/site-packages/airflow/example_dags/tutorial.py
[2023-08-02T11:11:54.775-0500] {logging_mixin.py:150} INFO - [2023-08-02T11:11:54.775-0500] {dag.py:2742} INFO - Sync 1 DAGs
[2023-08-02T11:11:54.794-0500] {logging_mixin.py:150} INFO - [2023-08-02T11:11:54.794-0500] {dag.py:3504} INFO - Setting next_dagrun for tutorial to 2023-08-01T16:11:54.794046+00:00, run_after=2023-08-02T16:11:54.794046+00:00
[2023-08-02T11:11:54.814-0500] {processor.py:179} INFO - Processing /home/joha/anaconda3/lib/python3.10/site-packages/airflow/example_dags/tutorial.py took 0.078 seconds
[2023-08-02T11:12:40.982-0500] {processor.py:157} INFO - Started process (PID=105872) to work on /home/joha/anaconda3/lib/python3.10/site-packages/airflow/example_dags/tutorial.py
[2023-08-02T11:12:40.991-0500] {processor.py:826} INFO - Processing file /home/joha/anaconda3/lib/python3.10/site-packages/airflow/example_dags/tutorial.py for tasks to queue
[2023-08-02T11:12:40.995-0500] {logging_mixin.py:150} INFO - [2023-08-02T11:12:40.994-0500] {dagbag.py:541} INFO - Filling up the DagBag from /home/joha/anaconda3/lib/python3.10/site-packages/airflow/example_dags/tutorial.py
[2023-08-02T11:12:41.028-0500] {processor.py:836} INFO - DAG(s) dict_keys(['tutorial']) retrieved from /home/joha/anaconda3/lib/python3.10/site-packages/airflow/example_dags/tutorial.py
[2023-08-02T11:12:41.065-0500] {logging_mixin.py:150} INFO - [2023-08-02T11:12:41.065-0500] {dag.py:2742} INFO - Sync 1 DAGs
[2023-08-02T11:12:41.096-0500] {logging_mixin.py:150} INFO - [2023-08-02T11:12:41.096-0500] {dag.py:3504} INFO - Setting next_dagrun for tutorial to 2023-08-01T16:12:41.095884+00:00, run_after=2023-08-02T16:12:41.095884+00:00
[2023-08-02T11:12:41.160-0500] {processor.py:179} INFO - Processing /home/joha/anaconda3/lib/python3.10/site-packages/airflow/example_dags/tutorial.py took 0.189 seconds
[2023-08-02T11:13:26.590-0500] {processor.py:157} INFO - Started process (PID=105968) to work on /home/joha/anaconda3/lib/python3.10/site-packages/airflow/example_dags/tutorial.py
[2023-08-02T11:13:26.597-0500] {processor.py:826} INFO - Processing file /home/joha/anaconda3/lib/python3.10/site-packages/airflow/example_dags/tutorial.py for tasks to queue
[2023-08-02T11:13:26.598-0500] {logging_mixin.py:150} INFO - [2023-08-02T11:13:26.598-0500] {dagbag.py:541} INFO - Filling up the DagBag from /home/joha/anaconda3/lib/python3.10/site-packages/airflow/example_dags/tutorial.py
[2023-08-02T11:13:26.606-0500] {processor.py:836} INFO - DAG(s) dict_keys(['tutorial']) retrieved from /home/joha/anaconda3/lib/python3.10/site-packages/airflow/example_dags/tutorial.py
[2023-08-02T11:13:26.629-0500] {logging_mixin.py:150} INFO - [2023-08-02T11:13:26.628-0500] {dag.py:2742} INFO - Sync 1 DAGs
[2023-08-02T11:13:26.649-0500] {logging_mixin.py:150} INFO - [2023-08-02T11:13:26.649-0500] {dag.py:3504} INFO - Setting next_dagrun for tutorial to 2023-08-01T16:13:26.649483+00:00, run_after=2023-08-02T16:13:26.649483+00:00
[2023-08-02T11:13:26.678-0500] {processor.py:179} INFO - Processing /home/joha/anaconda3/lib/python3.10/site-packages/airflow/example_dags/tutorial.py took 0.092 seconds
[2023-08-02T11:14:07.069-0500] {processor.py:157} INFO - Started process (PID=106024) to work on /home/joha/anaconda3/lib/python3.10/site-packages/airflow/example_dags/tutorial.py
[2023-08-02T11:14:07.077-0500] {processor.py:826} INFO - Processing file /home/joha/anaconda3/lib/python3.10/site-packages/airflow/example_dags/tutorial.py for tasks to queue
[2023-08-02T11:14:07.079-0500] {logging_mixin.py:150} INFO - [2023-08-02T11:14:07.078-0500] {dagbag.py:541} INFO - Filling up the DagBag from /home/joha/anaconda3/lib/python3.10/site-packages/airflow/example_dags/tutorial.py
[2023-08-02T11:14:07.088-0500] {processor.py:836} INFO - DAG(s) dict_keys(['tutorial']) retrieved from /home/joha/anaconda3/lib/python3.10/site-packages/airflow/example_dags/tutorial.py
[2023-08-02T11:14:07.111-0500] {logging_mixin.py:150} INFO - [2023-08-02T11:14:07.111-0500] {dag.py:2742} INFO - Sync 1 DAGs
[2023-08-02T11:14:07.133-0500] {logging_mixin.py:150} INFO - [2023-08-02T11:14:07.133-0500] {dag.py:3504} INFO - Setting next_dagrun for tutorial to 2023-08-01T16:14:07.132891+00:00, run_after=2023-08-02T16:14:07.132891+00:00
[2023-08-02T11:14:07.160-0500] {processor.py:179} INFO - Processing /home/joha/anaconda3/lib/python3.10/site-packages/airflow/example_dags/tutorial.py took 0.096 seconds
[2023-08-02T11:14:50.204-0500] {processor.py:157} INFO - Started process (PID=106089) to work on /home/joha/anaconda3/lib/python3.10/site-packages/airflow/example_dags/tutorial.py
[2023-08-02T11:14:50.212-0500] {processor.py:826} INFO - Processing file /home/joha/anaconda3/lib/python3.10/site-packages/airflow/example_dags/tutorial.py for tasks to queue
[2023-08-02T11:14:50.213-0500] {logging_mixin.py:150} INFO - [2023-08-02T11:14:50.213-0500] {dagbag.py:541} INFO - Filling up the DagBag from /home/joha/anaconda3/lib/python3.10/site-packages/airflow/example_dags/tutorial.py
[2023-08-02T11:14:50.226-0500] {processor.py:836} INFO - DAG(s) dict_keys(['tutorial']) retrieved from /home/joha/anaconda3/lib/python3.10/site-packages/airflow/example_dags/tutorial.py
[2023-08-02T11:14:50.247-0500] {logging_mixin.py:150} INFO - [2023-08-02T11:14:50.247-0500] {dag.py:2742} INFO - Sync 1 DAGs
[2023-08-02T11:14:50.269-0500] {logging_mixin.py:150} INFO - [2023-08-02T11:14:50.269-0500] {dag.py:3504} INFO - Setting next_dagrun for tutorial to 2023-08-01T16:14:50.268881+00:00, run_after=2023-08-02T16:14:50.268881+00:00
[2023-08-02T11:14:50.289-0500] {processor.py:179} INFO - Processing /home/joha/anaconda3/lib/python3.10/site-packages/airflow/example_dags/tutorial.py took 0.092 seconds
[2023-08-02T11:15:38.919-0500] {processor.py:157} INFO - Started process (PID=106255) to work on /home/joha/anaconda3/lib/python3.10/site-packages/airflow/example_dags/tutorial.py
[2023-08-02T11:15:38.929-0500] {processor.py:826} INFO - Processing file /home/joha/anaconda3/lib/python3.10/site-packages/airflow/example_dags/tutorial.py for tasks to queue
[2023-08-02T11:15:38.932-0500] {logging_mixin.py:150} INFO - [2023-08-02T11:15:38.931-0500] {dagbag.py:541} INFO - Filling up the DagBag from /home/joha/anaconda3/lib/python3.10/site-packages/airflow/example_dags/tutorial.py
[2023-08-02T11:15:38.958-0500] {processor.py:836} INFO - DAG(s) dict_keys(['tutorial']) retrieved from /home/joha/anaconda3/lib/python3.10/site-packages/airflow/example_dags/tutorial.py
[2023-08-02T11:15:39.014-0500] {logging_mixin.py:150} INFO - [2023-08-02T11:15:39.014-0500] {dag.py:2742} INFO - Sync 1 DAGs
[2023-08-02T11:15:39.038-0500] {logging_mixin.py:150} INFO - [2023-08-02T11:15:39.038-0500] {dag.py:3504} INFO - Setting next_dagrun for tutorial to 2023-08-01T16:15:39.038224+00:00, run_after=2023-08-02T16:15:39.038224+00:00
[2023-08-02T11:15:39.061-0500] {processor.py:179} INFO - Processing /home/joha/anaconda3/lib/python3.10/site-packages/airflow/example_dags/tutorial.py took 0.153 seconds
[2023-08-02T11:16:28.593-0500] {processor.py:157} INFO - Started process (PID=106386) to work on /home/joha/anaconda3/lib/python3.10/site-packages/airflow/example_dags/tutorial.py
[2023-08-02T11:16:28.602-0500] {processor.py:826} INFO - Processing file /home/joha/anaconda3/lib/python3.10/site-packages/airflow/example_dags/tutorial.py for tasks to queue
[2023-08-02T11:16:28.604-0500] {logging_mixin.py:150} INFO - [2023-08-02T11:16:28.603-0500] {dagbag.py:541} INFO - Filling up the DagBag from /home/joha/anaconda3/lib/python3.10/site-packages/airflow/example_dags/tutorial.py
[2023-08-02T11:16:28.627-0500] {processor.py:836} INFO - DAG(s) dict_keys(['tutorial']) retrieved from /home/joha/anaconda3/lib/python3.10/site-packages/airflow/example_dags/tutorial.py
[2023-08-02T11:16:28.650-0500] {logging_mixin.py:150} INFO - [2023-08-02T11:16:28.650-0500] {dag.py:2742} INFO - Sync 1 DAGs
[2023-08-02T11:16:28.670-0500] {logging_mixin.py:150} INFO - [2023-08-02T11:16:28.670-0500] {dag.py:3504} INFO - Setting next_dagrun for tutorial to 2023-08-01T16:16:28.670250+00:00, run_after=2023-08-02T16:16:28.670250+00:00
[2023-08-02T11:16:28.694-0500] {processor.py:179} INFO - Processing /home/joha/anaconda3/lib/python3.10/site-packages/airflow/example_dags/tutorial.py took 0.107 seconds
[2023-08-02T11:17:14.844-0500] {processor.py:157} INFO - Started process (PID=106502) to work on /home/joha/anaconda3/lib/python3.10/site-packages/airflow/example_dags/tutorial.py
[2023-08-02T11:17:14.853-0500] {processor.py:826} INFO - Processing file /home/joha/anaconda3/lib/python3.10/site-packages/airflow/example_dags/tutorial.py for tasks to queue
[2023-08-02T11:17:14.856-0500] {logging_mixin.py:150} INFO - [2023-08-02T11:17:14.855-0500] {dagbag.py:541} INFO - Filling up the DagBag from /home/joha/anaconda3/lib/python3.10/site-packages/airflow/example_dags/tutorial.py
[2023-08-02T11:17:14.877-0500] {processor.py:836} INFO - DAG(s) dict_keys(['tutorial']) retrieved from /home/joha/anaconda3/lib/python3.10/site-packages/airflow/example_dags/tutorial.py
[2023-08-02T11:17:14.901-0500] {logging_mixin.py:150} INFO - [2023-08-02T11:17:14.901-0500] {dag.py:2742} INFO - Sync 1 DAGs
[2023-08-02T11:17:14.920-0500] {logging_mixin.py:150} INFO - [2023-08-02T11:17:14.920-0500] {dag.py:3504} INFO - Setting next_dagrun for tutorial to 2023-08-01T16:17:14.919826+00:00, run_after=2023-08-02T16:17:14.919826+00:00
[2023-08-02T11:17:14.940-0500] {processor.py:179} INFO - Processing /home/joha/anaconda3/lib/python3.10/site-packages/airflow/example_dags/tutorial.py took 0.107 seconds
[2023-08-02T11:17:57.224-0500] {processor.py:157} INFO - Started process (PID=106644) to work on /home/joha/anaconda3/lib/python3.10/site-packages/airflow/example_dags/tutorial.py
[2023-08-02T11:17:57.230-0500] {processor.py:826} INFO - Processing file /home/joha/anaconda3/lib/python3.10/site-packages/airflow/example_dags/tutorial.py for tasks to queue
[2023-08-02T11:17:57.232-0500] {logging_mixin.py:150} INFO - [2023-08-02T11:17:57.232-0500] {dagbag.py:541} INFO - Filling up the DagBag from /home/joha/anaconda3/lib/python3.10/site-packages/airflow/example_dags/tutorial.py
[2023-08-02T11:17:57.254-0500] {processor.py:836} INFO - DAG(s) dict_keys(['tutorial']) retrieved from /home/joha/anaconda3/lib/python3.10/site-packages/airflow/example_dags/tutorial.py
[2023-08-02T11:17:57.281-0500] {logging_mixin.py:150} INFO - [2023-08-02T11:17:57.281-0500] {dag.py:2742} INFO - Sync 1 DAGs
[2023-08-02T11:17:57.302-0500] {logging_mixin.py:150} INFO - [2023-08-02T11:17:57.302-0500] {dag.py:3504} INFO - Setting next_dagrun for tutorial to 2023-08-01T16:17:57.301841+00:00, run_after=2023-08-02T16:17:57.301841+00:00
[2023-08-02T11:17:57.323-0500] {processor.py:179} INFO - Processing /home/joha/anaconda3/lib/python3.10/site-packages/airflow/example_dags/tutorial.py took 0.108 seconds
[2023-08-02T11:18:41.583-0500] {processor.py:157} INFO - Started process (PID=106760) to work on /home/joha/anaconda3/lib/python3.10/site-packages/airflow/example_dags/tutorial.py
[2023-08-02T11:18:41.591-0500] {processor.py:826} INFO - Processing file /home/joha/anaconda3/lib/python3.10/site-packages/airflow/example_dags/tutorial.py for tasks to queue
[2023-08-02T11:18:41.595-0500] {logging_mixin.py:150} INFO - [2023-08-02T11:18:41.593-0500] {dagbag.py:541} INFO - Filling up the DagBag from /home/joha/anaconda3/lib/python3.10/site-packages/airflow/example_dags/tutorial.py
[2023-08-02T11:18:41.615-0500] {processor.py:836} INFO - DAG(s) dict_keys(['tutorial']) retrieved from /home/joha/anaconda3/lib/python3.10/site-packages/airflow/example_dags/tutorial.py
[2023-08-02T11:18:41.645-0500] {logging_mixin.py:150} INFO - [2023-08-02T11:18:41.645-0500] {dag.py:2742} INFO - Sync 1 DAGs
[2023-08-02T11:18:41.675-0500] {logging_mixin.py:150} INFO - [2023-08-02T11:18:41.675-0500] {dag.py:3504} INFO - Setting next_dagrun for tutorial to 2023-08-01T16:18:41.674801+00:00, run_after=2023-08-02T16:18:41.674801+00:00
[2023-08-02T11:18:41.712-0500] {processor.py:179} INFO - Processing /home/joha/anaconda3/lib/python3.10/site-packages/airflow/example_dags/tutorial.py took 0.133 seconds
[2023-08-02T11:19:28.759-0500] {processor.py:157} INFO - Started process (PID=106870) to work on /home/joha/anaconda3/lib/python3.10/site-packages/airflow/example_dags/tutorial.py
[2023-08-02T11:19:28.767-0500] {processor.py:826} INFO - Processing file /home/joha/anaconda3/lib/python3.10/site-packages/airflow/example_dags/tutorial.py for tasks to queue
[2023-08-02T11:19:28.768-0500] {logging_mixin.py:150} INFO - [2023-08-02T11:19:28.768-0500] {dagbag.py:541} INFO - Filling up the DagBag from /home/joha/anaconda3/lib/python3.10/site-packages/airflow/example_dags/tutorial.py
[2023-08-02T11:19:28.776-0500] {processor.py:836} INFO - DAG(s) dict_keys(['tutorial']) retrieved from /home/joha/anaconda3/lib/python3.10/site-packages/airflow/example_dags/tutorial.py
[2023-08-02T11:19:28.793-0500] {logging_mixin.py:150} INFO - [2023-08-02T11:19:28.793-0500] {dag.py:2742} INFO - Sync 1 DAGs
[2023-08-02T11:19:28.813-0500] {logging_mixin.py:150} INFO - [2023-08-02T11:19:28.812-0500] {dag.py:3504} INFO - Setting next_dagrun for tutorial to 2023-08-01T16:19:28.812768+00:00, run_after=2023-08-02T16:19:28.812768+00:00
[2023-08-02T11:19:28.833-0500] {processor.py:179} INFO - Processing /home/joha/anaconda3/lib/python3.10/site-packages/airflow/example_dags/tutorial.py took 0.078 seconds
[2023-08-02T11:20:18.017-0500] {processor.py:157} INFO - Started process (PID=106960) to work on /home/joha/anaconda3/lib/python3.10/site-packages/airflow/example_dags/tutorial.py
[2023-08-02T11:20:18.024-0500] {processor.py:826} INFO - Processing file /home/joha/anaconda3/lib/python3.10/site-packages/airflow/example_dags/tutorial.py for tasks to queue
[2023-08-02T11:20:18.025-0500] {logging_mixin.py:150} INFO - [2023-08-02T11:20:18.025-0500] {dagbag.py:541} INFO - Filling up the DagBag from /home/joha/anaconda3/lib/python3.10/site-packages/airflow/example_dags/tutorial.py
[2023-08-02T11:20:18.032-0500] {processor.py:836} INFO - DAG(s) dict_keys(['tutorial']) retrieved from /home/joha/anaconda3/lib/python3.10/site-packages/airflow/example_dags/tutorial.py
[2023-08-02T11:20:18.054-0500] {logging_mixin.py:150} INFO - [2023-08-02T11:20:18.054-0500] {dag.py:2742} INFO - Sync 1 DAGs
[2023-08-02T11:20:18.076-0500] {logging_mixin.py:150} INFO - [2023-08-02T11:20:18.076-0500] {dag.py:3504} INFO - Setting next_dagrun for tutorial to 2023-08-01T16:20:18.076302+00:00, run_after=2023-08-02T16:20:18.076302+00:00
[2023-08-02T11:20:18.098-0500] {processor.py:179} INFO - Processing /home/joha/anaconda3/lib/python3.10/site-packages/airflow/example_dags/tutorial.py took 0.085 seconds
[2023-08-02T11:21:15.345-0500] {processor.py:157} INFO - Started process (PID=107112) to work on /home/joha/anaconda3/lib/python3.10/site-packages/airflow/example_dags/tutorial.py
[2023-08-02T11:21:15.353-0500] {processor.py:826} INFO - Processing file /home/joha/anaconda3/lib/python3.10/site-packages/airflow/example_dags/tutorial.py for tasks to queue
[2023-08-02T11:21:15.354-0500] {logging_mixin.py:150} INFO - [2023-08-02T11:21:15.353-0500] {dagbag.py:541} INFO - Filling up the DagBag from /home/joha/anaconda3/lib/python3.10/site-packages/airflow/example_dags/tutorial.py
[2023-08-02T11:21:15.361-0500] {processor.py:836} INFO - DAG(s) dict_keys(['tutorial']) retrieved from /home/joha/anaconda3/lib/python3.10/site-packages/airflow/example_dags/tutorial.py
[2023-08-02T11:21:15.380-0500] {logging_mixin.py:150} INFO - [2023-08-02T11:21:15.380-0500] {dag.py:2742} INFO - Sync 1 DAGs
[2023-08-02T11:21:15.401-0500] {logging_mixin.py:150} INFO - [2023-08-02T11:21:15.401-0500] {dag.py:3504} INFO - Setting next_dagrun for tutorial to 2023-08-01T16:21:15.401091+00:00, run_after=2023-08-02T16:21:15.401091+00:00
[2023-08-02T11:21:15.424-0500] {processor.py:179} INFO - Processing /home/joha/anaconda3/lib/python3.10/site-packages/airflow/example_dags/tutorial.py took 0.083 seconds
[2023-08-02T11:22:14.413-0500] {processor.py:157} INFO - Started process (PID=107427) to work on /home/joha/anaconda3/lib/python3.10/site-packages/airflow/example_dags/tutorial.py
[2023-08-02T11:22:14.424-0500] {processor.py:826} INFO - Processing file /home/joha/anaconda3/lib/python3.10/site-packages/airflow/example_dags/tutorial.py for tasks to queue
[2023-08-02T11:22:14.427-0500] {logging_mixin.py:150} INFO - [2023-08-02T11:22:14.426-0500] {dagbag.py:541} INFO - Filling up the DagBag from /home/joha/anaconda3/lib/python3.10/site-packages/airflow/example_dags/tutorial.py
[2023-08-02T11:22:14.463-0500] {processor.py:836} INFO - DAG(s) dict_keys(['tutorial']) retrieved from /home/joha/anaconda3/lib/python3.10/site-packages/airflow/example_dags/tutorial.py
[2023-08-02T11:22:14.494-0500] {logging_mixin.py:150} INFO - [2023-08-02T11:22:14.494-0500] {dag.py:2742} INFO - Sync 1 DAGs
[2023-08-02T11:22:14.517-0500] {logging_mixin.py:150} INFO - [2023-08-02T11:22:14.516-0500] {dag.py:3504} INFO - Setting next_dagrun for tutorial to 2023-08-01T16:22:14.516692+00:00, run_after=2023-08-02T16:22:14.516692+00:00
[2023-08-02T11:22:14.540-0500] {processor.py:179} INFO - Processing /home/joha/anaconda3/lib/python3.10/site-packages/airflow/example_dags/tutorial.py took 0.142 seconds
[2023-08-02T11:23:36.821-0500] {processor.py:157} INFO - Started process (PID=108126) to work on /home/joha/anaconda3/lib/python3.10/site-packages/airflow/example_dags/tutorial.py
[2023-08-02T11:23:36.829-0500] {processor.py:826} INFO - Processing file /home/joha/anaconda3/lib/python3.10/site-packages/airflow/example_dags/tutorial.py for tasks to queue
[2023-08-02T11:23:36.830-0500] {logging_mixin.py:150} INFO - [2023-08-02T11:23:36.829-0500] {dagbag.py:541} INFO - Filling up the DagBag from /home/joha/anaconda3/lib/python3.10/site-packages/airflow/example_dags/tutorial.py
[2023-08-02T11:23:36.839-0500] {processor.py:836} INFO - DAG(s) dict_keys(['tutorial']) retrieved from /home/joha/anaconda3/lib/python3.10/site-packages/airflow/example_dags/tutorial.py
[2023-08-02T11:23:36.861-0500] {logging_mixin.py:150} INFO - [2023-08-02T11:23:36.861-0500] {dag.py:2742} INFO - Sync 1 DAGs
[2023-08-02T11:23:36.887-0500] {logging_mixin.py:150} INFO - [2023-08-02T11:23:36.886-0500] {dag.py:3504} INFO - Setting next_dagrun for tutorial to 2023-08-01T16:23:36.886688+00:00, run_after=2023-08-02T16:23:36.886688+00:00
[2023-08-02T11:23:36.912-0500] {processor.py:179} INFO - Processing /home/joha/anaconda3/lib/python3.10/site-packages/airflow/example_dags/tutorial.py took 0.094 seconds
[2023-08-02T11:25:08.137-0500] {processor.py:157} INFO - Started process (PID=108356) to work on /home/joha/anaconda3/lib/python3.10/site-packages/airflow/example_dags/tutorial.py
[2023-08-02T11:25:08.145-0500] {processor.py:826} INFO - Processing file /home/joha/anaconda3/lib/python3.10/site-packages/airflow/example_dags/tutorial.py for tasks to queue
[2023-08-02T11:25:08.146-0500] {logging_mixin.py:150} INFO - [2023-08-02T11:25:08.146-0500] {dagbag.py:541} INFO - Filling up the DagBag from /home/joha/anaconda3/lib/python3.10/site-packages/airflow/example_dags/tutorial.py
[2023-08-02T11:25:08.159-0500] {processor.py:836} INFO - DAG(s) dict_keys(['tutorial']) retrieved from /home/joha/anaconda3/lib/python3.10/site-packages/airflow/example_dags/tutorial.py
[2023-08-02T11:25:08.181-0500] {logging_mixin.py:150} INFO - [2023-08-02T11:25:08.181-0500] {dag.py:2742} INFO - Sync 1 DAGs
[2023-08-02T11:25:08.333-0500] {logging_mixin.py:150} INFO - [2023-08-02T11:25:08.333-0500] {dag.py:3504} INFO - Setting next_dagrun for tutorial to 2023-08-01T16:25:08.207304+00:00, run_after=2023-08-02T16:25:08.207304+00:00
[2023-08-02T11:25:08.356-0500] {processor.py:179} INFO - Processing /home/joha/anaconda3/lib/python3.10/site-packages/airflow/example_dags/tutorial.py took 0.227 seconds
[2023-08-02T11:26:05.499-0500] {processor.py:157} INFO - Started process (PID=108449) to work on /home/joha/anaconda3/lib/python3.10/site-packages/airflow/example_dags/tutorial.py
[2023-08-02T11:26:05.506-0500] {processor.py:826} INFO - Processing file /home/joha/anaconda3/lib/python3.10/site-packages/airflow/example_dags/tutorial.py for tasks to queue
[2023-08-02T11:26:05.507-0500] {logging_mixin.py:150} INFO - [2023-08-02T11:26:05.507-0500] {dagbag.py:541} INFO - Filling up the DagBag from /home/joha/anaconda3/lib/python3.10/site-packages/airflow/example_dags/tutorial.py
[2023-08-02T11:26:05.515-0500] {processor.py:836} INFO - DAG(s) dict_keys(['tutorial']) retrieved from /home/joha/anaconda3/lib/python3.10/site-packages/airflow/example_dags/tutorial.py
[2023-08-02T11:26:05.539-0500] {logging_mixin.py:150} INFO - [2023-08-02T11:26:05.539-0500] {dag.py:2742} INFO - Sync 1 DAGs
[2023-08-02T11:26:05.561-0500] {logging_mixin.py:150} INFO - [2023-08-02T11:26:05.561-0500] {dag.py:3504} INFO - Setting next_dagrun for tutorial to 2023-08-01T16:26:05.561365+00:00, run_after=2023-08-02T16:26:05.561365+00:00
[2023-08-02T11:26:05.589-0500] {processor.py:179} INFO - Processing /home/joha/anaconda3/lib/python3.10/site-packages/airflow/example_dags/tutorial.py took 0.094 seconds
