[2023-08-01T20:25:57.605-0500] {processor.py:157} INFO - Started process (PID=99577) to work on /home/joha/anaconda3/lib/python3.10/site-packages/airflow/example_dags/tutorial_taskflow_api_virtualenv.py
[2023-08-01T20:25:57.606-0500] {processor.py:826} INFO - Processing file /home/joha/anaconda3/lib/python3.10/site-packages/airflow/example_dags/tutorial_taskflow_api_virtualenv.py for tasks to queue
[2023-08-01T20:25:57.608-0500] {logging_mixin.py:150} INFO - [2023-08-01T20:25:57.607-0500] {dagbag.py:541} INFO - Filling up the DagBag from /home/joha/anaconda3/lib/python3.10/site-packages/airflow/example_dags/tutorial_taskflow_api_virtualenv.py
[2023-08-01T20:25:57.611-0500] {logging_mixin.py:150} INFO - [2023-08-01T20:25:57.611-0500] {tutorial_taskflow_api_virtualenv.py:29} WARNING - The tutorial_taskflow_api_virtualenv example DAG requires virtualenv, please install it.
[2023-08-01T20:25:57.612-0500] {processor.py:838} WARNING - No viable dags retrieved from /home/joha/anaconda3/lib/python3.10/site-packages/airflow/example_dags/tutorial_taskflow_api_virtualenv.py
[2023-08-01T20:25:57.626-0500] {processor.py:179} INFO - Processing /home/joha/anaconda3/lib/python3.10/site-packages/airflow/example_dags/tutorial_taskflow_api_virtualenv.py took 0.027 seconds
[2023-08-02T11:08:26.452-0500] {processor.py:157} INFO - Started process (PID=105210) to work on /home/joha/anaconda3/lib/python3.10/site-packages/airflow/example_dags/tutorial_taskflow_api_virtualenv.py
[2023-08-02T11:08:26.460-0500] {processor.py:826} INFO - Processing file /home/joha/anaconda3/lib/python3.10/site-packages/airflow/example_dags/tutorial_taskflow_api_virtualenv.py for tasks to queue
[2023-08-02T11:08:26.462-0500] {logging_mixin.py:150} INFO - [2023-08-02T11:08:26.461-0500] {dagbag.py:541} INFO - Filling up the DagBag from /home/joha/anaconda3/lib/python3.10/site-packages/airflow/example_dags/tutorial_taskflow_api_virtualenv.py
[2023-08-02T11:08:26.466-0500] {logging_mixin.py:150} INFO - [2023-08-02T11:08:26.466-0500] {tutorial_taskflow_api_virtualenv.py:29} WARNING - The tutorial_taskflow_api_virtualenv example DAG requires virtualenv, please install it.
[2023-08-02T11:08:26.466-0500] {processor.py:838} WARNING - No viable dags retrieved from /home/joha/anaconda3/lib/python3.10/site-packages/airflow/example_dags/tutorial_taskflow_api_virtualenv.py
[2023-08-02T11:08:26.482-0500] {processor.py:179} INFO - Processing /home/joha/anaconda3/lib/python3.10/site-packages/airflow/example_dags/tutorial_taskflow_api_virtualenv.py took 0.035 seconds
[2023-08-02T11:09:20.443-0500] {processor.py:157} INFO - Started process (PID=105312) to work on /home/joha/anaconda3/lib/python3.10/site-packages/airflow/example_dags/tutorial_taskflow_api_virtualenv.py
[2023-08-02T11:09:20.451-0500] {processor.py:826} INFO - Processing file /home/joha/anaconda3/lib/python3.10/site-packages/airflow/example_dags/tutorial_taskflow_api_virtualenv.py for tasks to queue
[2023-08-02T11:09:20.453-0500] {logging_mixin.py:150} INFO - [2023-08-02T11:09:20.452-0500] {dagbag.py:541} INFO - Filling up the DagBag from /home/joha/anaconda3/lib/python3.10/site-packages/airflow/example_dags/tutorial_taskflow_api_virtualenv.py
[2023-08-02T11:09:20.456-0500] {logging_mixin.py:150} INFO - [2023-08-02T11:09:20.456-0500] {tutorial_taskflow_api_virtualenv.py:29} WARNING - The tutorial_taskflow_api_virtualenv example DAG requires virtualenv, please install it.
[2023-08-02T11:09:20.457-0500] {processor.py:838} WARNING - No viable dags retrieved from /home/joha/anaconda3/lib/python3.10/site-packages/airflow/example_dags/tutorial_taskflow_api_virtualenv.py
[2023-08-02T11:09:20.471-0500] {processor.py:179} INFO - Processing /home/joha/anaconda3/lib/python3.10/site-packages/airflow/example_dags/tutorial_taskflow_api_virtualenv.py took 0.036 seconds
[2023-08-02T11:10:09.174-0500] {processor.py:157} INFO - Started process (PID=105479) to work on /home/joha/anaconda3/lib/python3.10/site-packages/airflow/example_dags/tutorial_taskflow_api_virtualenv.py
[2023-08-02T11:10:09.182-0500] {processor.py:826} INFO - Processing file /home/joha/anaconda3/lib/python3.10/site-packages/airflow/example_dags/tutorial_taskflow_api_virtualenv.py for tasks to queue
[2023-08-02T11:10:09.184-0500] {logging_mixin.py:150} INFO - [2023-08-02T11:10:09.183-0500] {dagbag.py:541} INFO - Filling up the DagBag from /home/joha/anaconda3/lib/python3.10/site-packages/airflow/example_dags/tutorial_taskflow_api_virtualenv.py
[2023-08-02T11:10:09.187-0500] {logging_mixin.py:150} INFO - [2023-08-02T11:10:09.186-0500] {tutorial_taskflow_api_virtualenv.py:29} WARNING - The tutorial_taskflow_api_virtualenv example DAG requires virtualenv, please install it.
[2023-08-02T11:10:09.187-0500] {processor.py:838} WARNING - No viable dags retrieved from /home/joha/anaconda3/lib/python3.10/site-packages/airflow/example_dags/tutorial_taskflow_api_virtualenv.py
[2023-08-02T11:10:09.202-0500] {processor.py:179} INFO - Processing /home/joha/anaconda3/lib/python3.10/site-packages/airflow/example_dags/tutorial_taskflow_api_virtualenv.py took 0.033 seconds
[2023-08-02T11:10:54.710-0500] {processor.py:157} INFO - Started process (PID=105608) to work on /home/joha/anaconda3/lib/python3.10/site-packages/airflow/example_dags/tutorial_taskflow_api_virtualenv.py
[2023-08-02T11:10:54.719-0500] {processor.py:826} INFO - Processing file /home/joha/anaconda3/lib/python3.10/site-packages/airflow/example_dags/tutorial_taskflow_api_virtualenv.py for tasks to queue
[2023-08-02T11:10:54.720-0500] {logging_mixin.py:150} INFO - [2023-08-02T11:10:54.720-0500] {dagbag.py:541} INFO - Filling up the DagBag from /home/joha/anaconda3/lib/python3.10/site-packages/airflow/example_dags/tutorial_taskflow_api_virtualenv.py
[2023-08-02T11:10:54.723-0500] {logging_mixin.py:150} INFO - [2023-08-02T11:10:54.723-0500] {tutorial_taskflow_api_virtualenv.py:29} WARNING - The tutorial_taskflow_api_virtualenv example DAG requires virtualenv, please install it.
[2023-08-02T11:10:54.723-0500] {processor.py:838} WARNING - No viable dags retrieved from /home/joha/anaconda3/lib/python3.10/site-packages/airflow/example_dags/tutorial_taskflow_api_virtualenv.py
[2023-08-02T11:10:54.737-0500] {processor.py:179} INFO - Processing /home/joha/anaconda3/lib/python3.10/site-packages/airflow/example_dags/tutorial_taskflow_api_virtualenv.py took 0.031 seconds
[2023-08-02T11:11:42.950-0500] {processor.py:157} INFO - Started process (PID=105731) to work on /home/joha/anaconda3/lib/python3.10/site-packages/airflow/example_dags/tutorial_taskflow_api_virtualenv.py
[2023-08-02T11:11:42.958-0500] {processor.py:826} INFO - Processing file /home/joha/anaconda3/lib/python3.10/site-packages/airflow/example_dags/tutorial_taskflow_api_virtualenv.py for tasks to queue
[2023-08-02T11:11:42.959-0500] {logging_mixin.py:150} INFO - [2023-08-02T11:11:42.958-0500] {dagbag.py:541} INFO - Filling up the DagBag from /home/joha/anaconda3/lib/python3.10/site-packages/airflow/example_dags/tutorial_taskflow_api_virtualenv.py
[2023-08-02T11:11:42.962-0500] {logging_mixin.py:150} INFO - [2023-08-02T11:11:42.962-0500] {tutorial_taskflow_api_virtualenv.py:29} WARNING - The tutorial_taskflow_api_virtualenv example DAG requires virtualenv, please install it.
[2023-08-02T11:11:42.962-0500] {processor.py:838} WARNING - No viable dags retrieved from /home/joha/anaconda3/lib/python3.10/site-packages/airflow/example_dags/tutorial_taskflow_api_virtualenv.py
[2023-08-02T11:11:42.975-0500] {processor.py:179} INFO - Processing /home/joha/anaconda3/lib/python3.10/site-packages/airflow/example_dags/tutorial_taskflow_api_virtualenv.py took 0.030 seconds
[2023-08-02T11:12:32.822-0500] {processor.py:157} INFO - Started process (PID=105861) to work on /home/joha/anaconda3/lib/python3.10/site-packages/airflow/example_dags/tutorial_taskflow_api_virtualenv.py
[2023-08-02T11:12:32.829-0500] {processor.py:826} INFO - Processing file /home/joha/anaconda3/lib/python3.10/site-packages/airflow/example_dags/tutorial_taskflow_api_virtualenv.py for tasks to queue
[2023-08-02T11:12:32.830-0500] {logging_mixin.py:150} INFO - [2023-08-02T11:12:32.830-0500] {dagbag.py:541} INFO - Filling up the DagBag from /home/joha/anaconda3/lib/python3.10/site-packages/airflow/example_dags/tutorial_taskflow_api_virtualenv.py
[2023-08-02T11:12:32.833-0500] {logging_mixin.py:150} INFO - [2023-08-02T11:12:32.833-0500] {tutorial_taskflow_api_virtualenv.py:29} WARNING - The tutorial_taskflow_api_virtualenv example DAG requires virtualenv, please install it.
[2023-08-02T11:12:32.833-0500] {processor.py:838} WARNING - No viable dags retrieved from /home/joha/anaconda3/lib/python3.10/site-packages/airflow/example_dags/tutorial_taskflow_api_virtualenv.py
[2023-08-02T11:12:32.846-0500] {processor.py:179} INFO - Processing /home/joha/anaconda3/lib/python3.10/site-packages/airflow/example_dags/tutorial_taskflow_api_virtualenv.py took 0.028 seconds
[2023-08-02T11:13:22.590-0500] {processor.py:157} INFO - Started process (PID=105962) to work on /home/joha/anaconda3/lib/python3.10/site-packages/airflow/example_dags/tutorial_taskflow_api_virtualenv.py
[2023-08-02T11:13:22.597-0500] {processor.py:826} INFO - Processing file /home/joha/anaconda3/lib/python3.10/site-packages/airflow/example_dags/tutorial_taskflow_api_virtualenv.py for tasks to queue
[2023-08-02T11:13:22.598-0500] {logging_mixin.py:150} INFO - [2023-08-02T11:13:22.598-0500] {dagbag.py:541} INFO - Filling up the DagBag from /home/joha/anaconda3/lib/python3.10/site-packages/airflow/example_dags/tutorial_taskflow_api_virtualenv.py
[2023-08-02T11:13:22.601-0500] {logging_mixin.py:150} INFO - [2023-08-02T11:13:22.600-0500] {tutorial_taskflow_api_virtualenv.py:29} WARNING - The tutorial_taskflow_api_virtualenv example DAG requires virtualenv, please install it.
[2023-08-02T11:13:22.601-0500] {processor.py:838} WARNING - No viable dags retrieved from /home/joha/anaconda3/lib/python3.10/site-packages/airflow/example_dags/tutorial_taskflow_api_virtualenv.py
[2023-08-02T11:13:22.614-0500] {processor.py:179} INFO - Processing /home/joha/anaconda3/lib/python3.10/site-packages/airflow/example_dags/tutorial_taskflow_api_virtualenv.py took 0.029 seconds
[2023-08-02T11:14:03.072-0500] {processor.py:157} INFO - Started process (PID=106017) to work on /home/joha/anaconda3/lib/python3.10/site-packages/airflow/example_dags/tutorial_taskflow_api_virtualenv.py
[2023-08-02T11:14:03.080-0500] {processor.py:826} INFO - Processing file /home/joha/anaconda3/lib/python3.10/site-packages/airflow/example_dags/tutorial_taskflow_api_virtualenv.py for tasks to queue
[2023-08-02T11:14:03.081-0500] {logging_mixin.py:150} INFO - [2023-08-02T11:14:03.080-0500] {dagbag.py:541} INFO - Filling up the DagBag from /home/joha/anaconda3/lib/python3.10/site-packages/airflow/example_dags/tutorial_taskflow_api_virtualenv.py
[2023-08-02T11:14:03.083-0500] {logging_mixin.py:150} INFO - [2023-08-02T11:14:03.083-0500] {tutorial_taskflow_api_virtualenv.py:29} WARNING - The tutorial_taskflow_api_virtualenv example DAG requires virtualenv, please install it.
[2023-08-02T11:14:03.083-0500] {processor.py:838} WARNING - No viable dags retrieved from /home/joha/anaconda3/lib/python3.10/site-packages/airflow/example_dags/tutorial_taskflow_api_virtualenv.py
[2023-08-02T11:14:03.094-0500] {processor.py:179} INFO - Processing /home/joha/anaconda3/lib/python3.10/site-packages/airflow/example_dags/tutorial_taskflow_api_virtualenv.py took 0.026 seconds
[2023-08-02T11:14:45.958-0500] {processor.py:157} INFO - Started process (PID=106072) to work on /home/joha/anaconda3/lib/python3.10/site-packages/airflow/example_dags/tutorial_taskflow_api_virtualenv.py
[2023-08-02T11:14:45.966-0500] {processor.py:826} INFO - Processing file /home/joha/anaconda3/lib/python3.10/site-packages/airflow/example_dags/tutorial_taskflow_api_virtualenv.py for tasks to queue
[2023-08-02T11:14:45.967-0500] {logging_mixin.py:150} INFO - [2023-08-02T11:14:45.967-0500] {dagbag.py:541} INFO - Filling up the DagBag from /home/joha/anaconda3/lib/python3.10/site-packages/airflow/example_dags/tutorial_taskflow_api_virtualenv.py
[2023-08-02T11:14:45.971-0500] {logging_mixin.py:150} INFO - [2023-08-02T11:14:45.971-0500] {tutorial_taskflow_api_virtualenv.py:29} WARNING - The tutorial_taskflow_api_virtualenv example DAG requires virtualenv, please install it.
[2023-08-02T11:14:45.972-0500] {processor.py:838} WARNING - No viable dags retrieved from /home/joha/anaconda3/lib/python3.10/site-packages/airflow/example_dags/tutorial_taskflow_api_virtualenv.py
[2023-08-02T11:14:45.981-0500] {processor.py:179} INFO - Processing /home/joha/anaconda3/lib/python3.10/site-packages/airflow/example_dags/tutorial_taskflow_api_virtualenv.py took 0.026 seconds
[2023-08-02T11:15:34.885-0500] {processor.py:157} INFO - Started process (PID=106245) to work on /home/joha/anaconda3/lib/python3.10/site-packages/airflow/example_dags/tutorial_taskflow_api_virtualenv.py
[2023-08-02T11:15:34.893-0500] {processor.py:826} INFO - Processing file /home/joha/anaconda3/lib/python3.10/site-packages/airflow/example_dags/tutorial_taskflow_api_virtualenv.py for tasks to queue
[2023-08-02T11:15:34.896-0500] {logging_mixin.py:150} INFO - [2023-08-02T11:15:34.895-0500] {dagbag.py:541} INFO - Filling up the DagBag from /home/joha/anaconda3/lib/python3.10/site-packages/airflow/example_dags/tutorial_taskflow_api_virtualenv.py
[2023-08-02T11:15:34.903-0500] {logging_mixin.py:150} INFO - [2023-08-02T11:15:34.903-0500] {tutorial_taskflow_api_virtualenv.py:29} WARNING - The tutorial_taskflow_api_virtualenv example DAG requires virtualenv, please install it.
[2023-08-02T11:15:34.904-0500] {processor.py:838} WARNING - No viable dags retrieved from /home/joha/anaconda3/lib/python3.10/site-packages/airflow/example_dags/tutorial_taskflow_api_virtualenv.py
[2023-08-02T11:15:34.930-0500] {processor.py:179} INFO - Processing /home/joha/anaconda3/lib/python3.10/site-packages/airflow/example_dags/tutorial_taskflow_api_virtualenv.py took 0.051 seconds
[2023-08-02T11:16:23.665-0500] {processor.py:157} INFO - Started process (PID=106375) to work on /home/joha/anaconda3/lib/python3.10/site-packages/airflow/example_dags/tutorial_taskflow_api_virtualenv.py
[2023-08-02T11:16:23.674-0500] {processor.py:826} INFO - Processing file /home/joha/anaconda3/lib/python3.10/site-packages/airflow/example_dags/tutorial_taskflow_api_virtualenv.py for tasks to queue
[2023-08-02T11:16:23.675-0500] {logging_mixin.py:150} INFO - [2023-08-02T11:16:23.675-0500] {dagbag.py:541} INFO - Filling up the DagBag from /home/joha/anaconda3/lib/python3.10/site-packages/airflow/example_dags/tutorial_taskflow_api_virtualenv.py
[2023-08-02T11:16:23.679-0500] {logging_mixin.py:150} INFO - [2023-08-02T11:16:23.679-0500] {tutorial_taskflow_api_virtualenv.py:29} WARNING - The tutorial_taskflow_api_virtualenv example DAG requires virtualenv, please install it.
[2023-08-02T11:16:23.679-0500] {processor.py:838} WARNING - No viable dags retrieved from /home/joha/anaconda3/lib/python3.10/site-packages/airflow/example_dags/tutorial_taskflow_api_virtualenv.py
[2023-08-02T11:16:23.693-0500] {processor.py:179} INFO - Processing /home/joha/anaconda3/lib/python3.10/site-packages/airflow/example_dags/tutorial_taskflow_api_virtualenv.py took 0.034 seconds
[2023-08-02T11:17:11.354-0500] {processor.py:157} INFO - Started process (PID=106497) to work on /home/joha/anaconda3/lib/python3.10/site-packages/airflow/example_dags/tutorial_taskflow_api_virtualenv.py
[2023-08-02T11:17:11.366-0500] {processor.py:826} INFO - Processing file /home/joha/anaconda3/lib/python3.10/site-packages/airflow/example_dags/tutorial_taskflow_api_virtualenv.py for tasks to queue
[2023-08-02T11:17:11.368-0500] {logging_mixin.py:150} INFO - [2023-08-02T11:17:11.367-0500] {dagbag.py:541} INFO - Filling up the DagBag from /home/joha/anaconda3/lib/python3.10/site-packages/airflow/example_dags/tutorial_taskflow_api_virtualenv.py
[2023-08-02T11:17:11.377-0500] {logging_mixin.py:150} INFO - [2023-08-02T11:17:11.377-0500] {tutorial_taskflow_api_virtualenv.py:29} WARNING - The tutorial_taskflow_api_virtualenv example DAG requires virtualenv, please install it.
[2023-08-02T11:17:11.378-0500] {processor.py:838} WARNING - No viable dags retrieved from /home/joha/anaconda3/lib/python3.10/site-packages/airflow/example_dags/tutorial_taskflow_api_virtualenv.py
[2023-08-02T11:17:11.393-0500] {processor.py:179} INFO - Processing /home/joha/anaconda3/lib/python3.10/site-packages/airflow/example_dags/tutorial_taskflow_api_virtualenv.py took 0.042 seconds
[2023-08-02T11:17:53.172-0500] {processor.py:157} INFO - Started process (PID=106624) to work on /home/joha/anaconda3/lib/python3.10/site-packages/airflow/example_dags/tutorial_taskflow_api_virtualenv.py
[2023-08-02T11:17:53.179-0500] {processor.py:826} INFO - Processing file /home/joha/anaconda3/lib/python3.10/site-packages/airflow/example_dags/tutorial_taskflow_api_virtualenv.py for tasks to queue
[2023-08-02T11:17:53.181-0500] {logging_mixin.py:150} INFO - [2023-08-02T11:17:53.180-0500] {dagbag.py:541} INFO - Filling up the DagBag from /home/joha/anaconda3/lib/python3.10/site-packages/airflow/example_dags/tutorial_taskflow_api_virtualenv.py
[2023-08-02T11:17:53.185-0500] {logging_mixin.py:150} INFO - [2023-08-02T11:17:53.184-0500] {tutorial_taskflow_api_virtualenv.py:29} WARNING - The tutorial_taskflow_api_virtualenv example DAG requires virtualenv, please install it.
[2023-08-02T11:17:53.186-0500] {processor.py:838} WARNING - No viable dags retrieved from /home/joha/anaconda3/lib/python3.10/site-packages/airflow/example_dags/tutorial_taskflow_api_virtualenv.py
[2023-08-02T11:17:53.202-0500] {processor.py:179} INFO - Processing /home/joha/anaconda3/lib/python3.10/site-packages/airflow/example_dags/tutorial_taskflow_api_virtualenv.py took 0.035 seconds
[2023-08-02T11:18:36.655-0500] {processor.py:157} INFO - Started process (PID=106750) to work on /home/joha/anaconda3/lib/python3.10/site-packages/airflow/example_dags/tutorial_taskflow_api_virtualenv.py
[2023-08-02T11:18:36.664-0500] {processor.py:826} INFO - Processing file /home/joha/anaconda3/lib/python3.10/site-packages/airflow/example_dags/tutorial_taskflow_api_virtualenv.py for tasks to queue
[2023-08-02T11:18:36.667-0500] {logging_mixin.py:150} INFO - [2023-08-02T11:18:36.666-0500] {dagbag.py:541} INFO - Filling up the DagBag from /home/joha/anaconda3/lib/python3.10/site-packages/airflow/example_dags/tutorial_taskflow_api_virtualenv.py
[2023-08-02T11:18:36.676-0500] {logging_mixin.py:150} INFO - [2023-08-02T11:18:36.674-0500] {tutorial_taskflow_api_virtualenv.py:29} WARNING - The tutorial_taskflow_api_virtualenv example DAG requires virtualenv, please install it.
[2023-08-02T11:18:36.677-0500] {processor.py:838} WARNING - No viable dags retrieved from /home/joha/anaconda3/lib/python3.10/site-packages/airflow/example_dags/tutorial_taskflow_api_virtualenv.py
[2023-08-02T11:18:36.700-0500] {processor.py:179} INFO - Processing /home/joha/anaconda3/lib/python3.10/site-packages/airflow/example_dags/tutorial_taskflow_api_virtualenv.py took 0.057 seconds
[2023-08-02T11:19:24.021-0500] {processor.py:157} INFO - Started process (PID=106859) to work on /home/joha/anaconda3/lib/python3.10/site-packages/airflow/example_dags/tutorial_taskflow_api_virtualenv.py
[2023-08-02T11:19:24.029-0500] {processor.py:826} INFO - Processing file /home/joha/anaconda3/lib/python3.10/site-packages/airflow/example_dags/tutorial_taskflow_api_virtualenv.py for tasks to queue
[2023-08-02T11:19:24.030-0500] {logging_mixin.py:150} INFO - [2023-08-02T11:19:24.030-0500] {dagbag.py:541} INFO - Filling up the DagBag from /home/joha/anaconda3/lib/python3.10/site-packages/airflow/example_dags/tutorial_taskflow_api_virtualenv.py
[2023-08-02T11:19:24.034-0500] {logging_mixin.py:150} INFO - [2023-08-02T11:19:24.034-0500] {tutorial_taskflow_api_virtualenv.py:29} WARNING - The tutorial_taskflow_api_virtualenv example DAG requires virtualenv, please install it.
[2023-08-02T11:19:24.034-0500] {processor.py:838} WARNING - No viable dags retrieved from /home/joha/anaconda3/lib/python3.10/site-packages/airflow/example_dags/tutorial_taskflow_api_virtualenv.py
[2023-08-02T11:19:24.051-0500] {processor.py:179} INFO - Processing /home/joha/anaconda3/lib/python3.10/site-packages/airflow/example_dags/tutorial_taskflow_api_virtualenv.py took 0.034 seconds
[2023-08-02T11:20:13.874-0500] {processor.py:157} INFO - Started process (PID=106951) to work on /home/joha/anaconda3/lib/python3.10/site-packages/airflow/example_dags/tutorial_taskflow_api_virtualenv.py
[2023-08-02T11:20:13.884-0500] {processor.py:826} INFO - Processing file /home/joha/anaconda3/lib/python3.10/site-packages/airflow/example_dags/tutorial_taskflow_api_virtualenv.py for tasks to queue
[2023-08-02T11:20:13.887-0500] {logging_mixin.py:150} INFO - [2023-08-02T11:20:13.886-0500] {dagbag.py:541} INFO - Filling up the DagBag from /home/joha/anaconda3/lib/python3.10/site-packages/airflow/example_dags/tutorial_taskflow_api_virtualenv.py
[2023-08-02T11:20:13.897-0500] {logging_mixin.py:150} INFO - [2023-08-02T11:20:13.896-0500] {tutorial_taskflow_api_virtualenv.py:29} WARNING - The tutorial_taskflow_api_virtualenv example DAG requires virtualenv, please install it.
[2023-08-02T11:20:13.898-0500] {processor.py:838} WARNING - No viable dags retrieved from /home/joha/anaconda3/lib/python3.10/site-packages/airflow/example_dags/tutorial_taskflow_api_virtualenv.py
[2023-08-02T11:20:13.924-0500] {processor.py:179} INFO - Processing /home/joha/anaconda3/lib/python3.10/site-packages/airflow/example_dags/tutorial_taskflow_api_virtualenv.py took 0.062 seconds
[2023-08-02T11:21:10.324-0500] {processor.py:157} INFO - Started process (PID=107108) to work on /home/joha/anaconda3/lib/python3.10/site-packages/airflow/example_dags/tutorial_taskflow_api_virtualenv.py
[2023-08-02T11:21:10.331-0500] {processor.py:826} INFO - Processing file /home/joha/anaconda3/lib/python3.10/site-packages/airflow/example_dags/tutorial_taskflow_api_virtualenv.py for tasks to queue
[2023-08-02T11:21:10.332-0500] {logging_mixin.py:150} INFO - [2023-08-02T11:21:10.332-0500] {dagbag.py:541} INFO - Filling up the DagBag from /home/joha/anaconda3/lib/python3.10/site-packages/airflow/example_dags/tutorial_taskflow_api_virtualenv.py
[2023-08-02T11:21:10.336-0500] {logging_mixin.py:150} INFO - [2023-08-02T11:21:10.336-0500] {tutorial_taskflow_api_virtualenv.py:29} WARNING - The tutorial_taskflow_api_virtualenv example DAG requires virtualenv, please install it.
[2023-08-02T11:21:10.336-0500] {processor.py:838} WARNING - No viable dags retrieved from /home/joha/anaconda3/lib/python3.10/site-packages/airflow/example_dags/tutorial_taskflow_api_virtualenv.py
[2023-08-02T11:21:10.352-0500] {processor.py:179} INFO - Processing /home/joha/anaconda3/lib/python3.10/site-packages/airflow/example_dags/tutorial_taskflow_api_virtualenv.py took 0.032 seconds
[2023-08-02T11:22:09.229-0500] {processor.py:157} INFO - Started process (PID=107418) to work on /home/joha/anaconda3/lib/python3.10/site-packages/airflow/example_dags/tutorial_taskflow_api_virtualenv.py
[2023-08-02T11:22:09.239-0500] {processor.py:826} INFO - Processing file /home/joha/anaconda3/lib/python3.10/site-packages/airflow/example_dags/tutorial_taskflow_api_virtualenv.py for tasks to queue
[2023-08-02T11:22:09.245-0500] {logging_mixin.py:150} INFO - [2023-08-02T11:22:09.243-0500] {dagbag.py:541} INFO - Filling up the DagBag from /home/joha/anaconda3/lib/python3.10/site-packages/airflow/example_dags/tutorial_taskflow_api_virtualenv.py
[2023-08-02T11:22:09.258-0500] {logging_mixin.py:150} INFO - [2023-08-02T11:22:09.258-0500] {tutorial_taskflow_api_virtualenv.py:29} WARNING - The tutorial_taskflow_api_virtualenv example DAG requires virtualenv, please install it.
[2023-08-02T11:22:09.259-0500] {processor.py:838} WARNING - No viable dags retrieved from /home/joha/anaconda3/lib/python3.10/site-packages/airflow/example_dags/tutorial_taskflow_api_virtualenv.py
[2023-08-02T11:22:09.289-0500] {processor.py:179} INFO - Processing /home/joha/anaconda3/lib/python3.10/site-packages/airflow/example_dags/tutorial_taskflow_api_virtualenv.py took 0.073 seconds
[2023-08-02T11:23:01.208-0500] {processor.py:157} INFO - Started process (PID=107600) to work on /home/joha/anaconda3/lib/python3.10/site-packages/airflow/example_dags/tutorial_taskflow_api_virtualenv.py
[2023-08-02T11:23:01.216-0500] {processor.py:826} INFO - Processing file /home/joha/anaconda3/lib/python3.10/site-packages/airflow/example_dags/tutorial_taskflow_api_virtualenv.py for tasks to queue
[2023-08-02T11:23:01.217-0500] {logging_mixin.py:150} INFO - [2023-08-02T11:23:01.217-0500] {dagbag.py:541} INFO - Filling up the DagBag from /home/joha/anaconda3/lib/python3.10/site-packages/airflow/example_dags/tutorial_taskflow_api_virtualenv.py
[2023-08-02T11:23:01.222-0500] {logging_mixin.py:150} INFO - [2023-08-02T11:23:01.221-0500] {tutorial_taskflow_api_virtualenv.py:29} WARNING - The tutorial_taskflow_api_virtualenv example DAG requires virtualenv, please install it.
[2023-08-02T11:23:01.222-0500] {processor.py:838} WARNING - No viable dags retrieved from /home/joha/anaconda3/lib/python3.10/site-packages/airflow/example_dags/tutorial_taskflow_api_virtualenv.py
[2023-08-02T11:23:01.239-0500] {processor.py:179} INFO - Processing /home/joha/anaconda3/lib/python3.10/site-packages/airflow/example_dags/tutorial_taskflow_api_virtualenv.py took 0.034 seconds
[2023-08-02T11:24:34.403-0500] {processor.py:157} INFO - Started process (PID=108281) to work on /home/joha/anaconda3/lib/python3.10/site-packages/airflow/example_dags/tutorial_taskflow_api_virtualenv.py
[2023-08-02T11:24:34.404-0500] {processor.py:826} INFO - Processing file /home/joha/anaconda3/lib/python3.10/site-packages/airflow/example_dags/tutorial_taskflow_api_virtualenv.py for tasks to queue
[2023-08-02T11:24:34.405-0500] {logging_mixin.py:150} INFO - [2023-08-02T11:24:34.405-0500] {dagbag.py:541} INFO - Filling up the DagBag from /home/joha/anaconda3/lib/python3.10/site-packages/airflow/example_dags/tutorial_taskflow_api_virtualenv.py
[2023-08-02T11:24:34.408-0500] {logging_mixin.py:150} INFO - [2023-08-02T11:24:34.408-0500] {tutorial_taskflow_api_virtualenv.py:29} WARNING - The tutorial_taskflow_api_virtualenv example DAG requires virtualenv, please install it.
[2023-08-02T11:24:34.408-0500] {processor.py:838} WARNING - No viable dags retrieved from /home/joha/anaconda3/lib/python3.10/site-packages/airflow/example_dags/tutorial_taskflow_api_virtualenv.py
[2023-08-02T11:24:34.419-0500] {processor.py:179} INFO - Processing /home/joha/anaconda3/lib/python3.10/site-packages/airflow/example_dags/tutorial_taskflow_api_virtualenv.py took 0.020 seconds
[2023-08-02T11:25:46.126-0500] {processor.py:157} INFO - Started process (PID=108416) to work on /home/joha/anaconda3/lib/python3.10/site-packages/airflow/example_dags/tutorial_taskflow_api_virtualenv.py
[2023-08-02T11:25:46.133-0500] {processor.py:826} INFO - Processing file /home/joha/anaconda3/lib/python3.10/site-packages/airflow/example_dags/tutorial_taskflow_api_virtualenv.py for tasks to queue
[2023-08-02T11:25:46.135-0500] {logging_mixin.py:150} INFO - [2023-08-02T11:25:46.134-0500] {dagbag.py:541} INFO - Filling up the DagBag from /home/joha/anaconda3/lib/python3.10/site-packages/airflow/example_dags/tutorial_taskflow_api_virtualenv.py
[2023-08-02T11:25:46.137-0500] {logging_mixin.py:150} INFO - [2023-08-02T11:25:46.137-0500] {tutorial_taskflow_api_virtualenv.py:29} WARNING - The tutorial_taskflow_api_virtualenv example DAG requires virtualenv, please install it.
[2023-08-02T11:25:46.138-0500] {processor.py:838} WARNING - No viable dags retrieved from /home/joha/anaconda3/lib/python3.10/site-packages/airflow/example_dags/tutorial_taskflow_api_virtualenv.py
[2023-08-02T11:25:46.149-0500] {processor.py:179} INFO - Processing /home/joha/anaconda3/lib/python3.10/site-packages/airflow/example_dags/tutorial_taskflow_api_virtualenv.py took 0.026 seconds
