[2023-08-04T09:36:20.218-0500] {processor.py:157} INFO - Started process (PID=24862) to work on /home/joha/airflow/dags/EXternalSensor1.py
[2023-08-04T09:36:20.220-0500] {processor.py:826} INFO - Processing file /home/joha/airflow/dags/EXternalSensor1.py for tasks to queue
[2023-08-04T09:36:20.221-0500] {logging_mixin.py:150} INFO - [2023-08-04T09:36:20.220-0500] {dagbag.py:541} INFO - Filling up the DagBag from /home/joha/airflow/dags/EXternalSensor1.py
[2023-08-04T09:36:20.232-0500] {processor.py:836} INFO - DAG(s) dict_keys(['externalTaskSensor1']) retrieved from /home/joha/airflow/dags/EXternalSensor1.py
[2023-08-04T09:36:20.253-0500] {logging_mixin.py:150} INFO - [2023-08-04T09:36:20.252-0500] {dag.py:2742} INFO - Sync 1 DAGs
[2023-08-04T09:36:20.277-0500] {logging_mixin.py:150} INFO - [2023-08-04T09:36:20.277-0500] {dag.py:3504} INFO - Setting next_dagrun for externalTaskSensor1 to 2022-08-10T00:00:00+00:00, run_after=2022-08-11T00:00:00+00:00
[2023-08-04T09:36:20.573-0500] {processor.py:179} INFO - Processing /home/joha/airflow/dags/EXternalSensor1.py took 0.360 seconds
[2023-08-04T09:37:04.975-0500] {processor.py:157} INFO - Started process (PID=24971) to work on /home/joha/airflow/dags/EXternalSensor1.py
[2023-08-04T09:37:04.984-0500] {processor.py:826} INFO - Processing file /home/joha/airflow/dags/EXternalSensor1.py for tasks to queue
[2023-08-04T09:37:04.986-0500] {logging_mixin.py:150} INFO - [2023-08-04T09:37:04.985-0500] {dagbag.py:541} INFO - Filling up the DagBag from /home/joha/airflow/dags/EXternalSensor1.py
[2023-08-04T09:37:05.004-0500] {processor.py:836} INFO - DAG(s) dict_keys(['externalTaskSensor1']) retrieved from /home/joha/airflow/dags/EXternalSensor1.py
[2023-08-04T09:37:05.023-0500] {logging_mixin.py:150} INFO - [2023-08-04T09:37:05.022-0500] {dag.py:2742} INFO - Sync 1 DAGs
[2023-08-04T09:37:05.041-0500] {logging_mixin.py:150} INFO - [2023-08-04T09:37:05.041-0500] {dag.py:3504} INFO - Setting next_dagrun for externalTaskSensor1 to 2022-08-10T00:00:00+00:00, run_after=2022-08-11T00:00:00+00:00
[2023-08-04T09:37:05.060-0500] {processor.py:179} INFO - Processing /home/joha/airflow/dags/EXternalSensor1.py took 0.091 seconds
[2023-08-04T09:37:40.587-0500] {processor.py:157} INFO - Started process (PID=25097) to work on /home/joha/airflow/dags/EXternalSensor1.py
[2023-08-04T09:37:40.594-0500] {processor.py:826} INFO - Processing file /home/joha/airflow/dags/EXternalSensor1.py for tasks to queue
[2023-08-04T09:37:40.595-0500] {logging_mixin.py:150} INFO - [2023-08-04T09:37:40.595-0500] {dagbag.py:541} INFO - Filling up the DagBag from /home/joha/airflow/dags/EXternalSensor1.py
[2023-08-04T09:37:40.605-0500] {processor.py:836} INFO - DAG(s) dict_keys(['externalTaskSensor1']) retrieved from /home/joha/airflow/dags/EXternalSensor1.py
[2023-08-04T09:37:40.621-0500] {logging_mixin.py:150} INFO - [2023-08-04T09:37:40.621-0500] {dag.py:2742} INFO - Sync 1 DAGs
[2023-08-04T09:37:40.641-0500] {logging_mixin.py:150} INFO - [2023-08-04T09:37:40.641-0500] {dag.py:3504} INFO - Setting next_dagrun for externalTaskSensor1 to 2022-08-10T00:00:00+00:00, run_after=2022-08-11T00:00:00+00:00
[2023-08-04T09:37:40.662-0500] {processor.py:179} INFO - Processing /home/joha/airflow/dags/EXternalSensor1.py took 0.080 seconds
