[2023-08-04T09:36:18.280-0500] {processor.py:157} INFO - Started process (PID=24740) to work on /home/joha/airflow/dags/ExternalSensor2.py
[2023-08-04T09:36:18.281-0500] {processor.py:826} INFO - Processing file /home/joha/airflow/dags/ExternalSensor2.py for tasks to queue
[2023-08-04T09:36:18.282-0500] {logging_mixin.py:150} INFO - [2023-08-04T09:36:18.281-0500] {dagbag.py:541} INFO - Filling up the DagBag from /home/joha/airflow/dags/ExternalSensor2.py
[2023-08-04T09:36:18.291-0500] {processor.py:836} INFO - DAG(s) dict_keys(['externalTaskSensor2']) retrieved from /home/joha/airflow/dags/ExternalSensor2.py
[2023-08-04T09:36:18.308-0500] {logging_mixin.py:150} INFO - [2023-08-04T09:36:18.308-0500] {dag.py:2742} INFO - Sync 1 DAGs
[2023-08-04T09:36:18.329-0500] {logging_mixin.py:150} INFO - [2023-08-04T09:36:18.328-0500] {dag.py:3504} INFO - Setting next_dagrun for externalTaskSensor2 to 2022-08-21T00:00:00+00:00, run_after=2022-08-22T00:00:00+00:00
[2023-08-04T09:36:18.607-0500] {processor.py:179} INFO - Processing /home/joha/airflow/dags/ExternalSensor2.py took 0.332 seconds
[2023-08-04T09:37:04.702-0500] {processor.py:157} INFO - Started process (PID=24970) to work on /home/joha/airflow/dags/ExternalSensor2.py
[2023-08-04T09:37:04.710-0500] {processor.py:826} INFO - Processing file /home/joha/airflow/dags/ExternalSensor2.py for tasks to queue
[2023-08-04T09:37:04.711-0500] {logging_mixin.py:150} INFO - [2023-08-04T09:37:04.711-0500] {dagbag.py:541} INFO - Filling up the DagBag from /home/joha/airflow/dags/ExternalSensor2.py
[2023-08-04T09:37:04.720-0500] {processor.py:836} INFO - DAG(s) dict_keys(['externalTaskSensor2']) retrieved from /home/joha/airflow/dags/ExternalSensor2.py
[2023-08-04T09:37:04.737-0500] {logging_mixin.py:150} INFO - [2023-08-04T09:37:04.737-0500] {dag.py:2742} INFO - Sync 1 DAGs
[2023-08-04T09:37:04.757-0500] {logging_mixin.py:150} INFO - [2023-08-04T09:37:04.756-0500] {dag.py:3504} INFO - Setting next_dagrun for externalTaskSensor2 to 2022-08-21T00:00:00+00:00, run_after=2022-08-22T00:00:00+00:00
[2023-08-04T09:37:04.775-0500] {processor.py:179} INFO - Processing /home/joha/airflow/dags/ExternalSensor2.py took 0.076 seconds
[2023-08-04T09:37:39.418-0500] {processor.py:157} INFO - Started process (PID=25096) to work on /home/joha/airflow/dags/ExternalSensor2.py
[2023-08-04T09:37:39.426-0500] {processor.py:826} INFO - Processing file /home/joha/airflow/dags/ExternalSensor2.py for tasks to queue
[2023-08-04T09:37:39.428-0500] {logging_mixin.py:150} INFO - [2023-08-04T09:37:39.427-0500] {dagbag.py:541} INFO - Filling up the DagBag from /home/joha/airflow/dags/ExternalSensor2.py
[2023-08-04T09:37:39.440-0500] {processor.py:836} INFO - DAG(s) dict_keys(['externalTaskSensor2']) retrieved from /home/joha/airflow/dags/ExternalSensor2.py
[2023-08-04T09:37:39.459-0500] {logging_mixin.py:150} INFO - [2023-08-04T09:37:39.458-0500] {dag.py:2742} INFO - Sync 1 DAGs
[2023-08-04T09:37:39.480-0500] {logging_mixin.py:150} INFO - [2023-08-04T09:37:39.480-0500] {dag.py:3504} INFO - Setting next_dagrun for externalTaskSensor2 to 2022-08-21T00:00:00+00:00, run_after=2022-08-22T00:00:00+00:00
[2023-08-04T09:37:39.504-0500] {processor.py:179} INFO - Processing /home/joha/airflow/dags/ExternalSensor2.py took 0.090 seconds
