[2023-07-28T19:00:11.982-0500] {processor.py:157} INFO - Started process (PID=59806) to work on /home/joha/anaconda3/lib/python3.10/site-packages/airflow/example_dags/example_setup_teardown_taskflow.py
[2023-07-28T19:00:11.984-0500] {processor.py:826} INFO - Processing file /home/joha/anaconda3/lib/python3.10/site-packages/airflow/example_dags/example_setup_teardown_taskflow.py for tasks to queue
[2023-07-28T19:00:11.985-0500] {logging_mixin.py:150} INFO - [2023-07-28T19:00:11.985-0500] {dagbag.py:541} INFO - Filling up the DagBag from /home/joha/anaconda3/lib/python3.10/site-packages/airflow/example_dags/example_setup_teardown_taskflow.py
[2023-07-28T19:00:11.989-0500] {processor.py:838} WARNING - No viable dags retrieved from /home/joha/anaconda3/lib/python3.10/site-packages/airflow/example_dags/example_setup_teardown_taskflow.py
[2023-07-28T19:00:12.006-0500] {processor.py:179} INFO - Processing /home/joha/anaconda3/lib/python3.10/site-packages/airflow/example_dags/example_setup_teardown_taskflow.py took 0.030 seconds
[2023-07-28T19:01:05.222-0500] {processor.py:157} INFO - Started process (PID=59866) to work on /home/joha/anaconda3/lib/python3.10/site-packages/airflow/example_dags/example_setup_teardown_taskflow.py
[2023-07-28T19:01:05.230-0500] {processor.py:826} INFO - Processing file /home/joha/anaconda3/lib/python3.10/site-packages/airflow/example_dags/example_setup_teardown_taskflow.py for tasks to queue
[2023-07-28T19:01:05.232-0500] {logging_mixin.py:150} INFO - [2023-07-28T19:01:05.231-0500] {dagbag.py:541} INFO - Filling up the DagBag from /home/joha/anaconda3/lib/python3.10/site-packages/airflow/example_dags/example_setup_teardown_taskflow.py
[2023-07-28T19:01:05.235-0500] {processor.py:838} WARNING - No viable dags retrieved from /home/joha/anaconda3/lib/python3.10/site-packages/airflow/example_dags/example_setup_teardown_taskflow.py
[2023-07-28T19:01:05.250-0500] {processor.py:179} INFO - Processing /home/joha/anaconda3/lib/python3.10/site-packages/airflow/example_dags/example_setup_teardown_taskflow.py took 0.032 seconds
[2023-07-28T19:01:59.990-0500] {processor.py:157} INFO - Started process (PID=59928) to work on /home/joha/anaconda3/lib/python3.10/site-packages/airflow/example_dags/example_setup_teardown_taskflow.py
[2023-07-28T19:01:59.999-0500] {processor.py:826} INFO - Processing file /home/joha/anaconda3/lib/python3.10/site-packages/airflow/example_dags/example_setup_teardown_taskflow.py for tasks to queue
[2023-07-28T19:02:00.000-0500] {logging_mixin.py:150} INFO - [2023-07-28T19:01:59.999-0500] {dagbag.py:541} INFO - Filling up the DagBag from /home/joha/anaconda3/lib/python3.10/site-packages/airflow/example_dags/example_setup_teardown_taskflow.py
[2023-07-28T19:02:00.004-0500] {processor.py:838} WARNING - No viable dags retrieved from /home/joha/anaconda3/lib/python3.10/site-packages/airflow/example_dags/example_setup_teardown_taskflow.py
[2023-07-28T19:02:00.020-0500] {processor.py:179} INFO - Processing /home/joha/anaconda3/lib/python3.10/site-packages/airflow/example_dags/example_setup_teardown_taskflow.py took 0.034 seconds
[2023-07-28T19:02:50.257-0500] {processor.py:157} INFO - Started process (PID=59987) to work on /home/joha/anaconda3/lib/python3.10/site-packages/airflow/example_dags/example_setup_teardown_taskflow.py
[2023-07-28T19:02:50.273-0500] {processor.py:826} INFO - Processing file /home/joha/anaconda3/lib/python3.10/site-packages/airflow/example_dags/example_setup_teardown_taskflow.py for tasks to queue
[2023-07-28T19:02:50.274-0500] {logging_mixin.py:150} INFO - [2023-07-28T19:02:50.274-0500] {dagbag.py:541} INFO - Filling up the DagBag from /home/joha/anaconda3/lib/python3.10/site-packages/airflow/example_dags/example_setup_teardown_taskflow.py
[2023-07-28T19:02:50.277-0500] {processor.py:838} WARNING - No viable dags retrieved from /home/joha/anaconda3/lib/python3.10/site-packages/airflow/example_dags/example_setup_teardown_taskflow.py
[2023-07-28T19:02:50.289-0500] {processor.py:179} INFO - Processing /home/joha/anaconda3/lib/python3.10/site-packages/airflow/example_dags/example_setup_teardown_taskflow.py took 0.036 seconds
[2023-07-28T19:03:45.249-0500] {processor.py:157} INFO - Started process (PID=60047) to work on /home/joha/anaconda3/lib/python3.10/site-packages/airflow/example_dags/example_setup_teardown_taskflow.py
[2023-07-28T19:03:45.257-0500] {processor.py:826} INFO - Processing file /home/joha/anaconda3/lib/python3.10/site-packages/airflow/example_dags/example_setup_teardown_taskflow.py for tasks to queue
[2023-07-28T19:03:45.259-0500] {logging_mixin.py:150} INFO - [2023-07-28T19:03:45.258-0500] {dagbag.py:541} INFO - Filling up the DagBag from /home/joha/anaconda3/lib/python3.10/site-packages/airflow/example_dags/example_setup_teardown_taskflow.py
[2023-07-28T19:03:45.263-0500] {processor.py:838} WARNING - No viable dags retrieved from /home/joha/anaconda3/lib/python3.10/site-packages/airflow/example_dags/example_setup_teardown_taskflow.py
[2023-07-28T19:03:45.281-0500] {processor.py:179} INFO - Processing /home/joha/anaconda3/lib/python3.10/site-packages/airflow/example_dags/example_setup_teardown_taskflow.py took 0.039 seconds
[2023-07-28T19:04:42.323-0500] {processor.py:157} INFO - Started process (PID=60111) to work on /home/joha/anaconda3/lib/python3.10/site-packages/airflow/example_dags/example_setup_teardown_taskflow.py
[2023-07-28T19:04:42.332-0500] {processor.py:826} INFO - Processing file /home/joha/anaconda3/lib/python3.10/site-packages/airflow/example_dags/example_setup_teardown_taskflow.py for tasks to queue
[2023-07-28T19:04:42.335-0500] {logging_mixin.py:150} INFO - [2023-07-28T19:04:42.334-0500] {dagbag.py:541} INFO - Filling up the DagBag from /home/joha/anaconda3/lib/python3.10/site-packages/airflow/example_dags/example_setup_teardown_taskflow.py
[2023-07-28T19:04:42.342-0500] {processor.py:838} WARNING - No viable dags retrieved from /home/joha/anaconda3/lib/python3.10/site-packages/airflow/example_dags/example_setup_teardown_taskflow.py
[2023-07-28T19:04:42.362-0500] {processor.py:179} INFO - Processing /home/joha/anaconda3/lib/python3.10/site-packages/airflow/example_dags/example_setup_teardown_taskflow.py took 0.045 seconds
[2023-07-28T19:05:38.726-0500] {processor.py:157} INFO - Started process (PID=60177) to work on /home/joha/anaconda3/lib/python3.10/site-packages/airflow/example_dags/example_setup_teardown_taskflow.py
[2023-07-28T19:05:38.734-0500] {processor.py:826} INFO - Processing file /home/joha/anaconda3/lib/python3.10/site-packages/airflow/example_dags/example_setup_teardown_taskflow.py for tasks to queue
[2023-07-28T19:05:38.736-0500] {logging_mixin.py:150} INFO - [2023-07-28T19:05:38.735-0500] {dagbag.py:541} INFO - Filling up the DagBag from /home/joha/anaconda3/lib/python3.10/site-packages/airflow/example_dags/example_setup_teardown_taskflow.py
[2023-07-28T19:05:38.739-0500] {processor.py:838} WARNING - No viable dags retrieved from /home/joha/anaconda3/lib/python3.10/site-packages/airflow/example_dags/example_setup_teardown_taskflow.py
[2023-07-28T19:05:38.754-0500] {processor.py:179} INFO - Processing /home/joha/anaconda3/lib/python3.10/site-packages/airflow/example_dags/example_setup_teardown_taskflow.py took 0.033 seconds
[2023-07-28T19:06:31.840-0500] {processor.py:157} INFO - Started process (PID=60238) to work on /home/joha/anaconda3/lib/python3.10/site-packages/airflow/example_dags/example_setup_teardown_taskflow.py
[2023-07-28T19:06:31.848-0500] {processor.py:826} INFO - Processing file /home/joha/anaconda3/lib/python3.10/site-packages/airflow/example_dags/example_setup_teardown_taskflow.py for tasks to queue
[2023-07-28T19:06:31.850-0500] {logging_mixin.py:150} INFO - [2023-07-28T19:06:31.849-0500] {dagbag.py:541} INFO - Filling up the DagBag from /home/joha/anaconda3/lib/python3.10/site-packages/airflow/example_dags/example_setup_teardown_taskflow.py
[2023-07-28T19:06:31.853-0500] {processor.py:838} WARNING - No viable dags retrieved from /home/joha/anaconda3/lib/python3.10/site-packages/airflow/example_dags/example_setup_teardown_taskflow.py
[2023-07-28T19:06:31.868-0500] {processor.py:179} INFO - Processing /home/joha/anaconda3/lib/python3.10/site-packages/airflow/example_dags/example_setup_teardown_taskflow.py took 0.033 seconds
[2023-07-28T19:07:25.672-0500] {processor.py:157} INFO - Started process (PID=60298) to work on /home/joha/anaconda3/lib/python3.10/site-packages/airflow/example_dags/example_setup_teardown_taskflow.py
[2023-07-28T19:07:25.680-0500] {processor.py:826} INFO - Processing file /home/joha/anaconda3/lib/python3.10/site-packages/airflow/example_dags/example_setup_teardown_taskflow.py for tasks to queue
[2023-07-28T19:07:25.683-0500] {logging_mixin.py:150} INFO - [2023-07-28T19:07:25.682-0500] {dagbag.py:541} INFO - Filling up the DagBag from /home/joha/anaconda3/lib/python3.10/site-packages/airflow/example_dags/example_setup_teardown_taskflow.py
[2023-07-28T19:07:25.690-0500] {processor.py:838} WARNING - No viable dags retrieved from /home/joha/anaconda3/lib/python3.10/site-packages/airflow/example_dags/example_setup_teardown_taskflow.py
[2023-07-28T19:07:25.710-0500] {processor.py:179} INFO - Processing /home/joha/anaconda3/lib/python3.10/site-packages/airflow/example_dags/example_setup_teardown_taskflow.py took 0.043 seconds
[2023-07-28T19:08:17.629-0500] {processor.py:157} INFO - Started process (PID=60357) to work on /home/joha/anaconda3/lib/python3.10/site-packages/airflow/example_dags/example_setup_teardown_taskflow.py
[2023-07-28T19:08:17.638-0500] {processor.py:826} INFO - Processing file /home/joha/anaconda3/lib/python3.10/site-packages/airflow/example_dags/example_setup_teardown_taskflow.py for tasks to queue
[2023-07-28T19:08:17.640-0500] {logging_mixin.py:150} INFO - [2023-07-28T19:08:17.639-0500] {dagbag.py:541} INFO - Filling up the DagBag from /home/joha/anaconda3/lib/python3.10/site-packages/airflow/example_dags/example_setup_teardown_taskflow.py
[2023-07-28T19:08:17.644-0500] {processor.py:838} WARNING - No viable dags retrieved from /home/joha/anaconda3/lib/python3.10/site-packages/airflow/example_dags/example_setup_teardown_taskflow.py
[2023-07-28T19:08:17.661-0500] {processor.py:179} INFO - Processing /home/joha/anaconda3/lib/python3.10/site-packages/airflow/example_dags/example_setup_teardown_taskflow.py took 0.038 seconds
[2023-07-28T19:09:10.023-0500] {processor.py:157} INFO - Started process (PID=60416) to work on /home/joha/anaconda3/lib/python3.10/site-packages/airflow/example_dags/example_setup_teardown_taskflow.py
[2023-07-28T19:09:10.032-0500] {processor.py:826} INFO - Processing file /home/joha/anaconda3/lib/python3.10/site-packages/airflow/example_dags/example_setup_teardown_taskflow.py for tasks to queue
[2023-07-28T19:09:10.032-0500] {logging_mixin.py:150} INFO - [2023-07-28T19:09:10.032-0500] {dagbag.py:541} INFO - Filling up the DagBag from /home/joha/anaconda3/lib/python3.10/site-packages/airflow/example_dags/example_setup_teardown_taskflow.py
[2023-07-28T19:09:10.035-0500] {processor.py:838} WARNING - No viable dags retrieved from /home/joha/anaconda3/lib/python3.10/site-packages/airflow/example_dags/example_setup_teardown_taskflow.py
[2023-07-28T19:09:10.044-0500] {processor.py:179} INFO - Processing /home/joha/anaconda3/lib/python3.10/site-packages/airflow/example_dags/example_setup_teardown_taskflow.py took 0.025 seconds
[2023-07-28T19:10:04.287-0500] {processor.py:157} INFO - Started process (PID=60486) to work on /home/joha/anaconda3/lib/python3.10/site-packages/airflow/example_dags/example_setup_teardown_taskflow.py
[2023-07-28T19:10:04.295-0500] {processor.py:826} INFO - Processing file /home/joha/anaconda3/lib/python3.10/site-packages/airflow/example_dags/example_setup_teardown_taskflow.py for tasks to queue
[2023-07-28T19:10:04.297-0500] {logging_mixin.py:150} INFO - [2023-07-28T19:10:04.296-0500] {dagbag.py:541} INFO - Filling up the DagBag from /home/joha/anaconda3/lib/python3.10/site-packages/airflow/example_dags/example_setup_teardown_taskflow.py
[2023-07-28T19:10:04.301-0500] {processor.py:838} WARNING - No viable dags retrieved from /home/joha/anaconda3/lib/python3.10/site-packages/airflow/example_dags/example_setup_teardown_taskflow.py
[2023-07-28T19:10:04.319-0500] {processor.py:179} INFO - Processing /home/joha/anaconda3/lib/python3.10/site-packages/airflow/example_dags/example_setup_teardown_taskflow.py took 0.039 seconds
[2023-07-28T19:11:00.173-0500] {processor.py:157} INFO - Started process (PID=60548) to work on /home/joha/anaconda3/lib/python3.10/site-packages/airflow/example_dags/example_setup_teardown_taskflow.py
[2023-07-28T19:11:00.182-0500] {processor.py:826} INFO - Processing file /home/joha/anaconda3/lib/python3.10/site-packages/airflow/example_dags/example_setup_teardown_taskflow.py for tasks to queue
[2023-07-28T19:11:00.185-0500] {logging_mixin.py:150} INFO - [2023-07-28T19:11:00.184-0500] {dagbag.py:541} INFO - Filling up the DagBag from /home/joha/anaconda3/lib/python3.10/site-packages/airflow/example_dags/example_setup_teardown_taskflow.py
[2023-07-28T19:11:00.192-0500] {processor.py:838} WARNING - No viable dags retrieved from /home/joha/anaconda3/lib/python3.10/site-packages/airflow/example_dags/example_setup_teardown_taskflow.py
[2023-07-28T19:11:00.211-0500] {processor.py:179} INFO - Processing /home/joha/anaconda3/lib/python3.10/site-packages/airflow/example_dags/example_setup_teardown_taskflow.py took 0.045 seconds
[2023-07-28T19:11:52.151-0500] {processor.py:157} INFO - Started process (PID=60607) to work on /home/joha/anaconda3/lib/python3.10/site-packages/airflow/example_dags/example_setup_teardown_taskflow.py
[2023-07-28T19:11:52.160-0500] {processor.py:826} INFO - Processing file /home/joha/anaconda3/lib/python3.10/site-packages/airflow/example_dags/example_setup_teardown_taskflow.py for tasks to queue
[2023-07-28T19:11:52.162-0500] {logging_mixin.py:150} INFO - [2023-07-28T19:11:52.161-0500] {dagbag.py:541} INFO - Filling up the DagBag from /home/joha/anaconda3/lib/python3.10/site-packages/airflow/example_dags/example_setup_teardown_taskflow.py
[2023-07-28T19:11:52.166-0500] {processor.py:838} WARNING - No viable dags retrieved from /home/joha/anaconda3/lib/python3.10/site-packages/airflow/example_dags/example_setup_teardown_taskflow.py
[2023-07-28T19:11:52.183-0500] {processor.py:179} INFO - Processing /home/joha/anaconda3/lib/python3.10/site-packages/airflow/example_dags/example_setup_teardown_taskflow.py took 0.038 seconds
[2023-07-28T19:12:47.335-0500] {processor.py:157} INFO - Started process (PID=60669) to work on /home/joha/anaconda3/lib/python3.10/site-packages/airflow/example_dags/example_setup_teardown_taskflow.py
[2023-07-28T19:12:47.344-0500] {processor.py:826} INFO - Processing file /home/joha/anaconda3/lib/python3.10/site-packages/airflow/example_dags/example_setup_teardown_taskflow.py for tasks to queue
[2023-07-28T19:12:47.347-0500] {logging_mixin.py:150} INFO - [2023-07-28T19:12:47.346-0500] {dagbag.py:541} INFO - Filling up the DagBag from /home/joha/anaconda3/lib/python3.10/site-packages/airflow/example_dags/example_setup_teardown_taskflow.py
[2023-07-28T19:12:47.353-0500] {processor.py:838} WARNING - No viable dags retrieved from /home/joha/anaconda3/lib/python3.10/site-packages/airflow/example_dags/example_setup_teardown_taskflow.py
[2023-07-28T19:12:47.374-0500] {processor.py:179} INFO - Processing /home/joha/anaconda3/lib/python3.10/site-packages/airflow/example_dags/example_setup_teardown_taskflow.py took 0.044 seconds
[2023-07-28T19:13:44.476-0500] {processor.py:157} INFO - Started process (PID=60738) to work on /home/joha/anaconda3/lib/python3.10/site-packages/airflow/example_dags/example_setup_teardown_taskflow.py
[2023-07-28T19:13:44.484-0500] {processor.py:826} INFO - Processing file /home/joha/anaconda3/lib/python3.10/site-packages/airflow/example_dags/example_setup_teardown_taskflow.py for tasks to queue
[2023-07-28T19:13:44.486-0500] {logging_mixin.py:150} INFO - [2023-07-28T19:13:44.485-0500] {dagbag.py:541} INFO - Filling up the DagBag from /home/joha/anaconda3/lib/python3.10/site-packages/airflow/example_dags/example_setup_teardown_taskflow.py
[2023-07-28T19:13:44.490-0500] {processor.py:838} WARNING - No viable dags retrieved from /home/joha/anaconda3/lib/python3.10/site-packages/airflow/example_dags/example_setup_teardown_taskflow.py
[2023-07-28T19:13:44.508-0500] {processor.py:179} INFO - Processing /home/joha/anaconda3/lib/python3.10/site-packages/airflow/example_dags/example_setup_teardown_taskflow.py took 0.038 seconds
[2023-07-28T19:14:37.810-0500] {processor.py:157} INFO - Started process (PID=60799) to work on /home/joha/anaconda3/lib/python3.10/site-packages/airflow/example_dags/example_setup_teardown_taskflow.py
[2023-07-28T19:14:37.818-0500] {processor.py:826} INFO - Processing file /home/joha/anaconda3/lib/python3.10/site-packages/airflow/example_dags/example_setup_teardown_taskflow.py for tasks to queue
[2023-07-28T19:14:37.819-0500] {logging_mixin.py:150} INFO - [2023-07-28T19:14:37.819-0500] {dagbag.py:541} INFO - Filling up the DagBag from /home/joha/anaconda3/lib/python3.10/site-packages/airflow/example_dags/example_setup_teardown_taskflow.py
[2023-07-28T19:14:37.823-0500] {processor.py:838} WARNING - No viable dags retrieved from /home/joha/anaconda3/lib/python3.10/site-packages/airflow/example_dags/example_setup_teardown_taskflow.py
[2023-07-28T19:14:37.837-0500] {processor.py:179} INFO - Processing /home/joha/anaconda3/lib/python3.10/site-packages/airflow/example_dags/example_setup_teardown_taskflow.py took 0.032 seconds
[2023-07-28T19:15:28.362-0500] {processor.py:157} INFO - Started process (PID=60869) to work on /home/joha/anaconda3/lib/python3.10/site-packages/airflow/example_dags/example_setup_teardown_taskflow.py
[2023-07-28T19:15:28.370-0500] {processor.py:826} INFO - Processing file /home/joha/anaconda3/lib/python3.10/site-packages/airflow/example_dags/example_setup_teardown_taskflow.py for tasks to queue
[2023-07-28T19:15:28.372-0500] {logging_mixin.py:150} INFO - [2023-07-28T19:15:28.371-0500] {dagbag.py:541} INFO - Filling up the DagBag from /home/joha/anaconda3/lib/python3.10/site-packages/airflow/example_dags/example_setup_teardown_taskflow.py
[2023-07-28T19:15:28.375-0500] {processor.py:838} WARNING - No viable dags retrieved from /home/joha/anaconda3/lib/python3.10/site-packages/airflow/example_dags/example_setup_teardown_taskflow.py
[2023-07-28T19:15:28.390-0500] {processor.py:179} INFO - Processing /home/joha/anaconda3/lib/python3.10/site-packages/airflow/example_dags/example_setup_teardown_taskflow.py took 0.032 seconds
[2023-07-28T19:16:29.283-0500] {processor.py:157} INFO - Started process (PID=60936) to work on /home/joha/anaconda3/lib/python3.10/site-packages/airflow/example_dags/example_setup_teardown_taskflow.py
[2023-07-28T19:16:29.291-0500] {processor.py:826} INFO - Processing file /home/joha/anaconda3/lib/python3.10/site-packages/airflow/example_dags/example_setup_teardown_taskflow.py for tasks to queue
[2023-07-28T19:16:29.291-0500] {logging_mixin.py:150} INFO - [2023-07-28T19:16:29.291-0500] {dagbag.py:541} INFO - Filling up the DagBag from /home/joha/anaconda3/lib/python3.10/site-packages/airflow/example_dags/example_setup_teardown_taskflow.py
[2023-07-28T19:16:29.293-0500] {processor.py:838} WARNING - No viable dags retrieved from /home/joha/anaconda3/lib/python3.10/site-packages/airflow/example_dags/example_setup_teardown_taskflow.py
[2023-07-28T19:16:29.304-0500] {processor.py:179} INFO - Processing /home/joha/anaconda3/lib/python3.10/site-packages/airflow/example_dags/example_setup_teardown_taskflow.py took 0.025 seconds
[2023-07-28T19:17:18.794-0500] {processor.py:157} INFO - Started process (PID=60998) to work on /home/joha/anaconda3/lib/python3.10/site-packages/airflow/example_dags/example_setup_teardown_taskflow.py
[2023-07-28T19:17:18.803-0500] {processor.py:826} INFO - Processing file /home/joha/anaconda3/lib/python3.10/site-packages/airflow/example_dags/example_setup_teardown_taskflow.py for tasks to queue
[2023-07-28T19:17:18.805-0500] {logging_mixin.py:150} INFO - [2023-07-28T19:17:18.804-0500] {dagbag.py:541} INFO - Filling up the DagBag from /home/joha/anaconda3/lib/python3.10/site-packages/airflow/example_dags/example_setup_teardown_taskflow.py
[2023-07-28T19:17:18.812-0500] {processor.py:838} WARNING - No viable dags retrieved from /home/joha/anaconda3/lib/python3.10/site-packages/airflow/example_dags/example_setup_teardown_taskflow.py
[2023-07-28T19:17:18.832-0500] {processor.py:179} INFO - Processing /home/joha/anaconda3/lib/python3.10/site-packages/airflow/example_dags/example_setup_teardown_taskflow.py took 0.044 seconds
[2023-07-28T19:18:12.162-0500] {processor.py:157} INFO - Started process (PID=61057) to work on /home/joha/anaconda3/lib/python3.10/site-packages/airflow/example_dags/example_setup_teardown_taskflow.py
[2023-07-28T19:18:12.170-0500] {processor.py:826} INFO - Processing file /home/joha/anaconda3/lib/python3.10/site-packages/airflow/example_dags/example_setup_teardown_taskflow.py for tasks to queue
[2023-07-28T19:18:12.171-0500] {logging_mixin.py:150} INFO - [2023-07-28T19:18:12.170-0500] {dagbag.py:541} INFO - Filling up the DagBag from /home/joha/anaconda3/lib/python3.10/site-packages/airflow/example_dags/example_setup_teardown_taskflow.py
[2023-07-28T19:18:12.173-0500] {processor.py:838} WARNING - No viable dags retrieved from /home/joha/anaconda3/lib/python3.10/site-packages/airflow/example_dags/example_setup_teardown_taskflow.py
[2023-07-28T19:18:12.181-0500] {processor.py:179} INFO - Processing /home/joha/anaconda3/lib/python3.10/site-packages/airflow/example_dags/example_setup_teardown_taskflow.py took 0.023 seconds
[2023-07-28T19:19:08.049-0500] {processor.py:157} INFO - Started process (PID=61118) to work on /home/joha/anaconda3/lib/python3.10/site-packages/airflow/example_dags/example_setup_teardown_taskflow.py
[2023-07-28T19:19:08.058-0500] {processor.py:826} INFO - Processing file /home/joha/anaconda3/lib/python3.10/site-packages/airflow/example_dags/example_setup_teardown_taskflow.py for tasks to queue
[2023-07-28T19:19:08.060-0500] {logging_mixin.py:150} INFO - [2023-07-28T19:19:08.059-0500] {dagbag.py:541} INFO - Filling up the DagBag from /home/joha/anaconda3/lib/python3.10/site-packages/airflow/example_dags/example_setup_teardown_taskflow.py
[2023-07-28T19:19:08.067-0500] {processor.py:838} WARNING - No viable dags retrieved from /home/joha/anaconda3/lib/python3.10/site-packages/airflow/example_dags/example_setup_teardown_taskflow.py
[2023-07-28T19:19:08.086-0500] {processor.py:179} INFO - Processing /home/joha/anaconda3/lib/python3.10/site-packages/airflow/example_dags/example_setup_teardown_taskflow.py took 0.042 seconds
[2023-07-28T19:20:01.510-0500] {processor.py:157} INFO - Started process (PID=61182) to work on /home/joha/anaconda3/lib/python3.10/site-packages/airflow/example_dags/example_setup_teardown_taskflow.py
[2023-07-28T19:20:01.517-0500] {processor.py:826} INFO - Processing file /home/joha/anaconda3/lib/python3.10/site-packages/airflow/example_dags/example_setup_teardown_taskflow.py for tasks to queue
[2023-07-28T19:20:01.518-0500] {logging_mixin.py:150} INFO - [2023-07-28T19:20:01.517-0500] {dagbag.py:541} INFO - Filling up the DagBag from /home/joha/anaconda3/lib/python3.10/site-packages/airflow/example_dags/example_setup_teardown_taskflow.py
[2023-07-28T19:20:01.520-0500] {processor.py:838} WARNING - No viable dags retrieved from /home/joha/anaconda3/lib/python3.10/site-packages/airflow/example_dags/example_setup_teardown_taskflow.py
[2023-07-28T19:20:01.529-0500] {processor.py:179} INFO - Processing /home/joha/anaconda3/lib/python3.10/site-packages/airflow/example_dags/example_setup_teardown_taskflow.py took 0.022 seconds
[2023-07-28T19:20:59.755-0500] {processor.py:157} INFO - Started process (PID=61246) to work on /home/joha/anaconda3/lib/python3.10/site-packages/airflow/example_dags/example_setup_teardown_taskflow.py
[2023-07-28T19:20:59.762-0500] {processor.py:826} INFO - Processing file /home/joha/anaconda3/lib/python3.10/site-packages/airflow/example_dags/example_setup_teardown_taskflow.py for tasks to queue
[2023-07-28T19:20:59.763-0500] {logging_mixin.py:150} INFO - [2023-07-28T19:20:59.763-0500] {dagbag.py:541} INFO - Filling up the DagBag from /home/joha/anaconda3/lib/python3.10/site-packages/airflow/example_dags/example_setup_teardown_taskflow.py
[2023-07-28T19:20:59.766-0500] {processor.py:838} WARNING - No viable dags retrieved from /home/joha/anaconda3/lib/python3.10/site-packages/airflow/example_dags/example_setup_teardown_taskflow.py
[2023-07-28T19:20:59.776-0500] {processor.py:179} INFO - Processing /home/joha/anaconda3/lib/python3.10/site-packages/airflow/example_dags/example_setup_teardown_taskflow.py took 0.024 seconds
[2023-07-28T19:21:49.307-0500] {processor.py:157} INFO - Started process (PID=61306) to work on /home/joha/anaconda3/lib/python3.10/site-packages/airflow/example_dags/example_setup_teardown_taskflow.py
[2023-07-28T19:21:49.315-0500] {processor.py:826} INFO - Processing file /home/joha/anaconda3/lib/python3.10/site-packages/airflow/example_dags/example_setup_teardown_taskflow.py for tasks to queue
[2023-07-28T19:21:49.316-0500] {logging_mixin.py:150} INFO - [2023-07-28T19:21:49.315-0500] {dagbag.py:541} INFO - Filling up the DagBag from /home/joha/anaconda3/lib/python3.10/site-packages/airflow/example_dags/example_setup_teardown_taskflow.py
[2023-07-28T19:21:49.318-0500] {processor.py:838} WARNING - No viable dags retrieved from /home/joha/anaconda3/lib/python3.10/site-packages/airflow/example_dags/example_setup_teardown_taskflow.py
[2023-07-28T19:21:49.329-0500] {processor.py:179} INFO - Processing /home/joha/anaconda3/lib/python3.10/site-packages/airflow/example_dags/example_setup_teardown_taskflow.py took 0.025 seconds
[2023-07-28T19:22:42.319-0500] {processor.py:157} INFO - Started process (PID=61367) to work on /home/joha/anaconda3/lib/python3.10/site-packages/airflow/example_dags/example_setup_teardown_taskflow.py
[2023-07-28T19:22:42.327-0500] {processor.py:826} INFO - Processing file /home/joha/anaconda3/lib/python3.10/site-packages/airflow/example_dags/example_setup_teardown_taskflow.py for tasks to queue
[2023-07-28T19:22:42.329-0500] {logging_mixin.py:150} INFO - [2023-07-28T19:22:42.328-0500] {dagbag.py:541} INFO - Filling up the DagBag from /home/joha/anaconda3/lib/python3.10/site-packages/airflow/example_dags/example_setup_teardown_taskflow.py
[2023-07-28T19:22:42.333-0500] {processor.py:838} WARNING - No viable dags retrieved from /home/joha/anaconda3/lib/python3.10/site-packages/airflow/example_dags/example_setup_teardown_taskflow.py
[2023-07-28T19:22:42.351-0500] {processor.py:179} INFO - Processing /home/joha/anaconda3/lib/python3.10/site-packages/airflow/example_dags/example_setup_teardown_taskflow.py took 0.038 seconds
[2023-07-28T19:23:33.064-0500] {processor.py:157} INFO - Started process (PID=61425) to work on /home/joha/anaconda3/lib/python3.10/site-packages/airflow/example_dags/example_setup_teardown_taskflow.py
[2023-07-28T19:23:33.073-0500] {processor.py:826} INFO - Processing file /home/joha/anaconda3/lib/python3.10/site-packages/airflow/example_dags/example_setup_teardown_taskflow.py for tasks to queue
[2023-07-28T19:23:33.075-0500] {logging_mixin.py:150} INFO - [2023-07-28T19:23:33.074-0500] {dagbag.py:541} INFO - Filling up the DagBag from /home/joha/anaconda3/lib/python3.10/site-packages/airflow/example_dags/example_setup_teardown_taskflow.py
[2023-07-28T19:23:33.079-0500] {processor.py:838} WARNING - No viable dags retrieved from /home/joha/anaconda3/lib/python3.10/site-packages/airflow/example_dags/example_setup_teardown_taskflow.py
[2023-07-28T19:23:33.096-0500] {processor.py:179} INFO - Processing /home/joha/anaconda3/lib/python3.10/site-packages/airflow/example_dags/example_setup_teardown_taskflow.py took 0.038 seconds
[2023-07-28T19:24:27.384-0500] {processor.py:157} INFO - Started process (PID=61484) to work on /home/joha/anaconda3/lib/python3.10/site-packages/airflow/example_dags/example_setup_teardown_taskflow.py
[2023-07-28T19:24:27.393-0500] {processor.py:826} INFO - Processing file /home/joha/anaconda3/lib/python3.10/site-packages/airflow/example_dags/example_setup_teardown_taskflow.py for tasks to queue
[2023-07-28T19:24:27.396-0500] {logging_mixin.py:150} INFO - [2023-07-28T19:24:27.394-0500] {dagbag.py:541} INFO - Filling up the DagBag from /home/joha/anaconda3/lib/python3.10/site-packages/airflow/example_dags/example_setup_teardown_taskflow.py
[2023-07-28T19:24:27.402-0500] {processor.py:838} WARNING - No viable dags retrieved from /home/joha/anaconda3/lib/python3.10/site-packages/airflow/example_dags/example_setup_teardown_taskflow.py
[2023-07-28T19:24:27.419-0500] {processor.py:179} INFO - Processing /home/joha/anaconda3/lib/python3.10/site-packages/airflow/example_dags/example_setup_teardown_taskflow.py took 0.040 seconds
[2023-07-28T19:25:22.448-0500] {processor.py:157} INFO - Started process (PID=61549) to work on /home/joha/anaconda3/lib/python3.10/site-packages/airflow/example_dags/example_setup_teardown_taskflow.py
[2023-07-28T19:25:22.457-0500] {processor.py:826} INFO - Processing file /home/joha/anaconda3/lib/python3.10/site-packages/airflow/example_dags/example_setup_teardown_taskflow.py for tasks to queue
[2023-07-28T19:25:22.460-0500] {logging_mixin.py:150} INFO - [2023-07-28T19:25:22.459-0500] {dagbag.py:541} INFO - Filling up the DagBag from /home/joha/anaconda3/lib/python3.10/site-packages/airflow/example_dags/example_setup_teardown_taskflow.py
[2023-07-28T19:25:22.466-0500] {processor.py:838} WARNING - No viable dags retrieved from /home/joha/anaconda3/lib/python3.10/site-packages/airflow/example_dags/example_setup_teardown_taskflow.py
[2023-07-28T19:25:22.486-0500] {processor.py:179} INFO - Processing /home/joha/anaconda3/lib/python3.10/site-packages/airflow/example_dags/example_setup_teardown_taskflow.py took 0.044 seconds
[2023-07-28T19:26:22.204-0500] {processor.py:157} INFO - Started process (PID=61620) to work on /home/joha/anaconda3/lib/python3.10/site-packages/airflow/example_dags/example_setup_teardown_taskflow.py
[2023-07-28T19:26:22.219-0500] {processor.py:826} INFO - Processing file /home/joha/anaconda3/lib/python3.10/site-packages/airflow/example_dags/example_setup_teardown_taskflow.py for tasks to queue
[2023-07-28T19:26:22.222-0500] {logging_mixin.py:150} INFO - [2023-07-28T19:26:22.221-0500] {dagbag.py:541} INFO - Filling up the DagBag from /home/joha/anaconda3/lib/python3.10/site-packages/airflow/example_dags/example_setup_teardown_taskflow.py
[2023-07-28T19:26:22.229-0500] {processor.py:838} WARNING - No viable dags retrieved from /home/joha/anaconda3/lib/python3.10/site-packages/airflow/example_dags/example_setup_teardown_taskflow.py
[2023-07-28T19:26:22.250-0500] {processor.py:179} INFO - Processing /home/joha/anaconda3/lib/python3.10/site-packages/airflow/example_dags/example_setup_teardown_taskflow.py took 0.053 seconds
[2023-07-28T19:27:14.114-0500] {processor.py:157} INFO - Started process (PID=61681) to work on /home/joha/anaconda3/lib/python3.10/site-packages/airflow/example_dags/example_setup_teardown_taskflow.py
[2023-07-28T19:27:14.128-0500] {processor.py:826} INFO - Processing file /home/joha/anaconda3/lib/python3.10/site-packages/airflow/example_dags/example_setup_teardown_taskflow.py for tasks to queue
[2023-07-28T19:27:14.131-0500] {logging_mixin.py:150} INFO - [2023-07-28T19:27:14.130-0500] {dagbag.py:541} INFO - Filling up the DagBag from /home/joha/anaconda3/lib/python3.10/site-packages/airflow/example_dags/example_setup_teardown_taskflow.py
[2023-07-28T19:27:14.137-0500] {processor.py:838} WARNING - No viable dags retrieved from /home/joha/anaconda3/lib/python3.10/site-packages/airflow/example_dags/example_setup_teardown_taskflow.py
[2023-07-28T19:27:14.161-0500] {processor.py:179} INFO - Processing /home/joha/anaconda3/lib/python3.10/site-packages/airflow/example_dags/example_setup_teardown_taskflow.py took 0.051 seconds
[2023-07-28T19:28:08.715-0500] {processor.py:157} INFO - Started process (PID=61742) to work on /home/joha/anaconda3/lib/python3.10/site-packages/airflow/example_dags/example_setup_teardown_taskflow.py
[2023-07-28T19:28:08.723-0500] {processor.py:826} INFO - Processing file /home/joha/anaconda3/lib/python3.10/site-packages/airflow/example_dags/example_setup_teardown_taskflow.py for tasks to queue
[2023-07-28T19:28:08.726-0500] {logging_mixin.py:150} INFO - [2023-07-28T19:28:08.725-0500] {dagbag.py:541} INFO - Filling up the DagBag from /home/joha/anaconda3/lib/python3.10/site-packages/airflow/example_dags/example_setup_teardown_taskflow.py
[2023-07-28T19:28:08.733-0500] {processor.py:838} WARNING - No viable dags retrieved from /home/joha/anaconda3/lib/python3.10/site-packages/airflow/example_dags/example_setup_teardown_taskflow.py
[2023-07-28T19:28:08.756-0500] {processor.py:179} INFO - Processing /home/joha/anaconda3/lib/python3.10/site-packages/airflow/example_dags/example_setup_teardown_taskflow.py took 0.044 seconds
[2023-07-28T19:29:05.665-0500] {processor.py:157} INFO - Started process (PID=61805) to work on /home/joha/anaconda3/lib/python3.10/site-packages/airflow/example_dags/example_setup_teardown_taskflow.py
[2023-07-28T19:29:05.673-0500] {processor.py:826} INFO - Processing file /home/joha/anaconda3/lib/python3.10/site-packages/airflow/example_dags/example_setup_teardown_taskflow.py for tasks to queue
[2023-07-28T19:29:05.674-0500] {logging_mixin.py:150} INFO - [2023-07-28T19:29:05.674-0500] {dagbag.py:541} INFO - Filling up the DagBag from /home/joha/anaconda3/lib/python3.10/site-packages/airflow/example_dags/example_setup_teardown_taskflow.py
[2023-07-28T19:29:05.678-0500] {processor.py:838} WARNING - No viable dags retrieved from /home/joha/anaconda3/lib/python3.10/site-packages/airflow/example_dags/example_setup_teardown_taskflow.py
[2023-07-28T19:29:05.693-0500] {processor.py:179} INFO - Processing /home/joha/anaconda3/lib/python3.10/site-packages/airflow/example_dags/example_setup_teardown_taskflow.py took 0.034 seconds
[2023-07-28T19:30:00.530-0500] {processor.py:157} INFO - Started process (PID=61873) to work on /home/joha/anaconda3/lib/python3.10/site-packages/airflow/example_dags/example_setup_teardown_taskflow.py
[2023-07-28T19:30:00.538-0500] {processor.py:826} INFO - Processing file /home/joha/anaconda3/lib/python3.10/site-packages/airflow/example_dags/example_setup_teardown_taskflow.py for tasks to queue
[2023-07-28T19:30:00.541-0500] {logging_mixin.py:150} INFO - [2023-07-28T19:30:00.540-0500] {dagbag.py:541} INFO - Filling up the DagBag from /home/joha/anaconda3/lib/python3.10/site-packages/airflow/example_dags/example_setup_teardown_taskflow.py
[2023-07-28T19:30:00.547-0500] {processor.py:838} WARNING - No viable dags retrieved from /home/joha/anaconda3/lib/python3.10/site-packages/airflow/example_dags/example_setup_teardown_taskflow.py
[2023-07-28T19:30:00.568-0500] {processor.py:179} INFO - Processing /home/joha/anaconda3/lib/python3.10/site-packages/airflow/example_dags/example_setup_teardown_taskflow.py took 0.043 seconds
[2023-07-28T19:30:56.695-0500] {processor.py:157} INFO - Started process (PID=61935) to work on /home/joha/anaconda3/lib/python3.10/site-packages/airflow/example_dags/example_setup_teardown_taskflow.py
[2023-07-28T19:30:56.715-0500] {processor.py:826} INFO - Processing file /home/joha/anaconda3/lib/python3.10/site-packages/airflow/example_dags/example_setup_teardown_taskflow.py for tasks to queue
[2023-07-28T19:30:56.716-0500] {logging_mixin.py:150} INFO - [2023-07-28T19:30:56.716-0500] {dagbag.py:541} INFO - Filling up the DagBag from /home/joha/anaconda3/lib/python3.10/site-packages/airflow/example_dags/example_setup_teardown_taskflow.py
[2023-07-28T19:30:56.718-0500] {processor.py:838} WARNING - No viable dags retrieved from /home/joha/anaconda3/lib/python3.10/site-packages/airflow/example_dags/example_setup_teardown_taskflow.py
[2023-07-28T19:30:56.728-0500] {processor.py:179} INFO - Processing /home/joha/anaconda3/lib/python3.10/site-packages/airflow/example_dags/example_setup_teardown_taskflow.py took 0.038 seconds
[2023-07-28T19:31:47.482-0500] {processor.py:157} INFO - Started process (PID=61996) to work on /home/joha/anaconda3/lib/python3.10/site-packages/airflow/example_dags/example_setup_teardown_taskflow.py
[2023-07-28T19:31:47.491-0500] {processor.py:826} INFO - Processing file /home/joha/anaconda3/lib/python3.10/site-packages/airflow/example_dags/example_setup_teardown_taskflow.py for tasks to queue
[2023-07-28T19:31:47.493-0500] {logging_mixin.py:150} INFO - [2023-07-28T19:31:47.492-0500] {dagbag.py:541} INFO - Filling up the DagBag from /home/joha/anaconda3/lib/python3.10/site-packages/airflow/example_dags/example_setup_teardown_taskflow.py
[2023-07-28T19:31:47.498-0500] {processor.py:838} WARNING - No viable dags retrieved from /home/joha/anaconda3/lib/python3.10/site-packages/airflow/example_dags/example_setup_teardown_taskflow.py
[2023-07-28T19:31:47.511-0500] {processor.py:179} INFO - Processing /home/joha/anaconda3/lib/python3.10/site-packages/airflow/example_dags/example_setup_teardown_taskflow.py took 0.033 seconds
[2023-07-28T19:32:36.775-0500] {processor.py:157} INFO - Started process (PID=62491) to work on /home/joha/anaconda3/lib/python3.10/site-packages/airflow/example_dags/example_setup_teardown_taskflow.py
[2023-07-28T19:32:36.783-0500] {processor.py:826} INFO - Processing file /home/joha/anaconda3/lib/python3.10/site-packages/airflow/example_dags/example_setup_teardown_taskflow.py for tasks to queue
[2023-07-28T19:32:36.785-0500] {logging_mixin.py:150} INFO - [2023-07-28T19:32:36.784-0500] {dagbag.py:541} INFO - Filling up the DagBag from /home/joha/anaconda3/lib/python3.10/site-packages/airflow/example_dags/example_setup_teardown_taskflow.py
[2023-07-28T19:32:36.788-0500] {processor.py:838} WARNING - No viable dags retrieved from /home/joha/anaconda3/lib/python3.10/site-packages/airflow/example_dags/example_setup_teardown_taskflow.py
[2023-07-28T19:32:36.804-0500] {processor.py:179} INFO - Processing /home/joha/anaconda3/lib/python3.10/site-packages/airflow/example_dags/example_setup_teardown_taskflow.py took 0.034 seconds
[2023-07-28T19:33:33.425-0500] {processor.py:157} INFO - Started process (PID=62944) to work on /home/joha/anaconda3/lib/python3.10/site-packages/airflow/example_dags/example_setup_teardown_taskflow.py
[2023-07-28T19:33:33.433-0500] {processor.py:826} INFO - Processing file /home/joha/anaconda3/lib/python3.10/site-packages/airflow/example_dags/example_setup_teardown_taskflow.py for tasks to queue
[2023-07-28T19:33:33.434-0500] {logging_mixin.py:150} INFO - [2023-07-28T19:33:33.434-0500] {dagbag.py:541} INFO - Filling up the DagBag from /home/joha/anaconda3/lib/python3.10/site-packages/airflow/example_dags/example_setup_teardown_taskflow.py
[2023-07-28T19:33:33.436-0500] {processor.py:838} WARNING - No viable dags retrieved from /home/joha/anaconda3/lib/python3.10/site-packages/airflow/example_dags/example_setup_teardown_taskflow.py
[2023-07-28T19:33:33.445-0500] {processor.py:179} INFO - Processing /home/joha/anaconda3/lib/python3.10/site-packages/airflow/example_dags/example_setup_teardown_taskflow.py took 0.023 seconds
[2023-07-28T19:34:30.030-0500] {processor.py:157} INFO - Started process (PID=63006) to work on /home/joha/anaconda3/lib/python3.10/site-packages/airflow/example_dags/example_setup_teardown_taskflow.py
[2023-07-28T19:34:30.039-0500] {processor.py:826} INFO - Processing file /home/joha/anaconda3/lib/python3.10/site-packages/airflow/example_dags/example_setup_teardown_taskflow.py for tasks to queue
[2023-07-28T19:34:30.040-0500] {logging_mixin.py:150} INFO - [2023-07-28T19:34:30.040-0500] {dagbag.py:541} INFO - Filling up the DagBag from /home/joha/anaconda3/lib/python3.10/site-packages/airflow/example_dags/example_setup_teardown_taskflow.py
[2023-07-28T19:34:30.042-0500] {processor.py:838} WARNING - No viable dags retrieved from /home/joha/anaconda3/lib/python3.10/site-packages/airflow/example_dags/example_setup_teardown_taskflow.py
[2023-07-28T19:34:30.052-0500] {processor.py:179} INFO - Processing /home/joha/anaconda3/lib/python3.10/site-packages/airflow/example_dags/example_setup_teardown_taskflow.py took 0.027 seconds
[2023-07-28T19:35:25.228-0500] {processor.py:157} INFO - Started process (PID=63071) to work on /home/joha/anaconda3/lib/python3.10/site-packages/airflow/example_dags/example_setup_teardown_taskflow.py
[2023-07-28T19:35:25.236-0500] {processor.py:826} INFO - Processing file /home/joha/anaconda3/lib/python3.10/site-packages/airflow/example_dags/example_setup_teardown_taskflow.py for tasks to queue
[2023-07-28T19:35:25.237-0500] {logging_mixin.py:150} INFO - [2023-07-28T19:35:25.236-0500] {dagbag.py:541} INFO - Filling up the DagBag from /home/joha/anaconda3/lib/python3.10/site-packages/airflow/example_dags/example_setup_teardown_taskflow.py
[2023-07-28T19:35:25.239-0500] {processor.py:838} WARNING - No viable dags retrieved from /home/joha/anaconda3/lib/python3.10/site-packages/airflow/example_dags/example_setup_teardown_taskflow.py
[2023-07-28T19:35:25.249-0500] {processor.py:179} INFO - Processing /home/joha/anaconda3/lib/python3.10/site-packages/airflow/example_dags/example_setup_teardown_taskflow.py took 0.024 seconds
[2023-07-28T19:36:24.492-0500] {processor.py:157} INFO - Started process (PID=63136) to work on /home/joha/anaconda3/lib/python3.10/site-packages/airflow/example_dags/example_setup_teardown_taskflow.py
[2023-07-28T19:36:24.500-0500] {processor.py:826} INFO - Processing file /home/joha/anaconda3/lib/python3.10/site-packages/airflow/example_dags/example_setup_teardown_taskflow.py for tasks to queue
[2023-07-28T19:36:24.502-0500] {logging_mixin.py:150} INFO - [2023-07-28T19:36:24.501-0500] {dagbag.py:541} INFO - Filling up the DagBag from /home/joha/anaconda3/lib/python3.10/site-packages/airflow/example_dags/example_setup_teardown_taskflow.py
[2023-07-28T19:36:24.505-0500] {processor.py:838} WARNING - No viable dags retrieved from /home/joha/anaconda3/lib/python3.10/site-packages/airflow/example_dags/example_setup_teardown_taskflow.py
[2023-07-28T19:36:24.521-0500] {processor.py:179} INFO - Processing /home/joha/anaconda3/lib/python3.10/site-packages/airflow/example_dags/example_setup_teardown_taskflow.py took 0.034 seconds
[2023-07-28T19:37:15.523-0500] {processor.py:157} INFO - Started process (PID=63193) to work on /home/joha/anaconda3/lib/python3.10/site-packages/airflow/example_dags/example_setup_teardown_taskflow.py
[2023-07-28T19:37:15.531-0500] {processor.py:826} INFO - Processing file /home/joha/anaconda3/lib/python3.10/site-packages/airflow/example_dags/example_setup_teardown_taskflow.py for tasks to queue
[2023-07-28T19:37:15.534-0500] {logging_mixin.py:150} INFO - [2023-07-28T19:37:15.533-0500] {dagbag.py:541} INFO - Filling up the DagBag from /home/joha/anaconda3/lib/python3.10/site-packages/airflow/example_dags/example_setup_teardown_taskflow.py
[2023-07-28T19:37:15.541-0500] {processor.py:838} WARNING - No viable dags retrieved from /home/joha/anaconda3/lib/python3.10/site-packages/airflow/example_dags/example_setup_teardown_taskflow.py
[2023-07-28T19:37:15.561-0500] {processor.py:179} INFO - Processing /home/joha/anaconda3/lib/python3.10/site-packages/airflow/example_dags/example_setup_teardown_taskflow.py took 0.043 seconds
[2023-07-28T19:38:12.242-0500] {processor.py:157} INFO - Started process (PID=63257) to work on /home/joha/anaconda3/lib/python3.10/site-packages/airflow/example_dags/example_setup_teardown_taskflow.py
[2023-07-28T19:38:12.250-0500] {processor.py:826} INFO - Processing file /home/joha/anaconda3/lib/python3.10/site-packages/airflow/example_dags/example_setup_teardown_taskflow.py for tasks to queue
[2023-07-28T19:38:12.253-0500] {logging_mixin.py:150} INFO - [2023-07-28T19:38:12.252-0500] {dagbag.py:541} INFO - Filling up the DagBag from /home/joha/anaconda3/lib/python3.10/site-packages/airflow/example_dags/example_setup_teardown_taskflow.py
[2023-07-28T19:38:12.260-0500] {processor.py:838} WARNING - No viable dags retrieved from /home/joha/anaconda3/lib/python3.10/site-packages/airflow/example_dags/example_setup_teardown_taskflow.py
[2023-07-28T19:38:12.278-0500] {processor.py:179} INFO - Processing /home/joha/anaconda3/lib/python3.10/site-packages/airflow/example_dags/example_setup_teardown_taskflow.py took 0.039 seconds
[2023-07-28T19:39:05.697-0500] {processor.py:157} INFO - Started process (PID=63319) to work on /home/joha/anaconda3/lib/python3.10/site-packages/airflow/example_dags/example_setup_teardown_taskflow.py
[2023-07-28T19:39:05.705-0500] {processor.py:826} INFO - Processing file /home/joha/anaconda3/lib/python3.10/site-packages/airflow/example_dags/example_setup_teardown_taskflow.py for tasks to queue
[2023-07-28T19:39:05.707-0500] {logging_mixin.py:150} INFO - [2023-07-28T19:39:05.706-0500] {dagbag.py:541} INFO - Filling up the DagBag from /home/joha/anaconda3/lib/python3.10/site-packages/airflow/example_dags/example_setup_teardown_taskflow.py
[2023-07-28T19:39:05.711-0500] {processor.py:838} WARNING - No viable dags retrieved from /home/joha/anaconda3/lib/python3.10/site-packages/airflow/example_dags/example_setup_teardown_taskflow.py
[2023-07-28T19:39:05.729-0500] {processor.py:179} INFO - Processing /home/joha/anaconda3/lib/python3.10/site-packages/airflow/example_dags/example_setup_teardown_taskflow.py took 0.039 seconds
[2023-07-28T19:39:58.140-0500] {processor.py:157} INFO - Started process (PID=63377) to work on /home/joha/anaconda3/lib/python3.10/site-packages/airflow/example_dags/example_setup_teardown_taskflow.py
[2023-07-28T19:39:58.147-0500] {processor.py:826} INFO - Processing file /home/joha/anaconda3/lib/python3.10/site-packages/airflow/example_dags/example_setup_teardown_taskflow.py for tasks to queue
[2023-07-28T19:39:58.148-0500] {logging_mixin.py:150} INFO - [2023-07-28T19:39:58.148-0500] {dagbag.py:541} INFO - Filling up the DagBag from /home/joha/anaconda3/lib/python3.10/site-packages/airflow/example_dags/example_setup_teardown_taskflow.py
[2023-07-28T19:39:58.150-0500] {processor.py:838} WARNING - No viable dags retrieved from /home/joha/anaconda3/lib/python3.10/site-packages/airflow/example_dags/example_setup_teardown_taskflow.py
[2023-07-28T19:39:58.159-0500] {processor.py:179} INFO - Processing /home/joha/anaconda3/lib/python3.10/site-packages/airflow/example_dags/example_setup_teardown_taskflow.py took 0.024 seconds
[2023-07-28T19:40:55.231-0500] {processor.py:157} INFO - Started process (PID=63439) to work on /home/joha/anaconda3/lib/python3.10/site-packages/airflow/example_dags/example_setup_teardown_taskflow.py
[2023-07-28T19:40:55.240-0500] {processor.py:826} INFO - Processing file /home/joha/anaconda3/lib/python3.10/site-packages/airflow/example_dags/example_setup_teardown_taskflow.py for tasks to queue
[2023-07-28T19:40:55.241-0500] {logging_mixin.py:150} INFO - [2023-07-28T19:40:55.241-0500] {dagbag.py:541} INFO - Filling up the DagBag from /home/joha/anaconda3/lib/python3.10/site-packages/airflow/example_dags/example_setup_teardown_taskflow.py
[2023-07-28T19:40:55.246-0500] {processor.py:838} WARNING - No viable dags retrieved from /home/joha/anaconda3/lib/python3.10/site-packages/airflow/example_dags/example_setup_teardown_taskflow.py
[2023-07-28T19:40:55.263-0500] {processor.py:179} INFO - Processing /home/joha/anaconda3/lib/python3.10/site-packages/airflow/example_dags/example_setup_teardown_taskflow.py took 0.038 seconds
[2023-07-28T19:41:53.348-0500] {processor.py:157} INFO - Started process (PID=63502) to work on /home/joha/anaconda3/lib/python3.10/site-packages/airflow/example_dags/example_setup_teardown_taskflow.py
[2023-07-28T19:41:53.356-0500] {processor.py:826} INFO - Processing file /home/joha/anaconda3/lib/python3.10/site-packages/airflow/example_dags/example_setup_teardown_taskflow.py for tasks to queue
[2023-07-28T19:41:53.358-0500] {logging_mixin.py:150} INFO - [2023-07-28T19:41:53.357-0500] {dagbag.py:541} INFO - Filling up the DagBag from /home/joha/anaconda3/lib/python3.10/site-packages/airflow/example_dags/example_setup_teardown_taskflow.py
[2023-07-28T19:41:53.362-0500] {processor.py:838} WARNING - No viable dags retrieved from /home/joha/anaconda3/lib/python3.10/site-packages/airflow/example_dags/example_setup_teardown_taskflow.py
[2023-07-28T19:41:53.377-0500] {processor.py:179} INFO - Processing /home/joha/anaconda3/lib/python3.10/site-packages/airflow/example_dags/example_setup_teardown_taskflow.py took 0.034 seconds
[2023-07-28T19:42:50.938-0500] {processor.py:157} INFO - Started process (PID=63566) to work on /home/joha/anaconda3/lib/python3.10/site-packages/airflow/example_dags/example_setup_teardown_taskflow.py
[2023-07-28T19:42:50.946-0500] {processor.py:826} INFO - Processing file /home/joha/anaconda3/lib/python3.10/site-packages/airflow/example_dags/example_setup_teardown_taskflow.py for tasks to queue
[2023-07-28T19:42:50.948-0500] {logging_mixin.py:150} INFO - [2023-07-28T19:42:50.947-0500] {dagbag.py:541} INFO - Filling up the DagBag from /home/joha/anaconda3/lib/python3.10/site-packages/airflow/example_dags/example_setup_teardown_taskflow.py
[2023-07-28T19:42:50.951-0500] {processor.py:838} WARNING - No viable dags retrieved from /home/joha/anaconda3/lib/python3.10/site-packages/airflow/example_dags/example_setup_teardown_taskflow.py
[2023-07-28T19:42:50.967-0500] {processor.py:179} INFO - Processing /home/joha/anaconda3/lib/python3.10/site-packages/airflow/example_dags/example_setup_teardown_taskflow.py took 0.033 seconds
[2023-07-28T19:43:45.339-0500] {processor.py:157} INFO - Started process (PID=63628) to work on /home/joha/anaconda3/lib/python3.10/site-packages/airflow/example_dags/example_setup_teardown_taskflow.py
[2023-07-28T19:43:45.347-0500] {processor.py:826} INFO - Processing file /home/joha/anaconda3/lib/python3.10/site-packages/airflow/example_dags/example_setup_teardown_taskflow.py for tasks to queue
[2023-07-28T19:43:45.350-0500] {logging_mixin.py:150} INFO - [2023-07-28T19:43:45.349-0500] {dagbag.py:541} INFO - Filling up the DagBag from /home/joha/anaconda3/lib/python3.10/site-packages/airflow/example_dags/example_setup_teardown_taskflow.py
[2023-07-28T19:43:45.357-0500] {processor.py:838} WARNING - No viable dags retrieved from /home/joha/anaconda3/lib/python3.10/site-packages/airflow/example_dags/example_setup_teardown_taskflow.py
[2023-07-28T19:43:45.377-0500] {processor.py:179} INFO - Processing /home/joha/anaconda3/lib/python3.10/site-packages/airflow/example_dags/example_setup_teardown_taskflow.py took 0.043 seconds
[2023-07-28T19:44:39.530-0500] {processor.py:157} INFO - Started process (PID=63688) to work on /home/joha/anaconda3/lib/python3.10/site-packages/airflow/example_dags/example_setup_teardown_taskflow.py
[2023-07-28T19:44:39.539-0500] {processor.py:826} INFO - Processing file /home/joha/anaconda3/lib/python3.10/site-packages/airflow/example_dags/example_setup_teardown_taskflow.py for tasks to queue
[2023-07-28T19:44:39.541-0500] {logging_mixin.py:150} INFO - [2023-07-28T19:44:39.540-0500] {dagbag.py:541} INFO - Filling up the DagBag from /home/joha/anaconda3/lib/python3.10/site-packages/airflow/example_dags/example_setup_teardown_taskflow.py
[2023-07-28T19:44:39.545-0500] {processor.py:838} WARNING - No viable dags retrieved from /home/joha/anaconda3/lib/python3.10/site-packages/airflow/example_dags/example_setup_teardown_taskflow.py
[2023-07-28T19:44:39.562-0500] {processor.py:179} INFO - Processing /home/joha/anaconda3/lib/python3.10/site-packages/airflow/example_dags/example_setup_teardown_taskflow.py took 0.038 seconds
[2023-07-28T19:45:35.021-0500] {processor.py:157} INFO - Started process (PID=63755) to work on /home/joha/anaconda3/lib/python3.10/site-packages/airflow/example_dags/example_setup_teardown_taskflow.py
[2023-07-28T19:45:35.029-0500] {processor.py:826} INFO - Processing file /home/joha/anaconda3/lib/python3.10/site-packages/airflow/example_dags/example_setup_teardown_taskflow.py for tasks to queue
[2023-07-28T19:45:35.031-0500] {logging_mixin.py:150} INFO - [2023-07-28T19:45:35.030-0500] {dagbag.py:541} INFO - Filling up the DagBag from /home/joha/anaconda3/lib/python3.10/site-packages/airflow/example_dags/example_setup_teardown_taskflow.py
[2023-07-28T19:45:35.035-0500] {processor.py:838} WARNING - No viable dags retrieved from /home/joha/anaconda3/lib/python3.10/site-packages/airflow/example_dags/example_setup_teardown_taskflow.py
[2023-07-28T19:45:35.051-0500] {processor.py:179} INFO - Processing /home/joha/anaconda3/lib/python3.10/site-packages/airflow/example_dags/example_setup_teardown_taskflow.py took 0.037 seconds
[2023-07-28T19:46:33.966-0500] {processor.py:157} INFO - Started process (PID=63826) to work on /home/joha/anaconda3/lib/python3.10/site-packages/airflow/example_dags/example_setup_teardown_taskflow.py
[2023-07-28T19:46:33.974-0500] {processor.py:826} INFO - Processing file /home/joha/anaconda3/lib/python3.10/site-packages/airflow/example_dags/example_setup_teardown_taskflow.py for tasks to queue
[2023-07-28T19:46:33.974-0500] {logging_mixin.py:150} INFO - [2023-07-28T19:46:33.974-0500] {dagbag.py:541} INFO - Filling up the DagBag from /home/joha/anaconda3/lib/python3.10/site-packages/airflow/example_dags/example_setup_teardown_taskflow.py
[2023-07-28T19:46:33.976-0500] {processor.py:838} WARNING - No viable dags retrieved from /home/joha/anaconda3/lib/python3.10/site-packages/airflow/example_dags/example_setup_teardown_taskflow.py
[2023-07-28T19:46:33.986-0500] {processor.py:179} INFO - Processing /home/joha/anaconda3/lib/python3.10/site-packages/airflow/example_dags/example_setup_teardown_taskflow.py took 0.024 seconds
[2023-07-28T19:47:26.153-0500] {processor.py:157} INFO - Started process (PID=63885) to work on /home/joha/anaconda3/lib/python3.10/site-packages/airflow/example_dags/example_setup_teardown_taskflow.py
[2023-07-28T19:47:26.168-0500] {processor.py:826} INFO - Processing file /home/joha/anaconda3/lib/python3.10/site-packages/airflow/example_dags/example_setup_teardown_taskflow.py for tasks to queue
[2023-07-28T19:47:26.169-0500] {logging_mixin.py:150} INFO - [2023-07-28T19:47:26.169-0500] {dagbag.py:541} INFO - Filling up the DagBag from /home/joha/anaconda3/lib/python3.10/site-packages/airflow/example_dags/example_setup_teardown_taskflow.py
[2023-07-28T19:47:26.171-0500] {processor.py:838} WARNING - No viable dags retrieved from /home/joha/anaconda3/lib/python3.10/site-packages/airflow/example_dags/example_setup_teardown_taskflow.py
[2023-07-28T19:47:26.180-0500] {processor.py:179} INFO - Processing /home/joha/anaconda3/lib/python3.10/site-packages/airflow/example_dags/example_setup_teardown_taskflow.py took 0.030 seconds
[2023-07-28T19:48:19.088-0500] {processor.py:157} INFO - Started process (PID=63945) to work on /home/joha/anaconda3/lib/python3.10/site-packages/airflow/example_dags/example_setup_teardown_taskflow.py
[2023-07-28T19:48:19.097-0500] {processor.py:826} INFO - Processing file /home/joha/anaconda3/lib/python3.10/site-packages/airflow/example_dags/example_setup_teardown_taskflow.py for tasks to queue
[2023-07-28T19:48:19.099-0500] {logging_mixin.py:150} INFO - [2023-07-28T19:48:19.098-0500] {dagbag.py:541} INFO - Filling up the DagBag from /home/joha/anaconda3/lib/python3.10/site-packages/airflow/example_dags/example_setup_teardown_taskflow.py
[2023-07-28T19:48:19.103-0500] {processor.py:838} WARNING - No viable dags retrieved from /home/joha/anaconda3/lib/python3.10/site-packages/airflow/example_dags/example_setup_teardown_taskflow.py
[2023-07-28T19:48:19.120-0500] {processor.py:179} INFO - Processing /home/joha/anaconda3/lib/python3.10/site-packages/airflow/example_dags/example_setup_teardown_taskflow.py took 0.039 seconds
[2023-07-28T19:49:14.884-0500] {processor.py:157} INFO - Started process (PID=64007) to work on /home/joha/anaconda3/lib/python3.10/site-packages/airflow/example_dags/example_setup_teardown_taskflow.py
[2023-07-28T19:49:14.893-0500] {processor.py:826} INFO - Processing file /home/joha/anaconda3/lib/python3.10/site-packages/airflow/example_dags/example_setup_teardown_taskflow.py for tasks to queue
[2023-07-28T19:49:14.895-0500] {logging_mixin.py:150} INFO - [2023-07-28T19:49:14.894-0500] {dagbag.py:541} INFO - Filling up the DagBag from /home/joha/anaconda3/lib/python3.10/site-packages/airflow/example_dags/example_setup_teardown_taskflow.py
[2023-07-28T19:49:14.902-0500] {processor.py:838} WARNING - No viable dags retrieved from /home/joha/anaconda3/lib/python3.10/site-packages/airflow/example_dags/example_setup_teardown_taskflow.py
[2023-07-28T19:49:14.922-0500] {processor.py:179} INFO - Processing /home/joha/anaconda3/lib/python3.10/site-packages/airflow/example_dags/example_setup_teardown_taskflow.py took 0.045 seconds
[2023-07-28T19:50:08.962-0500] {processor.py:157} INFO - Started process (PID=64069) to work on /home/joha/anaconda3/lib/python3.10/site-packages/airflow/example_dags/example_setup_teardown_taskflow.py
[2023-07-28T19:50:08.970-0500] {processor.py:826} INFO - Processing file /home/joha/anaconda3/lib/python3.10/site-packages/airflow/example_dags/example_setup_teardown_taskflow.py for tasks to queue
[2023-07-28T19:50:08.972-0500] {logging_mixin.py:150} INFO - [2023-07-28T19:50:08.971-0500] {dagbag.py:541} INFO - Filling up the DagBag from /home/joha/anaconda3/lib/python3.10/site-packages/airflow/example_dags/example_setup_teardown_taskflow.py
[2023-07-28T19:50:08.975-0500] {processor.py:838} WARNING - No viable dags retrieved from /home/joha/anaconda3/lib/python3.10/site-packages/airflow/example_dags/example_setup_teardown_taskflow.py
[2023-07-28T19:50:08.990-0500] {processor.py:179} INFO - Processing /home/joha/anaconda3/lib/python3.10/site-packages/airflow/example_dags/example_setup_teardown_taskflow.py took 0.033 seconds
[2023-07-28T19:51:02.660-0500] {processor.py:157} INFO - Started process (PID=64131) to work on /home/joha/anaconda3/lib/python3.10/site-packages/airflow/example_dags/example_setup_teardown_taskflow.py
[2023-07-28T19:51:02.669-0500] {processor.py:826} INFO - Processing file /home/joha/anaconda3/lib/python3.10/site-packages/airflow/example_dags/example_setup_teardown_taskflow.py for tasks to queue
[2023-07-28T19:51:02.670-0500] {logging_mixin.py:150} INFO - [2023-07-28T19:51:02.670-0500] {dagbag.py:541} INFO - Filling up the DagBag from /home/joha/anaconda3/lib/python3.10/site-packages/airflow/example_dags/example_setup_teardown_taskflow.py
[2023-07-28T19:51:02.675-0500] {processor.py:838} WARNING - No viable dags retrieved from /home/joha/anaconda3/lib/python3.10/site-packages/airflow/example_dags/example_setup_teardown_taskflow.py
[2023-07-28T19:51:02.692-0500] {processor.py:179} INFO - Processing /home/joha/anaconda3/lib/python3.10/site-packages/airflow/example_dags/example_setup_teardown_taskflow.py took 0.039 seconds
[2023-07-28T19:52:02.323-0500] {processor.py:157} INFO - Started process (PID=64194) to work on /home/joha/anaconda3/lib/python3.10/site-packages/airflow/example_dags/example_setup_teardown_taskflow.py
[2023-07-28T19:52:02.332-0500] {processor.py:826} INFO - Processing file /home/joha/anaconda3/lib/python3.10/site-packages/airflow/example_dags/example_setup_teardown_taskflow.py for tasks to queue
[2023-07-28T19:52:02.335-0500] {logging_mixin.py:150} INFO - [2023-07-28T19:52:02.334-0500] {dagbag.py:541} INFO - Filling up the DagBag from /home/joha/anaconda3/lib/python3.10/site-packages/airflow/example_dags/example_setup_teardown_taskflow.py
[2023-07-28T19:52:02.342-0500] {processor.py:838} WARNING - No viable dags retrieved from /home/joha/anaconda3/lib/python3.10/site-packages/airflow/example_dags/example_setup_teardown_taskflow.py
[2023-07-28T19:52:02.362-0500] {processor.py:179} INFO - Processing /home/joha/anaconda3/lib/python3.10/site-packages/airflow/example_dags/example_setup_teardown_taskflow.py took 0.045 seconds
[2023-07-28T19:52:56.918-0500] {processor.py:157} INFO - Started process (PID=64257) to work on /home/joha/anaconda3/lib/python3.10/site-packages/airflow/example_dags/example_setup_teardown_taskflow.py
[2023-07-28T19:52:56.926-0500] {processor.py:826} INFO - Processing file /home/joha/anaconda3/lib/python3.10/site-packages/airflow/example_dags/example_setup_teardown_taskflow.py for tasks to queue
[2023-07-28T19:52:56.927-0500] {logging_mixin.py:150} INFO - [2023-07-28T19:52:56.927-0500] {dagbag.py:541} INFO - Filling up the DagBag from /home/joha/anaconda3/lib/python3.10/site-packages/airflow/example_dags/example_setup_teardown_taskflow.py
[2023-07-28T19:52:56.930-0500] {processor.py:838} WARNING - No viable dags retrieved from /home/joha/anaconda3/lib/python3.10/site-packages/airflow/example_dags/example_setup_teardown_taskflow.py
[2023-07-28T19:52:56.945-0500] {processor.py:179} INFO - Processing /home/joha/anaconda3/lib/python3.10/site-packages/airflow/example_dags/example_setup_teardown_taskflow.py took 0.032 seconds
[2023-07-28T19:53:48.041-0500] {processor.py:157} INFO - Started process (PID=64317) to work on /home/joha/anaconda3/lib/python3.10/site-packages/airflow/example_dags/example_setup_teardown_taskflow.py
[2023-07-28T19:53:48.049-0500] {processor.py:826} INFO - Processing file /home/joha/anaconda3/lib/python3.10/site-packages/airflow/example_dags/example_setup_teardown_taskflow.py for tasks to queue
[2023-07-28T19:53:48.052-0500] {logging_mixin.py:150} INFO - [2023-07-28T19:53:48.051-0500] {dagbag.py:541} INFO - Filling up the DagBag from /home/joha/anaconda3/lib/python3.10/site-packages/airflow/example_dags/example_setup_teardown_taskflow.py
[2023-07-28T19:53:48.059-0500] {processor.py:838} WARNING - No viable dags retrieved from /home/joha/anaconda3/lib/python3.10/site-packages/airflow/example_dags/example_setup_teardown_taskflow.py
[2023-07-28T19:53:48.078-0500] {processor.py:179} INFO - Processing /home/joha/anaconda3/lib/python3.10/site-packages/airflow/example_dags/example_setup_teardown_taskflow.py took 0.043 seconds
[2023-07-28T19:54:41.185-0500] {processor.py:157} INFO - Started process (PID=64376) to work on /home/joha/anaconda3/lib/python3.10/site-packages/airflow/example_dags/example_setup_teardown_taskflow.py
[2023-07-28T19:54:41.192-0500] {processor.py:826} INFO - Processing file /home/joha/anaconda3/lib/python3.10/site-packages/airflow/example_dags/example_setup_teardown_taskflow.py for tasks to queue
[2023-07-28T19:54:41.194-0500] {logging_mixin.py:150} INFO - [2023-07-28T19:54:41.193-0500] {dagbag.py:541} INFO - Filling up the DagBag from /home/joha/anaconda3/lib/python3.10/site-packages/airflow/example_dags/example_setup_teardown_taskflow.py
[2023-07-28T19:54:41.197-0500] {processor.py:838} WARNING - No viable dags retrieved from /home/joha/anaconda3/lib/python3.10/site-packages/airflow/example_dags/example_setup_teardown_taskflow.py
[2023-07-28T19:54:41.207-0500] {processor.py:179} INFO - Processing /home/joha/anaconda3/lib/python3.10/site-packages/airflow/example_dags/example_setup_teardown_taskflow.py took 0.027 seconds
[2023-07-28T19:55:39.686-0500] {processor.py:157} INFO - Started process (PID=64443) to work on /home/joha/anaconda3/lib/python3.10/site-packages/airflow/example_dags/example_setup_teardown_taskflow.py
[2023-07-28T19:55:39.693-0500] {processor.py:826} INFO - Processing file /home/joha/anaconda3/lib/python3.10/site-packages/airflow/example_dags/example_setup_teardown_taskflow.py for tasks to queue
[2023-07-28T19:55:39.694-0500] {logging_mixin.py:150} INFO - [2023-07-28T19:55:39.694-0500] {dagbag.py:541} INFO - Filling up the DagBag from /home/joha/anaconda3/lib/python3.10/site-packages/airflow/example_dags/example_setup_teardown_taskflow.py
[2023-07-28T19:55:39.696-0500] {processor.py:838} WARNING - No viable dags retrieved from /home/joha/anaconda3/lib/python3.10/site-packages/airflow/example_dags/example_setup_teardown_taskflow.py
[2023-07-28T19:55:39.705-0500] {processor.py:179} INFO - Processing /home/joha/anaconda3/lib/python3.10/site-packages/airflow/example_dags/example_setup_teardown_taskflow.py took 0.022 seconds
[2023-07-28T19:56:34.401-0500] {processor.py:157} INFO - Started process (PID=64505) to work on /home/joha/anaconda3/lib/python3.10/site-packages/airflow/example_dags/example_setup_teardown_taskflow.py
[2023-07-28T19:56:34.409-0500] {processor.py:826} INFO - Processing file /home/joha/anaconda3/lib/python3.10/site-packages/airflow/example_dags/example_setup_teardown_taskflow.py for tasks to queue
[2023-07-28T19:56:34.411-0500] {logging_mixin.py:150} INFO - [2023-07-28T19:56:34.410-0500] {dagbag.py:541} INFO - Filling up the DagBag from /home/joha/anaconda3/lib/python3.10/site-packages/airflow/example_dags/example_setup_teardown_taskflow.py
[2023-07-28T19:56:34.415-0500] {processor.py:838} WARNING - No viable dags retrieved from /home/joha/anaconda3/lib/python3.10/site-packages/airflow/example_dags/example_setup_teardown_taskflow.py
[2023-07-28T19:56:34.433-0500] {processor.py:179} INFO - Processing /home/joha/anaconda3/lib/python3.10/site-packages/airflow/example_dags/example_setup_teardown_taskflow.py took 0.039 seconds
[2023-07-28T19:57:27.276-0500] {processor.py:157} INFO - Started process (PID=64564) to work on /home/joha/anaconda3/lib/python3.10/site-packages/airflow/example_dags/example_setup_teardown_taskflow.py
[2023-07-28T19:57:27.290-0500] {processor.py:826} INFO - Processing file /home/joha/anaconda3/lib/python3.10/site-packages/airflow/example_dags/example_setup_teardown_taskflow.py for tasks to queue
[2023-07-28T19:57:27.293-0500] {logging_mixin.py:150} INFO - [2023-07-28T19:57:27.292-0500] {dagbag.py:541} INFO - Filling up the DagBag from /home/joha/anaconda3/lib/python3.10/site-packages/airflow/example_dags/example_setup_teardown_taskflow.py
[2023-07-28T19:57:27.299-0500] {processor.py:838} WARNING - No viable dags retrieved from /home/joha/anaconda3/lib/python3.10/site-packages/airflow/example_dags/example_setup_teardown_taskflow.py
[2023-07-28T19:57:27.322-0500] {processor.py:179} INFO - Processing /home/joha/anaconda3/lib/python3.10/site-packages/airflow/example_dags/example_setup_teardown_taskflow.py took 0.052 seconds
[2023-07-28T19:58:25.796-0500] {processor.py:157} INFO - Started process (PID=64628) to work on /home/joha/anaconda3/lib/python3.10/site-packages/airflow/example_dags/example_setup_teardown_taskflow.py
[2023-07-28T19:58:25.804-0500] {processor.py:826} INFO - Processing file /home/joha/anaconda3/lib/python3.10/site-packages/airflow/example_dags/example_setup_teardown_taskflow.py for tasks to queue
[2023-07-28T19:58:25.807-0500] {logging_mixin.py:150} INFO - [2023-07-28T19:58:25.806-0500] {dagbag.py:541} INFO - Filling up the DagBag from /home/joha/anaconda3/lib/python3.10/site-packages/airflow/example_dags/example_setup_teardown_taskflow.py
[2023-07-28T19:58:25.813-0500] {processor.py:838} WARNING - No viable dags retrieved from /home/joha/anaconda3/lib/python3.10/site-packages/airflow/example_dags/example_setup_teardown_taskflow.py
[2023-07-28T19:58:25.836-0500] {processor.py:179} INFO - Processing /home/joha/anaconda3/lib/python3.10/site-packages/airflow/example_dags/example_setup_teardown_taskflow.py took 0.043 seconds
[2023-07-28T19:59:25.021-0500] {processor.py:157} INFO - Started process (PID=64698) to work on /home/joha/anaconda3/lib/python3.10/site-packages/airflow/example_dags/example_setup_teardown_taskflow.py
[2023-07-28T19:59:25.029-0500] {processor.py:826} INFO - Processing file /home/joha/anaconda3/lib/python3.10/site-packages/airflow/example_dags/example_setup_teardown_taskflow.py for tasks to queue
[2023-07-28T19:59:25.032-0500] {logging_mixin.py:150} INFO - [2023-07-28T19:59:25.030-0500] {dagbag.py:541} INFO - Filling up the DagBag from /home/joha/anaconda3/lib/python3.10/site-packages/airflow/example_dags/example_setup_teardown_taskflow.py
[2023-07-28T19:59:25.038-0500] {processor.py:838} WARNING - No viable dags retrieved from /home/joha/anaconda3/lib/python3.10/site-packages/airflow/example_dags/example_setup_teardown_taskflow.py
[2023-07-28T19:59:25.059-0500] {processor.py:179} INFO - Processing /home/joha/anaconda3/lib/python3.10/site-packages/airflow/example_dags/example_setup_teardown_taskflow.py took 0.042 seconds
[2023-07-28T20:00:17.966-0500] {processor.py:157} INFO - Started process (PID=64765) to work on /home/joha/anaconda3/lib/python3.10/site-packages/airflow/example_dags/example_setup_teardown_taskflow.py
[2023-07-28T20:00:17.975-0500] {processor.py:826} INFO - Processing file /home/joha/anaconda3/lib/python3.10/site-packages/airflow/example_dags/example_setup_teardown_taskflow.py for tasks to queue
[2023-07-28T20:00:17.977-0500] {logging_mixin.py:150} INFO - [2023-07-28T20:00:17.976-0500] {dagbag.py:541} INFO - Filling up the DagBag from /home/joha/anaconda3/lib/python3.10/site-packages/airflow/example_dags/example_setup_teardown_taskflow.py
[2023-07-28T20:00:17.984-0500] {processor.py:838} WARNING - No viable dags retrieved from /home/joha/anaconda3/lib/python3.10/site-packages/airflow/example_dags/example_setup_teardown_taskflow.py
[2023-07-28T20:00:18.002-0500] {processor.py:179} INFO - Processing /home/joha/anaconda3/lib/python3.10/site-packages/airflow/example_dags/example_setup_teardown_taskflow.py took 0.040 seconds
[2023-07-28T20:01:15.334-0500] {processor.py:157} INFO - Started process (PID=64828) to work on /home/joha/anaconda3/lib/python3.10/site-packages/airflow/example_dags/example_setup_teardown_taskflow.py
[2023-07-28T20:01:15.348-0500] {processor.py:826} INFO - Processing file /home/joha/anaconda3/lib/python3.10/site-packages/airflow/example_dags/example_setup_teardown_taskflow.py for tasks to queue
[2023-07-28T20:01:15.350-0500] {logging_mixin.py:150} INFO - [2023-07-28T20:01:15.349-0500] {dagbag.py:541} INFO - Filling up the DagBag from /home/joha/anaconda3/lib/python3.10/site-packages/airflow/example_dags/example_setup_teardown_taskflow.py
[2023-07-28T20:01:15.353-0500] {processor.py:838} WARNING - No viable dags retrieved from /home/joha/anaconda3/lib/python3.10/site-packages/airflow/example_dags/example_setup_teardown_taskflow.py
[2023-07-28T20:01:15.368-0500] {processor.py:179} INFO - Processing /home/joha/anaconda3/lib/python3.10/site-packages/airflow/example_dags/example_setup_teardown_taskflow.py took 0.038 seconds
[2023-07-28T20:02:16.410-0500] {processor.py:157} INFO - Started process (PID=64894) to work on /home/joha/anaconda3/lib/python3.10/site-packages/airflow/example_dags/example_setup_teardown_taskflow.py
[2023-07-28T20:02:16.418-0500] {processor.py:826} INFO - Processing file /home/joha/anaconda3/lib/python3.10/site-packages/airflow/example_dags/example_setup_teardown_taskflow.py for tasks to queue
[2023-07-28T20:02:16.421-0500] {logging_mixin.py:150} INFO - [2023-07-28T20:02:16.420-0500] {dagbag.py:541} INFO - Filling up the DagBag from /home/joha/anaconda3/lib/python3.10/site-packages/airflow/example_dags/example_setup_teardown_taskflow.py
[2023-07-28T20:02:16.427-0500] {processor.py:838} WARNING - No viable dags retrieved from /home/joha/anaconda3/lib/python3.10/site-packages/airflow/example_dags/example_setup_teardown_taskflow.py
[2023-07-28T20:02:16.452-0500] {processor.py:179} INFO - Processing /home/joha/anaconda3/lib/python3.10/site-packages/airflow/example_dags/example_setup_teardown_taskflow.py took 0.045 seconds
[2023-07-28T20:03:20.211-0500] {processor.py:157} INFO - Started process (PID=64968) to work on /home/joha/anaconda3/lib/python3.10/site-packages/airflow/example_dags/example_setup_teardown_taskflow.py
[2023-07-28T20:03:20.220-0500] {processor.py:826} INFO - Processing file /home/joha/anaconda3/lib/python3.10/site-packages/airflow/example_dags/example_setup_teardown_taskflow.py for tasks to queue
[2023-07-28T20:03:20.223-0500] {logging_mixin.py:150} INFO - [2023-07-28T20:03:20.222-0500] {dagbag.py:541} INFO - Filling up the DagBag from /home/joha/anaconda3/lib/python3.10/site-packages/airflow/example_dags/example_setup_teardown_taskflow.py
[2023-07-28T20:03:20.229-0500] {processor.py:838} WARNING - No viable dags retrieved from /home/joha/anaconda3/lib/python3.10/site-packages/airflow/example_dags/example_setup_teardown_taskflow.py
[2023-07-28T20:03:20.250-0500] {processor.py:179} INFO - Processing /home/joha/anaconda3/lib/python3.10/site-packages/airflow/example_dags/example_setup_teardown_taskflow.py took 0.043 seconds
[2023-07-28T20:04:23.950-0500] {processor.py:157} INFO - Started process (PID=65031) to work on /home/joha/anaconda3/lib/python3.10/site-packages/airflow/example_dags/example_setup_teardown_taskflow.py
[2023-07-28T20:04:23.958-0500] {processor.py:826} INFO - Processing file /home/joha/anaconda3/lib/python3.10/site-packages/airflow/example_dags/example_setup_teardown_taskflow.py for tasks to queue
[2023-07-28T20:04:23.961-0500] {logging_mixin.py:150} INFO - [2023-07-28T20:04:23.960-0500] {dagbag.py:541} INFO - Filling up the DagBag from /home/joha/anaconda3/lib/python3.10/site-packages/airflow/example_dags/example_setup_teardown_taskflow.py
[2023-07-28T20:04:23.967-0500] {processor.py:838} WARNING - No viable dags retrieved from /home/joha/anaconda3/lib/python3.10/site-packages/airflow/example_dags/example_setup_teardown_taskflow.py
[2023-07-28T20:04:23.988-0500] {processor.py:179} INFO - Processing /home/joha/anaconda3/lib/python3.10/site-packages/airflow/example_dags/example_setup_teardown_taskflow.py took 0.041 seconds
[2023-07-28T20:05:25.593-0500] {processor.py:157} INFO - Started process (PID=65100) to work on /home/joha/anaconda3/lib/python3.10/site-packages/airflow/example_dags/example_setup_teardown_taskflow.py
[2023-07-28T20:05:25.602-0500] {processor.py:826} INFO - Processing file /home/joha/anaconda3/lib/python3.10/site-packages/airflow/example_dags/example_setup_teardown_taskflow.py for tasks to queue
[2023-07-28T20:05:25.604-0500] {logging_mixin.py:150} INFO - [2023-07-28T20:05:25.603-0500] {dagbag.py:541} INFO - Filling up the DagBag from /home/joha/anaconda3/lib/python3.10/site-packages/airflow/example_dags/example_setup_teardown_taskflow.py
[2023-07-28T20:05:25.608-0500] {processor.py:838} WARNING - No viable dags retrieved from /home/joha/anaconda3/lib/python3.10/site-packages/airflow/example_dags/example_setup_teardown_taskflow.py
[2023-07-28T20:05:25.626-0500] {processor.py:179} INFO - Processing /home/joha/anaconda3/lib/python3.10/site-packages/airflow/example_dags/example_setup_teardown_taskflow.py took 0.039 seconds
[2023-07-28T20:06:30.224-0500] {processor.py:157} INFO - Started process (PID=65168) to work on /home/joha/anaconda3/lib/python3.10/site-packages/airflow/example_dags/example_setup_teardown_taskflow.py
[2023-07-28T20:06:30.232-0500] {processor.py:826} INFO - Processing file /home/joha/anaconda3/lib/python3.10/site-packages/airflow/example_dags/example_setup_teardown_taskflow.py for tasks to queue
[2023-07-28T20:06:30.234-0500] {logging_mixin.py:150} INFO - [2023-07-28T20:06:30.233-0500] {dagbag.py:541} INFO - Filling up the DagBag from /home/joha/anaconda3/lib/python3.10/site-packages/airflow/example_dags/example_setup_teardown_taskflow.py
[2023-07-28T20:06:30.238-0500] {processor.py:838} WARNING - No viable dags retrieved from /home/joha/anaconda3/lib/python3.10/site-packages/airflow/example_dags/example_setup_teardown_taskflow.py
[2023-07-28T20:06:30.255-0500] {processor.py:179} INFO - Processing /home/joha/anaconda3/lib/python3.10/site-packages/airflow/example_dags/example_setup_teardown_taskflow.py took 0.038 seconds
[2023-07-28T20:07:39.002-0500] {processor.py:157} INFO - Started process (PID=65244) to work on /home/joha/anaconda3/lib/python3.10/site-packages/airflow/example_dags/example_setup_teardown_taskflow.py
[2023-07-28T20:07:39.011-0500] {processor.py:826} INFO - Processing file /home/joha/anaconda3/lib/python3.10/site-packages/airflow/example_dags/example_setup_teardown_taskflow.py for tasks to queue
[2023-07-28T20:07:39.013-0500] {logging_mixin.py:150} INFO - [2023-07-28T20:07:39.012-0500] {dagbag.py:541} INFO - Filling up the DagBag from /home/joha/anaconda3/lib/python3.10/site-packages/airflow/example_dags/example_setup_teardown_taskflow.py
[2023-07-28T20:07:39.020-0500] {processor.py:838} WARNING - No viable dags retrieved from /home/joha/anaconda3/lib/python3.10/site-packages/airflow/example_dags/example_setup_teardown_taskflow.py
[2023-07-28T20:07:39.040-0500] {processor.py:179} INFO - Processing /home/joha/anaconda3/lib/python3.10/site-packages/airflow/example_dags/example_setup_teardown_taskflow.py took 0.043 seconds
[2023-07-28T20:08:48.717-0500] {processor.py:157} INFO - Started process (PID=65314) to work on /home/joha/anaconda3/lib/python3.10/site-packages/airflow/example_dags/example_setup_teardown_taskflow.py
[2023-07-28T20:08:48.726-0500] {processor.py:826} INFO - Processing file /home/joha/anaconda3/lib/python3.10/site-packages/airflow/example_dags/example_setup_teardown_taskflow.py for tasks to queue
[2023-07-28T20:08:48.728-0500] {logging_mixin.py:150} INFO - [2023-07-28T20:08:48.727-0500] {dagbag.py:541} INFO - Filling up the DagBag from /home/joha/anaconda3/lib/python3.10/site-packages/airflow/example_dags/example_setup_teardown_taskflow.py
[2023-07-28T20:08:48.732-0500] {processor.py:838} WARNING - No viable dags retrieved from /home/joha/anaconda3/lib/python3.10/site-packages/airflow/example_dags/example_setup_teardown_taskflow.py
[2023-07-28T20:08:48.751-0500] {processor.py:179} INFO - Processing /home/joha/anaconda3/lib/python3.10/site-packages/airflow/example_dags/example_setup_teardown_taskflow.py took 0.040 seconds
[2023-07-28T20:09:57.367-0500] {processor.py:157} INFO - Started process (PID=65388) to work on /home/joha/anaconda3/lib/python3.10/site-packages/airflow/example_dags/example_setup_teardown_taskflow.py
[2023-07-28T20:09:57.376-0500] {processor.py:826} INFO - Processing file /home/joha/anaconda3/lib/python3.10/site-packages/airflow/example_dags/example_setup_teardown_taskflow.py for tasks to queue
[2023-07-28T20:09:57.378-0500] {logging_mixin.py:150} INFO - [2023-07-28T20:09:57.377-0500] {dagbag.py:541} INFO - Filling up the DagBag from /home/joha/anaconda3/lib/python3.10/site-packages/airflow/example_dags/example_setup_teardown_taskflow.py
[2023-07-28T20:09:57.385-0500] {processor.py:838} WARNING - No viable dags retrieved from /home/joha/anaconda3/lib/python3.10/site-packages/airflow/example_dags/example_setup_teardown_taskflow.py
[2023-07-28T20:09:57.405-0500] {processor.py:179} INFO - Processing /home/joha/anaconda3/lib/python3.10/site-packages/airflow/example_dags/example_setup_teardown_taskflow.py took 0.043 seconds
[2023-07-28T20:11:05.827-0500] {processor.py:157} INFO - Started process (PID=65459) to work on /home/joha/anaconda3/lib/python3.10/site-packages/airflow/example_dags/example_setup_teardown_taskflow.py
[2023-07-28T20:11:05.835-0500] {processor.py:826} INFO - Processing file /home/joha/anaconda3/lib/python3.10/site-packages/airflow/example_dags/example_setup_teardown_taskflow.py for tasks to queue
[2023-07-28T20:11:05.836-0500] {logging_mixin.py:150} INFO - [2023-07-28T20:11:05.835-0500] {dagbag.py:541} INFO - Filling up the DagBag from /home/joha/anaconda3/lib/python3.10/site-packages/airflow/example_dags/example_setup_teardown_taskflow.py
[2023-07-28T20:11:05.839-0500] {processor.py:838} WARNING - No viable dags retrieved from /home/joha/anaconda3/lib/python3.10/site-packages/airflow/example_dags/example_setup_teardown_taskflow.py
[2023-07-28T20:11:05.854-0500] {processor.py:179} INFO - Processing /home/joha/anaconda3/lib/python3.10/site-packages/airflow/example_dags/example_setup_teardown_taskflow.py took 0.032 seconds
[2023-07-28T20:12:02.132-0500] {processor.py:157} INFO - Started process (PID=65520) to work on /home/joha/anaconda3/lib/python3.10/site-packages/airflow/example_dags/example_setup_teardown_taskflow.py
[2023-07-28T20:12:02.141-0500] {processor.py:826} INFO - Processing file /home/joha/anaconda3/lib/python3.10/site-packages/airflow/example_dags/example_setup_teardown_taskflow.py for tasks to queue
[2023-07-28T20:12:02.143-0500] {logging_mixin.py:150} INFO - [2023-07-28T20:12:02.142-0500] {dagbag.py:541} INFO - Filling up the DagBag from /home/joha/anaconda3/lib/python3.10/site-packages/airflow/example_dags/example_setup_teardown_taskflow.py
[2023-07-28T20:12:02.147-0500] {processor.py:838} WARNING - No viable dags retrieved from /home/joha/anaconda3/lib/python3.10/site-packages/airflow/example_dags/example_setup_teardown_taskflow.py
[2023-07-28T20:12:02.163-0500] {processor.py:179} INFO - Processing /home/joha/anaconda3/lib/python3.10/site-packages/airflow/example_dags/example_setup_teardown_taskflow.py took 0.038 seconds
[2023-07-28T20:12:59.964-0500] {processor.py:157} INFO - Started process (PID=65593) to work on /home/joha/anaconda3/lib/python3.10/site-packages/airflow/example_dags/example_setup_teardown_taskflow.py
[2023-07-28T20:12:59.971-0500] {processor.py:826} INFO - Processing file /home/joha/anaconda3/lib/python3.10/site-packages/airflow/example_dags/example_setup_teardown_taskflow.py for tasks to queue
[2023-07-28T20:12:59.972-0500] {logging_mixin.py:150} INFO - [2023-07-28T20:12:59.971-0500] {dagbag.py:541} INFO - Filling up the DagBag from /home/joha/anaconda3/lib/python3.10/site-packages/airflow/example_dags/example_setup_teardown_taskflow.py
[2023-07-28T20:12:59.974-0500] {processor.py:838} WARNING - No viable dags retrieved from /home/joha/anaconda3/lib/python3.10/site-packages/airflow/example_dags/example_setup_teardown_taskflow.py
[2023-07-28T20:12:59.983-0500] {processor.py:179} INFO - Processing /home/joha/anaconda3/lib/python3.10/site-packages/airflow/example_dags/example_setup_teardown_taskflow.py took 0.022 seconds
[2023-07-28T20:13:55.120-0500] {processor.py:157} INFO - Started process (PID=65654) to work on /home/joha/anaconda3/lib/python3.10/site-packages/airflow/example_dags/example_setup_teardown_taskflow.py
[2023-07-28T20:13:55.127-0500] {processor.py:826} INFO - Processing file /home/joha/anaconda3/lib/python3.10/site-packages/airflow/example_dags/example_setup_teardown_taskflow.py for tasks to queue
[2023-07-28T20:13:55.128-0500] {logging_mixin.py:150} INFO - [2023-07-28T20:13:55.128-0500] {dagbag.py:541} INFO - Filling up the DagBag from /home/joha/anaconda3/lib/python3.10/site-packages/airflow/example_dags/example_setup_teardown_taskflow.py
[2023-07-28T20:13:55.130-0500] {processor.py:838} WARNING - No viable dags retrieved from /home/joha/anaconda3/lib/python3.10/site-packages/airflow/example_dags/example_setup_teardown_taskflow.py
[2023-07-28T20:13:55.139-0500] {processor.py:179} INFO - Processing /home/joha/anaconda3/lib/python3.10/site-packages/airflow/example_dags/example_setup_teardown_taskflow.py took 0.023 seconds
[2023-07-28T20:14:51.866-0500] {processor.py:157} INFO - Started process (PID=65717) to work on /home/joha/anaconda3/lib/python3.10/site-packages/airflow/example_dags/example_setup_teardown_taskflow.py
[2023-07-28T20:14:51.875-0500] {processor.py:826} INFO - Processing file /home/joha/anaconda3/lib/python3.10/site-packages/airflow/example_dags/example_setup_teardown_taskflow.py for tasks to queue
[2023-07-28T20:14:51.878-0500] {logging_mixin.py:150} INFO - [2023-07-28T20:14:51.876-0500] {dagbag.py:541} INFO - Filling up the DagBag from /home/joha/anaconda3/lib/python3.10/site-packages/airflow/example_dags/example_setup_teardown_taskflow.py
[2023-07-28T20:14:51.884-0500] {processor.py:838} WARNING - No viable dags retrieved from /home/joha/anaconda3/lib/python3.10/site-packages/airflow/example_dags/example_setup_teardown_taskflow.py
[2023-07-28T20:14:51.905-0500] {processor.py:179} INFO - Processing /home/joha/anaconda3/lib/python3.10/site-packages/airflow/example_dags/example_setup_teardown_taskflow.py took 0.044 seconds
[2023-07-28T20:15:41.501-0500] {processor.py:157} INFO - Started process (PID=65777) to work on /home/joha/anaconda3/lib/python3.10/site-packages/airflow/example_dags/example_setup_teardown_taskflow.py
[2023-07-28T20:15:41.509-0500] {processor.py:826} INFO - Processing file /home/joha/anaconda3/lib/python3.10/site-packages/airflow/example_dags/example_setup_teardown_taskflow.py for tasks to queue
[2023-07-28T20:15:41.510-0500] {logging_mixin.py:150} INFO - [2023-07-28T20:15:41.509-0500] {dagbag.py:541} INFO - Filling up the DagBag from /home/joha/anaconda3/lib/python3.10/site-packages/airflow/example_dags/example_setup_teardown_taskflow.py
[2023-07-28T20:15:41.512-0500] {processor.py:838} WARNING - No viable dags retrieved from /home/joha/anaconda3/lib/python3.10/site-packages/airflow/example_dags/example_setup_teardown_taskflow.py
[2023-07-28T20:15:41.521-0500] {processor.py:179} INFO - Processing /home/joha/anaconda3/lib/python3.10/site-packages/airflow/example_dags/example_setup_teardown_taskflow.py took 0.023 seconds
[2023-07-28T20:16:35.594-0500] {processor.py:157} INFO - Started process (PID=65838) to work on /home/joha/anaconda3/lib/python3.10/site-packages/airflow/example_dags/example_setup_teardown_taskflow.py
[2023-07-28T20:16:35.603-0500] {processor.py:826} INFO - Processing file /home/joha/anaconda3/lib/python3.10/site-packages/airflow/example_dags/example_setup_teardown_taskflow.py for tasks to queue
[2023-07-28T20:16:35.605-0500] {logging_mixin.py:150} INFO - [2023-07-28T20:16:35.604-0500] {dagbag.py:541} INFO - Filling up the DagBag from /home/joha/anaconda3/lib/python3.10/site-packages/airflow/example_dags/example_setup_teardown_taskflow.py
[2023-07-28T20:16:35.609-0500] {processor.py:838} WARNING - No viable dags retrieved from /home/joha/anaconda3/lib/python3.10/site-packages/airflow/example_dags/example_setup_teardown_taskflow.py
[2023-07-28T20:16:35.626-0500] {processor.py:179} INFO - Processing /home/joha/anaconda3/lib/python3.10/site-packages/airflow/example_dags/example_setup_teardown_taskflow.py took 0.038 seconds
[2023-07-28T20:17:32.429-0500] {processor.py:157} INFO - Started process (PID=65903) to work on /home/joha/anaconda3/lib/python3.10/site-packages/airflow/example_dags/example_setup_teardown_taskflow.py
[2023-07-28T20:17:32.437-0500] {processor.py:826} INFO - Processing file /home/joha/anaconda3/lib/python3.10/site-packages/airflow/example_dags/example_setup_teardown_taskflow.py for tasks to queue
[2023-07-28T20:17:32.439-0500] {logging_mixin.py:150} INFO - [2023-07-28T20:17:32.438-0500] {dagbag.py:541} INFO - Filling up the DagBag from /home/joha/anaconda3/lib/python3.10/site-packages/airflow/example_dags/example_setup_teardown_taskflow.py
[2023-07-28T20:17:32.443-0500] {processor.py:838} WARNING - No viable dags retrieved from /home/joha/anaconda3/lib/python3.10/site-packages/airflow/example_dags/example_setup_teardown_taskflow.py
[2023-07-28T20:17:32.461-0500] {processor.py:179} INFO - Processing /home/joha/anaconda3/lib/python3.10/site-packages/airflow/example_dags/example_setup_teardown_taskflow.py took 0.038 seconds
[2023-07-28T20:18:25.452-0500] {processor.py:157} INFO - Started process (PID=65963) to work on /home/joha/anaconda3/lib/python3.10/site-packages/airflow/example_dags/example_setup_teardown_taskflow.py
[2023-07-28T20:18:25.460-0500] {processor.py:826} INFO - Processing file /home/joha/anaconda3/lib/python3.10/site-packages/airflow/example_dags/example_setup_teardown_taskflow.py for tasks to queue
[2023-07-28T20:18:25.461-0500] {logging_mixin.py:150} INFO - [2023-07-28T20:18:25.460-0500] {dagbag.py:541} INFO - Filling up the DagBag from /home/joha/anaconda3/lib/python3.10/site-packages/airflow/example_dags/example_setup_teardown_taskflow.py
[2023-07-28T20:18:25.463-0500] {processor.py:838} WARNING - No viable dags retrieved from /home/joha/anaconda3/lib/python3.10/site-packages/airflow/example_dags/example_setup_teardown_taskflow.py
[2023-07-28T20:18:25.472-0500] {processor.py:179} INFO - Processing /home/joha/anaconda3/lib/python3.10/site-packages/airflow/example_dags/example_setup_teardown_taskflow.py took 0.024 seconds
[2023-07-28T20:19:16.409-0500] {processor.py:157} INFO - Started process (PID=66021) to work on /home/joha/anaconda3/lib/python3.10/site-packages/airflow/example_dags/example_setup_teardown_taskflow.py
[2023-07-28T20:19:16.417-0500] {processor.py:826} INFO - Processing file /home/joha/anaconda3/lib/python3.10/site-packages/airflow/example_dags/example_setup_teardown_taskflow.py for tasks to queue
[2023-07-28T20:19:16.418-0500] {logging_mixin.py:150} INFO - [2023-07-28T20:19:16.418-0500] {dagbag.py:541} INFO - Filling up the DagBag from /home/joha/anaconda3/lib/python3.10/site-packages/airflow/example_dags/example_setup_teardown_taskflow.py
[2023-07-28T20:19:16.422-0500] {processor.py:838} WARNING - No viable dags retrieved from /home/joha/anaconda3/lib/python3.10/site-packages/airflow/example_dags/example_setup_teardown_taskflow.py
[2023-07-28T20:19:16.436-0500] {processor.py:179} INFO - Processing /home/joha/anaconda3/lib/python3.10/site-packages/airflow/example_dags/example_setup_teardown_taskflow.py took 0.032 seconds
[2023-07-28T20:20:19.203-0500] {processor.py:157} INFO - Started process (PID=66088) to work on /home/joha/anaconda3/lib/python3.10/site-packages/airflow/example_dags/example_setup_teardown_taskflow.py
[2023-07-28T20:20:19.212-0500] {processor.py:826} INFO - Processing file /home/joha/anaconda3/lib/python3.10/site-packages/airflow/example_dags/example_setup_teardown_taskflow.py for tasks to queue
[2023-07-28T20:20:19.214-0500] {logging_mixin.py:150} INFO - [2023-07-28T20:20:19.213-0500] {dagbag.py:541} INFO - Filling up the DagBag from /home/joha/anaconda3/lib/python3.10/site-packages/airflow/example_dags/example_setup_teardown_taskflow.py
[2023-07-28T20:20:19.218-0500] {processor.py:838} WARNING - No viable dags retrieved from /home/joha/anaconda3/lib/python3.10/site-packages/airflow/example_dags/example_setup_teardown_taskflow.py
[2023-07-28T20:20:19.236-0500] {processor.py:179} INFO - Processing /home/joha/anaconda3/lib/python3.10/site-packages/airflow/example_dags/example_setup_teardown_taskflow.py took 0.038 seconds
[2023-07-28T20:21:10.865-0500] {processor.py:157} INFO - Started process (PID=66148) to work on /home/joha/anaconda3/lib/python3.10/site-packages/airflow/example_dags/example_setup_teardown_taskflow.py
[2023-07-28T20:21:10.873-0500] {processor.py:826} INFO - Processing file /home/joha/anaconda3/lib/python3.10/site-packages/airflow/example_dags/example_setup_teardown_taskflow.py for tasks to queue
[2023-07-28T20:21:10.875-0500] {logging_mixin.py:150} INFO - [2023-07-28T20:21:10.874-0500] {dagbag.py:541} INFO - Filling up the DagBag from /home/joha/anaconda3/lib/python3.10/site-packages/airflow/example_dags/example_setup_teardown_taskflow.py
[2023-07-28T20:21:10.881-0500] {processor.py:838} WARNING - No viable dags retrieved from /home/joha/anaconda3/lib/python3.10/site-packages/airflow/example_dags/example_setup_teardown_taskflow.py
[2023-07-28T20:21:10.896-0500] {processor.py:179} INFO - Processing /home/joha/anaconda3/lib/python3.10/site-packages/airflow/example_dags/example_setup_teardown_taskflow.py took 0.035 seconds
[2023-07-28T20:21:57.845-0500] {processor.py:157} INFO - Started process (PID=66203) to work on /home/joha/anaconda3/lib/python3.10/site-packages/airflow/example_dags/example_setup_teardown_taskflow.py
[2023-07-28T20:21:57.852-0500] {processor.py:826} INFO - Processing file /home/joha/anaconda3/lib/python3.10/site-packages/airflow/example_dags/example_setup_teardown_taskflow.py for tasks to queue
[2023-07-28T20:21:57.853-0500] {logging_mixin.py:150} INFO - [2023-07-28T20:21:57.853-0500] {dagbag.py:541} INFO - Filling up the DagBag from /home/joha/anaconda3/lib/python3.10/site-packages/airflow/example_dags/example_setup_teardown_taskflow.py
[2023-07-28T20:21:57.855-0500] {processor.py:838} WARNING - No viable dags retrieved from /home/joha/anaconda3/lib/python3.10/site-packages/airflow/example_dags/example_setup_teardown_taskflow.py
[2023-07-28T20:21:57.864-0500] {processor.py:179} INFO - Processing /home/joha/anaconda3/lib/python3.10/site-packages/airflow/example_dags/example_setup_teardown_taskflow.py took 0.023 seconds
[2023-07-28T20:22:51.587-0500] {processor.py:157} INFO - Started process (PID=66264) to work on /home/joha/anaconda3/lib/python3.10/site-packages/airflow/example_dags/example_setup_teardown_taskflow.py
[2023-07-28T20:22:51.595-0500] {processor.py:826} INFO - Processing file /home/joha/anaconda3/lib/python3.10/site-packages/airflow/example_dags/example_setup_teardown_taskflow.py for tasks to queue
[2023-07-28T20:22:51.597-0500] {logging_mixin.py:150} INFO - [2023-07-28T20:22:51.596-0500] {dagbag.py:541} INFO - Filling up the DagBag from /home/joha/anaconda3/lib/python3.10/site-packages/airflow/example_dags/example_setup_teardown_taskflow.py
[2023-07-28T20:22:51.600-0500] {processor.py:838} WARNING - No viable dags retrieved from /home/joha/anaconda3/lib/python3.10/site-packages/airflow/example_dags/example_setup_teardown_taskflow.py
[2023-07-28T20:22:51.615-0500] {processor.py:179} INFO - Processing /home/joha/anaconda3/lib/python3.10/site-packages/airflow/example_dags/example_setup_teardown_taskflow.py took 0.033 seconds
[2023-07-28T20:23:49.253-0500] {processor.py:157} INFO - Started process (PID=66325) to work on /home/joha/anaconda3/lib/python3.10/site-packages/airflow/example_dags/example_setup_teardown_taskflow.py
[2023-07-28T20:23:49.261-0500] {processor.py:826} INFO - Processing file /home/joha/anaconda3/lib/python3.10/site-packages/airflow/example_dags/example_setup_teardown_taskflow.py for tasks to queue
[2023-07-28T20:23:49.263-0500] {logging_mixin.py:150} INFO - [2023-07-28T20:23:49.263-0500] {dagbag.py:541} INFO - Filling up the DagBag from /home/joha/anaconda3/lib/python3.10/site-packages/airflow/example_dags/example_setup_teardown_taskflow.py
[2023-07-28T20:23:49.266-0500] {processor.py:838} WARNING - No viable dags retrieved from /home/joha/anaconda3/lib/python3.10/site-packages/airflow/example_dags/example_setup_teardown_taskflow.py
[2023-07-28T20:23:49.281-0500] {processor.py:179} INFO - Processing /home/joha/anaconda3/lib/python3.10/site-packages/airflow/example_dags/example_setup_teardown_taskflow.py took 0.033 seconds
[2023-07-28T20:24:46.481-0500] {processor.py:157} INFO - Started process (PID=66389) to work on /home/joha/anaconda3/lib/python3.10/site-packages/airflow/example_dags/example_setup_teardown_taskflow.py
[2023-07-28T20:24:46.495-0500] {processor.py:826} INFO - Processing file /home/joha/anaconda3/lib/python3.10/site-packages/airflow/example_dags/example_setup_teardown_taskflow.py for tasks to queue
[2023-07-28T20:24:46.498-0500] {logging_mixin.py:150} INFO - [2023-07-28T20:24:46.496-0500] {dagbag.py:541} INFO - Filling up the DagBag from /home/joha/anaconda3/lib/python3.10/site-packages/airflow/example_dags/example_setup_teardown_taskflow.py
[2023-07-28T20:24:46.504-0500] {processor.py:838} WARNING - No viable dags retrieved from /home/joha/anaconda3/lib/python3.10/site-packages/airflow/example_dags/example_setup_teardown_taskflow.py
[2023-07-28T20:24:46.524-0500] {processor.py:179} INFO - Processing /home/joha/anaconda3/lib/python3.10/site-packages/airflow/example_dags/example_setup_teardown_taskflow.py took 0.046 seconds
[2023-07-28T20:25:38.689-0500] {processor.py:157} INFO - Started process (PID=66452) to work on /home/joha/anaconda3/lib/python3.10/site-packages/airflow/example_dags/example_setup_teardown_taskflow.py
[2023-07-28T20:25:38.697-0500] {processor.py:826} INFO - Processing file /home/joha/anaconda3/lib/python3.10/site-packages/airflow/example_dags/example_setup_teardown_taskflow.py for tasks to queue
[2023-07-28T20:25:38.699-0500] {logging_mixin.py:150} INFO - [2023-07-28T20:25:38.698-0500] {dagbag.py:541} INFO - Filling up the DagBag from /home/joha/anaconda3/lib/python3.10/site-packages/airflow/example_dags/example_setup_teardown_taskflow.py
[2023-07-28T20:25:38.702-0500] {processor.py:838} WARNING - No viable dags retrieved from /home/joha/anaconda3/lib/python3.10/site-packages/airflow/example_dags/example_setup_teardown_taskflow.py
[2023-07-28T20:25:38.718-0500] {processor.py:179} INFO - Processing /home/joha/anaconda3/lib/python3.10/site-packages/airflow/example_dags/example_setup_teardown_taskflow.py took 0.034 seconds
[2023-07-28T20:26:28.410-0500] {processor.py:157} INFO - Started process (PID=66510) to work on /home/joha/anaconda3/lib/python3.10/site-packages/airflow/example_dags/example_setup_teardown_taskflow.py
[2023-07-28T20:26:28.417-0500] {processor.py:826} INFO - Processing file /home/joha/anaconda3/lib/python3.10/site-packages/airflow/example_dags/example_setup_teardown_taskflow.py for tasks to queue
[2023-07-28T20:26:28.418-0500] {logging_mixin.py:150} INFO - [2023-07-28T20:26:28.418-0500] {dagbag.py:541} INFO - Filling up the DagBag from /home/joha/anaconda3/lib/python3.10/site-packages/airflow/example_dags/example_setup_teardown_taskflow.py
[2023-07-28T20:26:28.420-0500] {processor.py:838} WARNING - No viable dags retrieved from /home/joha/anaconda3/lib/python3.10/site-packages/airflow/example_dags/example_setup_teardown_taskflow.py
[2023-07-28T20:26:28.430-0500] {processor.py:179} INFO - Processing /home/joha/anaconda3/lib/python3.10/site-packages/airflow/example_dags/example_setup_teardown_taskflow.py took 0.024 seconds
[2023-07-28T20:27:20.760-0500] {processor.py:157} INFO - Started process (PID=66571) to work on /home/joha/anaconda3/lib/python3.10/site-packages/airflow/example_dags/example_setup_teardown_taskflow.py
[2023-07-28T20:27:20.768-0500] {processor.py:826} INFO - Processing file /home/joha/anaconda3/lib/python3.10/site-packages/airflow/example_dags/example_setup_teardown_taskflow.py for tasks to queue
[2023-07-28T20:27:20.769-0500] {logging_mixin.py:150} INFO - [2023-07-28T20:27:20.769-0500] {dagbag.py:541} INFO - Filling up the DagBag from /home/joha/anaconda3/lib/python3.10/site-packages/airflow/example_dags/example_setup_teardown_taskflow.py
[2023-07-28T20:27:20.773-0500] {processor.py:838} WARNING - No viable dags retrieved from /home/joha/anaconda3/lib/python3.10/site-packages/airflow/example_dags/example_setup_teardown_taskflow.py
[2023-07-28T20:27:20.787-0500] {processor.py:179} INFO - Processing /home/joha/anaconda3/lib/python3.10/site-packages/airflow/example_dags/example_setup_teardown_taskflow.py took 0.032 seconds
